[2021-04-14 13:28:25,286] {taskinstance.py:851} INFO - Dependencies all met for <TaskInstance: example_bash_operator.also_run_this 2021-04-13T00:00:00+00:00 [queued]>
[2021-04-14 13:28:25,392] {taskinstance.py:851} INFO - Dependencies all met for <TaskInstance: example_bash_operator.also_run_this 2021-04-13T00:00:00+00:00 [queued]>
[2021-04-14 13:28:25,400] {taskinstance.py:1042} INFO - 
--------------------------------------------------------------------------------
[2021-04-14 13:28:25,402] {taskinstance.py:1043} INFO - Starting attempt 1 of 1
[2021-04-14 13:28:25,407] {taskinstance.py:1044} INFO - 
--------------------------------------------------------------------------------
[2021-04-14 13:28:25,514] {taskinstance.py:1063} INFO - Executing <Task(BashOperator): also_run_this> on 2021-04-13T00:00:00+00:00
[2021-04-14 13:28:25,524] {standard_task_runner.py:52} INFO - Started process 63 to run task
[2021-04-14 13:28:25,634] {standard_task_runner.py:76} INFO - Running: ['airflow', 'tasks', 'run', 'example_bash_operator', 'also_run_this', '2021-04-13T00:00:00+00:00', '--job-id', '27', '--pool', 'default_pool', '--raw', '--subdir', '/home/airflow/.local/lib/python3.6/site-packages/airflow/example_dags/example_bash_operator.py', '--cfg-path', '/tmp/tmpwzmxap2u', '--error-file', '/tmp/tmpkp_poyeh']
[2021-04-14 13:28:25,691] {standard_task_runner.py:77} INFO - Job 27: Subtask also_run_this
[2021-04-14 13:28:26,765] {logging_mixin.py:104} INFO - Running <TaskInstance: example_bash_operator.also_run_this 2021-04-13T00:00:00+00:00 [running]> on host 33dac7d1aa5e
[2021-04-14 13:28:27,641] {taskinstance.py:1257} INFO - Exporting the following env vars:
AIRFLOW_CTX_DAG_OWNER=airflow
AIRFLOW_CTX_DAG_ID=example_bash_operator
AIRFLOW_CTX_TASK_ID=also_run_this
AIRFLOW_CTX_EXECUTION_DATE=2021-04-13T00:00:00+00:00
AIRFLOW_CTX_DAG_RUN_ID=scheduled__2021-04-13T00:00:00+00:00
[2021-04-14 13:28:27,674] {bash.py:135} INFO - Tmp dir root location: 
 /tmp
[2021-04-14 13:28:27,753] {bash.py:158} INFO - Running command: echo "run_id=scheduled__2021-04-13T00:00:00+00:00 | dag_run=<DagRun example_bash_operator @ 2021-04-13 00:00:00+00:00: scheduled__2021-04-13T00:00:00+00:00, externally triggered: False>"
[2021-04-14 13:28:28,075] {bash.py:169} INFO - Output:
[2021-04-14 13:28:28,152] {bash.py:173} INFO - run_id=scheduled__2021-04-13T00:00:00+00:00 | dag_run=<DagRun example_bash_operator @ 2021-04-13 00:00:00+00:00: scheduled__2021-04-13T00:00:00+00:00, externally triggered: False>
[2021-04-14 13:28:28,167] {bash.py:177} INFO - Command exited with return code 0
[2021-04-14 13:28:28,616] {taskinstance.py:1166} INFO - Marking task as SUCCESS. dag_id=example_bash_operator, task_id=also_run_this, execution_date=20210413T000000, start_date=20210414T132825, end_date=20210414T132828
[2021-04-14 13:28:29,240] {taskinstance.py:1220} INFO - 0 downstream tasks scheduled from follow-on schedule check
[2021-04-14 13:28:29,334] {local_task_job.py:146} INFO - Task exited with return code 0
