[2021-04-14 13:28:27,781] {taskinstance.py:851} INFO - Dependencies all met for <TaskInstance: example_bash_operator.also_run_this 2021-04-12T00:00:00+00:00 [queued]>
[2021-04-14 13:28:28,005] {taskinstance.py:851} INFO - Dependencies all met for <TaskInstance: example_bash_operator.also_run_this 2021-04-12T00:00:00+00:00 [queued]>
[2021-04-14 13:28:28,042] {taskinstance.py:1042} INFO - 
--------------------------------------------------------------------------------
[2021-04-14 13:28:28,058] {taskinstance.py:1043} INFO - Starting attempt 1 of 1
[2021-04-14 13:28:28,083] {taskinstance.py:1044} INFO - 
--------------------------------------------------------------------------------
[2021-04-14 13:28:28,376] {taskinstance.py:1063} INFO - Executing <Task(BashOperator): also_run_this> on 2021-04-12T00:00:00+00:00
[2021-04-14 13:28:28,414] {standard_task_runner.py:52} INFO - Started process 77 to run task
[2021-04-14 13:28:28,596] {standard_task_runner.py:76} INFO - Running: ['airflow', 'tasks', 'run', 'example_bash_operator', 'also_run_this', '2021-04-12T00:00:00+00:00', '--job-id', '35', '--pool', 'default_pool', '--raw', '--subdir', '/home/airflow/.local/lib/python3.6/site-packages/airflow/example_dags/example_bash_operator.py', '--cfg-path', '/tmp/tmpc9httc5w', '--error-file', '/tmp/tmpoeeauk1m']
[2021-04-14 13:28:28,609] {standard_task_runner.py:77} INFO - Job 35: Subtask also_run_this
[2021-04-14 13:28:29,637] {logging_mixin.py:104} INFO - Running <TaskInstance: example_bash_operator.also_run_this 2021-04-12T00:00:00+00:00 [running]> on host 33dac7d1aa5e
[2021-04-14 13:28:30,337] {taskinstance.py:1257} INFO - Exporting the following env vars:
AIRFLOW_CTX_DAG_OWNER=airflow
AIRFLOW_CTX_DAG_ID=example_bash_operator
AIRFLOW_CTX_TASK_ID=also_run_this
AIRFLOW_CTX_EXECUTION_DATE=2021-04-12T00:00:00+00:00
AIRFLOW_CTX_DAG_RUN_ID=scheduled__2021-04-12T00:00:00+00:00
[2021-04-14 13:28:30,362] {bash.py:135} INFO - Tmp dir root location: 
 /tmp
[2021-04-14 13:28:30,377] {bash.py:158} INFO - Running command: echo "run_id=scheduled__2021-04-12T00:00:00+00:00 | dag_run=<DagRun example_bash_operator @ 2021-04-12 00:00:00+00:00: scheduled__2021-04-12T00:00:00+00:00, externally triggered: False>"
[2021-04-14 13:28:30,467] {bash.py:169} INFO - Output:
[2021-04-14 13:28:30,485] {bash.py:173} INFO - run_id=scheduled__2021-04-12T00:00:00+00:00 | dag_run=<DagRun example_bash_operator @ 2021-04-12 00:00:00+00:00: scheduled__2021-04-12T00:00:00+00:00, externally triggered: False>
[2021-04-14 13:28:30,504] {bash.py:177} INFO - Command exited with return code 0
[2021-04-14 13:28:30,741] {taskinstance.py:1166} INFO - Marking task as SUCCESS. dag_id=example_bash_operator, task_id=also_run_this, execution_date=20210412T000000, start_date=20210414T132827, end_date=20210414T132830
[2021-04-14 13:28:31,001] {taskinstance.py:1220} INFO - 0 downstream tasks scheduled from follow-on schedule check
[2021-04-14 13:28:31,083] {local_task_job.py:146} INFO - Task exited with return code 0
