[2021-04-14 13:28:27,603] {taskinstance.py:851} INFO - Dependencies all met for <TaskInstance: example_bash_operator.runme_1 2021-04-12T00:00:00+00:00 [queued]>
[2021-04-14 13:28:27,974] {taskinstance.py:851} INFO - Dependencies all met for <TaskInstance: example_bash_operator.runme_1 2021-04-12T00:00:00+00:00 [queued]>
[2021-04-14 13:28:27,987] {taskinstance.py:1042} INFO - 
--------------------------------------------------------------------------------
[2021-04-14 13:28:28,006] {taskinstance.py:1043} INFO - Starting attempt 1 of 1
[2021-04-14 13:28:28,008] {taskinstance.py:1044} INFO - 
--------------------------------------------------------------------------------
[2021-04-14 13:28:28,185] {taskinstance.py:1063} INFO - Executing <Task(BashOperator): runme_1> on 2021-04-12T00:00:00+00:00
[2021-04-14 13:28:28,231] {standard_task_runner.py:76} INFO - Running: ['airflow', 'tasks', 'run', 'example_bash_operator', 'runme_1', '2021-04-12T00:00:00+00:00', '--job-id', '33', '--pool', 'default_pool', '--raw', '--subdir', '/home/airflow/.local/lib/python3.6/site-packages/airflow/example_dags/example_bash_operator.py', '--cfg-path', '/tmp/tmpmkmxlkqi', '--error-file', '/tmp/tmpobwp0vd9']
[2021-04-14 13:28:28,264] {standard_task_runner.py:77} INFO - Job 33: Subtask runme_1
[2021-04-14 13:28:28,238] {standard_task_runner.py:52} INFO - Started process 76 to run task
[2021-04-14 13:28:29,172] {logging_mixin.py:104} INFO - Running <TaskInstance: example_bash_operator.runme_1 2021-04-12T00:00:00+00:00 [running]> on host 33dac7d1aa5e
[2021-04-14 13:28:30,097] {taskinstance.py:1257} INFO - Exporting the following env vars:
AIRFLOW_CTX_DAG_OWNER=airflow
AIRFLOW_CTX_DAG_ID=example_bash_operator
AIRFLOW_CTX_TASK_ID=runme_1
AIRFLOW_CTX_EXECUTION_DATE=2021-04-12T00:00:00+00:00
AIRFLOW_CTX_DAG_RUN_ID=scheduled__2021-04-12T00:00:00+00:00
[2021-04-14 13:28:30,102] {bash.py:135} INFO - Tmp dir root location: 
 /tmp
[2021-04-14 13:28:30,118] {bash.py:158} INFO - Running command: echo "example_bash_operator__runme_1__20210412" && sleep 1
[2021-04-14 13:28:30,184] {bash.py:169} INFO - Output:
[2021-04-14 13:28:30,186] {bash.py:173} INFO - example_bash_operator__runme_1__20210412
[2021-04-14 13:28:31,190] {bash.py:177} INFO - Command exited with return code 0
[2021-04-14 13:28:31,415] {taskinstance.py:1166} INFO - Marking task as SUCCESS. dag_id=example_bash_operator, task_id=runme_1, execution_date=20210412T000000, start_date=20210414T132827, end_date=20210414T132831
[2021-04-14 13:28:31,679] {taskinstance.py:1220} INFO - 1 downstream tasks scheduled from follow-on schedule check
[2021-04-14 13:28:31,719] {local_task_job.py:146} INFO - Task exited with return code 0
