[2021-04-14 13:27:52,472] {scheduler_job.py:182} INFO - Started process (PID=64) to work on /home/airflow/.local/lib/python3.6/site-packages/airflow/example_dags/example_kubernetes_executor_config.py
[2021-04-14 13:27:52,474] {scheduler_job.py:629} INFO - Processing file /home/airflow/.local/lib/python3.6/site-packages/airflow/example_dags/example_kubernetes_executor_config.py for tasks to queue
[2021-04-14 13:27:52,476] {logging_mixin.py:104} INFO - [2021-04-14 13:27:52,476] {dagbag.py:448} INFO - Filling up the DagBag from /home/airflow/.local/lib/python3.6/site-packages/airflow/example_dags/example_kubernetes_executor_config.py
[2021-04-14 13:27:52,504] {scheduler_job.py:639} INFO - DAG(s) dict_keys(['example_kubernetes_executor_config']) retrieved from /home/airflow/.local/lib/python3.6/site-packages/airflow/example_dags/example_kubernetes_executor_config.py
[2021-04-14 13:27:52,550] {logging_mixin.py:104} INFO - [2021-04-14 13:27:52,549] {dag.py:1818} INFO - Sync 1 DAGs
[2021-04-14 13:27:52,584] {logging_mixin.py:104} INFO - [2021-04-14 13:27:52,584] {dag.py:2273} INFO - Setting next_dagrun for example_kubernetes_executor_config to None
[2021-04-14 13:27:52,613] {scheduler_job.py:190} INFO - Processing /home/airflow/.local/lib/python3.6/site-packages/airflow/example_dags/example_kubernetes_executor_config.py took 0.150 seconds
[2021-04-14 13:28:26,455] {scheduler_job.py:182} INFO - Started process (PID=102) to work on /home/airflow/.local/lib/python3.6/site-packages/airflow/example_dags/example_kubernetes_executor_config.py
[2021-04-14 13:28:26,469] {scheduler_job.py:629} INFO - Processing file /home/airflow/.local/lib/python3.6/site-packages/airflow/example_dags/example_kubernetes_executor_config.py for tasks to queue
[2021-04-14 13:28:26,473] {logging_mixin.py:104} INFO - [2021-04-14 13:28:26,473] {dagbag.py:448} INFO - Filling up the DagBag from /home/airflow/.local/lib/python3.6/site-packages/airflow/example_dags/example_kubernetes_executor_config.py
[2021-04-14 13:28:26,551] {scheduler_job.py:639} INFO - DAG(s) dict_keys(['example_kubernetes_executor_config']) retrieved from /home/airflow/.local/lib/python3.6/site-packages/airflow/example_dags/example_kubernetes_executor_config.py
[2021-04-14 13:28:26,706] {logging_mixin.py:104} INFO - [2021-04-14 13:28:26,706] {dag.py:1818} INFO - Sync 1 DAGs
[2021-04-14 13:28:26,815] {logging_mixin.py:104} INFO - [2021-04-14 13:28:26,815] {dag.py:2273} INFO - Setting next_dagrun for example_kubernetes_executor_config to None
[2021-04-14 13:28:27,043] {scheduler_job.py:190} INFO - Processing /home/airflow/.local/lib/python3.6/site-packages/airflow/example_dags/example_kubernetes_executor_config.py took 0.613 seconds
[2021-04-14 13:28:57,845] {scheduler_job.py:182} INFO - Started process (PID=133) to work on /home/airflow/.local/lib/python3.6/site-packages/airflow/example_dags/example_kubernetes_executor_config.py
[2021-04-14 13:28:57,846] {scheduler_job.py:629} INFO - Processing file /home/airflow/.local/lib/python3.6/site-packages/airflow/example_dags/example_kubernetes_executor_config.py for tasks to queue
[2021-04-14 13:28:57,847] {logging_mixin.py:104} INFO - [2021-04-14 13:28:57,847] {dagbag.py:448} INFO - Filling up the DagBag from /home/airflow/.local/lib/python3.6/site-packages/airflow/example_dags/example_kubernetes_executor_config.py
[2021-04-14 13:28:57,859] {scheduler_job.py:639} INFO - DAG(s) dict_keys(['example_kubernetes_executor_config']) retrieved from /home/airflow/.local/lib/python3.6/site-packages/airflow/example_dags/example_kubernetes_executor_config.py
[2021-04-14 13:28:57,881] {logging_mixin.py:104} INFO - [2021-04-14 13:28:57,881] {dag.py:1818} INFO - Sync 1 DAGs
[2021-04-14 13:28:57,896] {logging_mixin.py:104} INFO - [2021-04-14 13:28:57,896] {dag.py:2273} INFO - Setting next_dagrun for example_kubernetes_executor_config to None
[2021-04-14 13:28:57,907] {scheduler_job.py:190} INFO - Processing /home/airflow/.local/lib/python3.6/site-packages/airflow/example_dags/example_kubernetes_executor_config.py took 0.065 seconds
[2021-04-14 13:29:28,006] {scheduler_job.py:182} INFO - Started process (PID=159) to work on /home/airflow/.local/lib/python3.6/site-packages/airflow/example_dags/example_kubernetes_executor_config.py
[2021-04-14 13:29:28,007] {scheduler_job.py:629} INFO - Processing file /home/airflow/.local/lib/python3.6/site-packages/airflow/example_dags/example_kubernetes_executor_config.py for tasks to queue
[2021-04-14 13:29:28,008] {logging_mixin.py:104} INFO - [2021-04-14 13:29:28,008] {dagbag.py:448} INFO - Filling up the DagBag from /home/airflow/.local/lib/python3.6/site-packages/airflow/example_dags/example_kubernetes_executor_config.py
[2021-04-14 13:29:28,022] {scheduler_job.py:639} INFO - DAG(s) dict_keys(['example_kubernetes_executor_config']) retrieved from /home/airflow/.local/lib/python3.6/site-packages/airflow/example_dags/example_kubernetes_executor_config.py
[2021-04-14 13:29:28,044] {logging_mixin.py:104} INFO - [2021-04-14 13:29:28,044] {dag.py:1818} INFO - Sync 1 DAGs
[2021-04-14 13:29:28,060] {logging_mixin.py:104} INFO - [2021-04-14 13:29:28,060] {dag.py:2273} INFO - Setting next_dagrun for example_kubernetes_executor_config to None
[2021-04-14 13:29:28,070] {scheduler_job.py:190} INFO - Processing /home/airflow/.local/lib/python3.6/site-packages/airflow/example_dags/example_kubernetes_executor_config.py took 0.068 seconds
[2021-04-14 13:29:58,136] {scheduler_job.py:182} INFO - Started process (PID=185) to work on /home/airflow/.local/lib/python3.6/site-packages/airflow/example_dags/example_kubernetes_executor_config.py
[2021-04-14 13:29:58,137] {scheduler_job.py:629} INFO - Processing file /home/airflow/.local/lib/python3.6/site-packages/airflow/example_dags/example_kubernetes_executor_config.py for tasks to queue
[2021-04-14 13:29:58,139] {logging_mixin.py:104} INFO - [2021-04-14 13:29:58,138] {dagbag.py:448} INFO - Filling up the DagBag from /home/airflow/.local/lib/python3.6/site-packages/airflow/example_dags/example_kubernetes_executor_config.py
[2021-04-14 13:29:58,156] {scheduler_job.py:639} INFO - DAG(s) dict_keys(['example_kubernetes_executor_config']) retrieved from /home/airflow/.local/lib/python3.6/site-packages/airflow/example_dags/example_kubernetes_executor_config.py
[2021-04-14 13:29:58,183] {logging_mixin.py:104} INFO - [2021-04-14 13:29:58,183] {dag.py:1818} INFO - Sync 1 DAGs
[2021-04-14 13:29:58,200] {logging_mixin.py:104} INFO - [2021-04-14 13:29:58,200] {dag.py:2273} INFO - Setting next_dagrun for example_kubernetes_executor_config to None
[2021-04-14 13:29:58,212] {scheduler_job.py:190} INFO - Processing /home/airflow/.local/lib/python3.6/site-packages/airflow/example_dags/example_kubernetes_executor_config.py took 0.080 seconds
[2021-04-14 13:30:28,285] {scheduler_job.py:182} INFO - Started process (PID=211) to work on /home/airflow/.local/lib/python3.6/site-packages/airflow/example_dags/example_kubernetes_executor_config.py
[2021-04-14 13:30:28,287] {scheduler_job.py:629} INFO - Processing file /home/airflow/.local/lib/python3.6/site-packages/airflow/example_dags/example_kubernetes_executor_config.py for tasks to queue
[2021-04-14 13:30:28,288] {logging_mixin.py:104} INFO - [2021-04-14 13:30:28,288] {dagbag.py:448} INFO - Filling up the DagBag from /home/airflow/.local/lib/python3.6/site-packages/airflow/example_dags/example_kubernetes_executor_config.py
[2021-04-14 13:30:28,303] {scheduler_job.py:639} INFO - DAG(s) dict_keys(['example_kubernetes_executor_config']) retrieved from /home/airflow/.local/lib/python3.6/site-packages/airflow/example_dags/example_kubernetes_executor_config.py
[2021-04-14 13:30:28,329] {logging_mixin.py:104} INFO - [2021-04-14 13:30:28,329] {dag.py:1818} INFO - Sync 1 DAGs
[2021-04-14 13:30:28,351] {logging_mixin.py:104} INFO - [2021-04-14 13:30:28,351] {dag.py:2273} INFO - Setting next_dagrun for example_kubernetes_executor_config to None
[2021-04-14 13:30:28,362] {scheduler_job.py:190} INFO - Processing /home/airflow/.local/lib/python3.6/site-packages/airflow/example_dags/example_kubernetes_executor_config.py took 0.081 seconds
[2021-04-14 13:30:58,616] {scheduler_job.py:182} INFO - Started process (PID=237) to work on /home/airflow/.local/lib/python3.6/site-packages/airflow/example_dags/example_kubernetes_executor_config.py
[2021-04-14 13:30:58,618] {scheduler_job.py:629} INFO - Processing file /home/airflow/.local/lib/python3.6/site-packages/airflow/example_dags/example_kubernetes_executor_config.py for tasks to queue
[2021-04-14 13:30:58,619] {logging_mixin.py:104} INFO - [2021-04-14 13:30:58,619] {dagbag.py:448} INFO - Filling up the DagBag from /home/airflow/.local/lib/python3.6/site-packages/airflow/example_dags/example_kubernetes_executor_config.py
[2021-04-14 13:30:58,647] {scheduler_job.py:639} INFO - DAG(s) dict_keys(['example_kubernetes_executor_config']) retrieved from /home/airflow/.local/lib/python3.6/site-packages/airflow/example_dags/example_kubernetes_executor_config.py
[2021-04-14 13:30:58,678] {logging_mixin.py:104} INFO - [2021-04-14 13:30:58,678] {dag.py:1818} INFO - Sync 1 DAGs
[2021-04-14 13:30:58,701] {logging_mixin.py:104} INFO - [2021-04-14 13:30:58,701] {dag.py:2273} INFO - Setting next_dagrun for example_kubernetes_executor_config to None
[2021-04-14 13:30:58,717] {scheduler_job.py:190} INFO - Processing /home/airflow/.local/lib/python3.6/site-packages/airflow/example_dags/example_kubernetes_executor_config.py took 0.105 seconds
[2021-04-14 13:31:28,974] {scheduler_job.py:182} INFO - Started process (PID=263) to work on /home/airflow/.local/lib/python3.6/site-packages/airflow/example_dags/example_kubernetes_executor_config.py
[2021-04-14 13:31:28,975] {scheduler_job.py:629} INFO - Processing file /home/airflow/.local/lib/python3.6/site-packages/airflow/example_dags/example_kubernetes_executor_config.py for tasks to queue
[2021-04-14 13:31:28,976] {logging_mixin.py:104} INFO - [2021-04-14 13:31:28,976] {dagbag.py:448} INFO - Filling up the DagBag from /home/airflow/.local/lib/python3.6/site-packages/airflow/example_dags/example_kubernetes_executor_config.py
[2021-04-14 13:31:28,990] {scheduler_job.py:639} INFO - DAG(s) dict_keys(['example_kubernetes_executor_config']) retrieved from /home/airflow/.local/lib/python3.6/site-packages/airflow/example_dags/example_kubernetes_executor_config.py
[2021-04-14 13:31:29,012] {logging_mixin.py:104} INFO - [2021-04-14 13:31:29,012] {dag.py:1818} INFO - Sync 1 DAGs
[2021-04-14 13:31:29,027] {logging_mixin.py:104} INFO - [2021-04-14 13:31:29,026] {dag.py:2273} INFO - Setting next_dagrun for example_kubernetes_executor_config to None
[2021-04-14 13:31:29,036] {scheduler_job.py:190} INFO - Processing /home/airflow/.local/lib/python3.6/site-packages/airflow/example_dags/example_kubernetes_executor_config.py took 0.064 seconds
[2021-04-14 13:31:59,280] {scheduler_job.py:182} INFO - Started process (PID=289) to work on /home/airflow/.local/lib/python3.6/site-packages/airflow/example_dags/example_kubernetes_executor_config.py
[2021-04-14 13:31:59,281] {scheduler_job.py:629} INFO - Processing file /home/airflow/.local/lib/python3.6/site-packages/airflow/example_dags/example_kubernetes_executor_config.py for tasks to queue
[2021-04-14 13:31:59,283] {logging_mixin.py:104} INFO - [2021-04-14 13:31:59,282] {dagbag.py:448} INFO - Filling up the DagBag from /home/airflow/.local/lib/python3.6/site-packages/airflow/example_dags/example_kubernetes_executor_config.py
[2021-04-14 13:31:59,302] {scheduler_job.py:639} INFO - DAG(s) dict_keys(['example_kubernetes_executor_config']) retrieved from /home/airflow/.local/lib/python3.6/site-packages/airflow/example_dags/example_kubernetes_executor_config.py
[2021-04-14 13:31:59,334] {logging_mixin.py:104} INFO - [2021-04-14 13:31:59,334] {dag.py:1818} INFO - Sync 1 DAGs
[2021-04-14 13:31:59,351] {logging_mixin.py:104} INFO - [2021-04-14 13:31:59,351] {dag.py:2273} INFO - Setting next_dagrun for example_kubernetes_executor_config to None
[2021-04-14 13:31:59,365] {scheduler_job.py:190} INFO - Processing /home/airflow/.local/lib/python3.6/site-packages/airflow/example_dags/example_kubernetes_executor_config.py took 0.089 seconds
[2021-04-14 13:32:29,559] {scheduler_job.py:182} INFO - Started process (PID=315) to work on /home/airflow/.local/lib/python3.6/site-packages/airflow/example_dags/example_kubernetes_executor_config.py
[2021-04-14 13:32:29,561] {scheduler_job.py:629} INFO - Processing file /home/airflow/.local/lib/python3.6/site-packages/airflow/example_dags/example_kubernetes_executor_config.py for tasks to queue
[2021-04-14 13:32:29,562] {logging_mixin.py:104} INFO - [2021-04-14 13:32:29,562] {dagbag.py:448} INFO - Filling up the DagBag from /home/airflow/.local/lib/python3.6/site-packages/airflow/example_dags/example_kubernetes_executor_config.py
[2021-04-14 13:32:29,576] {scheduler_job.py:639} INFO - DAG(s) dict_keys(['example_kubernetes_executor_config']) retrieved from /home/airflow/.local/lib/python3.6/site-packages/airflow/example_dags/example_kubernetes_executor_config.py
[2021-04-14 13:32:29,602] {logging_mixin.py:104} INFO - [2021-04-14 13:32:29,602] {dag.py:1818} INFO - Sync 1 DAGs
[2021-04-14 13:32:29,617] {logging_mixin.py:104} INFO - [2021-04-14 13:32:29,617] {dag.py:2273} INFO - Setting next_dagrun for example_kubernetes_executor_config to None
[2021-04-14 13:32:29,631] {scheduler_job.py:190} INFO - Processing /home/airflow/.local/lib/python3.6/site-packages/airflow/example_dags/example_kubernetes_executor_config.py took 0.075 seconds
[2021-04-14 13:32:59,718] {scheduler_job.py:182} INFO - Started process (PID=341) to work on /home/airflow/.local/lib/python3.6/site-packages/airflow/example_dags/example_kubernetes_executor_config.py
[2021-04-14 13:32:59,720] {scheduler_job.py:629} INFO - Processing file /home/airflow/.local/lib/python3.6/site-packages/airflow/example_dags/example_kubernetes_executor_config.py for tasks to queue
[2021-04-14 13:32:59,721] {logging_mixin.py:104} INFO - [2021-04-14 13:32:59,721] {dagbag.py:448} INFO - Filling up the DagBag from /home/airflow/.local/lib/python3.6/site-packages/airflow/example_dags/example_kubernetes_executor_config.py
[2021-04-14 13:32:59,733] {scheduler_job.py:639} INFO - DAG(s) dict_keys(['example_kubernetes_executor_config']) retrieved from /home/airflow/.local/lib/python3.6/site-packages/airflow/example_dags/example_kubernetes_executor_config.py
[2021-04-14 13:32:59,755] {logging_mixin.py:104} INFO - [2021-04-14 13:32:59,755] {dag.py:1818} INFO - Sync 1 DAGs
[2021-04-14 13:32:59,773] {logging_mixin.py:104} INFO - [2021-04-14 13:32:59,773] {dag.py:2273} INFO - Setting next_dagrun for example_kubernetes_executor_config to None
[2021-04-14 13:32:59,786] {scheduler_job.py:190} INFO - Processing /home/airflow/.local/lib/python3.6/site-packages/airflow/example_dags/example_kubernetes_executor_config.py took 0.072 seconds
[2021-04-14 13:33:29,994] {scheduler_job.py:182} INFO - Started process (PID=367) to work on /home/airflow/.local/lib/python3.6/site-packages/airflow/example_dags/example_kubernetes_executor_config.py
[2021-04-14 13:33:29,995] {scheduler_job.py:629} INFO - Processing file /home/airflow/.local/lib/python3.6/site-packages/airflow/example_dags/example_kubernetes_executor_config.py for tasks to queue
[2021-04-14 13:33:29,997] {logging_mixin.py:104} INFO - [2021-04-14 13:33:29,996] {dagbag.py:448} INFO - Filling up the DagBag from /home/airflow/.local/lib/python3.6/site-packages/airflow/example_dags/example_kubernetes_executor_config.py
[2021-04-14 13:33:30,009] {scheduler_job.py:639} INFO - DAG(s) dict_keys(['example_kubernetes_executor_config']) retrieved from /home/airflow/.local/lib/python3.6/site-packages/airflow/example_dags/example_kubernetes_executor_config.py
[2021-04-14 13:33:30,032] {logging_mixin.py:104} INFO - [2021-04-14 13:33:30,032] {dag.py:1818} INFO - Sync 1 DAGs
[2021-04-14 13:33:30,047] {logging_mixin.py:104} INFO - [2021-04-14 13:33:30,047] {dag.py:2273} INFO - Setting next_dagrun for example_kubernetes_executor_config to None
[2021-04-14 13:33:30,058] {scheduler_job.py:190} INFO - Processing /home/airflow/.local/lib/python3.6/site-packages/airflow/example_dags/example_kubernetes_executor_config.py took 0.067 seconds
[2021-04-14 13:34:00,252] {scheduler_job.py:182} INFO - Started process (PID=393) to work on /home/airflow/.local/lib/python3.6/site-packages/airflow/example_dags/example_kubernetes_executor_config.py
[2021-04-14 13:34:00,254] {scheduler_job.py:629} INFO - Processing file /home/airflow/.local/lib/python3.6/site-packages/airflow/example_dags/example_kubernetes_executor_config.py for tasks to queue
[2021-04-14 13:34:00,255] {logging_mixin.py:104} INFO - [2021-04-14 13:34:00,255] {dagbag.py:448} INFO - Filling up the DagBag from /home/airflow/.local/lib/python3.6/site-packages/airflow/example_dags/example_kubernetes_executor_config.py
[2021-04-14 13:34:00,269] {scheduler_job.py:639} INFO - DAG(s) dict_keys(['example_kubernetes_executor_config']) retrieved from /home/airflow/.local/lib/python3.6/site-packages/airflow/example_dags/example_kubernetes_executor_config.py
[2021-04-14 13:34:00,294] {logging_mixin.py:104} INFO - [2021-04-14 13:34:00,293] {dag.py:1818} INFO - Sync 1 DAGs
[2021-04-14 13:34:00,313] {logging_mixin.py:104} INFO - [2021-04-14 13:34:00,313] {dag.py:2273} INFO - Setting next_dagrun for example_kubernetes_executor_config to None
[2021-04-14 13:34:00,323] {scheduler_job.py:190} INFO - Processing /home/airflow/.local/lib/python3.6/site-packages/airflow/example_dags/example_kubernetes_executor_config.py took 0.075 seconds
[2021-04-14 13:34:30,597] {scheduler_job.py:182} INFO - Started process (PID=419) to work on /home/airflow/.local/lib/python3.6/site-packages/airflow/example_dags/example_kubernetes_executor_config.py
[2021-04-14 13:34:30,598] {scheduler_job.py:629} INFO - Processing file /home/airflow/.local/lib/python3.6/site-packages/airflow/example_dags/example_kubernetes_executor_config.py for tasks to queue
[2021-04-14 13:34:30,599] {logging_mixin.py:104} INFO - [2021-04-14 13:34:30,599] {dagbag.py:448} INFO - Filling up the DagBag from /home/airflow/.local/lib/python3.6/site-packages/airflow/example_dags/example_kubernetes_executor_config.py
[2021-04-14 13:34:30,613] {scheduler_job.py:639} INFO - DAG(s) dict_keys(['example_kubernetes_executor_config']) retrieved from /home/airflow/.local/lib/python3.6/site-packages/airflow/example_dags/example_kubernetes_executor_config.py
[2021-04-14 13:34:30,636] {logging_mixin.py:104} INFO - [2021-04-14 13:34:30,636] {dag.py:1818} INFO - Sync 1 DAGs
[2021-04-14 13:34:30,653] {logging_mixin.py:104} INFO - [2021-04-14 13:34:30,653] {dag.py:2273} INFO - Setting next_dagrun for example_kubernetes_executor_config to None
[2021-04-14 13:34:30,663] {scheduler_job.py:190} INFO - Processing /home/airflow/.local/lib/python3.6/site-packages/airflow/example_dags/example_kubernetes_executor_config.py took 0.070 seconds
[2021-04-14 13:35:00,962] {scheduler_job.py:182} INFO - Started process (PID=445) to work on /home/airflow/.local/lib/python3.6/site-packages/airflow/example_dags/example_kubernetes_executor_config.py
[2021-04-14 13:35:00,964] {scheduler_job.py:629} INFO - Processing file /home/airflow/.local/lib/python3.6/site-packages/airflow/example_dags/example_kubernetes_executor_config.py for tasks to queue
[2021-04-14 13:35:00,965] {logging_mixin.py:104} INFO - [2021-04-14 13:35:00,965] {dagbag.py:448} INFO - Filling up the DagBag from /home/airflow/.local/lib/python3.6/site-packages/airflow/example_dags/example_kubernetes_executor_config.py
[2021-04-14 13:35:00,978] {scheduler_job.py:639} INFO - DAG(s) dict_keys(['example_kubernetes_executor_config']) retrieved from /home/airflow/.local/lib/python3.6/site-packages/airflow/example_dags/example_kubernetes_executor_config.py
[2021-04-14 13:35:01,001] {logging_mixin.py:104} INFO - [2021-04-14 13:35:01,001] {dag.py:1818} INFO - Sync 1 DAGs
[2021-04-14 13:35:01,017] {logging_mixin.py:104} INFO - [2021-04-14 13:35:01,017] {dag.py:2273} INFO - Setting next_dagrun for example_kubernetes_executor_config to None
[2021-04-14 13:35:01,028] {scheduler_job.py:190} INFO - Processing /home/airflow/.local/lib/python3.6/site-packages/airflow/example_dags/example_kubernetes_executor_config.py took 0.069 seconds
[2021-04-14 13:35:31,378] {scheduler_job.py:182} INFO - Started process (PID=471) to work on /home/airflow/.local/lib/python3.6/site-packages/airflow/example_dags/example_kubernetes_executor_config.py
[2021-04-14 13:35:31,380] {scheduler_job.py:629} INFO - Processing file /home/airflow/.local/lib/python3.6/site-packages/airflow/example_dags/example_kubernetes_executor_config.py for tasks to queue
[2021-04-14 13:35:31,381] {logging_mixin.py:104} INFO - [2021-04-14 13:35:31,381] {dagbag.py:448} INFO - Filling up the DagBag from /home/airflow/.local/lib/python3.6/site-packages/airflow/example_dags/example_kubernetes_executor_config.py
[2021-04-14 13:35:31,396] {scheduler_job.py:639} INFO - DAG(s) dict_keys(['example_kubernetes_executor_config']) retrieved from /home/airflow/.local/lib/python3.6/site-packages/airflow/example_dags/example_kubernetes_executor_config.py
[2021-04-14 13:35:31,420] {logging_mixin.py:104} INFO - [2021-04-14 13:35:31,420] {dag.py:1818} INFO - Sync 1 DAGs
[2021-04-14 13:35:31,438] {logging_mixin.py:104} INFO - [2021-04-14 13:35:31,438] {dag.py:2273} INFO - Setting next_dagrun for example_kubernetes_executor_config to None
[2021-04-14 13:35:31,449] {scheduler_job.py:190} INFO - Processing /home/airflow/.local/lib/python3.6/site-packages/airflow/example_dags/example_kubernetes_executor_config.py took 0.074 seconds
[2021-04-14 13:36:01,632] {scheduler_job.py:182} INFO - Started process (PID=497) to work on /home/airflow/.local/lib/python3.6/site-packages/airflow/example_dags/example_kubernetes_executor_config.py
[2021-04-14 13:36:01,634] {scheduler_job.py:629} INFO - Processing file /home/airflow/.local/lib/python3.6/site-packages/airflow/example_dags/example_kubernetes_executor_config.py for tasks to queue
[2021-04-14 13:36:01,635] {logging_mixin.py:104} INFO - [2021-04-14 13:36:01,635] {dagbag.py:448} INFO - Filling up the DagBag from /home/airflow/.local/lib/python3.6/site-packages/airflow/example_dags/example_kubernetes_executor_config.py
[2021-04-14 13:36:01,650] {scheduler_job.py:639} INFO - DAG(s) dict_keys(['example_kubernetes_executor_config']) retrieved from /home/airflow/.local/lib/python3.6/site-packages/airflow/example_dags/example_kubernetes_executor_config.py
[2021-04-14 13:36:01,674] {logging_mixin.py:104} INFO - [2021-04-14 13:36:01,674] {dag.py:1818} INFO - Sync 1 DAGs
[2021-04-14 13:36:01,691] {logging_mixin.py:104} INFO - [2021-04-14 13:36:01,691] {dag.py:2273} INFO - Setting next_dagrun for example_kubernetes_executor_config to None
[2021-04-14 13:36:01,702] {scheduler_job.py:190} INFO - Processing /home/airflow/.local/lib/python3.6/site-packages/airflow/example_dags/example_kubernetes_executor_config.py took 0.075 seconds
[2021-04-14 13:36:31,929] {scheduler_job.py:182} INFO - Started process (PID=523) to work on /home/airflow/.local/lib/python3.6/site-packages/airflow/example_dags/example_kubernetes_executor_config.py
[2021-04-14 13:36:31,930] {scheduler_job.py:629} INFO - Processing file /home/airflow/.local/lib/python3.6/site-packages/airflow/example_dags/example_kubernetes_executor_config.py for tasks to queue
[2021-04-14 13:36:31,931] {logging_mixin.py:104} INFO - [2021-04-14 13:36:31,931] {dagbag.py:448} INFO - Filling up the DagBag from /home/airflow/.local/lib/python3.6/site-packages/airflow/example_dags/example_kubernetes_executor_config.py
[2021-04-14 13:36:31,944] {scheduler_job.py:639} INFO - DAG(s) dict_keys(['example_kubernetes_executor_config']) retrieved from /home/airflow/.local/lib/python3.6/site-packages/airflow/example_dags/example_kubernetes_executor_config.py
[2021-04-14 13:36:31,967] {logging_mixin.py:104} INFO - [2021-04-14 13:36:31,967] {dag.py:1818} INFO - Sync 1 DAGs
[2021-04-14 13:36:31,983] {logging_mixin.py:104} INFO - [2021-04-14 13:36:31,983] {dag.py:2273} INFO - Setting next_dagrun for example_kubernetes_executor_config to None
[2021-04-14 13:36:31,992] {scheduler_job.py:190} INFO - Processing /home/airflow/.local/lib/python3.6/site-packages/airflow/example_dags/example_kubernetes_executor_config.py took 0.067 seconds
[2021-04-14 13:37:02,425] {scheduler_job.py:182} INFO - Started process (PID=549) to work on /home/airflow/.local/lib/python3.6/site-packages/airflow/example_dags/example_kubernetes_executor_config.py
[2021-04-14 13:37:02,427] {scheduler_job.py:629} INFO - Processing file /home/airflow/.local/lib/python3.6/site-packages/airflow/example_dags/example_kubernetes_executor_config.py for tasks to queue
[2021-04-14 13:37:02,428] {logging_mixin.py:104} INFO - [2021-04-14 13:37:02,428] {dagbag.py:448} INFO - Filling up the DagBag from /home/airflow/.local/lib/python3.6/site-packages/airflow/example_dags/example_kubernetes_executor_config.py
[2021-04-14 13:37:02,445] {scheduler_job.py:639} INFO - DAG(s) dict_keys(['example_kubernetes_executor_config']) retrieved from /home/airflow/.local/lib/python3.6/site-packages/airflow/example_dags/example_kubernetes_executor_config.py
[2021-04-14 13:37:02,471] {logging_mixin.py:104} INFO - [2021-04-14 13:37:02,471] {dag.py:1818} INFO - Sync 1 DAGs
[2021-04-14 13:37:02,489] {logging_mixin.py:104} INFO - [2021-04-14 13:37:02,489] {dag.py:2273} INFO - Setting next_dagrun for example_kubernetes_executor_config to None
[2021-04-14 13:37:02,501] {scheduler_job.py:190} INFO - Processing /home/airflow/.local/lib/python3.6/site-packages/airflow/example_dags/example_kubernetes_executor_config.py took 0.080 seconds
[2021-04-14 13:37:32,645] {scheduler_job.py:182} INFO - Started process (PID=575) to work on /home/airflow/.local/lib/python3.6/site-packages/airflow/example_dags/example_kubernetes_executor_config.py
[2021-04-14 13:37:32,647] {scheduler_job.py:629} INFO - Processing file /home/airflow/.local/lib/python3.6/site-packages/airflow/example_dags/example_kubernetes_executor_config.py for tasks to queue
[2021-04-14 13:37:32,648] {logging_mixin.py:104} INFO - [2021-04-14 13:37:32,648] {dagbag.py:448} INFO - Filling up the DagBag from /home/airflow/.local/lib/python3.6/site-packages/airflow/example_dags/example_kubernetes_executor_config.py
[2021-04-14 13:37:32,665] {scheduler_job.py:639} INFO - DAG(s) dict_keys(['example_kubernetes_executor_config']) retrieved from /home/airflow/.local/lib/python3.6/site-packages/airflow/example_dags/example_kubernetes_executor_config.py
[2021-04-14 13:37:32,694] {logging_mixin.py:104} INFO - [2021-04-14 13:37:32,694] {dag.py:1818} INFO - Sync 1 DAGs
[2021-04-14 13:37:32,709] {logging_mixin.py:104} INFO - [2021-04-14 13:37:32,708] {dag.py:2273} INFO - Setting next_dagrun for example_kubernetes_executor_config to None
[2021-04-14 13:37:32,717] {scheduler_job.py:190} INFO - Processing /home/airflow/.local/lib/python3.6/site-packages/airflow/example_dags/example_kubernetes_executor_config.py took 0.076 seconds
[2021-04-14 13:38:02,894] {scheduler_job.py:182} INFO - Started process (PID=601) to work on /home/airflow/.local/lib/python3.6/site-packages/airflow/example_dags/example_kubernetes_executor_config.py
[2021-04-14 13:38:02,896] {scheduler_job.py:629} INFO - Processing file /home/airflow/.local/lib/python3.6/site-packages/airflow/example_dags/example_kubernetes_executor_config.py for tasks to queue
[2021-04-14 13:38:02,898] {logging_mixin.py:104} INFO - [2021-04-14 13:38:02,898] {dagbag.py:448} INFO - Filling up the DagBag from /home/airflow/.local/lib/python3.6/site-packages/airflow/example_dags/example_kubernetes_executor_config.py
[2021-04-14 13:38:02,923] {scheduler_job.py:639} INFO - DAG(s) dict_keys(['example_kubernetes_executor_config']) retrieved from /home/airflow/.local/lib/python3.6/site-packages/airflow/example_dags/example_kubernetes_executor_config.py
[2021-04-14 13:38:02,963] {logging_mixin.py:104} INFO - [2021-04-14 13:38:02,963] {dag.py:1818} INFO - Sync 1 DAGs
[2021-04-14 13:38:02,993] {logging_mixin.py:104} INFO - [2021-04-14 13:38:02,993] {dag.py:2273} INFO - Setting next_dagrun for example_kubernetes_executor_config to None
[2021-04-14 13:38:03,010] {scheduler_job.py:190} INFO - Processing /home/airflow/.local/lib/python3.6/site-packages/airflow/example_dags/example_kubernetes_executor_config.py took 0.122 seconds
[2021-04-14 13:38:33,473] {scheduler_job.py:182} INFO - Started process (PID=627) to work on /home/airflow/.local/lib/python3.6/site-packages/airflow/example_dags/example_kubernetes_executor_config.py
[2021-04-14 13:38:33,475] {scheduler_job.py:629} INFO - Processing file /home/airflow/.local/lib/python3.6/site-packages/airflow/example_dags/example_kubernetes_executor_config.py for tasks to queue
[2021-04-14 13:38:33,476] {logging_mixin.py:104} INFO - [2021-04-14 13:38:33,476] {dagbag.py:448} INFO - Filling up the DagBag from /home/airflow/.local/lib/python3.6/site-packages/airflow/example_dags/example_kubernetes_executor_config.py
[2021-04-14 13:38:33,488] {scheduler_job.py:639} INFO - DAG(s) dict_keys(['example_kubernetes_executor_config']) retrieved from /home/airflow/.local/lib/python3.6/site-packages/airflow/example_dags/example_kubernetes_executor_config.py
[2021-04-14 13:38:33,512] {logging_mixin.py:104} INFO - [2021-04-14 13:38:33,512] {dag.py:1818} INFO - Sync 1 DAGs
[2021-04-14 13:38:33,527] {logging_mixin.py:104} INFO - [2021-04-14 13:38:33,527] {dag.py:2273} INFO - Setting next_dagrun for example_kubernetes_executor_config to None
[2021-04-14 13:38:33,537] {scheduler_job.py:190} INFO - Processing /home/airflow/.local/lib/python3.6/site-packages/airflow/example_dags/example_kubernetes_executor_config.py took 0.067 seconds
[2021-04-14 13:39:03,696] {scheduler_job.py:182} INFO - Started process (PID=653) to work on /home/airflow/.local/lib/python3.6/site-packages/airflow/example_dags/example_kubernetes_executor_config.py
[2021-04-14 13:39:03,698] {scheduler_job.py:629} INFO - Processing file /home/airflow/.local/lib/python3.6/site-packages/airflow/example_dags/example_kubernetes_executor_config.py for tasks to queue
[2021-04-14 13:39:03,699] {logging_mixin.py:104} INFO - [2021-04-14 13:39:03,699] {dagbag.py:448} INFO - Filling up the DagBag from /home/airflow/.local/lib/python3.6/site-packages/airflow/example_dags/example_kubernetes_executor_config.py
[2021-04-14 13:39:03,715] {scheduler_job.py:639} INFO - DAG(s) dict_keys(['example_kubernetes_executor_config']) retrieved from /home/airflow/.local/lib/python3.6/site-packages/airflow/example_dags/example_kubernetes_executor_config.py
[2021-04-14 13:39:03,738] {logging_mixin.py:104} INFO - [2021-04-14 13:39:03,738] {dag.py:1818} INFO - Sync 1 DAGs
[2021-04-14 13:39:03,754] {logging_mixin.py:104} INFO - [2021-04-14 13:39:03,753] {dag.py:2273} INFO - Setting next_dagrun for example_kubernetes_executor_config to None
[2021-04-14 13:39:03,764] {scheduler_job.py:190} INFO - Processing /home/airflow/.local/lib/python3.6/site-packages/airflow/example_dags/example_kubernetes_executor_config.py took 0.071 seconds
[2021-04-14 13:39:34,028] {scheduler_job.py:182} INFO - Started process (PID=679) to work on /home/airflow/.local/lib/python3.6/site-packages/airflow/example_dags/example_kubernetes_executor_config.py
[2021-04-14 13:39:34,030] {scheduler_job.py:629} INFO - Processing file /home/airflow/.local/lib/python3.6/site-packages/airflow/example_dags/example_kubernetes_executor_config.py for tasks to queue
[2021-04-14 13:39:34,031] {logging_mixin.py:104} INFO - [2021-04-14 13:39:34,031] {dagbag.py:448} INFO - Filling up the DagBag from /home/airflow/.local/lib/python3.6/site-packages/airflow/example_dags/example_kubernetes_executor_config.py
[2021-04-14 13:39:34,047] {scheduler_job.py:639} INFO - DAG(s) dict_keys(['example_kubernetes_executor_config']) retrieved from /home/airflow/.local/lib/python3.6/site-packages/airflow/example_dags/example_kubernetes_executor_config.py
[2021-04-14 13:39:34,070] {logging_mixin.py:104} INFO - [2021-04-14 13:39:34,070] {dag.py:1818} INFO - Sync 1 DAGs
[2021-04-14 13:39:34,086] {logging_mixin.py:104} INFO - [2021-04-14 13:39:34,085] {dag.py:2273} INFO - Setting next_dagrun for example_kubernetes_executor_config to None
[2021-04-14 13:39:34,096] {scheduler_job.py:190} INFO - Processing /home/airflow/.local/lib/python3.6/site-packages/airflow/example_dags/example_kubernetes_executor_config.py took 0.072 seconds
[2021-04-14 13:40:04,810] {scheduler_job.py:182} INFO - Started process (PID=705) to work on /home/airflow/.local/lib/python3.6/site-packages/airflow/example_dags/example_kubernetes_executor_config.py
[2021-04-14 13:40:04,813] {scheduler_job.py:629} INFO - Processing file /home/airflow/.local/lib/python3.6/site-packages/airflow/example_dags/example_kubernetes_executor_config.py for tasks to queue
[2021-04-14 13:40:04,814] {logging_mixin.py:104} INFO - [2021-04-14 13:40:04,814] {dagbag.py:448} INFO - Filling up the DagBag from /home/airflow/.local/lib/python3.6/site-packages/airflow/example_dags/example_kubernetes_executor_config.py
[2021-04-14 13:40:04,838] {scheduler_job.py:639} INFO - DAG(s) dict_keys(['example_kubernetes_executor_config']) retrieved from /home/airflow/.local/lib/python3.6/site-packages/airflow/example_dags/example_kubernetes_executor_config.py
[2021-04-14 13:40:04,878] {logging_mixin.py:104} INFO - [2021-04-14 13:40:04,878] {dag.py:1818} INFO - Sync 1 DAGs
[2021-04-14 13:40:04,903] {logging_mixin.py:104} INFO - [2021-04-14 13:40:04,902] {dag.py:2273} INFO - Setting next_dagrun for example_kubernetes_executor_config to None
[2021-04-14 13:40:04,921] {scheduler_job.py:190} INFO - Processing /home/airflow/.local/lib/python3.6/site-packages/airflow/example_dags/example_kubernetes_executor_config.py took 0.118 seconds
[2021-04-14 13:40:35,836] {scheduler_job.py:182} INFO - Started process (PID=731) to work on /home/airflow/.local/lib/python3.6/site-packages/airflow/example_dags/example_kubernetes_executor_config.py
[2021-04-14 13:40:35,838] {scheduler_job.py:629} INFO - Processing file /home/airflow/.local/lib/python3.6/site-packages/airflow/example_dags/example_kubernetes_executor_config.py for tasks to queue
[2021-04-14 13:40:35,840] {logging_mixin.py:104} INFO - [2021-04-14 13:40:35,840] {dagbag.py:448} INFO - Filling up the DagBag from /home/airflow/.local/lib/python3.6/site-packages/airflow/example_dags/example_kubernetes_executor_config.py
[2021-04-14 13:40:35,865] {scheduler_job.py:639} INFO - DAG(s) dict_keys(['example_kubernetes_executor_config']) retrieved from /home/airflow/.local/lib/python3.6/site-packages/airflow/example_dags/example_kubernetes_executor_config.py
[2021-04-14 13:40:35,900] {logging_mixin.py:104} INFO - [2021-04-14 13:40:35,899] {dag.py:1818} INFO - Sync 1 DAGs
[2021-04-14 13:40:35,930] {logging_mixin.py:104} INFO - [2021-04-14 13:40:35,930] {dag.py:2273} INFO - Setting next_dagrun for example_kubernetes_executor_config to None
[2021-04-14 13:40:35,945] {scheduler_job.py:190} INFO - Processing /home/airflow/.local/lib/python3.6/site-packages/airflow/example_dags/example_kubernetes_executor_config.py took 0.115 seconds
[2021-04-14 13:41:06,048] {scheduler_job.py:182} INFO - Started process (PID=757) to work on /home/airflow/.local/lib/python3.6/site-packages/airflow/example_dags/example_kubernetes_executor_config.py
[2021-04-14 13:41:06,050] {scheduler_job.py:629} INFO - Processing file /home/airflow/.local/lib/python3.6/site-packages/airflow/example_dags/example_kubernetes_executor_config.py for tasks to queue
[2021-04-14 13:41:06,052] {logging_mixin.py:104} INFO - [2021-04-14 13:41:06,052] {dagbag.py:448} INFO - Filling up the DagBag from /home/airflow/.local/lib/python3.6/site-packages/airflow/example_dags/example_kubernetes_executor_config.py
[2021-04-14 13:41:06,079] {scheduler_job.py:639} INFO - DAG(s) dict_keys(['example_kubernetes_executor_config']) retrieved from /home/airflow/.local/lib/python3.6/site-packages/airflow/example_dags/example_kubernetes_executor_config.py
[2021-04-14 13:41:06,116] {logging_mixin.py:104} INFO - [2021-04-14 13:41:06,115] {dag.py:1818} INFO - Sync 1 DAGs
[2021-04-14 13:41:06,147] {logging_mixin.py:104} INFO - [2021-04-14 13:41:06,147] {dag.py:2273} INFO - Setting next_dagrun for example_kubernetes_executor_config to None
[2021-04-14 13:41:06,167] {scheduler_job.py:190} INFO - Processing /home/airflow/.local/lib/python3.6/site-packages/airflow/example_dags/example_kubernetes_executor_config.py took 0.124 seconds
[2021-04-14 13:41:36,538] {scheduler_job.py:182} INFO - Started process (PID=783) to work on /home/airflow/.local/lib/python3.6/site-packages/airflow/example_dags/example_kubernetes_executor_config.py
[2021-04-14 13:41:36,540] {scheduler_job.py:629} INFO - Processing file /home/airflow/.local/lib/python3.6/site-packages/airflow/example_dags/example_kubernetes_executor_config.py for tasks to queue
[2021-04-14 13:41:36,542] {logging_mixin.py:104} INFO - [2021-04-14 13:41:36,542] {dagbag.py:448} INFO - Filling up the DagBag from /home/airflow/.local/lib/python3.6/site-packages/airflow/example_dags/example_kubernetes_executor_config.py
[2021-04-14 13:41:36,574] {scheduler_job.py:639} INFO - DAG(s) dict_keys(['example_kubernetes_executor_config']) retrieved from /home/airflow/.local/lib/python3.6/site-packages/airflow/example_dags/example_kubernetes_executor_config.py
[2021-04-14 13:41:36,611] {logging_mixin.py:104} INFO - [2021-04-14 13:41:36,611] {dag.py:1818} INFO - Sync 1 DAGs
[2021-04-14 13:41:36,637] {logging_mixin.py:104} INFO - [2021-04-14 13:41:36,637] {dag.py:2273} INFO - Setting next_dagrun for example_kubernetes_executor_config to None
[2021-04-14 13:41:36,657] {scheduler_job.py:190} INFO - Processing /home/airflow/.local/lib/python3.6/site-packages/airflow/example_dags/example_kubernetes_executor_config.py took 0.125 seconds
[2021-04-14 13:42:06,834] {scheduler_job.py:182} INFO - Started process (PID=810) to work on /home/airflow/.local/lib/python3.6/site-packages/airflow/example_dags/example_kubernetes_executor_config.py
[2021-04-14 13:42:06,840] {scheduler_job.py:629} INFO - Processing file /home/airflow/.local/lib/python3.6/site-packages/airflow/example_dags/example_kubernetes_executor_config.py for tasks to queue
[2021-04-14 13:42:06,841] {logging_mixin.py:104} INFO - [2021-04-14 13:42:06,841] {dagbag.py:448} INFO - Filling up the DagBag from /home/airflow/.local/lib/python3.6/site-packages/airflow/example_dags/example_kubernetes_executor_config.py
[2021-04-14 13:42:06,881] {scheduler_job.py:639} INFO - DAG(s) dict_keys(['example_kubernetes_executor_config']) retrieved from /home/airflow/.local/lib/python3.6/site-packages/airflow/example_dags/example_kubernetes_executor_config.py
[2021-04-14 13:42:06,927] {logging_mixin.py:104} INFO - [2021-04-14 13:42:06,926] {dag.py:1818} INFO - Sync 1 DAGs
[2021-04-14 13:42:06,968] {logging_mixin.py:104} INFO - [2021-04-14 13:42:06,968] {dag.py:2273} INFO - Setting next_dagrun for example_kubernetes_executor_config to None
[2021-04-14 13:42:06,984] {scheduler_job.py:190} INFO - Processing /home/airflow/.local/lib/python3.6/site-packages/airflow/example_dags/example_kubernetes_executor_config.py took 0.159 seconds
[2021-04-14 13:42:37,087] {scheduler_job.py:182} INFO - Started process (PID=836) to work on /home/airflow/.local/lib/python3.6/site-packages/airflow/example_dags/example_kubernetes_executor_config.py
[2021-04-14 13:42:37,089] {scheduler_job.py:629} INFO - Processing file /home/airflow/.local/lib/python3.6/site-packages/airflow/example_dags/example_kubernetes_executor_config.py for tasks to queue
[2021-04-14 13:42:37,090] {logging_mixin.py:104} INFO - [2021-04-14 13:42:37,090] {dagbag.py:448} INFO - Filling up the DagBag from /home/airflow/.local/lib/python3.6/site-packages/airflow/example_dags/example_kubernetes_executor_config.py
[2021-04-14 13:42:37,119] {scheduler_job.py:639} INFO - DAG(s) dict_keys(['example_kubernetes_executor_config']) retrieved from /home/airflow/.local/lib/python3.6/site-packages/airflow/example_dags/example_kubernetes_executor_config.py
[2021-04-14 13:42:37,156] {logging_mixin.py:104} INFO - [2021-04-14 13:42:37,155] {dag.py:1818} INFO - Sync 1 DAGs
[2021-04-14 13:42:37,180] {logging_mixin.py:104} INFO - [2021-04-14 13:42:37,180] {dag.py:2273} INFO - Setting next_dagrun for example_kubernetes_executor_config to None
[2021-04-14 13:42:37,197] {scheduler_job.py:190} INFO - Processing /home/airflow/.local/lib/python3.6/site-packages/airflow/example_dags/example_kubernetes_executor_config.py took 0.124 seconds
[2021-04-14 13:43:07,556] {scheduler_job.py:182} INFO - Started process (PID=862) to work on /home/airflow/.local/lib/python3.6/site-packages/airflow/example_dags/example_kubernetes_executor_config.py
[2021-04-14 13:43:07,558] {scheduler_job.py:629} INFO - Processing file /home/airflow/.local/lib/python3.6/site-packages/airflow/example_dags/example_kubernetes_executor_config.py for tasks to queue
[2021-04-14 13:43:07,560] {logging_mixin.py:104} INFO - [2021-04-14 13:43:07,560] {dagbag.py:448} INFO - Filling up the DagBag from /home/airflow/.local/lib/python3.6/site-packages/airflow/example_dags/example_kubernetes_executor_config.py
[2021-04-14 13:43:07,578] {scheduler_job.py:639} INFO - DAG(s) dict_keys(['example_kubernetes_executor_config']) retrieved from /home/airflow/.local/lib/python3.6/site-packages/airflow/example_dags/example_kubernetes_executor_config.py
[2021-04-14 13:43:07,605] {logging_mixin.py:104} INFO - [2021-04-14 13:43:07,605] {dag.py:1818} INFO - Sync 1 DAGs
[2021-04-14 13:43:07,626] {logging_mixin.py:104} INFO - [2021-04-14 13:43:07,626] {dag.py:2273} INFO - Setting next_dagrun for example_kubernetes_executor_config to None
[2021-04-14 13:43:07,637] {scheduler_job.py:190} INFO - Processing /home/airflow/.local/lib/python3.6/site-packages/airflow/example_dags/example_kubernetes_executor_config.py took 0.086 seconds
[2021-04-14 13:43:37,997] {scheduler_job.py:182} INFO - Started process (PID=888) to work on /home/airflow/.local/lib/python3.6/site-packages/airflow/example_dags/example_kubernetes_executor_config.py
[2021-04-14 13:43:37,999] {scheduler_job.py:629} INFO - Processing file /home/airflow/.local/lib/python3.6/site-packages/airflow/example_dags/example_kubernetes_executor_config.py for tasks to queue
[2021-04-14 13:43:38,000] {logging_mixin.py:104} INFO - [2021-04-14 13:43:38,000] {dagbag.py:448} INFO - Filling up the DagBag from /home/airflow/.local/lib/python3.6/site-packages/airflow/example_dags/example_kubernetes_executor_config.py
[2021-04-14 13:43:38,019] {scheduler_job.py:639} INFO - DAG(s) dict_keys(['example_kubernetes_executor_config']) retrieved from /home/airflow/.local/lib/python3.6/site-packages/airflow/example_dags/example_kubernetes_executor_config.py
[2021-04-14 13:43:38,052] {logging_mixin.py:104} INFO - [2021-04-14 13:43:38,052] {dag.py:1818} INFO - Sync 1 DAGs
[2021-04-14 13:43:38,076] {logging_mixin.py:104} INFO - [2021-04-14 13:43:38,076] {dag.py:2273} INFO - Setting next_dagrun for example_kubernetes_executor_config to None
[2021-04-14 13:43:38,089] {scheduler_job.py:190} INFO - Processing /home/airflow/.local/lib/python3.6/site-packages/airflow/example_dags/example_kubernetes_executor_config.py took 0.096 seconds
[2021-04-14 13:44:08,725] {scheduler_job.py:182} INFO - Started process (PID=915) to work on /home/airflow/.local/lib/python3.6/site-packages/airflow/example_dags/example_kubernetes_executor_config.py
[2021-04-14 13:44:08,727] {scheduler_job.py:629} INFO - Processing file /home/airflow/.local/lib/python3.6/site-packages/airflow/example_dags/example_kubernetes_executor_config.py for tasks to queue
[2021-04-14 13:44:08,728] {logging_mixin.py:104} INFO - [2021-04-14 13:44:08,728] {dagbag.py:448} INFO - Filling up the DagBag from /home/airflow/.local/lib/python3.6/site-packages/airflow/example_dags/example_kubernetes_executor_config.py
[2021-04-14 13:44:08,748] {scheduler_job.py:639} INFO - DAG(s) dict_keys(['example_kubernetes_executor_config']) retrieved from /home/airflow/.local/lib/python3.6/site-packages/airflow/example_dags/example_kubernetes_executor_config.py
[2021-04-14 13:44:08,779] {logging_mixin.py:104} INFO - [2021-04-14 13:44:08,779] {dag.py:1818} INFO - Sync 1 DAGs
[2021-04-14 13:44:08,801] {logging_mixin.py:104} INFO - [2021-04-14 13:44:08,801] {dag.py:2273} INFO - Setting next_dagrun for example_kubernetes_executor_config to None
[2021-04-14 13:44:08,814] {scheduler_job.py:190} INFO - Processing /home/airflow/.local/lib/python3.6/site-packages/airflow/example_dags/example_kubernetes_executor_config.py took 0.094 seconds
[2021-04-14 13:44:39,223] {scheduler_job.py:182} INFO - Started process (PID=941) to work on /home/airflow/.local/lib/python3.6/site-packages/airflow/example_dags/example_kubernetes_executor_config.py
[2021-04-14 13:44:39,225] {scheduler_job.py:629} INFO - Processing file /home/airflow/.local/lib/python3.6/site-packages/airflow/example_dags/example_kubernetes_executor_config.py for tasks to queue
[2021-04-14 13:44:39,227] {logging_mixin.py:104} INFO - [2021-04-14 13:44:39,227] {dagbag.py:448} INFO - Filling up the DagBag from /home/airflow/.local/lib/python3.6/site-packages/airflow/example_dags/example_kubernetes_executor_config.py
[2021-04-14 13:44:39,247] {scheduler_job.py:639} INFO - DAG(s) dict_keys(['example_kubernetes_executor_config']) retrieved from /home/airflow/.local/lib/python3.6/site-packages/airflow/example_dags/example_kubernetes_executor_config.py
[2021-04-14 13:44:39,274] {logging_mixin.py:104} INFO - [2021-04-14 13:44:39,274] {dag.py:1818} INFO - Sync 1 DAGs
[2021-04-14 13:44:39,293] {logging_mixin.py:104} INFO - [2021-04-14 13:44:39,293] {dag.py:2273} INFO - Setting next_dagrun for example_kubernetes_executor_config to None
[2021-04-14 13:44:39,305] {scheduler_job.py:190} INFO - Processing /home/airflow/.local/lib/python3.6/site-packages/airflow/example_dags/example_kubernetes_executor_config.py took 0.087 seconds
[2021-04-14 13:45:09,494] {scheduler_job.py:182} INFO - Started process (PID=967) to work on /home/airflow/.local/lib/python3.6/site-packages/airflow/example_dags/example_kubernetes_executor_config.py
[2021-04-14 13:45:09,497] {scheduler_job.py:629} INFO - Processing file /home/airflow/.local/lib/python3.6/site-packages/airflow/example_dags/example_kubernetes_executor_config.py for tasks to queue
[2021-04-14 13:45:09,499] {logging_mixin.py:104} INFO - [2021-04-14 13:45:09,499] {dagbag.py:448} INFO - Filling up the DagBag from /home/airflow/.local/lib/python3.6/site-packages/airflow/example_dags/example_kubernetes_executor_config.py
[2021-04-14 13:45:09,523] {scheduler_job.py:639} INFO - DAG(s) dict_keys(['example_kubernetes_executor_config']) retrieved from /home/airflow/.local/lib/python3.6/site-packages/airflow/example_dags/example_kubernetes_executor_config.py
[2021-04-14 13:45:09,555] {logging_mixin.py:104} INFO - [2021-04-14 13:45:09,555] {dag.py:1818} INFO - Sync 1 DAGs
[2021-04-14 13:45:09,578] {logging_mixin.py:104} INFO - [2021-04-14 13:45:09,577] {dag.py:2273} INFO - Setting next_dagrun for example_kubernetes_executor_config to None
[2021-04-14 13:45:09,589] {scheduler_job.py:190} INFO - Processing /home/airflow/.local/lib/python3.6/site-packages/airflow/example_dags/example_kubernetes_executor_config.py took 0.100 seconds
[2021-04-14 13:45:39,876] {scheduler_job.py:182} INFO - Started process (PID=992) to work on /home/airflow/.local/lib/python3.6/site-packages/airflow/example_dags/example_kubernetes_executor_config.py
[2021-04-14 13:45:39,878] {scheduler_job.py:629} INFO - Processing file /home/airflow/.local/lib/python3.6/site-packages/airflow/example_dags/example_kubernetes_executor_config.py for tasks to queue
[2021-04-14 13:45:39,879] {logging_mixin.py:104} INFO - [2021-04-14 13:45:39,879] {dagbag.py:448} INFO - Filling up the DagBag from /home/airflow/.local/lib/python3.6/site-packages/airflow/example_dags/example_kubernetes_executor_config.py
[2021-04-14 13:45:39,901] {scheduler_job.py:639} INFO - DAG(s) dict_keys(['example_kubernetes_executor_config']) retrieved from /home/airflow/.local/lib/python3.6/site-packages/airflow/example_dags/example_kubernetes_executor_config.py
[2021-04-14 13:45:39,933] {logging_mixin.py:104} INFO - [2021-04-14 13:45:39,932] {dag.py:1818} INFO - Sync 1 DAGs
[2021-04-14 13:45:39,955] {logging_mixin.py:104} INFO - [2021-04-14 13:45:39,954] {dag.py:2273} INFO - Setting next_dagrun for example_kubernetes_executor_config to None
[2021-04-14 13:45:39,968] {scheduler_job.py:190} INFO - Processing /home/airflow/.local/lib/python3.6/site-packages/airflow/example_dags/example_kubernetes_executor_config.py took 0.096 seconds
[2021-04-14 13:46:10,300] {scheduler_job.py:182} INFO - Started process (PID=1018) to work on /home/airflow/.local/lib/python3.6/site-packages/airflow/example_dags/example_kubernetes_executor_config.py
[2021-04-14 13:46:10,302] {scheduler_job.py:629} INFO - Processing file /home/airflow/.local/lib/python3.6/site-packages/airflow/example_dags/example_kubernetes_executor_config.py for tasks to queue
[2021-04-14 13:46:10,303] {logging_mixin.py:104} INFO - [2021-04-14 13:46:10,303] {dagbag.py:448} INFO - Filling up the DagBag from /home/airflow/.local/lib/python3.6/site-packages/airflow/example_dags/example_kubernetes_executor_config.py
[2021-04-14 13:46:10,361] {scheduler_job.py:639} INFO - DAG(s) dict_keys(['example_kubernetes_executor_config']) retrieved from /home/airflow/.local/lib/python3.6/site-packages/airflow/example_dags/example_kubernetes_executor_config.py
[2021-04-14 13:46:10,399] {logging_mixin.py:104} INFO - [2021-04-14 13:46:10,399] {dag.py:1818} INFO - Sync 1 DAGs
[2021-04-14 13:46:10,423] {logging_mixin.py:104} INFO - [2021-04-14 13:46:10,423] {dag.py:2273} INFO - Setting next_dagrun for example_kubernetes_executor_config to None
[2021-04-14 13:46:10,436] {scheduler_job.py:190} INFO - Processing /home/airflow/.local/lib/python3.6/site-packages/airflow/example_dags/example_kubernetes_executor_config.py took 0.144 seconds
[2021-04-14 13:46:40,621] {scheduler_job.py:182} INFO - Started process (PID=1044) to work on /home/airflow/.local/lib/python3.6/site-packages/airflow/example_dags/example_kubernetes_executor_config.py
[2021-04-14 13:46:40,622] {scheduler_job.py:629} INFO - Processing file /home/airflow/.local/lib/python3.6/site-packages/airflow/example_dags/example_kubernetes_executor_config.py for tasks to queue
[2021-04-14 13:46:40,624] {logging_mixin.py:104} INFO - [2021-04-14 13:46:40,623] {dagbag.py:448} INFO - Filling up the DagBag from /home/airflow/.local/lib/python3.6/site-packages/airflow/example_dags/example_kubernetes_executor_config.py
[2021-04-14 13:46:40,642] {scheduler_job.py:639} INFO - DAG(s) dict_keys(['example_kubernetes_executor_config']) retrieved from /home/airflow/.local/lib/python3.6/site-packages/airflow/example_dags/example_kubernetes_executor_config.py
[2021-04-14 13:46:40,672] {logging_mixin.py:104} INFO - [2021-04-14 13:46:40,671] {dag.py:1818} INFO - Sync 1 DAGs
[2021-04-14 13:46:40,692] {logging_mixin.py:104} INFO - [2021-04-14 13:46:40,692] {dag.py:2273} INFO - Setting next_dagrun for example_kubernetes_executor_config to None
[2021-04-14 13:46:40,704] {scheduler_job.py:190} INFO - Processing /home/airflow/.local/lib/python3.6/site-packages/airflow/example_dags/example_kubernetes_executor_config.py took 0.088 seconds
[2021-04-14 13:47:11,026] {scheduler_job.py:182} INFO - Started process (PID=1070) to work on /home/airflow/.local/lib/python3.6/site-packages/airflow/example_dags/example_kubernetes_executor_config.py
[2021-04-14 13:47:11,028] {scheduler_job.py:629} INFO - Processing file /home/airflow/.local/lib/python3.6/site-packages/airflow/example_dags/example_kubernetes_executor_config.py for tasks to queue
[2021-04-14 13:47:11,029] {logging_mixin.py:104} INFO - [2021-04-14 13:47:11,029] {dagbag.py:448} INFO - Filling up the DagBag from /home/airflow/.local/lib/python3.6/site-packages/airflow/example_dags/example_kubernetes_executor_config.py
[2021-04-14 13:47:11,056] {scheduler_job.py:639} INFO - DAG(s) dict_keys(['example_kubernetes_executor_config']) retrieved from /home/airflow/.local/lib/python3.6/site-packages/airflow/example_dags/example_kubernetes_executor_config.py
[2021-04-14 13:47:11,093] {logging_mixin.py:104} INFO - [2021-04-14 13:47:11,092] {dag.py:1818} INFO - Sync 1 DAGs
[2021-04-14 13:47:11,119] {logging_mixin.py:104} INFO - [2021-04-14 13:47:11,119] {dag.py:2273} INFO - Setting next_dagrun for example_kubernetes_executor_config to None
[2021-04-14 13:47:11,139] {scheduler_job.py:190} INFO - Processing /home/airflow/.local/lib/python3.6/site-packages/airflow/example_dags/example_kubernetes_executor_config.py took 0.120 seconds
[2021-04-14 13:47:41,451] {scheduler_job.py:182} INFO - Started process (PID=1096) to work on /home/airflow/.local/lib/python3.6/site-packages/airflow/example_dags/example_kubernetes_executor_config.py
[2021-04-14 13:47:41,453] {scheduler_job.py:629} INFO - Processing file /home/airflow/.local/lib/python3.6/site-packages/airflow/example_dags/example_kubernetes_executor_config.py for tasks to queue
[2021-04-14 13:47:41,454] {logging_mixin.py:104} INFO - [2021-04-14 13:47:41,454] {dagbag.py:448} INFO - Filling up the DagBag from /home/airflow/.local/lib/python3.6/site-packages/airflow/example_dags/example_kubernetes_executor_config.py
[2021-04-14 13:47:41,472] {scheduler_job.py:639} INFO - DAG(s) dict_keys(['example_kubernetes_executor_config']) retrieved from /home/airflow/.local/lib/python3.6/site-packages/airflow/example_dags/example_kubernetes_executor_config.py
[2021-04-14 13:47:41,507] {logging_mixin.py:104} INFO - [2021-04-14 13:47:41,507] {dag.py:1818} INFO - Sync 1 DAGs
[2021-04-14 13:47:41,531] {logging_mixin.py:104} INFO - [2021-04-14 13:47:41,530] {dag.py:2273} INFO - Setting next_dagrun for example_kubernetes_executor_config to None
[2021-04-14 13:47:41,632] {scheduler_job.py:190} INFO - Processing /home/airflow/.local/lib/python3.6/site-packages/airflow/example_dags/example_kubernetes_executor_config.py took 0.186 seconds
[2021-04-14 13:48:11,957] {scheduler_job.py:182} INFO - Started process (PID=1123) to work on /home/airflow/.local/lib/python3.6/site-packages/airflow/example_dags/example_kubernetes_executor_config.py
[2021-04-14 13:48:11,959] {scheduler_job.py:629} INFO - Processing file /home/airflow/.local/lib/python3.6/site-packages/airflow/example_dags/example_kubernetes_executor_config.py for tasks to queue
[2021-04-14 13:48:11,961] {logging_mixin.py:104} INFO - [2021-04-14 13:48:11,960] {dagbag.py:448} INFO - Filling up the DagBag from /home/airflow/.local/lib/python3.6/site-packages/airflow/example_dags/example_kubernetes_executor_config.py
[2021-04-14 13:48:11,983] {scheduler_job.py:639} INFO - DAG(s) dict_keys(['example_kubernetes_executor_config']) retrieved from /home/airflow/.local/lib/python3.6/site-packages/airflow/example_dags/example_kubernetes_executor_config.py
[2021-04-14 13:48:12,015] {logging_mixin.py:104} INFO - [2021-04-14 13:48:12,015] {dag.py:1818} INFO - Sync 1 DAGs
[2021-04-14 13:48:12,037] {logging_mixin.py:104} INFO - [2021-04-14 13:48:12,037] {dag.py:2273} INFO - Setting next_dagrun for example_kubernetes_executor_config to None
[2021-04-14 13:48:12,051] {scheduler_job.py:190} INFO - Processing /home/airflow/.local/lib/python3.6/site-packages/airflow/example_dags/example_kubernetes_executor_config.py took 0.099 seconds
[2021-04-14 13:48:43,040] {scheduler_job.py:182} INFO - Started process (PID=1149) to work on /home/airflow/.local/lib/python3.6/site-packages/airflow/example_dags/example_kubernetes_executor_config.py
[2021-04-14 13:48:43,042] {scheduler_job.py:629} INFO - Processing file /home/airflow/.local/lib/python3.6/site-packages/airflow/example_dags/example_kubernetes_executor_config.py for tasks to queue
[2021-04-14 13:48:43,044] {logging_mixin.py:104} INFO - [2021-04-14 13:48:43,044] {dagbag.py:448} INFO - Filling up the DagBag from /home/airflow/.local/lib/python3.6/site-packages/airflow/example_dags/example_kubernetes_executor_config.py
[2021-04-14 13:48:43,090] {scheduler_job.py:639} INFO - DAG(s) dict_keys(['example_kubernetes_executor_config']) retrieved from /home/airflow/.local/lib/python3.6/site-packages/airflow/example_dags/example_kubernetes_executor_config.py
[2021-04-14 13:48:43,137] {logging_mixin.py:104} INFO - [2021-04-14 13:48:43,136] {dag.py:1818} INFO - Sync 1 DAGs
[2021-04-14 13:48:43,169] {logging_mixin.py:104} INFO - [2021-04-14 13:48:43,169] {dag.py:2273} INFO - Setting next_dagrun for example_kubernetes_executor_config to None
[2021-04-14 13:48:43,187] {scheduler_job.py:190} INFO - Processing /home/airflow/.local/lib/python3.6/site-packages/airflow/example_dags/example_kubernetes_executor_config.py took 0.156 seconds
