[2021-04-14 13:27:52,213] {scheduler_job.py:182} INFO - Started process (PID=62) to work on /home/airflow/.local/lib/python3.6/site-packages/airflow/example_dags/example_nested_branch_dag.py
[2021-04-14 13:27:52,215] {scheduler_job.py:629} INFO - Processing file /home/airflow/.local/lib/python3.6/site-packages/airflow/example_dags/example_nested_branch_dag.py for tasks to queue
[2021-04-14 13:27:52,217] {logging_mixin.py:104} INFO - [2021-04-14 13:27:52,217] {dagbag.py:448} INFO - Filling up the DagBag from /home/airflow/.local/lib/python3.6/site-packages/airflow/example_dags/example_nested_branch_dag.py
[2021-04-14 13:27:52,249] {scheduler_job.py:639} INFO - DAG(s) dict_keys(['example_nested_branch_dag']) retrieved from /home/airflow/.local/lib/python3.6/site-packages/airflow/example_dags/example_nested_branch_dag.py
[2021-04-14 13:27:52,305] {logging_mixin.py:104} INFO - [2021-04-14 13:27:52,305] {dag.py:1818} INFO - Sync 1 DAGs
[2021-04-14 13:27:52,385] {logging_mixin.py:104} INFO - [2021-04-14 13:27:52,384] {dag.py:2273} INFO - Setting next_dagrun for example_nested_branch_dag to 2021-04-12 00:00:00+00:00
[2021-04-14 13:27:52,420] {scheduler_job.py:190} INFO - Processing /home/airflow/.local/lib/python3.6/site-packages/airflow/example_dags/example_nested_branch_dag.py took 0.215 seconds
[2021-04-14 13:28:25,332] {scheduler_job.py:182} INFO - Started process (PID=100) to work on /home/airflow/.local/lib/python3.6/site-packages/airflow/example_dags/example_nested_branch_dag.py
[2021-04-14 13:28:25,340] {scheduler_job.py:629} INFO - Processing file /home/airflow/.local/lib/python3.6/site-packages/airflow/example_dags/example_nested_branch_dag.py for tasks to queue
[2021-04-14 13:28:25,342] {logging_mixin.py:104} INFO - [2021-04-14 13:28:25,342] {dagbag.py:448} INFO - Filling up the DagBag from /home/airflow/.local/lib/python3.6/site-packages/airflow/example_dags/example_nested_branch_dag.py
[2021-04-14 13:28:25,396] {scheduler_job.py:639} INFO - DAG(s) dict_keys(['example_nested_branch_dag']) retrieved from /home/airflow/.local/lib/python3.6/site-packages/airflow/example_dags/example_nested_branch_dag.py
[2021-04-14 13:28:25,543] {logging_mixin.py:104} INFO - [2021-04-14 13:28:25,543] {dag.py:1818} INFO - Sync 1 DAGs
[2021-04-14 13:28:25,737] {logging_mixin.py:104} INFO - [2021-04-14 13:28:25,736] {dag.py:2273} INFO - Setting next_dagrun for example_nested_branch_dag to 2021-04-12 00:00:00+00:00
[2021-04-14 13:28:25,850] {scheduler_job.py:190} INFO - Processing /home/airflow/.local/lib/python3.6/site-packages/airflow/example_dags/example_nested_branch_dag.py took 0.526 seconds
[2021-04-14 13:28:56,731] {scheduler_job.py:182} INFO - Started process (PID=130) to work on /home/airflow/.local/lib/python3.6/site-packages/airflow/example_dags/example_nested_branch_dag.py
[2021-04-14 13:28:56,733] {scheduler_job.py:629} INFO - Processing file /home/airflow/.local/lib/python3.6/site-packages/airflow/example_dags/example_nested_branch_dag.py for tasks to queue
[2021-04-14 13:28:56,734] {logging_mixin.py:104} INFO - [2021-04-14 13:28:56,734] {dagbag.py:448} INFO - Filling up the DagBag from /home/airflow/.local/lib/python3.6/site-packages/airflow/example_dags/example_nested_branch_dag.py
[2021-04-14 13:28:56,755] {scheduler_job.py:639} INFO - DAG(s) dict_keys(['example_nested_branch_dag']) retrieved from /home/airflow/.local/lib/python3.6/site-packages/airflow/example_dags/example_nested_branch_dag.py
[2021-04-14 13:28:56,781] {logging_mixin.py:104} INFO - [2021-04-14 13:28:56,781] {dag.py:1818} INFO - Sync 1 DAGs
[2021-04-14 13:28:56,812] {logging_mixin.py:104} INFO - [2021-04-14 13:28:56,812] {dag.py:2273} INFO - Setting next_dagrun for example_nested_branch_dag to 2021-04-12 00:00:00+00:00
[2021-04-14 13:28:56,824] {scheduler_job.py:190} INFO - Processing /home/airflow/.local/lib/python3.6/site-packages/airflow/example_dags/example_nested_branch_dag.py took 0.097 seconds
[2021-04-14 13:29:26,886] {scheduler_job.py:182} INFO - Started process (PID=156) to work on /home/airflow/.local/lib/python3.6/site-packages/airflow/example_dags/example_nested_branch_dag.py
[2021-04-14 13:29:26,888] {scheduler_job.py:629} INFO - Processing file /home/airflow/.local/lib/python3.6/site-packages/airflow/example_dags/example_nested_branch_dag.py for tasks to queue
[2021-04-14 13:29:26,890] {logging_mixin.py:104} INFO - [2021-04-14 13:29:26,889] {dagbag.py:448} INFO - Filling up the DagBag from /home/airflow/.local/lib/python3.6/site-packages/airflow/example_dags/example_nested_branch_dag.py
[2021-04-14 13:29:26,910] {scheduler_job.py:639} INFO - DAG(s) dict_keys(['example_nested_branch_dag']) retrieved from /home/airflow/.local/lib/python3.6/site-packages/airflow/example_dags/example_nested_branch_dag.py
[2021-04-14 13:29:26,940] {logging_mixin.py:104} INFO - [2021-04-14 13:29:26,940] {dag.py:1818} INFO - Sync 1 DAGs
[2021-04-14 13:29:26,972] {logging_mixin.py:104} INFO - [2021-04-14 13:29:26,972] {dag.py:2273} INFO - Setting next_dagrun for example_nested_branch_dag to 2021-04-12 00:00:00+00:00
[2021-04-14 13:29:26,986] {scheduler_job.py:190} INFO - Processing /home/airflow/.local/lib/python3.6/site-packages/airflow/example_dags/example_nested_branch_dag.py took 0.104 seconds
[2021-04-14 13:29:57,039] {scheduler_job.py:182} INFO - Started process (PID=182) to work on /home/airflow/.local/lib/python3.6/site-packages/airflow/example_dags/example_nested_branch_dag.py
[2021-04-14 13:29:57,041] {scheduler_job.py:629} INFO - Processing file /home/airflow/.local/lib/python3.6/site-packages/airflow/example_dags/example_nested_branch_dag.py for tasks to queue
[2021-04-14 13:29:57,042] {logging_mixin.py:104} INFO - [2021-04-14 13:29:57,042] {dagbag.py:448} INFO - Filling up the DagBag from /home/airflow/.local/lib/python3.6/site-packages/airflow/example_dags/example_nested_branch_dag.py
[2021-04-14 13:29:57,056] {scheduler_job.py:639} INFO - DAG(s) dict_keys(['example_nested_branch_dag']) retrieved from /home/airflow/.local/lib/python3.6/site-packages/airflow/example_dags/example_nested_branch_dag.py
[2021-04-14 13:29:57,079] {logging_mixin.py:104} INFO - [2021-04-14 13:29:57,079] {dag.py:1818} INFO - Sync 1 DAGs
[2021-04-14 13:29:57,100] {logging_mixin.py:104} INFO - [2021-04-14 13:29:57,100] {dag.py:2273} INFO - Setting next_dagrun for example_nested_branch_dag to 2021-04-12 00:00:00+00:00
[2021-04-14 13:29:57,110] {scheduler_job.py:190} INFO - Processing /home/airflow/.local/lib/python3.6/site-packages/airflow/example_dags/example_nested_branch_dag.py took 0.074 seconds
[2021-04-14 13:30:27,191] {scheduler_job.py:182} INFO - Started process (PID=208) to work on /home/airflow/.local/lib/python3.6/site-packages/airflow/example_dags/example_nested_branch_dag.py
[2021-04-14 13:30:27,193] {scheduler_job.py:629} INFO - Processing file /home/airflow/.local/lib/python3.6/site-packages/airflow/example_dags/example_nested_branch_dag.py for tasks to queue
[2021-04-14 13:30:27,194] {logging_mixin.py:104} INFO - [2021-04-14 13:30:27,194] {dagbag.py:448} INFO - Filling up the DagBag from /home/airflow/.local/lib/python3.6/site-packages/airflow/example_dags/example_nested_branch_dag.py
[2021-04-14 13:30:27,209] {scheduler_job.py:639} INFO - DAG(s) dict_keys(['example_nested_branch_dag']) retrieved from /home/airflow/.local/lib/python3.6/site-packages/airflow/example_dags/example_nested_branch_dag.py
[2021-04-14 13:30:27,230] {logging_mixin.py:104} INFO - [2021-04-14 13:30:27,230] {dag.py:1818} INFO - Sync 1 DAGs
[2021-04-14 13:30:27,250] {logging_mixin.py:104} INFO - [2021-04-14 13:30:27,250] {dag.py:2273} INFO - Setting next_dagrun for example_nested_branch_dag to 2021-04-12 00:00:00+00:00
[2021-04-14 13:30:27,261] {scheduler_job.py:190} INFO - Processing /home/airflow/.local/lib/python3.6/site-packages/airflow/example_dags/example_nested_branch_dag.py took 0.073 seconds
[2021-04-14 13:30:57,477] {scheduler_job.py:182} INFO - Started process (PID=234) to work on /home/airflow/.local/lib/python3.6/site-packages/airflow/example_dags/example_nested_branch_dag.py
[2021-04-14 13:30:57,479] {scheduler_job.py:629} INFO - Processing file /home/airflow/.local/lib/python3.6/site-packages/airflow/example_dags/example_nested_branch_dag.py for tasks to queue
[2021-04-14 13:30:57,480] {logging_mixin.py:104} INFO - [2021-04-14 13:30:57,480] {dagbag.py:448} INFO - Filling up the DagBag from /home/airflow/.local/lib/python3.6/site-packages/airflow/example_dags/example_nested_branch_dag.py
[2021-04-14 13:30:57,504] {scheduler_job.py:639} INFO - DAG(s) dict_keys(['example_nested_branch_dag']) retrieved from /home/airflow/.local/lib/python3.6/site-packages/airflow/example_dags/example_nested_branch_dag.py
[2021-04-14 13:30:57,537] {logging_mixin.py:104} INFO - [2021-04-14 13:30:57,537] {dag.py:1818} INFO - Sync 1 DAGs
[2021-04-14 13:30:57,571] {logging_mixin.py:104} INFO - [2021-04-14 13:30:57,571] {dag.py:2273} INFO - Setting next_dagrun for example_nested_branch_dag to 2021-04-12 00:00:00+00:00
[2021-04-14 13:30:57,586] {scheduler_job.py:190} INFO - Processing /home/airflow/.local/lib/python3.6/site-packages/airflow/example_dags/example_nested_branch_dag.py took 0.115 seconds
[2021-04-14 13:31:27,878] {scheduler_job.py:182} INFO - Started process (PID=260) to work on /home/airflow/.local/lib/python3.6/site-packages/airflow/example_dags/example_nested_branch_dag.py
[2021-04-14 13:31:27,879] {scheduler_job.py:629} INFO - Processing file /home/airflow/.local/lib/python3.6/site-packages/airflow/example_dags/example_nested_branch_dag.py for tasks to queue
[2021-04-14 13:31:27,880] {logging_mixin.py:104} INFO - [2021-04-14 13:31:27,880] {dagbag.py:448} INFO - Filling up the DagBag from /home/airflow/.local/lib/python3.6/site-packages/airflow/example_dags/example_nested_branch_dag.py
[2021-04-14 13:31:27,894] {scheduler_job.py:639} INFO - DAG(s) dict_keys(['example_nested_branch_dag']) retrieved from /home/airflow/.local/lib/python3.6/site-packages/airflow/example_dags/example_nested_branch_dag.py
[2021-04-14 13:31:27,914] {logging_mixin.py:104} INFO - [2021-04-14 13:31:27,914] {dag.py:1818} INFO - Sync 1 DAGs
[2021-04-14 13:31:27,934] {logging_mixin.py:104} INFO - [2021-04-14 13:31:27,934] {dag.py:2273} INFO - Setting next_dagrun for example_nested_branch_dag to 2021-04-12 00:00:00+00:00
[2021-04-14 13:31:27,944] {scheduler_job.py:190} INFO - Processing /home/airflow/.local/lib/python3.6/site-packages/airflow/example_dags/example_nested_branch_dag.py took 0.069 seconds
[2021-04-14 13:31:58,179] {scheduler_job.py:182} INFO - Started process (PID=286) to work on /home/airflow/.local/lib/python3.6/site-packages/airflow/example_dags/example_nested_branch_dag.py
[2021-04-14 13:31:58,181] {scheduler_job.py:629} INFO - Processing file /home/airflow/.local/lib/python3.6/site-packages/airflow/example_dags/example_nested_branch_dag.py for tasks to queue
[2021-04-14 13:31:58,182] {logging_mixin.py:104} INFO - [2021-04-14 13:31:58,182] {dagbag.py:448} INFO - Filling up the DagBag from /home/airflow/.local/lib/python3.6/site-packages/airflow/example_dags/example_nested_branch_dag.py
[2021-04-14 13:31:58,200] {scheduler_job.py:639} INFO - DAG(s) dict_keys(['example_nested_branch_dag']) retrieved from /home/airflow/.local/lib/python3.6/site-packages/airflow/example_dags/example_nested_branch_dag.py
[2021-04-14 13:31:58,222] {logging_mixin.py:104} INFO - [2021-04-14 13:31:58,222] {dag.py:1818} INFO - Sync 1 DAGs
[2021-04-14 13:31:58,244] {logging_mixin.py:104} INFO - [2021-04-14 13:31:58,244] {dag.py:2273} INFO - Setting next_dagrun for example_nested_branch_dag to 2021-04-12 00:00:00+00:00
[2021-04-14 13:31:58,254] {scheduler_job.py:190} INFO - Processing /home/airflow/.local/lib/python3.6/site-packages/airflow/example_dags/example_nested_branch_dag.py took 0.079 seconds
[2021-04-14 13:32:28,462] {scheduler_job.py:182} INFO - Started process (PID=312) to work on /home/airflow/.local/lib/python3.6/site-packages/airflow/example_dags/example_nested_branch_dag.py
[2021-04-14 13:32:28,463] {scheduler_job.py:629} INFO - Processing file /home/airflow/.local/lib/python3.6/site-packages/airflow/example_dags/example_nested_branch_dag.py for tasks to queue
[2021-04-14 13:32:28,464] {logging_mixin.py:104} INFO - [2021-04-14 13:32:28,464] {dagbag.py:448} INFO - Filling up the DagBag from /home/airflow/.local/lib/python3.6/site-packages/airflow/example_dags/example_nested_branch_dag.py
[2021-04-14 13:32:28,480] {scheduler_job.py:639} INFO - DAG(s) dict_keys(['example_nested_branch_dag']) retrieved from /home/airflow/.local/lib/python3.6/site-packages/airflow/example_dags/example_nested_branch_dag.py
[2021-04-14 13:32:28,501] {logging_mixin.py:104} INFO - [2021-04-14 13:32:28,501] {dag.py:1818} INFO - Sync 1 DAGs
[2021-04-14 13:32:28,522] {logging_mixin.py:104} INFO - [2021-04-14 13:32:28,522] {dag.py:2273} INFO - Setting next_dagrun for example_nested_branch_dag to 2021-04-12 00:00:00+00:00
[2021-04-14 13:32:28,533] {scheduler_job.py:190} INFO - Processing /home/airflow/.local/lib/python3.6/site-packages/airflow/example_dags/example_nested_branch_dag.py took 0.074 seconds
[2021-04-14 13:32:58,657] {scheduler_job.py:182} INFO - Started process (PID=338) to work on /home/airflow/.local/lib/python3.6/site-packages/airflow/example_dags/example_nested_branch_dag.py
[2021-04-14 13:32:58,658] {scheduler_job.py:629} INFO - Processing file /home/airflow/.local/lib/python3.6/site-packages/airflow/example_dags/example_nested_branch_dag.py for tasks to queue
[2021-04-14 13:32:58,659] {logging_mixin.py:104} INFO - [2021-04-14 13:32:58,659] {dagbag.py:448} INFO - Filling up the DagBag from /home/airflow/.local/lib/python3.6/site-packages/airflow/example_dags/example_nested_branch_dag.py
[2021-04-14 13:32:58,674] {scheduler_job.py:639} INFO - DAG(s) dict_keys(['example_nested_branch_dag']) retrieved from /home/airflow/.local/lib/python3.6/site-packages/airflow/example_dags/example_nested_branch_dag.py
[2021-04-14 13:32:58,694] {logging_mixin.py:104} INFO - [2021-04-14 13:32:58,694] {dag.py:1818} INFO - Sync 1 DAGs
[2021-04-14 13:32:58,716] {logging_mixin.py:104} INFO - [2021-04-14 13:32:58,716] {dag.py:2273} INFO - Setting next_dagrun for example_nested_branch_dag to 2021-04-12 00:00:00+00:00
[2021-04-14 13:32:58,841] {scheduler_job.py:190} INFO - Processing /home/airflow/.local/lib/python3.6/site-packages/airflow/example_dags/example_nested_branch_dag.py took 0.187 seconds
[2021-04-14 13:33:29,806] {scheduler_job.py:182} INFO - Started process (PID=364) to work on /home/airflow/.local/lib/python3.6/site-packages/airflow/example_dags/example_nested_branch_dag.py
[2021-04-14 13:33:29,808] {scheduler_job.py:629} INFO - Processing file /home/airflow/.local/lib/python3.6/site-packages/airflow/example_dags/example_nested_branch_dag.py for tasks to queue
[2021-04-14 13:33:29,809] {logging_mixin.py:104} INFO - [2021-04-14 13:33:29,808] {dagbag.py:448} INFO - Filling up the DagBag from /home/airflow/.local/lib/python3.6/site-packages/airflow/example_dags/example_nested_branch_dag.py
[2021-04-14 13:33:29,824] {scheduler_job.py:639} INFO - DAG(s) dict_keys(['example_nested_branch_dag']) retrieved from /home/airflow/.local/lib/python3.6/site-packages/airflow/example_dags/example_nested_branch_dag.py
[2021-04-14 13:33:29,843] {logging_mixin.py:104} INFO - [2021-04-14 13:33:29,843] {dag.py:1818} INFO - Sync 1 DAGs
[2021-04-14 13:33:29,865] {logging_mixin.py:104} INFO - [2021-04-14 13:33:29,865] {dag.py:2273} INFO - Setting next_dagrun for example_nested_branch_dag to 2021-04-12 00:00:00+00:00
[2021-04-14 13:33:29,874] {scheduler_job.py:190} INFO - Processing /home/airflow/.local/lib/python3.6/site-packages/airflow/example_dags/example_nested_branch_dag.py took 0.071 seconds
[2021-04-14 13:34:00,049] {scheduler_job.py:182} INFO - Started process (PID=390) to work on /home/airflow/.local/lib/python3.6/site-packages/airflow/example_dags/example_nested_branch_dag.py
[2021-04-14 13:34:00,050] {scheduler_job.py:629} INFO - Processing file /home/airflow/.local/lib/python3.6/site-packages/airflow/example_dags/example_nested_branch_dag.py for tasks to queue
[2021-04-14 13:34:00,051] {logging_mixin.py:104} INFO - [2021-04-14 13:34:00,051] {dagbag.py:448} INFO - Filling up the DagBag from /home/airflow/.local/lib/python3.6/site-packages/airflow/example_dags/example_nested_branch_dag.py
[2021-04-14 13:34:00,068] {scheduler_job.py:639} INFO - DAG(s) dict_keys(['example_nested_branch_dag']) retrieved from /home/airflow/.local/lib/python3.6/site-packages/airflow/example_dags/example_nested_branch_dag.py
[2021-04-14 13:34:00,090] {logging_mixin.py:104} INFO - [2021-04-14 13:34:00,090] {dag.py:1818} INFO - Sync 1 DAGs
[2021-04-14 13:34:00,113] {logging_mixin.py:104} INFO - [2021-04-14 13:34:00,113] {dag.py:2273} INFO - Setting next_dagrun for example_nested_branch_dag to 2021-04-12 00:00:00+00:00
[2021-04-14 13:34:00,123] {scheduler_job.py:190} INFO - Processing /home/airflow/.local/lib/python3.6/site-packages/airflow/example_dags/example_nested_branch_dag.py took 0.077 seconds
[2021-04-14 13:34:30,402] {scheduler_job.py:182} INFO - Started process (PID=416) to work on /home/airflow/.local/lib/python3.6/site-packages/airflow/example_dags/example_nested_branch_dag.py
[2021-04-14 13:34:30,403] {scheduler_job.py:629} INFO - Processing file /home/airflow/.local/lib/python3.6/site-packages/airflow/example_dags/example_nested_branch_dag.py for tasks to queue
[2021-04-14 13:34:30,404] {logging_mixin.py:104} INFO - [2021-04-14 13:34:30,404] {dagbag.py:448} INFO - Filling up the DagBag from /home/airflow/.local/lib/python3.6/site-packages/airflow/example_dags/example_nested_branch_dag.py
[2021-04-14 13:34:30,421] {scheduler_job.py:639} INFO - DAG(s) dict_keys(['example_nested_branch_dag']) retrieved from /home/airflow/.local/lib/python3.6/site-packages/airflow/example_dags/example_nested_branch_dag.py
[2021-04-14 13:34:30,444] {logging_mixin.py:104} INFO - [2021-04-14 13:34:30,444] {dag.py:1818} INFO - Sync 1 DAGs
[2021-04-14 13:34:30,468] {logging_mixin.py:104} INFO - [2021-04-14 13:34:30,468] {dag.py:2273} INFO - Setting next_dagrun for example_nested_branch_dag to 2021-04-12 00:00:00+00:00
[2021-04-14 13:34:30,480] {scheduler_job.py:190} INFO - Processing /home/airflow/.local/lib/python3.6/site-packages/airflow/example_dags/example_nested_branch_dag.py took 0.081 seconds
[2021-04-14 13:35:00,761] {scheduler_job.py:182} INFO - Started process (PID=442) to work on /home/airflow/.local/lib/python3.6/site-packages/airflow/example_dags/example_nested_branch_dag.py
[2021-04-14 13:35:00,763] {scheduler_job.py:629} INFO - Processing file /home/airflow/.local/lib/python3.6/site-packages/airflow/example_dags/example_nested_branch_dag.py for tasks to queue
[2021-04-14 13:35:00,764] {logging_mixin.py:104} INFO - [2021-04-14 13:35:00,764] {dagbag.py:448} INFO - Filling up the DagBag from /home/airflow/.local/lib/python3.6/site-packages/airflow/example_dags/example_nested_branch_dag.py
[2021-04-14 13:35:00,781] {scheduler_job.py:639} INFO - DAG(s) dict_keys(['example_nested_branch_dag']) retrieved from /home/airflow/.local/lib/python3.6/site-packages/airflow/example_dags/example_nested_branch_dag.py
[2021-04-14 13:35:00,808] {logging_mixin.py:104} INFO - [2021-04-14 13:35:00,808] {dag.py:1818} INFO - Sync 1 DAGs
[2021-04-14 13:35:00,839] {logging_mixin.py:104} INFO - [2021-04-14 13:35:00,839] {dag.py:2273} INFO - Setting next_dagrun for example_nested_branch_dag to 2021-04-12 00:00:00+00:00
[2021-04-14 13:35:00,850] {scheduler_job.py:190} INFO - Processing /home/airflow/.local/lib/python3.6/site-packages/airflow/example_dags/example_nested_branch_dag.py took 0.093 seconds
[2021-04-14 13:35:31,174] {scheduler_job.py:182} INFO - Started process (PID=468) to work on /home/airflow/.local/lib/python3.6/site-packages/airflow/example_dags/example_nested_branch_dag.py
[2021-04-14 13:35:31,175] {scheduler_job.py:629} INFO - Processing file /home/airflow/.local/lib/python3.6/site-packages/airflow/example_dags/example_nested_branch_dag.py for tasks to queue
[2021-04-14 13:35:31,176] {logging_mixin.py:104} INFO - [2021-04-14 13:35:31,176] {dagbag.py:448} INFO - Filling up the DagBag from /home/airflow/.local/lib/python3.6/site-packages/airflow/example_dags/example_nested_branch_dag.py
[2021-04-14 13:35:31,193] {scheduler_job.py:639} INFO - DAG(s) dict_keys(['example_nested_branch_dag']) retrieved from /home/airflow/.local/lib/python3.6/site-packages/airflow/example_dags/example_nested_branch_dag.py
[2021-04-14 13:35:31,215] {logging_mixin.py:104} INFO - [2021-04-14 13:35:31,214] {dag.py:1818} INFO - Sync 1 DAGs
[2021-04-14 13:35:31,239] {logging_mixin.py:104} INFO - [2021-04-14 13:35:31,239] {dag.py:2273} INFO - Setting next_dagrun for example_nested_branch_dag to 2021-04-12 00:00:00+00:00
[2021-04-14 13:35:31,250] {scheduler_job.py:190} INFO - Processing /home/airflow/.local/lib/python3.6/site-packages/airflow/example_dags/example_nested_branch_dag.py took 0.079 seconds
[2021-04-14 13:36:01,425] {scheduler_job.py:182} INFO - Started process (PID=494) to work on /home/airflow/.local/lib/python3.6/site-packages/airflow/example_dags/example_nested_branch_dag.py
[2021-04-14 13:36:01,426] {scheduler_job.py:629} INFO - Processing file /home/airflow/.local/lib/python3.6/site-packages/airflow/example_dags/example_nested_branch_dag.py for tasks to queue
[2021-04-14 13:36:01,427] {logging_mixin.py:104} INFO - [2021-04-14 13:36:01,427] {dagbag.py:448} INFO - Filling up the DagBag from /home/airflow/.local/lib/python3.6/site-packages/airflow/example_dags/example_nested_branch_dag.py
[2021-04-14 13:36:01,443] {scheduler_job.py:639} INFO - DAG(s) dict_keys(['example_nested_branch_dag']) retrieved from /home/airflow/.local/lib/python3.6/site-packages/airflow/example_dags/example_nested_branch_dag.py
[2021-04-14 13:36:01,468] {logging_mixin.py:104} INFO - [2021-04-14 13:36:01,468] {dag.py:1818} INFO - Sync 1 DAGs
[2021-04-14 13:36:01,491] {logging_mixin.py:104} INFO - [2021-04-14 13:36:01,491] {dag.py:2273} INFO - Setting next_dagrun for example_nested_branch_dag to 2021-04-12 00:00:00+00:00
[2021-04-14 13:36:01,502] {scheduler_job.py:190} INFO - Processing /home/airflow/.local/lib/python3.6/site-packages/airflow/example_dags/example_nested_branch_dag.py took 0.081 seconds
[2021-04-14 13:36:31,743] {scheduler_job.py:182} INFO - Started process (PID=520) to work on /home/airflow/.local/lib/python3.6/site-packages/airflow/example_dags/example_nested_branch_dag.py
[2021-04-14 13:36:31,745] {scheduler_job.py:629} INFO - Processing file /home/airflow/.local/lib/python3.6/site-packages/airflow/example_dags/example_nested_branch_dag.py for tasks to queue
[2021-04-14 13:36:31,746] {logging_mixin.py:104} INFO - [2021-04-14 13:36:31,746] {dagbag.py:448} INFO - Filling up the DagBag from /home/airflow/.local/lib/python3.6/site-packages/airflow/example_dags/example_nested_branch_dag.py
[2021-04-14 13:36:31,761] {scheduler_job.py:639} INFO - DAG(s) dict_keys(['example_nested_branch_dag']) retrieved from /home/airflow/.local/lib/python3.6/site-packages/airflow/example_dags/example_nested_branch_dag.py
[2021-04-14 13:36:31,783] {logging_mixin.py:104} INFO - [2021-04-14 13:36:31,783] {dag.py:1818} INFO - Sync 1 DAGs
[2021-04-14 13:36:31,805] {logging_mixin.py:104} INFO - [2021-04-14 13:36:31,805] {dag.py:2273} INFO - Setting next_dagrun for example_nested_branch_dag to 2021-04-12 00:00:00+00:00
[2021-04-14 13:36:31,817] {scheduler_job.py:190} INFO - Processing /home/airflow/.local/lib/python3.6/site-packages/airflow/example_dags/example_nested_branch_dag.py took 0.076 seconds
[2021-04-14 13:37:02,194] {scheduler_job.py:182} INFO - Started process (PID=546) to work on /home/airflow/.local/lib/python3.6/site-packages/airflow/example_dags/example_nested_branch_dag.py
[2021-04-14 13:37:02,195] {scheduler_job.py:629} INFO - Processing file /home/airflow/.local/lib/python3.6/site-packages/airflow/example_dags/example_nested_branch_dag.py for tasks to queue
[2021-04-14 13:37:02,196] {logging_mixin.py:104} INFO - [2021-04-14 13:37:02,196] {dagbag.py:448} INFO - Filling up the DagBag from /home/airflow/.local/lib/python3.6/site-packages/airflow/example_dags/example_nested_branch_dag.py
[2021-04-14 13:37:02,214] {scheduler_job.py:639} INFO - DAG(s) dict_keys(['example_nested_branch_dag']) retrieved from /home/airflow/.local/lib/python3.6/site-packages/airflow/example_dags/example_nested_branch_dag.py
[2021-04-14 13:37:02,242] {logging_mixin.py:104} INFO - [2021-04-14 13:37:02,242] {dag.py:1818} INFO - Sync 1 DAGs
[2021-04-14 13:37:02,269] {logging_mixin.py:104} INFO - [2021-04-14 13:37:02,268] {dag.py:2273} INFO - Setting next_dagrun for example_nested_branch_dag to 2021-04-12 00:00:00+00:00
[2021-04-14 13:37:02,282] {scheduler_job.py:190} INFO - Processing /home/airflow/.local/lib/python3.6/site-packages/airflow/example_dags/example_nested_branch_dag.py took 0.092 seconds
[2021-04-14 13:37:32,537] {scheduler_job.py:182} INFO - Started process (PID=572) to work on /home/airflow/.local/lib/python3.6/site-packages/airflow/example_dags/example_nested_branch_dag.py
[2021-04-14 13:37:32,539] {scheduler_job.py:629} INFO - Processing file /home/airflow/.local/lib/python3.6/site-packages/airflow/example_dags/example_nested_branch_dag.py for tasks to queue
[2021-04-14 13:37:32,540] {logging_mixin.py:104} INFO - [2021-04-14 13:37:32,540] {dagbag.py:448} INFO - Filling up the DagBag from /home/airflow/.local/lib/python3.6/site-packages/airflow/example_dags/example_nested_branch_dag.py
[2021-04-14 13:37:32,554] {scheduler_job.py:639} INFO - DAG(s) dict_keys(['example_nested_branch_dag']) retrieved from /home/airflow/.local/lib/python3.6/site-packages/airflow/example_dags/example_nested_branch_dag.py
[2021-04-14 13:37:32,577] {logging_mixin.py:104} INFO - [2021-04-14 13:37:32,577] {dag.py:1818} INFO - Sync 1 DAGs
[2021-04-14 13:37:32,610] {logging_mixin.py:104} INFO - [2021-04-14 13:37:32,609] {dag.py:2273} INFO - Setting next_dagrun for example_nested_branch_dag to 2021-04-12 00:00:00+00:00
[2021-04-14 13:37:32,621] {scheduler_job.py:190} INFO - Processing /home/airflow/.local/lib/python3.6/site-packages/airflow/example_dags/example_nested_branch_dag.py took 0.087 seconds
[2021-04-14 13:38:02,769] {scheduler_job.py:182} INFO - Started process (PID=598) to work on /home/airflow/.local/lib/python3.6/site-packages/airflow/example_dags/example_nested_branch_dag.py
[2021-04-14 13:38:02,771] {scheduler_job.py:629} INFO - Processing file /home/airflow/.local/lib/python3.6/site-packages/airflow/example_dags/example_nested_branch_dag.py for tasks to queue
[2021-04-14 13:38:02,773] {logging_mixin.py:104} INFO - [2021-04-14 13:38:02,772] {dagbag.py:448} INFO - Filling up the DagBag from /home/airflow/.local/lib/python3.6/site-packages/airflow/example_dags/example_nested_branch_dag.py
[2021-04-14 13:38:02,792] {scheduler_job.py:639} INFO - DAG(s) dict_keys(['example_nested_branch_dag']) retrieved from /home/airflow/.local/lib/python3.6/site-packages/airflow/example_dags/example_nested_branch_dag.py
[2021-04-14 13:38:02,822] {logging_mixin.py:104} INFO - [2021-04-14 13:38:02,822] {dag.py:1818} INFO - Sync 1 DAGs
[2021-04-14 13:38:02,851] {logging_mixin.py:104} INFO - [2021-04-14 13:38:02,851] {dag.py:2273} INFO - Setting next_dagrun for example_nested_branch_dag to 2021-04-12 00:00:00+00:00
[2021-04-14 13:38:02,864] {scheduler_job.py:190} INFO - Processing /home/airflow/.local/lib/python3.6/site-packages/airflow/example_dags/example_nested_branch_dag.py took 0.099 seconds
[2021-04-14 13:38:33,263] {scheduler_job.py:182} INFO - Started process (PID=624) to work on /home/airflow/.local/lib/python3.6/site-packages/airflow/example_dags/example_nested_branch_dag.py
[2021-04-14 13:38:33,265] {scheduler_job.py:629} INFO - Processing file /home/airflow/.local/lib/python3.6/site-packages/airflow/example_dags/example_nested_branch_dag.py for tasks to queue
[2021-04-14 13:38:33,266] {logging_mixin.py:104} INFO - [2021-04-14 13:38:33,266] {dagbag.py:448} INFO - Filling up the DagBag from /home/airflow/.local/lib/python3.6/site-packages/airflow/example_dags/example_nested_branch_dag.py
[2021-04-14 13:38:33,282] {scheduler_job.py:639} INFO - DAG(s) dict_keys(['example_nested_branch_dag']) retrieved from /home/airflow/.local/lib/python3.6/site-packages/airflow/example_dags/example_nested_branch_dag.py
[2021-04-14 13:38:33,305] {logging_mixin.py:104} INFO - [2021-04-14 13:38:33,305] {dag.py:1818} INFO - Sync 1 DAGs
[2021-04-14 13:38:33,325] {logging_mixin.py:104} INFO - [2021-04-14 13:38:33,325] {dag.py:2273} INFO - Setting next_dagrun for example_nested_branch_dag to 2021-04-12 00:00:00+00:00
[2021-04-14 13:38:33,359] {scheduler_job.py:190} INFO - Processing /home/airflow/.local/lib/python3.6/site-packages/airflow/example_dags/example_nested_branch_dag.py took 0.099 seconds
[2021-04-14 13:39:03,492] {scheduler_job.py:182} INFO - Started process (PID=650) to work on /home/airflow/.local/lib/python3.6/site-packages/airflow/example_dags/example_nested_branch_dag.py
[2021-04-14 13:39:03,493] {scheduler_job.py:629} INFO - Processing file /home/airflow/.local/lib/python3.6/site-packages/airflow/example_dags/example_nested_branch_dag.py for tasks to queue
[2021-04-14 13:39:03,494] {logging_mixin.py:104} INFO - [2021-04-14 13:39:03,494] {dagbag.py:448} INFO - Filling up the DagBag from /home/airflow/.local/lib/python3.6/site-packages/airflow/example_dags/example_nested_branch_dag.py
[2021-04-14 13:39:03,510] {scheduler_job.py:639} INFO - DAG(s) dict_keys(['example_nested_branch_dag']) retrieved from /home/airflow/.local/lib/python3.6/site-packages/airflow/example_dags/example_nested_branch_dag.py
[2021-04-14 13:39:03,532] {logging_mixin.py:104} INFO - [2021-04-14 13:39:03,532] {dag.py:1818} INFO - Sync 1 DAGs
[2021-04-14 13:39:03,555] {logging_mixin.py:104} INFO - [2021-04-14 13:39:03,555] {dag.py:2273} INFO - Setting next_dagrun for example_nested_branch_dag to 2021-04-12 00:00:00+00:00
[2021-04-14 13:39:03,570] {scheduler_job.py:190} INFO - Processing /home/airflow/.local/lib/python3.6/site-packages/airflow/example_dags/example_nested_branch_dag.py took 0.082 seconds
[2021-04-14 13:39:33,802] {scheduler_job.py:182} INFO - Started process (PID=676) to work on /home/airflow/.local/lib/python3.6/site-packages/airflow/example_dags/example_nested_branch_dag.py
[2021-04-14 13:39:33,804] {scheduler_job.py:629} INFO - Processing file /home/airflow/.local/lib/python3.6/site-packages/airflow/example_dags/example_nested_branch_dag.py for tasks to queue
[2021-04-14 13:39:33,805] {logging_mixin.py:104} INFO - [2021-04-14 13:39:33,804] {dagbag.py:448} INFO - Filling up the DagBag from /home/airflow/.local/lib/python3.6/site-packages/airflow/example_dags/example_nested_branch_dag.py
[2021-04-14 13:39:33,824] {scheduler_job.py:639} INFO - DAG(s) dict_keys(['example_nested_branch_dag']) retrieved from /home/airflow/.local/lib/python3.6/site-packages/airflow/example_dags/example_nested_branch_dag.py
[2021-04-14 13:39:33,849] {logging_mixin.py:104} INFO - [2021-04-14 13:39:33,849] {dag.py:1818} INFO - Sync 1 DAGs
[2021-04-14 13:39:33,873] {logging_mixin.py:104} INFO - [2021-04-14 13:39:33,873] {dag.py:2273} INFO - Setting next_dagrun for example_nested_branch_dag to 2021-04-12 00:00:00+00:00
[2021-04-14 13:39:33,884] {scheduler_job.py:190} INFO - Processing /home/airflow/.local/lib/python3.6/site-packages/airflow/example_dags/example_nested_branch_dag.py took 0.085 seconds
[2021-04-14 13:40:04,460] {scheduler_job.py:182} INFO - Started process (PID=702) to work on /home/airflow/.local/lib/python3.6/site-packages/airflow/example_dags/example_nested_branch_dag.py
[2021-04-14 13:40:04,463] {scheduler_job.py:629} INFO - Processing file /home/airflow/.local/lib/python3.6/site-packages/airflow/example_dags/example_nested_branch_dag.py for tasks to queue
[2021-04-14 13:40:04,465] {logging_mixin.py:104} INFO - [2021-04-14 13:40:04,465] {dagbag.py:448} INFO - Filling up the DagBag from /home/airflow/.local/lib/python3.6/site-packages/airflow/example_dags/example_nested_branch_dag.py
[2021-04-14 13:40:04,501] {scheduler_job.py:639} INFO - DAG(s) dict_keys(['example_nested_branch_dag']) retrieved from /home/airflow/.local/lib/python3.6/site-packages/airflow/example_dags/example_nested_branch_dag.py
[2021-04-14 13:40:04,544] {logging_mixin.py:104} INFO - [2021-04-14 13:40:04,544] {dag.py:1818} INFO - Sync 1 DAGs
[2021-04-14 13:40:04,590] {logging_mixin.py:104} INFO - [2021-04-14 13:40:04,590] {dag.py:2273} INFO - Setting next_dagrun for example_nested_branch_dag to 2021-04-12 00:00:00+00:00
[2021-04-14 13:40:04,618] {scheduler_job.py:190} INFO - Processing /home/airflow/.local/lib/python3.6/site-packages/airflow/example_dags/example_nested_branch_dag.py took 0.164 seconds
[2021-04-14 13:40:35,424] {scheduler_job.py:182} INFO - Started process (PID=728) to work on /home/airflow/.local/lib/python3.6/site-packages/airflow/example_dags/example_nested_branch_dag.py
[2021-04-14 13:40:35,429] {scheduler_job.py:629} INFO - Processing file /home/airflow/.local/lib/python3.6/site-packages/airflow/example_dags/example_nested_branch_dag.py for tasks to queue
[2021-04-14 13:40:35,433] {logging_mixin.py:104} INFO - [2021-04-14 13:40:35,430] {dagbag.py:448} INFO - Filling up the DagBag from /home/airflow/.local/lib/python3.6/site-packages/airflow/example_dags/example_nested_branch_dag.py
[2021-04-14 13:40:35,485] {scheduler_job.py:639} INFO - DAG(s) dict_keys(['example_nested_branch_dag']) retrieved from /home/airflow/.local/lib/python3.6/site-packages/airflow/example_dags/example_nested_branch_dag.py
[2021-04-14 13:40:35,544] {logging_mixin.py:104} INFO - [2021-04-14 13:40:35,543] {dag.py:1818} INFO - Sync 1 DAGs
[2021-04-14 13:40:35,602] {logging_mixin.py:104} INFO - [2021-04-14 13:40:35,602] {dag.py:2273} INFO - Setting next_dagrun for example_nested_branch_dag to 2021-04-12 00:00:00+00:00
[2021-04-14 13:40:35,624] {scheduler_job.py:190} INFO - Processing /home/airflow/.local/lib/python3.6/site-packages/airflow/example_dags/example_nested_branch_dag.py took 0.205 seconds
[2021-04-14 13:41:05,681] {scheduler_job.py:182} INFO - Started process (PID=754) to work on /home/airflow/.local/lib/python3.6/site-packages/airflow/example_dags/example_nested_branch_dag.py
[2021-04-14 13:41:05,687] {scheduler_job.py:629} INFO - Processing file /home/airflow/.local/lib/python3.6/site-packages/airflow/example_dags/example_nested_branch_dag.py for tasks to queue
[2021-04-14 13:41:05,689] {logging_mixin.py:104} INFO - [2021-04-14 13:41:05,689] {dagbag.py:448} INFO - Filling up the DagBag from /home/airflow/.local/lib/python3.6/site-packages/airflow/example_dags/example_nested_branch_dag.py
[2021-04-14 13:41:05,743] {scheduler_job.py:639} INFO - DAG(s) dict_keys(['example_nested_branch_dag']) retrieved from /home/airflow/.local/lib/python3.6/site-packages/airflow/example_dags/example_nested_branch_dag.py
[2021-04-14 13:41:05,786] {logging_mixin.py:104} INFO - [2021-04-14 13:41:05,786] {dag.py:1818} INFO - Sync 1 DAGs
[2021-04-14 13:41:05,829] {logging_mixin.py:104} INFO - [2021-04-14 13:41:05,829] {dag.py:2273} INFO - Setting next_dagrun for example_nested_branch_dag to 2021-04-12 00:00:00+00:00
[2021-04-14 13:41:05,848] {scheduler_job.py:190} INFO - Processing /home/airflow/.local/lib/python3.6/site-packages/airflow/example_dags/example_nested_branch_dag.py took 0.172 seconds
[2021-04-14 13:41:36,180] {scheduler_job.py:182} INFO - Started process (PID=780) to work on /home/airflow/.local/lib/python3.6/site-packages/airflow/example_dags/example_nested_branch_dag.py
[2021-04-14 13:41:36,183] {scheduler_job.py:629} INFO - Processing file /home/airflow/.local/lib/python3.6/site-packages/airflow/example_dags/example_nested_branch_dag.py for tasks to queue
[2021-04-14 13:41:36,185] {logging_mixin.py:104} INFO - [2021-04-14 13:41:36,184] {dagbag.py:448} INFO - Filling up the DagBag from /home/airflow/.local/lib/python3.6/site-packages/airflow/example_dags/example_nested_branch_dag.py
[2021-04-14 13:41:36,221] {scheduler_job.py:639} INFO - DAG(s) dict_keys(['example_nested_branch_dag']) retrieved from /home/airflow/.local/lib/python3.6/site-packages/airflow/example_dags/example_nested_branch_dag.py
[2021-04-14 13:41:36,260] {logging_mixin.py:104} INFO - [2021-04-14 13:41:36,260] {dag.py:1818} INFO - Sync 1 DAGs
[2021-04-14 13:41:36,317] {logging_mixin.py:104} INFO - [2021-04-14 13:41:36,317] {dag.py:2273} INFO - Setting next_dagrun for example_nested_branch_dag to 2021-04-12 00:00:00+00:00
[2021-04-14 13:41:36,333] {scheduler_job.py:190} INFO - Processing /home/airflow/.local/lib/python3.6/site-packages/airflow/example_dags/example_nested_branch_dag.py took 0.158 seconds
[2021-04-14 13:42:06,476] {scheduler_job.py:182} INFO - Started process (PID=806) to work on /home/airflow/.local/lib/python3.6/site-packages/airflow/example_dags/example_nested_branch_dag.py
[2021-04-14 13:42:06,480] {scheduler_job.py:629} INFO - Processing file /home/airflow/.local/lib/python3.6/site-packages/airflow/example_dags/example_nested_branch_dag.py for tasks to queue
[2021-04-14 13:42:06,481] {logging_mixin.py:104} INFO - [2021-04-14 13:42:06,481] {dagbag.py:448} INFO - Filling up the DagBag from /home/airflow/.local/lib/python3.6/site-packages/airflow/example_dags/example_nested_branch_dag.py
[2021-04-14 13:42:06,508] {scheduler_job.py:639} INFO - DAG(s) dict_keys(['example_nested_branch_dag']) retrieved from /home/airflow/.local/lib/python3.6/site-packages/airflow/example_dags/example_nested_branch_dag.py
[2021-04-14 13:42:06,547] {logging_mixin.py:104} INFO - [2021-04-14 13:42:06,546] {dag.py:1818} INFO - Sync 1 DAGs
[2021-04-14 13:42:06,604] {logging_mixin.py:104} INFO - [2021-04-14 13:42:06,604] {dag.py:2273} INFO - Setting next_dagrun for example_nested_branch_dag to 2021-04-12 00:00:00+00:00
[2021-04-14 13:42:06,630] {scheduler_job.py:190} INFO - Processing /home/airflow/.local/lib/python3.6/site-packages/airflow/example_dags/example_nested_branch_dag.py took 0.158 seconds
[2021-04-14 13:42:36,740] {scheduler_job.py:182} INFO - Started process (PID=832) to work on /home/airflow/.local/lib/python3.6/site-packages/airflow/example_dags/example_nested_branch_dag.py
[2021-04-14 13:42:36,743] {scheduler_job.py:629} INFO - Processing file /home/airflow/.local/lib/python3.6/site-packages/airflow/example_dags/example_nested_branch_dag.py for tasks to queue
[2021-04-14 13:42:36,744] {logging_mixin.py:104} INFO - [2021-04-14 13:42:36,744] {dagbag.py:448} INFO - Filling up the DagBag from /home/airflow/.local/lib/python3.6/site-packages/airflow/example_dags/example_nested_branch_dag.py
[2021-04-14 13:42:36,781] {scheduler_job.py:639} INFO - DAG(s) dict_keys(['example_nested_branch_dag']) retrieved from /home/airflow/.local/lib/python3.6/site-packages/airflow/example_dags/example_nested_branch_dag.py
[2021-04-14 13:42:36,823] {logging_mixin.py:104} INFO - [2021-04-14 13:42:36,823] {dag.py:1818} INFO - Sync 1 DAGs
[2021-04-14 13:42:36,878] {logging_mixin.py:104} INFO - [2021-04-14 13:42:36,878] {dag.py:2273} INFO - Setting next_dagrun for example_nested_branch_dag to 2021-04-12 00:00:00+00:00
[2021-04-14 13:42:36,901] {scheduler_job.py:190} INFO - Processing /home/airflow/.local/lib/python3.6/site-packages/airflow/example_dags/example_nested_branch_dag.py took 0.166 seconds
[2021-04-14 13:43:07,316] {scheduler_job.py:182} INFO - Started process (PID=859) to work on /home/airflow/.local/lib/python3.6/site-packages/airflow/example_dags/example_nested_branch_dag.py
[2021-04-14 13:43:07,318] {scheduler_job.py:629} INFO - Processing file /home/airflow/.local/lib/python3.6/site-packages/airflow/example_dags/example_nested_branch_dag.py for tasks to queue
[2021-04-14 13:43:07,320] {logging_mixin.py:104} INFO - [2021-04-14 13:43:07,319] {dagbag.py:448} INFO - Filling up the DagBag from /home/airflow/.local/lib/python3.6/site-packages/airflow/example_dags/example_nested_branch_dag.py
[2021-04-14 13:43:07,343] {scheduler_job.py:639} INFO - DAG(s) dict_keys(['example_nested_branch_dag']) retrieved from /home/airflow/.local/lib/python3.6/site-packages/airflow/example_dags/example_nested_branch_dag.py
[2021-04-14 13:43:07,368] {logging_mixin.py:104} INFO - [2021-04-14 13:43:07,368] {dag.py:1818} INFO - Sync 1 DAGs
[2021-04-14 13:43:07,399] {logging_mixin.py:104} INFO - [2021-04-14 13:43:07,398] {dag.py:2273} INFO - Setting next_dagrun for example_nested_branch_dag to 2021-04-12 00:00:00+00:00
[2021-04-14 13:43:07,412] {scheduler_job.py:190} INFO - Processing /home/airflow/.local/lib/python3.6/site-packages/airflow/example_dags/example_nested_branch_dag.py took 0.099 seconds
[2021-04-14 13:43:37,737] {scheduler_job.py:182} INFO - Started process (PID=885) to work on /home/airflow/.local/lib/python3.6/site-packages/airflow/example_dags/example_nested_branch_dag.py
[2021-04-14 13:43:37,739] {scheduler_job.py:629} INFO - Processing file /home/airflow/.local/lib/python3.6/site-packages/airflow/example_dags/example_nested_branch_dag.py for tasks to queue
[2021-04-14 13:43:37,740] {logging_mixin.py:104} INFO - [2021-04-14 13:43:37,740] {dagbag.py:448} INFO - Filling up the DagBag from /home/airflow/.local/lib/python3.6/site-packages/airflow/example_dags/example_nested_branch_dag.py
[2021-04-14 13:43:37,759] {scheduler_job.py:639} INFO - DAG(s) dict_keys(['example_nested_branch_dag']) retrieved from /home/airflow/.local/lib/python3.6/site-packages/airflow/example_dags/example_nested_branch_dag.py
[2021-04-14 13:43:37,783] {logging_mixin.py:104} INFO - [2021-04-14 13:43:37,783] {dag.py:1818} INFO - Sync 1 DAGs
[2021-04-14 13:43:37,813] {logging_mixin.py:104} INFO - [2021-04-14 13:43:37,813] {dag.py:2273} INFO - Setting next_dagrun for example_nested_branch_dag to 2021-04-12 00:00:00+00:00
[2021-04-14 13:43:37,833] {scheduler_job.py:190} INFO - Processing /home/airflow/.local/lib/python3.6/site-packages/airflow/example_dags/example_nested_branch_dag.py took 0.100 seconds
[2021-04-14 13:44:08,441] {scheduler_job.py:182} INFO - Started process (PID=912) to work on /home/airflow/.local/lib/python3.6/site-packages/airflow/example_dags/example_nested_branch_dag.py
[2021-04-14 13:44:08,443] {scheduler_job.py:629} INFO - Processing file /home/airflow/.local/lib/python3.6/site-packages/airflow/example_dags/example_nested_branch_dag.py for tasks to queue
[2021-04-14 13:44:08,444] {logging_mixin.py:104} INFO - [2021-04-14 13:44:08,444] {dagbag.py:448} INFO - Filling up the DagBag from /home/airflow/.local/lib/python3.6/site-packages/airflow/example_dags/example_nested_branch_dag.py
[2021-04-14 13:44:08,463] {scheduler_job.py:639} INFO - DAG(s) dict_keys(['example_nested_branch_dag']) retrieved from /home/airflow/.local/lib/python3.6/site-packages/airflow/example_dags/example_nested_branch_dag.py
[2021-04-14 13:44:08,491] {logging_mixin.py:104} INFO - [2021-04-14 13:44:08,491] {dag.py:1818} INFO - Sync 1 DAGs
[2021-04-14 13:44:08,532] {logging_mixin.py:104} INFO - [2021-04-14 13:44:08,532] {dag.py:2273} INFO - Setting next_dagrun for example_nested_branch_dag to 2021-04-12 00:00:00+00:00
[2021-04-14 13:44:08,547] {scheduler_job.py:190} INFO - Processing /home/airflow/.local/lib/python3.6/site-packages/airflow/example_dags/example_nested_branch_dag.py took 0.109 seconds
[2021-04-14 13:44:38,826] {scheduler_job.py:182} INFO - Started process (PID=937) to work on /home/airflow/.local/lib/python3.6/site-packages/airflow/example_dags/example_nested_branch_dag.py
[2021-04-14 13:44:38,828] {scheduler_job.py:629} INFO - Processing file /home/airflow/.local/lib/python3.6/site-packages/airflow/example_dags/example_nested_branch_dag.py for tasks to queue
[2021-04-14 13:44:38,830] {logging_mixin.py:104} INFO - [2021-04-14 13:44:38,830] {dagbag.py:448} INFO - Filling up the DagBag from /home/airflow/.local/lib/python3.6/site-packages/airflow/example_dags/example_nested_branch_dag.py
[2021-04-14 13:44:38,855] {scheduler_job.py:639} INFO - DAG(s) dict_keys(['example_nested_branch_dag']) retrieved from /home/airflow/.local/lib/python3.6/site-packages/airflow/example_dags/example_nested_branch_dag.py
[2021-04-14 13:44:38,883] {logging_mixin.py:104} INFO - [2021-04-14 13:44:38,883] {dag.py:1818} INFO - Sync 1 DAGs
[2021-04-14 13:44:38,915] {logging_mixin.py:104} INFO - [2021-04-14 13:44:38,915] {dag.py:2273} INFO - Setting next_dagrun for example_nested_branch_dag to 2021-04-12 00:00:00+00:00
[2021-04-14 13:44:38,928] {scheduler_job.py:190} INFO - Processing /home/airflow/.local/lib/python3.6/site-packages/airflow/example_dags/example_nested_branch_dag.py took 0.106 seconds
[2021-04-14 13:45:09,228] {scheduler_job.py:182} INFO - Started process (PID=963) to work on /home/airflow/.local/lib/python3.6/site-packages/airflow/example_dags/example_nested_branch_dag.py
[2021-04-14 13:45:09,231] {scheduler_job.py:629} INFO - Processing file /home/airflow/.local/lib/python3.6/site-packages/airflow/example_dags/example_nested_branch_dag.py for tasks to queue
[2021-04-14 13:45:09,232] {logging_mixin.py:104} INFO - [2021-04-14 13:45:09,232] {dagbag.py:448} INFO - Filling up the DagBag from /home/airflow/.local/lib/python3.6/site-packages/airflow/example_dags/example_nested_branch_dag.py
[2021-04-14 13:45:09,250] {scheduler_job.py:639} INFO - DAG(s) dict_keys(['example_nested_branch_dag']) retrieved from /home/airflow/.local/lib/python3.6/site-packages/airflow/example_dags/example_nested_branch_dag.py
[2021-04-14 13:45:09,280] {logging_mixin.py:104} INFO - [2021-04-14 13:45:09,280] {dag.py:1818} INFO - Sync 1 DAGs
[2021-04-14 13:45:09,315] {logging_mixin.py:104} INFO - [2021-04-14 13:45:09,315] {dag.py:2273} INFO - Setting next_dagrun for example_nested_branch_dag to 2021-04-12 00:00:00+00:00
[2021-04-14 13:45:09,330] {scheduler_job.py:190} INFO - Processing /home/airflow/.local/lib/python3.6/site-packages/airflow/example_dags/example_nested_branch_dag.py took 0.107 seconds
[2021-04-14 13:45:39,584] {scheduler_job.py:182} INFO - Started process (PID=988) to work on /home/airflow/.local/lib/python3.6/site-packages/airflow/example_dags/example_nested_branch_dag.py
[2021-04-14 13:45:39,586] {scheduler_job.py:629} INFO - Processing file /home/airflow/.local/lib/python3.6/site-packages/airflow/example_dags/example_nested_branch_dag.py for tasks to queue
[2021-04-14 13:45:39,587] {logging_mixin.py:104} INFO - [2021-04-14 13:45:39,587] {dagbag.py:448} INFO - Filling up the DagBag from /home/airflow/.local/lib/python3.6/site-packages/airflow/example_dags/example_nested_branch_dag.py
[2021-04-14 13:45:39,620] {scheduler_job.py:639} INFO - DAG(s) dict_keys(['example_nested_branch_dag']) retrieved from /home/airflow/.local/lib/python3.6/site-packages/airflow/example_dags/example_nested_branch_dag.py
[2021-04-14 13:45:39,654] {logging_mixin.py:104} INFO - [2021-04-14 13:45:39,654] {dag.py:1818} INFO - Sync 1 DAGs
[2021-04-14 13:45:39,700] {logging_mixin.py:104} INFO - [2021-04-14 13:45:39,700] {dag.py:2273} INFO - Setting next_dagrun for example_nested_branch_dag to 2021-04-12 00:00:00+00:00
[2021-04-14 13:45:39,717] {scheduler_job.py:190} INFO - Processing /home/airflow/.local/lib/python3.6/site-packages/airflow/example_dags/example_nested_branch_dag.py took 0.138 seconds
[2021-04-14 13:46:09,922] {scheduler_job.py:182} INFO - Started process (PID=1014) to work on /home/airflow/.local/lib/python3.6/site-packages/airflow/example_dags/example_nested_branch_dag.py
[2021-04-14 13:46:09,924] {scheduler_job.py:629} INFO - Processing file /home/airflow/.local/lib/python3.6/site-packages/airflow/example_dags/example_nested_branch_dag.py for tasks to queue
[2021-04-14 13:46:09,925] {logging_mixin.py:104} INFO - [2021-04-14 13:46:09,925] {dagbag.py:448} INFO - Filling up the DagBag from /home/airflow/.local/lib/python3.6/site-packages/airflow/example_dags/example_nested_branch_dag.py
[2021-04-14 13:46:09,945] {scheduler_job.py:639} INFO - DAG(s) dict_keys(['example_nested_branch_dag']) retrieved from /home/airflow/.local/lib/python3.6/site-packages/airflow/example_dags/example_nested_branch_dag.py
[2021-04-14 13:46:09,970] {logging_mixin.py:104} INFO - [2021-04-14 13:46:09,970] {dag.py:1818} INFO - Sync 1 DAGs
[2021-04-14 13:46:09,997] {logging_mixin.py:104} INFO - [2021-04-14 13:46:09,997] {dag.py:2273} INFO - Setting next_dagrun for example_nested_branch_dag to 2021-04-12 00:00:00+00:00
[2021-04-14 13:46:10,010] {scheduler_job.py:190} INFO - Processing /home/airflow/.local/lib/python3.6/site-packages/airflow/example_dags/example_nested_branch_dag.py took 0.092 seconds
[2021-04-14 13:46:40,370] {scheduler_job.py:182} INFO - Started process (PID=1040) to work on /home/airflow/.local/lib/python3.6/site-packages/airflow/example_dags/example_nested_branch_dag.py
[2021-04-14 13:46:40,371] {scheduler_job.py:629} INFO - Processing file /home/airflow/.local/lib/python3.6/site-packages/airflow/example_dags/example_nested_branch_dag.py for tasks to queue
[2021-04-14 13:46:40,373] {logging_mixin.py:104} INFO - [2021-04-14 13:46:40,372] {dagbag.py:448} INFO - Filling up the DagBag from /home/airflow/.local/lib/python3.6/site-packages/airflow/example_dags/example_nested_branch_dag.py
[2021-04-14 13:46:40,395] {scheduler_job.py:639} INFO - DAG(s) dict_keys(['example_nested_branch_dag']) retrieved from /home/airflow/.local/lib/python3.6/site-packages/airflow/example_dags/example_nested_branch_dag.py
[2021-04-14 13:46:40,424] {logging_mixin.py:104} INFO - [2021-04-14 13:46:40,424] {dag.py:1818} INFO - Sync 1 DAGs
[2021-04-14 13:46:40,459] {logging_mixin.py:104} INFO - [2021-04-14 13:46:40,459] {dag.py:2273} INFO - Setting next_dagrun for example_nested_branch_dag to 2021-04-12 00:00:00+00:00
[2021-04-14 13:46:40,474] {scheduler_job.py:190} INFO - Processing /home/airflow/.local/lib/python3.6/site-packages/airflow/example_dags/example_nested_branch_dag.py took 0.108 seconds
[2021-04-14 13:47:10,752] {scheduler_job.py:182} INFO - Started process (PID=1067) to work on /home/airflow/.local/lib/python3.6/site-packages/airflow/example_dags/example_nested_branch_dag.py
[2021-04-14 13:47:10,753] {scheduler_job.py:629} INFO - Processing file /home/airflow/.local/lib/python3.6/site-packages/airflow/example_dags/example_nested_branch_dag.py for tasks to queue
[2021-04-14 13:47:10,755] {logging_mixin.py:104} INFO - [2021-04-14 13:47:10,755] {dagbag.py:448} INFO - Filling up the DagBag from /home/airflow/.local/lib/python3.6/site-packages/airflow/example_dags/example_nested_branch_dag.py
[2021-04-14 13:47:10,776] {scheduler_job.py:639} INFO - DAG(s) dict_keys(['example_nested_branch_dag']) retrieved from /home/airflow/.local/lib/python3.6/site-packages/airflow/example_dags/example_nested_branch_dag.py
[2021-04-14 13:47:10,802] {logging_mixin.py:104} INFO - [2021-04-14 13:47:10,802] {dag.py:1818} INFO - Sync 1 DAGs
[2021-04-14 13:47:10,830] {logging_mixin.py:104} INFO - [2021-04-14 13:47:10,829] {dag.py:2273} INFO - Setting next_dagrun for example_nested_branch_dag to 2021-04-12 00:00:00+00:00
[2021-04-14 13:47:10,848] {scheduler_job.py:190} INFO - Processing /home/airflow/.local/lib/python3.6/site-packages/airflow/example_dags/example_nested_branch_dag.py took 0.100 seconds
[2021-04-14 13:47:41,062] {scheduler_job.py:182} INFO - Started process (PID=1092) to work on /home/airflow/.local/lib/python3.6/site-packages/airflow/example_dags/example_nested_branch_dag.py
[2021-04-14 13:47:41,064] {scheduler_job.py:629} INFO - Processing file /home/airflow/.local/lib/python3.6/site-packages/airflow/example_dags/example_nested_branch_dag.py for tasks to queue
[2021-04-14 13:47:41,066] {logging_mixin.py:104} INFO - [2021-04-14 13:47:41,065] {dagbag.py:448} INFO - Filling up the DagBag from /home/airflow/.local/lib/python3.6/site-packages/airflow/example_dags/example_nested_branch_dag.py
[2021-04-14 13:47:41,086] {scheduler_job.py:639} INFO - DAG(s) dict_keys(['example_nested_branch_dag']) retrieved from /home/airflow/.local/lib/python3.6/site-packages/airflow/example_dags/example_nested_branch_dag.py
[2021-04-14 13:47:41,118] {logging_mixin.py:104} INFO - [2021-04-14 13:47:41,117] {dag.py:1818} INFO - Sync 1 DAGs
[2021-04-14 13:47:41,153] {logging_mixin.py:104} INFO - [2021-04-14 13:47:41,153] {dag.py:2273} INFO - Setting next_dagrun for example_nested_branch_dag to 2021-04-12 00:00:00+00:00
[2021-04-14 13:47:41,171] {scheduler_job.py:190} INFO - Processing /home/airflow/.local/lib/python3.6/site-packages/airflow/example_dags/example_nested_branch_dag.py took 0.113 seconds
[2021-04-14 13:48:11,830] {scheduler_job.py:182} INFO - Started process (PID=1120) to work on /home/airflow/.local/lib/python3.6/site-packages/airflow/example_dags/example_nested_branch_dag.py
[2021-04-14 13:48:11,831] {scheduler_job.py:629} INFO - Processing file /home/airflow/.local/lib/python3.6/site-packages/airflow/example_dags/example_nested_branch_dag.py for tasks to queue
[2021-04-14 13:48:11,833] {logging_mixin.py:104} INFO - [2021-04-14 13:48:11,832] {dagbag.py:448} INFO - Filling up the DagBag from /home/airflow/.local/lib/python3.6/site-packages/airflow/example_dags/example_nested_branch_dag.py
[2021-04-14 13:48:11,852] {scheduler_job.py:639} INFO - DAG(s) dict_keys(['example_nested_branch_dag']) retrieved from /home/airflow/.local/lib/python3.6/site-packages/airflow/example_dags/example_nested_branch_dag.py
[2021-04-14 13:48:11,881] {logging_mixin.py:104} INFO - [2021-04-14 13:48:11,881] {dag.py:1818} INFO - Sync 1 DAGs
[2021-04-14 13:48:11,910] {logging_mixin.py:104} INFO - [2021-04-14 13:48:11,910] {dag.py:2273} INFO - Setting next_dagrun for example_nested_branch_dag to 2021-04-12 00:00:00+00:00
[2021-04-14 13:48:11,922] {scheduler_job.py:190} INFO - Processing /home/airflow/.local/lib/python3.6/site-packages/airflow/example_dags/example_nested_branch_dag.py took 0.098 seconds
[2021-04-14 13:48:42,788] {scheduler_job.py:182} INFO - Started process (PID=1146) to work on /home/airflow/.local/lib/python3.6/site-packages/airflow/example_dags/example_nested_branch_dag.py
[2021-04-14 13:48:42,797] {scheduler_job.py:629} INFO - Processing file /home/airflow/.local/lib/python3.6/site-packages/airflow/example_dags/example_nested_branch_dag.py for tasks to queue
[2021-04-14 13:48:42,804] {logging_mixin.py:104} INFO - [2021-04-14 13:48:42,803] {dagbag.py:448} INFO - Filling up the DagBag from /home/airflow/.local/lib/python3.6/site-packages/airflow/example_dags/example_nested_branch_dag.py
[2021-04-14 13:48:42,847] {scheduler_job.py:639} INFO - DAG(s) dict_keys(['example_nested_branch_dag']) retrieved from /home/airflow/.local/lib/python3.6/site-packages/airflow/example_dags/example_nested_branch_dag.py
[2021-04-14 13:48:42,895] {logging_mixin.py:104} INFO - [2021-04-14 13:48:42,895] {dag.py:1818} INFO - Sync 1 DAGs
[2021-04-14 13:48:42,959] {logging_mixin.py:104} INFO - [2021-04-14 13:48:42,959] {dag.py:2273} INFO - Setting next_dagrun for example_nested_branch_dag to 2021-04-12 00:00:00+00:00
[2021-04-14 13:48:42,978] {scheduler_job.py:190} INFO - Processing /home/airflow/.local/lib/python3.6/site-packages/airflow/example_dags/example_nested_branch_dag.py took 0.200 seconds
