[2021-04-14 13:27:50,773] {scheduler_job.py:182} INFO - Started process (PID=39) to work on /home/airflow/.local/lib/python3.6/site-packages/airflow/example_dags/example_xcom.py
[2021-04-14 13:27:50,776] {scheduler_job.py:629} INFO - Processing file /home/airflow/.local/lib/python3.6/site-packages/airflow/example_dags/example_xcom.py for tasks to queue
[2021-04-14 13:27:50,779] {logging_mixin.py:104} INFO - [2021-04-14 13:27:50,778] {dagbag.py:448} INFO - Filling up the DagBag from /home/airflow/.local/lib/python3.6/site-packages/airflow/example_dags/example_xcom.py
[2021-04-14 13:27:50,810] {scheduler_job.py:639} INFO - DAG(s) dict_keys(['example_xcom']) retrieved from /home/airflow/.local/lib/python3.6/site-packages/airflow/example_dags/example_xcom.py
[2021-04-14 13:27:51,004] {logging_mixin.py:104} INFO - [2021-04-14 13:27:51,004] {dag.py:1818} INFO - Sync 1 DAGs
[2021-04-14 13:27:51,058] {logging_mixin.py:104} INFO - [2021-04-14 13:27:51,058] {dag.py:2273} INFO - Setting next_dagrun for example_xcom to 2021-04-12 00:00:00+00:00
[2021-04-14 13:27:51,116] {scheduler_job.py:190} INFO - Processing /home/airflow/.local/lib/python3.6/site-packages/airflow/example_dags/example_xcom.py took 0.349 seconds
[2021-04-14 13:28:23,400] {scheduler_job.py:182} INFO - Started process (PID=93) to work on /home/airflow/.local/lib/python3.6/site-packages/airflow/example_dags/example_xcom.py
[2021-04-14 13:28:23,409] {scheduler_job.py:629} INFO - Processing file /home/airflow/.local/lib/python3.6/site-packages/airflow/example_dags/example_xcom.py for tasks to queue
[2021-04-14 13:28:23,420] {logging_mixin.py:104} INFO - [2021-04-14 13:28:23,420] {dagbag.py:448} INFO - Filling up the DagBag from /home/airflow/.local/lib/python3.6/site-packages/airflow/example_dags/example_xcom.py
[2021-04-14 13:28:23,504] {scheduler_job.py:639} INFO - DAG(s) dict_keys(['example_xcom']) retrieved from /home/airflow/.local/lib/python3.6/site-packages/airflow/example_dags/example_xcom.py
[2021-04-14 13:28:23,706] {logging_mixin.py:104} INFO - [2021-04-14 13:28:23,705] {dag.py:1818} INFO - Sync 1 DAGs
[2021-04-14 13:28:23,798] {logging_mixin.py:104} INFO - [2021-04-14 13:28:23,797] {dag.py:2273} INFO - Setting next_dagrun for example_xcom to 2021-04-12 00:00:00+00:00
[2021-04-14 13:28:23,897] {scheduler_job.py:190} INFO - Processing /home/airflow/.local/lib/python3.6/site-packages/airflow/example_dags/example_xcom.py took 0.525 seconds
[2021-04-14 13:28:54,456] {scheduler_job.py:182} INFO - Started process (PID=123) to work on /home/airflow/.local/lib/python3.6/site-packages/airflow/example_dags/example_xcom.py
[2021-04-14 13:28:54,457] {scheduler_job.py:629} INFO - Processing file /home/airflow/.local/lib/python3.6/site-packages/airflow/example_dags/example_xcom.py for tasks to queue
[2021-04-14 13:28:54,458] {logging_mixin.py:104} INFO - [2021-04-14 13:28:54,458] {dagbag.py:448} INFO - Filling up the DagBag from /home/airflow/.local/lib/python3.6/site-packages/airflow/example_dags/example_xcom.py
[2021-04-14 13:28:54,471] {scheduler_job.py:639} INFO - DAG(s) dict_keys(['example_xcom']) retrieved from /home/airflow/.local/lib/python3.6/site-packages/airflow/example_dags/example_xcom.py
[2021-04-14 13:28:54,495] {logging_mixin.py:104} INFO - [2021-04-14 13:28:54,495] {dag.py:1818} INFO - Sync 1 DAGs
[2021-04-14 13:28:54,511] {logging_mixin.py:104} INFO - [2021-04-14 13:28:54,511] {dag.py:2273} INFO - Setting next_dagrun for example_xcom to 2021-04-12 00:00:00+00:00
[2021-04-14 13:28:54,522] {scheduler_job.py:190} INFO - Processing /home/airflow/.local/lib/python3.6/site-packages/airflow/example_dags/example_xcom.py took 0.070 seconds
[2021-04-14 13:29:24,608] {scheduler_job.py:182} INFO - Started process (PID=149) to work on /home/airflow/.local/lib/python3.6/site-packages/airflow/example_dags/example_xcom.py
[2021-04-14 13:29:24,609] {scheduler_job.py:629} INFO - Processing file /home/airflow/.local/lib/python3.6/site-packages/airflow/example_dags/example_xcom.py for tasks to queue
[2021-04-14 13:29:24,610] {logging_mixin.py:104} INFO - [2021-04-14 13:29:24,610] {dagbag.py:448} INFO - Filling up the DagBag from /home/airflow/.local/lib/python3.6/site-packages/airflow/example_dags/example_xcom.py
[2021-04-14 13:29:24,621] {scheduler_job.py:639} INFO - DAG(s) dict_keys(['example_xcom']) retrieved from /home/airflow/.local/lib/python3.6/site-packages/airflow/example_dags/example_xcom.py
[2021-04-14 13:29:24,642] {logging_mixin.py:104} INFO - [2021-04-14 13:29:24,642] {dag.py:1818} INFO - Sync 1 DAGs
[2021-04-14 13:29:24,656] {logging_mixin.py:104} INFO - [2021-04-14 13:29:24,656] {dag.py:2273} INFO - Setting next_dagrun for example_xcom to 2021-04-12 00:00:00+00:00
[2021-04-14 13:29:24,669] {scheduler_job.py:190} INFO - Processing /home/airflow/.local/lib/python3.6/site-packages/airflow/example_dags/example_xcom.py took 0.064 seconds
[2021-04-14 13:29:54,781] {scheduler_job.py:182} INFO - Started process (PID=175) to work on /home/airflow/.local/lib/python3.6/site-packages/airflow/example_dags/example_xcom.py
[2021-04-14 13:29:54,783] {scheduler_job.py:629} INFO - Processing file /home/airflow/.local/lib/python3.6/site-packages/airflow/example_dags/example_xcom.py for tasks to queue
[2021-04-14 13:29:54,784] {logging_mixin.py:104} INFO - [2021-04-14 13:29:54,784] {dagbag.py:448} INFO - Filling up the DagBag from /home/airflow/.local/lib/python3.6/site-packages/airflow/example_dags/example_xcom.py
[2021-04-14 13:29:54,796] {scheduler_job.py:639} INFO - DAG(s) dict_keys(['example_xcom']) retrieved from /home/airflow/.local/lib/python3.6/site-packages/airflow/example_dags/example_xcom.py
[2021-04-14 13:29:54,818] {logging_mixin.py:104} INFO - [2021-04-14 13:29:54,818] {dag.py:1818} INFO - Sync 1 DAGs
[2021-04-14 13:29:54,836] {logging_mixin.py:104} INFO - [2021-04-14 13:29:54,836] {dag.py:2273} INFO - Setting next_dagrun for example_xcom to 2021-04-12 00:00:00+00:00
[2021-04-14 13:29:54,847] {scheduler_job.py:190} INFO - Processing /home/airflow/.local/lib/python3.6/site-packages/airflow/example_dags/example_xcom.py took 0.068 seconds
[2021-04-14 13:30:24,933] {scheduler_job.py:182} INFO - Started process (PID=201) to work on /home/airflow/.local/lib/python3.6/site-packages/airflow/example_dags/example_xcom.py
[2021-04-14 13:30:24,935] {scheduler_job.py:629} INFO - Processing file /home/airflow/.local/lib/python3.6/site-packages/airflow/example_dags/example_xcom.py for tasks to queue
[2021-04-14 13:30:24,935] {logging_mixin.py:104} INFO - [2021-04-14 13:30:24,935] {dagbag.py:448} INFO - Filling up the DagBag from /home/airflow/.local/lib/python3.6/site-packages/airflow/example_dags/example_xcom.py
[2021-04-14 13:30:24,948] {scheduler_job.py:639} INFO - DAG(s) dict_keys(['example_xcom']) retrieved from /home/airflow/.local/lib/python3.6/site-packages/airflow/example_dags/example_xcom.py
[2021-04-14 13:30:24,968] {logging_mixin.py:104} INFO - [2021-04-14 13:30:24,968] {dag.py:1818} INFO - Sync 1 DAGs
[2021-04-14 13:30:24,984] {logging_mixin.py:104} INFO - [2021-04-14 13:30:24,984] {dag.py:2273} INFO - Setting next_dagrun for example_xcom to 2021-04-12 00:00:00+00:00
[2021-04-14 13:30:24,993] {scheduler_job.py:190} INFO - Processing /home/airflow/.local/lib/python3.6/site-packages/airflow/example_dags/example_xcom.py took 0.064 seconds
[2021-04-14 13:30:55,144] {scheduler_job.py:182} INFO - Started process (PID=228) to work on /home/airflow/.local/lib/python3.6/site-packages/airflow/example_dags/example_xcom.py
[2021-04-14 13:30:55,146] {scheduler_job.py:629} INFO - Processing file /home/airflow/.local/lib/python3.6/site-packages/airflow/example_dags/example_xcom.py for tasks to queue
[2021-04-14 13:30:55,147] {logging_mixin.py:104} INFO - [2021-04-14 13:30:55,147] {dagbag.py:448} INFO - Filling up the DagBag from /home/airflow/.local/lib/python3.6/site-packages/airflow/example_dags/example_xcom.py
[2021-04-14 13:30:55,161] {scheduler_job.py:639} INFO - DAG(s) dict_keys(['example_xcom']) retrieved from /home/airflow/.local/lib/python3.6/site-packages/airflow/example_dags/example_xcom.py
[2021-04-14 13:30:55,187] {logging_mixin.py:104} INFO - [2021-04-14 13:30:55,187] {dag.py:1818} INFO - Sync 1 DAGs
[2021-04-14 13:30:55,206] {logging_mixin.py:104} INFO - [2021-04-14 13:30:55,206] {dag.py:2273} INFO - Setting next_dagrun for example_xcom to 2021-04-12 00:00:00+00:00
[2021-04-14 13:30:55,219] {scheduler_job.py:190} INFO - Processing /home/airflow/.local/lib/python3.6/site-packages/airflow/example_dags/example_xcom.py took 0.078 seconds
[2021-04-14 13:31:25,564] {scheduler_job.py:182} INFO - Started process (PID=254) to work on /home/airflow/.local/lib/python3.6/site-packages/airflow/example_dags/example_xcom.py
[2021-04-14 13:31:25,565] {scheduler_job.py:629} INFO - Processing file /home/airflow/.local/lib/python3.6/site-packages/airflow/example_dags/example_xcom.py for tasks to queue
[2021-04-14 13:31:25,566] {logging_mixin.py:104} INFO - [2021-04-14 13:31:25,566] {dagbag.py:448} INFO - Filling up the DagBag from /home/airflow/.local/lib/python3.6/site-packages/airflow/example_dags/example_xcom.py
[2021-04-14 13:31:25,581] {scheduler_job.py:639} INFO - DAG(s) dict_keys(['example_xcom']) retrieved from /home/airflow/.local/lib/python3.6/site-packages/airflow/example_dags/example_xcom.py
[2021-04-14 13:31:25,608] {logging_mixin.py:104} INFO - [2021-04-14 13:31:25,608] {dag.py:1818} INFO - Sync 1 DAGs
[2021-04-14 13:31:25,628] {logging_mixin.py:104} INFO - [2021-04-14 13:31:25,627] {dag.py:2273} INFO - Setting next_dagrun for example_xcom to 2021-04-12 00:00:00+00:00
[2021-04-14 13:31:25,642] {scheduler_job.py:190} INFO - Processing /home/airflow/.local/lib/python3.6/site-packages/airflow/example_dags/example_xcom.py took 0.082 seconds
[2021-04-14 13:31:55,870] {scheduler_job.py:182} INFO - Started process (PID=280) to work on /home/airflow/.local/lib/python3.6/site-packages/airflow/example_dags/example_xcom.py
[2021-04-14 13:31:55,872] {scheduler_job.py:629} INFO - Processing file /home/airflow/.local/lib/python3.6/site-packages/airflow/example_dags/example_xcom.py for tasks to queue
[2021-04-14 13:31:55,873] {logging_mixin.py:104} INFO - [2021-04-14 13:31:55,873] {dagbag.py:448} INFO - Filling up the DagBag from /home/airflow/.local/lib/python3.6/site-packages/airflow/example_dags/example_xcom.py
[2021-04-14 13:31:55,888] {scheduler_job.py:639} INFO - DAG(s) dict_keys(['example_xcom']) retrieved from /home/airflow/.local/lib/python3.6/site-packages/airflow/example_dags/example_xcom.py
[2021-04-14 13:31:55,914] {logging_mixin.py:104} INFO - [2021-04-14 13:31:55,914] {dag.py:1818} INFO - Sync 1 DAGs
[2021-04-14 13:31:55,932] {logging_mixin.py:104} INFO - [2021-04-14 13:31:55,932] {dag.py:2273} INFO - Setting next_dagrun for example_xcom to 2021-04-12 00:00:00+00:00
[2021-04-14 13:31:55,943] {scheduler_job.py:190} INFO - Processing /home/airflow/.local/lib/python3.6/site-packages/airflow/example_dags/example_xcom.py took 0.077 seconds
[2021-04-14 13:32:26,154] {scheduler_job.py:182} INFO - Started process (PID=306) to work on /home/airflow/.local/lib/python3.6/site-packages/airflow/example_dags/example_xcom.py
[2021-04-14 13:32:26,156] {scheduler_job.py:629} INFO - Processing file /home/airflow/.local/lib/python3.6/site-packages/airflow/example_dags/example_xcom.py for tasks to queue
[2021-04-14 13:32:26,157] {logging_mixin.py:104} INFO - [2021-04-14 13:32:26,157] {dagbag.py:448} INFO - Filling up the DagBag from /home/airflow/.local/lib/python3.6/site-packages/airflow/example_dags/example_xcom.py
[2021-04-14 13:32:26,173] {scheduler_job.py:639} INFO - DAG(s) dict_keys(['example_xcom']) retrieved from /home/airflow/.local/lib/python3.6/site-packages/airflow/example_dags/example_xcom.py
[2021-04-14 13:32:26,204] {logging_mixin.py:104} INFO - [2021-04-14 13:32:26,204] {dag.py:1818} INFO - Sync 1 DAGs
[2021-04-14 13:32:26,226] {logging_mixin.py:104} INFO - [2021-04-14 13:32:26,226] {dag.py:2273} INFO - Setting next_dagrun for example_xcom to 2021-04-12 00:00:00+00:00
[2021-04-14 13:32:26,238] {scheduler_job.py:190} INFO - Processing /home/airflow/.local/lib/python3.6/site-packages/airflow/example_dags/example_xcom.py took 0.088 seconds
[2021-04-14 13:32:56,378] {scheduler_job.py:182} INFO - Started process (PID=332) to work on /home/airflow/.local/lib/python3.6/site-packages/airflow/example_dags/example_xcom.py
[2021-04-14 13:32:56,380] {scheduler_job.py:629} INFO - Processing file /home/airflow/.local/lib/python3.6/site-packages/airflow/example_dags/example_xcom.py for tasks to queue
[2021-04-14 13:32:56,381] {logging_mixin.py:104} INFO - [2021-04-14 13:32:56,381] {dagbag.py:448} INFO - Filling up the DagBag from /home/airflow/.local/lib/python3.6/site-packages/airflow/example_dags/example_xcom.py
[2021-04-14 13:32:56,395] {scheduler_job.py:639} INFO - DAG(s) dict_keys(['example_xcom']) retrieved from /home/airflow/.local/lib/python3.6/site-packages/airflow/example_dags/example_xcom.py
[2021-04-14 13:32:56,418] {logging_mixin.py:104} INFO - [2021-04-14 13:32:56,418] {dag.py:1818} INFO - Sync 1 DAGs
[2021-04-14 13:32:56,435] {logging_mixin.py:104} INFO - [2021-04-14 13:32:56,435] {dag.py:2273} INFO - Setting next_dagrun for example_xcom to 2021-04-12 00:00:00+00:00
[2021-04-14 13:32:56,447] {scheduler_job.py:190} INFO - Processing /home/airflow/.local/lib/python3.6/site-packages/airflow/example_dags/example_xcom.py took 0.072 seconds
[2021-04-14 13:33:26,514] {scheduler_job.py:182} INFO - Started process (PID=358) to work on /home/airflow/.local/lib/python3.6/site-packages/airflow/example_dags/example_xcom.py
[2021-04-14 13:33:26,515] {scheduler_job.py:629} INFO - Processing file /home/airflow/.local/lib/python3.6/site-packages/airflow/example_dags/example_xcom.py for tasks to queue
[2021-04-14 13:33:26,516] {logging_mixin.py:104} INFO - [2021-04-14 13:33:26,516] {dagbag.py:448} INFO - Filling up the DagBag from /home/airflow/.local/lib/python3.6/site-packages/airflow/example_dags/example_xcom.py
[2021-04-14 13:33:26,527] {scheduler_job.py:639} INFO - DAG(s) dict_keys(['example_xcom']) retrieved from /home/airflow/.local/lib/python3.6/site-packages/airflow/example_dags/example_xcom.py
[2021-04-14 13:33:26,549] {logging_mixin.py:104} INFO - [2021-04-14 13:33:26,548] {dag.py:1818} INFO - Sync 1 DAGs
[2021-04-14 13:33:26,564] {logging_mixin.py:104} INFO - [2021-04-14 13:33:26,564] {dag.py:2273} INFO - Setting next_dagrun for example_xcom to 2021-04-12 00:00:00+00:00
[2021-04-14 13:33:26,579] {scheduler_job.py:190} INFO - Processing /home/airflow/.local/lib/python3.6/site-packages/airflow/example_dags/example_xcom.py took 0.068 seconds
[2021-04-14 13:33:56,752] {scheduler_job.py:182} INFO - Started process (PID=384) to work on /home/airflow/.local/lib/python3.6/site-packages/airflow/example_dags/example_xcom.py
[2021-04-14 13:33:56,753] {scheduler_job.py:629} INFO - Processing file /home/airflow/.local/lib/python3.6/site-packages/airflow/example_dags/example_xcom.py for tasks to queue
[2021-04-14 13:33:56,754] {logging_mixin.py:104} INFO - [2021-04-14 13:33:56,754] {dagbag.py:448} INFO - Filling up the DagBag from /home/airflow/.local/lib/python3.6/site-packages/airflow/example_dags/example_xcom.py
[2021-04-14 13:33:56,766] {scheduler_job.py:639} INFO - DAG(s) dict_keys(['example_xcom']) retrieved from /home/airflow/.local/lib/python3.6/site-packages/airflow/example_dags/example_xcom.py
[2021-04-14 13:33:56,787] {logging_mixin.py:104} INFO - [2021-04-14 13:33:56,787] {dag.py:1818} INFO - Sync 1 DAGs
[2021-04-14 13:33:56,803] {logging_mixin.py:104} INFO - [2021-04-14 13:33:56,803] {dag.py:2273} INFO - Setting next_dagrun for example_xcom to 2021-04-12 00:00:00+00:00
[2021-04-14 13:33:56,816] {scheduler_job.py:190} INFO - Processing /home/airflow/.local/lib/python3.6/site-packages/airflow/example_dags/example_xcom.py took 0.067 seconds
[2021-04-14 13:34:27,089] {scheduler_job.py:182} INFO - Started process (PID=410) to work on /home/airflow/.local/lib/python3.6/site-packages/airflow/example_dags/example_xcom.py
[2021-04-14 13:34:27,091] {scheduler_job.py:629} INFO - Processing file /home/airflow/.local/lib/python3.6/site-packages/airflow/example_dags/example_xcom.py for tasks to queue
[2021-04-14 13:34:27,092] {logging_mixin.py:104} INFO - [2021-04-14 13:34:27,092] {dagbag.py:448} INFO - Filling up the DagBag from /home/airflow/.local/lib/python3.6/site-packages/airflow/example_dags/example_xcom.py
[2021-04-14 13:34:27,108] {scheduler_job.py:639} INFO - DAG(s) dict_keys(['example_xcom']) retrieved from /home/airflow/.local/lib/python3.6/site-packages/airflow/example_dags/example_xcom.py
[2021-04-14 13:34:27,132] {logging_mixin.py:104} INFO - [2021-04-14 13:34:27,132] {dag.py:1818} INFO - Sync 1 DAGs
[2021-04-14 13:34:27,153] {logging_mixin.py:104} INFO - [2021-04-14 13:34:27,152] {dag.py:2273} INFO - Setting next_dagrun for example_xcom to 2021-04-12 00:00:00+00:00
[2021-04-14 13:34:27,167] {scheduler_job.py:190} INFO - Processing /home/airflow/.local/lib/python3.6/site-packages/airflow/example_dags/example_xcom.py took 0.082 seconds
[2021-04-14 13:34:57,427] {scheduler_job.py:182} INFO - Started process (PID=436) to work on /home/airflow/.local/lib/python3.6/site-packages/airflow/example_dags/example_xcom.py
[2021-04-14 13:34:57,429] {scheduler_job.py:629} INFO - Processing file /home/airflow/.local/lib/python3.6/site-packages/airflow/example_dags/example_xcom.py for tasks to queue
[2021-04-14 13:34:57,430] {logging_mixin.py:104} INFO - [2021-04-14 13:34:57,430] {dagbag.py:448} INFO - Filling up the DagBag from /home/airflow/.local/lib/python3.6/site-packages/airflow/example_dags/example_xcom.py
[2021-04-14 13:34:57,445] {scheduler_job.py:639} INFO - DAG(s) dict_keys(['example_xcom']) retrieved from /home/airflow/.local/lib/python3.6/site-packages/airflow/example_dags/example_xcom.py
[2021-04-14 13:34:57,474] {logging_mixin.py:104} INFO - [2021-04-14 13:34:57,473] {dag.py:1818} INFO - Sync 1 DAGs
[2021-04-14 13:34:57,494] {logging_mixin.py:104} INFO - [2021-04-14 13:34:57,494] {dag.py:2273} INFO - Setting next_dagrun for example_xcom to 2021-04-12 00:00:00+00:00
[2021-04-14 13:34:57,511] {scheduler_job.py:190} INFO - Processing /home/airflow/.local/lib/python3.6/site-packages/airflow/example_dags/example_xcom.py took 0.088 seconds
[2021-04-14 13:35:27,801] {scheduler_job.py:182} INFO - Started process (PID=462) to work on /home/airflow/.local/lib/python3.6/site-packages/airflow/example_dags/example_xcom.py
[2021-04-14 13:35:27,803] {scheduler_job.py:629} INFO - Processing file /home/airflow/.local/lib/python3.6/site-packages/airflow/example_dags/example_xcom.py for tasks to queue
[2021-04-14 13:35:27,805] {logging_mixin.py:104} INFO - [2021-04-14 13:35:27,804] {dagbag.py:448} INFO - Filling up the DagBag from /home/airflow/.local/lib/python3.6/site-packages/airflow/example_dags/example_xcom.py
[2021-04-14 13:35:27,822] {scheduler_job.py:639} INFO - DAG(s) dict_keys(['example_xcom']) retrieved from /home/airflow/.local/lib/python3.6/site-packages/airflow/example_dags/example_xcom.py
[2021-04-14 13:35:27,850] {logging_mixin.py:104} INFO - [2021-04-14 13:35:27,850] {dag.py:1818} INFO - Sync 1 DAGs
[2021-04-14 13:35:27,874] {logging_mixin.py:104} INFO - [2021-04-14 13:35:27,874] {dag.py:2273} INFO - Setting next_dagrun for example_xcom to 2021-04-12 00:00:00+00:00
[2021-04-14 13:35:27,893] {scheduler_job.py:190} INFO - Processing /home/airflow/.local/lib/python3.6/site-packages/airflow/example_dags/example_xcom.py took 0.097 seconds
[2021-04-14 13:35:58,083] {scheduler_job.py:182} INFO - Started process (PID=488) to work on /home/airflow/.local/lib/python3.6/site-packages/airflow/example_dags/example_xcom.py
[2021-04-14 13:35:58,085] {scheduler_job.py:629} INFO - Processing file /home/airflow/.local/lib/python3.6/site-packages/airflow/example_dags/example_xcom.py for tasks to queue
[2021-04-14 13:35:58,086] {logging_mixin.py:104} INFO - [2021-04-14 13:35:58,086] {dagbag.py:448} INFO - Filling up the DagBag from /home/airflow/.local/lib/python3.6/site-packages/airflow/example_dags/example_xcom.py
[2021-04-14 13:35:58,103] {scheduler_job.py:639} INFO - DAG(s) dict_keys(['example_xcom']) retrieved from /home/airflow/.local/lib/python3.6/site-packages/airflow/example_dags/example_xcom.py
[2021-04-14 13:35:58,131] {logging_mixin.py:104} INFO - [2021-04-14 13:35:58,130] {dag.py:1818} INFO - Sync 1 DAGs
[2021-04-14 13:35:58,153] {logging_mixin.py:104} INFO - [2021-04-14 13:35:58,153] {dag.py:2273} INFO - Setting next_dagrun for example_xcom to 2021-04-12 00:00:00+00:00
[2021-04-14 13:35:58,165] {scheduler_job.py:190} INFO - Processing /home/airflow/.local/lib/python3.6/site-packages/airflow/example_dags/example_xcom.py took 0.086 seconds
[2021-04-14 13:36:28,406] {scheduler_job.py:182} INFO - Started process (PID=514) to work on /home/airflow/.local/lib/python3.6/site-packages/airflow/example_dags/example_xcom.py
[2021-04-14 13:36:28,408] {scheduler_job.py:629} INFO - Processing file /home/airflow/.local/lib/python3.6/site-packages/airflow/example_dags/example_xcom.py for tasks to queue
[2021-04-14 13:36:28,410] {logging_mixin.py:104} INFO - [2021-04-14 13:36:28,410] {dagbag.py:448} INFO - Filling up the DagBag from /home/airflow/.local/lib/python3.6/site-packages/airflow/example_dags/example_xcom.py
[2021-04-14 13:36:28,424] {scheduler_job.py:639} INFO - DAG(s) dict_keys(['example_xcom']) retrieved from /home/airflow/.local/lib/python3.6/site-packages/airflow/example_dags/example_xcom.py
[2021-04-14 13:36:28,452] {logging_mixin.py:104} INFO - [2021-04-14 13:36:28,451] {dag.py:1818} INFO - Sync 1 DAGs
[2021-04-14 13:36:28,475] {logging_mixin.py:104} INFO - [2021-04-14 13:36:28,474] {dag.py:2273} INFO - Setting next_dagrun for example_xcom to 2021-04-12 00:00:00+00:00
[2021-04-14 13:36:28,489] {scheduler_job.py:190} INFO - Processing /home/airflow/.local/lib/python3.6/site-packages/airflow/example_dags/example_xcom.py took 0.086 seconds
[2021-04-14 13:36:58,792] {scheduler_job.py:182} INFO - Started process (PID=540) to work on /home/airflow/.local/lib/python3.6/site-packages/airflow/example_dags/example_xcom.py
[2021-04-14 13:36:58,794] {scheduler_job.py:629} INFO - Processing file /home/airflow/.local/lib/python3.6/site-packages/airflow/example_dags/example_xcom.py for tasks to queue
[2021-04-14 13:36:58,795] {logging_mixin.py:104} INFO - [2021-04-14 13:36:58,795] {dagbag.py:448} INFO - Filling up the DagBag from /home/airflow/.local/lib/python3.6/site-packages/airflow/example_dags/example_xcom.py
[2021-04-14 13:36:58,811] {scheduler_job.py:639} INFO - DAG(s) dict_keys(['example_xcom']) retrieved from /home/airflow/.local/lib/python3.6/site-packages/airflow/example_dags/example_xcom.py
[2021-04-14 13:36:58,837] {logging_mixin.py:104} INFO - [2021-04-14 13:36:58,837] {dag.py:1818} INFO - Sync 1 DAGs
[2021-04-14 13:36:58,859] {logging_mixin.py:104} INFO - [2021-04-14 13:36:58,859] {dag.py:2273} INFO - Setting next_dagrun for example_xcom to 2021-04-12 00:00:00+00:00
[2021-04-14 13:36:58,876] {scheduler_job.py:190} INFO - Processing /home/airflow/.local/lib/python3.6/site-packages/airflow/example_dags/example_xcom.py took 0.089 seconds
[2021-04-14 13:37:29,203] {scheduler_job.py:182} INFO - Started process (PID=566) to work on /home/airflow/.local/lib/python3.6/site-packages/airflow/example_dags/example_xcom.py
[2021-04-14 13:37:29,205] {scheduler_job.py:629} INFO - Processing file /home/airflow/.local/lib/python3.6/site-packages/airflow/example_dags/example_xcom.py for tasks to queue
[2021-04-14 13:37:29,206] {logging_mixin.py:104} INFO - [2021-04-14 13:37:29,206] {dagbag.py:448} INFO - Filling up the DagBag from /home/airflow/.local/lib/python3.6/site-packages/airflow/example_dags/example_xcom.py
[2021-04-14 13:37:29,220] {scheduler_job.py:639} INFO - DAG(s) dict_keys(['example_xcom']) retrieved from /home/airflow/.local/lib/python3.6/site-packages/airflow/example_dags/example_xcom.py
[2021-04-14 13:37:29,245] {logging_mixin.py:104} INFO - [2021-04-14 13:37:29,245] {dag.py:1818} INFO - Sync 1 DAGs
[2021-04-14 13:37:29,267] {logging_mixin.py:104} INFO - [2021-04-14 13:37:29,267] {dag.py:2273} INFO - Setting next_dagrun for example_xcom to 2021-04-12 00:00:00+00:00
[2021-04-14 13:37:29,282] {scheduler_job.py:190} INFO - Processing /home/airflow/.local/lib/python3.6/site-packages/airflow/example_dags/example_xcom.py took 0.083 seconds
[2021-04-14 13:37:59,380] {scheduler_job.py:182} INFO - Started process (PID=592) to work on /home/airflow/.local/lib/python3.6/site-packages/airflow/example_dags/example_xcom.py
[2021-04-14 13:37:59,383] {scheduler_job.py:629} INFO - Processing file /home/airflow/.local/lib/python3.6/site-packages/airflow/example_dags/example_xcom.py for tasks to queue
[2021-04-14 13:37:59,384] {logging_mixin.py:104} INFO - [2021-04-14 13:37:59,384] {dagbag.py:448} INFO - Filling up the DagBag from /home/airflow/.local/lib/python3.6/site-packages/airflow/example_dags/example_xcom.py
[2021-04-14 13:37:59,400] {scheduler_job.py:639} INFO - DAG(s) dict_keys(['example_xcom']) retrieved from /home/airflow/.local/lib/python3.6/site-packages/airflow/example_dags/example_xcom.py
[2021-04-14 13:37:59,429] {logging_mixin.py:104} INFO - [2021-04-14 13:37:59,429] {dag.py:1818} INFO - Sync 1 DAGs
[2021-04-14 13:37:59,450] {logging_mixin.py:104} INFO - [2021-04-14 13:37:59,449] {dag.py:2273} INFO - Setting next_dagrun for example_xcom to 2021-04-12 00:00:00+00:00
[2021-04-14 13:37:59,466] {scheduler_job.py:190} INFO - Processing /home/airflow/.local/lib/python3.6/site-packages/airflow/example_dags/example_xcom.py took 0.089 seconds
[2021-04-14 13:38:29,939] {scheduler_job.py:182} INFO - Started process (PID=618) to work on /home/airflow/.local/lib/python3.6/site-packages/airflow/example_dags/example_xcom.py
[2021-04-14 13:38:29,940] {scheduler_job.py:629} INFO - Processing file /home/airflow/.local/lib/python3.6/site-packages/airflow/example_dags/example_xcom.py for tasks to queue
[2021-04-14 13:38:29,941] {logging_mixin.py:104} INFO - [2021-04-14 13:38:29,941] {dagbag.py:448} INFO - Filling up the DagBag from /home/airflow/.local/lib/python3.6/site-packages/airflow/example_dags/example_xcom.py
[2021-04-14 13:38:29,958] {scheduler_job.py:639} INFO - DAG(s) dict_keys(['example_xcom']) retrieved from /home/airflow/.local/lib/python3.6/site-packages/airflow/example_dags/example_xcom.py
[2021-04-14 13:38:29,985] {logging_mixin.py:104} INFO - [2021-04-14 13:38:29,985] {dag.py:1818} INFO - Sync 1 DAGs
[2021-04-14 13:38:30,004] {logging_mixin.py:104} INFO - [2021-04-14 13:38:30,004] {dag.py:2273} INFO - Setting next_dagrun for example_xcom to 2021-04-12 00:00:00+00:00
[2021-04-14 13:38:30,016] {scheduler_job.py:190} INFO - Processing /home/airflow/.local/lib/python3.6/site-packages/airflow/example_dags/example_xcom.py took 0.081 seconds
[2021-04-14 13:39:00,181] {scheduler_job.py:182} INFO - Started process (PID=644) to work on /home/airflow/.local/lib/python3.6/site-packages/airflow/example_dags/example_xcom.py
[2021-04-14 13:39:00,183] {scheduler_job.py:629} INFO - Processing file /home/airflow/.local/lib/python3.6/site-packages/airflow/example_dags/example_xcom.py for tasks to queue
[2021-04-14 13:39:00,183] {logging_mixin.py:104} INFO - [2021-04-14 13:39:00,183] {dagbag.py:448} INFO - Filling up the DagBag from /home/airflow/.local/lib/python3.6/site-packages/airflow/example_dags/example_xcom.py
[2021-04-14 13:39:00,196] {scheduler_job.py:639} INFO - DAG(s) dict_keys(['example_xcom']) retrieved from /home/airflow/.local/lib/python3.6/site-packages/airflow/example_dags/example_xcom.py
[2021-04-14 13:39:00,222] {logging_mixin.py:104} INFO - [2021-04-14 13:39:00,221] {dag.py:1818} INFO - Sync 1 DAGs
[2021-04-14 13:39:00,240] {logging_mixin.py:104} INFO - [2021-04-14 13:39:00,240] {dag.py:2273} INFO - Setting next_dagrun for example_xcom to 2021-04-12 00:00:00+00:00
[2021-04-14 13:39:00,252] {scheduler_job.py:190} INFO - Processing /home/airflow/.local/lib/python3.6/site-packages/airflow/example_dags/example_xcom.py took 0.074 seconds
[2021-04-14 13:39:30,449] {scheduler_job.py:182} INFO - Started process (PID=670) to work on /home/airflow/.local/lib/python3.6/site-packages/airflow/example_dags/example_xcom.py
[2021-04-14 13:39:30,451] {scheduler_job.py:629} INFO - Processing file /home/airflow/.local/lib/python3.6/site-packages/airflow/example_dags/example_xcom.py for tasks to queue
[2021-04-14 13:39:30,452] {logging_mixin.py:104} INFO - [2021-04-14 13:39:30,452] {dagbag.py:448} INFO - Filling up the DagBag from /home/airflow/.local/lib/python3.6/site-packages/airflow/example_dags/example_xcom.py
[2021-04-14 13:39:30,479] {scheduler_job.py:639} INFO - DAG(s) dict_keys(['example_xcom']) retrieved from /home/airflow/.local/lib/python3.6/site-packages/airflow/example_dags/example_xcom.py
[2021-04-14 13:39:30,506] {logging_mixin.py:104} INFO - [2021-04-14 13:39:30,505] {dag.py:1818} INFO - Sync 1 DAGs
[2021-04-14 13:39:30,528] {logging_mixin.py:104} INFO - [2021-04-14 13:39:30,528] {dag.py:2273} INFO - Setting next_dagrun for example_xcom to 2021-04-12 00:00:00+00:00
[2021-04-14 13:39:30,541] {scheduler_job.py:190} INFO - Processing /home/airflow/.local/lib/python3.6/site-packages/airflow/example_dags/example_xcom.py took 0.096 seconds
[2021-04-14 13:40:00,983] {scheduler_job.py:182} INFO - Started process (PID=696) to work on /home/airflow/.local/lib/python3.6/site-packages/airflow/example_dags/example_xcom.py
[2021-04-14 13:40:00,987] {scheduler_job.py:629} INFO - Processing file /home/airflow/.local/lib/python3.6/site-packages/airflow/example_dags/example_xcom.py for tasks to queue
[2021-04-14 13:40:00,989] {logging_mixin.py:104} INFO - [2021-04-14 13:40:00,988] {dagbag.py:448} INFO - Filling up the DagBag from /home/airflow/.local/lib/python3.6/site-packages/airflow/example_dags/example_xcom.py
[2021-04-14 13:40:01,017] {scheduler_job.py:639} INFO - DAG(s) dict_keys(['example_xcom']) retrieved from /home/airflow/.local/lib/python3.6/site-packages/airflow/example_dags/example_xcom.py
[2021-04-14 13:40:01,059] {logging_mixin.py:104} INFO - [2021-04-14 13:40:01,059] {dag.py:1818} INFO - Sync 1 DAGs
[2021-04-14 13:40:01,085] {logging_mixin.py:104} INFO - [2021-04-14 13:40:01,085] {dag.py:2273} INFO - Setting next_dagrun for example_xcom to 2021-04-12 00:00:00+00:00
[2021-04-14 13:40:01,101] {scheduler_job.py:190} INFO - Processing /home/airflow/.local/lib/python3.6/site-packages/airflow/example_dags/example_xcom.py took 0.123 seconds
[2021-04-14 13:40:31,877] {scheduler_job.py:182} INFO - Started process (PID=722) to work on /home/airflow/.local/lib/python3.6/site-packages/airflow/example_dags/example_xcom.py
[2021-04-14 13:40:31,879] {scheduler_job.py:629} INFO - Processing file /home/airflow/.local/lib/python3.6/site-packages/airflow/example_dags/example_xcom.py for tasks to queue
[2021-04-14 13:40:31,881] {logging_mixin.py:104} INFO - [2021-04-14 13:40:31,881] {dagbag.py:448} INFO - Filling up the DagBag from /home/airflow/.local/lib/python3.6/site-packages/airflow/example_dags/example_xcom.py
[2021-04-14 13:40:31,908] {scheduler_job.py:639} INFO - DAG(s) dict_keys(['example_xcom']) retrieved from /home/airflow/.local/lib/python3.6/site-packages/airflow/example_dags/example_xcom.py
[2021-04-14 13:40:31,947] {logging_mixin.py:104} INFO - [2021-04-14 13:40:31,947] {dag.py:1818} INFO - Sync 1 DAGs
[2021-04-14 13:40:31,979] {logging_mixin.py:104} INFO - [2021-04-14 13:40:31,978] {dag.py:2273} INFO - Setting next_dagrun for example_xcom to 2021-04-12 00:00:00+00:00
[2021-04-14 13:40:32,002] {scheduler_job.py:190} INFO - Processing /home/airflow/.local/lib/python3.6/site-packages/airflow/example_dags/example_xcom.py took 0.132 seconds
[2021-04-14 13:41:02,221] {scheduler_job.py:182} INFO - Started process (PID=748) to work on /home/airflow/.local/lib/python3.6/site-packages/airflow/example_dags/example_xcom.py
[2021-04-14 13:41:02,223] {scheduler_job.py:629} INFO - Processing file /home/airflow/.local/lib/python3.6/site-packages/airflow/example_dags/example_xcom.py for tasks to queue
[2021-04-14 13:41:02,225] {logging_mixin.py:104} INFO - [2021-04-14 13:41:02,225] {dagbag.py:448} INFO - Filling up the DagBag from /home/airflow/.local/lib/python3.6/site-packages/airflow/example_dags/example_xcom.py
[2021-04-14 13:41:02,260] {scheduler_job.py:639} INFO - DAG(s) dict_keys(['example_xcom']) retrieved from /home/airflow/.local/lib/python3.6/site-packages/airflow/example_dags/example_xcom.py
[2021-04-14 13:41:02,296] {logging_mixin.py:104} INFO - [2021-04-14 13:41:02,296] {dag.py:1818} INFO - Sync 1 DAGs
[2021-04-14 13:41:02,323] {logging_mixin.py:104} INFO - [2021-04-14 13:41:02,322] {dag.py:2273} INFO - Setting next_dagrun for example_xcom to 2021-04-12 00:00:00+00:00
[2021-04-14 13:41:02,341] {scheduler_job.py:190} INFO - Processing /home/airflow/.local/lib/python3.6/site-packages/airflow/example_dags/example_xcom.py took 0.126 seconds
[2021-04-14 13:41:32,703] {scheduler_job.py:182} INFO - Started process (PID=774) to work on /home/airflow/.local/lib/python3.6/site-packages/airflow/example_dags/example_xcom.py
[2021-04-14 13:41:32,705] {scheduler_job.py:629} INFO - Processing file /home/airflow/.local/lib/python3.6/site-packages/airflow/example_dags/example_xcom.py for tasks to queue
[2021-04-14 13:41:32,707] {logging_mixin.py:104} INFO - [2021-04-14 13:41:32,706] {dagbag.py:448} INFO - Filling up the DagBag from /home/airflow/.local/lib/python3.6/site-packages/airflow/example_dags/example_xcom.py
[2021-04-14 13:41:32,733] {scheduler_job.py:639} INFO - DAG(s) dict_keys(['example_xcom']) retrieved from /home/airflow/.local/lib/python3.6/site-packages/airflow/example_dags/example_xcom.py
[2021-04-14 13:41:32,775] {logging_mixin.py:104} INFO - [2021-04-14 13:41:32,775] {dag.py:1818} INFO - Sync 1 DAGs
[2021-04-14 13:41:32,808] {logging_mixin.py:104} INFO - [2021-04-14 13:41:32,808] {dag.py:2273} INFO - Setting next_dagrun for example_xcom to 2021-04-12 00:00:00+00:00
[2021-04-14 13:41:32,827] {scheduler_job.py:190} INFO - Processing /home/airflow/.local/lib/python3.6/site-packages/airflow/example_dags/example_xcom.py took 0.129 seconds
[2021-04-14 13:42:02,983] {scheduler_job.py:182} INFO - Started process (PID=800) to work on /home/airflow/.local/lib/python3.6/site-packages/airflow/example_dags/example_xcom.py
[2021-04-14 13:42:02,985] {scheduler_job.py:629} INFO - Processing file /home/airflow/.local/lib/python3.6/site-packages/airflow/example_dags/example_xcom.py for tasks to queue
[2021-04-14 13:42:02,986] {logging_mixin.py:104} INFO - [2021-04-14 13:42:02,986] {dagbag.py:448} INFO - Filling up the DagBag from /home/airflow/.local/lib/python3.6/site-packages/airflow/example_dags/example_xcom.py
[2021-04-14 13:42:03,012] {scheduler_job.py:639} INFO - DAG(s) dict_keys(['example_xcom']) retrieved from /home/airflow/.local/lib/python3.6/site-packages/airflow/example_dags/example_xcom.py
[2021-04-14 13:42:03,045] {logging_mixin.py:104} INFO - [2021-04-14 13:42:03,045] {dag.py:1818} INFO - Sync 1 DAGs
[2021-04-14 13:42:03,075] {logging_mixin.py:104} INFO - [2021-04-14 13:42:03,075] {dag.py:2273} INFO - Setting next_dagrun for example_xcom to 2021-04-12 00:00:00+00:00
[2021-04-14 13:42:03,090] {scheduler_job.py:190} INFO - Processing /home/airflow/.local/lib/python3.6/site-packages/airflow/example_dags/example_xcom.py took 0.112 seconds
[2021-04-14 13:42:33,244] {scheduler_job.py:182} INFO - Started process (PID=826) to work on /home/airflow/.local/lib/python3.6/site-packages/airflow/example_dags/example_xcom.py
[2021-04-14 13:42:33,246] {scheduler_job.py:629} INFO - Processing file /home/airflow/.local/lib/python3.6/site-packages/airflow/example_dags/example_xcom.py for tasks to queue
[2021-04-14 13:42:33,247] {logging_mixin.py:104} INFO - [2021-04-14 13:42:33,247] {dagbag.py:448} INFO - Filling up the DagBag from /home/airflow/.local/lib/python3.6/site-packages/airflow/example_dags/example_xcom.py
[2021-04-14 13:42:33,275] {scheduler_job.py:639} INFO - DAG(s) dict_keys(['example_xcom']) retrieved from /home/airflow/.local/lib/python3.6/site-packages/airflow/example_dags/example_xcom.py
[2021-04-14 13:42:33,310] {logging_mixin.py:104} INFO - [2021-04-14 13:42:33,310] {dag.py:1818} INFO - Sync 1 DAGs
[2021-04-14 13:42:33,336] {logging_mixin.py:104} INFO - [2021-04-14 13:42:33,336] {dag.py:2273} INFO - Setting next_dagrun for example_xcom to 2021-04-12 00:00:00+00:00
[2021-04-14 13:42:33,356] {scheduler_job.py:190} INFO - Processing /home/airflow/.local/lib/python3.6/site-packages/airflow/example_dags/example_xcom.py took 0.117 seconds
[2021-04-14 13:43:03,973] {scheduler_job.py:182} INFO - Started process (PID=852) to work on /home/airflow/.local/lib/python3.6/site-packages/airflow/example_dags/example_xcom.py
[2021-04-14 13:43:03,974] {scheduler_job.py:629} INFO - Processing file /home/airflow/.local/lib/python3.6/site-packages/airflow/example_dags/example_xcom.py for tasks to queue
[2021-04-14 13:43:03,976] {logging_mixin.py:104} INFO - [2021-04-14 13:43:03,975] {dagbag.py:448} INFO - Filling up the DagBag from /home/airflow/.local/lib/python3.6/site-packages/airflow/example_dags/example_xcom.py
[2021-04-14 13:43:03,991] {scheduler_job.py:639} INFO - DAG(s) dict_keys(['example_xcom']) retrieved from /home/airflow/.local/lib/python3.6/site-packages/airflow/example_dags/example_xcom.py
[2021-04-14 13:43:04,016] {logging_mixin.py:104} INFO - [2021-04-14 13:43:04,015] {dag.py:1818} INFO - Sync 1 DAGs
[2021-04-14 13:43:04,035] {logging_mixin.py:104} INFO - [2021-04-14 13:43:04,035] {dag.py:2273} INFO - Setting next_dagrun for example_xcom to 2021-04-12 00:00:00+00:00
[2021-04-14 13:43:04,047] {scheduler_job.py:190} INFO - Processing /home/airflow/.local/lib/python3.6/site-packages/airflow/example_dags/example_xcom.py took 0.080 seconds
[2021-04-14 13:43:34,359] {scheduler_job.py:182} INFO - Started process (PID=878) to work on /home/airflow/.local/lib/python3.6/site-packages/airflow/example_dags/example_xcom.py
[2021-04-14 13:43:34,360] {scheduler_job.py:629} INFO - Processing file /home/airflow/.local/lib/python3.6/site-packages/airflow/example_dags/example_xcom.py for tasks to queue
[2021-04-14 13:43:34,362] {logging_mixin.py:104} INFO - [2021-04-14 13:43:34,361] {dagbag.py:448} INFO - Filling up the DagBag from /home/airflow/.local/lib/python3.6/site-packages/airflow/example_dags/example_xcom.py
[2021-04-14 13:43:34,376] {scheduler_job.py:639} INFO - DAG(s) dict_keys(['example_xcom']) retrieved from /home/airflow/.local/lib/python3.6/site-packages/airflow/example_dags/example_xcom.py
[2021-04-14 13:43:34,401] {logging_mixin.py:104} INFO - [2021-04-14 13:43:34,401] {dag.py:1818} INFO - Sync 1 DAGs
[2021-04-14 13:43:34,420] {logging_mixin.py:104} INFO - [2021-04-14 13:43:34,420] {dag.py:2273} INFO - Setting next_dagrun for example_xcom to 2021-04-12 00:00:00+00:00
[2021-04-14 13:43:34,434] {scheduler_job.py:190} INFO - Processing /home/airflow/.local/lib/python3.6/site-packages/airflow/example_dags/example_xcom.py took 0.078 seconds
[2021-04-14 13:44:04,952] {scheduler_job.py:182} INFO - Started process (PID=904) to work on /home/airflow/.local/lib/python3.6/site-packages/airflow/example_dags/example_xcom.py
[2021-04-14 13:44:04,954] {scheduler_job.py:629} INFO - Processing file /home/airflow/.local/lib/python3.6/site-packages/airflow/example_dags/example_xcom.py for tasks to queue
[2021-04-14 13:44:04,955] {logging_mixin.py:104} INFO - [2021-04-14 13:44:04,955] {dagbag.py:448} INFO - Filling up the DagBag from /home/airflow/.local/lib/python3.6/site-packages/airflow/example_dags/example_xcom.py
[2021-04-14 13:44:04,973] {scheduler_job.py:639} INFO - DAG(s) dict_keys(['example_xcom']) retrieved from /home/airflow/.local/lib/python3.6/site-packages/airflow/example_dags/example_xcom.py
[2021-04-14 13:44:05,004] {logging_mixin.py:104} INFO - [2021-04-14 13:44:05,004] {dag.py:1818} INFO - Sync 1 DAGs
[2021-04-14 13:44:05,025] {logging_mixin.py:104} INFO - [2021-04-14 13:44:05,025] {dag.py:2273} INFO - Setting next_dagrun for example_xcom to 2021-04-12 00:00:00+00:00
[2021-04-14 13:44:05,038] {scheduler_job.py:190} INFO - Processing /home/airflow/.local/lib/python3.6/site-packages/airflow/example_dags/example_xcom.py took 0.091 seconds
[2021-04-14 13:44:35,402] {scheduler_job.py:182} INFO - Started process (PID=930) to work on /home/airflow/.local/lib/python3.6/site-packages/airflow/example_dags/example_xcom.py
[2021-04-14 13:44:35,403] {scheduler_job.py:629} INFO - Processing file /home/airflow/.local/lib/python3.6/site-packages/airflow/example_dags/example_xcom.py for tasks to queue
[2021-04-14 13:44:35,404] {logging_mixin.py:104} INFO - [2021-04-14 13:44:35,404] {dagbag.py:448} INFO - Filling up the DagBag from /home/airflow/.local/lib/python3.6/site-packages/airflow/example_dags/example_xcom.py
[2021-04-14 13:44:35,421] {scheduler_job.py:639} INFO - DAG(s) dict_keys(['example_xcom']) retrieved from /home/airflow/.local/lib/python3.6/site-packages/airflow/example_dags/example_xcom.py
[2021-04-14 13:44:35,449] {logging_mixin.py:104} INFO - [2021-04-14 13:44:35,448] {dag.py:1818} INFO - Sync 1 DAGs
[2021-04-14 13:44:35,475] {logging_mixin.py:104} INFO - [2021-04-14 13:44:35,475] {dag.py:2273} INFO - Setting next_dagrun for example_xcom to 2021-04-12 00:00:00+00:00
[2021-04-14 13:44:35,491] {scheduler_job.py:190} INFO - Processing /home/airflow/.local/lib/python3.6/site-packages/airflow/example_dags/example_xcom.py took 0.095 seconds
[2021-04-14 13:45:05,855] {scheduler_job.py:182} INFO - Started process (PID=956) to work on /home/airflow/.local/lib/python3.6/site-packages/airflow/example_dags/example_xcom.py
[2021-04-14 13:45:05,860] {scheduler_job.py:629} INFO - Processing file /home/airflow/.local/lib/python3.6/site-packages/airflow/example_dags/example_xcom.py for tasks to queue
[2021-04-14 13:45:05,861] {logging_mixin.py:104} INFO - [2021-04-14 13:45:05,861] {dagbag.py:448} INFO - Filling up the DagBag from /home/airflow/.local/lib/python3.6/site-packages/airflow/example_dags/example_xcom.py
[2021-04-14 13:45:05,882] {scheduler_job.py:639} INFO - DAG(s) dict_keys(['example_xcom']) retrieved from /home/airflow/.local/lib/python3.6/site-packages/airflow/example_dags/example_xcom.py
[2021-04-14 13:45:05,918] {logging_mixin.py:104} INFO - [2021-04-14 13:45:05,917] {dag.py:1818} INFO - Sync 1 DAGs
[2021-04-14 13:45:05,946] {logging_mixin.py:104} INFO - [2021-04-14 13:45:05,946] {dag.py:2273} INFO - Setting next_dagrun for example_xcom to 2021-04-12 00:00:00+00:00
[2021-04-14 13:45:05,961] {scheduler_job.py:190} INFO - Processing /home/airflow/.local/lib/python3.6/site-packages/airflow/example_dags/example_xcom.py took 0.113 seconds
[2021-04-14 13:45:36,245] {scheduler_job.py:182} INFO - Started process (PID=982) to work on /home/airflow/.local/lib/python3.6/site-packages/airflow/example_dags/example_xcom.py
[2021-04-14 13:45:36,247] {scheduler_job.py:629} INFO - Processing file /home/airflow/.local/lib/python3.6/site-packages/airflow/example_dags/example_xcom.py for tasks to queue
[2021-04-14 13:45:36,248] {logging_mixin.py:104} INFO - [2021-04-14 13:45:36,248] {dagbag.py:448} INFO - Filling up the DagBag from /home/airflow/.local/lib/python3.6/site-packages/airflow/example_dags/example_xcom.py
[2021-04-14 13:45:36,266] {scheduler_job.py:639} INFO - DAG(s) dict_keys(['example_xcom']) retrieved from /home/airflow/.local/lib/python3.6/site-packages/airflow/example_dags/example_xcom.py
[2021-04-14 13:45:36,290] {logging_mixin.py:104} INFO - [2021-04-14 13:45:36,290] {dag.py:1818} INFO - Sync 1 DAGs
[2021-04-14 13:45:36,308] {logging_mixin.py:104} INFO - [2021-04-14 13:45:36,308] {dag.py:2273} INFO - Setting next_dagrun for example_xcom to 2021-04-12 00:00:00+00:00
[2021-04-14 13:45:36,322] {scheduler_job.py:190} INFO - Processing /home/airflow/.local/lib/python3.6/site-packages/airflow/example_dags/example_xcom.py took 0.081 seconds
[2021-04-14 13:46:06,595] {scheduler_job.py:182} INFO - Started process (PID=1008) to work on /home/airflow/.local/lib/python3.6/site-packages/airflow/example_dags/example_xcom.py
[2021-04-14 13:46:06,596] {scheduler_job.py:629} INFO - Processing file /home/airflow/.local/lib/python3.6/site-packages/airflow/example_dags/example_xcom.py for tasks to queue
[2021-04-14 13:46:06,598] {logging_mixin.py:104} INFO - [2021-04-14 13:46:06,598] {dagbag.py:448} INFO - Filling up the DagBag from /home/airflow/.local/lib/python3.6/site-packages/airflow/example_dags/example_xcom.py
[2021-04-14 13:46:06,615] {scheduler_job.py:639} INFO - DAG(s) dict_keys(['example_xcom']) retrieved from /home/airflow/.local/lib/python3.6/site-packages/airflow/example_dags/example_xcom.py
[2021-04-14 13:46:06,647] {logging_mixin.py:104} INFO - [2021-04-14 13:46:06,646] {dag.py:1818} INFO - Sync 1 DAGs
[2021-04-14 13:46:06,671] {logging_mixin.py:104} INFO - [2021-04-14 13:46:06,671] {dag.py:2273} INFO - Setting next_dagrun for example_xcom to 2021-04-12 00:00:00+00:00
[2021-04-14 13:46:06,686] {scheduler_job.py:190} INFO - Processing /home/airflow/.local/lib/python3.6/site-packages/airflow/example_dags/example_xcom.py took 0.096 seconds
[2021-04-14 13:46:37,087] {scheduler_job.py:182} INFO - Started process (PID=1034) to work on /home/airflow/.local/lib/python3.6/site-packages/airflow/example_dags/example_xcom.py
[2021-04-14 13:46:37,088] {scheduler_job.py:629} INFO - Processing file /home/airflow/.local/lib/python3.6/site-packages/airflow/example_dags/example_xcom.py for tasks to queue
[2021-04-14 13:46:37,089] {logging_mixin.py:104} INFO - [2021-04-14 13:46:37,089] {dagbag.py:448} INFO - Filling up the DagBag from /home/airflow/.local/lib/python3.6/site-packages/airflow/example_dags/example_xcom.py
[2021-04-14 13:46:37,101] {scheduler_job.py:639} INFO - DAG(s) dict_keys(['example_xcom']) retrieved from /home/airflow/.local/lib/python3.6/site-packages/airflow/example_dags/example_xcom.py
[2021-04-14 13:46:37,122] {logging_mixin.py:104} INFO - [2021-04-14 13:46:37,122] {dag.py:1818} INFO - Sync 1 DAGs
[2021-04-14 13:46:37,137] {logging_mixin.py:104} INFO - [2021-04-14 13:46:37,137] {dag.py:2273} INFO - Setting next_dagrun for example_xcom to 2021-04-12 00:00:00+00:00
[2021-04-14 13:46:37,152] {scheduler_job.py:190} INFO - Processing /home/airflow/.local/lib/python3.6/site-packages/airflow/example_dags/example_xcom.py took 0.069 seconds
[2021-04-14 13:47:07,450] {scheduler_job.py:182} INFO - Started process (PID=1060) to work on /home/airflow/.local/lib/python3.6/site-packages/airflow/example_dags/example_xcom.py
[2021-04-14 13:47:07,451] {scheduler_job.py:629} INFO - Processing file /home/airflow/.local/lib/python3.6/site-packages/airflow/example_dags/example_xcom.py for tasks to queue
[2021-04-14 13:47:07,452] {logging_mixin.py:104} INFO - [2021-04-14 13:47:07,452] {dagbag.py:448} INFO - Filling up the DagBag from /home/airflow/.local/lib/python3.6/site-packages/airflow/example_dags/example_xcom.py
[2021-04-14 13:47:07,467] {scheduler_job.py:639} INFO - DAG(s) dict_keys(['example_xcom']) retrieved from /home/airflow/.local/lib/python3.6/site-packages/airflow/example_dags/example_xcom.py
[2021-04-14 13:47:07,492] {logging_mixin.py:104} INFO - [2021-04-14 13:47:07,492] {dag.py:1818} INFO - Sync 1 DAGs
[2021-04-14 13:47:07,513] {logging_mixin.py:104} INFO - [2021-04-14 13:47:07,513] {dag.py:2273} INFO - Setting next_dagrun for example_xcom to 2021-04-12 00:00:00+00:00
[2021-04-14 13:47:07,525] {scheduler_job.py:190} INFO - Processing /home/airflow/.local/lib/python3.6/site-packages/airflow/example_dags/example_xcom.py took 0.079 seconds
[2021-04-14 13:47:37,780] {scheduler_job.py:182} INFO - Started process (PID=1086) to work on /home/airflow/.local/lib/python3.6/site-packages/airflow/example_dags/example_xcom.py
[2021-04-14 13:47:37,782] {scheduler_job.py:629} INFO - Processing file /home/airflow/.local/lib/python3.6/site-packages/airflow/example_dags/example_xcom.py for tasks to queue
[2021-04-14 13:47:37,783] {logging_mixin.py:104} INFO - [2021-04-14 13:47:37,783] {dagbag.py:448} INFO - Filling up the DagBag from /home/airflow/.local/lib/python3.6/site-packages/airflow/example_dags/example_xcom.py
[2021-04-14 13:47:37,794] {scheduler_job.py:639} INFO - DAG(s) dict_keys(['example_xcom']) retrieved from /home/airflow/.local/lib/python3.6/site-packages/airflow/example_dags/example_xcom.py
[2021-04-14 13:47:37,815] {logging_mixin.py:104} INFO - [2021-04-14 13:47:37,815] {dag.py:1818} INFO - Sync 1 DAGs
[2021-04-14 13:47:37,830] {logging_mixin.py:104} INFO - [2021-04-14 13:47:37,830] {dag.py:2273} INFO - Setting next_dagrun for example_xcom to 2021-04-12 00:00:00+00:00
[2021-04-14 13:47:37,844] {scheduler_job.py:190} INFO - Processing /home/airflow/.local/lib/python3.6/site-packages/airflow/example_dags/example_xcom.py took 0.066 seconds
[2021-04-14 13:48:08,253] {scheduler_job.py:182} INFO - Started process (PID=1112) to work on /home/airflow/.local/lib/python3.6/site-packages/airflow/example_dags/example_xcom.py
[2021-04-14 13:48:08,254] {scheduler_job.py:629} INFO - Processing file /home/airflow/.local/lib/python3.6/site-packages/airflow/example_dags/example_xcom.py for tasks to queue
[2021-04-14 13:48:08,256] {logging_mixin.py:104} INFO - [2021-04-14 13:48:08,255] {dagbag.py:448} INFO - Filling up the DagBag from /home/airflow/.local/lib/python3.6/site-packages/airflow/example_dags/example_xcom.py
[2021-04-14 13:48:08,266] {scheduler_job.py:639} INFO - DAG(s) dict_keys(['example_xcom']) retrieved from /home/airflow/.local/lib/python3.6/site-packages/airflow/example_dags/example_xcom.py
[2021-04-14 13:48:08,288] {logging_mixin.py:104} INFO - [2021-04-14 13:48:08,288] {dag.py:1818} INFO - Sync 1 DAGs
[2021-04-14 13:48:08,303] {logging_mixin.py:104} INFO - [2021-04-14 13:48:08,303] {dag.py:2273} INFO - Setting next_dagrun for example_xcom to 2021-04-12 00:00:00+00:00
[2021-04-14 13:48:08,314] {scheduler_job.py:190} INFO - Processing /home/airflow/.local/lib/python3.6/site-packages/airflow/example_dags/example_xcom.py took 0.065 seconds
[2021-04-14 13:48:39,078] {scheduler_job.py:182} INFO - Started process (PID=1138) to work on /home/airflow/.local/lib/python3.6/site-packages/airflow/example_dags/example_xcom.py
[2021-04-14 13:48:39,080] {scheduler_job.py:629} INFO - Processing file /home/airflow/.local/lib/python3.6/site-packages/airflow/example_dags/example_xcom.py for tasks to queue
[2021-04-14 13:48:39,081] {logging_mixin.py:104} INFO - [2021-04-14 13:48:39,080] {dagbag.py:448} INFO - Filling up the DagBag from /home/airflow/.local/lib/python3.6/site-packages/airflow/example_dags/example_xcom.py
[2021-04-14 13:48:39,097] {scheduler_job.py:639} INFO - DAG(s) dict_keys(['example_xcom']) retrieved from /home/airflow/.local/lib/python3.6/site-packages/airflow/example_dags/example_xcom.py
[2021-04-14 13:48:39,122] {logging_mixin.py:104} INFO - [2021-04-14 13:48:39,122] {dag.py:1818} INFO - Sync 1 DAGs
[2021-04-14 13:48:39,139] {logging_mixin.py:104} INFO - [2021-04-14 13:48:39,139] {dag.py:2273} INFO - Setting next_dagrun for example_xcom to 2021-04-12 00:00:00+00:00
[2021-04-14 13:48:39,150] {scheduler_job.py:190} INFO - Processing /home/airflow/.local/lib/python3.6/site-packages/airflow/example_dags/example_xcom.py took 0.075 seconds
