[2021-04-14 13:27:50,228] {scheduler_job.py:182} INFO - Started process (PID=35) to work on /home/airflow/.local/lib/python3.6/site-packages/airflow/example_dags/example_xcomargs.py
[2021-04-14 13:27:50,231] {scheduler_job.py:629} INFO - Processing file /home/airflow/.local/lib/python3.6/site-packages/airflow/example_dags/example_xcomargs.py for tasks to queue
[2021-04-14 13:27:50,233] {logging_mixin.py:104} INFO - [2021-04-14 13:27:50,233] {dagbag.py:448} INFO - Filling up the DagBag from /home/airflow/.local/lib/python3.6/site-packages/airflow/example_dags/example_xcomargs.py
[2021-04-14 13:27:50,265] {scheduler_job.py:639} INFO - DAG(s) dict_keys(['example_xcom_args', 'example_xcom_args_with_operators']) retrieved from /home/airflow/.local/lib/python3.6/site-packages/airflow/example_dags/example_xcomargs.py
[2021-04-14 13:27:50,364] {logging_mixin.py:104} INFO - [2021-04-14 13:27:50,363] {dag.py:1818} INFO - Sync 2 DAGs
[2021-04-14 13:27:50,406] {logging_mixin.py:104} INFO - [2021-04-14 13:27:50,405] {dag.py:2273} INFO - Setting next_dagrun for example_xcom_args to None
[2021-04-14 13:27:50,408] {logging_mixin.py:104} INFO - [2021-04-14 13:27:50,407] {dag.py:2273} INFO - Setting next_dagrun for example_xcom_args_with_operators to None
[2021-04-14 13:27:50,461] {scheduler_job.py:190} INFO - Processing /home/airflow/.local/lib/python3.6/site-packages/airflow/example_dags/example_xcomargs.py took 0.241 seconds
[2021-04-14 13:28:22,251] {scheduler_job.py:182} INFO - Started process (PID=89) to work on /home/airflow/.local/lib/python3.6/site-packages/airflow/example_dags/example_xcomargs.py
[2021-04-14 13:28:22,257] {scheduler_job.py:629} INFO - Processing file /home/airflow/.local/lib/python3.6/site-packages/airflow/example_dags/example_xcomargs.py for tasks to queue
[2021-04-14 13:28:22,265] {logging_mixin.py:104} INFO - [2021-04-14 13:28:22,265] {dagbag.py:448} INFO - Filling up the DagBag from /home/airflow/.local/lib/python3.6/site-packages/airflow/example_dags/example_xcomargs.py
[2021-04-14 13:28:22,319] {scheduler_job.py:639} INFO - DAG(s) dict_keys(['example_xcom_args', 'example_xcom_args_with_operators']) retrieved from /home/airflow/.local/lib/python3.6/site-packages/airflow/example_dags/example_xcomargs.py
[2021-04-14 13:28:22,413] {logging_mixin.py:104} INFO - [2021-04-14 13:28:22,413] {dag.py:1818} INFO - Sync 2 DAGs
[2021-04-14 13:28:22,519] {logging_mixin.py:104} INFO - [2021-04-14 13:28:22,518] {dag.py:2273} INFO - Setting next_dagrun for example_xcom_args to None
[2021-04-14 13:28:22,541] {logging_mixin.py:104} INFO - [2021-04-14 13:28:22,540] {dag.py:2273} INFO - Setting next_dagrun for example_xcom_args_with_operators to None
[2021-04-14 13:28:22,648] {scheduler_job.py:190} INFO - Processing /home/airflow/.local/lib/python3.6/site-packages/airflow/example_dags/example_xcomargs.py took 0.403 seconds
[2021-04-14 13:28:53,220] {scheduler_job.py:182} INFO - Started process (PID=120) to work on /home/airflow/.local/lib/python3.6/site-packages/airflow/example_dags/example_xcomargs.py
[2021-04-14 13:28:53,222] {scheduler_job.py:629} INFO - Processing file /home/airflow/.local/lib/python3.6/site-packages/airflow/example_dags/example_xcomargs.py for tasks to queue
[2021-04-14 13:28:53,223] {logging_mixin.py:104} INFO - [2021-04-14 13:28:53,223] {dagbag.py:448} INFO - Filling up the DagBag from /home/airflow/.local/lib/python3.6/site-packages/airflow/example_dags/example_xcomargs.py
[2021-04-14 13:28:53,243] {scheduler_job.py:639} INFO - DAG(s) dict_keys(['example_xcom_args', 'example_xcom_args_with_operators']) retrieved from /home/airflow/.local/lib/python3.6/site-packages/airflow/example_dags/example_xcomargs.py
[2021-04-14 13:28:53,284] {logging_mixin.py:104} INFO - [2021-04-14 13:28:53,283] {dag.py:1818} INFO - Sync 2 DAGs
[2021-04-14 13:28:53,311] {logging_mixin.py:104} INFO - [2021-04-14 13:28:53,311] {dag.py:2273} INFO - Setting next_dagrun for example_xcom_args to None
[2021-04-14 13:28:53,313] {logging_mixin.py:104} INFO - [2021-04-14 13:28:53,312] {dag.py:2273} INFO - Setting next_dagrun for example_xcom_args_with_operators to None
[2021-04-14 13:28:53,329] {scheduler_job.py:190} INFO - Processing /home/airflow/.local/lib/python3.6/site-packages/airflow/example_dags/example_xcomargs.py took 0.113 seconds
[2021-04-14 13:29:23,358] {scheduler_job.py:182} INFO - Started process (PID=145) to work on /home/airflow/.local/lib/python3.6/site-packages/airflow/example_dags/example_xcomargs.py
[2021-04-14 13:29:23,359] {scheduler_job.py:629} INFO - Processing file /home/airflow/.local/lib/python3.6/site-packages/airflow/example_dags/example_xcomargs.py for tasks to queue
[2021-04-14 13:29:23,360] {logging_mixin.py:104} INFO - [2021-04-14 13:29:23,359] {dagbag.py:448} INFO - Filling up the DagBag from /home/airflow/.local/lib/python3.6/site-packages/airflow/example_dags/example_xcomargs.py
[2021-04-14 13:29:23,372] {scheduler_job.py:639} INFO - DAG(s) dict_keys(['example_xcom_args', 'example_xcom_args_with_operators']) retrieved from /home/airflow/.local/lib/python3.6/site-packages/airflow/example_dags/example_xcomargs.py
[2021-04-14 13:29:23,397] {logging_mixin.py:104} INFO - [2021-04-14 13:29:23,397] {dag.py:1818} INFO - Sync 2 DAGs
[2021-04-14 13:29:23,413] {logging_mixin.py:104} INFO - [2021-04-14 13:29:23,413] {dag.py:2273} INFO - Setting next_dagrun for example_xcom_args to None
[2021-04-14 13:29:23,414] {logging_mixin.py:104} INFO - [2021-04-14 13:29:23,414] {dag.py:2273} INFO - Setting next_dagrun for example_xcom_args_with_operators to None
[2021-04-14 13:29:23,425] {scheduler_job.py:190} INFO - Processing /home/airflow/.local/lib/python3.6/site-packages/airflow/example_dags/example_xcomargs.py took 0.070 seconds
[2021-04-14 13:29:53,604] {scheduler_job.py:182} INFO - Started process (PID=172) to work on /home/airflow/.local/lib/python3.6/site-packages/airflow/example_dags/example_xcomargs.py
[2021-04-14 13:29:53,605] {scheduler_job.py:629} INFO - Processing file /home/airflow/.local/lib/python3.6/site-packages/airflow/example_dags/example_xcomargs.py for tasks to queue
[2021-04-14 13:29:53,606] {logging_mixin.py:104} INFO - [2021-04-14 13:29:53,606] {dagbag.py:448} INFO - Filling up the DagBag from /home/airflow/.local/lib/python3.6/site-packages/airflow/example_dags/example_xcomargs.py
[2021-04-14 13:29:53,620] {scheduler_job.py:639} INFO - DAG(s) dict_keys(['example_xcom_args', 'example_xcom_args_with_operators']) retrieved from /home/airflow/.local/lib/python3.6/site-packages/airflow/example_dags/example_xcomargs.py
[2021-04-14 13:29:53,645] {logging_mixin.py:104} INFO - [2021-04-14 13:29:53,645] {dag.py:1818} INFO - Sync 2 DAGs
[2021-04-14 13:29:53,660] {logging_mixin.py:104} INFO - [2021-04-14 13:29:53,660] {dag.py:2273} INFO - Setting next_dagrun for example_xcom_args to None
[2021-04-14 13:29:53,661] {logging_mixin.py:104} INFO - [2021-04-14 13:29:53,661] {dag.py:2273} INFO - Setting next_dagrun for example_xcom_args_with_operators to None
[2021-04-14 13:29:53,673] {scheduler_job.py:190} INFO - Processing /home/airflow/.local/lib/python3.6/site-packages/airflow/example_dags/example_xcomargs.py took 0.071 seconds
[2021-04-14 13:30:23,759] {scheduler_job.py:182} INFO - Started process (PID=198) to work on /home/airflow/.local/lib/python3.6/site-packages/airflow/example_dags/example_xcomargs.py
[2021-04-14 13:30:23,760] {scheduler_job.py:629} INFO - Processing file /home/airflow/.local/lib/python3.6/site-packages/airflow/example_dags/example_xcomargs.py for tasks to queue
[2021-04-14 13:30:23,761] {logging_mixin.py:104} INFO - [2021-04-14 13:30:23,761] {dagbag.py:448} INFO - Filling up the DagBag from /home/airflow/.local/lib/python3.6/site-packages/airflow/example_dags/example_xcomargs.py
[2021-04-14 13:30:23,774] {scheduler_job.py:639} INFO - DAG(s) dict_keys(['example_xcom_args', 'example_xcom_args_with_operators']) retrieved from /home/airflow/.local/lib/python3.6/site-packages/airflow/example_dags/example_xcomargs.py
[2021-04-14 13:30:23,800] {logging_mixin.py:104} INFO - [2021-04-14 13:30:23,800] {dag.py:1818} INFO - Sync 2 DAGs
[2021-04-14 13:30:23,815] {logging_mixin.py:104} INFO - [2021-04-14 13:30:23,815] {dag.py:2273} INFO - Setting next_dagrun for example_xcom_args to None
[2021-04-14 13:30:23,816] {logging_mixin.py:104} INFO - [2021-04-14 13:30:23,816] {dag.py:2273} INFO - Setting next_dagrun for example_xcom_args_with_operators to None
[2021-04-14 13:30:23,827] {scheduler_job.py:190} INFO - Processing /home/airflow/.local/lib/python3.6/site-packages/airflow/example_dags/example_xcomargs.py took 0.072 seconds
[2021-04-14 13:30:53,896] {scheduler_job.py:182} INFO - Started process (PID=224) to work on /home/airflow/.local/lib/python3.6/site-packages/airflow/example_dags/example_xcomargs.py
[2021-04-14 13:30:53,898] {scheduler_job.py:629} INFO - Processing file /home/airflow/.local/lib/python3.6/site-packages/airflow/example_dags/example_xcomargs.py for tasks to queue
[2021-04-14 13:30:53,899] {logging_mixin.py:104} INFO - [2021-04-14 13:30:53,899] {dagbag.py:448} INFO - Filling up the DagBag from /home/airflow/.local/lib/python3.6/site-packages/airflow/example_dags/example_xcomargs.py
[2021-04-14 13:30:53,925] {scheduler_job.py:639} INFO - DAG(s) dict_keys(['example_xcom_args', 'example_xcom_args_with_operators']) retrieved from /home/airflow/.local/lib/python3.6/site-packages/airflow/example_dags/example_xcomargs.py
[2021-04-14 13:30:53,970] {logging_mixin.py:104} INFO - [2021-04-14 13:30:53,970] {dag.py:1818} INFO - Sync 2 DAGs
[2021-04-14 13:30:53,992] {logging_mixin.py:104} INFO - [2021-04-14 13:30:53,992] {dag.py:2273} INFO - Setting next_dagrun for example_xcom_args to None
[2021-04-14 13:30:53,993] {logging_mixin.py:104} INFO - [2021-04-14 13:30:53,993] {dag.py:2273} INFO - Setting next_dagrun for example_xcom_args_with_operators to None
[2021-04-14 13:30:54,009] {scheduler_job.py:190} INFO - Processing /home/airflow/.local/lib/python3.6/site-packages/airflow/example_dags/example_xcomargs.py took 0.120 seconds
[2021-04-14 13:31:24,382] {scheduler_job.py:182} INFO - Started process (PID=250) to work on /home/airflow/.local/lib/python3.6/site-packages/airflow/example_dags/example_xcomargs.py
[2021-04-14 13:31:24,383] {scheduler_job.py:629} INFO - Processing file /home/airflow/.local/lib/python3.6/site-packages/airflow/example_dags/example_xcomargs.py for tasks to queue
[2021-04-14 13:31:24,384] {logging_mixin.py:104} INFO - [2021-04-14 13:31:24,384] {dagbag.py:448} INFO - Filling up the DagBag from /home/airflow/.local/lib/python3.6/site-packages/airflow/example_dags/example_xcomargs.py
[2021-04-14 13:31:24,397] {scheduler_job.py:639} INFO - DAG(s) dict_keys(['example_xcom_args', 'example_xcom_args_with_operators']) retrieved from /home/airflow/.local/lib/python3.6/site-packages/airflow/example_dags/example_xcomargs.py
[2021-04-14 13:31:24,424] {logging_mixin.py:104} INFO - [2021-04-14 13:31:24,424] {dag.py:1818} INFO - Sync 2 DAGs
[2021-04-14 13:31:24,441] {logging_mixin.py:104} INFO - [2021-04-14 13:31:24,441] {dag.py:2273} INFO - Setting next_dagrun for example_xcom_args to None
[2021-04-14 13:31:24,442] {logging_mixin.py:104} INFO - [2021-04-14 13:31:24,442] {dag.py:2273} INFO - Setting next_dagrun for example_xcom_args_with_operators to None
[2021-04-14 13:31:24,454] {scheduler_job.py:190} INFO - Processing /home/airflow/.local/lib/python3.6/site-packages/airflow/example_dags/example_xcomargs.py took 0.076 seconds
[2021-04-14 13:31:54,594] {scheduler_job.py:182} INFO - Started process (PID=276) to work on /home/airflow/.local/lib/python3.6/site-packages/airflow/example_dags/example_xcomargs.py
[2021-04-14 13:31:54,596] {scheduler_job.py:629} INFO - Processing file /home/airflow/.local/lib/python3.6/site-packages/airflow/example_dags/example_xcomargs.py for tasks to queue
[2021-04-14 13:31:54,598] {logging_mixin.py:104} INFO - [2021-04-14 13:31:54,598] {dagbag.py:448} INFO - Filling up the DagBag from /home/airflow/.local/lib/python3.6/site-packages/airflow/example_dags/example_xcomargs.py
[2021-04-14 13:31:54,634] {scheduler_job.py:639} INFO - DAG(s) dict_keys(['example_xcom_args', 'example_xcom_args_with_operators']) retrieved from /home/airflow/.local/lib/python3.6/site-packages/airflow/example_dags/example_xcomargs.py
[2021-04-14 13:31:54,688] {logging_mixin.py:104} INFO - [2021-04-14 13:31:54,687] {dag.py:1818} INFO - Sync 2 DAGs
[2021-04-14 13:31:54,713] {logging_mixin.py:104} INFO - [2021-04-14 13:31:54,713] {dag.py:2273} INFO - Setting next_dagrun for example_xcom_args to None
[2021-04-14 13:31:54,714] {logging_mixin.py:104} INFO - [2021-04-14 13:31:54,714] {dag.py:2273} INFO - Setting next_dagrun for example_xcom_args_with_operators to None
[2021-04-14 13:31:54,730] {scheduler_job.py:190} INFO - Processing /home/airflow/.local/lib/python3.6/site-packages/airflow/example_dags/example_xcomargs.py took 0.143 seconds
[2021-04-14 13:32:24,940] {scheduler_job.py:182} INFO - Started process (PID=302) to work on /home/airflow/.local/lib/python3.6/site-packages/airflow/example_dags/example_xcomargs.py
[2021-04-14 13:32:24,942] {scheduler_job.py:629} INFO - Processing file /home/airflow/.local/lib/python3.6/site-packages/airflow/example_dags/example_xcomargs.py for tasks to queue
[2021-04-14 13:32:24,943] {logging_mixin.py:104} INFO - [2021-04-14 13:32:24,943] {dagbag.py:448} INFO - Filling up the DagBag from /home/airflow/.local/lib/python3.6/site-packages/airflow/example_dags/example_xcomargs.py
[2021-04-14 13:32:24,960] {scheduler_job.py:639} INFO - DAG(s) dict_keys(['example_xcom_args', 'example_xcom_args_with_operators']) retrieved from /home/airflow/.local/lib/python3.6/site-packages/airflow/example_dags/example_xcomargs.py
[2021-04-14 13:32:24,994] {logging_mixin.py:104} INFO - [2021-04-14 13:32:24,994] {dag.py:1818} INFO - Sync 2 DAGs
[2021-04-14 13:32:25,014] {logging_mixin.py:104} INFO - [2021-04-14 13:32:25,014] {dag.py:2273} INFO - Setting next_dagrun for example_xcom_args to None
[2021-04-14 13:32:25,016] {logging_mixin.py:104} INFO - [2021-04-14 13:32:25,016] {dag.py:2273} INFO - Setting next_dagrun for example_xcom_args_with_operators to None
[2021-04-14 13:32:25,033] {scheduler_job.py:190} INFO - Processing /home/airflow/.local/lib/python3.6/site-packages/airflow/example_dags/example_xcomargs.py took 0.097 seconds
[2021-04-14 13:32:55,117] {scheduler_job.py:182} INFO - Started process (PID=328) to work on /home/airflow/.local/lib/python3.6/site-packages/airflow/example_dags/example_xcomargs.py
[2021-04-14 13:32:55,118] {scheduler_job.py:629} INFO - Processing file /home/airflow/.local/lib/python3.6/site-packages/airflow/example_dags/example_xcomargs.py for tasks to queue
[2021-04-14 13:32:55,120] {logging_mixin.py:104} INFO - [2021-04-14 13:32:55,119] {dagbag.py:448} INFO - Filling up the DagBag from /home/airflow/.local/lib/python3.6/site-packages/airflow/example_dags/example_xcomargs.py
[2021-04-14 13:32:55,137] {scheduler_job.py:639} INFO - DAG(s) dict_keys(['example_xcom_args', 'example_xcom_args_with_operators']) retrieved from /home/airflow/.local/lib/python3.6/site-packages/airflow/example_dags/example_xcomargs.py
[2021-04-14 13:32:55,168] {logging_mixin.py:104} INFO - [2021-04-14 13:32:55,168] {dag.py:1818} INFO - Sync 2 DAGs
[2021-04-14 13:32:55,187] {logging_mixin.py:104} INFO - [2021-04-14 13:32:55,187] {dag.py:2273} INFO - Setting next_dagrun for example_xcom_args to None
[2021-04-14 13:32:55,188] {logging_mixin.py:104} INFO - [2021-04-14 13:32:55,188] {dag.py:2273} INFO - Setting next_dagrun for example_xcom_args_with_operators to None
[2021-04-14 13:32:55,243] {scheduler_job.py:190} INFO - Processing /home/airflow/.local/lib/python3.6/site-packages/airflow/example_dags/example_xcomargs.py took 0.130 seconds
[2021-04-14 13:33:25,292] {scheduler_job.py:182} INFO - Started process (PID=354) to work on /home/airflow/.local/lib/python3.6/site-packages/airflow/example_dags/example_xcomargs.py
[2021-04-14 13:33:25,294] {scheduler_job.py:629} INFO - Processing file /home/airflow/.local/lib/python3.6/site-packages/airflow/example_dags/example_xcomargs.py for tasks to queue
[2021-04-14 13:33:25,295] {logging_mixin.py:104} INFO - [2021-04-14 13:33:25,295] {dagbag.py:448} INFO - Filling up the DagBag from /home/airflow/.local/lib/python3.6/site-packages/airflow/example_dags/example_xcomargs.py
[2021-04-14 13:33:25,314] {scheduler_job.py:639} INFO - DAG(s) dict_keys(['example_xcom_args', 'example_xcom_args_with_operators']) retrieved from /home/airflow/.local/lib/python3.6/site-packages/airflow/example_dags/example_xcomargs.py
[2021-04-14 13:33:25,348] {logging_mixin.py:104} INFO - [2021-04-14 13:33:25,347] {dag.py:1818} INFO - Sync 2 DAGs
[2021-04-14 13:33:25,371] {logging_mixin.py:104} INFO - [2021-04-14 13:33:25,371] {dag.py:2273} INFO - Setting next_dagrun for example_xcom_args to None
[2021-04-14 13:33:25,373] {logging_mixin.py:104} INFO - [2021-04-14 13:33:25,373] {dag.py:2273} INFO - Setting next_dagrun for example_xcom_args_with_operators to None
[2021-04-14 13:33:25,388] {scheduler_job.py:190} INFO - Processing /home/airflow/.local/lib/python3.6/site-packages/airflow/example_dags/example_xcomargs.py took 0.101 seconds
[2021-04-14 13:33:55,517] {scheduler_job.py:182} INFO - Started process (PID=380) to work on /home/airflow/.local/lib/python3.6/site-packages/airflow/example_dags/example_xcomargs.py
[2021-04-14 13:33:55,518] {scheduler_job.py:629} INFO - Processing file /home/airflow/.local/lib/python3.6/site-packages/airflow/example_dags/example_xcomargs.py for tasks to queue
[2021-04-14 13:33:55,520] {logging_mixin.py:104} INFO - [2021-04-14 13:33:55,519] {dagbag.py:448} INFO - Filling up the DagBag from /home/airflow/.local/lib/python3.6/site-packages/airflow/example_dags/example_xcomargs.py
[2021-04-14 13:33:55,541] {scheduler_job.py:639} INFO - DAG(s) dict_keys(['example_xcom_args', 'example_xcom_args_with_operators']) retrieved from /home/airflow/.local/lib/python3.6/site-packages/airflow/example_dags/example_xcomargs.py
[2021-04-14 13:33:55,576] {logging_mixin.py:104} INFO - [2021-04-14 13:33:55,576] {dag.py:1818} INFO - Sync 2 DAGs
[2021-04-14 13:33:55,600] {logging_mixin.py:104} INFO - [2021-04-14 13:33:55,600] {dag.py:2273} INFO - Setting next_dagrun for example_xcom_args to None
[2021-04-14 13:33:55,601] {logging_mixin.py:104} INFO - [2021-04-14 13:33:55,601] {dag.py:2273} INFO - Setting next_dagrun for example_xcom_args_with_operators to None
[2021-04-14 13:33:55,616] {scheduler_job.py:190} INFO - Processing /home/airflow/.local/lib/python3.6/site-packages/airflow/example_dags/example_xcomargs.py took 0.103 seconds
[2021-04-14 13:34:25,840] {scheduler_job.py:182} INFO - Started process (PID=406) to work on /home/airflow/.local/lib/python3.6/site-packages/airflow/example_dags/example_xcomargs.py
[2021-04-14 13:34:25,841] {scheduler_job.py:629} INFO - Processing file /home/airflow/.local/lib/python3.6/site-packages/airflow/example_dags/example_xcomargs.py for tasks to queue
[2021-04-14 13:34:25,843] {logging_mixin.py:104} INFO - [2021-04-14 13:34:25,843] {dagbag.py:448} INFO - Filling up the DagBag from /home/airflow/.local/lib/python3.6/site-packages/airflow/example_dags/example_xcomargs.py
[2021-04-14 13:34:25,862] {scheduler_job.py:639} INFO - DAG(s) dict_keys(['example_xcom_args', 'example_xcom_args_with_operators']) retrieved from /home/airflow/.local/lib/python3.6/site-packages/airflow/example_dags/example_xcomargs.py
[2021-04-14 13:34:25,896] {logging_mixin.py:104} INFO - [2021-04-14 13:34:25,896] {dag.py:1818} INFO - Sync 2 DAGs
[2021-04-14 13:34:25,920] {logging_mixin.py:104} INFO - [2021-04-14 13:34:25,919] {dag.py:2273} INFO - Setting next_dagrun for example_xcom_args to None
[2021-04-14 13:34:25,922] {logging_mixin.py:104} INFO - [2021-04-14 13:34:25,922] {dag.py:2273} INFO - Setting next_dagrun for example_xcom_args_with_operators to None
[2021-04-14 13:34:25,937] {scheduler_job.py:190} INFO - Processing /home/airflow/.local/lib/python3.6/site-packages/airflow/example_dags/example_xcomargs.py took 0.102 seconds
[2021-04-14 13:34:56,162] {scheduler_job.py:182} INFO - Started process (PID=432) to work on /home/airflow/.local/lib/python3.6/site-packages/airflow/example_dags/example_xcomargs.py
[2021-04-14 13:34:56,164] {scheduler_job.py:629} INFO - Processing file /home/airflow/.local/lib/python3.6/site-packages/airflow/example_dags/example_xcomargs.py for tasks to queue
[2021-04-14 13:34:56,166] {logging_mixin.py:104} INFO - [2021-04-14 13:34:56,165] {dagbag.py:448} INFO - Filling up the DagBag from /home/airflow/.local/lib/python3.6/site-packages/airflow/example_dags/example_xcomargs.py
[2021-04-14 13:34:56,188] {scheduler_job.py:639} INFO - DAG(s) dict_keys(['example_xcom_args', 'example_xcom_args_with_operators']) retrieved from /home/airflow/.local/lib/python3.6/site-packages/airflow/example_dags/example_xcomargs.py
[2021-04-14 13:34:56,225] {logging_mixin.py:104} INFO - [2021-04-14 13:34:56,225] {dag.py:1818} INFO - Sync 2 DAGs
[2021-04-14 13:34:56,247] {logging_mixin.py:104} INFO - [2021-04-14 13:34:56,247] {dag.py:2273} INFO - Setting next_dagrun for example_xcom_args to None
[2021-04-14 13:34:56,248] {logging_mixin.py:104} INFO - [2021-04-14 13:34:56,248] {dag.py:2273} INFO - Setting next_dagrun for example_xcom_args_with_operators to None
[2021-04-14 13:34:56,267] {scheduler_job.py:190} INFO - Processing /home/airflow/.local/lib/python3.6/site-packages/airflow/example_dags/example_xcomargs.py took 0.110 seconds
[2021-04-14 13:35:26,531] {scheduler_job.py:182} INFO - Started process (PID=458) to work on /home/airflow/.local/lib/python3.6/site-packages/airflow/example_dags/example_xcomargs.py
[2021-04-14 13:35:26,533] {scheduler_job.py:629} INFO - Processing file /home/airflow/.local/lib/python3.6/site-packages/airflow/example_dags/example_xcomargs.py for tasks to queue
[2021-04-14 13:35:26,534] {logging_mixin.py:104} INFO - [2021-04-14 13:35:26,534] {dagbag.py:448} INFO - Filling up the DagBag from /home/airflow/.local/lib/python3.6/site-packages/airflow/example_dags/example_xcomargs.py
[2021-04-14 13:35:26,557] {scheduler_job.py:639} INFO - DAG(s) dict_keys(['example_xcom_args', 'example_xcom_args_with_operators']) retrieved from /home/airflow/.local/lib/python3.6/site-packages/airflow/example_dags/example_xcomargs.py
[2021-04-14 13:35:26,597] {logging_mixin.py:104} INFO - [2021-04-14 13:35:26,596] {dag.py:1818} INFO - Sync 2 DAGs
[2021-04-14 13:35:26,622] {logging_mixin.py:104} INFO - [2021-04-14 13:35:26,622] {dag.py:2273} INFO - Setting next_dagrun for example_xcom_args to None
[2021-04-14 13:35:26,623] {logging_mixin.py:104} INFO - [2021-04-14 13:35:26,623] {dag.py:2273} INFO - Setting next_dagrun for example_xcom_args_with_operators to None
[2021-04-14 13:35:26,643] {scheduler_job.py:190} INFO - Processing /home/airflow/.local/lib/python3.6/site-packages/airflow/example_dags/example_xcomargs.py took 0.118 seconds
[2021-04-14 13:35:56,826] {scheduler_job.py:182} INFO - Started process (PID=484) to work on /home/airflow/.local/lib/python3.6/site-packages/airflow/example_dags/example_xcomargs.py
[2021-04-14 13:35:56,829] {scheduler_job.py:629} INFO - Processing file /home/airflow/.local/lib/python3.6/site-packages/airflow/example_dags/example_xcomargs.py for tasks to queue
[2021-04-14 13:35:56,831] {logging_mixin.py:104} INFO - [2021-04-14 13:35:56,830] {dagbag.py:448} INFO - Filling up the DagBag from /home/airflow/.local/lib/python3.6/site-packages/airflow/example_dags/example_xcomargs.py
[2021-04-14 13:35:56,851] {scheduler_job.py:639} INFO - DAG(s) dict_keys(['example_xcom_args', 'example_xcom_args_with_operators']) retrieved from /home/airflow/.local/lib/python3.6/site-packages/airflow/example_dags/example_xcomargs.py
[2021-04-14 13:35:56,891] {logging_mixin.py:104} INFO - [2021-04-14 13:35:56,891] {dag.py:1818} INFO - Sync 2 DAGs
[2021-04-14 13:35:56,910] {logging_mixin.py:104} INFO - [2021-04-14 13:35:56,910] {dag.py:2273} INFO - Setting next_dagrun for example_xcom_args to None
[2021-04-14 13:35:56,912] {logging_mixin.py:104} INFO - [2021-04-14 13:35:56,912] {dag.py:2273} INFO - Setting next_dagrun for example_xcom_args_with_operators to None
[2021-04-14 13:35:56,934] {scheduler_job.py:190} INFO - Processing /home/airflow/.local/lib/python3.6/site-packages/airflow/example_dags/example_xcomargs.py took 0.113 seconds
[2021-04-14 13:36:27,155] {scheduler_job.py:182} INFO - Started process (PID=510) to work on /home/airflow/.local/lib/python3.6/site-packages/airflow/example_dags/example_xcomargs.py
[2021-04-14 13:36:27,158] {scheduler_job.py:629} INFO - Processing file /home/airflow/.local/lib/python3.6/site-packages/airflow/example_dags/example_xcomargs.py for tasks to queue
[2021-04-14 13:36:27,160] {logging_mixin.py:104} INFO - [2021-04-14 13:36:27,159] {dagbag.py:448} INFO - Filling up the DagBag from /home/airflow/.local/lib/python3.6/site-packages/airflow/example_dags/example_xcomargs.py
[2021-04-14 13:36:27,181] {scheduler_job.py:639} INFO - DAG(s) dict_keys(['example_xcom_args', 'example_xcom_args_with_operators']) retrieved from /home/airflow/.local/lib/python3.6/site-packages/airflow/example_dags/example_xcomargs.py
[2021-04-14 13:36:27,224] {logging_mixin.py:104} INFO - [2021-04-14 13:36:27,224] {dag.py:1818} INFO - Sync 2 DAGs
[2021-04-14 13:36:27,245] {logging_mixin.py:104} INFO - [2021-04-14 13:36:27,244] {dag.py:2273} INFO - Setting next_dagrun for example_xcom_args to None
[2021-04-14 13:36:27,246] {logging_mixin.py:104} INFO - [2021-04-14 13:36:27,246] {dag.py:2273} INFO - Setting next_dagrun for example_xcom_args_with_operators to None
[2021-04-14 13:36:27,261] {scheduler_job.py:190} INFO - Processing /home/airflow/.local/lib/python3.6/site-packages/airflow/example_dags/example_xcomargs.py took 0.110 seconds
[2021-04-14 13:36:57,496] {scheduler_job.py:182} INFO - Started process (PID=536) to work on /home/airflow/.local/lib/python3.6/site-packages/airflow/example_dags/example_xcomargs.py
[2021-04-14 13:36:57,498] {scheduler_job.py:629} INFO - Processing file /home/airflow/.local/lib/python3.6/site-packages/airflow/example_dags/example_xcomargs.py for tasks to queue
[2021-04-14 13:36:57,499] {logging_mixin.py:104} INFO - [2021-04-14 13:36:57,499] {dagbag.py:448} INFO - Filling up the DagBag from /home/airflow/.local/lib/python3.6/site-packages/airflow/example_dags/example_xcomargs.py
[2021-04-14 13:36:57,525] {scheduler_job.py:639} INFO - DAG(s) dict_keys(['example_xcom_args', 'example_xcom_args_with_operators']) retrieved from /home/airflow/.local/lib/python3.6/site-packages/airflow/example_dags/example_xcomargs.py
[2021-04-14 13:36:57,577] {logging_mixin.py:104} INFO - [2021-04-14 13:36:57,576] {dag.py:1818} INFO - Sync 2 DAGs
[2021-04-14 13:36:57,605] {logging_mixin.py:104} INFO - [2021-04-14 13:36:57,605] {dag.py:2273} INFO - Setting next_dagrun for example_xcom_args to None
[2021-04-14 13:36:57,608] {logging_mixin.py:104} INFO - [2021-04-14 13:36:57,607] {dag.py:2273} INFO - Setting next_dagrun for example_xcom_args_with_operators to None
[2021-04-14 13:36:57,633] {scheduler_job.py:190} INFO - Processing /home/airflow/.local/lib/python3.6/site-packages/airflow/example_dags/example_xcomargs.py took 0.143 seconds
[2021-04-14 13:37:27,968] {scheduler_job.py:182} INFO - Started process (PID=562) to work on /home/airflow/.local/lib/python3.6/site-packages/airflow/example_dags/example_xcomargs.py
[2021-04-14 13:37:27,970] {scheduler_job.py:629} INFO - Processing file /home/airflow/.local/lib/python3.6/site-packages/airflow/example_dags/example_xcomargs.py for tasks to queue
[2021-04-14 13:37:27,971] {logging_mixin.py:104} INFO - [2021-04-14 13:37:27,971] {dagbag.py:448} INFO - Filling up the DagBag from /home/airflow/.local/lib/python3.6/site-packages/airflow/example_dags/example_xcomargs.py
[2021-04-14 13:37:27,990] {scheduler_job.py:639} INFO - DAG(s) dict_keys(['example_xcom_args', 'example_xcom_args_with_operators']) retrieved from /home/airflow/.local/lib/python3.6/site-packages/airflow/example_dags/example_xcomargs.py
[2021-04-14 13:37:28,025] {logging_mixin.py:104} INFO - [2021-04-14 13:37:28,025] {dag.py:1818} INFO - Sync 2 DAGs
[2021-04-14 13:37:28,045] {logging_mixin.py:104} INFO - [2021-04-14 13:37:28,045] {dag.py:2273} INFO - Setting next_dagrun for example_xcom_args to None
[2021-04-14 13:37:28,046] {logging_mixin.py:104} INFO - [2021-04-14 13:37:28,046] {dag.py:2273} INFO - Setting next_dagrun for example_xcom_args_with_operators to None
[2021-04-14 13:37:28,063] {scheduler_job.py:190} INFO - Processing /home/airflow/.local/lib/python3.6/site-packages/airflow/example_dags/example_xcomargs.py took 0.099 seconds
[2021-04-14 13:37:58,165] {scheduler_job.py:182} INFO - Started process (PID=588) to work on /home/airflow/.local/lib/python3.6/site-packages/airflow/example_dags/example_xcomargs.py
[2021-04-14 13:37:58,167] {scheduler_job.py:629} INFO - Processing file /home/airflow/.local/lib/python3.6/site-packages/airflow/example_dags/example_xcomargs.py for tasks to queue
[2021-04-14 13:37:58,169] {logging_mixin.py:104} INFO - [2021-04-14 13:37:58,168] {dagbag.py:448} INFO - Filling up the DagBag from /home/airflow/.local/lib/python3.6/site-packages/airflow/example_dags/example_xcomargs.py
[2021-04-14 13:37:58,191] {scheduler_job.py:639} INFO - DAG(s) dict_keys(['example_xcom_args', 'example_xcom_args_with_operators']) retrieved from /home/airflow/.local/lib/python3.6/site-packages/airflow/example_dags/example_xcomargs.py
[2021-04-14 13:37:58,224] {logging_mixin.py:104} INFO - [2021-04-14 13:37:58,224] {dag.py:1818} INFO - Sync 2 DAGs
[2021-04-14 13:37:58,242] {logging_mixin.py:104} INFO - [2021-04-14 13:37:58,242] {dag.py:2273} INFO - Setting next_dagrun for example_xcom_args to None
[2021-04-14 13:37:58,243] {logging_mixin.py:104} INFO - [2021-04-14 13:37:58,243] {dag.py:2273} INFO - Setting next_dagrun for example_xcom_args_with_operators to None
[2021-04-14 13:37:58,256] {scheduler_job.py:190} INFO - Processing /home/airflow/.local/lib/python3.6/site-packages/airflow/example_dags/example_xcomargs.py took 0.095 seconds
[2021-04-14 13:38:28,725] {scheduler_job.py:182} INFO - Started process (PID=614) to work on /home/airflow/.local/lib/python3.6/site-packages/airflow/example_dags/example_xcomargs.py
[2021-04-14 13:38:28,727] {scheduler_job.py:629} INFO - Processing file /home/airflow/.local/lib/python3.6/site-packages/airflow/example_dags/example_xcomargs.py for tasks to queue
[2021-04-14 13:38:28,728] {logging_mixin.py:104} INFO - [2021-04-14 13:38:28,728] {dagbag.py:448} INFO - Filling up the DagBag from /home/airflow/.local/lib/python3.6/site-packages/airflow/example_dags/example_xcomargs.py
[2021-04-14 13:38:28,751] {scheduler_job.py:639} INFO - DAG(s) dict_keys(['example_xcom_args', 'example_xcom_args_with_operators']) retrieved from /home/airflow/.local/lib/python3.6/site-packages/airflow/example_dags/example_xcomargs.py
[2021-04-14 13:38:28,785] {logging_mixin.py:104} INFO - [2021-04-14 13:38:28,785] {dag.py:1818} INFO - Sync 2 DAGs
[2021-04-14 13:38:28,805] {logging_mixin.py:104} INFO - [2021-04-14 13:38:28,805] {dag.py:2273} INFO - Setting next_dagrun for example_xcom_args to None
[2021-04-14 13:38:28,807] {logging_mixin.py:104} INFO - [2021-04-14 13:38:28,806] {dag.py:2273} INFO - Setting next_dagrun for example_xcom_args_with_operators to None
[2021-04-14 13:38:28,822] {scheduler_job.py:190} INFO - Processing /home/airflow/.local/lib/python3.6/site-packages/airflow/example_dags/example_xcomargs.py took 0.100 seconds
[2021-04-14 13:38:58,993] {scheduler_job.py:182} INFO - Started process (PID=640) to work on /home/airflow/.local/lib/python3.6/site-packages/airflow/example_dags/example_xcomargs.py
[2021-04-14 13:38:58,995] {scheduler_job.py:629} INFO - Processing file /home/airflow/.local/lib/python3.6/site-packages/airflow/example_dags/example_xcomargs.py for tasks to queue
[2021-04-14 13:38:58,996] {logging_mixin.py:104} INFO - [2021-04-14 13:38:58,996] {dagbag.py:448} INFO - Filling up the DagBag from /home/airflow/.local/lib/python3.6/site-packages/airflow/example_dags/example_xcomargs.py
[2021-04-14 13:38:59,012] {scheduler_job.py:639} INFO - DAG(s) dict_keys(['example_xcom_args', 'example_xcom_args_with_operators']) retrieved from /home/airflow/.local/lib/python3.6/site-packages/airflow/example_dags/example_xcomargs.py
[2021-04-14 13:38:59,040] {logging_mixin.py:104} INFO - [2021-04-14 13:38:59,040] {dag.py:1818} INFO - Sync 2 DAGs
[2021-04-14 13:38:59,054] {logging_mixin.py:104} INFO - [2021-04-14 13:38:59,054] {dag.py:2273} INFO - Setting next_dagrun for example_xcom_args to None
[2021-04-14 13:38:59,056] {logging_mixin.py:104} INFO - [2021-04-14 13:38:59,056] {dag.py:2273} INFO - Setting next_dagrun for example_xcom_args_with_operators to None
[2021-04-14 13:38:59,068] {scheduler_job.py:190} INFO - Processing /home/airflow/.local/lib/python3.6/site-packages/airflow/example_dags/example_xcomargs.py took 0.078 seconds
[2021-04-14 13:39:29,229] {scheduler_job.py:182} INFO - Started process (PID=666) to work on /home/airflow/.local/lib/python3.6/site-packages/airflow/example_dags/example_xcomargs.py
[2021-04-14 13:39:29,231] {scheduler_job.py:629} INFO - Processing file /home/airflow/.local/lib/python3.6/site-packages/airflow/example_dags/example_xcomargs.py for tasks to queue
[2021-04-14 13:39:29,232] {logging_mixin.py:104} INFO - [2021-04-14 13:39:29,232] {dagbag.py:448} INFO - Filling up the DagBag from /home/airflow/.local/lib/python3.6/site-packages/airflow/example_dags/example_xcomargs.py
[2021-04-14 13:39:29,256] {scheduler_job.py:639} INFO - DAG(s) dict_keys(['example_xcom_args', 'example_xcom_args_with_operators']) retrieved from /home/airflow/.local/lib/python3.6/site-packages/airflow/example_dags/example_xcomargs.py
[2021-04-14 13:39:29,286] {logging_mixin.py:104} INFO - [2021-04-14 13:39:29,286] {dag.py:1818} INFO - Sync 2 DAGs
[2021-04-14 13:39:29,304] {logging_mixin.py:104} INFO - [2021-04-14 13:39:29,304] {dag.py:2273} INFO - Setting next_dagrun for example_xcom_args to None
[2021-04-14 13:39:29,305] {logging_mixin.py:104} INFO - [2021-04-14 13:39:29,305] {dag.py:2273} INFO - Setting next_dagrun for example_xcom_args_with_operators to None
[2021-04-14 13:39:29,318] {scheduler_job.py:190} INFO - Processing /home/airflow/.local/lib/python3.6/site-packages/airflow/example_dags/example_xcomargs.py took 0.093 seconds
[2021-04-14 13:39:59,648] {scheduler_job.py:182} INFO - Started process (PID=692) to work on /home/airflow/.local/lib/python3.6/site-packages/airflow/example_dags/example_xcomargs.py
[2021-04-14 13:39:59,650] {scheduler_job.py:629} INFO - Processing file /home/airflow/.local/lib/python3.6/site-packages/airflow/example_dags/example_xcomargs.py for tasks to queue
[2021-04-14 13:39:59,652] {logging_mixin.py:104} INFO - [2021-04-14 13:39:59,652] {dagbag.py:448} INFO - Filling up the DagBag from /home/airflow/.local/lib/python3.6/site-packages/airflow/example_dags/example_xcomargs.py
[2021-04-14 13:39:59,682] {scheduler_job.py:639} INFO - DAG(s) dict_keys(['example_xcom_args', 'example_xcom_args_with_operators']) retrieved from /home/airflow/.local/lib/python3.6/site-packages/airflow/example_dags/example_xcomargs.py
[2021-04-14 13:39:59,732] {logging_mixin.py:104} INFO - [2021-04-14 13:39:59,731] {dag.py:1818} INFO - Sync 2 DAGs
[2021-04-14 13:39:59,762] {logging_mixin.py:104} INFO - [2021-04-14 13:39:59,762] {dag.py:2273} INFO - Setting next_dagrun for example_xcom_args to None
[2021-04-14 13:39:59,764] {logging_mixin.py:104} INFO - [2021-04-14 13:39:59,764] {dag.py:2273} INFO - Setting next_dagrun for example_xcom_args_with_operators to None
[2021-04-14 13:39:59,783] {scheduler_job.py:190} INFO - Processing /home/airflow/.local/lib/python3.6/site-packages/airflow/example_dags/example_xcomargs.py took 0.140 seconds
[2021-04-14 13:40:30,674] {scheduler_job.py:182} INFO - Started process (PID=718) to work on /home/airflow/.local/lib/python3.6/site-packages/airflow/example_dags/example_xcomargs.py
[2021-04-14 13:40:30,677] {scheduler_job.py:629} INFO - Processing file /home/airflow/.local/lib/python3.6/site-packages/airflow/example_dags/example_xcomargs.py for tasks to queue
[2021-04-14 13:40:30,679] {logging_mixin.py:104} INFO - [2021-04-14 13:40:30,678] {dagbag.py:448} INFO - Filling up the DagBag from /home/airflow/.local/lib/python3.6/site-packages/airflow/example_dags/example_xcomargs.py
[2021-04-14 13:40:30,706] {scheduler_job.py:639} INFO - DAG(s) dict_keys(['example_xcom_args', 'example_xcom_args_with_operators']) retrieved from /home/airflow/.local/lib/python3.6/site-packages/airflow/example_dags/example_xcomargs.py
[2021-04-14 13:40:30,760] {logging_mixin.py:104} INFO - [2021-04-14 13:40:30,760] {dag.py:1818} INFO - Sync 2 DAGs
[2021-04-14 13:40:30,790] {logging_mixin.py:104} INFO - [2021-04-14 13:40:30,790] {dag.py:2273} INFO - Setting next_dagrun for example_xcom_args to None
[2021-04-14 13:40:30,793] {logging_mixin.py:104} INFO - [2021-04-14 13:40:30,793] {dag.py:2273} INFO - Setting next_dagrun for example_xcom_args_with_operators to None
[2021-04-14 13:40:30,816] {scheduler_job.py:190} INFO - Processing /home/airflow/.local/lib/python3.6/site-packages/airflow/example_dags/example_xcomargs.py took 0.147 seconds
[2021-04-14 13:41:00,915] {scheduler_job.py:182} INFO - Started process (PID=744) to work on /home/airflow/.local/lib/python3.6/site-packages/airflow/example_dags/example_xcomargs.py
[2021-04-14 13:41:00,917] {scheduler_job.py:629} INFO - Processing file /home/airflow/.local/lib/python3.6/site-packages/airflow/example_dags/example_xcomargs.py for tasks to queue
[2021-04-14 13:41:00,919] {logging_mixin.py:104} INFO - [2021-04-14 13:41:00,919] {dagbag.py:448} INFO - Filling up the DagBag from /home/airflow/.local/lib/python3.6/site-packages/airflow/example_dags/example_xcomargs.py
[2021-04-14 13:41:00,949] {scheduler_job.py:639} INFO - DAG(s) dict_keys(['example_xcom_args', 'example_xcom_args_with_operators']) retrieved from /home/airflow/.local/lib/python3.6/site-packages/airflow/example_dags/example_xcomargs.py
[2021-04-14 13:41:00,996] {logging_mixin.py:104} INFO - [2021-04-14 13:41:00,995] {dag.py:1818} INFO - Sync 2 DAGs
[2021-04-14 13:41:01,023] {logging_mixin.py:104} INFO - [2021-04-14 13:41:01,023] {dag.py:2273} INFO - Setting next_dagrun for example_xcom_args to None
[2021-04-14 13:41:01,025] {logging_mixin.py:104} INFO - [2021-04-14 13:41:01,025] {dag.py:2273} INFO - Setting next_dagrun for example_xcom_args_with_operators to None
[2021-04-14 13:41:01,046] {scheduler_job.py:190} INFO - Processing /home/airflow/.local/lib/python3.6/site-packages/airflow/example_dags/example_xcomargs.py took 0.136 seconds
[2021-04-14 13:41:31,315] {scheduler_job.py:182} INFO - Started process (PID=770) to work on /home/airflow/.local/lib/python3.6/site-packages/airflow/example_dags/example_xcomargs.py
[2021-04-14 13:41:31,318] {scheduler_job.py:629} INFO - Processing file /home/airflow/.local/lib/python3.6/site-packages/airflow/example_dags/example_xcomargs.py for tasks to queue
[2021-04-14 13:41:31,319] {logging_mixin.py:104} INFO - [2021-04-14 13:41:31,319] {dagbag.py:448} INFO - Filling up the DagBag from /home/airflow/.local/lib/python3.6/site-packages/airflow/example_dags/example_xcomargs.py
[2021-04-14 13:41:31,383] {scheduler_job.py:639} INFO - DAG(s) dict_keys(['example_xcom_args', 'example_xcom_args_with_operators']) retrieved from /home/airflow/.local/lib/python3.6/site-packages/airflow/example_dags/example_xcomargs.py
[2021-04-14 13:41:31,449] {logging_mixin.py:104} INFO - [2021-04-14 13:41:31,449] {dag.py:1818} INFO - Sync 2 DAGs
[2021-04-14 13:41:31,478] {logging_mixin.py:104} INFO - [2021-04-14 13:41:31,478] {dag.py:2273} INFO - Setting next_dagrun for example_xcom_args to None
[2021-04-14 13:41:31,481] {logging_mixin.py:104} INFO - [2021-04-14 13:41:31,481] {dag.py:2273} INFO - Setting next_dagrun for example_xcom_args_with_operators to None
[2021-04-14 13:41:31,504] {scheduler_job.py:190} INFO - Processing /home/airflow/.local/lib/python3.6/site-packages/airflow/example_dags/example_xcomargs.py took 0.205 seconds
[2021-04-14 13:42:01,563] {scheduler_job.py:182} INFO - Started process (PID=796) to work on /home/airflow/.local/lib/python3.6/site-packages/airflow/example_dags/example_xcomargs.py
[2021-04-14 13:42:01,565] {scheduler_job.py:629} INFO - Processing file /home/airflow/.local/lib/python3.6/site-packages/airflow/example_dags/example_xcomargs.py for tasks to queue
[2021-04-14 13:42:01,567] {logging_mixin.py:104} INFO - [2021-04-14 13:42:01,567] {dagbag.py:448} INFO - Filling up the DagBag from /home/airflow/.local/lib/python3.6/site-packages/airflow/example_dags/example_xcomargs.py
[2021-04-14 13:42:01,618] {scheduler_job.py:639} INFO - DAG(s) dict_keys(['example_xcom_args', 'example_xcom_args_with_operators']) retrieved from /home/airflow/.local/lib/python3.6/site-packages/airflow/example_dags/example_xcomargs.py
[2021-04-14 13:42:01,694] {logging_mixin.py:104} INFO - [2021-04-14 13:42:01,694] {dag.py:1818} INFO - Sync 2 DAGs
[2021-04-14 13:42:01,728] {logging_mixin.py:104} INFO - [2021-04-14 13:42:01,728] {dag.py:2273} INFO - Setting next_dagrun for example_xcom_args to None
[2021-04-14 13:42:01,730] {logging_mixin.py:104} INFO - [2021-04-14 13:42:01,730] {dag.py:2273} INFO - Setting next_dagrun for example_xcom_args_with_operators to None
[2021-04-14 13:42:01,749] {scheduler_job.py:190} INFO - Processing /home/airflow/.local/lib/python3.6/site-packages/airflow/example_dags/example_xcomargs.py took 0.196 seconds
[2021-04-14 13:42:31,927] {scheduler_job.py:182} INFO - Started process (PID=822) to work on /home/airflow/.local/lib/python3.6/site-packages/airflow/example_dags/example_xcomargs.py
[2021-04-14 13:42:31,929] {scheduler_job.py:629} INFO - Processing file /home/airflow/.local/lib/python3.6/site-packages/airflow/example_dags/example_xcomargs.py for tasks to queue
[2021-04-14 13:42:31,933] {logging_mixin.py:104} INFO - [2021-04-14 13:42:31,932] {dagbag.py:448} INFO - Filling up the DagBag from /home/airflow/.local/lib/python3.6/site-packages/airflow/example_dags/example_xcomargs.py
[2021-04-14 13:42:31,975] {scheduler_job.py:639} INFO - DAG(s) dict_keys(['example_xcom_args', 'example_xcom_args_with_operators']) retrieved from /home/airflow/.local/lib/python3.6/site-packages/airflow/example_dags/example_xcomargs.py
[2021-04-14 13:42:32,024] {logging_mixin.py:104} INFO - [2021-04-14 13:42:32,023] {dag.py:1818} INFO - Sync 2 DAGs
[2021-04-14 13:42:32,050] {logging_mixin.py:104} INFO - [2021-04-14 13:42:32,050] {dag.py:2273} INFO - Setting next_dagrun for example_xcom_args to None
[2021-04-14 13:42:32,052] {logging_mixin.py:104} INFO - [2021-04-14 13:42:32,052] {dag.py:2273} INFO - Setting next_dagrun for example_xcom_args_with_operators to None
[2021-04-14 13:42:32,069] {scheduler_job.py:190} INFO - Processing /home/airflow/.local/lib/python3.6/site-packages/airflow/example_dags/example_xcomargs.py took 0.151 seconds
[2021-04-14 13:43:02,751] {scheduler_job.py:182} INFO - Started process (PID=848) to work on /home/airflow/.local/lib/python3.6/site-packages/airflow/example_dags/example_xcomargs.py
[2021-04-14 13:43:02,753] {scheduler_job.py:629} INFO - Processing file /home/airflow/.local/lib/python3.6/site-packages/airflow/example_dags/example_xcomargs.py for tasks to queue
[2021-04-14 13:43:02,754] {logging_mixin.py:104} INFO - [2021-04-14 13:43:02,754] {dagbag.py:448} INFO - Filling up the DagBag from /home/airflow/.local/lib/python3.6/site-packages/airflow/example_dags/example_xcomargs.py
[2021-04-14 13:43:02,773] {scheduler_job.py:639} INFO - DAG(s) dict_keys(['example_xcom_args', 'example_xcom_args_with_operators']) retrieved from /home/airflow/.local/lib/python3.6/site-packages/airflow/example_dags/example_xcomargs.py
[2021-04-14 13:43:02,806] {logging_mixin.py:104} INFO - [2021-04-14 13:43:02,806] {dag.py:1818} INFO - Sync 2 DAGs
[2021-04-14 13:43:02,825] {logging_mixin.py:104} INFO - [2021-04-14 13:43:02,825] {dag.py:2273} INFO - Setting next_dagrun for example_xcom_args to None
[2021-04-14 13:43:02,826] {logging_mixin.py:104} INFO - [2021-04-14 13:43:02,826] {dag.py:2273} INFO - Setting next_dagrun for example_xcom_args_with_operators to None
[2021-04-14 13:43:02,842] {scheduler_job.py:190} INFO - Processing /home/airflow/.local/lib/python3.6/site-packages/airflow/example_dags/example_xcomargs.py took 0.095 seconds
[2021-04-14 13:43:33,098] {scheduler_job.py:182} INFO - Started process (PID=874) to work on /home/airflow/.local/lib/python3.6/site-packages/airflow/example_dags/example_xcomargs.py
[2021-04-14 13:43:33,100] {scheduler_job.py:629} INFO - Processing file /home/airflow/.local/lib/python3.6/site-packages/airflow/example_dags/example_xcomargs.py for tasks to queue
[2021-04-14 13:43:33,101] {logging_mixin.py:104} INFO - [2021-04-14 13:43:33,101] {dagbag.py:448} INFO - Filling up the DagBag from /home/airflow/.local/lib/python3.6/site-packages/airflow/example_dags/example_xcomargs.py
[2021-04-14 13:43:33,118] {scheduler_job.py:639} INFO - DAG(s) dict_keys(['example_xcom_args', 'example_xcom_args_with_operators']) retrieved from /home/airflow/.local/lib/python3.6/site-packages/airflow/example_dags/example_xcomargs.py
[2021-04-14 13:43:33,148] {logging_mixin.py:104} INFO - [2021-04-14 13:43:33,148] {dag.py:1818} INFO - Sync 2 DAGs
[2021-04-14 13:43:33,165] {logging_mixin.py:104} INFO - [2021-04-14 13:43:33,165] {dag.py:2273} INFO - Setting next_dagrun for example_xcom_args to None
[2021-04-14 13:43:33,167] {logging_mixin.py:104} INFO - [2021-04-14 13:43:33,167] {dag.py:2273} INFO - Setting next_dagrun for example_xcom_args_with_operators to None
[2021-04-14 13:43:33,187] {scheduler_job.py:190} INFO - Processing /home/airflow/.local/lib/python3.6/site-packages/airflow/example_dags/example_xcomargs.py took 0.092 seconds
[2021-04-14 13:44:03,634] {scheduler_job.py:182} INFO - Started process (PID=900) to work on /home/airflow/.local/lib/python3.6/site-packages/airflow/example_dags/example_xcomargs.py
[2021-04-14 13:44:03,637] {scheduler_job.py:629} INFO - Processing file /home/airflow/.local/lib/python3.6/site-packages/airflow/example_dags/example_xcomargs.py for tasks to queue
[2021-04-14 13:44:03,638] {logging_mixin.py:104} INFO - [2021-04-14 13:44:03,638] {dagbag.py:448} INFO - Filling up the DagBag from /home/airflow/.local/lib/python3.6/site-packages/airflow/example_dags/example_xcomargs.py
[2021-04-14 13:44:03,667] {scheduler_job.py:639} INFO - DAG(s) dict_keys(['example_xcom_args', 'example_xcom_args_with_operators']) retrieved from /home/airflow/.local/lib/python3.6/site-packages/airflow/example_dags/example_xcomargs.py
[2021-04-14 13:44:03,709] {logging_mixin.py:104} INFO - [2021-04-14 13:44:03,708] {dag.py:1818} INFO - Sync 2 DAGs
[2021-04-14 13:44:03,733] {logging_mixin.py:104} INFO - [2021-04-14 13:44:03,733] {dag.py:2273} INFO - Setting next_dagrun for example_xcom_args to None
[2021-04-14 13:44:03,735] {logging_mixin.py:104} INFO - [2021-04-14 13:44:03,735] {dag.py:2273} INFO - Setting next_dagrun for example_xcom_args_with_operators to None
[2021-04-14 13:44:03,756] {scheduler_job.py:190} INFO - Processing /home/airflow/.local/lib/python3.6/site-packages/airflow/example_dags/example_xcomargs.py took 0.130 seconds
[2021-04-14 13:44:34,207] {scheduler_job.py:182} INFO - Started process (PID=926) to work on /home/airflow/.local/lib/python3.6/site-packages/airflow/example_dags/example_xcomargs.py
[2021-04-14 13:44:34,209] {scheduler_job.py:629} INFO - Processing file /home/airflow/.local/lib/python3.6/site-packages/airflow/example_dags/example_xcomargs.py for tasks to queue
[2021-04-14 13:44:34,210] {logging_mixin.py:104} INFO - [2021-04-14 13:44:34,210] {dagbag.py:448} INFO - Filling up the DagBag from /home/airflow/.local/lib/python3.6/site-packages/airflow/example_dags/example_xcomargs.py
[2021-04-14 13:44:34,225] {scheduler_job.py:639} INFO - DAG(s) dict_keys(['example_xcom_args', 'example_xcom_args_with_operators']) retrieved from /home/airflow/.local/lib/python3.6/site-packages/airflow/example_dags/example_xcomargs.py
[2021-04-14 13:44:34,255] {logging_mixin.py:104} INFO - [2021-04-14 13:44:34,255] {dag.py:1818} INFO - Sync 2 DAGs
[2021-04-14 13:44:34,271] {logging_mixin.py:104} INFO - [2021-04-14 13:44:34,271] {dag.py:2273} INFO - Setting next_dagrun for example_xcom_args to None
[2021-04-14 13:44:34,272] {logging_mixin.py:104} INFO - [2021-04-14 13:44:34,272] {dag.py:2273} INFO - Setting next_dagrun for example_xcom_args_with_operators to None
[2021-04-14 13:44:34,285] {scheduler_job.py:190} INFO - Processing /home/airflow/.local/lib/python3.6/site-packages/airflow/example_dags/example_xcomargs.py took 0.082 seconds
[2021-04-14 13:45:04,658] {scheduler_job.py:182} INFO - Started process (PID=952) to work on /home/airflow/.local/lib/python3.6/site-packages/airflow/example_dags/example_xcomargs.py
[2021-04-14 13:45:04,660] {scheduler_job.py:629} INFO - Processing file /home/airflow/.local/lib/python3.6/site-packages/airflow/example_dags/example_xcomargs.py for tasks to queue
[2021-04-14 13:45:04,661] {logging_mixin.py:104} INFO - [2021-04-14 13:45:04,661] {dagbag.py:448} INFO - Filling up the DagBag from /home/airflow/.local/lib/python3.6/site-packages/airflow/example_dags/example_xcomargs.py
[2021-04-14 13:45:04,678] {scheduler_job.py:639} INFO - DAG(s) dict_keys(['example_xcom_args', 'example_xcom_args_with_operators']) retrieved from /home/airflow/.local/lib/python3.6/site-packages/airflow/example_dags/example_xcomargs.py
[2021-04-14 13:45:04,703] {logging_mixin.py:104} INFO - [2021-04-14 13:45:04,703] {dag.py:1818} INFO - Sync 2 DAGs
[2021-04-14 13:45:04,719] {logging_mixin.py:104} INFO - [2021-04-14 13:45:04,719] {dag.py:2273} INFO - Setting next_dagrun for example_xcom_args to None
[2021-04-14 13:45:04,720] {logging_mixin.py:104} INFO - [2021-04-14 13:45:04,720] {dag.py:2273} INFO - Setting next_dagrun for example_xcom_args_with_operators to None
[2021-04-14 13:45:04,735] {scheduler_job.py:190} INFO - Processing /home/airflow/.local/lib/python3.6/site-packages/airflow/example_dags/example_xcomargs.py took 0.081 seconds
[2021-04-14 13:45:35,044] {scheduler_job.py:182} INFO - Started process (PID=978) to work on /home/airflow/.local/lib/python3.6/site-packages/airflow/example_dags/example_xcomargs.py
[2021-04-14 13:45:35,045] {scheduler_job.py:629} INFO - Processing file /home/airflow/.local/lib/python3.6/site-packages/airflow/example_dags/example_xcomargs.py for tasks to queue
[2021-04-14 13:45:35,046] {logging_mixin.py:104} INFO - [2021-04-14 13:45:35,046] {dagbag.py:448} INFO - Filling up the DagBag from /home/airflow/.local/lib/python3.6/site-packages/airflow/example_dags/example_xcomargs.py
[2021-04-14 13:45:35,060] {scheduler_job.py:639} INFO - DAG(s) dict_keys(['example_xcom_args', 'example_xcom_args_with_operators']) retrieved from /home/airflow/.local/lib/python3.6/site-packages/airflow/example_dags/example_xcomargs.py
[2021-04-14 13:45:35,089] {logging_mixin.py:104} INFO - [2021-04-14 13:45:35,089] {dag.py:1818} INFO - Sync 2 DAGs
[2021-04-14 13:45:35,105] {logging_mixin.py:104} INFO - [2021-04-14 13:45:35,105] {dag.py:2273} INFO - Setting next_dagrun for example_xcom_args to None
[2021-04-14 13:45:35,106] {logging_mixin.py:104} INFO - [2021-04-14 13:45:35,106] {dag.py:2273} INFO - Setting next_dagrun for example_xcom_args_with_operators to None
[2021-04-14 13:45:35,123] {scheduler_job.py:190} INFO - Processing /home/airflow/.local/lib/python3.6/site-packages/airflow/example_dags/example_xcomargs.py took 0.082 seconds
[2021-04-14 13:46:05,390] {scheduler_job.py:182} INFO - Started process (PID=1004) to work on /home/airflow/.local/lib/python3.6/site-packages/airflow/example_dags/example_xcomargs.py
[2021-04-14 13:46:05,391] {scheduler_job.py:629} INFO - Processing file /home/airflow/.local/lib/python3.6/site-packages/airflow/example_dags/example_xcomargs.py for tasks to queue
[2021-04-14 13:46:05,392] {logging_mixin.py:104} INFO - [2021-04-14 13:46:05,392] {dagbag.py:448} INFO - Filling up the DagBag from /home/airflow/.local/lib/python3.6/site-packages/airflow/example_dags/example_xcomargs.py
[2021-04-14 13:46:05,406] {scheduler_job.py:639} INFO - DAG(s) dict_keys(['example_xcom_args', 'example_xcom_args_with_operators']) retrieved from /home/airflow/.local/lib/python3.6/site-packages/airflow/example_dags/example_xcomargs.py
[2021-04-14 13:46:05,435] {logging_mixin.py:104} INFO - [2021-04-14 13:46:05,434] {dag.py:1818} INFO - Sync 2 DAGs
[2021-04-14 13:46:05,453] {logging_mixin.py:104} INFO - [2021-04-14 13:46:05,453] {dag.py:2273} INFO - Setting next_dagrun for example_xcom_args to None
[2021-04-14 13:46:05,455] {logging_mixin.py:104} INFO - [2021-04-14 13:46:05,455] {dag.py:2273} INFO - Setting next_dagrun for example_xcom_args_with_operators to None
[2021-04-14 13:46:05,471] {scheduler_job.py:190} INFO - Processing /home/airflow/.local/lib/python3.6/site-packages/airflow/example_dags/example_xcomargs.py took 0.085 seconds
[2021-04-14 13:46:35,878] {scheduler_job.py:182} INFO - Started process (PID=1030) to work on /home/airflow/.local/lib/python3.6/site-packages/airflow/example_dags/example_xcomargs.py
[2021-04-14 13:46:35,879] {scheduler_job.py:629} INFO - Processing file /home/airflow/.local/lib/python3.6/site-packages/airflow/example_dags/example_xcomargs.py for tasks to queue
[2021-04-14 13:46:35,881] {logging_mixin.py:104} INFO - [2021-04-14 13:46:35,881] {dagbag.py:448} INFO - Filling up the DagBag from /home/airflow/.local/lib/python3.6/site-packages/airflow/example_dags/example_xcomargs.py
[2021-04-14 13:46:35,895] {scheduler_job.py:639} INFO - DAG(s) dict_keys(['example_xcom_args', 'example_xcom_args_with_operators']) retrieved from /home/airflow/.local/lib/python3.6/site-packages/airflow/example_dags/example_xcomargs.py
[2021-04-14 13:46:35,926] {logging_mixin.py:104} INFO - [2021-04-14 13:46:35,926] {dag.py:1818} INFO - Sync 2 DAGs
[2021-04-14 13:46:35,943] {logging_mixin.py:104} INFO - [2021-04-14 13:46:35,943] {dag.py:2273} INFO - Setting next_dagrun for example_xcom_args to None
[2021-04-14 13:46:35,944] {logging_mixin.py:104} INFO - [2021-04-14 13:46:35,944] {dag.py:2273} INFO - Setting next_dagrun for example_xcom_args_with_operators to None
[2021-04-14 13:46:35,958] {scheduler_job.py:190} INFO - Processing /home/airflow/.local/lib/python3.6/site-packages/airflow/example_dags/example_xcomargs.py took 0.083 seconds
[2021-04-14 13:47:06,199] {scheduler_job.py:182} INFO - Started process (PID=1056) to work on /home/airflow/.local/lib/python3.6/site-packages/airflow/example_dags/example_xcomargs.py
[2021-04-14 13:47:06,201] {scheduler_job.py:629} INFO - Processing file /home/airflow/.local/lib/python3.6/site-packages/airflow/example_dags/example_xcomargs.py for tasks to queue
[2021-04-14 13:47:06,202] {logging_mixin.py:104} INFO - [2021-04-14 13:47:06,202] {dagbag.py:448} INFO - Filling up the DagBag from /home/airflow/.local/lib/python3.6/site-packages/airflow/example_dags/example_xcomargs.py
[2021-04-14 13:47:06,218] {scheduler_job.py:639} INFO - DAG(s) dict_keys(['example_xcom_args', 'example_xcom_args_with_operators']) retrieved from /home/airflow/.local/lib/python3.6/site-packages/airflow/example_dags/example_xcomargs.py
[2021-04-14 13:47:06,248] {logging_mixin.py:104} INFO - [2021-04-14 13:47:06,248] {dag.py:1818} INFO - Sync 2 DAGs
[2021-04-14 13:47:06,266] {logging_mixin.py:104} INFO - [2021-04-14 13:47:06,266] {dag.py:2273} INFO - Setting next_dagrun for example_xcom_args to None
[2021-04-14 13:47:06,267] {logging_mixin.py:104} INFO - [2021-04-14 13:47:06,267] {dag.py:2273} INFO - Setting next_dagrun for example_xcom_args_with_operators to None
[2021-04-14 13:47:06,284] {scheduler_job.py:190} INFO - Processing /home/airflow/.local/lib/python3.6/site-packages/airflow/example_dags/example_xcomargs.py took 0.088 seconds
[2021-04-14 13:47:36,597] {scheduler_job.py:182} INFO - Started process (PID=1082) to work on /home/airflow/.local/lib/python3.6/site-packages/airflow/example_dags/example_xcomargs.py
[2021-04-14 13:47:36,599] {scheduler_job.py:629} INFO - Processing file /home/airflow/.local/lib/python3.6/site-packages/airflow/example_dags/example_xcomargs.py for tasks to queue
[2021-04-14 13:47:36,600] {logging_mixin.py:104} INFO - [2021-04-14 13:47:36,600] {dagbag.py:448} INFO - Filling up the DagBag from /home/airflow/.local/lib/python3.6/site-packages/airflow/example_dags/example_xcomargs.py
[2021-04-14 13:47:36,614] {scheduler_job.py:639} INFO - DAG(s) dict_keys(['example_xcom_args', 'example_xcom_args_with_operators']) retrieved from /home/airflow/.local/lib/python3.6/site-packages/airflow/example_dags/example_xcomargs.py
[2021-04-14 13:47:36,643] {logging_mixin.py:104} INFO - [2021-04-14 13:47:36,643] {dag.py:1818} INFO - Sync 2 DAGs
[2021-04-14 13:47:36,659] {logging_mixin.py:104} INFO - [2021-04-14 13:47:36,658] {dag.py:2273} INFO - Setting next_dagrun for example_xcom_args to None
[2021-04-14 13:47:36,660] {logging_mixin.py:104} INFO - [2021-04-14 13:47:36,660] {dag.py:2273} INFO - Setting next_dagrun for example_xcom_args_with_operators to None
[2021-04-14 13:47:36,671] {scheduler_job.py:190} INFO - Processing /home/airflow/.local/lib/python3.6/site-packages/airflow/example_dags/example_xcomargs.py took 0.076 seconds
[2021-04-14 13:48:07,113] {scheduler_job.py:182} INFO - Started process (PID=1108) to work on /home/airflow/.local/lib/python3.6/site-packages/airflow/example_dags/example_xcomargs.py
[2021-04-14 13:48:07,114] {scheduler_job.py:629} INFO - Processing file /home/airflow/.local/lib/python3.6/site-packages/airflow/example_dags/example_xcomargs.py for tasks to queue
[2021-04-14 13:48:07,115] {logging_mixin.py:104} INFO - [2021-04-14 13:48:07,115] {dagbag.py:448} INFO - Filling up the DagBag from /home/airflow/.local/lib/python3.6/site-packages/airflow/example_dags/example_xcomargs.py
[2021-04-14 13:48:07,132] {scheduler_job.py:639} INFO - DAG(s) dict_keys(['example_xcom_args', 'example_xcom_args_with_operators']) retrieved from /home/airflow/.local/lib/python3.6/site-packages/airflow/example_dags/example_xcomargs.py
[2021-04-14 13:48:07,167] {logging_mixin.py:104} INFO - [2021-04-14 13:48:07,167] {dag.py:1818} INFO - Sync 2 DAGs
[2021-04-14 13:48:07,188] {logging_mixin.py:104} INFO - [2021-04-14 13:48:07,187] {dag.py:2273} INFO - Setting next_dagrun for example_xcom_args to None
[2021-04-14 13:48:07,189] {logging_mixin.py:104} INFO - [2021-04-14 13:48:07,189] {dag.py:2273} INFO - Setting next_dagrun for example_xcom_args_with_operators to None
[2021-04-14 13:48:07,204] {scheduler_job.py:190} INFO - Processing /home/airflow/.local/lib/python3.6/site-packages/airflow/example_dags/example_xcomargs.py took 0.094 seconds
[2021-04-14 13:48:37,665] {scheduler_job.py:182} INFO - Started process (PID=1134) to work on /home/airflow/.local/lib/python3.6/site-packages/airflow/example_dags/example_xcomargs.py
[2021-04-14 13:48:37,670] {scheduler_job.py:629} INFO - Processing file /home/airflow/.local/lib/python3.6/site-packages/airflow/example_dags/example_xcomargs.py for tasks to queue
[2021-04-14 13:48:37,672] {logging_mixin.py:104} INFO - [2021-04-14 13:48:37,671] {dagbag.py:448} INFO - Filling up the DagBag from /home/airflow/.local/lib/python3.6/site-packages/airflow/example_dags/example_xcomargs.py
[2021-04-14 13:48:37,701] {scheduler_job.py:639} INFO - DAG(s) dict_keys(['example_xcom_args', 'example_xcom_args_with_operators']) retrieved from /home/airflow/.local/lib/python3.6/site-packages/airflow/example_dags/example_xcomargs.py
[2021-04-14 13:48:37,777] {logging_mixin.py:104} INFO - [2021-04-14 13:48:37,777] {dag.py:1818} INFO - Sync 2 DAGs
[2021-04-14 13:48:37,826] {logging_mixin.py:104} INFO - [2021-04-14 13:48:37,826] {dag.py:2273} INFO - Setting next_dagrun for example_xcom_args to None
[2021-04-14 13:48:37,829] {logging_mixin.py:104} INFO - [2021-04-14 13:48:37,829] {dag.py:2273} INFO - Setting next_dagrun for example_xcom_args_with_operators to None
[2021-04-14 13:48:37,865] {scheduler_job.py:190} INFO - Processing /home/airflow/.local/lib/python3.6/site-packages/airflow/example_dags/example_xcomargs.py took 0.205 seconds
