[2021-04-14 13:27:50,740] {scheduler_job.py:182} INFO - Started process (PID=38) to work on /home/airflow/.local/lib/python3.6/site-packages/airflow/example_dags/example_dag_decorator.py
[2021-04-14 13:27:50,743] {scheduler_job.py:629} INFO - Processing file /home/airflow/.local/lib/python3.6/site-packages/airflow/example_dags/example_dag_decorator.py for tasks to queue
[2021-04-14 13:27:50,744] {logging_mixin.py:104} INFO - [2021-04-14 13:27:50,744] {dagbag.py:448} INFO - Filling up the DagBag from /home/airflow/.local/lib/python3.6/site-packages/airflow/example_dags/example_dag_decorator.py
[2021-04-14 13:27:50,783] {scheduler_job.py:639} INFO - DAG(s) dict_keys(['example_dag_decorator']) retrieved from /home/airflow/.local/lib/python3.6/site-packages/airflow/example_dags/example_dag_decorator.py
[2021-04-14 13:27:50,914] {logging_mixin.py:104} INFO - [2021-04-14 13:27:50,914] {dag.py:1818} INFO - Sync 1 DAGs
[2021-04-14 13:27:51,009] {logging_mixin.py:104} INFO - [2021-04-14 13:27:51,009] {dag.py:2273} INFO - Setting next_dagrun for example_dag_decorator to None
[2021-04-14 13:27:51,037] {scheduler_job.py:190} INFO - Processing /home/airflow/.local/lib/python3.6/site-packages/airflow/example_dags/example_dag_decorator.py took 0.303 seconds
[2021-04-14 13:28:23,067] {scheduler_job.py:182} INFO - Started process (PID=92) to work on /home/airflow/.local/lib/python3.6/site-packages/airflow/example_dags/example_dag_decorator.py
[2021-04-14 13:28:23,085] {scheduler_job.py:629} INFO - Processing file /home/airflow/.local/lib/python3.6/site-packages/airflow/example_dags/example_dag_decorator.py for tasks to queue
[2021-04-14 13:28:23,155] {logging_mixin.py:104} INFO - [2021-04-14 13:28:23,154] {dagbag.py:448} INFO - Filling up the DagBag from /home/airflow/.local/lib/python3.6/site-packages/airflow/example_dags/example_dag_decorator.py
[2021-04-14 13:28:23,275] {scheduler_job.py:639} INFO - DAG(s) dict_keys(['example_dag_decorator']) retrieved from /home/airflow/.local/lib/python3.6/site-packages/airflow/example_dags/example_dag_decorator.py
[2021-04-14 13:28:23,399] {logging_mixin.py:104} INFO - [2021-04-14 13:28:23,399] {dag.py:1818} INFO - Sync 1 DAGs
[2021-04-14 13:28:23,445] {logging_mixin.py:104} INFO - [2021-04-14 13:28:23,444] {dag.py:2273} INFO - Setting next_dagrun for example_dag_decorator to None
[2021-04-14 13:28:23,621] {scheduler_job.py:190} INFO - Processing /home/airflow/.local/lib/python3.6/site-packages/airflow/example_dags/example_dag_decorator.py took 0.560 seconds
[2021-04-14 13:28:54,456] {scheduler_job.py:182} INFO - Started process (PID=124) to work on /home/airflow/.local/lib/python3.6/site-packages/airflow/example_dags/example_dag_decorator.py
[2021-04-14 13:28:54,457] {scheduler_job.py:629} INFO - Processing file /home/airflow/.local/lib/python3.6/site-packages/airflow/example_dags/example_dag_decorator.py for tasks to queue
[2021-04-14 13:28:54,458] {logging_mixin.py:104} INFO - [2021-04-14 13:28:54,458] {dagbag.py:448} INFO - Filling up the DagBag from /home/airflow/.local/lib/python3.6/site-packages/airflow/example_dags/example_dag_decorator.py
[2021-04-14 13:28:54,475] {scheduler_job.py:639} INFO - DAG(s) dict_keys(['example_dag_decorator']) retrieved from /home/airflow/.local/lib/python3.6/site-packages/airflow/example_dags/example_dag_decorator.py
[2021-04-14 13:28:54,499] {logging_mixin.py:104} INFO - [2021-04-14 13:28:54,499] {dag.py:1818} INFO - Sync 1 DAGs
[2021-04-14 13:28:54,516] {logging_mixin.py:104} INFO - [2021-04-14 13:28:54,515] {dag.py:2273} INFO - Setting next_dagrun for example_dag_decorator to None
[2021-04-14 13:28:54,528] {scheduler_job.py:190} INFO - Processing /home/airflow/.local/lib/python3.6/site-packages/airflow/example_dags/example_dag_decorator.py took 0.076 seconds
[2021-04-14 13:29:24,608] {scheduler_job.py:182} INFO - Started process (PID=150) to work on /home/airflow/.local/lib/python3.6/site-packages/airflow/example_dags/example_dag_decorator.py
[2021-04-14 13:29:24,609] {scheduler_job.py:629} INFO - Processing file /home/airflow/.local/lib/python3.6/site-packages/airflow/example_dags/example_dag_decorator.py for tasks to queue
[2021-04-14 13:29:24,610] {logging_mixin.py:104} INFO - [2021-04-14 13:29:24,610] {dagbag.py:448} INFO - Filling up the DagBag from /home/airflow/.local/lib/python3.6/site-packages/airflow/example_dags/example_dag_decorator.py
[2021-04-14 13:29:24,624] {scheduler_job.py:639} INFO - DAG(s) dict_keys(['example_dag_decorator']) retrieved from /home/airflow/.local/lib/python3.6/site-packages/airflow/example_dags/example_dag_decorator.py
[2021-04-14 13:29:24,647] {logging_mixin.py:104} INFO - [2021-04-14 13:29:24,647] {dag.py:1818} INFO - Sync 1 DAGs
[2021-04-14 13:29:24,662] {logging_mixin.py:104} INFO - [2021-04-14 13:29:24,661] {dag.py:2273} INFO - Setting next_dagrun for example_dag_decorator to None
[2021-04-14 13:29:24,674] {scheduler_job.py:190} INFO - Processing /home/airflow/.local/lib/python3.6/site-packages/airflow/example_dags/example_dag_decorator.py took 0.069 seconds
[2021-04-14 13:29:54,781] {scheduler_job.py:182} INFO - Started process (PID=176) to work on /home/airflow/.local/lib/python3.6/site-packages/airflow/example_dags/example_dag_decorator.py
[2021-04-14 13:29:54,783] {scheduler_job.py:629} INFO - Processing file /home/airflow/.local/lib/python3.6/site-packages/airflow/example_dags/example_dag_decorator.py for tasks to queue
[2021-04-14 13:29:54,784] {logging_mixin.py:104} INFO - [2021-04-14 13:29:54,784] {dagbag.py:448} INFO - Filling up the DagBag from /home/airflow/.local/lib/python3.6/site-packages/airflow/example_dags/example_dag_decorator.py
[2021-04-14 13:29:54,802] {scheduler_job.py:639} INFO - DAG(s) dict_keys(['example_dag_decorator']) retrieved from /home/airflow/.local/lib/python3.6/site-packages/airflow/example_dags/example_dag_decorator.py
[2021-04-14 13:29:54,826] {logging_mixin.py:104} INFO - [2021-04-14 13:29:54,826] {dag.py:1818} INFO - Sync 1 DAGs
[2021-04-14 13:29:54,843] {logging_mixin.py:104} INFO - [2021-04-14 13:29:54,843] {dag.py:2273} INFO - Setting next_dagrun for example_dag_decorator to None
[2021-04-14 13:29:54,856] {scheduler_job.py:190} INFO - Processing /home/airflow/.local/lib/python3.6/site-packages/airflow/example_dags/example_dag_decorator.py took 0.078 seconds
[2021-04-14 13:30:24,933] {scheduler_job.py:182} INFO - Started process (PID=202) to work on /home/airflow/.local/lib/python3.6/site-packages/airflow/example_dags/example_dag_decorator.py
[2021-04-14 13:30:24,935] {scheduler_job.py:629} INFO - Processing file /home/airflow/.local/lib/python3.6/site-packages/airflow/example_dags/example_dag_decorator.py for tasks to queue
[2021-04-14 13:30:24,935] {logging_mixin.py:104} INFO - [2021-04-14 13:30:24,935] {dagbag.py:448} INFO - Filling up the DagBag from /home/airflow/.local/lib/python3.6/site-packages/airflow/example_dags/example_dag_decorator.py
[2021-04-14 13:30:24,950] {scheduler_job.py:639} INFO - DAG(s) dict_keys(['example_dag_decorator']) retrieved from /home/airflow/.local/lib/python3.6/site-packages/airflow/example_dags/example_dag_decorator.py
[2021-04-14 13:30:24,973] {logging_mixin.py:104} INFO - [2021-04-14 13:30:24,973] {dag.py:1818} INFO - Sync 1 DAGs
[2021-04-14 13:30:24,987] {logging_mixin.py:104} INFO - [2021-04-14 13:30:24,987] {dag.py:2273} INFO - Setting next_dagrun for example_dag_decorator to None
[2021-04-14 13:30:24,998] {scheduler_job.py:190} INFO - Processing /home/airflow/.local/lib/python3.6/site-packages/airflow/example_dags/example_dag_decorator.py took 0.068 seconds
[2021-04-14 13:30:55,264] {scheduler_job.py:182} INFO - Started process (PID=230) to work on /home/airflow/.local/lib/python3.6/site-packages/airflow/example_dags/example_dag_decorator.py
[2021-04-14 13:30:55,266] {scheduler_job.py:629} INFO - Processing file /home/airflow/.local/lib/python3.6/site-packages/airflow/example_dags/example_dag_decorator.py for tasks to queue
[2021-04-14 13:30:55,267] {logging_mixin.py:104} INFO - [2021-04-14 13:30:55,267] {dagbag.py:448} INFO - Filling up the DagBag from /home/airflow/.local/lib/python3.6/site-packages/airflow/example_dags/example_dag_decorator.py
[2021-04-14 13:30:55,292] {scheduler_job.py:639} INFO - DAG(s) dict_keys(['example_dag_decorator']) retrieved from /home/airflow/.local/lib/python3.6/site-packages/airflow/example_dags/example_dag_decorator.py
[2021-04-14 13:30:55,325] {logging_mixin.py:104} INFO - [2021-04-14 13:30:55,325] {dag.py:1818} INFO - Sync 1 DAGs
[2021-04-14 13:30:55,344] {logging_mixin.py:104} INFO - [2021-04-14 13:30:55,344] {dag.py:2273} INFO - Setting next_dagrun for example_dag_decorator to None
[2021-04-14 13:30:55,380] {scheduler_job.py:190} INFO - Processing /home/airflow/.local/lib/python3.6/site-packages/airflow/example_dags/example_dag_decorator.py took 0.120 seconds
[2021-04-14 13:31:25,673] {scheduler_job.py:182} INFO - Started process (PID=256) to work on /home/airflow/.local/lib/python3.6/site-packages/airflow/example_dags/example_dag_decorator.py
[2021-04-14 13:31:25,675] {scheduler_job.py:629} INFO - Processing file /home/airflow/.local/lib/python3.6/site-packages/airflow/example_dags/example_dag_decorator.py for tasks to queue
[2021-04-14 13:31:25,677] {logging_mixin.py:104} INFO - [2021-04-14 13:31:25,676] {dagbag.py:448} INFO - Filling up the DagBag from /home/airflow/.local/lib/python3.6/site-packages/airflow/example_dags/example_dag_decorator.py
[2021-04-14 13:31:25,701] {scheduler_job.py:639} INFO - DAG(s) dict_keys(['example_dag_decorator']) retrieved from /home/airflow/.local/lib/python3.6/site-packages/airflow/example_dags/example_dag_decorator.py
[2021-04-14 13:31:25,731] {logging_mixin.py:104} INFO - [2021-04-14 13:31:25,731] {dag.py:1818} INFO - Sync 1 DAGs
[2021-04-14 13:31:25,747] {logging_mixin.py:104} INFO - [2021-04-14 13:31:25,747] {dag.py:2273} INFO - Setting next_dagrun for example_dag_decorator to None
[2021-04-14 13:31:25,759] {scheduler_job.py:190} INFO - Processing /home/airflow/.local/lib/python3.6/site-packages/airflow/example_dags/example_dag_decorator.py took 0.090 seconds
[2021-04-14 13:31:55,979] {scheduler_job.py:182} INFO - Started process (PID=282) to work on /home/airflow/.local/lib/python3.6/site-packages/airflow/example_dags/example_dag_decorator.py
[2021-04-14 13:31:55,981] {scheduler_job.py:629} INFO - Processing file /home/airflow/.local/lib/python3.6/site-packages/airflow/example_dags/example_dag_decorator.py for tasks to queue
[2021-04-14 13:31:55,983] {logging_mixin.py:104} INFO - [2021-04-14 13:31:55,982] {dagbag.py:448} INFO - Filling up the DagBag from /home/airflow/.local/lib/python3.6/site-packages/airflow/example_dags/example_dag_decorator.py
[2021-04-14 13:31:56,002] {scheduler_job.py:639} INFO - DAG(s) dict_keys(['example_dag_decorator']) retrieved from /home/airflow/.local/lib/python3.6/site-packages/airflow/example_dags/example_dag_decorator.py
[2021-04-14 13:31:56,032] {logging_mixin.py:104} INFO - [2021-04-14 13:31:56,032] {dag.py:1818} INFO - Sync 1 DAGs
[2021-04-14 13:31:56,057] {logging_mixin.py:104} INFO - [2021-04-14 13:31:56,057] {dag.py:2273} INFO - Setting next_dagrun for example_dag_decorator to None
[2021-04-14 13:31:56,075] {scheduler_job.py:190} INFO - Processing /home/airflow/.local/lib/python3.6/site-packages/airflow/example_dags/example_dag_decorator.py took 0.100 seconds
[2021-04-14 13:32:26,270] {scheduler_job.py:182} INFO - Started process (PID=308) to work on /home/airflow/.local/lib/python3.6/site-packages/airflow/example_dags/example_dag_decorator.py
[2021-04-14 13:32:26,272] {scheduler_job.py:629} INFO - Processing file /home/airflow/.local/lib/python3.6/site-packages/airflow/example_dags/example_dag_decorator.py for tasks to queue
[2021-04-14 13:32:26,273] {logging_mixin.py:104} INFO - [2021-04-14 13:32:26,273] {dagbag.py:448} INFO - Filling up the DagBag from /home/airflow/.local/lib/python3.6/site-packages/airflow/example_dags/example_dag_decorator.py
[2021-04-14 13:32:26,295] {scheduler_job.py:639} INFO - DAG(s) dict_keys(['example_dag_decorator']) retrieved from /home/airflow/.local/lib/python3.6/site-packages/airflow/example_dags/example_dag_decorator.py
[2021-04-14 13:32:26,323] {logging_mixin.py:104} INFO - [2021-04-14 13:32:26,323] {dag.py:1818} INFO - Sync 1 DAGs
[2021-04-14 13:32:26,342] {logging_mixin.py:104} INFO - [2021-04-14 13:32:26,342] {dag.py:2273} INFO - Setting next_dagrun for example_dag_decorator to None
[2021-04-14 13:32:26,357] {scheduler_job.py:190} INFO - Processing /home/airflow/.local/lib/python3.6/site-packages/airflow/example_dags/example_dag_decorator.py took 0.091 seconds
[2021-04-14 13:32:56,476] {scheduler_job.py:182} INFO - Started process (PID=334) to work on /home/airflow/.local/lib/python3.6/site-packages/airflow/example_dags/example_dag_decorator.py
[2021-04-14 13:32:56,478] {scheduler_job.py:629} INFO - Processing file /home/airflow/.local/lib/python3.6/site-packages/airflow/example_dags/example_dag_decorator.py for tasks to queue
[2021-04-14 13:32:56,479] {logging_mixin.py:104} INFO - [2021-04-14 13:32:56,479] {dagbag.py:448} INFO - Filling up the DagBag from /home/airflow/.local/lib/python3.6/site-packages/airflow/example_dags/example_dag_decorator.py
[2021-04-14 13:32:56,496] {scheduler_job.py:639} INFO - DAG(s) dict_keys(['example_dag_decorator']) retrieved from /home/airflow/.local/lib/python3.6/site-packages/airflow/example_dags/example_dag_decorator.py
[2021-04-14 13:32:56,522] {logging_mixin.py:104} INFO - [2021-04-14 13:32:56,522] {dag.py:1818} INFO - Sync 1 DAGs
[2021-04-14 13:32:56,541] {logging_mixin.py:104} INFO - [2021-04-14 13:32:56,541] {dag.py:2273} INFO - Setting next_dagrun for example_dag_decorator to None
[2021-04-14 13:32:56,554] {scheduler_job.py:190} INFO - Processing /home/airflow/.local/lib/python3.6/site-packages/airflow/example_dags/example_dag_decorator.py took 0.081 seconds
[2021-04-14 13:33:26,600] {scheduler_job.py:182} INFO - Started process (PID=359) to work on /home/airflow/.local/lib/python3.6/site-packages/airflow/example_dags/example_dag_decorator.py
[2021-04-14 13:33:26,601] {scheduler_job.py:629} INFO - Processing file /home/airflow/.local/lib/python3.6/site-packages/airflow/example_dags/example_dag_decorator.py for tasks to queue
[2021-04-14 13:33:26,602] {logging_mixin.py:104} INFO - [2021-04-14 13:33:26,602] {dagbag.py:448} INFO - Filling up the DagBag from /home/airflow/.local/lib/python3.6/site-packages/airflow/example_dags/example_dag_decorator.py
[2021-04-14 13:33:26,618] {scheduler_job.py:639} INFO - DAG(s) dict_keys(['example_dag_decorator']) retrieved from /home/airflow/.local/lib/python3.6/site-packages/airflow/example_dags/example_dag_decorator.py
[2021-04-14 13:33:26,642] {logging_mixin.py:104} INFO - [2021-04-14 13:33:26,642] {dag.py:1818} INFO - Sync 1 DAGs
[2021-04-14 13:33:26,661] {logging_mixin.py:104} INFO - [2021-04-14 13:33:26,661] {dag.py:2273} INFO - Setting next_dagrun for example_dag_decorator to None
[2021-04-14 13:33:26,673] {scheduler_job.py:190} INFO - Processing /home/airflow/.local/lib/python3.6/site-packages/airflow/example_dags/example_dag_decorator.py took 0.076 seconds
[2021-04-14 13:33:56,845] {scheduler_job.py:182} INFO - Started process (PID=386) to work on /home/airflow/.local/lib/python3.6/site-packages/airflow/example_dags/example_dag_decorator.py
[2021-04-14 13:33:56,846] {scheduler_job.py:629} INFO - Processing file /home/airflow/.local/lib/python3.6/site-packages/airflow/example_dags/example_dag_decorator.py for tasks to queue
[2021-04-14 13:33:56,847] {logging_mixin.py:104} INFO - [2021-04-14 13:33:56,847] {dagbag.py:448} INFO - Filling up the DagBag from /home/airflow/.local/lib/python3.6/site-packages/airflow/example_dags/example_dag_decorator.py
[2021-04-14 13:33:56,863] {scheduler_job.py:639} INFO - DAG(s) dict_keys(['example_dag_decorator']) retrieved from /home/airflow/.local/lib/python3.6/site-packages/airflow/example_dags/example_dag_decorator.py
[2021-04-14 13:33:56,887] {logging_mixin.py:104} INFO - [2021-04-14 13:33:56,886] {dag.py:1818} INFO - Sync 1 DAGs
[2021-04-14 13:33:56,903] {logging_mixin.py:104} INFO - [2021-04-14 13:33:56,903] {dag.py:2273} INFO - Setting next_dagrun for example_dag_decorator to None
[2021-04-14 13:33:56,915] {scheduler_job.py:190} INFO - Processing /home/airflow/.local/lib/python3.6/site-packages/airflow/example_dags/example_dag_decorator.py took 0.073 seconds
[2021-04-14 13:34:27,198] {scheduler_job.py:182} INFO - Started process (PID=412) to work on /home/airflow/.local/lib/python3.6/site-packages/airflow/example_dags/example_dag_decorator.py
[2021-04-14 13:34:27,200] {scheduler_job.py:629} INFO - Processing file /home/airflow/.local/lib/python3.6/site-packages/airflow/example_dags/example_dag_decorator.py for tasks to queue
[2021-04-14 13:34:27,201] {logging_mixin.py:104} INFO - [2021-04-14 13:34:27,201] {dagbag.py:448} INFO - Filling up the DagBag from /home/airflow/.local/lib/python3.6/site-packages/airflow/example_dags/example_dag_decorator.py
[2021-04-14 13:34:27,220] {scheduler_job.py:639} INFO - DAG(s) dict_keys(['example_dag_decorator']) retrieved from /home/airflow/.local/lib/python3.6/site-packages/airflow/example_dags/example_dag_decorator.py
[2021-04-14 13:34:27,249] {logging_mixin.py:104} INFO - [2021-04-14 13:34:27,248] {dag.py:1818} INFO - Sync 1 DAGs
[2021-04-14 13:34:27,271] {logging_mixin.py:104} INFO - [2021-04-14 13:34:27,271] {dag.py:2273} INFO - Setting next_dagrun for example_dag_decorator to None
[2021-04-14 13:34:27,286] {scheduler_job.py:190} INFO - Processing /home/airflow/.local/lib/python3.6/site-packages/airflow/example_dags/example_dag_decorator.py took 0.091 seconds
[2021-04-14 13:34:57,548] {scheduler_job.py:182} INFO - Started process (PID=438) to work on /home/airflow/.local/lib/python3.6/site-packages/airflow/example_dags/example_dag_decorator.py
[2021-04-14 13:34:57,551] {scheduler_job.py:629} INFO - Processing file /home/airflow/.local/lib/python3.6/site-packages/airflow/example_dags/example_dag_decorator.py for tasks to queue
[2021-04-14 13:34:57,553] {logging_mixin.py:104} INFO - [2021-04-14 13:34:57,553] {dagbag.py:448} INFO - Filling up the DagBag from /home/airflow/.local/lib/python3.6/site-packages/airflow/example_dags/example_dag_decorator.py
[2021-04-14 13:34:57,575] {scheduler_job.py:639} INFO - DAG(s) dict_keys(['example_dag_decorator']) retrieved from /home/airflow/.local/lib/python3.6/site-packages/airflow/example_dags/example_dag_decorator.py
[2021-04-14 13:34:57,606] {logging_mixin.py:104} INFO - [2021-04-14 13:34:57,606] {dag.py:1818} INFO - Sync 1 DAGs
[2021-04-14 13:34:57,631] {logging_mixin.py:104} INFO - [2021-04-14 13:34:57,631] {dag.py:2273} INFO - Setting next_dagrun for example_dag_decorator to None
[2021-04-14 13:34:57,688] {scheduler_job.py:190} INFO - Processing /home/airflow/.local/lib/python3.6/site-packages/airflow/example_dags/example_dag_decorator.py took 0.143 seconds
[2021-04-14 13:35:27,942] {scheduler_job.py:182} INFO - Started process (PID=464) to work on /home/airflow/.local/lib/python3.6/site-packages/airflow/example_dags/example_dag_decorator.py
[2021-04-14 13:35:27,944] {scheduler_job.py:629} INFO - Processing file /home/airflow/.local/lib/python3.6/site-packages/airflow/example_dags/example_dag_decorator.py for tasks to queue
[2021-04-14 13:35:27,945] {logging_mixin.py:104} INFO - [2021-04-14 13:35:27,945] {dagbag.py:448} INFO - Filling up the DagBag from /home/airflow/.local/lib/python3.6/site-packages/airflow/example_dags/example_dag_decorator.py
[2021-04-14 13:35:27,972] {scheduler_job.py:639} INFO - DAG(s) dict_keys(['example_dag_decorator']) retrieved from /home/airflow/.local/lib/python3.6/site-packages/airflow/example_dags/example_dag_decorator.py
[2021-04-14 13:35:28,010] {logging_mixin.py:104} INFO - [2021-04-14 13:35:28,010] {dag.py:1818} INFO - Sync 1 DAGs
[2021-04-14 13:35:28,031] {logging_mixin.py:104} INFO - [2021-04-14 13:35:28,031] {dag.py:2273} INFO - Setting next_dagrun for example_dag_decorator to None
[2021-04-14 13:35:28,046] {scheduler_job.py:190} INFO - Processing /home/airflow/.local/lib/python3.6/site-packages/airflow/example_dags/example_dag_decorator.py took 0.109 seconds
[2021-04-14 13:35:58,208] {scheduler_job.py:182} INFO - Started process (PID=490) to work on /home/airflow/.local/lib/python3.6/site-packages/airflow/example_dags/example_dag_decorator.py
[2021-04-14 13:35:58,210] {scheduler_job.py:629} INFO - Processing file /home/airflow/.local/lib/python3.6/site-packages/airflow/example_dags/example_dag_decorator.py for tasks to queue
[2021-04-14 13:35:58,212] {logging_mixin.py:104} INFO - [2021-04-14 13:35:58,211] {dagbag.py:448} INFO - Filling up the DagBag from /home/airflow/.local/lib/python3.6/site-packages/airflow/example_dags/example_dag_decorator.py
[2021-04-14 13:35:58,234] {scheduler_job.py:639} INFO - DAG(s) dict_keys(['example_dag_decorator']) retrieved from /home/airflow/.local/lib/python3.6/site-packages/airflow/example_dags/example_dag_decorator.py
[2021-04-14 13:35:58,270] {logging_mixin.py:104} INFO - [2021-04-14 13:35:58,270] {dag.py:1818} INFO - Sync 1 DAGs
[2021-04-14 13:35:58,291] {logging_mixin.py:104} INFO - [2021-04-14 13:35:58,291] {dag.py:2273} INFO - Setting next_dagrun for example_dag_decorator to None
[2021-04-14 13:35:58,306] {scheduler_job.py:190} INFO - Processing /home/airflow/.local/lib/python3.6/site-packages/airflow/example_dags/example_dag_decorator.py took 0.102 seconds
[2021-04-14 13:36:28,525] {scheduler_job.py:182} INFO - Started process (PID=516) to work on /home/airflow/.local/lib/python3.6/site-packages/airflow/example_dags/example_dag_decorator.py
[2021-04-14 13:36:28,527] {scheduler_job.py:629} INFO - Processing file /home/airflow/.local/lib/python3.6/site-packages/airflow/example_dags/example_dag_decorator.py for tasks to queue
[2021-04-14 13:36:28,528] {logging_mixin.py:104} INFO - [2021-04-14 13:36:28,528] {dagbag.py:448} INFO - Filling up the DagBag from /home/airflow/.local/lib/python3.6/site-packages/airflow/example_dags/example_dag_decorator.py
[2021-04-14 13:36:28,553] {scheduler_job.py:639} INFO - DAG(s) dict_keys(['example_dag_decorator']) retrieved from /home/airflow/.local/lib/python3.6/site-packages/airflow/example_dags/example_dag_decorator.py
[2021-04-14 13:36:28,588] {logging_mixin.py:104} INFO - [2021-04-14 13:36:28,588] {dag.py:1818} INFO - Sync 1 DAGs
[2021-04-14 13:36:28,607] {logging_mixin.py:104} INFO - [2021-04-14 13:36:28,606] {dag.py:2273} INFO - Setting next_dagrun for example_dag_decorator to None
[2021-04-14 13:36:28,621] {scheduler_job.py:190} INFO - Processing /home/airflow/.local/lib/python3.6/site-packages/airflow/example_dags/example_dag_decorator.py took 0.100 seconds
[2021-04-14 13:36:58,910] {scheduler_job.py:182} INFO - Started process (PID=542) to work on /home/airflow/.local/lib/python3.6/site-packages/airflow/example_dags/example_dag_decorator.py
[2021-04-14 13:36:58,912] {scheduler_job.py:629} INFO - Processing file /home/airflow/.local/lib/python3.6/site-packages/airflow/example_dags/example_dag_decorator.py for tasks to queue
[2021-04-14 13:36:58,913] {logging_mixin.py:104} INFO - [2021-04-14 13:36:58,913] {dagbag.py:448} INFO - Filling up the DagBag from /home/airflow/.local/lib/python3.6/site-packages/airflow/example_dags/example_dag_decorator.py
[2021-04-14 13:36:58,934] {scheduler_job.py:639} INFO - DAG(s) dict_keys(['example_dag_decorator']) retrieved from /home/airflow/.local/lib/python3.6/site-packages/airflow/example_dags/example_dag_decorator.py
[2021-04-14 13:36:58,970] {logging_mixin.py:104} INFO - [2021-04-14 13:36:58,969] {dag.py:1818} INFO - Sync 1 DAGs
[2021-04-14 13:36:58,990] {logging_mixin.py:104} INFO - [2021-04-14 13:36:58,990] {dag.py:2273} INFO - Setting next_dagrun for example_dag_decorator to None
[2021-04-14 13:36:59,003] {scheduler_job.py:190} INFO - Processing /home/airflow/.local/lib/python3.6/site-packages/airflow/example_dags/example_dag_decorator.py took 0.098 seconds
[2021-04-14 13:37:29,321] {scheduler_job.py:182} INFO - Started process (PID=568) to work on /home/airflow/.local/lib/python3.6/site-packages/airflow/example_dags/example_dag_decorator.py
[2021-04-14 13:37:29,322] {scheduler_job.py:629} INFO - Processing file /home/airflow/.local/lib/python3.6/site-packages/airflow/example_dags/example_dag_decorator.py for tasks to queue
[2021-04-14 13:37:29,324] {logging_mixin.py:104} INFO - [2021-04-14 13:37:29,323] {dagbag.py:448} INFO - Filling up the DagBag from /home/airflow/.local/lib/python3.6/site-packages/airflow/example_dags/example_dag_decorator.py
[2021-04-14 13:37:29,346] {scheduler_job.py:639} INFO - DAG(s) dict_keys(['example_dag_decorator']) retrieved from /home/airflow/.local/lib/python3.6/site-packages/airflow/example_dags/example_dag_decorator.py
[2021-04-14 13:37:29,377] {logging_mixin.py:104} INFO - [2021-04-14 13:37:29,376] {dag.py:1818} INFO - Sync 1 DAGs
[2021-04-14 13:37:29,395] {logging_mixin.py:104} INFO - [2021-04-14 13:37:29,395] {dag.py:2273} INFO - Setting next_dagrun for example_dag_decorator to None
[2021-04-14 13:37:29,409] {scheduler_job.py:190} INFO - Processing /home/airflow/.local/lib/python3.6/site-packages/airflow/example_dags/example_dag_decorator.py took 0.093 seconds
[2021-04-14 13:37:59,487] {scheduler_job.py:182} INFO - Started process (PID=593) to work on /home/airflow/.local/lib/python3.6/site-packages/airflow/example_dags/example_dag_decorator.py
[2021-04-14 13:37:59,488] {scheduler_job.py:629} INFO - Processing file /home/airflow/.local/lib/python3.6/site-packages/airflow/example_dags/example_dag_decorator.py for tasks to queue
[2021-04-14 13:37:59,490] {logging_mixin.py:104} INFO - [2021-04-14 13:37:59,490] {dagbag.py:448} INFO - Filling up the DagBag from /home/airflow/.local/lib/python3.6/site-packages/airflow/example_dags/example_dag_decorator.py
[2021-04-14 13:37:59,517] {scheduler_job.py:639} INFO - DAG(s) dict_keys(['example_dag_decorator']) retrieved from /home/airflow/.local/lib/python3.6/site-packages/airflow/example_dags/example_dag_decorator.py
[2021-04-14 13:37:59,557] {logging_mixin.py:104} INFO - [2021-04-14 13:37:59,557] {dag.py:1818} INFO - Sync 1 DAGs
[2021-04-14 13:37:59,584] {logging_mixin.py:104} INFO - [2021-04-14 13:37:59,584] {dag.py:2273} INFO - Setting next_dagrun for example_dag_decorator to None
[2021-04-14 13:37:59,603] {scheduler_job.py:190} INFO - Processing /home/airflow/.local/lib/python3.6/site-packages/airflow/example_dags/example_dag_decorator.py took 0.120 seconds
[2021-04-14 13:38:30,059] {scheduler_job.py:182} INFO - Started process (PID=620) to work on /home/airflow/.local/lib/python3.6/site-packages/airflow/example_dags/example_dag_decorator.py
[2021-04-14 13:38:30,060] {scheduler_job.py:629} INFO - Processing file /home/airflow/.local/lib/python3.6/site-packages/airflow/example_dags/example_dag_decorator.py for tasks to queue
[2021-04-14 13:38:30,061] {logging_mixin.py:104} INFO - [2021-04-14 13:38:30,061] {dagbag.py:448} INFO - Filling up the DagBag from /home/airflow/.local/lib/python3.6/site-packages/airflow/example_dags/example_dag_decorator.py
[2021-04-14 13:38:30,085] {scheduler_job.py:639} INFO - DAG(s) dict_keys(['example_dag_decorator']) retrieved from /home/airflow/.local/lib/python3.6/site-packages/airflow/example_dags/example_dag_decorator.py
[2021-04-14 13:38:30,114] {logging_mixin.py:104} INFO - [2021-04-14 13:38:30,114] {dag.py:1818} INFO - Sync 1 DAGs
[2021-04-14 13:38:30,133] {logging_mixin.py:104} INFO - [2021-04-14 13:38:30,133] {dag.py:2273} INFO - Setting next_dagrun for example_dag_decorator to None
[2021-04-14 13:38:30,147] {scheduler_job.py:190} INFO - Processing /home/airflow/.local/lib/python3.6/site-packages/airflow/example_dags/example_dag_decorator.py took 0.093 seconds
[2021-04-14 13:39:00,292] {scheduler_job.py:182} INFO - Started process (PID=646) to work on /home/airflow/.local/lib/python3.6/site-packages/airflow/example_dags/example_dag_decorator.py
[2021-04-14 13:39:00,295] {scheduler_job.py:629} INFO - Processing file /home/airflow/.local/lib/python3.6/site-packages/airflow/example_dags/example_dag_decorator.py for tasks to queue
[2021-04-14 13:39:00,297] {logging_mixin.py:104} INFO - [2021-04-14 13:39:00,297] {dagbag.py:448} INFO - Filling up the DagBag from /home/airflow/.local/lib/python3.6/site-packages/airflow/example_dags/example_dag_decorator.py
[2021-04-14 13:39:00,320] {scheduler_job.py:639} INFO - DAG(s) dict_keys(['example_dag_decorator']) retrieved from /home/airflow/.local/lib/python3.6/site-packages/airflow/example_dags/example_dag_decorator.py
[2021-04-14 13:39:00,347] {logging_mixin.py:104} INFO - [2021-04-14 13:39:00,347] {dag.py:1818} INFO - Sync 1 DAGs
[2021-04-14 13:39:00,364] {logging_mixin.py:104} INFO - [2021-04-14 13:39:00,364] {dag.py:2273} INFO - Setting next_dagrun for example_dag_decorator to None
[2021-04-14 13:39:00,378] {scheduler_job.py:190} INFO - Processing /home/airflow/.local/lib/python3.6/site-packages/airflow/example_dags/example_dag_decorator.py took 0.090 seconds
[2021-04-14 13:39:30,582] {scheduler_job.py:182} INFO - Started process (PID=672) to work on /home/airflow/.local/lib/python3.6/site-packages/airflow/example_dags/example_dag_decorator.py
[2021-04-14 13:39:30,584] {scheduler_job.py:629} INFO - Processing file /home/airflow/.local/lib/python3.6/site-packages/airflow/example_dags/example_dag_decorator.py for tasks to queue
[2021-04-14 13:39:30,585] {logging_mixin.py:104} INFO - [2021-04-14 13:39:30,585] {dagbag.py:448} INFO - Filling up the DagBag from /home/airflow/.local/lib/python3.6/site-packages/airflow/example_dags/example_dag_decorator.py
[2021-04-14 13:39:30,614] {scheduler_job.py:639} INFO - DAG(s) dict_keys(['example_dag_decorator']) retrieved from /home/airflow/.local/lib/python3.6/site-packages/airflow/example_dags/example_dag_decorator.py
[2021-04-14 13:39:30,648] {logging_mixin.py:104} INFO - [2021-04-14 13:39:30,648] {dag.py:1818} INFO - Sync 1 DAGs
[2021-04-14 13:39:30,670] {logging_mixin.py:104} INFO - [2021-04-14 13:39:30,670] {dag.py:2273} INFO - Setting next_dagrun for example_dag_decorator to None
[2021-04-14 13:39:30,687] {scheduler_job.py:190} INFO - Processing /home/airflow/.local/lib/python3.6/site-packages/airflow/example_dags/example_dag_decorator.py took 0.109 seconds
[2021-04-14 13:40:01,149] {scheduler_job.py:182} INFO - Started process (PID=698) to work on /home/airflow/.local/lib/python3.6/site-packages/airflow/example_dags/example_dag_decorator.py
[2021-04-14 13:40:01,152] {scheduler_job.py:629} INFO - Processing file /home/airflow/.local/lib/python3.6/site-packages/airflow/example_dags/example_dag_decorator.py for tasks to queue
[2021-04-14 13:40:01,153] {logging_mixin.py:104} INFO - [2021-04-14 13:40:01,153] {dagbag.py:448} INFO - Filling up the DagBag from /home/airflow/.local/lib/python3.6/site-packages/airflow/example_dags/example_dag_decorator.py
[2021-04-14 13:40:01,183] {scheduler_job.py:639} INFO - DAG(s) dict_keys(['example_dag_decorator']) retrieved from /home/airflow/.local/lib/python3.6/site-packages/airflow/example_dags/example_dag_decorator.py
[2021-04-14 13:40:01,226] {logging_mixin.py:104} INFO - [2021-04-14 13:40:01,226] {dag.py:1818} INFO - Sync 1 DAGs
[2021-04-14 13:40:01,254] {logging_mixin.py:104} INFO - [2021-04-14 13:40:01,254] {dag.py:2273} INFO - Setting next_dagrun for example_dag_decorator to None
[2021-04-14 13:40:01,273] {scheduler_job.py:190} INFO - Processing /home/airflow/.local/lib/python3.6/site-packages/airflow/example_dags/example_dag_decorator.py took 0.130 seconds
[2021-04-14 13:40:32,057] {scheduler_job.py:182} INFO - Started process (PID=724) to work on /home/airflow/.local/lib/python3.6/site-packages/airflow/example_dags/example_dag_decorator.py
[2021-04-14 13:40:32,060] {scheduler_job.py:629} INFO - Processing file /home/airflow/.local/lib/python3.6/site-packages/airflow/example_dags/example_dag_decorator.py for tasks to queue
[2021-04-14 13:40:32,061] {logging_mixin.py:104} INFO - [2021-04-14 13:40:32,061] {dagbag.py:448} INFO - Filling up the DagBag from /home/airflow/.local/lib/python3.6/site-packages/airflow/example_dags/example_dag_decorator.py
[2021-04-14 13:40:32,096] {scheduler_job.py:639} INFO - DAG(s) dict_keys(['example_dag_decorator']) retrieved from /home/airflow/.local/lib/python3.6/site-packages/airflow/example_dags/example_dag_decorator.py
[2021-04-14 13:40:32,144] {logging_mixin.py:104} INFO - [2021-04-14 13:40:32,143] {dag.py:1818} INFO - Sync 1 DAGs
[2021-04-14 13:40:32,174] {logging_mixin.py:104} INFO - [2021-04-14 13:40:32,173] {dag.py:2273} INFO - Setting next_dagrun for example_dag_decorator to None
[2021-04-14 13:40:32,199] {scheduler_job.py:190} INFO - Processing /home/airflow/.local/lib/python3.6/site-packages/airflow/example_dags/example_dag_decorator.py took 0.148 seconds
[2021-04-14 13:41:02,382] {scheduler_job.py:182} INFO - Started process (PID=750) to work on /home/airflow/.local/lib/python3.6/site-packages/airflow/example_dags/example_dag_decorator.py
[2021-04-14 13:41:02,384] {scheduler_job.py:629} INFO - Processing file /home/airflow/.local/lib/python3.6/site-packages/airflow/example_dags/example_dag_decorator.py for tasks to queue
[2021-04-14 13:41:02,386] {logging_mixin.py:104} INFO - [2021-04-14 13:41:02,385] {dagbag.py:448} INFO - Filling up the DagBag from /home/airflow/.local/lib/python3.6/site-packages/airflow/example_dags/example_dag_decorator.py
[2021-04-14 13:41:02,421] {scheduler_job.py:639} INFO - DAG(s) dict_keys(['example_dag_decorator']) retrieved from /home/airflow/.local/lib/python3.6/site-packages/airflow/example_dags/example_dag_decorator.py
[2021-04-14 13:41:02,459] {logging_mixin.py:104} INFO - [2021-04-14 13:41:02,458] {dag.py:1818} INFO - Sync 1 DAGs
[2021-04-14 13:41:02,485] {logging_mixin.py:104} INFO - [2021-04-14 13:41:02,484] {dag.py:2273} INFO - Setting next_dagrun for example_dag_decorator to None
[2021-04-14 13:41:02,500] {scheduler_job.py:190} INFO - Processing /home/airflow/.local/lib/python3.6/site-packages/airflow/example_dags/example_dag_decorator.py took 0.124 seconds
[2021-04-14 13:41:32,886] {scheduler_job.py:182} INFO - Started process (PID=776) to work on /home/airflow/.local/lib/python3.6/site-packages/airflow/example_dags/example_dag_decorator.py
[2021-04-14 13:41:32,888] {scheduler_job.py:629} INFO - Processing file /home/airflow/.local/lib/python3.6/site-packages/airflow/example_dags/example_dag_decorator.py for tasks to queue
[2021-04-14 13:41:32,890] {logging_mixin.py:104} INFO - [2021-04-14 13:41:32,889] {dagbag.py:448} INFO - Filling up the DagBag from /home/airflow/.local/lib/python3.6/site-packages/airflow/example_dags/example_dag_decorator.py
[2021-04-14 13:41:32,924] {scheduler_job.py:639} INFO - DAG(s) dict_keys(['example_dag_decorator']) retrieved from /home/airflow/.local/lib/python3.6/site-packages/airflow/example_dags/example_dag_decorator.py
[2021-04-14 13:41:32,966] {logging_mixin.py:104} INFO - [2021-04-14 13:41:32,966] {dag.py:1818} INFO - Sync 1 DAGs
[2021-04-14 13:41:32,990] {logging_mixin.py:104} INFO - [2021-04-14 13:41:32,990] {dag.py:2273} INFO - Setting next_dagrun for example_dag_decorator to None
[2021-04-14 13:41:33,007] {scheduler_job.py:190} INFO - Processing /home/airflow/.local/lib/python3.6/site-packages/airflow/example_dags/example_dag_decorator.py took 0.126 seconds
[2021-04-14 13:42:03,118] {scheduler_job.py:182} INFO - Started process (PID=801) to work on /home/airflow/.local/lib/python3.6/site-packages/airflow/example_dags/example_dag_decorator.py
[2021-04-14 13:42:03,120] {scheduler_job.py:629} INFO - Processing file /home/airflow/.local/lib/python3.6/site-packages/airflow/example_dags/example_dag_decorator.py for tasks to queue
[2021-04-14 13:42:03,121] {logging_mixin.py:104} INFO - [2021-04-14 13:42:03,121] {dagbag.py:448} INFO - Filling up the DagBag from /home/airflow/.local/lib/python3.6/site-packages/airflow/example_dags/example_dag_decorator.py
[2021-04-14 13:42:03,155] {scheduler_job.py:639} INFO - DAG(s) dict_keys(['example_dag_decorator']) retrieved from /home/airflow/.local/lib/python3.6/site-packages/airflow/example_dags/example_dag_decorator.py
[2021-04-14 13:42:03,203] {logging_mixin.py:104} INFO - [2021-04-14 13:42:03,202] {dag.py:1818} INFO - Sync 1 DAGs
[2021-04-14 13:42:03,234] {logging_mixin.py:104} INFO - [2021-04-14 13:42:03,233] {dag.py:2273} INFO - Setting next_dagrun for example_dag_decorator to None
[2021-04-14 13:42:03,257] {scheduler_job.py:190} INFO - Processing /home/airflow/.local/lib/python3.6/site-packages/airflow/example_dags/example_dag_decorator.py took 0.145 seconds
[2021-04-14 13:42:33,386] {scheduler_job.py:182} INFO - Started process (PID=827) to work on /home/airflow/.local/lib/python3.6/site-packages/airflow/example_dags/example_dag_decorator.py
[2021-04-14 13:42:33,390] {scheduler_job.py:629} INFO - Processing file /home/airflow/.local/lib/python3.6/site-packages/airflow/example_dags/example_dag_decorator.py for tasks to queue
[2021-04-14 13:42:33,392] {logging_mixin.py:104} INFO - [2021-04-14 13:42:33,392] {dagbag.py:448} INFO - Filling up the DagBag from /home/airflow/.local/lib/python3.6/site-packages/airflow/example_dags/example_dag_decorator.py
[2021-04-14 13:42:33,428] {scheduler_job.py:639} INFO - DAG(s) dict_keys(['example_dag_decorator']) retrieved from /home/airflow/.local/lib/python3.6/site-packages/airflow/example_dags/example_dag_decorator.py
[2021-04-14 13:42:33,479] {logging_mixin.py:104} INFO - [2021-04-14 13:42:33,479] {dag.py:1818} INFO - Sync 1 DAGs
[2021-04-14 13:42:33,508] {logging_mixin.py:104} INFO - [2021-04-14 13:42:33,508] {dag.py:2273} INFO - Setting next_dagrun for example_dag_decorator to None
[2021-04-14 13:42:33,527] {scheduler_job.py:190} INFO - Processing /home/airflow/.local/lib/python3.6/site-packages/airflow/example_dags/example_dag_decorator.py took 0.147 seconds
[2021-04-14 13:43:04,085] {scheduler_job.py:182} INFO - Started process (PID=854) to work on /home/airflow/.local/lib/python3.6/site-packages/airflow/example_dags/example_dag_decorator.py
[2021-04-14 13:43:04,087] {scheduler_job.py:629} INFO - Processing file /home/airflow/.local/lib/python3.6/site-packages/airflow/example_dags/example_dag_decorator.py for tasks to queue
[2021-04-14 13:43:04,089] {logging_mixin.py:104} INFO - [2021-04-14 13:43:04,088] {dagbag.py:448} INFO - Filling up the DagBag from /home/airflow/.local/lib/python3.6/site-packages/airflow/example_dags/example_dag_decorator.py
[2021-04-14 13:43:04,108] {scheduler_job.py:639} INFO - DAG(s) dict_keys(['example_dag_decorator']) retrieved from /home/airflow/.local/lib/python3.6/site-packages/airflow/example_dags/example_dag_decorator.py
[2021-04-14 13:43:04,143] {logging_mixin.py:104} INFO - [2021-04-14 13:43:04,143] {dag.py:1818} INFO - Sync 1 DAGs
[2021-04-14 13:43:04,165] {logging_mixin.py:104} INFO - [2021-04-14 13:43:04,165] {dag.py:2273} INFO - Setting next_dagrun for example_dag_decorator to None
[2021-04-14 13:43:04,180] {scheduler_job.py:190} INFO - Processing /home/airflow/.local/lib/python3.6/site-packages/airflow/example_dags/example_dag_decorator.py took 0.099 seconds
[2021-04-14 13:43:34,473] {scheduler_job.py:182} INFO - Started process (PID=880) to work on /home/airflow/.local/lib/python3.6/site-packages/airflow/example_dags/example_dag_decorator.py
[2021-04-14 13:43:34,475] {scheduler_job.py:629} INFO - Processing file /home/airflow/.local/lib/python3.6/site-packages/airflow/example_dags/example_dag_decorator.py for tasks to queue
[2021-04-14 13:43:34,476] {logging_mixin.py:104} INFO - [2021-04-14 13:43:34,476] {dagbag.py:448} INFO - Filling up the DagBag from /home/airflow/.local/lib/python3.6/site-packages/airflow/example_dags/example_dag_decorator.py
[2021-04-14 13:43:34,496] {scheduler_job.py:639} INFO - DAG(s) dict_keys(['example_dag_decorator']) retrieved from /home/airflow/.local/lib/python3.6/site-packages/airflow/example_dags/example_dag_decorator.py
[2021-04-14 13:43:34,526] {logging_mixin.py:104} INFO - [2021-04-14 13:43:34,526] {dag.py:1818} INFO - Sync 1 DAGs
[2021-04-14 13:43:34,551] {logging_mixin.py:104} INFO - [2021-04-14 13:43:34,550] {dag.py:2273} INFO - Setting next_dagrun for example_dag_decorator to None
[2021-04-14 13:43:34,564] {scheduler_job.py:190} INFO - Processing /home/airflow/.local/lib/python3.6/site-packages/airflow/example_dags/example_dag_decorator.py took 0.095 seconds
[2021-04-14 13:44:05,075] {scheduler_job.py:182} INFO - Started process (PID=906) to work on /home/airflow/.local/lib/python3.6/site-packages/airflow/example_dags/example_dag_decorator.py
[2021-04-14 13:44:05,077] {scheduler_job.py:629} INFO - Processing file /home/airflow/.local/lib/python3.6/site-packages/airflow/example_dags/example_dag_decorator.py for tasks to queue
[2021-04-14 13:44:05,080] {logging_mixin.py:104} INFO - [2021-04-14 13:44:05,079] {dagbag.py:448} INFO - Filling up the DagBag from /home/airflow/.local/lib/python3.6/site-packages/airflow/example_dags/example_dag_decorator.py
[2021-04-14 13:44:05,103] {scheduler_job.py:639} INFO - DAG(s) dict_keys(['example_dag_decorator']) retrieved from /home/airflow/.local/lib/python3.6/site-packages/airflow/example_dags/example_dag_decorator.py
[2021-04-14 13:44:05,136] {logging_mixin.py:104} INFO - [2021-04-14 13:44:05,136] {dag.py:1818} INFO - Sync 1 DAGs
[2021-04-14 13:44:05,158] {logging_mixin.py:104} INFO - [2021-04-14 13:44:05,158] {dag.py:2273} INFO - Setting next_dagrun for example_dag_decorator to None
[2021-04-14 13:44:05,172] {scheduler_job.py:190} INFO - Processing /home/airflow/.local/lib/python3.6/site-packages/airflow/example_dags/example_dag_decorator.py took 0.101 seconds
[2021-04-14 13:44:35,549] {scheduler_job.py:182} INFO - Started process (PID=932) to work on /home/airflow/.local/lib/python3.6/site-packages/airflow/example_dags/example_dag_decorator.py
[2021-04-14 13:44:35,551] {scheduler_job.py:629} INFO - Processing file /home/airflow/.local/lib/python3.6/site-packages/airflow/example_dags/example_dag_decorator.py for tasks to queue
[2021-04-14 13:44:35,553] {logging_mixin.py:104} INFO - [2021-04-14 13:44:35,552] {dagbag.py:448} INFO - Filling up the DagBag from /home/airflow/.local/lib/python3.6/site-packages/airflow/example_dags/example_dag_decorator.py
[2021-04-14 13:44:35,581] {scheduler_job.py:639} INFO - DAG(s) dict_keys(['example_dag_decorator']) retrieved from /home/airflow/.local/lib/python3.6/site-packages/airflow/example_dags/example_dag_decorator.py
[2021-04-14 13:44:35,627] {logging_mixin.py:104} INFO - [2021-04-14 13:44:35,627] {dag.py:1818} INFO - Sync 1 DAGs
[2021-04-14 13:44:35,653] {logging_mixin.py:104} INFO - [2021-04-14 13:44:35,653] {dag.py:2273} INFO - Setting next_dagrun for example_dag_decorator to None
[2021-04-14 13:44:35,668] {scheduler_job.py:190} INFO - Processing /home/airflow/.local/lib/python3.6/site-packages/airflow/example_dags/example_dag_decorator.py took 0.127 seconds
[2021-04-14 13:45:06,001] {scheduler_job.py:182} INFO - Started process (PID=958) to work on /home/airflow/.local/lib/python3.6/site-packages/airflow/example_dags/example_dag_decorator.py
[2021-04-14 13:45:06,003] {scheduler_job.py:629} INFO - Processing file /home/airflow/.local/lib/python3.6/site-packages/airflow/example_dags/example_dag_decorator.py for tasks to queue
[2021-04-14 13:45:06,004] {logging_mixin.py:104} INFO - [2021-04-14 13:45:06,004] {dagbag.py:448} INFO - Filling up the DagBag from /home/airflow/.local/lib/python3.6/site-packages/airflow/example_dags/example_dag_decorator.py
[2021-04-14 13:45:06,026] {scheduler_job.py:639} INFO - DAG(s) dict_keys(['example_dag_decorator']) retrieved from /home/airflow/.local/lib/python3.6/site-packages/airflow/example_dags/example_dag_decorator.py
[2021-04-14 13:45:06,052] {logging_mixin.py:104} INFO - [2021-04-14 13:45:06,052] {dag.py:1818} INFO - Sync 1 DAGs
[2021-04-14 13:45:06,075] {logging_mixin.py:104} INFO - [2021-04-14 13:45:06,075] {dag.py:2273} INFO - Setting next_dagrun for example_dag_decorator to None
[2021-04-14 13:45:06,086] {scheduler_job.py:190} INFO - Processing /home/airflow/.local/lib/python3.6/site-packages/airflow/example_dags/example_dag_decorator.py took 0.090 seconds
[2021-04-14 13:45:36,351] {scheduler_job.py:182} INFO - Started process (PID=984) to work on /home/airflow/.local/lib/python3.6/site-packages/airflow/example_dags/example_dag_decorator.py
[2021-04-14 13:45:36,353] {scheduler_job.py:629} INFO - Processing file /home/airflow/.local/lib/python3.6/site-packages/airflow/example_dags/example_dag_decorator.py for tasks to queue
[2021-04-14 13:45:36,355] {logging_mixin.py:104} INFO - [2021-04-14 13:45:36,355] {dagbag.py:448} INFO - Filling up the DagBag from /home/airflow/.local/lib/python3.6/site-packages/airflow/example_dags/example_dag_decorator.py
[2021-04-14 13:45:36,377] {scheduler_job.py:639} INFO - DAG(s) dict_keys(['example_dag_decorator']) retrieved from /home/airflow/.local/lib/python3.6/site-packages/airflow/example_dags/example_dag_decorator.py
[2021-04-14 13:45:36,404] {logging_mixin.py:104} INFO - [2021-04-14 13:45:36,403] {dag.py:1818} INFO - Sync 1 DAGs
[2021-04-14 13:45:36,424] {logging_mixin.py:104} INFO - [2021-04-14 13:45:36,424] {dag.py:2273} INFO - Setting next_dagrun for example_dag_decorator to None
[2021-04-14 13:45:36,439] {scheduler_job.py:190} INFO - Processing /home/airflow/.local/lib/python3.6/site-packages/airflow/example_dags/example_dag_decorator.py took 0.092 seconds
[2021-04-14 13:46:06,726] {scheduler_job.py:182} INFO - Started process (PID=1010) to work on /home/airflow/.local/lib/python3.6/site-packages/airflow/example_dags/example_dag_decorator.py
[2021-04-14 13:46:06,727] {scheduler_job.py:629} INFO - Processing file /home/airflow/.local/lib/python3.6/site-packages/airflow/example_dags/example_dag_decorator.py for tasks to queue
[2021-04-14 13:46:06,728] {logging_mixin.py:104} INFO - [2021-04-14 13:46:06,728] {dagbag.py:448} INFO - Filling up the DagBag from /home/airflow/.local/lib/python3.6/site-packages/airflow/example_dags/example_dag_decorator.py
[2021-04-14 13:46:06,745] {scheduler_job.py:639} INFO - DAG(s) dict_keys(['example_dag_decorator']) retrieved from /home/airflow/.local/lib/python3.6/site-packages/airflow/example_dags/example_dag_decorator.py
[2021-04-14 13:46:06,770] {logging_mixin.py:104} INFO - [2021-04-14 13:46:06,770] {dag.py:1818} INFO - Sync 1 DAGs
[2021-04-14 13:46:06,788] {logging_mixin.py:104} INFO - [2021-04-14 13:46:06,788] {dag.py:2273} INFO - Setting next_dagrun for example_dag_decorator to None
[2021-04-14 13:46:06,798] {scheduler_job.py:190} INFO - Processing /home/airflow/.local/lib/python3.6/site-packages/airflow/example_dags/example_dag_decorator.py took 0.076 seconds
[2021-04-14 13:46:37,182] {scheduler_job.py:182} INFO - Started process (PID=1036) to work on /home/airflow/.local/lib/python3.6/site-packages/airflow/example_dags/example_dag_decorator.py
[2021-04-14 13:46:37,183] {scheduler_job.py:629} INFO - Processing file /home/airflow/.local/lib/python3.6/site-packages/airflow/example_dags/example_dag_decorator.py for tasks to queue
[2021-04-14 13:46:37,184] {logging_mixin.py:104} INFO - [2021-04-14 13:46:37,184] {dagbag.py:448} INFO - Filling up the DagBag from /home/airflow/.local/lib/python3.6/site-packages/airflow/example_dags/example_dag_decorator.py
[2021-04-14 13:46:37,202] {scheduler_job.py:639} INFO - DAG(s) dict_keys(['example_dag_decorator']) retrieved from /home/airflow/.local/lib/python3.6/site-packages/airflow/example_dags/example_dag_decorator.py
[2021-04-14 13:46:37,226] {logging_mixin.py:104} INFO - [2021-04-14 13:46:37,226] {dag.py:1818} INFO - Sync 1 DAGs
[2021-04-14 13:46:37,243] {logging_mixin.py:104} INFO - [2021-04-14 13:46:37,243] {dag.py:2273} INFO - Setting next_dagrun for example_dag_decorator to None
[2021-04-14 13:46:37,256] {scheduler_job.py:190} INFO - Processing /home/airflow/.local/lib/python3.6/site-packages/airflow/example_dags/example_dag_decorator.py took 0.078 seconds
[2021-04-14 13:47:07,555] {scheduler_job.py:182} INFO - Started process (PID=1062) to work on /home/airflow/.local/lib/python3.6/site-packages/airflow/example_dags/example_dag_decorator.py
[2021-04-14 13:47:07,557] {scheduler_job.py:629} INFO - Processing file /home/airflow/.local/lib/python3.6/site-packages/airflow/example_dags/example_dag_decorator.py for tasks to queue
[2021-04-14 13:47:07,558] {logging_mixin.py:104} INFO - [2021-04-14 13:47:07,558] {dagbag.py:448} INFO - Filling up the DagBag from /home/airflow/.local/lib/python3.6/site-packages/airflow/example_dags/example_dag_decorator.py
[2021-04-14 13:47:07,579] {scheduler_job.py:639} INFO - DAG(s) dict_keys(['example_dag_decorator']) retrieved from /home/airflow/.local/lib/python3.6/site-packages/airflow/example_dags/example_dag_decorator.py
[2021-04-14 13:47:07,603] {logging_mixin.py:104} INFO - [2021-04-14 13:47:07,603] {dag.py:1818} INFO - Sync 1 DAGs
[2021-04-14 13:47:07,620] {logging_mixin.py:104} INFO - [2021-04-14 13:47:07,620] {dag.py:2273} INFO - Setting next_dagrun for example_dag_decorator to None
[2021-04-14 13:47:07,634] {scheduler_job.py:190} INFO - Processing /home/airflow/.local/lib/python3.6/site-packages/airflow/example_dags/example_dag_decorator.py took 0.083 seconds
[2021-04-14 13:47:37,911] {scheduler_job.py:182} INFO - Started process (PID=1088) to work on /home/airflow/.local/lib/python3.6/site-packages/airflow/example_dags/example_dag_decorator.py
[2021-04-14 13:47:37,912] {scheduler_job.py:629} INFO - Processing file /home/airflow/.local/lib/python3.6/site-packages/airflow/example_dags/example_dag_decorator.py for tasks to queue
[2021-04-14 13:47:37,913] {logging_mixin.py:104} INFO - [2021-04-14 13:47:37,913] {dagbag.py:448} INFO - Filling up the DagBag from /home/airflow/.local/lib/python3.6/site-packages/airflow/example_dags/example_dag_decorator.py
[2021-04-14 13:47:37,929] {scheduler_job.py:639} INFO - DAG(s) dict_keys(['example_dag_decorator']) retrieved from /home/airflow/.local/lib/python3.6/site-packages/airflow/example_dags/example_dag_decorator.py
[2021-04-14 13:47:37,955] {logging_mixin.py:104} INFO - [2021-04-14 13:47:37,955] {dag.py:1818} INFO - Sync 1 DAGs
[2021-04-14 13:47:37,970] {logging_mixin.py:104} INFO - [2021-04-14 13:47:37,970] {dag.py:2273} INFO - Setting next_dagrun for example_dag_decorator to None
[2021-04-14 13:47:37,981] {scheduler_job.py:190} INFO - Processing /home/airflow/.local/lib/python3.6/site-packages/airflow/example_dags/example_dag_decorator.py took 0.074 seconds
[2021-04-14 13:48:08,348] {scheduler_job.py:182} INFO - Started process (PID=1114) to work on /home/airflow/.local/lib/python3.6/site-packages/airflow/example_dags/example_dag_decorator.py
[2021-04-14 13:48:08,350] {scheduler_job.py:629} INFO - Processing file /home/airflow/.local/lib/python3.6/site-packages/airflow/example_dags/example_dag_decorator.py for tasks to queue
[2021-04-14 13:48:08,351] {logging_mixin.py:104} INFO - [2021-04-14 13:48:08,350] {dagbag.py:448} INFO - Filling up the DagBag from /home/airflow/.local/lib/python3.6/site-packages/airflow/example_dags/example_dag_decorator.py
[2021-04-14 13:48:08,367] {scheduler_job.py:639} INFO - DAG(s) dict_keys(['example_dag_decorator']) retrieved from /home/airflow/.local/lib/python3.6/site-packages/airflow/example_dags/example_dag_decorator.py
[2021-04-14 13:48:08,391] {logging_mixin.py:104} INFO - [2021-04-14 13:48:08,391] {dag.py:1818} INFO - Sync 1 DAGs
[2021-04-14 13:48:08,407] {logging_mixin.py:104} INFO - [2021-04-14 13:48:08,407] {dag.py:2273} INFO - Setting next_dagrun for example_dag_decorator to None
[2021-04-14 13:48:08,431] {scheduler_job.py:190} INFO - Processing /home/airflow/.local/lib/python3.6/site-packages/airflow/example_dags/example_dag_decorator.py took 0.086 seconds
[2021-04-14 13:48:39,187] {scheduler_job.py:182} INFO - Started process (PID=1140) to work on /home/airflow/.local/lib/python3.6/site-packages/airflow/example_dags/example_dag_decorator.py
[2021-04-14 13:48:39,189] {scheduler_job.py:629} INFO - Processing file /home/airflow/.local/lib/python3.6/site-packages/airflow/example_dags/example_dag_decorator.py for tasks to queue
[2021-04-14 13:48:39,190] {logging_mixin.py:104} INFO - [2021-04-14 13:48:39,190] {dagbag.py:448} INFO - Filling up the DagBag from /home/airflow/.local/lib/python3.6/site-packages/airflow/example_dags/example_dag_decorator.py
[2021-04-14 13:48:39,211] {scheduler_job.py:639} INFO - DAG(s) dict_keys(['example_dag_decorator']) retrieved from /home/airflow/.local/lib/python3.6/site-packages/airflow/example_dags/example_dag_decorator.py
[2021-04-14 13:48:39,244] {logging_mixin.py:104} INFO - [2021-04-14 13:48:39,244] {dag.py:1818} INFO - Sync 1 DAGs
[2021-04-14 13:48:39,267] {logging_mixin.py:104} INFO - [2021-04-14 13:48:39,267] {dag.py:2273} INFO - Setting next_dagrun for example_dag_decorator to None
[2021-04-14 13:48:39,294] {scheduler_job.py:190} INFO - Processing /home/airflow/.local/lib/python3.6/site-packages/airflow/example_dags/example_dag_decorator.py took 0.112 seconds
