[2021-04-14 13:27:52,763] {scheduler_job.py:182} INFO - Started process (PID=68) to work on /home/airflow/.local/lib/python3.6/site-packages/airflow/example_dags/example_subdag_operator.py
[2021-04-14 13:27:52,766] {scheduler_job.py:629} INFO - Processing file /home/airflow/.local/lib/python3.6/site-packages/airflow/example_dags/example_subdag_operator.py for tasks to queue
[2021-04-14 13:27:52,768] {logging_mixin.py:104} INFO - [2021-04-14 13:27:52,767] {dagbag.py:448} INFO - Filling up the DagBag from /home/airflow/.local/lib/python3.6/site-packages/airflow/example_dags/example_subdag_operator.py
[2021-04-14 13:27:52,834] {scheduler_job.py:639} INFO - DAG(s) dict_keys(['example_subdag_operator.section-1', 'example_subdag_operator.section-2', 'example_subdag_operator']) retrieved from /home/airflow/.local/lib/python3.6/site-packages/airflow/example_dags/example_subdag_operator.py
[2021-04-14 13:27:52,865] {logging_mixin.py:104} INFO - [2021-04-14 13:27:52,865] {dag.py:1818} INFO - Sync 3 DAGs
[2021-04-14 13:27:52,895] {logging_mixin.py:104} INFO - [2021-04-14 13:27:52,894] {dag.py:2273} INFO - Setting next_dagrun for example_subdag_operator to 2021-04-12 00:00:00+00:00
[2021-04-14 13:27:52,897] {logging_mixin.py:104} INFO - [2021-04-14 13:27:52,897] {dag.py:2273} INFO - Setting next_dagrun for example_subdag_operator.section-1 to None
[2021-04-14 13:27:52,898] {logging_mixin.py:104} INFO - [2021-04-14 13:27:52,898] {dag.py:2273} INFO - Setting next_dagrun for example_subdag_operator.section-2 to None
[2021-04-14 13:27:52,916] {logging_mixin.py:104} INFO - [2021-04-14 13:27:52,916] {dag.py:1818} INFO - Sync 2 DAGs
[2021-04-14 13:27:52,933] {logging_mixin.py:104} INFO - [2021-04-14 13:27:52,933] {dag.py:2273} INFO - Setting next_dagrun for example_subdag_operator.section-1 to None
[2021-04-14 13:27:52,934] {logging_mixin.py:104} INFO - [2021-04-14 13:27:52,934] {dag.py:2273} INFO - Setting next_dagrun for example_subdag_operator.section-2 to None
[2021-04-14 13:27:52,944] {scheduler_job.py:190} INFO - Processing /home/airflow/.local/lib/python3.6/site-packages/airflow/example_dags/example_subdag_operator.py took 0.187 seconds
[2021-04-14 13:28:28,056] {scheduler_job.py:182} INFO - Started process (PID=105) to work on /home/airflow/.local/lib/python3.6/site-packages/airflow/example_dags/example_subdag_operator.py
[2021-04-14 13:28:28,085] {scheduler_job.py:629} INFO - Processing file /home/airflow/.local/lib/python3.6/site-packages/airflow/example_dags/example_subdag_operator.py for tasks to queue
[2021-04-14 13:28:28,100] {logging_mixin.py:104} INFO - [2021-04-14 13:28:28,100] {dagbag.py:448} INFO - Filling up the DagBag from /home/airflow/.local/lib/python3.6/site-packages/airflow/example_dags/example_subdag_operator.py
[2021-04-14 13:28:28,548] {scheduler_job.py:639} INFO - DAG(s) dict_keys(['example_subdag_operator.section-1', 'example_subdag_operator.section-2', 'example_subdag_operator']) retrieved from /home/airflow/.local/lib/python3.6/site-packages/airflow/example_dags/example_subdag_operator.py
[2021-04-14 13:28:28,646] {logging_mixin.py:104} INFO - [2021-04-14 13:28:28,645] {dag.py:1818} INFO - Sync 3 DAGs
[2021-04-14 13:28:28,736] {logging_mixin.py:104} INFO - [2021-04-14 13:28:28,736] {dag.py:2273} INFO - Setting next_dagrun for example_subdag_operator to 2021-04-12 00:00:00+00:00
[2021-04-14 13:28:28,743] {logging_mixin.py:104} INFO - [2021-04-14 13:28:28,741] {dag.py:2273} INFO - Setting next_dagrun for example_subdag_operator.section-1 to None
[2021-04-14 13:28:28,748] {logging_mixin.py:104} INFO - [2021-04-14 13:28:28,747] {dag.py:2273} INFO - Setting next_dagrun for example_subdag_operator.section-2 to None
[2021-04-14 13:28:28,885] {logging_mixin.py:104} INFO - [2021-04-14 13:28:28,884] {dag.py:1818} INFO - Sync 2 DAGs
[2021-04-14 13:28:28,983] {logging_mixin.py:104} INFO - [2021-04-14 13:28:28,983] {dag.py:2273} INFO - Setting next_dagrun for example_subdag_operator.section-1 to None
[2021-04-14 13:28:28,987] {logging_mixin.py:104} INFO - [2021-04-14 13:28:28,987] {dag.py:2273} INFO - Setting next_dagrun for example_subdag_operator.section-2 to None
[2021-04-14 13:28:29,074] {scheduler_job.py:190} INFO - Processing /home/airflow/.local/lib/python3.6/site-packages/airflow/example_dags/example_subdag_operator.py took 1.033 seconds
[2021-04-14 13:29:00,016] {scheduler_job.py:182} INFO - Started process (PID=136) to work on /home/airflow/.local/lib/python3.6/site-packages/airflow/example_dags/example_subdag_operator.py
[2021-04-14 13:29:00,017] {scheduler_job.py:629} INFO - Processing file /home/airflow/.local/lib/python3.6/site-packages/airflow/example_dags/example_subdag_operator.py for tasks to queue
[2021-04-14 13:29:00,018] {logging_mixin.py:104} INFO - [2021-04-14 13:29:00,018] {dagbag.py:448} INFO - Filling up the DagBag from /home/airflow/.local/lib/python3.6/site-packages/airflow/example_dags/example_subdag_operator.py
[2021-04-14 13:29:00,047] {scheduler_job.py:639} INFO - DAG(s) dict_keys(['example_subdag_operator.section-1', 'example_subdag_operator.section-2', 'example_subdag_operator']) retrieved from /home/airflow/.local/lib/python3.6/site-packages/airflow/example_dags/example_subdag_operator.py
[2021-04-14 13:29:00,058] {logging_mixin.py:104} INFO - [2021-04-14 13:29:00,058] {dag.py:1818} INFO - Sync 3 DAGs
[2021-04-14 13:29:00,074] {logging_mixin.py:104} INFO - [2021-04-14 13:29:00,074] {dag.py:2273} INFO - Setting next_dagrun for example_subdag_operator to 2021-04-12 00:00:00+00:00
[2021-04-14 13:29:00,075] {logging_mixin.py:104} INFO - [2021-04-14 13:29:00,075] {dag.py:2273} INFO - Setting next_dagrun for example_subdag_operator.section-1 to None
[2021-04-14 13:29:00,076] {logging_mixin.py:104} INFO - [2021-04-14 13:29:00,076] {dag.py:2273} INFO - Setting next_dagrun for example_subdag_operator.section-2 to None
[2021-04-14 13:29:00,083] {logging_mixin.py:104} INFO - [2021-04-14 13:29:00,083] {dag.py:1818} INFO - Sync 2 DAGs
[2021-04-14 13:29:00,091] {logging_mixin.py:104} INFO - [2021-04-14 13:29:00,091] {dag.py:2273} INFO - Setting next_dagrun for example_subdag_operator.section-1 to None
[2021-04-14 13:29:00,092] {logging_mixin.py:104} INFO - [2021-04-14 13:29:00,092] {dag.py:2273} INFO - Setting next_dagrun for example_subdag_operator.section-2 to None
[2021-04-14 13:29:00,099] {scheduler_job.py:190} INFO - Processing /home/airflow/.local/lib/python3.6/site-packages/airflow/example_dags/example_subdag_operator.py took 0.085 seconds
[2021-04-14 13:29:30,219] {scheduler_job.py:182} INFO - Started process (PID=162) to work on /home/airflow/.local/lib/python3.6/site-packages/airflow/example_dags/example_subdag_operator.py
[2021-04-14 13:29:30,221] {scheduler_job.py:629} INFO - Processing file /home/airflow/.local/lib/python3.6/site-packages/airflow/example_dags/example_subdag_operator.py for tasks to queue
[2021-04-14 13:29:30,222] {logging_mixin.py:104} INFO - [2021-04-14 13:29:30,222] {dagbag.py:448} INFO - Filling up the DagBag from /home/airflow/.local/lib/python3.6/site-packages/airflow/example_dags/example_subdag_operator.py
[2021-04-14 13:29:30,261] {scheduler_job.py:639} INFO - DAG(s) dict_keys(['example_subdag_operator.section-1', 'example_subdag_operator.section-2', 'example_subdag_operator']) retrieved from /home/airflow/.local/lib/python3.6/site-packages/airflow/example_dags/example_subdag_operator.py
[2021-04-14 13:29:30,275] {logging_mixin.py:104} INFO - [2021-04-14 13:29:30,275] {dag.py:1818} INFO - Sync 3 DAGs
[2021-04-14 13:29:30,296] {logging_mixin.py:104} INFO - [2021-04-14 13:29:30,296] {dag.py:2273} INFO - Setting next_dagrun for example_subdag_operator to 2021-04-12 00:00:00+00:00
[2021-04-14 13:29:30,298] {logging_mixin.py:104} INFO - [2021-04-14 13:29:30,298] {dag.py:2273} INFO - Setting next_dagrun for example_subdag_operator.section-1 to None
[2021-04-14 13:29:30,299] {logging_mixin.py:104} INFO - [2021-04-14 13:29:30,298] {dag.py:2273} INFO - Setting next_dagrun for example_subdag_operator.section-2 to None
[2021-04-14 13:29:30,306] {logging_mixin.py:104} INFO - [2021-04-14 13:29:30,306] {dag.py:1818} INFO - Sync 2 DAGs
[2021-04-14 13:29:30,315] {logging_mixin.py:104} INFO - [2021-04-14 13:29:30,315] {dag.py:2273} INFO - Setting next_dagrun for example_subdag_operator.section-1 to None
[2021-04-14 13:29:30,316] {logging_mixin.py:104} INFO - [2021-04-14 13:29:30,316] {dag.py:2273} INFO - Setting next_dagrun for example_subdag_operator.section-2 to None
[2021-04-14 13:29:30,323] {scheduler_job.py:190} INFO - Processing /home/airflow/.local/lib/python3.6/site-packages/airflow/example_dags/example_subdag_operator.py took 0.107 seconds
[2021-04-14 13:30:00,364] {scheduler_job.py:182} INFO - Started process (PID=188) to work on /home/airflow/.local/lib/python3.6/site-packages/airflow/example_dags/example_subdag_operator.py
[2021-04-14 13:30:00,366] {scheduler_job.py:629} INFO - Processing file /home/airflow/.local/lib/python3.6/site-packages/airflow/example_dags/example_subdag_operator.py for tasks to queue
[2021-04-14 13:30:00,367] {logging_mixin.py:104} INFO - [2021-04-14 13:30:00,367] {dagbag.py:448} INFO - Filling up the DagBag from /home/airflow/.local/lib/python3.6/site-packages/airflow/example_dags/example_subdag_operator.py
[2021-04-14 13:30:00,400] {scheduler_job.py:639} INFO - DAG(s) dict_keys(['example_subdag_operator.section-1', 'example_subdag_operator.section-2', 'example_subdag_operator']) retrieved from /home/airflow/.local/lib/python3.6/site-packages/airflow/example_dags/example_subdag_operator.py
[2021-04-14 13:30:00,412] {logging_mixin.py:104} INFO - [2021-04-14 13:30:00,412] {dag.py:1818} INFO - Sync 3 DAGs
[2021-04-14 13:30:00,430] {logging_mixin.py:104} INFO - [2021-04-14 13:30:00,430] {dag.py:2273} INFO - Setting next_dagrun for example_subdag_operator to 2021-04-12 00:00:00+00:00
[2021-04-14 13:30:00,431] {logging_mixin.py:104} INFO - [2021-04-14 13:30:00,431] {dag.py:2273} INFO - Setting next_dagrun for example_subdag_operator.section-1 to None
[2021-04-14 13:30:00,432] {logging_mixin.py:104} INFO - [2021-04-14 13:30:00,432] {dag.py:2273} INFO - Setting next_dagrun for example_subdag_operator.section-2 to None
[2021-04-14 13:30:00,439] {logging_mixin.py:104} INFO - [2021-04-14 13:30:00,439] {dag.py:1818} INFO - Sync 2 DAGs
[2021-04-14 13:30:00,448] {logging_mixin.py:104} INFO - [2021-04-14 13:30:00,448] {dag.py:2273} INFO - Setting next_dagrun for example_subdag_operator.section-1 to None
[2021-04-14 13:30:00,448] {logging_mixin.py:104} INFO - [2021-04-14 13:30:00,448] {dag.py:2273} INFO - Setting next_dagrun for example_subdag_operator.section-2 to None
[2021-04-14 13:30:00,456] {scheduler_job.py:190} INFO - Processing /home/airflow/.local/lib/python3.6/site-packages/airflow/example_dags/example_subdag_operator.py took 0.096 seconds
[2021-04-14 13:30:30,495] {scheduler_job.py:182} INFO - Started process (PID=214) to work on /home/airflow/.local/lib/python3.6/site-packages/airflow/example_dags/example_subdag_operator.py
[2021-04-14 13:30:30,497] {scheduler_job.py:629} INFO - Processing file /home/airflow/.local/lib/python3.6/site-packages/airflow/example_dags/example_subdag_operator.py for tasks to queue
[2021-04-14 13:30:30,498] {logging_mixin.py:104} INFO - [2021-04-14 13:30:30,498] {dagbag.py:448} INFO - Filling up the DagBag from /home/airflow/.local/lib/python3.6/site-packages/airflow/example_dags/example_subdag_operator.py
[2021-04-14 13:30:30,525] {scheduler_job.py:639} INFO - DAG(s) dict_keys(['example_subdag_operator.section-1', 'example_subdag_operator.section-2', 'example_subdag_operator']) retrieved from /home/airflow/.local/lib/python3.6/site-packages/airflow/example_dags/example_subdag_operator.py
[2021-04-14 13:30:30,536] {logging_mixin.py:104} INFO - [2021-04-14 13:30:30,536] {dag.py:1818} INFO - Sync 3 DAGs
[2021-04-14 13:30:30,552] {logging_mixin.py:104} INFO - [2021-04-14 13:30:30,552] {dag.py:2273} INFO - Setting next_dagrun for example_subdag_operator to 2021-04-12 00:00:00+00:00
[2021-04-14 13:30:30,553] {logging_mixin.py:104} INFO - [2021-04-14 13:30:30,553] {dag.py:2273} INFO - Setting next_dagrun for example_subdag_operator.section-1 to None
[2021-04-14 13:30:30,554] {logging_mixin.py:104} INFO - [2021-04-14 13:30:30,554] {dag.py:2273} INFO - Setting next_dagrun for example_subdag_operator.section-2 to None
[2021-04-14 13:30:30,561] {logging_mixin.py:104} INFO - [2021-04-14 13:30:30,561] {dag.py:1818} INFO - Sync 2 DAGs
[2021-04-14 13:30:30,570] {logging_mixin.py:104} INFO - [2021-04-14 13:30:30,570] {dag.py:2273} INFO - Setting next_dagrun for example_subdag_operator.section-1 to None
[2021-04-14 13:30:30,570] {logging_mixin.py:104} INFO - [2021-04-14 13:30:30,570] {dag.py:2273} INFO - Setting next_dagrun for example_subdag_operator.section-2 to None
[2021-04-14 13:30:30,577] {scheduler_job.py:190} INFO - Processing /home/airflow/.local/lib/python3.6/site-packages/airflow/example_dags/example_subdag_operator.py took 0.085 seconds
[2021-04-14 13:31:00,931] {scheduler_job.py:182} INFO - Started process (PID=240) to work on /home/airflow/.local/lib/python3.6/site-packages/airflow/example_dags/example_subdag_operator.py
[2021-04-14 13:31:00,933] {scheduler_job.py:629} INFO - Processing file /home/airflow/.local/lib/python3.6/site-packages/airflow/example_dags/example_subdag_operator.py for tasks to queue
[2021-04-14 13:31:00,934] {logging_mixin.py:104} INFO - [2021-04-14 13:31:00,934] {dagbag.py:448} INFO - Filling up the DagBag from /home/airflow/.local/lib/python3.6/site-packages/airflow/example_dags/example_subdag_operator.py
[2021-04-14 13:31:00,980] {scheduler_job.py:639} INFO - DAG(s) dict_keys(['example_subdag_operator.section-1', 'example_subdag_operator.section-2', 'example_subdag_operator']) retrieved from /home/airflow/.local/lib/python3.6/site-packages/airflow/example_dags/example_subdag_operator.py
[2021-04-14 13:31:00,998] {logging_mixin.py:104} INFO - [2021-04-14 13:31:00,998] {dag.py:1818} INFO - Sync 3 DAGs
[2021-04-14 13:31:01,026] {logging_mixin.py:104} INFO - [2021-04-14 13:31:01,026] {dag.py:2273} INFO - Setting next_dagrun for example_subdag_operator to 2021-04-12 00:00:00+00:00
[2021-04-14 13:31:01,028] {logging_mixin.py:104} INFO - [2021-04-14 13:31:01,028] {dag.py:2273} INFO - Setting next_dagrun for example_subdag_operator.section-1 to None
[2021-04-14 13:31:01,029] {logging_mixin.py:104} INFO - [2021-04-14 13:31:01,028] {dag.py:2273} INFO - Setting next_dagrun for example_subdag_operator.section-2 to None
[2021-04-14 13:31:01,041] {logging_mixin.py:104} INFO - [2021-04-14 13:31:01,041] {dag.py:1818} INFO - Sync 2 DAGs
[2021-04-14 13:31:01,055] {logging_mixin.py:104} INFO - [2021-04-14 13:31:01,055] {dag.py:2273} INFO - Setting next_dagrun for example_subdag_operator.section-1 to None
[2021-04-14 13:31:01,055] {logging_mixin.py:104} INFO - [2021-04-14 13:31:01,055] {dag.py:2273} INFO - Setting next_dagrun for example_subdag_operator.section-2 to None
[2021-04-14 13:31:01,065] {scheduler_job.py:190} INFO - Processing /home/airflow/.local/lib/python3.6/site-packages/airflow/example_dags/example_subdag_operator.py took 0.138 seconds
[2021-04-14 13:31:31,139] {scheduler_job.py:182} INFO - Started process (PID=266) to work on /home/airflow/.local/lib/python3.6/site-packages/airflow/example_dags/example_subdag_operator.py
[2021-04-14 13:31:31,140] {scheduler_job.py:629} INFO - Processing file /home/airflow/.local/lib/python3.6/site-packages/airflow/example_dags/example_subdag_operator.py for tasks to queue
[2021-04-14 13:31:31,141] {logging_mixin.py:104} INFO - [2021-04-14 13:31:31,141] {dagbag.py:448} INFO - Filling up the DagBag from /home/airflow/.local/lib/python3.6/site-packages/airflow/example_dags/example_subdag_operator.py
[2021-04-14 13:31:31,168] {scheduler_job.py:639} INFO - DAG(s) dict_keys(['example_subdag_operator.section-1', 'example_subdag_operator.section-2', 'example_subdag_operator']) retrieved from /home/airflow/.local/lib/python3.6/site-packages/airflow/example_dags/example_subdag_operator.py
[2021-04-14 13:31:31,180] {logging_mixin.py:104} INFO - [2021-04-14 13:31:31,179] {dag.py:1818} INFO - Sync 3 DAGs
[2021-04-14 13:31:31,195] {logging_mixin.py:104} INFO - [2021-04-14 13:31:31,195] {dag.py:2273} INFO - Setting next_dagrun for example_subdag_operator to 2021-04-12 00:00:00+00:00
[2021-04-14 13:31:31,196] {logging_mixin.py:104} INFO - [2021-04-14 13:31:31,196] {dag.py:2273} INFO - Setting next_dagrun for example_subdag_operator.section-1 to None
[2021-04-14 13:31:31,196] {logging_mixin.py:104} INFO - [2021-04-14 13:31:31,196] {dag.py:2273} INFO - Setting next_dagrun for example_subdag_operator.section-2 to None
[2021-04-14 13:31:31,203] {logging_mixin.py:104} INFO - [2021-04-14 13:31:31,203] {dag.py:1818} INFO - Sync 2 DAGs
[2021-04-14 13:31:31,210] {logging_mixin.py:104} INFO - [2021-04-14 13:31:31,210] {dag.py:2273} INFO - Setting next_dagrun for example_subdag_operator.section-1 to None
[2021-04-14 13:31:31,211] {logging_mixin.py:104} INFO - [2021-04-14 13:31:31,211] {dag.py:2273} INFO - Setting next_dagrun for example_subdag_operator.section-2 to None
[2021-04-14 13:31:31,217] {scheduler_job.py:190} INFO - Processing /home/airflow/.local/lib/python3.6/site-packages/airflow/example_dags/example_subdag_operator.py took 0.081 seconds
[2021-04-14 13:32:01,483] {scheduler_job.py:182} INFO - Started process (PID=292) to work on /home/airflow/.local/lib/python3.6/site-packages/airflow/example_dags/example_subdag_operator.py
[2021-04-14 13:32:01,484] {scheduler_job.py:629} INFO - Processing file /home/airflow/.local/lib/python3.6/site-packages/airflow/example_dags/example_subdag_operator.py for tasks to queue
[2021-04-14 13:32:01,485] {logging_mixin.py:104} INFO - [2021-04-14 13:32:01,485] {dagbag.py:448} INFO - Filling up the DagBag from /home/airflow/.local/lib/python3.6/site-packages/airflow/example_dags/example_subdag_operator.py
[2021-04-14 13:32:01,521] {scheduler_job.py:639} INFO - DAG(s) dict_keys(['example_subdag_operator.section-1', 'example_subdag_operator.section-2', 'example_subdag_operator']) retrieved from /home/airflow/.local/lib/python3.6/site-packages/airflow/example_dags/example_subdag_operator.py
[2021-04-14 13:32:01,538] {logging_mixin.py:104} INFO - [2021-04-14 13:32:01,537] {dag.py:1818} INFO - Sync 3 DAGs
[2021-04-14 13:32:01,562] {logging_mixin.py:104} INFO - [2021-04-14 13:32:01,561] {dag.py:2273} INFO - Setting next_dagrun for example_subdag_operator to 2021-04-12 00:00:00+00:00
[2021-04-14 13:32:01,563] {logging_mixin.py:104} INFO - [2021-04-14 13:32:01,563] {dag.py:2273} INFO - Setting next_dagrun for example_subdag_operator.section-1 to None
[2021-04-14 13:32:01,564] {logging_mixin.py:104} INFO - [2021-04-14 13:32:01,564] {dag.py:2273} INFO - Setting next_dagrun for example_subdag_operator.section-2 to None
[2021-04-14 13:32:01,579] {logging_mixin.py:104} INFO - [2021-04-14 13:32:01,579] {dag.py:1818} INFO - Sync 2 DAGs
[2021-04-14 13:32:01,589] {logging_mixin.py:104} INFO - [2021-04-14 13:32:01,589] {dag.py:2273} INFO - Setting next_dagrun for example_subdag_operator.section-1 to None
[2021-04-14 13:32:01,590] {logging_mixin.py:104} INFO - [2021-04-14 13:32:01,590] {dag.py:2273} INFO - Setting next_dagrun for example_subdag_operator.section-2 to None
[2021-04-14 13:32:01,601] {scheduler_job.py:190} INFO - Processing /home/airflow/.local/lib/python3.6/site-packages/airflow/example_dags/example_subdag_operator.py took 0.121 seconds
[2021-04-14 13:32:31,739] {scheduler_job.py:182} INFO - Started process (PID=318) to work on /home/airflow/.local/lib/python3.6/site-packages/airflow/example_dags/example_subdag_operator.py
[2021-04-14 13:32:31,741] {scheduler_job.py:629} INFO - Processing file /home/airflow/.local/lib/python3.6/site-packages/airflow/example_dags/example_subdag_operator.py for tasks to queue
[2021-04-14 13:32:31,742] {logging_mixin.py:104} INFO - [2021-04-14 13:32:31,742] {dagbag.py:448} INFO - Filling up the DagBag from /home/airflow/.local/lib/python3.6/site-packages/airflow/example_dags/example_subdag_operator.py
[2021-04-14 13:32:31,770] {scheduler_job.py:639} INFO - DAG(s) dict_keys(['example_subdag_operator.section-1', 'example_subdag_operator.section-2', 'example_subdag_operator']) retrieved from /home/airflow/.local/lib/python3.6/site-packages/airflow/example_dags/example_subdag_operator.py
[2021-04-14 13:32:31,782] {logging_mixin.py:104} INFO - [2021-04-14 13:32:31,781] {dag.py:1818} INFO - Sync 3 DAGs
[2021-04-14 13:32:31,797] {logging_mixin.py:104} INFO - [2021-04-14 13:32:31,797] {dag.py:2273} INFO - Setting next_dagrun for example_subdag_operator to 2021-04-12 00:00:00+00:00
[2021-04-14 13:32:31,798] {logging_mixin.py:104} INFO - [2021-04-14 13:32:31,798] {dag.py:2273} INFO - Setting next_dagrun for example_subdag_operator.section-1 to None
[2021-04-14 13:32:31,799] {logging_mixin.py:104} INFO - [2021-04-14 13:32:31,799] {dag.py:2273} INFO - Setting next_dagrun for example_subdag_operator.section-2 to None
[2021-04-14 13:32:31,807] {logging_mixin.py:104} INFO - [2021-04-14 13:32:31,807] {dag.py:1818} INFO - Sync 2 DAGs
[2021-04-14 13:32:31,815] {logging_mixin.py:104} INFO - [2021-04-14 13:32:31,815] {dag.py:2273} INFO - Setting next_dagrun for example_subdag_operator.section-1 to None
[2021-04-14 13:32:31,815] {logging_mixin.py:104} INFO - [2021-04-14 13:32:31,815] {dag.py:2273} INFO - Setting next_dagrun for example_subdag_operator.section-2 to None
[2021-04-14 13:32:31,822] {scheduler_job.py:190} INFO - Processing /home/airflow/.local/lib/python3.6/site-packages/airflow/example_dags/example_subdag_operator.py took 0.086 seconds
[2021-04-14 13:33:01,897] {scheduler_job.py:182} INFO - Started process (PID=344) to work on /home/airflow/.local/lib/python3.6/site-packages/airflow/example_dags/example_subdag_operator.py
[2021-04-14 13:33:01,899] {scheduler_job.py:629} INFO - Processing file /home/airflow/.local/lib/python3.6/site-packages/airflow/example_dags/example_subdag_operator.py for tasks to queue
[2021-04-14 13:33:01,900] {logging_mixin.py:104} INFO - [2021-04-14 13:33:01,899] {dagbag.py:448} INFO - Filling up the DagBag from /home/airflow/.local/lib/python3.6/site-packages/airflow/example_dags/example_subdag_operator.py
[2021-04-14 13:33:01,932] {scheduler_job.py:639} INFO - DAG(s) dict_keys(['example_subdag_operator.section-1', 'example_subdag_operator.section-2', 'example_subdag_operator']) retrieved from /home/airflow/.local/lib/python3.6/site-packages/airflow/example_dags/example_subdag_operator.py
[2021-04-14 13:33:01,944] {logging_mixin.py:104} INFO - [2021-04-14 13:33:01,944] {dag.py:1818} INFO - Sync 3 DAGs
[2021-04-14 13:33:01,961] {logging_mixin.py:104} INFO - [2021-04-14 13:33:01,960] {dag.py:2273} INFO - Setting next_dagrun for example_subdag_operator to 2021-04-12 00:00:00+00:00
[2021-04-14 13:33:01,962] {logging_mixin.py:104} INFO - [2021-04-14 13:33:01,962] {dag.py:2273} INFO - Setting next_dagrun for example_subdag_operator.section-1 to None
[2021-04-14 13:33:01,962] {logging_mixin.py:104} INFO - [2021-04-14 13:33:01,962] {dag.py:2273} INFO - Setting next_dagrun for example_subdag_operator.section-2 to None
[2021-04-14 13:33:01,972] {logging_mixin.py:104} INFO - [2021-04-14 13:33:01,972] {dag.py:1818} INFO - Sync 2 DAGs
[2021-04-14 13:33:01,979] {logging_mixin.py:104} INFO - [2021-04-14 13:33:01,979] {dag.py:2273} INFO - Setting next_dagrun for example_subdag_operator.section-1 to None
[2021-04-14 13:33:01,980] {logging_mixin.py:104} INFO - [2021-04-14 13:33:01,980] {dag.py:2273} INFO - Setting next_dagrun for example_subdag_operator.section-2 to None
[2021-04-14 13:33:01,986] {scheduler_job.py:190} INFO - Processing /home/airflow/.local/lib/python3.6/site-packages/airflow/example_dags/example_subdag_operator.py took 0.092 seconds
[2021-04-14 13:33:32,084] {scheduler_job.py:182} INFO - Started process (PID=370) to work on /home/airflow/.local/lib/python3.6/site-packages/airflow/example_dags/example_subdag_operator.py
[2021-04-14 13:33:32,085] {scheduler_job.py:629} INFO - Processing file /home/airflow/.local/lib/python3.6/site-packages/airflow/example_dags/example_subdag_operator.py for tasks to queue
[2021-04-14 13:33:32,086] {logging_mixin.py:104} INFO - [2021-04-14 13:33:32,086] {dagbag.py:448} INFO - Filling up the DagBag from /home/airflow/.local/lib/python3.6/site-packages/airflow/example_dags/example_subdag_operator.py
[2021-04-14 13:33:32,116] {scheduler_job.py:639} INFO - DAG(s) dict_keys(['example_subdag_operator.section-1', 'example_subdag_operator.section-2', 'example_subdag_operator']) retrieved from /home/airflow/.local/lib/python3.6/site-packages/airflow/example_dags/example_subdag_operator.py
[2021-04-14 13:33:32,130] {logging_mixin.py:104} INFO - [2021-04-14 13:33:32,129] {dag.py:1818} INFO - Sync 3 DAGs
[2021-04-14 13:33:32,149] {logging_mixin.py:104} INFO - [2021-04-14 13:33:32,149] {dag.py:2273} INFO - Setting next_dagrun for example_subdag_operator to 2021-04-12 00:00:00+00:00
[2021-04-14 13:33:32,151] {logging_mixin.py:104} INFO - [2021-04-14 13:33:32,151] {dag.py:2273} INFO - Setting next_dagrun for example_subdag_operator.section-1 to None
[2021-04-14 13:33:32,152] {logging_mixin.py:104} INFO - [2021-04-14 13:33:32,152] {dag.py:2273} INFO - Setting next_dagrun for example_subdag_operator.section-2 to None
[2021-04-14 13:33:32,162] {logging_mixin.py:104} INFO - [2021-04-14 13:33:32,162] {dag.py:1818} INFO - Sync 2 DAGs
[2021-04-14 13:33:32,171] {logging_mixin.py:104} INFO - [2021-04-14 13:33:32,171] {dag.py:2273} INFO - Setting next_dagrun for example_subdag_operator.section-1 to None
[2021-04-14 13:33:32,171] {logging_mixin.py:104} INFO - [2021-04-14 13:33:32,171] {dag.py:2273} INFO - Setting next_dagrun for example_subdag_operator.section-2 to None
[2021-04-14 13:33:32,179] {scheduler_job.py:190} INFO - Processing /home/airflow/.local/lib/python3.6/site-packages/airflow/example_dags/example_subdag_operator.py took 0.099 seconds
[2021-04-14 13:34:02,353] {scheduler_job.py:182} INFO - Started process (PID=396) to work on /home/airflow/.local/lib/python3.6/site-packages/airflow/example_dags/example_subdag_operator.py
[2021-04-14 13:34:02,354] {scheduler_job.py:629} INFO - Processing file /home/airflow/.local/lib/python3.6/site-packages/airflow/example_dags/example_subdag_operator.py for tasks to queue
[2021-04-14 13:34:02,355] {logging_mixin.py:104} INFO - [2021-04-14 13:34:02,355] {dagbag.py:448} INFO - Filling up the DagBag from /home/airflow/.local/lib/python3.6/site-packages/airflow/example_dags/example_subdag_operator.py
[2021-04-14 13:34:02,391] {scheduler_job.py:639} INFO - DAG(s) dict_keys(['example_subdag_operator.section-1', 'example_subdag_operator.section-2', 'example_subdag_operator']) retrieved from /home/airflow/.local/lib/python3.6/site-packages/airflow/example_dags/example_subdag_operator.py
[2021-04-14 13:34:02,404] {logging_mixin.py:104} INFO - [2021-04-14 13:34:02,404] {dag.py:1818} INFO - Sync 3 DAGs
[2021-04-14 13:34:02,421] {logging_mixin.py:104} INFO - [2021-04-14 13:34:02,421] {dag.py:2273} INFO - Setting next_dagrun for example_subdag_operator to 2021-04-12 00:00:00+00:00
[2021-04-14 13:34:02,423] {logging_mixin.py:104} INFO - [2021-04-14 13:34:02,423] {dag.py:2273} INFO - Setting next_dagrun for example_subdag_operator.section-1 to None
[2021-04-14 13:34:02,423] {logging_mixin.py:104} INFO - [2021-04-14 13:34:02,423] {dag.py:2273} INFO - Setting next_dagrun for example_subdag_operator.section-2 to None
[2021-04-14 13:34:02,433] {logging_mixin.py:104} INFO - [2021-04-14 13:34:02,433] {dag.py:1818} INFO - Sync 2 DAGs
[2021-04-14 13:34:02,442] {logging_mixin.py:104} INFO - [2021-04-14 13:34:02,442] {dag.py:2273} INFO - Setting next_dagrun for example_subdag_operator.section-1 to None
[2021-04-14 13:34:02,442] {logging_mixin.py:104} INFO - [2021-04-14 13:34:02,442] {dag.py:2273} INFO - Setting next_dagrun for example_subdag_operator.section-2 to None
[2021-04-14 13:34:02,450] {scheduler_job.py:190} INFO - Processing /home/airflow/.local/lib/python3.6/site-packages/airflow/example_dags/example_subdag_operator.py took 0.101 seconds
[2021-04-14 13:34:32,693] {scheduler_job.py:182} INFO - Started process (PID=422) to work on /home/airflow/.local/lib/python3.6/site-packages/airflow/example_dags/example_subdag_operator.py
[2021-04-14 13:34:32,695] {scheduler_job.py:629} INFO - Processing file /home/airflow/.local/lib/python3.6/site-packages/airflow/example_dags/example_subdag_operator.py for tasks to queue
[2021-04-14 13:34:32,696] {logging_mixin.py:104} INFO - [2021-04-14 13:34:32,696] {dagbag.py:448} INFO - Filling up the DagBag from /home/airflow/.local/lib/python3.6/site-packages/airflow/example_dags/example_subdag_operator.py
[2021-04-14 13:34:32,725] {scheduler_job.py:639} INFO - DAG(s) dict_keys(['example_subdag_operator.section-1', 'example_subdag_operator.section-2', 'example_subdag_operator']) retrieved from /home/airflow/.local/lib/python3.6/site-packages/airflow/example_dags/example_subdag_operator.py
[2021-04-14 13:34:32,737] {logging_mixin.py:104} INFO - [2021-04-14 13:34:32,736] {dag.py:1818} INFO - Sync 3 DAGs
[2021-04-14 13:34:32,755] {logging_mixin.py:104} INFO - [2021-04-14 13:34:32,754] {dag.py:2273} INFO - Setting next_dagrun for example_subdag_operator to 2021-04-12 00:00:00+00:00
[2021-04-14 13:34:32,756] {logging_mixin.py:104} INFO - [2021-04-14 13:34:32,756] {dag.py:2273} INFO - Setting next_dagrun for example_subdag_operator.section-1 to None
[2021-04-14 13:34:32,756] {logging_mixin.py:104} INFO - [2021-04-14 13:34:32,756] {dag.py:2273} INFO - Setting next_dagrun for example_subdag_operator.section-2 to None
[2021-04-14 13:34:32,765] {logging_mixin.py:104} INFO - [2021-04-14 13:34:32,765] {dag.py:1818} INFO - Sync 2 DAGs
[2021-04-14 13:34:32,774] {logging_mixin.py:104} INFO - [2021-04-14 13:34:32,773] {dag.py:2273} INFO - Setting next_dagrun for example_subdag_operator.section-1 to None
[2021-04-14 13:34:32,774] {logging_mixin.py:104} INFO - [2021-04-14 13:34:32,774] {dag.py:2273} INFO - Setting next_dagrun for example_subdag_operator.section-2 to None
[2021-04-14 13:34:32,781] {scheduler_job.py:190} INFO - Processing /home/airflow/.local/lib/python3.6/site-packages/airflow/example_dags/example_subdag_operator.py took 0.092 seconds
[2021-04-14 13:35:03,061] {scheduler_job.py:182} INFO - Started process (PID=448) to work on /home/airflow/.local/lib/python3.6/site-packages/airflow/example_dags/example_subdag_operator.py
[2021-04-14 13:35:03,064] {scheduler_job.py:629} INFO - Processing file /home/airflow/.local/lib/python3.6/site-packages/airflow/example_dags/example_subdag_operator.py for tasks to queue
[2021-04-14 13:35:03,065] {logging_mixin.py:104} INFO - [2021-04-14 13:35:03,064] {dagbag.py:448} INFO - Filling up the DagBag from /home/airflow/.local/lib/python3.6/site-packages/airflow/example_dags/example_subdag_operator.py
[2021-04-14 13:35:03,096] {scheduler_job.py:639} INFO - DAG(s) dict_keys(['example_subdag_operator.section-1', 'example_subdag_operator.section-2', 'example_subdag_operator']) retrieved from /home/airflow/.local/lib/python3.6/site-packages/airflow/example_dags/example_subdag_operator.py
[2021-04-14 13:35:03,108] {logging_mixin.py:104} INFO - [2021-04-14 13:35:03,108] {dag.py:1818} INFO - Sync 3 DAGs
[2021-04-14 13:35:03,128] {logging_mixin.py:104} INFO - [2021-04-14 13:35:03,128] {dag.py:2273} INFO - Setting next_dagrun for example_subdag_operator to 2021-04-12 00:00:00+00:00
[2021-04-14 13:35:03,129] {logging_mixin.py:104} INFO - [2021-04-14 13:35:03,129] {dag.py:2273} INFO - Setting next_dagrun for example_subdag_operator.section-1 to None
[2021-04-14 13:35:03,129] {logging_mixin.py:104} INFO - [2021-04-14 13:35:03,129] {dag.py:2273} INFO - Setting next_dagrun for example_subdag_operator.section-2 to None
[2021-04-14 13:35:03,137] {logging_mixin.py:104} INFO - [2021-04-14 13:35:03,137] {dag.py:1818} INFO - Sync 2 DAGs
[2021-04-14 13:35:03,146] {logging_mixin.py:104} INFO - [2021-04-14 13:35:03,146] {dag.py:2273} INFO - Setting next_dagrun for example_subdag_operator.section-1 to None
[2021-04-14 13:35:03,147] {logging_mixin.py:104} INFO - [2021-04-14 13:35:03,147] {dag.py:2273} INFO - Setting next_dagrun for example_subdag_operator.section-2 to None
[2021-04-14 13:35:03,154] {scheduler_job.py:190} INFO - Processing /home/airflow/.local/lib/python3.6/site-packages/airflow/example_dags/example_subdag_operator.py took 0.096 seconds
[2021-04-14 13:35:33,387] {scheduler_job.py:182} INFO - Started process (PID=474) to work on /home/airflow/.local/lib/python3.6/site-packages/airflow/example_dags/example_subdag_operator.py
[2021-04-14 13:35:33,389] {scheduler_job.py:629} INFO - Processing file /home/airflow/.local/lib/python3.6/site-packages/airflow/example_dags/example_subdag_operator.py for tasks to queue
[2021-04-14 13:35:33,390] {logging_mixin.py:104} INFO - [2021-04-14 13:35:33,390] {dagbag.py:448} INFO - Filling up the DagBag from /home/airflow/.local/lib/python3.6/site-packages/airflow/example_dags/example_subdag_operator.py
[2021-04-14 13:35:33,419] {scheduler_job.py:639} INFO - DAG(s) dict_keys(['example_subdag_operator.section-1', 'example_subdag_operator.section-2', 'example_subdag_operator']) retrieved from /home/airflow/.local/lib/python3.6/site-packages/airflow/example_dags/example_subdag_operator.py
[2021-04-14 13:35:33,430] {logging_mixin.py:104} INFO - [2021-04-14 13:35:33,430] {dag.py:1818} INFO - Sync 3 DAGs
[2021-04-14 13:35:33,448] {logging_mixin.py:104} INFO - [2021-04-14 13:35:33,448] {dag.py:2273} INFO - Setting next_dagrun for example_subdag_operator to 2021-04-12 00:00:00+00:00
[2021-04-14 13:35:33,449] {logging_mixin.py:104} INFO - [2021-04-14 13:35:33,449] {dag.py:2273} INFO - Setting next_dagrun for example_subdag_operator.section-1 to None
[2021-04-14 13:35:33,450] {logging_mixin.py:104} INFO - [2021-04-14 13:35:33,450] {dag.py:2273} INFO - Setting next_dagrun for example_subdag_operator.section-2 to None
[2021-04-14 13:35:33,457] {logging_mixin.py:104} INFO - [2021-04-14 13:35:33,457] {dag.py:1818} INFO - Sync 2 DAGs
[2021-04-14 13:35:33,465] {logging_mixin.py:104} INFO - [2021-04-14 13:35:33,465] {dag.py:2273} INFO - Setting next_dagrun for example_subdag_operator.section-1 to None
[2021-04-14 13:35:33,466] {logging_mixin.py:104} INFO - [2021-04-14 13:35:33,466] {dag.py:2273} INFO - Setting next_dagrun for example_subdag_operator.section-2 to None
[2021-04-14 13:35:33,473] {scheduler_job.py:190} INFO - Processing /home/airflow/.local/lib/python3.6/site-packages/airflow/example_dags/example_subdag_operator.py took 0.089 seconds
[2021-04-14 13:36:03,640] {scheduler_job.py:182} INFO - Started process (PID=500) to work on /home/airflow/.local/lib/python3.6/site-packages/airflow/example_dags/example_subdag_operator.py
[2021-04-14 13:36:03,642] {scheduler_job.py:629} INFO - Processing file /home/airflow/.local/lib/python3.6/site-packages/airflow/example_dags/example_subdag_operator.py for tasks to queue
[2021-04-14 13:36:03,643] {logging_mixin.py:104} INFO - [2021-04-14 13:36:03,642] {dagbag.py:448} INFO - Filling up the DagBag from /home/airflow/.local/lib/python3.6/site-packages/airflow/example_dags/example_subdag_operator.py
[2021-04-14 13:36:03,677] {scheduler_job.py:639} INFO - DAG(s) dict_keys(['example_subdag_operator.section-1', 'example_subdag_operator.section-2', 'example_subdag_operator']) retrieved from /home/airflow/.local/lib/python3.6/site-packages/airflow/example_dags/example_subdag_operator.py
[2021-04-14 13:36:03,690] {logging_mixin.py:104} INFO - [2021-04-14 13:36:03,690] {dag.py:1818} INFO - Sync 3 DAGs
[2021-04-14 13:36:03,710] {logging_mixin.py:104} INFO - [2021-04-14 13:36:03,710] {dag.py:2273} INFO - Setting next_dagrun for example_subdag_operator to 2021-04-12 00:00:00+00:00
[2021-04-14 13:36:03,711] {logging_mixin.py:104} INFO - [2021-04-14 13:36:03,711] {dag.py:2273} INFO - Setting next_dagrun for example_subdag_operator.section-1 to None
[2021-04-14 13:36:03,712] {logging_mixin.py:104} INFO - [2021-04-14 13:36:03,712] {dag.py:2273} INFO - Setting next_dagrun for example_subdag_operator.section-2 to None
[2021-04-14 13:36:03,721] {logging_mixin.py:104} INFO - [2021-04-14 13:36:03,721] {dag.py:1818} INFO - Sync 2 DAGs
[2021-04-14 13:36:03,729] {logging_mixin.py:104} INFO - [2021-04-14 13:36:03,729] {dag.py:2273} INFO - Setting next_dagrun for example_subdag_operator.section-1 to None
[2021-04-14 13:36:03,730] {logging_mixin.py:104} INFO - [2021-04-14 13:36:03,729] {dag.py:2273} INFO - Setting next_dagrun for example_subdag_operator.section-2 to None
[2021-04-14 13:36:03,737] {scheduler_job.py:190} INFO - Processing /home/airflow/.local/lib/python3.6/site-packages/airflow/example_dags/example_subdag_operator.py took 0.101 seconds
[2021-04-14 13:36:34,021] {scheduler_job.py:182} INFO - Started process (PID=526) to work on /home/airflow/.local/lib/python3.6/site-packages/airflow/example_dags/example_subdag_operator.py
[2021-04-14 13:36:34,022] {scheduler_job.py:629} INFO - Processing file /home/airflow/.local/lib/python3.6/site-packages/airflow/example_dags/example_subdag_operator.py for tasks to queue
[2021-04-14 13:36:34,023] {logging_mixin.py:104} INFO - [2021-04-14 13:36:34,023] {dagbag.py:448} INFO - Filling up the DagBag from /home/airflow/.local/lib/python3.6/site-packages/airflow/example_dags/example_subdag_operator.py
[2021-04-14 13:36:34,054] {scheduler_job.py:639} INFO - DAG(s) dict_keys(['example_subdag_operator.section-1', 'example_subdag_operator.section-2', 'example_subdag_operator']) retrieved from /home/airflow/.local/lib/python3.6/site-packages/airflow/example_dags/example_subdag_operator.py
[2021-04-14 13:36:34,065] {logging_mixin.py:104} INFO - [2021-04-14 13:36:34,065] {dag.py:1818} INFO - Sync 3 DAGs
[2021-04-14 13:36:34,083] {logging_mixin.py:104} INFO - [2021-04-14 13:36:34,083] {dag.py:2273} INFO - Setting next_dagrun for example_subdag_operator to 2021-04-12 00:00:00+00:00
[2021-04-14 13:36:34,085] {logging_mixin.py:104} INFO - [2021-04-14 13:36:34,085] {dag.py:2273} INFO - Setting next_dagrun for example_subdag_operator.section-1 to None
[2021-04-14 13:36:34,086] {logging_mixin.py:104} INFO - [2021-04-14 13:36:34,086] {dag.py:2273} INFO - Setting next_dagrun for example_subdag_operator.section-2 to None
[2021-04-14 13:36:34,094] {logging_mixin.py:104} INFO - [2021-04-14 13:36:34,094] {dag.py:1818} INFO - Sync 2 DAGs
[2021-04-14 13:36:34,103] {logging_mixin.py:104} INFO - [2021-04-14 13:36:34,102] {dag.py:2273} INFO - Setting next_dagrun for example_subdag_operator.section-1 to None
[2021-04-14 13:36:34,103] {logging_mixin.py:104} INFO - [2021-04-14 13:36:34,103] {dag.py:2273} INFO - Setting next_dagrun for example_subdag_operator.section-2 to None
[2021-04-14 13:36:34,110] {scheduler_job.py:190} INFO - Processing /home/airflow/.local/lib/python3.6/site-packages/airflow/example_dags/example_subdag_operator.py took 0.092 seconds
[2021-04-14 13:37:04,523] {scheduler_job.py:182} INFO - Started process (PID=552) to work on /home/airflow/.local/lib/python3.6/site-packages/airflow/example_dags/example_subdag_operator.py
[2021-04-14 13:37:04,524] {scheduler_job.py:629} INFO - Processing file /home/airflow/.local/lib/python3.6/site-packages/airflow/example_dags/example_subdag_operator.py for tasks to queue
[2021-04-14 13:37:04,525] {logging_mixin.py:104} INFO - [2021-04-14 13:37:04,525] {dagbag.py:448} INFO - Filling up the DagBag from /home/airflow/.local/lib/python3.6/site-packages/airflow/example_dags/example_subdag_operator.py
[2021-04-14 13:37:04,559] {scheduler_job.py:639} INFO - DAG(s) dict_keys(['example_subdag_operator.section-1', 'example_subdag_operator.section-2', 'example_subdag_operator']) retrieved from /home/airflow/.local/lib/python3.6/site-packages/airflow/example_dags/example_subdag_operator.py
[2021-04-14 13:37:04,575] {logging_mixin.py:104} INFO - [2021-04-14 13:37:04,575] {dag.py:1818} INFO - Sync 3 DAGs
[2021-04-14 13:37:04,598] {logging_mixin.py:104} INFO - [2021-04-14 13:37:04,598] {dag.py:2273} INFO - Setting next_dagrun for example_subdag_operator to 2021-04-12 00:00:00+00:00
[2021-04-14 13:37:04,599] {logging_mixin.py:104} INFO - [2021-04-14 13:37:04,599] {dag.py:2273} INFO - Setting next_dagrun for example_subdag_operator.section-1 to None
[2021-04-14 13:37:04,600] {logging_mixin.py:104} INFO - [2021-04-14 13:37:04,600] {dag.py:2273} INFO - Setting next_dagrun for example_subdag_operator.section-2 to None
[2021-04-14 13:37:04,611] {logging_mixin.py:104} INFO - [2021-04-14 13:37:04,611] {dag.py:1818} INFO - Sync 2 DAGs
[2021-04-14 13:37:04,627] {logging_mixin.py:104} INFO - [2021-04-14 13:37:04,627] {dag.py:2273} INFO - Setting next_dagrun for example_subdag_operator.section-1 to None
[2021-04-14 13:37:04,628] {logging_mixin.py:104} INFO - [2021-04-14 13:37:04,628] {dag.py:2273} INFO - Setting next_dagrun for example_subdag_operator.section-2 to None
[2021-04-14 13:37:04,636] {scheduler_job.py:190} INFO - Processing /home/airflow/.local/lib/python3.6/site-packages/airflow/example_dags/example_subdag_operator.py took 0.117 seconds
[2021-04-14 13:37:34,747] {scheduler_job.py:182} INFO - Started process (PID=578) to work on /home/airflow/.local/lib/python3.6/site-packages/airflow/example_dags/example_subdag_operator.py
[2021-04-14 13:37:34,748] {scheduler_job.py:629} INFO - Processing file /home/airflow/.local/lib/python3.6/site-packages/airflow/example_dags/example_subdag_operator.py for tasks to queue
[2021-04-14 13:37:34,749] {logging_mixin.py:104} INFO - [2021-04-14 13:37:34,749] {dagbag.py:448} INFO - Filling up the DagBag from /home/airflow/.local/lib/python3.6/site-packages/airflow/example_dags/example_subdag_operator.py
[2021-04-14 13:37:34,778] {scheduler_job.py:639} INFO - DAG(s) dict_keys(['example_subdag_operator.section-1', 'example_subdag_operator.section-2', 'example_subdag_operator']) retrieved from /home/airflow/.local/lib/python3.6/site-packages/airflow/example_dags/example_subdag_operator.py
[2021-04-14 13:37:34,792] {logging_mixin.py:104} INFO - [2021-04-14 13:37:34,791] {dag.py:1818} INFO - Sync 3 DAGs
[2021-04-14 13:37:34,813] {logging_mixin.py:104} INFO - [2021-04-14 13:37:34,813] {dag.py:2273} INFO - Setting next_dagrun for example_subdag_operator to 2021-04-12 00:00:00+00:00
[2021-04-14 13:37:34,814] {logging_mixin.py:104} INFO - [2021-04-14 13:37:34,814] {dag.py:2273} INFO - Setting next_dagrun for example_subdag_operator.section-1 to None
[2021-04-14 13:37:34,815] {logging_mixin.py:104} INFO - [2021-04-14 13:37:34,815] {dag.py:2273} INFO - Setting next_dagrun for example_subdag_operator.section-2 to None
[2021-04-14 13:37:34,824] {logging_mixin.py:104} INFO - [2021-04-14 13:37:34,824] {dag.py:1818} INFO - Sync 2 DAGs
[2021-04-14 13:37:34,836] {logging_mixin.py:104} INFO - [2021-04-14 13:37:34,836] {dag.py:2273} INFO - Setting next_dagrun for example_subdag_operator.section-1 to None
[2021-04-14 13:37:34,836] {logging_mixin.py:104} INFO - [2021-04-14 13:37:34,836] {dag.py:2273} INFO - Setting next_dagrun for example_subdag_operator.section-2 to None
[2021-04-14 13:37:34,844] {scheduler_job.py:190} INFO - Processing /home/airflow/.local/lib/python3.6/site-packages/airflow/example_dags/example_subdag_operator.py took 0.101 seconds
[2021-04-14 13:38:05,202] {scheduler_job.py:182} INFO - Started process (PID=604) to work on /home/airflow/.local/lib/python3.6/site-packages/airflow/example_dags/example_subdag_operator.py
[2021-04-14 13:38:05,205] {scheduler_job.py:629} INFO - Processing file /home/airflow/.local/lib/python3.6/site-packages/airflow/example_dags/example_subdag_operator.py for tasks to queue
[2021-04-14 13:38:05,207] {logging_mixin.py:104} INFO - [2021-04-14 13:38:05,207] {dagbag.py:448} INFO - Filling up the DagBag from /home/airflow/.local/lib/python3.6/site-packages/airflow/example_dags/example_subdag_operator.py
[2021-04-14 13:38:05,263] {scheduler_job.py:639} INFO - DAG(s) dict_keys(['example_subdag_operator.section-1', 'example_subdag_operator.section-2', 'example_subdag_operator']) retrieved from /home/airflow/.local/lib/python3.6/site-packages/airflow/example_dags/example_subdag_operator.py
[2021-04-14 13:38:05,294] {logging_mixin.py:104} INFO - [2021-04-14 13:38:05,294] {dag.py:1818} INFO - Sync 3 DAGs
[2021-04-14 13:38:05,316] {logging_mixin.py:104} INFO - [2021-04-14 13:38:05,316] {dag.py:2273} INFO - Setting next_dagrun for example_subdag_operator to 2021-04-12 00:00:00+00:00
[2021-04-14 13:38:05,318] {logging_mixin.py:104} INFO - [2021-04-14 13:38:05,318] {dag.py:2273} INFO - Setting next_dagrun for example_subdag_operator.section-1 to None
[2021-04-14 13:38:05,318] {logging_mixin.py:104} INFO - [2021-04-14 13:38:05,318] {dag.py:2273} INFO - Setting next_dagrun for example_subdag_operator.section-2 to None
[2021-04-14 13:38:05,328] {logging_mixin.py:104} INFO - [2021-04-14 13:38:05,327] {dag.py:1818} INFO - Sync 2 DAGs
[2021-04-14 13:38:05,338] {logging_mixin.py:104} INFO - [2021-04-14 13:38:05,337] {dag.py:2273} INFO - Setting next_dagrun for example_subdag_operator.section-1 to None
[2021-04-14 13:38:05,338] {logging_mixin.py:104} INFO - [2021-04-14 13:38:05,338] {dag.py:2273} INFO - Setting next_dagrun for example_subdag_operator.section-2 to None
[2021-04-14 13:38:05,347] {scheduler_job.py:190} INFO - Processing /home/airflow/.local/lib/python3.6/site-packages/airflow/example_dags/example_subdag_operator.py took 0.149 seconds
[2021-04-14 13:38:35,575] {scheduler_job.py:182} INFO - Started process (PID=630) to work on /home/airflow/.local/lib/python3.6/site-packages/airflow/example_dags/example_subdag_operator.py
[2021-04-14 13:38:35,576] {scheduler_job.py:629} INFO - Processing file /home/airflow/.local/lib/python3.6/site-packages/airflow/example_dags/example_subdag_operator.py for tasks to queue
[2021-04-14 13:38:35,577] {logging_mixin.py:104} INFO - [2021-04-14 13:38:35,577] {dagbag.py:448} INFO - Filling up the DagBag from /home/airflow/.local/lib/python3.6/site-packages/airflow/example_dags/example_subdag_operator.py
[2021-04-14 13:38:35,610] {scheduler_job.py:639} INFO - DAG(s) dict_keys(['example_subdag_operator.section-1', 'example_subdag_operator.section-2', 'example_subdag_operator']) retrieved from /home/airflow/.local/lib/python3.6/site-packages/airflow/example_dags/example_subdag_operator.py
[2021-04-14 13:38:35,623] {logging_mixin.py:104} INFO - [2021-04-14 13:38:35,623] {dag.py:1818} INFO - Sync 3 DAGs
[2021-04-14 13:38:35,639] {logging_mixin.py:104} INFO - [2021-04-14 13:38:35,639] {dag.py:2273} INFO - Setting next_dagrun for example_subdag_operator to 2021-04-12 00:00:00+00:00
[2021-04-14 13:38:35,641] {logging_mixin.py:104} INFO - [2021-04-14 13:38:35,641] {dag.py:2273} INFO - Setting next_dagrun for example_subdag_operator.section-1 to None
[2021-04-14 13:38:35,641] {logging_mixin.py:104} INFO - [2021-04-14 13:38:35,641] {dag.py:2273} INFO - Setting next_dagrun for example_subdag_operator.section-2 to None
[2021-04-14 13:38:35,648] {logging_mixin.py:104} INFO - [2021-04-14 13:38:35,648] {dag.py:1818} INFO - Sync 2 DAGs
[2021-04-14 13:38:35,658] {logging_mixin.py:104} INFO - [2021-04-14 13:38:35,658] {dag.py:2273} INFO - Setting next_dagrun for example_subdag_operator.section-1 to None
[2021-04-14 13:38:35,659] {logging_mixin.py:104} INFO - [2021-04-14 13:38:35,659] {dag.py:2273} INFO - Setting next_dagrun for example_subdag_operator.section-2 to None
[2021-04-14 13:38:35,665] {scheduler_job.py:190} INFO - Processing /home/airflow/.local/lib/python3.6/site-packages/airflow/example_dags/example_subdag_operator.py took 0.093 seconds
[2021-04-14 13:39:05,798] {scheduler_job.py:182} INFO - Started process (PID=656) to work on /home/airflow/.local/lib/python3.6/site-packages/airflow/example_dags/example_subdag_operator.py
[2021-04-14 13:39:05,800] {scheduler_job.py:629} INFO - Processing file /home/airflow/.local/lib/python3.6/site-packages/airflow/example_dags/example_subdag_operator.py for tasks to queue
[2021-04-14 13:39:05,801] {logging_mixin.py:104} INFO - [2021-04-14 13:39:05,801] {dagbag.py:448} INFO - Filling up the DagBag from /home/airflow/.local/lib/python3.6/site-packages/airflow/example_dags/example_subdag_operator.py
[2021-04-14 13:39:05,840] {scheduler_job.py:639} INFO - DAG(s) dict_keys(['example_subdag_operator.section-1', 'example_subdag_operator.section-2', 'example_subdag_operator']) retrieved from /home/airflow/.local/lib/python3.6/site-packages/airflow/example_dags/example_subdag_operator.py
[2021-04-14 13:39:05,855] {logging_mixin.py:104} INFO - [2021-04-14 13:39:05,855] {dag.py:1818} INFO - Sync 3 DAGs
[2021-04-14 13:39:05,874] {logging_mixin.py:104} INFO - [2021-04-14 13:39:05,874] {dag.py:2273} INFO - Setting next_dagrun for example_subdag_operator to 2021-04-12 00:00:00+00:00
[2021-04-14 13:39:05,876] {logging_mixin.py:104} INFO - [2021-04-14 13:39:05,876] {dag.py:2273} INFO - Setting next_dagrun for example_subdag_operator.section-1 to None
[2021-04-14 13:39:05,877] {logging_mixin.py:104} INFO - [2021-04-14 13:39:05,876] {dag.py:2273} INFO - Setting next_dagrun for example_subdag_operator.section-2 to None
[2021-04-14 13:39:05,884] {logging_mixin.py:104} INFO - [2021-04-14 13:39:05,884] {dag.py:1818} INFO - Sync 2 DAGs
[2021-04-14 13:39:05,893] {logging_mixin.py:104} INFO - [2021-04-14 13:39:05,893] {dag.py:2273} INFO - Setting next_dagrun for example_subdag_operator.section-1 to None
[2021-04-14 13:39:05,894] {logging_mixin.py:104} INFO - [2021-04-14 13:39:05,894] {dag.py:2273} INFO - Setting next_dagrun for example_subdag_operator.section-2 to None
[2021-04-14 13:39:05,901] {scheduler_job.py:190} INFO - Processing /home/airflow/.local/lib/python3.6/site-packages/airflow/example_dags/example_subdag_operator.py took 0.107 seconds
[2021-04-14 13:39:36,126] {scheduler_job.py:182} INFO - Started process (PID=682) to work on /home/airflow/.local/lib/python3.6/site-packages/airflow/example_dags/example_subdag_operator.py
[2021-04-14 13:39:36,127] {scheduler_job.py:629} INFO - Processing file /home/airflow/.local/lib/python3.6/site-packages/airflow/example_dags/example_subdag_operator.py for tasks to queue
[2021-04-14 13:39:36,128] {logging_mixin.py:104} INFO - [2021-04-14 13:39:36,128] {dagbag.py:448} INFO - Filling up the DagBag from /home/airflow/.local/lib/python3.6/site-packages/airflow/example_dags/example_subdag_operator.py
[2021-04-14 13:39:36,162] {scheduler_job.py:639} INFO - DAG(s) dict_keys(['example_subdag_operator.section-1', 'example_subdag_operator.section-2', 'example_subdag_operator']) retrieved from /home/airflow/.local/lib/python3.6/site-packages/airflow/example_dags/example_subdag_operator.py
[2021-04-14 13:39:36,174] {logging_mixin.py:104} INFO - [2021-04-14 13:39:36,174] {dag.py:1818} INFO - Sync 3 DAGs
[2021-04-14 13:39:36,195] {logging_mixin.py:104} INFO - [2021-04-14 13:39:36,194] {dag.py:2273} INFO - Setting next_dagrun for example_subdag_operator to 2021-04-12 00:00:00+00:00
[2021-04-14 13:39:36,197] {logging_mixin.py:104} INFO - [2021-04-14 13:39:36,197] {dag.py:2273} INFO - Setting next_dagrun for example_subdag_operator.section-1 to None
[2021-04-14 13:39:36,198] {logging_mixin.py:104} INFO - [2021-04-14 13:39:36,198] {dag.py:2273} INFO - Setting next_dagrun for example_subdag_operator.section-2 to None
[2021-04-14 13:39:36,207] {logging_mixin.py:104} INFO - [2021-04-14 13:39:36,206] {dag.py:1818} INFO - Sync 2 DAGs
[2021-04-14 13:39:36,218] {logging_mixin.py:104} INFO - [2021-04-14 13:39:36,218] {dag.py:2273} INFO - Setting next_dagrun for example_subdag_operator.section-1 to None
[2021-04-14 13:39:36,219] {logging_mixin.py:104} INFO - [2021-04-14 13:39:36,219] {dag.py:2273} INFO - Setting next_dagrun for example_subdag_operator.section-2 to None
[2021-04-14 13:39:36,227] {scheduler_job.py:190} INFO - Processing /home/airflow/.local/lib/python3.6/site-packages/airflow/example_dags/example_subdag_operator.py took 0.105 seconds
[2021-04-14 13:40:06,962] {scheduler_job.py:182} INFO - Started process (PID=708) to work on /home/airflow/.local/lib/python3.6/site-packages/airflow/example_dags/example_subdag_operator.py
[2021-04-14 13:40:06,965] {scheduler_job.py:629} INFO - Processing file /home/airflow/.local/lib/python3.6/site-packages/airflow/example_dags/example_subdag_operator.py for tasks to queue
[2021-04-14 13:40:06,966] {logging_mixin.py:104} INFO - [2021-04-14 13:40:06,966] {dagbag.py:448} INFO - Filling up the DagBag from /home/airflow/.local/lib/python3.6/site-packages/airflow/example_dags/example_subdag_operator.py
[2021-04-14 13:40:07,021] {scheduler_job.py:639} INFO - DAG(s) dict_keys(['example_subdag_operator.section-1', 'example_subdag_operator.section-2', 'example_subdag_operator']) retrieved from /home/airflow/.local/lib/python3.6/site-packages/airflow/example_dags/example_subdag_operator.py
[2021-04-14 13:40:07,048] {logging_mixin.py:104} INFO - [2021-04-14 13:40:07,048] {dag.py:1818} INFO - Sync 3 DAGs
[2021-04-14 13:40:07,088] {logging_mixin.py:104} INFO - [2021-04-14 13:40:07,088] {dag.py:2273} INFO - Setting next_dagrun for example_subdag_operator to 2021-04-12 00:00:00+00:00
[2021-04-14 13:40:07,090] {logging_mixin.py:104} INFO - [2021-04-14 13:40:07,090] {dag.py:2273} INFO - Setting next_dagrun for example_subdag_operator.section-1 to None
[2021-04-14 13:40:07,091] {logging_mixin.py:104} INFO - [2021-04-14 13:40:07,091] {dag.py:2273} INFO - Setting next_dagrun for example_subdag_operator.section-2 to None
[2021-04-14 13:40:07,104] {logging_mixin.py:104} INFO - [2021-04-14 13:40:07,104] {dag.py:1818} INFO - Sync 2 DAGs
[2021-04-14 13:40:07,127] {logging_mixin.py:104} INFO - [2021-04-14 13:40:07,126] {dag.py:2273} INFO - Setting next_dagrun for example_subdag_operator.section-1 to None
[2021-04-14 13:40:07,128] {logging_mixin.py:104} INFO - [2021-04-14 13:40:07,128] {dag.py:2273} INFO - Setting next_dagrun for example_subdag_operator.section-2 to None
[2021-04-14 13:40:07,139] {scheduler_job.py:190} INFO - Processing /home/airflow/.local/lib/python3.6/site-packages/airflow/example_dags/example_subdag_operator.py took 0.183 seconds
[2021-04-14 13:40:37,298] {scheduler_job.py:182} INFO - Started process (PID=735) to work on /home/airflow/.local/lib/python3.6/site-packages/airflow/example_dags/example_subdag_operator.py
[2021-04-14 13:40:37,300] {scheduler_job.py:629} INFO - Processing file /home/airflow/.local/lib/python3.6/site-packages/airflow/example_dags/example_subdag_operator.py for tasks to queue
[2021-04-14 13:40:37,302] {logging_mixin.py:104} INFO - [2021-04-14 13:40:37,302] {dagbag.py:448} INFO - Filling up the DagBag from /home/airflow/.local/lib/python3.6/site-packages/airflow/example_dags/example_subdag_operator.py
[2021-04-14 13:40:37,355] {scheduler_job.py:639} INFO - DAG(s) dict_keys(['example_subdag_operator.section-1', 'example_subdag_operator.section-2', 'example_subdag_operator']) retrieved from /home/airflow/.local/lib/python3.6/site-packages/airflow/example_dags/example_subdag_operator.py
[2021-04-14 13:40:37,376] {logging_mixin.py:104} INFO - [2021-04-14 13:40:37,376] {dag.py:1818} INFO - Sync 3 DAGs
[2021-04-14 13:40:37,417] {logging_mixin.py:104} INFO - [2021-04-14 13:40:37,417] {dag.py:2273} INFO - Setting next_dagrun for example_subdag_operator to 2021-04-12 00:00:00+00:00
[2021-04-14 13:40:37,428] {logging_mixin.py:104} INFO - [2021-04-14 13:40:37,428] {dag.py:2273} INFO - Setting next_dagrun for example_subdag_operator.section-1 to None
[2021-04-14 13:40:37,430] {logging_mixin.py:104} INFO - [2021-04-14 13:40:37,430] {dag.py:2273} INFO - Setting next_dagrun for example_subdag_operator.section-2 to None
[2021-04-14 13:40:37,446] {logging_mixin.py:104} INFO - [2021-04-14 13:40:37,446] {dag.py:1818} INFO - Sync 2 DAGs
[2021-04-14 13:40:37,464] {logging_mixin.py:104} INFO - [2021-04-14 13:40:37,463] {dag.py:2273} INFO - Setting next_dagrun for example_subdag_operator.section-1 to None
[2021-04-14 13:40:37,464] {logging_mixin.py:104} INFO - [2021-04-14 13:40:37,464] {dag.py:2273} INFO - Setting next_dagrun for example_subdag_operator.section-2 to None
[2021-04-14 13:40:37,477] {scheduler_job.py:190} INFO - Processing /home/airflow/.local/lib/python3.6/site-packages/airflow/example_dags/example_subdag_operator.py took 0.184 seconds
[2021-04-14 13:41:07,551] {scheduler_job.py:182} INFO - Started process (PID=761) to work on /home/airflow/.local/lib/python3.6/site-packages/airflow/example_dags/example_subdag_operator.py
[2021-04-14 13:41:07,554] {scheduler_job.py:629} INFO - Processing file /home/airflow/.local/lib/python3.6/site-packages/airflow/example_dags/example_subdag_operator.py for tasks to queue
[2021-04-14 13:41:07,556] {logging_mixin.py:104} INFO - [2021-04-14 13:41:07,556] {dagbag.py:448} INFO - Filling up the DagBag from /home/airflow/.local/lib/python3.6/site-packages/airflow/example_dags/example_subdag_operator.py
[2021-04-14 13:41:07,613] {scheduler_job.py:639} INFO - DAG(s) dict_keys(['example_subdag_operator.section-1', 'example_subdag_operator.section-2', 'example_subdag_operator']) retrieved from /home/airflow/.local/lib/python3.6/site-packages/airflow/example_dags/example_subdag_operator.py
[2021-04-14 13:41:07,641] {logging_mixin.py:104} INFO - [2021-04-14 13:41:07,640] {dag.py:1818} INFO - Sync 3 DAGs
[2021-04-14 13:41:07,672] {logging_mixin.py:104} INFO - [2021-04-14 13:41:07,672] {dag.py:2273} INFO - Setting next_dagrun for example_subdag_operator to 2021-04-12 00:00:00+00:00
[2021-04-14 13:41:07,675] {logging_mixin.py:104} INFO - [2021-04-14 13:41:07,675] {dag.py:2273} INFO - Setting next_dagrun for example_subdag_operator.section-1 to None
[2021-04-14 13:41:07,677] {logging_mixin.py:104} INFO - [2021-04-14 13:41:07,676] {dag.py:2273} INFO - Setting next_dagrun for example_subdag_operator.section-2 to None
[2021-04-14 13:41:07,687] {logging_mixin.py:104} INFO - [2021-04-14 13:41:07,687] {dag.py:1818} INFO - Sync 2 DAGs
[2021-04-14 13:41:07,701] {logging_mixin.py:104} INFO - [2021-04-14 13:41:07,701] {dag.py:2273} INFO - Setting next_dagrun for example_subdag_operator.section-1 to None
[2021-04-14 13:41:07,702] {logging_mixin.py:104} INFO - [2021-04-14 13:41:07,702] {dag.py:2273} INFO - Setting next_dagrun for example_subdag_operator.section-2 to None
[2021-04-14 13:41:07,713] {scheduler_job.py:190} INFO - Processing /home/airflow/.local/lib/python3.6/site-packages/airflow/example_dags/example_subdag_operator.py took 0.168 seconds
[2021-04-14 13:41:37,858] {scheduler_job.py:182} INFO - Started process (PID=788) to work on /home/airflow/.local/lib/python3.6/site-packages/airflow/example_dags/example_subdag_operator.py
[2021-04-14 13:41:37,861] {scheduler_job.py:629} INFO - Processing file /home/airflow/.local/lib/python3.6/site-packages/airflow/example_dags/example_subdag_operator.py for tasks to queue
[2021-04-14 13:41:37,867] {logging_mixin.py:104} INFO - [2021-04-14 13:41:37,865] {dagbag.py:448} INFO - Filling up the DagBag from /home/airflow/.local/lib/python3.6/site-packages/airflow/example_dags/example_subdag_operator.py
[2021-04-14 13:41:37,926] {scheduler_job.py:639} INFO - DAG(s) dict_keys(['example_subdag_operator.section-1', 'example_subdag_operator.section-2', 'example_subdag_operator']) retrieved from /home/airflow/.local/lib/python3.6/site-packages/airflow/example_dags/example_subdag_operator.py
[2021-04-14 13:41:37,944] {logging_mixin.py:104} INFO - [2021-04-14 13:41:37,944] {dag.py:1818} INFO - Sync 3 DAGs
[2021-04-14 13:41:37,968] {logging_mixin.py:104} INFO - [2021-04-14 13:41:37,968] {dag.py:2273} INFO - Setting next_dagrun for example_subdag_operator to 2021-04-12 00:00:00+00:00
[2021-04-14 13:41:37,970] {logging_mixin.py:104} INFO - [2021-04-14 13:41:37,970] {dag.py:2273} INFO - Setting next_dagrun for example_subdag_operator.section-1 to None
[2021-04-14 13:41:37,971] {logging_mixin.py:104} INFO - [2021-04-14 13:41:37,971] {dag.py:2273} INFO - Setting next_dagrun for example_subdag_operator.section-2 to None
[2021-04-14 13:41:37,983] {logging_mixin.py:104} INFO - [2021-04-14 13:41:37,983] {dag.py:1818} INFO - Sync 2 DAGs
[2021-04-14 13:41:37,997] {logging_mixin.py:104} INFO - [2021-04-14 13:41:37,997] {dag.py:2273} INFO - Setting next_dagrun for example_subdag_operator.section-1 to None
[2021-04-14 13:41:37,998] {logging_mixin.py:104} INFO - [2021-04-14 13:41:37,998] {dag.py:2273} INFO - Setting next_dagrun for example_subdag_operator.section-2 to None
[2021-04-14 13:41:38,011] {scheduler_job.py:190} INFO - Processing /home/airflow/.local/lib/python3.6/site-packages/airflow/example_dags/example_subdag_operator.py took 0.158 seconds
[2021-04-14 13:42:08,252] {scheduler_job.py:182} INFO - Started process (PID=815) to work on /home/airflow/.local/lib/python3.6/site-packages/airflow/example_dags/example_subdag_operator.py
[2021-04-14 13:42:08,255] {scheduler_job.py:629} INFO - Processing file /home/airflow/.local/lib/python3.6/site-packages/airflow/example_dags/example_subdag_operator.py for tasks to queue
[2021-04-14 13:42:08,258] {logging_mixin.py:104} INFO - [2021-04-14 13:42:08,257] {dagbag.py:448} INFO - Filling up the DagBag from /home/airflow/.local/lib/python3.6/site-packages/airflow/example_dags/example_subdag_operator.py
[2021-04-14 13:42:08,325] {scheduler_job.py:639} INFO - DAG(s) dict_keys(['example_subdag_operator.section-1', 'example_subdag_operator.section-2', 'example_subdag_operator']) retrieved from /home/airflow/.local/lib/python3.6/site-packages/airflow/example_dags/example_subdag_operator.py
[2021-04-14 13:42:08,344] {logging_mixin.py:104} INFO - [2021-04-14 13:42:08,344] {dag.py:1818} INFO - Sync 3 DAGs
[2021-04-14 13:42:08,372] {logging_mixin.py:104} INFO - [2021-04-14 13:42:08,372] {dag.py:2273} INFO - Setting next_dagrun for example_subdag_operator to 2021-04-12 00:00:00+00:00
[2021-04-14 13:42:08,374] {logging_mixin.py:104} INFO - [2021-04-14 13:42:08,374] {dag.py:2273} INFO - Setting next_dagrun for example_subdag_operator.section-1 to None
[2021-04-14 13:42:08,374] {logging_mixin.py:104} INFO - [2021-04-14 13:42:08,374] {dag.py:2273} INFO - Setting next_dagrun for example_subdag_operator.section-2 to None
[2021-04-14 13:42:08,386] {logging_mixin.py:104} INFO - [2021-04-14 13:42:08,386] {dag.py:1818} INFO - Sync 2 DAGs
[2021-04-14 13:42:08,399] {logging_mixin.py:104} INFO - [2021-04-14 13:42:08,398] {dag.py:2273} INFO - Setting next_dagrun for example_subdag_operator.section-1 to None
[2021-04-14 13:42:08,400] {logging_mixin.py:104} INFO - [2021-04-14 13:42:08,399] {dag.py:2273} INFO - Setting next_dagrun for example_subdag_operator.section-2 to None
[2021-04-14 13:42:08,414] {scheduler_job.py:190} INFO - Processing /home/airflow/.local/lib/python3.6/site-packages/airflow/example_dags/example_subdag_operator.py took 0.169 seconds
[2021-04-14 13:42:38,465] {scheduler_job.py:182} INFO - Started process (PID=841) to work on /home/airflow/.local/lib/python3.6/site-packages/airflow/example_dags/example_subdag_operator.py
[2021-04-14 13:42:38,467] {scheduler_job.py:629} INFO - Processing file /home/airflow/.local/lib/python3.6/site-packages/airflow/example_dags/example_subdag_operator.py for tasks to queue
[2021-04-14 13:42:38,469] {logging_mixin.py:104} INFO - [2021-04-14 13:42:38,469] {dagbag.py:448} INFO - Filling up the DagBag from /home/airflow/.local/lib/python3.6/site-packages/airflow/example_dags/example_subdag_operator.py
[2021-04-14 13:42:38,521] {scheduler_job.py:639} INFO - DAG(s) dict_keys(['example_subdag_operator.section-1', 'example_subdag_operator.section-2', 'example_subdag_operator']) retrieved from /home/airflow/.local/lib/python3.6/site-packages/airflow/example_dags/example_subdag_operator.py
[2021-04-14 13:42:38,540] {logging_mixin.py:104} INFO - [2021-04-14 13:42:38,540] {dag.py:1818} INFO - Sync 3 DAGs
[2021-04-14 13:42:38,567] {logging_mixin.py:104} INFO - [2021-04-14 13:42:38,567] {dag.py:2273} INFO - Setting next_dagrun for example_subdag_operator to 2021-04-12 00:00:00+00:00
[2021-04-14 13:42:38,568] {logging_mixin.py:104} INFO - [2021-04-14 13:42:38,568] {dag.py:2273} INFO - Setting next_dagrun for example_subdag_operator.section-1 to None
[2021-04-14 13:42:38,569] {logging_mixin.py:104} INFO - [2021-04-14 13:42:38,569] {dag.py:2273} INFO - Setting next_dagrun for example_subdag_operator.section-2 to None
[2021-04-14 13:42:38,579] {logging_mixin.py:104} INFO - [2021-04-14 13:42:38,579] {dag.py:1818} INFO - Sync 2 DAGs
[2021-04-14 13:42:38,590] {logging_mixin.py:104} INFO - [2021-04-14 13:42:38,590] {dag.py:2273} INFO - Setting next_dagrun for example_subdag_operator.section-1 to None
[2021-04-14 13:42:38,590] {logging_mixin.py:104} INFO - [2021-04-14 13:42:38,590] {dag.py:2273} INFO - Setting next_dagrun for example_subdag_operator.section-2 to None
[2021-04-14 13:42:38,600] {scheduler_job.py:190} INFO - Processing /home/airflow/.local/lib/python3.6/site-packages/airflow/example_dags/example_subdag_operator.py took 0.142 seconds
[2021-04-14 13:43:08,667] {scheduler_job.py:182} INFO - Started process (PID=864) to work on /home/airflow/.local/lib/python3.6/site-packages/airflow/example_dags/example_subdag_operator.py
[2021-04-14 13:43:08,669] {scheduler_job.py:629} INFO - Processing file /home/airflow/.local/lib/python3.6/site-packages/airflow/example_dags/example_subdag_operator.py for tasks to queue
[2021-04-14 13:43:08,670] {logging_mixin.py:104} INFO - [2021-04-14 13:43:08,670] {dagbag.py:448} INFO - Filling up the DagBag from /home/airflow/.local/lib/python3.6/site-packages/airflow/example_dags/example_subdag_operator.py
[2021-04-14 13:43:08,706] {scheduler_job.py:639} INFO - DAG(s) dict_keys(['example_subdag_operator.section-1', 'example_subdag_operator.section-2', 'example_subdag_operator']) retrieved from /home/airflow/.local/lib/python3.6/site-packages/airflow/example_dags/example_subdag_operator.py
[2021-04-14 13:43:08,721] {logging_mixin.py:104} INFO - [2021-04-14 13:43:08,721] {dag.py:1818} INFO - Sync 3 DAGs
[2021-04-14 13:43:08,740] {logging_mixin.py:104} INFO - [2021-04-14 13:43:08,740] {dag.py:2273} INFO - Setting next_dagrun for example_subdag_operator to 2021-04-12 00:00:00+00:00
[2021-04-14 13:43:08,742] {logging_mixin.py:104} INFO - [2021-04-14 13:43:08,742] {dag.py:2273} INFO - Setting next_dagrun for example_subdag_operator.section-1 to None
[2021-04-14 13:43:08,742] {logging_mixin.py:104} INFO - [2021-04-14 13:43:08,742] {dag.py:2273} INFO - Setting next_dagrun for example_subdag_operator.section-2 to None
[2021-04-14 13:43:08,752] {logging_mixin.py:104} INFO - [2021-04-14 13:43:08,752] {dag.py:1818} INFO - Sync 2 DAGs
[2021-04-14 13:43:08,762] {logging_mixin.py:104} INFO - [2021-04-14 13:43:08,762] {dag.py:2273} INFO - Setting next_dagrun for example_subdag_operator.section-1 to None
[2021-04-14 13:43:08,763] {logging_mixin.py:104} INFO - [2021-04-14 13:43:08,763] {dag.py:2273} INFO - Setting next_dagrun for example_subdag_operator.section-2 to None
[2021-04-14 13:43:08,770] {scheduler_job.py:190} INFO - Processing /home/airflow/.local/lib/python3.6/site-packages/airflow/example_dags/example_subdag_operator.py took 0.107 seconds
[2021-04-14 13:43:39,127] {scheduler_job.py:182} INFO - Started process (PID=890) to work on /home/airflow/.local/lib/python3.6/site-packages/airflow/example_dags/example_subdag_operator.py
[2021-04-14 13:43:39,128] {scheduler_job.py:629} INFO - Processing file /home/airflow/.local/lib/python3.6/site-packages/airflow/example_dags/example_subdag_operator.py for tasks to queue
[2021-04-14 13:43:39,130] {logging_mixin.py:104} INFO - [2021-04-14 13:43:39,130] {dagbag.py:448} INFO - Filling up the DagBag from /home/airflow/.local/lib/python3.6/site-packages/airflow/example_dags/example_subdag_operator.py
[2021-04-14 13:43:39,169] {scheduler_job.py:639} INFO - DAG(s) dict_keys(['example_subdag_operator.section-1', 'example_subdag_operator.section-2', 'example_subdag_operator']) retrieved from /home/airflow/.local/lib/python3.6/site-packages/airflow/example_dags/example_subdag_operator.py
[2021-04-14 13:43:39,184] {logging_mixin.py:104} INFO - [2021-04-14 13:43:39,184] {dag.py:1818} INFO - Sync 3 DAGs
[2021-04-14 13:43:39,204] {logging_mixin.py:104} INFO - [2021-04-14 13:43:39,204] {dag.py:2273} INFO - Setting next_dagrun for example_subdag_operator to 2021-04-12 00:00:00+00:00
[2021-04-14 13:43:39,206] {logging_mixin.py:104} INFO - [2021-04-14 13:43:39,205] {dag.py:2273} INFO - Setting next_dagrun for example_subdag_operator.section-1 to None
[2021-04-14 13:43:39,206] {logging_mixin.py:104} INFO - [2021-04-14 13:43:39,206] {dag.py:2273} INFO - Setting next_dagrun for example_subdag_operator.section-2 to None
[2021-04-14 13:43:39,256] {logging_mixin.py:104} INFO - [2021-04-14 13:43:39,256] {dag.py:1818} INFO - Sync 2 DAGs
[2021-04-14 13:43:39,266] {logging_mixin.py:104} INFO - [2021-04-14 13:43:39,266] {dag.py:2273} INFO - Setting next_dagrun for example_subdag_operator.section-1 to None
[2021-04-14 13:43:39,267] {logging_mixin.py:104} INFO - [2021-04-14 13:43:39,267] {dag.py:2273} INFO - Setting next_dagrun for example_subdag_operator.section-2 to None
[2021-04-14 13:43:39,276] {scheduler_job.py:190} INFO - Processing /home/airflow/.local/lib/python3.6/site-packages/airflow/example_dags/example_subdag_operator.py took 0.153 seconds
[2021-04-14 13:44:09,752] {scheduler_job.py:182} INFO - Started process (PID=916) to work on /home/airflow/.local/lib/python3.6/site-packages/airflow/example_dags/example_subdag_operator.py
[2021-04-14 13:44:09,754] {scheduler_job.py:629} INFO - Processing file /home/airflow/.local/lib/python3.6/site-packages/airflow/example_dags/example_subdag_operator.py for tasks to queue
[2021-04-14 13:44:09,755] {logging_mixin.py:104} INFO - [2021-04-14 13:44:09,755] {dagbag.py:448} INFO - Filling up the DagBag from /home/airflow/.local/lib/python3.6/site-packages/airflow/example_dags/example_subdag_operator.py
[2021-04-14 13:44:09,796] {scheduler_job.py:639} INFO - DAG(s) dict_keys(['example_subdag_operator.section-1', 'example_subdag_operator.section-2', 'example_subdag_operator']) retrieved from /home/airflow/.local/lib/python3.6/site-packages/airflow/example_dags/example_subdag_operator.py
[2021-04-14 13:44:09,812] {logging_mixin.py:104} INFO - [2021-04-14 13:44:09,812] {dag.py:1818} INFO - Sync 3 DAGs
[2021-04-14 13:44:09,835] {logging_mixin.py:104} INFO - [2021-04-14 13:44:09,834] {dag.py:2273} INFO - Setting next_dagrun for example_subdag_operator to 2021-04-12 00:00:00+00:00
[2021-04-14 13:44:09,837] {logging_mixin.py:104} INFO - [2021-04-14 13:44:09,837] {dag.py:2273} INFO - Setting next_dagrun for example_subdag_operator.section-1 to None
[2021-04-14 13:44:09,839] {logging_mixin.py:104} INFO - [2021-04-14 13:44:09,838] {dag.py:2273} INFO - Setting next_dagrun for example_subdag_operator.section-2 to None
[2021-04-14 13:44:09,847] {logging_mixin.py:104} INFO - [2021-04-14 13:44:09,847] {dag.py:1818} INFO - Sync 2 DAGs
[2021-04-14 13:44:09,857] {logging_mixin.py:104} INFO - [2021-04-14 13:44:09,857] {dag.py:2273} INFO - Setting next_dagrun for example_subdag_operator.section-1 to None
[2021-04-14 13:44:09,858] {logging_mixin.py:104} INFO - [2021-04-14 13:44:09,858] {dag.py:2273} INFO - Setting next_dagrun for example_subdag_operator.section-2 to None
[2021-04-14 13:44:09,865] {scheduler_job.py:190} INFO - Processing /home/airflow/.local/lib/python3.6/site-packages/airflow/example_dags/example_subdag_operator.py took 0.118 seconds
[2021-04-14 13:44:40,223] {scheduler_job.py:182} INFO - Started process (PID=942) to work on /home/airflow/.local/lib/python3.6/site-packages/airflow/example_dags/example_subdag_operator.py
[2021-04-14 13:44:40,225] {scheduler_job.py:629} INFO - Processing file /home/airflow/.local/lib/python3.6/site-packages/airflow/example_dags/example_subdag_operator.py for tasks to queue
[2021-04-14 13:44:40,226] {logging_mixin.py:104} INFO - [2021-04-14 13:44:40,226] {dagbag.py:448} INFO - Filling up the DagBag from /home/airflow/.local/lib/python3.6/site-packages/airflow/example_dags/example_subdag_operator.py
[2021-04-14 13:44:40,263] {scheduler_job.py:639} INFO - DAG(s) dict_keys(['example_subdag_operator.section-1', 'example_subdag_operator.section-2', 'example_subdag_operator']) retrieved from /home/airflow/.local/lib/python3.6/site-packages/airflow/example_dags/example_subdag_operator.py
[2021-04-14 13:44:40,278] {logging_mixin.py:104} INFO - [2021-04-14 13:44:40,278] {dag.py:1818} INFO - Sync 3 DAGs
[2021-04-14 13:44:40,303] {logging_mixin.py:104} INFO - [2021-04-14 13:44:40,303] {dag.py:2273} INFO - Setting next_dagrun for example_subdag_operator to 2021-04-12 00:00:00+00:00
[2021-04-14 13:44:40,304] {logging_mixin.py:104} INFO - [2021-04-14 13:44:40,304] {dag.py:2273} INFO - Setting next_dagrun for example_subdag_operator.section-1 to None
[2021-04-14 13:44:40,305] {logging_mixin.py:104} INFO - [2021-04-14 13:44:40,305] {dag.py:2273} INFO - Setting next_dagrun for example_subdag_operator.section-2 to None
[2021-04-14 13:44:40,313] {logging_mixin.py:104} INFO - [2021-04-14 13:44:40,313] {dag.py:1818} INFO - Sync 2 DAGs
[2021-04-14 13:44:40,326] {logging_mixin.py:104} INFO - [2021-04-14 13:44:40,326] {dag.py:2273} INFO - Setting next_dagrun for example_subdag_operator.section-1 to None
[2021-04-14 13:44:40,326] {logging_mixin.py:104} INFO - [2021-04-14 13:44:40,326] {dag.py:2273} INFO - Setting next_dagrun for example_subdag_operator.section-2 to None
[2021-04-14 13:44:40,335] {scheduler_job.py:190} INFO - Processing /home/airflow/.local/lib/python3.6/site-packages/airflow/example_dags/example_subdag_operator.py took 0.116 seconds
[2021-04-14 13:45:10,597] {scheduler_job.py:182} INFO - Started process (PID=968) to work on /home/airflow/.local/lib/python3.6/site-packages/airflow/example_dags/example_subdag_operator.py
[2021-04-14 13:45:10,599] {scheduler_job.py:629} INFO - Processing file /home/airflow/.local/lib/python3.6/site-packages/airflow/example_dags/example_subdag_operator.py for tasks to queue
[2021-04-14 13:45:10,601] {logging_mixin.py:104} INFO - [2021-04-14 13:45:10,600] {dagbag.py:448} INFO - Filling up the DagBag from /home/airflow/.local/lib/python3.6/site-packages/airflow/example_dags/example_subdag_operator.py
[2021-04-14 13:45:10,635] {scheduler_job.py:639} INFO - DAG(s) dict_keys(['example_subdag_operator.section-1', 'example_subdag_operator.section-2', 'example_subdag_operator']) retrieved from /home/airflow/.local/lib/python3.6/site-packages/airflow/example_dags/example_subdag_operator.py
[2021-04-14 13:45:10,653] {logging_mixin.py:104} INFO - [2021-04-14 13:45:10,653] {dag.py:1818} INFO - Sync 3 DAGs
[2021-04-14 13:45:10,676] {logging_mixin.py:104} INFO - [2021-04-14 13:45:10,676] {dag.py:2273} INFO - Setting next_dagrun for example_subdag_operator to 2021-04-12 00:00:00+00:00
[2021-04-14 13:45:10,678] {logging_mixin.py:104} INFO - [2021-04-14 13:45:10,678] {dag.py:2273} INFO - Setting next_dagrun for example_subdag_operator.section-1 to None
[2021-04-14 13:45:10,679] {logging_mixin.py:104} INFO - [2021-04-14 13:45:10,679] {dag.py:2273} INFO - Setting next_dagrun for example_subdag_operator.section-2 to None
[2021-04-14 13:45:10,689] {logging_mixin.py:104} INFO - [2021-04-14 13:45:10,689] {dag.py:1818} INFO - Sync 2 DAGs
[2021-04-14 13:45:10,701] {logging_mixin.py:104} INFO - [2021-04-14 13:45:10,701] {dag.py:2273} INFO - Setting next_dagrun for example_subdag_operator.section-1 to None
[2021-04-14 13:45:10,702] {logging_mixin.py:104} INFO - [2021-04-14 13:45:10,702] {dag.py:2273} INFO - Setting next_dagrun for example_subdag_operator.section-2 to None
[2021-04-14 13:45:10,712] {scheduler_job.py:190} INFO - Processing /home/airflow/.local/lib/python3.6/site-packages/airflow/example_dags/example_subdag_operator.py took 0.119 seconds
[2021-04-14 13:45:41,000] {scheduler_job.py:182} INFO - Started process (PID=994) to work on /home/airflow/.local/lib/python3.6/site-packages/airflow/example_dags/example_subdag_operator.py
[2021-04-14 13:45:41,001] {scheduler_job.py:629} INFO - Processing file /home/airflow/.local/lib/python3.6/site-packages/airflow/example_dags/example_subdag_operator.py for tasks to queue
[2021-04-14 13:45:41,003] {logging_mixin.py:104} INFO - [2021-04-14 13:45:41,002] {dagbag.py:448} INFO - Filling up the DagBag from /home/airflow/.local/lib/python3.6/site-packages/airflow/example_dags/example_subdag_operator.py
[2021-04-14 13:45:41,048] {scheduler_job.py:639} INFO - DAG(s) dict_keys(['example_subdag_operator.section-1', 'example_subdag_operator.section-2', 'example_subdag_operator']) retrieved from /home/airflow/.local/lib/python3.6/site-packages/airflow/example_dags/example_subdag_operator.py
[2021-04-14 13:45:41,063] {logging_mixin.py:104} INFO - [2021-04-14 13:45:41,062] {dag.py:1818} INFO - Sync 3 DAGs
[2021-04-14 13:45:41,084] {logging_mixin.py:104} INFO - [2021-04-14 13:45:41,084] {dag.py:2273} INFO - Setting next_dagrun for example_subdag_operator to 2021-04-12 00:00:00+00:00
[2021-04-14 13:45:41,085] {logging_mixin.py:104} INFO - [2021-04-14 13:45:41,085] {dag.py:2273} INFO - Setting next_dagrun for example_subdag_operator.section-1 to None
[2021-04-14 13:45:41,086] {logging_mixin.py:104} INFO - [2021-04-14 13:45:41,086] {dag.py:2273} INFO - Setting next_dagrun for example_subdag_operator.section-2 to None
[2021-04-14 13:45:41,096] {logging_mixin.py:104} INFO - [2021-04-14 13:45:41,096] {dag.py:1818} INFO - Sync 2 DAGs
[2021-04-14 13:45:41,107] {logging_mixin.py:104} INFO - [2021-04-14 13:45:41,107] {dag.py:2273} INFO - Setting next_dagrun for example_subdag_operator.section-1 to None
[2021-04-14 13:45:41,108] {logging_mixin.py:104} INFO - [2021-04-14 13:45:41,108] {dag.py:2273} INFO - Setting next_dagrun for example_subdag_operator.section-2 to None
[2021-04-14 13:45:41,117] {scheduler_job.py:190} INFO - Processing /home/airflow/.local/lib/python3.6/site-packages/airflow/example_dags/example_subdag_operator.py took 0.122 seconds
[2021-04-14 13:46:11,449] {scheduler_job.py:182} INFO - Started process (PID=1020) to work on /home/airflow/.local/lib/python3.6/site-packages/airflow/example_dags/example_subdag_operator.py
[2021-04-14 13:46:11,451] {scheduler_job.py:629} INFO - Processing file /home/airflow/.local/lib/python3.6/site-packages/airflow/example_dags/example_subdag_operator.py for tasks to queue
[2021-04-14 13:46:11,452] {logging_mixin.py:104} INFO - [2021-04-14 13:46:11,452] {dagbag.py:448} INFO - Filling up the DagBag from /home/airflow/.local/lib/python3.6/site-packages/airflow/example_dags/example_subdag_operator.py
[2021-04-14 13:46:11,490] {scheduler_job.py:639} INFO - DAG(s) dict_keys(['example_subdag_operator.section-1', 'example_subdag_operator.section-2', 'example_subdag_operator']) retrieved from /home/airflow/.local/lib/python3.6/site-packages/airflow/example_dags/example_subdag_operator.py
[2021-04-14 13:46:11,504] {logging_mixin.py:104} INFO - [2021-04-14 13:46:11,504] {dag.py:1818} INFO - Sync 3 DAGs
[2021-04-14 13:46:11,529] {logging_mixin.py:104} INFO - [2021-04-14 13:46:11,528] {dag.py:2273} INFO - Setting next_dagrun for example_subdag_operator to 2021-04-12 00:00:00+00:00
[2021-04-14 13:46:11,530] {logging_mixin.py:104} INFO - [2021-04-14 13:46:11,530] {dag.py:2273} INFO - Setting next_dagrun for example_subdag_operator.section-1 to None
[2021-04-14 13:46:11,531] {logging_mixin.py:104} INFO - [2021-04-14 13:46:11,531] {dag.py:2273} INFO - Setting next_dagrun for example_subdag_operator.section-2 to None
[2021-04-14 13:46:11,541] {logging_mixin.py:104} INFO - [2021-04-14 13:46:11,541] {dag.py:1818} INFO - Sync 2 DAGs
[2021-04-14 13:46:11,551] {logging_mixin.py:104} INFO - [2021-04-14 13:46:11,551] {dag.py:2273} INFO - Setting next_dagrun for example_subdag_operator.section-1 to None
[2021-04-14 13:46:11,551] {logging_mixin.py:104} INFO - [2021-04-14 13:46:11,551] {dag.py:2273} INFO - Setting next_dagrun for example_subdag_operator.section-2 to None
[2021-04-14 13:46:11,560] {scheduler_job.py:190} INFO - Processing /home/airflow/.local/lib/python3.6/site-packages/airflow/example_dags/example_subdag_operator.py took 0.114 seconds
[2021-04-14 13:46:41,738] {scheduler_job.py:182} INFO - Started process (PID=1046) to work on /home/airflow/.local/lib/python3.6/site-packages/airflow/example_dags/example_subdag_operator.py
[2021-04-14 13:46:41,740] {scheduler_job.py:629} INFO - Processing file /home/airflow/.local/lib/python3.6/site-packages/airflow/example_dags/example_subdag_operator.py for tasks to queue
[2021-04-14 13:46:41,741] {logging_mixin.py:104} INFO - [2021-04-14 13:46:41,741] {dagbag.py:448} INFO - Filling up the DagBag from /home/airflow/.local/lib/python3.6/site-packages/airflow/example_dags/example_subdag_operator.py
[2021-04-14 13:46:41,777] {scheduler_job.py:639} INFO - DAG(s) dict_keys(['example_subdag_operator.section-1', 'example_subdag_operator.section-2', 'example_subdag_operator']) retrieved from /home/airflow/.local/lib/python3.6/site-packages/airflow/example_dags/example_subdag_operator.py
[2021-04-14 13:46:41,792] {logging_mixin.py:104} INFO - [2021-04-14 13:46:41,792] {dag.py:1818} INFO - Sync 3 DAGs
[2021-04-14 13:46:41,811] {logging_mixin.py:104} INFO - [2021-04-14 13:46:41,811] {dag.py:2273} INFO - Setting next_dagrun for example_subdag_operator to 2021-04-12 00:00:00+00:00
[2021-04-14 13:46:41,813] {logging_mixin.py:104} INFO - [2021-04-14 13:46:41,812] {dag.py:2273} INFO - Setting next_dagrun for example_subdag_operator.section-1 to None
[2021-04-14 13:46:41,813] {logging_mixin.py:104} INFO - [2021-04-14 13:46:41,813] {dag.py:2273} INFO - Setting next_dagrun for example_subdag_operator.section-2 to None
[2021-04-14 13:46:41,823] {logging_mixin.py:104} INFO - [2021-04-14 13:46:41,823] {dag.py:1818} INFO - Sync 2 DAGs
[2021-04-14 13:46:41,833] {logging_mixin.py:104} INFO - [2021-04-14 13:46:41,832] {dag.py:2273} INFO - Setting next_dagrun for example_subdag_operator.section-1 to None
[2021-04-14 13:46:41,833] {logging_mixin.py:104} INFO - [2021-04-14 13:46:41,833] {dag.py:2273} INFO - Setting next_dagrun for example_subdag_operator.section-2 to None
[2021-04-14 13:46:41,841] {scheduler_job.py:190} INFO - Processing /home/airflow/.local/lib/python3.6/site-packages/airflow/example_dags/example_subdag_operator.py took 0.107 seconds
[2021-04-14 13:47:12,164] {scheduler_job.py:182} INFO - Started process (PID=1072) to work on /home/airflow/.local/lib/python3.6/site-packages/airflow/example_dags/example_subdag_operator.py
[2021-04-14 13:47:12,166] {scheduler_job.py:629} INFO - Processing file /home/airflow/.local/lib/python3.6/site-packages/airflow/example_dags/example_subdag_operator.py for tasks to queue
[2021-04-14 13:47:12,167] {logging_mixin.py:104} INFO - [2021-04-14 13:47:12,167] {dagbag.py:448} INFO - Filling up the DagBag from /home/airflow/.local/lib/python3.6/site-packages/airflow/example_dags/example_subdag_operator.py
[2021-04-14 13:47:12,206] {scheduler_job.py:639} INFO - DAG(s) dict_keys(['example_subdag_operator.section-1', 'example_subdag_operator.section-2', 'example_subdag_operator']) retrieved from /home/airflow/.local/lib/python3.6/site-packages/airflow/example_dags/example_subdag_operator.py
[2021-04-14 13:47:12,222] {logging_mixin.py:104} INFO - [2021-04-14 13:47:12,222] {dag.py:1818} INFO - Sync 3 DAGs
[2021-04-14 13:47:12,245] {logging_mixin.py:104} INFO - [2021-04-14 13:47:12,244] {dag.py:2273} INFO - Setting next_dagrun for example_subdag_operator to 2021-04-12 00:00:00+00:00
[2021-04-14 13:47:12,246] {logging_mixin.py:104} INFO - [2021-04-14 13:47:12,246] {dag.py:2273} INFO - Setting next_dagrun for example_subdag_operator.section-1 to None
[2021-04-14 13:47:12,247] {logging_mixin.py:104} INFO - [2021-04-14 13:47:12,247] {dag.py:2273} INFO - Setting next_dagrun for example_subdag_operator.section-2 to None
[2021-04-14 13:47:12,256] {logging_mixin.py:104} INFO - [2021-04-14 13:47:12,256] {dag.py:1818} INFO - Sync 2 DAGs
[2021-04-14 13:47:12,267] {logging_mixin.py:104} INFO - [2021-04-14 13:47:12,267] {dag.py:2273} INFO - Setting next_dagrun for example_subdag_operator.section-1 to None
[2021-04-14 13:47:12,268] {logging_mixin.py:104} INFO - [2021-04-14 13:47:12,267] {dag.py:2273} INFO - Setting next_dagrun for example_subdag_operator.section-2 to None
[2021-04-14 13:47:12,276] {scheduler_job.py:190} INFO - Processing /home/airflow/.local/lib/python3.6/site-packages/airflow/example_dags/example_subdag_operator.py took 0.116 seconds
[2021-04-14 13:47:42,654] {scheduler_job.py:182} INFO - Started process (PID=1098) to work on /home/airflow/.local/lib/python3.6/site-packages/airflow/example_dags/example_subdag_operator.py
[2021-04-14 13:47:42,656] {scheduler_job.py:629} INFO - Processing file /home/airflow/.local/lib/python3.6/site-packages/airflow/example_dags/example_subdag_operator.py for tasks to queue
[2021-04-14 13:47:42,657] {logging_mixin.py:104} INFO - [2021-04-14 13:47:42,657] {dagbag.py:448} INFO - Filling up the DagBag from /home/airflow/.local/lib/python3.6/site-packages/airflow/example_dags/example_subdag_operator.py
[2021-04-14 13:47:42,700] {scheduler_job.py:639} INFO - DAG(s) dict_keys(['example_subdag_operator.section-1', 'example_subdag_operator.section-2', 'example_subdag_operator']) retrieved from /home/airflow/.local/lib/python3.6/site-packages/airflow/example_dags/example_subdag_operator.py
[2021-04-14 13:47:42,717] {logging_mixin.py:104} INFO - [2021-04-14 13:47:42,717] {dag.py:1818} INFO - Sync 3 DAGs
[2021-04-14 13:47:42,739] {logging_mixin.py:104} INFO - [2021-04-14 13:47:42,739] {dag.py:2273} INFO - Setting next_dagrun for example_subdag_operator to 2021-04-12 00:00:00+00:00
[2021-04-14 13:47:42,741] {logging_mixin.py:104} INFO - [2021-04-14 13:47:42,741] {dag.py:2273} INFO - Setting next_dagrun for example_subdag_operator.section-1 to None
[2021-04-14 13:47:42,741] {logging_mixin.py:104} INFO - [2021-04-14 13:47:42,741] {dag.py:2273} INFO - Setting next_dagrun for example_subdag_operator.section-2 to None
[2021-04-14 13:47:42,754] {logging_mixin.py:104} INFO - [2021-04-14 13:47:42,754] {dag.py:1818} INFO - Sync 2 DAGs
[2021-04-14 13:47:42,765] {logging_mixin.py:104} INFO - [2021-04-14 13:47:42,765] {dag.py:2273} INFO - Setting next_dagrun for example_subdag_operator.section-1 to None
[2021-04-14 13:47:42,766] {logging_mixin.py:104} INFO - [2021-04-14 13:47:42,765] {dag.py:2273} INFO - Setting next_dagrun for example_subdag_operator.section-2 to None
[2021-04-14 13:47:42,777] {scheduler_job.py:190} INFO - Processing /home/airflow/.local/lib/python3.6/site-packages/airflow/example_dags/example_subdag_operator.py took 0.126 seconds
[2021-04-14 13:48:13,085] {scheduler_job.py:182} INFO - Started process (PID=1124) to work on /home/airflow/.local/lib/python3.6/site-packages/airflow/example_dags/example_subdag_operator.py
[2021-04-14 13:48:13,086] {scheduler_job.py:629} INFO - Processing file /home/airflow/.local/lib/python3.6/site-packages/airflow/example_dags/example_subdag_operator.py for tasks to queue
[2021-04-14 13:48:13,087] {logging_mixin.py:104} INFO - [2021-04-14 13:48:13,087] {dagbag.py:448} INFO - Filling up the DagBag from /home/airflow/.local/lib/python3.6/site-packages/airflow/example_dags/example_subdag_operator.py
[2021-04-14 13:48:13,131] {scheduler_job.py:639} INFO - DAG(s) dict_keys(['example_subdag_operator.section-1', 'example_subdag_operator.section-2', 'example_subdag_operator']) retrieved from /home/airflow/.local/lib/python3.6/site-packages/airflow/example_dags/example_subdag_operator.py
[2021-04-14 13:48:13,146] {logging_mixin.py:104} INFO - [2021-04-14 13:48:13,146] {dag.py:1818} INFO - Sync 3 DAGs
[2021-04-14 13:48:13,166] {logging_mixin.py:104} INFO - [2021-04-14 13:48:13,166] {dag.py:2273} INFO - Setting next_dagrun for example_subdag_operator to 2021-04-12 00:00:00+00:00
[2021-04-14 13:48:13,167] {logging_mixin.py:104} INFO - [2021-04-14 13:48:13,167] {dag.py:2273} INFO - Setting next_dagrun for example_subdag_operator.section-1 to None
[2021-04-14 13:48:13,168] {logging_mixin.py:104} INFO - [2021-04-14 13:48:13,168] {dag.py:2273} INFO - Setting next_dagrun for example_subdag_operator.section-2 to None
[2021-04-14 13:48:13,247] {logging_mixin.py:104} INFO - [2021-04-14 13:48:13,247] {dag.py:1818} INFO - Sync 2 DAGs
[2021-04-14 13:48:13,258] {logging_mixin.py:104} INFO - [2021-04-14 13:48:13,258] {dag.py:2273} INFO - Setting next_dagrun for example_subdag_operator.section-1 to None
[2021-04-14 13:48:13,259] {logging_mixin.py:104} INFO - [2021-04-14 13:48:13,259] {dag.py:2273} INFO - Setting next_dagrun for example_subdag_operator.section-2 to None
[2021-04-14 13:48:13,267] {scheduler_job.py:190} INFO - Processing /home/airflow/.local/lib/python3.6/site-packages/airflow/example_dags/example_subdag_operator.py took 0.186 seconds
[2021-04-14 13:48:44,211] {scheduler_job.py:182} INFO - Started process (PID=1150) to work on /home/airflow/.local/lib/python3.6/site-packages/airflow/example_dags/example_subdag_operator.py
[2021-04-14 13:48:44,213] {scheduler_job.py:629} INFO - Processing file /home/airflow/.local/lib/python3.6/site-packages/airflow/example_dags/example_subdag_operator.py for tasks to queue
[2021-04-14 13:48:44,216] {logging_mixin.py:104} INFO - [2021-04-14 13:48:44,215] {dagbag.py:448} INFO - Filling up the DagBag from /home/airflow/.local/lib/python3.6/site-packages/airflow/example_dags/example_subdag_operator.py
[2021-04-14 13:48:44,289] {scheduler_job.py:639} INFO - DAG(s) dict_keys(['example_subdag_operator.section-1', 'example_subdag_operator.section-2', 'example_subdag_operator']) retrieved from /home/airflow/.local/lib/python3.6/site-packages/airflow/example_dags/example_subdag_operator.py
[2021-04-14 13:48:44,335] {logging_mixin.py:104} INFO - [2021-04-14 13:48:44,335] {dag.py:1818} INFO - Sync 3 DAGs
[2021-04-14 13:48:44,385] {logging_mixin.py:104} INFO - [2021-04-14 13:48:44,385] {dag.py:2273} INFO - Setting next_dagrun for example_subdag_operator to 2021-04-12 00:00:00+00:00
[2021-04-14 13:48:44,387] {logging_mixin.py:104} INFO - [2021-04-14 13:48:44,387] {dag.py:2273} INFO - Setting next_dagrun for example_subdag_operator.section-1 to None
[2021-04-14 13:48:44,389] {logging_mixin.py:104} INFO - [2021-04-14 13:48:44,388] {dag.py:2273} INFO - Setting next_dagrun for example_subdag_operator.section-2 to None
[2021-04-14 13:48:44,412] {logging_mixin.py:104} INFO - [2021-04-14 13:48:44,412] {dag.py:1818} INFO - Sync 2 DAGs
[2021-04-14 13:48:44,437] {logging_mixin.py:104} INFO - [2021-04-14 13:48:44,437] {dag.py:2273} INFO - Setting next_dagrun for example_subdag_operator.section-1 to None
[2021-04-14 13:48:44,438] {logging_mixin.py:104} INFO - [2021-04-14 13:48:44,438] {dag.py:2273} INFO - Setting next_dagrun for example_subdag_operator.section-2 to None
[2021-04-14 13:48:44,455] {scheduler_job.py:190} INFO - Processing /home/airflow/.local/lib/python3.6/site-packages/airflow/example_dags/example_subdag_operator.py took 0.250 seconds
