[2021-04-14 13:27:49,505] {scheduler_job.py:182} INFO - Started process (PID=31) to work on /home/airflow/.local/lib/python3.6/site-packages/airflow/example_dags/example_branch_python_dop_operator_3.py
[2021-04-14 13:27:49,510] {scheduler_job.py:629} INFO - Processing file /home/airflow/.local/lib/python3.6/site-packages/airflow/example_dags/example_branch_python_dop_operator_3.py for tasks to queue
[2021-04-14 13:27:49,515] {logging_mixin.py:104} INFO - [2021-04-14 13:27:49,515] {dagbag.py:448} INFO - Filling up the DagBag from /home/airflow/.local/lib/python3.6/site-packages/airflow/example_dags/example_branch_python_dop_operator_3.py
[2021-04-14 13:27:49,591] {scheduler_job.py:639} INFO - DAG(s) dict_keys(['example_branch_dop_operator_v3']) retrieved from /home/airflow/.local/lib/python3.6/site-packages/airflow/example_dags/example_branch_python_dop_operator_3.py
[2021-04-14 13:27:49,679] {logging_mixin.py:104} INFO - [2021-04-14 13:27:49,678] {dag.py:1818} INFO - Sync 1 DAGs
[2021-04-14 13:27:49,836] {logging_mixin.py:104} INFO - [2021-04-14 13:27:49,836] {dag.py:2273} INFO - Setting next_dagrun for example_branch_dop_operator_v3 to 2021-04-12 00:00:00+00:00
[2021-04-14 13:27:49,899] {scheduler_job.py:190} INFO - Processing /home/airflow/.local/lib/python3.6/site-packages/airflow/example_dags/example_branch_python_dop_operator_3.py took 0.407 seconds
[2021-04-14 13:28:21,183] {scheduler_job.py:182} INFO - Started process (PID=86) to work on /home/airflow/.local/lib/python3.6/site-packages/airflow/example_dags/example_branch_python_dop_operator_3.py
[2021-04-14 13:28:21,201] {scheduler_job.py:629} INFO - Processing file /home/airflow/.local/lib/python3.6/site-packages/airflow/example_dags/example_branch_python_dop_operator_3.py for tasks to queue
[2021-04-14 13:28:21,213] {logging_mixin.py:104} INFO - [2021-04-14 13:28:21,213] {dagbag.py:448} INFO - Filling up the DagBag from /home/airflow/.local/lib/python3.6/site-packages/airflow/example_dags/example_branch_python_dop_operator_3.py
[2021-04-14 13:28:21,351] {scheduler_job.py:639} INFO - DAG(s) dict_keys(['example_branch_dop_operator_v3']) retrieved from /home/airflow/.local/lib/python3.6/site-packages/airflow/example_dags/example_branch_python_dop_operator_3.py
[2021-04-14 13:28:21,554] {logging_mixin.py:104} INFO - [2021-04-14 13:28:21,553] {dag.py:1818} INFO - Sync 1 DAGs
[2021-04-14 13:28:21,721] {logging_mixin.py:104} INFO - [2021-04-14 13:28:21,721] {dag.py:2273} INFO - Setting next_dagrun for example_branch_dop_operator_v3 to 2021-04-12 00:00:00+00:00
[2021-04-14 13:28:21,785] {scheduler_job.py:190} INFO - Processing /home/airflow/.local/lib/python3.6/site-packages/airflow/example_dags/example_branch_python_dop_operator_3.py took 0.631 seconds
[2021-04-14 13:28:52,092] {scheduler_job.py:182} INFO - Started process (PID=117) to work on /home/airflow/.local/lib/python3.6/site-packages/airflow/example_dags/example_branch_python_dop_operator_3.py
[2021-04-14 13:28:52,093] {scheduler_job.py:629} INFO - Processing file /home/airflow/.local/lib/python3.6/site-packages/airflow/example_dags/example_branch_python_dop_operator_3.py for tasks to queue
[2021-04-14 13:28:52,094] {logging_mixin.py:104} INFO - [2021-04-14 13:28:52,094] {dagbag.py:448} INFO - Filling up the DagBag from /home/airflow/.local/lib/python3.6/site-packages/airflow/example_dags/example_branch_python_dop_operator_3.py
[2021-04-14 13:28:52,110] {scheduler_job.py:639} INFO - DAG(s) dict_keys(['example_branch_dop_operator_v3']) retrieved from /home/airflow/.local/lib/python3.6/site-packages/airflow/example_dags/example_branch_python_dop_operator_3.py
[2021-04-14 13:28:52,144] {logging_mixin.py:104} INFO - [2021-04-14 13:28:52,144] {dag.py:1818} INFO - Sync 1 DAGs
[2021-04-14 13:28:52,180] {logging_mixin.py:104} INFO - [2021-04-14 13:28:52,180] {dag.py:2273} INFO - Setting next_dagrun for example_branch_dop_operator_v3 to 2021-04-12 00:00:00+00:00
[2021-04-14 13:28:52,193] {scheduler_job.py:190} INFO - Processing /home/airflow/.local/lib/python3.6/site-packages/airflow/example_dags/example_branch_python_dop_operator_3.py took 0.104 seconds
[2021-04-14 13:29:22,257] {scheduler_job.py:182} INFO - Started process (PID=143) to work on /home/airflow/.local/lib/python3.6/site-packages/airflow/example_dags/example_branch_python_dop_operator_3.py
[2021-04-14 13:29:22,259] {scheduler_job.py:629} INFO - Processing file /home/airflow/.local/lib/python3.6/site-packages/airflow/example_dags/example_branch_python_dop_operator_3.py for tasks to queue
[2021-04-14 13:29:22,260] {logging_mixin.py:104} INFO - [2021-04-14 13:29:22,260] {dagbag.py:448} INFO - Filling up the DagBag from /home/airflow/.local/lib/python3.6/site-packages/airflow/example_dags/example_branch_python_dop_operator_3.py
[2021-04-14 13:29:22,274] {scheduler_job.py:639} INFO - DAG(s) dict_keys(['example_branch_dop_operator_v3']) retrieved from /home/airflow/.local/lib/python3.6/site-packages/airflow/example_dags/example_branch_python_dop_operator_3.py
[2021-04-14 13:29:22,294] {logging_mixin.py:104} INFO - [2021-04-14 13:29:22,294] {dag.py:1818} INFO - Sync 1 DAGs
[2021-04-14 13:29:22,322] {logging_mixin.py:104} INFO - [2021-04-14 13:29:22,322] {dag.py:2273} INFO - Setting next_dagrun for example_branch_dop_operator_v3 to 2021-04-12 00:00:00+00:00
[2021-04-14 13:29:22,332] {scheduler_job.py:190} INFO - Processing /home/airflow/.local/lib/python3.6/site-packages/airflow/example_dags/example_branch_python_dop_operator_3.py took 0.078 seconds
[2021-04-14 13:29:52,508] {scheduler_job.py:182} INFO - Started process (PID=169) to work on /home/airflow/.local/lib/python3.6/site-packages/airflow/example_dags/example_branch_python_dop_operator_3.py
[2021-04-14 13:29:52,509] {scheduler_job.py:629} INFO - Processing file /home/airflow/.local/lib/python3.6/site-packages/airflow/example_dags/example_branch_python_dop_operator_3.py for tasks to queue
[2021-04-14 13:29:52,510] {logging_mixin.py:104} INFO - [2021-04-14 13:29:52,510] {dagbag.py:448} INFO - Filling up the DagBag from /home/airflow/.local/lib/python3.6/site-packages/airflow/example_dags/example_branch_python_dop_operator_3.py
[2021-04-14 13:29:52,524] {scheduler_job.py:639} INFO - DAG(s) dict_keys(['example_branch_dop_operator_v3']) retrieved from /home/airflow/.local/lib/python3.6/site-packages/airflow/example_dags/example_branch_python_dop_operator_3.py
[2021-04-14 13:29:52,544] {logging_mixin.py:104} INFO - [2021-04-14 13:29:52,544] {dag.py:1818} INFO - Sync 1 DAGs
[2021-04-14 13:29:52,570] {logging_mixin.py:104} INFO - [2021-04-14 13:29:52,570] {dag.py:2273} INFO - Setting next_dagrun for example_branch_dop_operator_v3 to 2021-04-12 00:00:00+00:00
[2021-04-14 13:29:52,580] {scheduler_job.py:190} INFO - Processing /home/airflow/.local/lib/python3.6/site-packages/airflow/example_dags/example_branch_python_dop_operator_3.py took 0.075 seconds
[2021-04-14 13:30:22,662] {scheduler_job.py:182} INFO - Started process (PID=195) to work on /home/airflow/.local/lib/python3.6/site-packages/airflow/example_dags/example_branch_python_dop_operator_3.py
[2021-04-14 13:30:22,664] {scheduler_job.py:629} INFO - Processing file /home/airflow/.local/lib/python3.6/site-packages/airflow/example_dags/example_branch_python_dop_operator_3.py for tasks to queue
[2021-04-14 13:30:22,665] {logging_mixin.py:104} INFO - [2021-04-14 13:30:22,664] {dagbag.py:448} INFO - Filling up the DagBag from /home/airflow/.local/lib/python3.6/site-packages/airflow/example_dags/example_branch_python_dop_operator_3.py
[2021-04-14 13:30:22,677] {scheduler_job.py:639} INFO - DAG(s) dict_keys(['example_branch_dop_operator_v3']) retrieved from /home/airflow/.local/lib/python3.6/site-packages/airflow/example_dags/example_branch_python_dop_operator_3.py
[2021-04-14 13:30:22,697] {logging_mixin.py:104} INFO - [2021-04-14 13:30:22,697] {dag.py:1818} INFO - Sync 1 DAGs
[2021-04-14 13:30:22,725] {logging_mixin.py:104} INFO - [2021-04-14 13:30:22,725] {dag.py:2273} INFO - Setting next_dagrun for example_branch_dop_operator_v3 to 2021-04-12 00:00:00+00:00
[2021-04-14 13:30:22,735] {scheduler_job.py:190} INFO - Processing /home/airflow/.local/lib/python3.6/site-packages/airflow/example_dags/example_branch_python_dop_operator_3.py took 0.076 seconds
[2021-04-14 13:30:52,764] {scheduler_job.py:182} INFO - Started process (PID=221) to work on /home/airflow/.local/lib/python3.6/site-packages/airflow/example_dags/example_branch_python_dop_operator_3.py
[2021-04-14 13:30:52,765] {scheduler_job.py:629} INFO - Processing file /home/airflow/.local/lib/python3.6/site-packages/airflow/example_dags/example_branch_python_dop_operator_3.py for tasks to queue
[2021-04-14 13:30:52,767] {logging_mixin.py:104} INFO - [2021-04-14 13:30:52,766] {dagbag.py:448} INFO - Filling up the DagBag from /home/airflow/.local/lib/python3.6/site-packages/airflow/example_dags/example_branch_python_dop_operator_3.py
[2021-04-14 13:30:52,783] {scheduler_job.py:639} INFO - DAG(s) dict_keys(['example_branch_dop_operator_v3']) retrieved from /home/airflow/.local/lib/python3.6/site-packages/airflow/example_dags/example_branch_python_dop_operator_3.py
[2021-04-14 13:30:52,809] {logging_mixin.py:104} INFO - [2021-04-14 13:30:52,808] {dag.py:1818} INFO - Sync 1 DAGs
[2021-04-14 13:30:52,846] {logging_mixin.py:104} INFO - [2021-04-14 13:30:52,846] {dag.py:2273} INFO - Setting next_dagrun for example_branch_dop_operator_v3 to 2021-04-12 00:00:00+00:00
[2021-04-14 13:30:52,858] {scheduler_job.py:190} INFO - Processing /home/airflow/.local/lib/python3.6/site-packages/airflow/example_dags/example_branch_python_dop_operator_3.py took 0.098 seconds
[2021-04-14 13:31:23,287] {scheduler_job.py:182} INFO - Started process (PID=247) to work on /home/airflow/.local/lib/python3.6/site-packages/airflow/example_dags/example_branch_python_dop_operator_3.py
[2021-04-14 13:31:23,288] {scheduler_job.py:629} INFO - Processing file /home/airflow/.local/lib/python3.6/site-packages/airflow/example_dags/example_branch_python_dop_operator_3.py for tasks to queue
[2021-04-14 13:31:23,289] {logging_mixin.py:104} INFO - [2021-04-14 13:31:23,289] {dagbag.py:448} INFO - Filling up the DagBag from /home/airflow/.local/lib/python3.6/site-packages/airflow/example_dags/example_branch_python_dop_operator_3.py
[2021-04-14 13:31:23,302] {scheduler_job.py:639} INFO - DAG(s) dict_keys(['example_branch_dop_operator_v3']) retrieved from /home/airflow/.local/lib/python3.6/site-packages/airflow/example_dags/example_branch_python_dop_operator_3.py
[2021-04-14 13:31:23,322] {logging_mixin.py:104} INFO - [2021-04-14 13:31:23,322] {dag.py:1818} INFO - Sync 1 DAGs
[2021-04-14 13:31:23,349] {logging_mixin.py:104} INFO - [2021-04-14 13:31:23,349] {dag.py:2273} INFO - Setting next_dagrun for example_branch_dop_operator_v3 to 2021-04-12 00:00:00+00:00
[2021-04-14 13:31:23,359] {scheduler_job.py:190} INFO - Processing /home/airflow/.local/lib/python3.6/site-packages/airflow/example_dags/example_branch_python_dop_operator_3.py took 0.075 seconds
[2021-04-14 13:31:53,404] {scheduler_job.py:182} INFO - Started process (PID=273) to work on /home/airflow/.local/lib/python3.6/site-packages/airflow/example_dags/example_branch_python_dop_operator_3.py
[2021-04-14 13:31:53,405] {scheduler_job.py:629} INFO - Processing file /home/airflow/.local/lib/python3.6/site-packages/airflow/example_dags/example_branch_python_dop_operator_3.py for tasks to queue
[2021-04-14 13:31:53,407] {logging_mixin.py:104} INFO - [2021-04-14 13:31:53,407] {dagbag.py:448} INFO - Filling up the DagBag from /home/airflow/.local/lib/python3.6/site-packages/airflow/example_dags/example_branch_python_dop_operator_3.py
[2021-04-14 13:31:53,432] {scheduler_job.py:639} INFO - DAG(s) dict_keys(['example_branch_dop_operator_v3']) retrieved from /home/airflow/.local/lib/python3.6/site-packages/airflow/example_dags/example_branch_python_dop_operator_3.py
[2021-04-14 13:31:53,468] {logging_mixin.py:104} INFO - [2021-04-14 13:31:53,468] {dag.py:1818} INFO - Sync 1 DAGs
[2021-04-14 13:31:53,540] {logging_mixin.py:104} INFO - [2021-04-14 13:31:53,539] {dag.py:2273} INFO - Setting next_dagrun for example_branch_dop_operator_v3 to 2021-04-12 00:00:00+00:00
[2021-04-14 13:31:53,556] {scheduler_job.py:190} INFO - Processing /home/airflow/.local/lib/python3.6/site-packages/airflow/example_dags/example_branch_python_dop_operator_3.py took 0.158 seconds
[2021-04-14 13:32:23,812] {scheduler_job.py:182} INFO - Started process (PID=299) to work on /home/airflow/.local/lib/python3.6/site-packages/airflow/example_dags/example_branch_python_dop_operator_3.py
[2021-04-14 13:32:23,813] {scheduler_job.py:629} INFO - Processing file /home/airflow/.local/lib/python3.6/site-packages/airflow/example_dags/example_branch_python_dop_operator_3.py for tasks to queue
[2021-04-14 13:32:23,814] {logging_mixin.py:104} INFO - [2021-04-14 13:32:23,814] {dagbag.py:448} INFO - Filling up the DagBag from /home/airflow/.local/lib/python3.6/site-packages/airflow/example_dags/example_branch_python_dop_operator_3.py
[2021-04-14 13:32:23,829] {scheduler_job.py:639} INFO - DAG(s) dict_keys(['example_branch_dop_operator_v3']) retrieved from /home/airflow/.local/lib/python3.6/site-packages/airflow/example_dags/example_branch_python_dop_operator_3.py
[2021-04-14 13:32:23,853] {logging_mixin.py:104} INFO - [2021-04-14 13:32:23,853] {dag.py:1818} INFO - Sync 1 DAGs
[2021-04-14 13:32:23,887] {logging_mixin.py:104} INFO - [2021-04-14 13:32:23,887] {dag.py:2273} INFO - Setting next_dagrun for example_branch_dop_operator_v3 to 2021-04-12 00:00:00+00:00
[2021-04-14 13:32:23,898] {scheduler_job.py:190} INFO - Processing /home/airflow/.local/lib/python3.6/site-packages/airflow/example_dags/example_branch_python_dop_operator_3.py took 0.090 seconds
[2021-04-14 13:32:54,002] {scheduler_job.py:182} INFO - Started process (PID=325) to work on /home/airflow/.local/lib/python3.6/site-packages/airflow/example_dags/example_branch_python_dop_operator_3.py
[2021-04-14 13:32:54,004] {scheduler_job.py:629} INFO - Processing file /home/airflow/.local/lib/python3.6/site-packages/airflow/example_dags/example_branch_python_dop_operator_3.py for tasks to queue
[2021-04-14 13:32:54,005] {logging_mixin.py:104} INFO - [2021-04-14 13:32:54,005] {dagbag.py:448} INFO - Filling up the DagBag from /home/airflow/.local/lib/python3.6/site-packages/airflow/example_dags/example_branch_python_dop_operator_3.py
[2021-04-14 13:32:54,020] {scheduler_job.py:639} INFO - DAG(s) dict_keys(['example_branch_dop_operator_v3']) retrieved from /home/airflow/.local/lib/python3.6/site-packages/airflow/example_dags/example_branch_python_dop_operator_3.py
[2021-04-14 13:32:54,042] {logging_mixin.py:104} INFO - [2021-04-14 13:32:54,042] {dag.py:1818} INFO - Sync 1 DAGs
[2021-04-14 13:32:54,076] {logging_mixin.py:104} INFO - [2021-04-14 13:32:54,076] {dag.py:2273} INFO - Setting next_dagrun for example_branch_dop_operator_v3 to 2021-04-12 00:00:00+00:00
[2021-04-14 13:32:54,088] {scheduler_job.py:190} INFO - Processing /home/airflow/.local/lib/python3.6/site-packages/airflow/example_dags/example_branch_python_dop_operator_3.py took 0.089 seconds
[2021-04-14 13:33:24,156] {scheduler_job.py:182} INFO - Started process (PID=351) to work on /home/airflow/.local/lib/python3.6/site-packages/airflow/example_dags/example_branch_python_dop_operator_3.py
[2021-04-14 13:33:24,158] {scheduler_job.py:629} INFO - Processing file /home/airflow/.local/lib/python3.6/site-packages/airflow/example_dags/example_branch_python_dop_operator_3.py for tasks to queue
[2021-04-14 13:33:24,159] {logging_mixin.py:104} INFO - [2021-04-14 13:33:24,159] {dagbag.py:448} INFO - Filling up the DagBag from /home/airflow/.local/lib/python3.6/site-packages/airflow/example_dags/example_branch_python_dop_operator_3.py
[2021-04-14 13:33:24,179] {scheduler_job.py:639} INFO - DAG(s) dict_keys(['example_branch_dop_operator_v3']) retrieved from /home/airflow/.local/lib/python3.6/site-packages/airflow/example_dags/example_branch_python_dop_operator_3.py
[2021-04-14 13:33:24,205] {logging_mixin.py:104} INFO - [2021-04-14 13:33:24,205] {dag.py:1818} INFO - Sync 1 DAGs
[2021-04-14 13:33:24,248] {logging_mixin.py:104} INFO - [2021-04-14 13:33:24,248] {dag.py:2273} INFO - Setting next_dagrun for example_branch_dop_operator_v3 to 2021-04-12 00:00:00+00:00
[2021-04-14 13:33:24,261] {scheduler_job.py:190} INFO - Processing /home/airflow/.local/lib/python3.6/site-packages/airflow/example_dags/example_branch_python_dop_operator_3.py took 0.109 seconds
[2021-04-14 13:33:54,376] {scheduler_job.py:182} INFO - Started process (PID=377) to work on /home/airflow/.local/lib/python3.6/site-packages/airflow/example_dags/example_branch_python_dop_operator_3.py
[2021-04-14 13:33:54,377] {scheduler_job.py:629} INFO - Processing file /home/airflow/.local/lib/python3.6/site-packages/airflow/example_dags/example_branch_python_dop_operator_3.py for tasks to queue
[2021-04-14 13:33:54,378] {logging_mixin.py:104} INFO - [2021-04-14 13:33:54,378] {dagbag.py:448} INFO - Filling up the DagBag from /home/airflow/.local/lib/python3.6/site-packages/airflow/example_dags/example_branch_python_dop_operator_3.py
[2021-04-14 13:33:54,399] {scheduler_job.py:639} INFO - DAG(s) dict_keys(['example_branch_dop_operator_v3']) retrieved from /home/airflow/.local/lib/python3.6/site-packages/airflow/example_dags/example_branch_python_dop_operator_3.py
[2021-04-14 13:33:54,426] {logging_mixin.py:104} INFO - [2021-04-14 13:33:54,426] {dag.py:1818} INFO - Sync 1 DAGs
[2021-04-14 13:33:54,473] {logging_mixin.py:104} INFO - [2021-04-14 13:33:54,473] {dag.py:2273} INFO - Setting next_dagrun for example_branch_dop_operator_v3 to 2021-04-12 00:00:00+00:00
[2021-04-14 13:33:54,486] {scheduler_job.py:190} INFO - Processing /home/airflow/.local/lib/python3.6/site-packages/airflow/example_dags/example_branch_python_dop_operator_3.py took 0.115 seconds
[2021-04-14 13:34:24,644] {scheduler_job.py:182} INFO - Started process (PID=403) to work on /home/airflow/.local/lib/python3.6/site-packages/airflow/example_dags/example_branch_python_dop_operator_3.py
[2021-04-14 13:34:24,646] {scheduler_job.py:629} INFO - Processing file /home/airflow/.local/lib/python3.6/site-packages/airflow/example_dags/example_branch_python_dop_operator_3.py for tasks to queue
[2021-04-14 13:34:24,647] {logging_mixin.py:104} INFO - [2021-04-14 13:34:24,647] {dagbag.py:448} INFO - Filling up the DagBag from /home/airflow/.local/lib/python3.6/site-packages/airflow/example_dags/example_branch_python_dop_operator_3.py
[2021-04-14 13:34:24,678] {scheduler_job.py:639} INFO - DAG(s) dict_keys(['example_branch_dop_operator_v3']) retrieved from /home/airflow/.local/lib/python3.6/site-packages/airflow/example_dags/example_branch_python_dop_operator_3.py
[2021-04-14 13:34:24,718] {logging_mixin.py:104} INFO - [2021-04-14 13:34:24,718] {dag.py:1818} INFO - Sync 1 DAGs
[2021-04-14 13:34:24,789] {logging_mixin.py:104} INFO - [2021-04-14 13:34:24,789] {dag.py:2273} INFO - Setting next_dagrun for example_branch_dop_operator_v3 to 2021-04-12 00:00:00+00:00
[2021-04-14 13:34:24,807] {scheduler_job.py:190} INFO - Processing /home/airflow/.local/lib/python3.6/site-packages/airflow/example_dags/example_branch_python_dop_operator_3.py took 0.170 seconds
[2021-04-14 13:34:55,005] {scheduler_job.py:182} INFO - Started process (PID=429) to work on /home/airflow/.local/lib/python3.6/site-packages/airflow/example_dags/example_branch_python_dop_operator_3.py
[2021-04-14 13:34:55,008] {scheduler_job.py:629} INFO - Processing file /home/airflow/.local/lib/python3.6/site-packages/airflow/example_dags/example_branch_python_dop_operator_3.py for tasks to queue
[2021-04-14 13:34:55,010] {logging_mixin.py:104} INFO - [2021-04-14 13:34:55,009] {dagbag.py:448} INFO - Filling up the DagBag from /home/airflow/.local/lib/python3.6/site-packages/airflow/example_dags/example_branch_python_dop_operator_3.py
[2021-04-14 13:34:55,035] {scheduler_job.py:639} INFO - DAG(s) dict_keys(['example_branch_dop_operator_v3']) retrieved from /home/airflow/.local/lib/python3.6/site-packages/airflow/example_dags/example_branch_python_dop_operator_3.py
[2021-04-14 13:34:55,064] {logging_mixin.py:104} INFO - [2021-04-14 13:34:55,064] {dag.py:1818} INFO - Sync 1 DAGs
[2021-04-14 13:34:55,113] {logging_mixin.py:104} INFO - [2021-04-14 13:34:55,113] {dag.py:2273} INFO - Setting next_dagrun for example_branch_dop_operator_v3 to 2021-04-12 00:00:00+00:00
[2021-04-14 13:34:55,128] {scheduler_job.py:190} INFO - Processing /home/airflow/.local/lib/python3.6/site-packages/airflow/example_dags/example_branch_python_dop_operator_3.py took 0.129 seconds
[2021-04-14 13:35:25,367] {scheduler_job.py:182} INFO - Started process (PID=455) to work on /home/airflow/.local/lib/python3.6/site-packages/airflow/example_dags/example_branch_python_dop_operator_3.py
[2021-04-14 13:35:25,369] {scheduler_job.py:629} INFO - Processing file /home/airflow/.local/lib/python3.6/site-packages/airflow/example_dags/example_branch_python_dop_operator_3.py for tasks to queue
[2021-04-14 13:35:25,371] {logging_mixin.py:104} INFO - [2021-04-14 13:35:25,370] {dagbag.py:448} INFO - Filling up the DagBag from /home/airflow/.local/lib/python3.6/site-packages/airflow/example_dags/example_branch_python_dop_operator_3.py
[2021-04-14 13:35:25,394] {scheduler_job.py:639} INFO - DAG(s) dict_keys(['example_branch_dop_operator_v3']) retrieved from /home/airflow/.local/lib/python3.6/site-packages/airflow/example_dags/example_branch_python_dop_operator_3.py
[2021-04-14 13:35:25,427] {logging_mixin.py:104} INFO - [2021-04-14 13:35:25,426] {dag.py:1818} INFO - Sync 1 DAGs
[2021-04-14 13:35:25,483] {logging_mixin.py:104} INFO - [2021-04-14 13:35:25,483] {dag.py:2273} INFO - Setting next_dagrun for example_branch_dop_operator_v3 to 2021-04-12 00:00:00+00:00
[2021-04-14 13:35:25,496] {scheduler_job.py:190} INFO - Processing /home/airflow/.local/lib/python3.6/site-packages/airflow/example_dags/example_branch_python_dop_operator_3.py took 0.134 seconds
[2021-04-14 13:35:55,681] {scheduler_job.py:182} INFO - Started process (PID=481) to work on /home/airflow/.local/lib/python3.6/site-packages/airflow/example_dags/example_branch_python_dop_operator_3.py
[2021-04-14 13:35:55,683] {scheduler_job.py:629} INFO - Processing file /home/airflow/.local/lib/python3.6/site-packages/airflow/example_dags/example_branch_python_dop_operator_3.py for tasks to queue
[2021-04-14 13:35:55,684] {logging_mixin.py:104} INFO - [2021-04-14 13:35:55,684] {dagbag.py:448} INFO - Filling up the DagBag from /home/airflow/.local/lib/python3.6/site-packages/airflow/example_dags/example_branch_python_dop_operator_3.py
[2021-04-14 13:35:55,708] {scheduler_job.py:639} INFO - DAG(s) dict_keys(['example_branch_dop_operator_v3']) retrieved from /home/airflow/.local/lib/python3.6/site-packages/airflow/example_dags/example_branch_python_dop_operator_3.py
[2021-04-14 13:35:55,734] {logging_mixin.py:104} INFO - [2021-04-14 13:35:55,733] {dag.py:1818} INFO - Sync 1 DAGs
[2021-04-14 13:35:55,776] {logging_mixin.py:104} INFO - [2021-04-14 13:35:55,775] {dag.py:2273} INFO - Setting next_dagrun for example_branch_dop_operator_v3 to 2021-04-12 00:00:00+00:00
[2021-04-14 13:35:55,789] {scheduler_job.py:190} INFO - Processing /home/airflow/.local/lib/python3.6/site-packages/airflow/example_dags/example_branch_python_dop_operator_3.py took 0.113 seconds
[2021-04-14 13:36:25,945] {scheduler_job.py:182} INFO - Started process (PID=507) to work on /home/airflow/.local/lib/python3.6/site-packages/airflow/example_dags/example_branch_python_dop_operator_3.py
[2021-04-14 13:36:25,947] {scheduler_job.py:629} INFO - Processing file /home/airflow/.local/lib/python3.6/site-packages/airflow/example_dags/example_branch_python_dop_operator_3.py for tasks to queue
[2021-04-14 13:36:25,949] {logging_mixin.py:104} INFO - [2021-04-14 13:36:25,949] {dagbag.py:448} INFO - Filling up the DagBag from /home/airflow/.local/lib/python3.6/site-packages/airflow/example_dags/example_branch_python_dop_operator_3.py
[2021-04-14 13:36:25,979] {scheduler_job.py:639} INFO - DAG(s) dict_keys(['example_branch_dop_operator_v3']) retrieved from /home/airflow/.local/lib/python3.6/site-packages/airflow/example_dags/example_branch_python_dop_operator_3.py
[2021-04-14 13:36:26,017] {logging_mixin.py:104} INFO - [2021-04-14 13:36:26,017] {dag.py:1818} INFO - Sync 1 DAGs
[2021-04-14 13:36:26,100] {logging_mixin.py:104} INFO - [2021-04-14 13:36:26,100] {dag.py:2273} INFO - Setting next_dagrun for example_branch_dop_operator_v3 to 2021-04-12 00:00:00+00:00
[2021-04-14 13:36:26,120] {scheduler_job.py:190} INFO - Processing /home/airflow/.local/lib/python3.6/site-packages/airflow/example_dags/example_branch_python_dop_operator_3.py took 0.182 seconds
[2021-04-14 13:36:56,360] {scheduler_job.py:182} INFO - Started process (PID=533) to work on /home/airflow/.local/lib/python3.6/site-packages/airflow/example_dags/example_branch_python_dop_operator_3.py
[2021-04-14 13:36:56,362] {scheduler_job.py:629} INFO - Processing file /home/airflow/.local/lib/python3.6/site-packages/airflow/example_dags/example_branch_python_dop_operator_3.py for tasks to queue
[2021-04-14 13:36:56,363] {logging_mixin.py:104} INFO - [2021-04-14 13:36:56,363] {dagbag.py:448} INFO - Filling up the DagBag from /home/airflow/.local/lib/python3.6/site-packages/airflow/example_dags/example_branch_python_dop_operator_3.py
[2021-04-14 13:36:56,382] {scheduler_job.py:639} INFO - DAG(s) dict_keys(['example_branch_dop_operator_v3']) retrieved from /home/airflow/.local/lib/python3.6/site-packages/airflow/example_dags/example_branch_python_dop_operator_3.py
[2021-04-14 13:36:56,409] {logging_mixin.py:104} INFO - [2021-04-14 13:36:56,409] {dag.py:1818} INFO - Sync 1 DAGs
[2021-04-14 13:36:56,450] {logging_mixin.py:104} INFO - [2021-04-14 13:36:56,450] {dag.py:2273} INFO - Setting next_dagrun for example_branch_dop_operator_v3 to 2021-04-12 00:00:00+00:00
[2021-04-14 13:36:56,463] {scheduler_job.py:190} INFO - Processing /home/airflow/.local/lib/python3.6/site-packages/airflow/example_dags/example_branch_python_dop_operator_3.py took 0.106 seconds
[2021-04-14 13:37:26,837] {scheduler_job.py:182} INFO - Started process (PID=559) to work on /home/airflow/.local/lib/python3.6/site-packages/airflow/example_dags/example_branch_python_dop_operator_3.py
[2021-04-14 13:37:26,839] {scheduler_job.py:629} INFO - Processing file /home/airflow/.local/lib/python3.6/site-packages/airflow/example_dags/example_branch_python_dop_operator_3.py for tasks to queue
[2021-04-14 13:37:26,840] {logging_mixin.py:104} INFO - [2021-04-14 13:37:26,840] {dagbag.py:448} INFO - Filling up the DagBag from /home/airflow/.local/lib/python3.6/site-packages/airflow/example_dags/example_branch_python_dop_operator_3.py
[2021-04-14 13:37:26,860] {scheduler_job.py:639} INFO - DAG(s) dict_keys(['example_branch_dop_operator_v3']) retrieved from /home/airflow/.local/lib/python3.6/site-packages/airflow/example_dags/example_branch_python_dop_operator_3.py
[2021-04-14 13:37:26,892] {logging_mixin.py:104} INFO - [2021-04-14 13:37:26,892] {dag.py:1818} INFO - Sync 1 DAGs
[2021-04-14 13:37:26,929] {logging_mixin.py:104} INFO - [2021-04-14 13:37:26,929] {dag.py:2273} INFO - Setting next_dagrun for example_branch_dop_operator_v3 to 2021-04-12 00:00:00+00:00
[2021-04-14 13:37:26,940] {scheduler_job.py:190} INFO - Processing /home/airflow/.local/lib/python3.6/site-packages/airflow/example_dags/example_branch_python_dop_operator_3.py took 0.109 seconds
[2021-04-14 13:37:57,044] {scheduler_job.py:182} INFO - Started process (PID=585) to work on /home/airflow/.local/lib/python3.6/site-packages/airflow/example_dags/example_branch_python_dop_operator_3.py
[2021-04-14 13:37:57,045] {scheduler_job.py:629} INFO - Processing file /home/airflow/.local/lib/python3.6/site-packages/airflow/example_dags/example_branch_python_dop_operator_3.py for tasks to queue
[2021-04-14 13:37:57,047] {logging_mixin.py:104} INFO - [2021-04-14 13:37:57,047] {dagbag.py:448} INFO - Filling up the DagBag from /home/airflow/.local/lib/python3.6/site-packages/airflow/example_dags/example_branch_python_dop_operator_3.py
[2021-04-14 13:37:57,067] {scheduler_job.py:639} INFO - DAG(s) dict_keys(['example_branch_dop_operator_v3']) retrieved from /home/airflow/.local/lib/python3.6/site-packages/airflow/example_dags/example_branch_python_dop_operator_3.py
[2021-04-14 13:37:57,090] {logging_mixin.py:104} INFO - [2021-04-14 13:37:57,089] {dag.py:1818} INFO - Sync 1 DAGs
[2021-04-14 13:37:57,124] {logging_mixin.py:104} INFO - [2021-04-14 13:37:57,124] {dag.py:2273} INFO - Setting next_dagrun for example_branch_dop_operator_v3 to 2021-04-12 00:00:00+00:00
[2021-04-14 13:37:57,139] {scheduler_job.py:190} INFO - Processing /home/airflow/.local/lib/python3.6/site-packages/airflow/example_dags/example_branch_python_dop_operator_3.py took 0.098 seconds
[2021-04-14 13:38:27,594] {scheduler_job.py:182} INFO - Started process (PID=611) to work on /home/airflow/.local/lib/python3.6/site-packages/airflow/example_dags/example_branch_python_dop_operator_3.py
[2021-04-14 13:38:27,595] {scheduler_job.py:629} INFO - Processing file /home/airflow/.local/lib/python3.6/site-packages/airflow/example_dags/example_branch_python_dop_operator_3.py for tasks to queue
[2021-04-14 13:38:27,596] {logging_mixin.py:104} INFO - [2021-04-14 13:38:27,596] {dagbag.py:448} INFO - Filling up the DagBag from /home/airflow/.local/lib/python3.6/site-packages/airflow/example_dags/example_branch_python_dop_operator_3.py
[2021-04-14 13:38:27,615] {scheduler_job.py:639} INFO - DAG(s) dict_keys(['example_branch_dop_operator_v3']) retrieved from /home/airflow/.local/lib/python3.6/site-packages/airflow/example_dags/example_branch_python_dop_operator_3.py
[2021-04-14 13:38:27,645] {logging_mixin.py:104} INFO - [2021-04-14 13:38:27,645] {dag.py:1818} INFO - Sync 1 DAGs
[2021-04-14 13:38:27,682] {logging_mixin.py:104} INFO - [2021-04-14 13:38:27,682] {dag.py:2273} INFO - Setting next_dagrun for example_branch_dop_operator_v3 to 2021-04-12 00:00:00+00:00
[2021-04-14 13:38:27,692] {scheduler_job.py:190} INFO - Processing /home/airflow/.local/lib/python3.6/site-packages/airflow/example_dags/example_branch_python_dop_operator_3.py took 0.103 seconds
[2021-04-14 13:38:57,860] {scheduler_job.py:182} INFO - Started process (PID=637) to work on /home/airflow/.local/lib/python3.6/site-packages/airflow/example_dags/example_branch_python_dop_operator_3.py
[2021-04-14 13:38:57,861] {scheduler_job.py:629} INFO - Processing file /home/airflow/.local/lib/python3.6/site-packages/airflow/example_dags/example_branch_python_dop_operator_3.py for tasks to queue
[2021-04-14 13:38:57,862] {logging_mixin.py:104} INFO - [2021-04-14 13:38:57,862] {dagbag.py:448} INFO - Filling up the DagBag from /home/airflow/.local/lib/python3.6/site-packages/airflow/example_dags/example_branch_python_dop_operator_3.py
[2021-04-14 13:38:57,878] {scheduler_job.py:639} INFO - DAG(s) dict_keys(['example_branch_dop_operator_v3']) retrieved from /home/airflow/.local/lib/python3.6/site-packages/airflow/example_dags/example_branch_python_dop_operator_3.py
[2021-04-14 13:38:57,899] {logging_mixin.py:104} INFO - [2021-04-14 13:38:57,899] {dag.py:1818} INFO - Sync 1 DAGs
[2021-04-14 13:38:57,953] {logging_mixin.py:104} INFO - [2021-04-14 13:38:57,953] {dag.py:2273} INFO - Setting next_dagrun for example_branch_dop_operator_v3 to 2021-04-12 00:00:00+00:00
[2021-04-14 13:38:57,965] {scheduler_job.py:190} INFO - Processing /home/airflow/.local/lib/python3.6/site-packages/airflow/example_dags/example_branch_python_dop_operator_3.py took 0.108 seconds
[2021-04-14 13:39:28,095] {scheduler_job.py:182} INFO - Started process (PID=663) to work on /home/airflow/.local/lib/python3.6/site-packages/airflow/example_dags/example_branch_python_dop_operator_3.py
[2021-04-14 13:39:28,096] {scheduler_job.py:629} INFO - Processing file /home/airflow/.local/lib/python3.6/site-packages/airflow/example_dags/example_branch_python_dop_operator_3.py for tasks to queue
[2021-04-14 13:39:28,097] {logging_mixin.py:104} INFO - [2021-04-14 13:39:28,097] {dagbag.py:448} INFO - Filling up the DagBag from /home/airflow/.local/lib/python3.6/site-packages/airflow/example_dags/example_branch_python_dop_operator_3.py
[2021-04-14 13:39:28,123] {scheduler_job.py:639} INFO - DAG(s) dict_keys(['example_branch_dop_operator_v3']) retrieved from /home/airflow/.local/lib/python3.6/site-packages/airflow/example_dags/example_branch_python_dop_operator_3.py
[2021-04-14 13:39:28,147] {logging_mixin.py:104} INFO - [2021-04-14 13:39:28,147] {dag.py:1818} INFO - Sync 1 DAGs
[2021-04-14 13:39:28,185] {logging_mixin.py:104} INFO - [2021-04-14 13:39:28,185] {dag.py:2273} INFO - Setting next_dagrun for example_branch_dop_operator_v3 to 2021-04-12 00:00:00+00:00
[2021-04-14 13:39:28,198] {scheduler_job.py:190} INFO - Processing /home/airflow/.local/lib/python3.6/site-packages/airflow/example_dags/example_branch_python_dop_operator_3.py took 0.106 seconds
[2021-04-14 13:39:58,438] {scheduler_job.py:182} INFO - Started process (PID=689) to work on /home/airflow/.local/lib/python3.6/site-packages/airflow/example_dags/example_branch_python_dop_operator_3.py
[2021-04-14 13:39:58,444] {scheduler_job.py:629} INFO - Processing file /home/airflow/.local/lib/python3.6/site-packages/airflow/example_dags/example_branch_python_dop_operator_3.py for tasks to queue
[2021-04-14 13:39:58,446] {logging_mixin.py:104} INFO - [2021-04-14 13:39:58,446] {dagbag.py:448} INFO - Filling up the DagBag from /home/airflow/.local/lib/python3.6/site-packages/airflow/example_dags/example_branch_python_dop_operator_3.py
[2021-04-14 13:39:58,482] {scheduler_job.py:639} INFO - DAG(s) dict_keys(['example_branch_dop_operator_v3']) retrieved from /home/airflow/.local/lib/python3.6/site-packages/airflow/example_dags/example_branch_python_dop_operator_3.py
[2021-04-14 13:39:58,527] {logging_mixin.py:104} INFO - [2021-04-14 13:39:58,527] {dag.py:1818} INFO - Sync 1 DAGs
[2021-04-14 13:39:58,590] {logging_mixin.py:104} INFO - [2021-04-14 13:39:58,590] {dag.py:2273} INFO - Setting next_dagrun for example_branch_dop_operator_v3 to 2021-04-12 00:00:00+00:00
[2021-04-14 13:39:58,609] {scheduler_job.py:190} INFO - Processing /home/airflow/.local/lib/python3.6/site-packages/airflow/example_dags/example_branch_python_dop_operator_3.py took 0.178 seconds
[2021-04-14 13:40:29,443] {scheduler_job.py:182} INFO - Started process (PID=715) to work on /home/airflow/.local/lib/python3.6/site-packages/airflow/example_dags/example_branch_python_dop_operator_3.py
[2021-04-14 13:40:29,445] {scheduler_job.py:629} INFO - Processing file /home/airflow/.local/lib/python3.6/site-packages/airflow/example_dags/example_branch_python_dop_operator_3.py for tasks to queue
[2021-04-14 13:40:29,447] {logging_mixin.py:104} INFO - [2021-04-14 13:40:29,447] {dagbag.py:448} INFO - Filling up the DagBag from /home/airflow/.local/lib/python3.6/site-packages/airflow/example_dags/example_branch_python_dop_operator_3.py
[2021-04-14 13:40:29,481] {scheduler_job.py:639} INFO - DAG(s) dict_keys(['example_branch_dop_operator_v3']) retrieved from /home/airflow/.local/lib/python3.6/site-packages/airflow/example_dags/example_branch_python_dop_operator_3.py
[2021-04-14 13:40:29,522] {logging_mixin.py:104} INFO - [2021-04-14 13:40:29,521] {dag.py:1818} INFO - Sync 1 DAGs
[2021-04-14 13:40:29,583] {logging_mixin.py:104} INFO - [2021-04-14 13:40:29,583] {dag.py:2273} INFO - Setting next_dagrun for example_branch_dop_operator_v3 to 2021-04-12 00:00:00+00:00
[2021-04-14 13:40:29,639] {scheduler_job.py:190} INFO - Processing /home/airflow/.local/lib/python3.6/site-packages/airflow/example_dags/example_branch_python_dop_operator_3.py took 0.202 seconds
[2021-04-14 13:40:59,710] {scheduler_job.py:182} INFO - Started process (PID=741) to work on /home/airflow/.local/lib/python3.6/site-packages/airflow/example_dags/example_branch_python_dop_operator_3.py
[2021-04-14 13:40:59,733] {scheduler_job.py:629} INFO - Processing file /home/airflow/.local/lib/python3.6/site-packages/airflow/example_dags/example_branch_python_dop_operator_3.py for tasks to queue
[2021-04-14 13:40:59,734] {logging_mixin.py:104} INFO - [2021-04-14 13:40:59,734] {dagbag.py:448} INFO - Filling up the DagBag from /home/airflow/.local/lib/python3.6/site-packages/airflow/example_dags/example_branch_python_dop_operator_3.py
[2021-04-14 13:40:59,765] {scheduler_job.py:639} INFO - DAG(s) dict_keys(['example_branch_dop_operator_v3']) retrieved from /home/airflow/.local/lib/python3.6/site-packages/airflow/example_dags/example_branch_python_dop_operator_3.py
[2021-04-14 13:40:59,804] {logging_mixin.py:104} INFO - [2021-04-14 13:40:59,804] {dag.py:1818} INFO - Sync 1 DAGs
[2021-04-14 13:40:59,863] {logging_mixin.py:104} INFO - [2021-04-14 13:40:59,863] {dag.py:2273} INFO - Setting next_dagrun for example_branch_dop_operator_v3 to 2021-04-12 00:00:00+00:00
[2021-04-14 13:40:59,878] {scheduler_job.py:190} INFO - Processing /home/airflow/.local/lib/python3.6/site-packages/airflow/example_dags/example_branch_python_dop_operator_3.py took 0.174 seconds
[2021-04-14 13:41:29,957] {scheduler_job.py:182} INFO - Started process (PID=767) to work on /home/airflow/.local/lib/python3.6/site-packages/airflow/example_dags/example_branch_python_dop_operator_3.py
[2021-04-14 13:41:29,961] {scheduler_job.py:629} INFO - Processing file /home/airflow/.local/lib/python3.6/site-packages/airflow/example_dags/example_branch_python_dop_operator_3.py for tasks to queue
[2021-04-14 13:41:29,965] {logging_mixin.py:104} INFO - [2021-04-14 13:41:29,964] {dagbag.py:448} INFO - Filling up the DagBag from /home/airflow/.local/lib/python3.6/site-packages/airflow/example_dags/example_branch_python_dop_operator_3.py
[2021-04-14 13:41:30,032] {scheduler_job.py:639} INFO - DAG(s) dict_keys(['example_branch_dop_operator_v3']) retrieved from /home/airflow/.local/lib/python3.6/site-packages/airflow/example_dags/example_branch_python_dop_operator_3.py
[2021-04-14 13:41:30,120] {logging_mixin.py:104} INFO - [2021-04-14 13:41:30,119] {dag.py:1818} INFO - Sync 1 DAGs
[2021-04-14 13:41:30,212] {logging_mixin.py:104} INFO - [2021-04-14 13:41:30,207] {dag.py:2273} INFO - Setting next_dagrun for example_branch_dop_operator_v3 to 2021-04-12 00:00:00+00:00
[2021-04-14 13:41:30,238] {scheduler_job.py:190} INFO - Processing /home/airflow/.local/lib/python3.6/site-packages/airflow/example_dags/example_branch_python_dop_operator_3.py took 0.287 seconds
[2021-04-14 13:42:00,367] {scheduler_job.py:182} INFO - Started process (PID=793) to work on /home/airflow/.local/lib/python3.6/site-packages/airflow/example_dags/example_branch_python_dop_operator_3.py
[2021-04-14 13:42:00,369] {scheduler_job.py:629} INFO - Processing file /home/airflow/.local/lib/python3.6/site-packages/airflow/example_dags/example_branch_python_dop_operator_3.py for tasks to queue
[2021-04-14 13:42:00,371] {logging_mixin.py:104} INFO - [2021-04-14 13:42:00,371] {dagbag.py:448} INFO - Filling up the DagBag from /home/airflow/.local/lib/python3.6/site-packages/airflow/example_dags/example_branch_python_dop_operator_3.py
[2021-04-14 13:42:00,402] {scheduler_job.py:639} INFO - DAG(s) dict_keys(['example_branch_dop_operator_v3']) retrieved from /home/airflow/.local/lib/python3.6/site-packages/airflow/example_dags/example_branch_python_dop_operator_3.py
[2021-04-14 13:42:00,440] {logging_mixin.py:104} INFO - [2021-04-14 13:42:00,440] {dag.py:1818} INFO - Sync 1 DAGs
[2021-04-14 13:42:00,498] {logging_mixin.py:104} INFO - [2021-04-14 13:42:00,498] {dag.py:2273} INFO - Setting next_dagrun for example_branch_dop_operator_v3 to 2021-04-12 00:00:00+00:00
[2021-04-14 13:42:00,515] {scheduler_job.py:190} INFO - Processing /home/airflow/.local/lib/python3.6/site-packages/airflow/example_dags/example_branch_python_dop_operator_3.py took 0.153 seconds
[2021-04-14 13:42:30,552] {scheduler_job.py:182} INFO - Started process (PID=819) to work on /home/airflow/.local/lib/python3.6/site-packages/airflow/example_dags/example_branch_python_dop_operator_3.py
[2021-04-14 13:42:30,554] {scheduler_job.py:629} INFO - Processing file /home/airflow/.local/lib/python3.6/site-packages/airflow/example_dags/example_branch_python_dop_operator_3.py for tasks to queue
[2021-04-14 13:42:30,556] {logging_mixin.py:104} INFO - [2021-04-14 13:42:30,556] {dagbag.py:448} INFO - Filling up the DagBag from /home/airflow/.local/lib/python3.6/site-packages/airflow/example_dags/example_branch_python_dop_operator_3.py
[2021-04-14 13:42:30,582] {scheduler_job.py:639} INFO - DAG(s) dict_keys(['example_branch_dop_operator_v3']) retrieved from /home/airflow/.local/lib/python3.6/site-packages/airflow/example_dags/example_branch_python_dop_operator_3.py
[2021-04-14 13:42:30,616] {logging_mixin.py:104} INFO - [2021-04-14 13:42:30,616] {dag.py:1818} INFO - Sync 1 DAGs
[2021-04-14 13:42:30,681] {logging_mixin.py:104} INFO - [2021-04-14 13:42:30,680] {dag.py:2273} INFO - Setting next_dagrun for example_branch_dop_operator_v3 to 2021-04-12 00:00:00+00:00
[2021-04-14 13:42:30,701] {scheduler_job.py:190} INFO - Processing /home/airflow/.local/lib/python3.6/site-packages/airflow/example_dags/example_branch_python_dop_operator_3.py took 0.153 seconds
[2021-04-14 13:43:00,746] {scheduler_job.py:182} INFO - Started process (PID=845) to work on /home/airflow/.local/lib/python3.6/site-packages/airflow/example_dags/example_branch_python_dop_operator_3.py
[2021-04-14 13:43:00,748] {scheduler_job.py:629} INFO - Processing file /home/airflow/.local/lib/python3.6/site-packages/airflow/example_dags/example_branch_python_dop_operator_3.py for tasks to queue
[2021-04-14 13:43:00,749] {logging_mixin.py:104} INFO - [2021-04-14 13:43:00,749] {dagbag.py:448} INFO - Filling up the DagBag from /home/airflow/.local/lib/python3.6/site-packages/airflow/example_dags/example_branch_python_dop_operator_3.py
[2021-04-14 13:43:00,767] {scheduler_job.py:639} INFO - DAG(s) dict_keys(['example_branch_dop_operator_v3']) retrieved from /home/airflow/.local/lib/python3.6/site-packages/airflow/example_dags/example_branch_python_dop_operator_3.py
[2021-04-14 13:43:00,789] {logging_mixin.py:104} INFO - [2021-04-14 13:43:00,789] {dag.py:1818} INFO - Sync 1 DAGs
[2021-04-14 13:43:00,823] {logging_mixin.py:104} INFO - [2021-04-14 13:43:00,823] {dag.py:2273} INFO - Setting next_dagrun for example_branch_dop_operator_v3 to 2021-04-12 00:00:00+00:00
[2021-04-14 13:43:00,834] {scheduler_job.py:190} INFO - Processing /home/airflow/.local/lib/python3.6/site-packages/airflow/example_dags/example_branch_python_dop_operator_3.py took 0.093 seconds
[2021-04-14 13:43:30,990] {scheduler_job.py:182} INFO - Started process (PID=871) to work on /home/airflow/.local/lib/python3.6/site-packages/airflow/example_dags/example_branch_python_dop_operator_3.py
[2021-04-14 13:43:30,991] {scheduler_job.py:629} INFO - Processing file /home/airflow/.local/lib/python3.6/site-packages/airflow/example_dags/example_branch_python_dop_operator_3.py for tasks to queue
[2021-04-14 13:43:30,992] {logging_mixin.py:104} INFO - [2021-04-14 13:43:30,992] {dagbag.py:448} INFO - Filling up the DagBag from /home/airflow/.local/lib/python3.6/site-packages/airflow/example_dags/example_branch_python_dop_operator_3.py
[2021-04-14 13:43:31,007] {scheduler_job.py:639} INFO - DAG(s) dict_keys(['example_branch_dop_operator_v3']) retrieved from /home/airflow/.local/lib/python3.6/site-packages/airflow/example_dags/example_branch_python_dop_operator_3.py
[2021-04-14 13:43:31,030] {logging_mixin.py:104} INFO - [2021-04-14 13:43:31,030] {dag.py:1818} INFO - Sync 1 DAGs
[2021-04-14 13:43:31,060] {logging_mixin.py:104} INFO - [2021-04-14 13:43:31,060] {dag.py:2273} INFO - Setting next_dagrun for example_branch_dop_operator_v3 to 2021-04-12 00:00:00+00:00
[2021-04-14 13:43:31,070] {scheduler_job.py:190} INFO - Processing /home/airflow/.local/lib/python3.6/site-packages/airflow/example_dags/example_branch_python_dop_operator_3.py took 0.085 seconds
[2021-04-14 13:44:01,499] {scheduler_job.py:182} INFO - Started process (PID=897) to work on /home/airflow/.local/lib/python3.6/site-packages/airflow/example_dags/example_branch_python_dop_operator_3.py
[2021-04-14 13:44:01,501] {scheduler_job.py:629} INFO - Processing file /home/airflow/.local/lib/python3.6/site-packages/airflow/example_dags/example_branch_python_dop_operator_3.py for tasks to queue
[2021-04-14 13:44:01,502] {logging_mixin.py:104} INFO - [2021-04-14 13:44:01,502] {dagbag.py:448} INFO - Filling up the DagBag from /home/airflow/.local/lib/python3.6/site-packages/airflow/example_dags/example_branch_python_dop_operator_3.py
[2021-04-14 13:44:01,519] {scheduler_job.py:639} INFO - DAG(s) dict_keys(['example_branch_dop_operator_v3']) retrieved from /home/airflow/.local/lib/python3.6/site-packages/airflow/example_dags/example_branch_python_dop_operator_3.py
[2021-04-14 13:44:01,543] {logging_mixin.py:104} INFO - [2021-04-14 13:44:01,543] {dag.py:1818} INFO - Sync 1 DAGs
[2021-04-14 13:44:01,579] {logging_mixin.py:104} INFO - [2021-04-14 13:44:01,579] {dag.py:2273} INFO - Setting next_dagrun for example_branch_dop_operator_v3 to 2021-04-12 00:00:00+00:00
[2021-04-14 13:44:01,591] {scheduler_job.py:190} INFO - Processing /home/airflow/.local/lib/python3.6/site-packages/airflow/example_dags/example_branch_python_dop_operator_3.py took 0.096 seconds
[2021-04-14 13:44:32,105] {scheduler_job.py:182} INFO - Started process (PID=923) to work on /home/airflow/.local/lib/python3.6/site-packages/airflow/example_dags/example_branch_python_dop_operator_3.py
[2021-04-14 13:44:32,107] {scheduler_job.py:629} INFO - Processing file /home/airflow/.local/lib/python3.6/site-packages/airflow/example_dags/example_branch_python_dop_operator_3.py for tasks to queue
[2021-04-14 13:44:32,109] {logging_mixin.py:104} INFO - [2021-04-14 13:44:32,108] {dagbag.py:448} INFO - Filling up the DagBag from /home/airflow/.local/lib/python3.6/site-packages/airflow/example_dags/example_branch_python_dop_operator_3.py
[2021-04-14 13:44:32,123] {scheduler_job.py:639} INFO - DAG(s) dict_keys(['example_branch_dop_operator_v3']) retrieved from /home/airflow/.local/lib/python3.6/site-packages/airflow/example_dags/example_branch_python_dop_operator_3.py
[2021-04-14 13:44:32,144] {logging_mixin.py:104} INFO - [2021-04-14 13:44:32,143] {dag.py:1818} INFO - Sync 1 DAGs
[2021-04-14 13:44:32,171] {logging_mixin.py:104} INFO - [2021-04-14 13:44:32,171] {dag.py:2273} INFO - Setting next_dagrun for example_branch_dop_operator_v3 to 2021-04-12 00:00:00+00:00
[2021-04-14 13:44:32,181] {scheduler_job.py:190} INFO - Processing /home/airflow/.local/lib/python3.6/site-packages/airflow/example_dags/example_branch_python_dop_operator_3.py took 0.079 seconds
[2021-04-14 13:45:02,553] {scheduler_job.py:182} INFO - Started process (PID=949) to work on /home/airflow/.local/lib/python3.6/site-packages/airflow/example_dags/example_branch_python_dop_operator_3.py
[2021-04-14 13:45:02,555] {scheduler_job.py:629} INFO - Processing file /home/airflow/.local/lib/python3.6/site-packages/airflow/example_dags/example_branch_python_dop_operator_3.py for tasks to queue
[2021-04-14 13:45:02,556] {logging_mixin.py:104} INFO - [2021-04-14 13:45:02,556] {dagbag.py:448} INFO - Filling up the DagBag from /home/airflow/.local/lib/python3.6/site-packages/airflow/example_dags/example_branch_python_dop_operator_3.py
[2021-04-14 13:45:02,569] {scheduler_job.py:639} INFO - DAG(s) dict_keys(['example_branch_dop_operator_v3']) retrieved from /home/airflow/.local/lib/python3.6/site-packages/airflow/example_dags/example_branch_python_dop_operator_3.py
[2021-04-14 13:45:02,590] {logging_mixin.py:104} INFO - [2021-04-14 13:45:02,590] {dag.py:1818} INFO - Sync 1 DAGs
[2021-04-14 13:45:02,620] {logging_mixin.py:104} INFO - [2021-04-14 13:45:02,620] {dag.py:2273} INFO - Setting next_dagrun for example_branch_dop_operator_v3 to 2021-04-12 00:00:00+00:00
[2021-04-14 13:45:02,630] {scheduler_job.py:190} INFO - Processing /home/airflow/.local/lib/python3.6/site-packages/airflow/example_dags/example_branch_python_dop_operator_3.py took 0.082 seconds
[2021-04-14 13:45:32,943] {scheduler_job.py:182} INFO - Started process (PID=975) to work on /home/airflow/.local/lib/python3.6/site-packages/airflow/example_dags/example_branch_python_dop_operator_3.py
[2021-04-14 13:45:32,944] {scheduler_job.py:629} INFO - Processing file /home/airflow/.local/lib/python3.6/site-packages/airflow/example_dags/example_branch_python_dop_operator_3.py for tasks to queue
[2021-04-14 13:45:32,945] {logging_mixin.py:104} INFO - [2021-04-14 13:45:32,945] {dagbag.py:448} INFO - Filling up the DagBag from /home/airflow/.local/lib/python3.6/site-packages/airflow/example_dags/example_branch_python_dop_operator_3.py
[2021-04-14 13:45:32,959] {scheduler_job.py:639} INFO - DAG(s) dict_keys(['example_branch_dop_operator_v3']) retrieved from /home/airflow/.local/lib/python3.6/site-packages/airflow/example_dags/example_branch_python_dop_operator_3.py
[2021-04-14 13:45:32,979] {logging_mixin.py:104} INFO - [2021-04-14 13:45:32,979] {dag.py:1818} INFO - Sync 1 DAGs
[2021-04-14 13:45:33,007] {logging_mixin.py:104} INFO - [2021-04-14 13:45:33,007] {dag.py:2273} INFO - Setting next_dagrun for example_branch_dop_operator_v3 to 2021-04-12 00:00:00+00:00
[2021-04-14 13:45:33,018] {scheduler_job.py:190} INFO - Processing /home/airflow/.local/lib/python3.6/site-packages/airflow/example_dags/example_branch_python_dop_operator_3.py took 0.078 seconds
[2021-04-14 13:46:03,275] {scheduler_job.py:182} INFO - Started process (PID=1001) to work on /home/airflow/.local/lib/python3.6/site-packages/airflow/example_dags/example_branch_python_dop_operator_3.py
[2021-04-14 13:46:03,277] {scheduler_job.py:629} INFO - Processing file /home/airflow/.local/lib/python3.6/site-packages/airflow/example_dags/example_branch_python_dop_operator_3.py for tasks to queue
[2021-04-14 13:46:03,278] {logging_mixin.py:104} INFO - [2021-04-14 13:46:03,278] {dagbag.py:448} INFO - Filling up the DagBag from /home/airflow/.local/lib/python3.6/site-packages/airflow/example_dags/example_branch_python_dop_operator_3.py
[2021-04-14 13:46:03,294] {scheduler_job.py:639} INFO - DAG(s) dict_keys(['example_branch_dop_operator_v3']) retrieved from /home/airflow/.local/lib/python3.6/site-packages/airflow/example_dags/example_branch_python_dop_operator_3.py
[2021-04-14 13:46:03,317] {logging_mixin.py:104} INFO - [2021-04-14 13:46:03,317] {dag.py:1818} INFO - Sync 1 DAGs
[2021-04-14 13:46:03,352] {logging_mixin.py:104} INFO - [2021-04-14 13:46:03,352] {dag.py:2273} INFO - Setting next_dagrun for example_branch_dop_operator_v3 to 2021-04-12 00:00:00+00:00
[2021-04-14 13:46:03,362] {scheduler_job.py:190} INFO - Processing /home/airflow/.local/lib/python3.6/site-packages/airflow/example_dags/example_branch_python_dop_operator_3.py took 0.090 seconds
[2021-04-14 13:46:33,775] {scheduler_job.py:182} INFO - Started process (PID=1027) to work on /home/airflow/.local/lib/python3.6/site-packages/airflow/example_dags/example_branch_python_dop_operator_3.py
[2021-04-14 13:46:33,776] {scheduler_job.py:629} INFO - Processing file /home/airflow/.local/lib/python3.6/site-packages/airflow/example_dags/example_branch_python_dop_operator_3.py for tasks to queue
[2021-04-14 13:46:33,777] {logging_mixin.py:104} INFO - [2021-04-14 13:46:33,777] {dagbag.py:448} INFO - Filling up the DagBag from /home/airflow/.local/lib/python3.6/site-packages/airflow/example_dags/example_branch_python_dop_operator_3.py
[2021-04-14 13:46:33,791] {scheduler_job.py:639} INFO - DAG(s) dict_keys(['example_branch_dop_operator_v3']) retrieved from /home/airflow/.local/lib/python3.6/site-packages/airflow/example_dags/example_branch_python_dop_operator_3.py
[2021-04-14 13:46:33,812] {logging_mixin.py:104} INFO - [2021-04-14 13:46:33,811] {dag.py:1818} INFO - Sync 1 DAGs
[2021-04-14 13:46:33,841] {logging_mixin.py:104} INFO - [2021-04-14 13:46:33,841] {dag.py:2273} INFO - Setting next_dagrun for example_branch_dop_operator_v3 to 2021-04-12 00:00:00+00:00
[2021-04-14 13:46:33,851] {scheduler_job.py:190} INFO - Processing /home/airflow/.local/lib/python3.6/site-packages/airflow/example_dags/example_branch_python_dop_operator_3.py took 0.079 seconds
[2021-04-14 13:47:04,095] {scheduler_job.py:182} INFO - Started process (PID=1053) to work on /home/airflow/.local/lib/python3.6/site-packages/airflow/example_dags/example_branch_python_dop_operator_3.py
[2021-04-14 13:47:04,097] {scheduler_job.py:629} INFO - Processing file /home/airflow/.local/lib/python3.6/site-packages/airflow/example_dags/example_branch_python_dop_operator_3.py for tasks to queue
[2021-04-14 13:47:04,098] {logging_mixin.py:104} INFO - [2021-04-14 13:47:04,097] {dagbag.py:448} INFO - Filling up the DagBag from /home/airflow/.local/lib/python3.6/site-packages/airflow/example_dags/example_branch_python_dop_operator_3.py
[2021-04-14 13:47:04,112] {scheduler_job.py:639} INFO - DAG(s) dict_keys(['example_branch_dop_operator_v3']) retrieved from /home/airflow/.local/lib/python3.6/site-packages/airflow/example_dags/example_branch_python_dop_operator_3.py
[2021-04-14 13:47:04,134] {logging_mixin.py:104} INFO - [2021-04-14 13:47:04,133] {dag.py:1818} INFO - Sync 1 DAGs
[2021-04-14 13:47:04,162] {logging_mixin.py:104} INFO - [2021-04-14 13:47:04,162] {dag.py:2273} INFO - Setting next_dagrun for example_branch_dop_operator_v3 to 2021-04-12 00:00:00+00:00
[2021-04-14 13:47:04,172] {scheduler_job.py:190} INFO - Processing /home/airflow/.local/lib/python3.6/site-packages/airflow/example_dags/example_branch_python_dop_operator_3.py took 0.079 seconds
[2021-04-14 13:47:34,494] {scheduler_job.py:182} INFO - Started process (PID=1079) to work on /home/airflow/.local/lib/python3.6/site-packages/airflow/example_dags/example_branch_python_dop_operator_3.py
[2021-04-14 13:47:34,496] {scheduler_job.py:629} INFO - Processing file /home/airflow/.local/lib/python3.6/site-packages/airflow/example_dags/example_branch_python_dop_operator_3.py for tasks to queue
[2021-04-14 13:47:34,497] {logging_mixin.py:104} INFO - [2021-04-14 13:47:34,496] {dagbag.py:448} INFO - Filling up the DagBag from /home/airflow/.local/lib/python3.6/site-packages/airflow/example_dags/example_branch_python_dop_operator_3.py
[2021-04-14 13:47:34,511] {scheduler_job.py:639} INFO - DAG(s) dict_keys(['example_branch_dop_operator_v3']) retrieved from /home/airflow/.local/lib/python3.6/site-packages/airflow/example_dags/example_branch_python_dop_operator_3.py
[2021-04-14 13:47:34,531] {logging_mixin.py:104} INFO - [2021-04-14 13:47:34,531] {dag.py:1818} INFO - Sync 1 DAGs
[2021-04-14 13:47:34,560] {logging_mixin.py:104} INFO - [2021-04-14 13:47:34,560] {dag.py:2273} INFO - Setting next_dagrun for example_branch_dop_operator_v3 to 2021-04-12 00:00:00+00:00
[2021-04-14 13:47:34,570] {scheduler_job.py:190} INFO - Processing /home/airflow/.local/lib/python3.6/site-packages/airflow/example_dags/example_branch_python_dop_operator_3.py took 0.079 seconds
[2021-04-14 13:48:04,994] {scheduler_job.py:182} INFO - Started process (PID=1105) to work on /home/airflow/.local/lib/python3.6/site-packages/airflow/example_dags/example_branch_python_dop_operator_3.py
[2021-04-14 13:48:04,995] {scheduler_job.py:629} INFO - Processing file /home/airflow/.local/lib/python3.6/site-packages/airflow/example_dags/example_branch_python_dop_operator_3.py for tasks to queue
[2021-04-14 13:48:04,997] {logging_mixin.py:104} INFO - [2021-04-14 13:48:04,996] {dagbag.py:448} INFO - Filling up the DagBag from /home/airflow/.local/lib/python3.6/site-packages/airflow/example_dags/example_branch_python_dop_operator_3.py
[2021-04-14 13:48:05,012] {scheduler_job.py:639} INFO - DAG(s) dict_keys(['example_branch_dop_operator_v3']) retrieved from /home/airflow/.local/lib/python3.6/site-packages/airflow/example_dags/example_branch_python_dop_operator_3.py
[2021-04-14 13:48:05,035] {logging_mixin.py:104} INFO - [2021-04-14 13:48:05,035] {dag.py:1818} INFO - Sync 1 DAGs
[2021-04-14 13:48:05,066] {logging_mixin.py:104} INFO - [2021-04-14 13:48:05,066] {dag.py:2273} INFO - Setting next_dagrun for example_branch_dop_operator_v3 to 2021-04-12 00:00:00+00:00
[2021-04-14 13:48:05,081] {scheduler_job.py:190} INFO - Processing /home/airflow/.local/lib/python3.6/site-packages/airflow/example_dags/example_branch_python_dop_operator_3.py took 0.092 seconds
[2021-04-14 13:48:35,490] {scheduler_job.py:182} INFO - Started process (PID=1131) to work on /home/airflow/.local/lib/python3.6/site-packages/airflow/example_dags/example_branch_python_dop_operator_3.py
[2021-04-14 13:48:35,492] {scheduler_job.py:629} INFO - Processing file /home/airflow/.local/lib/python3.6/site-packages/airflow/example_dags/example_branch_python_dop_operator_3.py for tasks to queue
[2021-04-14 13:48:35,493] {logging_mixin.py:104} INFO - [2021-04-14 13:48:35,493] {dagbag.py:448} INFO - Filling up the DagBag from /home/airflow/.local/lib/python3.6/site-packages/airflow/example_dags/example_branch_python_dop_operator_3.py
[2021-04-14 13:48:35,517] {scheduler_job.py:639} INFO - DAG(s) dict_keys(['example_branch_dop_operator_v3']) retrieved from /home/airflow/.local/lib/python3.6/site-packages/airflow/example_dags/example_branch_python_dop_operator_3.py
[2021-04-14 13:48:35,547] {logging_mixin.py:104} INFO - [2021-04-14 13:48:35,547] {dag.py:1818} INFO - Sync 1 DAGs
[2021-04-14 13:48:35,602] {logging_mixin.py:104} INFO - [2021-04-14 13:48:35,602] {dag.py:2273} INFO - Setting next_dagrun for example_branch_dop_operator_v3 to 2021-04-12 00:00:00+00:00
[2021-04-14 13:48:35,618] {scheduler_job.py:190} INFO - Processing /home/airflow/.local/lib/python3.6/site-packages/airflow/example_dags/example_branch_python_dop_operator_3.py took 0.132 seconds
