[2021-04-14 13:27:49,505] {scheduler_job.py:182} INFO - Started process (PID=30) to work on /home/airflow/.local/lib/python3.6/site-packages/airflow/example_dags/example_trigger_controller_dag.py
[2021-04-14 13:27:49,508] {scheduler_job.py:629} INFO - Processing file /home/airflow/.local/lib/python3.6/site-packages/airflow/example_dags/example_trigger_controller_dag.py for tasks to queue
[2021-04-14 13:27:49,515] {logging_mixin.py:104} INFO - [2021-04-14 13:27:49,514] {dagbag.py:448} INFO - Filling up the DagBag from /home/airflow/.local/lib/python3.6/site-packages/airflow/example_dags/example_trigger_controller_dag.py
[2021-04-14 13:27:49,561] {scheduler_job.py:639} INFO - DAG(s) dict_keys(['example_trigger_controller_dag']) retrieved from /home/airflow/.local/lib/python3.6/site-packages/airflow/example_dags/example_trigger_controller_dag.py
[2021-04-14 13:27:49,662] {logging_mixin.py:104} INFO - [2021-04-14 13:27:49,662] {dag.py:1818} INFO - Sync 1 DAGs
[2021-04-14 13:27:49,751] {logging_mixin.py:104} INFO - [2021-04-14 13:27:49,750] {dag.py:2273} INFO - Setting next_dagrun for example_trigger_controller_dag to 2021-04-12 00:00:00+00:00
[2021-04-14 13:27:49,819] {scheduler_job.py:190} INFO - Processing /home/airflow/.local/lib/python3.6/site-packages/airflow/example_dags/example_trigger_controller_dag.py took 0.328 seconds
[2021-04-14 13:28:20,528] {scheduler_job.py:182} INFO - Started process (PID=84) to work on /home/airflow/.local/lib/python3.6/site-packages/airflow/example_dags/example_trigger_controller_dag.py
[2021-04-14 13:28:20,531] {scheduler_job.py:629} INFO - Processing file /home/airflow/.local/lib/python3.6/site-packages/airflow/example_dags/example_trigger_controller_dag.py for tasks to queue
[2021-04-14 13:28:20,535] {logging_mixin.py:104} INFO - [2021-04-14 13:28:20,535] {dagbag.py:448} INFO - Filling up the DagBag from /home/airflow/.local/lib/python3.6/site-packages/airflow/example_dags/example_trigger_controller_dag.py
[2021-04-14 13:28:20,623] {scheduler_job.py:639} INFO - DAG(s) dict_keys(['example_trigger_controller_dag']) retrieved from /home/airflow/.local/lib/python3.6/site-packages/airflow/example_dags/example_trigger_controller_dag.py
[2021-04-14 13:28:20,767] {logging_mixin.py:104} INFO - [2021-04-14 13:28:20,767] {dag.py:1818} INFO - Sync 1 DAGs
[2021-04-14 13:28:20,888] {logging_mixin.py:104} INFO - [2021-04-14 13:28:20,888] {dag.py:2273} INFO - Setting next_dagrun for example_trigger_controller_dag to 2021-04-12 00:00:00+00:00
[2021-04-14 13:28:20,927] {scheduler_job.py:190} INFO - Processing /home/airflow/.local/lib/python3.6/site-packages/airflow/example_dags/example_trigger_controller_dag.py took 0.423 seconds
[2021-04-14 13:28:51,087] {scheduler_job.py:182} INFO - Started process (PID=115) to work on /home/airflow/.local/lib/python3.6/site-packages/airflow/example_dags/example_trigger_controller_dag.py
[2021-04-14 13:28:51,090] {scheduler_job.py:629} INFO - Processing file /home/airflow/.local/lib/python3.6/site-packages/airflow/example_dags/example_trigger_controller_dag.py for tasks to queue
[2021-04-14 13:28:51,091] {logging_mixin.py:104} INFO - [2021-04-14 13:28:51,091] {dagbag.py:448} INFO - Filling up the DagBag from /home/airflow/.local/lib/python3.6/site-packages/airflow/example_dags/example_trigger_controller_dag.py
[2021-04-14 13:28:51,103] {scheduler_job.py:639} INFO - DAG(s) dict_keys(['example_trigger_controller_dag']) retrieved from /home/airflow/.local/lib/python3.6/site-packages/airflow/example_dags/example_trigger_controller_dag.py
[2021-04-14 13:28:51,131] {logging_mixin.py:104} INFO - [2021-04-14 13:28:51,130] {dag.py:1818} INFO - Sync 1 DAGs
[2021-04-14 13:28:51,148] {logging_mixin.py:104} INFO - [2021-04-14 13:28:51,148] {dag.py:2273} INFO - Setting next_dagrun for example_trigger_controller_dag to 2021-04-12 00:00:00+00:00
[2021-04-14 13:28:51,160] {scheduler_job.py:190} INFO - Processing /home/airflow/.local/lib/python3.6/site-packages/airflow/example_dags/example_trigger_controller_dag.py took 0.077 seconds
[2021-04-14 13:29:21,248] {scheduler_job.py:182} INFO - Started process (PID=141) to work on /home/airflow/.local/lib/python3.6/site-packages/airflow/example_dags/example_trigger_controller_dag.py
[2021-04-14 13:29:21,250] {scheduler_job.py:629} INFO - Processing file /home/airflow/.local/lib/python3.6/site-packages/airflow/example_dags/example_trigger_controller_dag.py for tasks to queue
[2021-04-14 13:29:21,251] {logging_mixin.py:104} INFO - [2021-04-14 13:29:21,250] {dagbag.py:448} INFO - Filling up the DagBag from /home/airflow/.local/lib/python3.6/site-packages/airflow/example_dags/example_trigger_controller_dag.py
[2021-04-14 13:29:21,261] {scheduler_job.py:639} INFO - DAG(s) dict_keys(['example_trigger_controller_dag']) retrieved from /home/airflow/.local/lib/python3.6/site-packages/airflow/example_dags/example_trigger_controller_dag.py
[2021-04-14 13:29:21,292] {logging_mixin.py:104} INFO - [2021-04-14 13:29:21,292] {dag.py:1818} INFO - Sync 1 DAGs
[2021-04-14 13:29:21,312] {logging_mixin.py:104} INFO - [2021-04-14 13:29:21,312] {dag.py:2273} INFO - Setting next_dagrun for example_trigger_controller_dag to 2021-04-12 00:00:00+00:00
[2021-04-14 13:29:21,323] {scheduler_job.py:190} INFO - Processing /home/airflow/.local/lib/python3.6/site-packages/airflow/example_dags/example_trigger_controller_dag.py took 0.078 seconds
[2021-04-14 13:29:51,461] {scheduler_job.py:182} INFO - Started process (PID=167) to work on /home/airflow/.local/lib/python3.6/site-packages/airflow/example_dags/example_trigger_controller_dag.py
[2021-04-14 13:29:51,462] {scheduler_job.py:629} INFO - Processing file /home/airflow/.local/lib/python3.6/site-packages/airflow/example_dags/example_trigger_controller_dag.py for tasks to queue
[2021-04-14 13:29:51,463] {logging_mixin.py:104} INFO - [2021-04-14 13:29:51,463] {dagbag.py:448} INFO - Filling up the DagBag from /home/airflow/.local/lib/python3.6/site-packages/airflow/example_dags/example_trigger_controller_dag.py
[2021-04-14 13:29:51,472] {scheduler_job.py:639} INFO - DAG(s) dict_keys(['example_trigger_controller_dag']) retrieved from /home/airflow/.local/lib/python3.6/site-packages/airflow/example_dags/example_trigger_controller_dag.py
[2021-04-14 13:29:51,493] {logging_mixin.py:104} INFO - [2021-04-14 13:29:51,493] {dag.py:1818} INFO - Sync 1 DAGs
[2021-04-14 13:29:51,514] {logging_mixin.py:104} INFO - [2021-04-14 13:29:51,513] {dag.py:2273} INFO - Setting next_dagrun for example_trigger_controller_dag to 2021-04-12 00:00:00+00:00
[2021-04-14 13:29:51,524] {scheduler_job.py:190} INFO - Processing /home/airflow/.local/lib/python3.6/site-packages/airflow/example_dags/example_trigger_controller_dag.py took 0.067 seconds
[2021-04-14 13:30:21,608] {scheduler_job.py:182} INFO - Started process (PID=193) to work on /home/airflow/.local/lib/python3.6/site-packages/airflow/example_dags/example_trigger_controller_dag.py
[2021-04-14 13:30:21,610] {scheduler_job.py:629} INFO - Processing file /home/airflow/.local/lib/python3.6/site-packages/airflow/example_dags/example_trigger_controller_dag.py for tasks to queue
[2021-04-14 13:30:21,611] {logging_mixin.py:104} INFO - [2021-04-14 13:30:21,611] {dagbag.py:448} INFO - Filling up the DagBag from /home/airflow/.local/lib/python3.6/site-packages/airflow/example_dags/example_trigger_controller_dag.py
[2021-04-14 13:30:21,620] {scheduler_job.py:639} INFO - DAG(s) dict_keys(['example_trigger_controller_dag']) retrieved from /home/airflow/.local/lib/python3.6/site-packages/airflow/example_dags/example_trigger_controller_dag.py
[2021-04-14 13:30:21,639] {logging_mixin.py:104} INFO - [2021-04-14 13:30:21,639] {dag.py:1818} INFO - Sync 1 DAGs
[2021-04-14 13:30:21,653] {logging_mixin.py:104} INFO - [2021-04-14 13:30:21,653] {dag.py:2273} INFO - Setting next_dagrun for example_trigger_controller_dag to 2021-04-12 00:00:00+00:00
[2021-04-14 13:30:21,663] {scheduler_job.py:190} INFO - Processing /home/airflow/.local/lib/python3.6/site-packages/airflow/example_dags/example_trigger_controller_dag.py took 0.058 seconds
[2021-04-14 13:30:51,724] {scheduler_job.py:182} INFO - Started process (PID=219) to work on /home/airflow/.local/lib/python3.6/site-packages/airflow/example_dags/example_trigger_controller_dag.py
[2021-04-14 13:30:51,726] {scheduler_job.py:629} INFO - Processing file /home/airflow/.local/lib/python3.6/site-packages/airflow/example_dags/example_trigger_controller_dag.py for tasks to queue
[2021-04-14 13:30:51,727] {logging_mixin.py:104} INFO - [2021-04-14 13:30:51,727] {dagbag.py:448} INFO - Filling up the DagBag from /home/airflow/.local/lib/python3.6/site-packages/airflow/example_dags/example_trigger_controller_dag.py
[2021-04-14 13:30:51,746] {scheduler_job.py:639} INFO - DAG(s) dict_keys(['example_trigger_controller_dag']) retrieved from /home/airflow/.local/lib/python3.6/site-packages/airflow/example_dags/example_trigger_controller_dag.py
[2021-04-14 13:30:51,771] {logging_mixin.py:104} INFO - [2021-04-14 13:30:51,771] {dag.py:1818} INFO - Sync 1 DAGs
[2021-04-14 13:30:51,790] {logging_mixin.py:104} INFO - [2021-04-14 13:30:51,790] {dag.py:2273} INFO - Setting next_dagrun for example_trigger_controller_dag to 2021-04-12 00:00:00+00:00
[2021-04-14 13:30:51,802] {scheduler_job.py:190} INFO - Processing /home/airflow/.local/lib/python3.6/site-packages/airflow/example_dags/example_trigger_controller_dag.py took 0.081 seconds
[2021-04-14 13:31:22,229] {scheduler_job.py:182} INFO - Started process (PID=245) to work on /home/airflow/.local/lib/python3.6/site-packages/airflow/example_dags/example_trigger_controller_dag.py
[2021-04-14 13:31:22,230] {scheduler_job.py:629} INFO - Processing file /home/airflow/.local/lib/python3.6/site-packages/airflow/example_dags/example_trigger_controller_dag.py for tasks to queue
[2021-04-14 13:31:22,231] {logging_mixin.py:104} INFO - [2021-04-14 13:31:22,231] {dagbag.py:448} INFO - Filling up the DagBag from /home/airflow/.local/lib/python3.6/site-packages/airflow/example_dags/example_trigger_controller_dag.py
[2021-04-14 13:31:22,241] {scheduler_job.py:639} INFO - DAG(s) dict_keys(['example_trigger_controller_dag']) retrieved from /home/airflow/.local/lib/python3.6/site-packages/airflow/example_dags/example_trigger_controller_dag.py
[2021-04-14 13:31:22,261] {logging_mixin.py:104} INFO - [2021-04-14 13:31:22,261] {dag.py:1818} INFO - Sync 1 DAGs
[2021-04-14 13:31:22,276] {logging_mixin.py:104} INFO - [2021-04-14 13:31:22,276] {dag.py:2273} INFO - Setting next_dagrun for example_trigger_controller_dag to 2021-04-12 00:00:00+00:00
[2021-04-14 13:31:22,286] {scheduler_job.py:190} INFO - Processing /home/airflow/.local/lib/python3.6/site-packages/airflow/example_dags/example_trigger_controller_dag.py took 0.061 seconds
[2021-04-14 13:31:52,388] {scheduler_job.py:182} INFO - Started process (PID=271) to work on /home/airflow/.local/lib/python3.6/site-packages/airflow/example_dags/example_trigger_controller_dag.py
[2021-04-14 13:31:52,390] {scheduler_job.py:629} INFO - Processing file /home/airflow/.local/lib/python3.6/site-packages/airflow/example_dags/example_trigger_controller_dag.py for tasks to queue
[2021-04-14 13:31:52,392] {logging_mixin.py:104} INFO - [2021-04-14 13:31:52,391] {dagbag.py:448} INFO - Filling up the DagBag from /home/airflow/.local/lib/python3.6/site-packages/airflow/example_dags/example_trigger_controller_dag.py
[2021-04-14 13:31:52,408] {scheduler_job.py:639} INFO - DAG(s) dict_keys(['example_trigger_controller_dag']) retrieved from /home/airflow/.local/lib/python3.6/site-packages/airflow/example_dags/example_trigger_controller_dag.py
[2021-04-14 13:31:52,443] {logging_mixin.py:104} INFO - [2021-04-14 13:31:52,443] {dag.py:1818} INFO - Sync 1 DAGs
[2021-04-14 13:31:52,481] {logging_mixin.py:104} INFO - [2021-04-14 13:31:52,481] {dag.py:2273} INFO - Setting next_dagrun for example_trigger_controller_dag to 2021-04-12 00:00:00+00:00
[2021-04-14 13:31:52,500] {scheduler_job.py:190} INFO - Processing /home/airflow/.local/lib/python3.6/site-packages/airflow/example_dags/example_trigger_controller_dag.py took 0.115 seconds
[2021-04-14 13:32:22,757] {scheduler_job.py:182} INFO - Started process (PID=297) to work on /home/airflow/.local/lib/python3.6/site-packages/airflow/example_dags/example_trigger_controller_dag.py
[2021-04-14 13:32:22,758] {scheduler_job.py:629} INFO - Processing file /home/airflow/.local/lib/python3.6/site-packages/airflow/example_dags/example_trigger_controller_dag.py for tasks to queue
[2021-04-14 13:32:22,760] {logging_mixin.py:104} INFO - [2021-04-14 13:32:22,759] {dagbag.py:448} INFO - Filling up the DagBag from /home/airflow/.local/lib/python3.6/site-packages/airflow/example_dags/example_trigger_controller_dag.py
[2021-04-14 13:32:22,771] {scheduler_job.py:639} INFO - DAG(s) dict_keys(['example_trigger_controller_dag']) retrieved from /home/airflow/.local/lib/python3.6/site-packages/airflow/example_dags/example_trigger_controller_dag.py
[2021-04-14 13:32:22,794] {logging_mixin.py:104} INFO - [2021-04-14 13:32:22,794] {dag.py:1818} INFO - Sync 1 DAGs
[2021-04-14 13:32:22,811] {logging_mixin.py:104} INFO - [2021-04-14 13:32:22,811] {dag.py:2273} INFO - Setting next_dagrun for example_trigger_controller_dag to 2021-04-12 00:00:00+00:00
[2021-04-14 13:32:22,823] {scheduler_job.py:190} INFO - Processing /home/airflow/.local/lib/python3.6/site-packages/airflow/example_dags/example_trigger_controller_dag.py took 0.069 seconds
[2021-04-14 13:32:52,998] {scheduler_job.py:182} INFO - Started process (PID=323) to work on /home/airflow/.local/lib/python3.6/site-packages/airflow/example_dags/example_trigger_controller_dag.py
[2021-04-14 13:32:52,999] {scheduler_job.py:629} INFO - Processing file /home/airflow/.local/lib/python3.6/site-packages/airflow/example_dags/example_trigger_controller_dag.py for tasks to queue
[2021-04-14 13:32:53,000] {logging_mixin.py:104} INFO - [2021-04-14 13:32:53,000] {dagbag.py:448} INFO - Filling up the DagBag from /home/airflow/.local/lib/python3.6/site-packages/airflow/example_dags/example_trigger_controller_dag.py
[2021-04-14 13:32:53,013] {scheduler_job.py:639} INFO - DAG(s) dict_keys(['example_trigger_controller_dag']) retrieved from /home/airflow/.local/lib/python3.6/site-packages/airflow/example_dags/example_trigger_controller_dag.py
[2021-04-14 13:32:53,036] {logging_mixin.py:104} INFO - [2021-04-14 13:32:53,036] {dag.py:1818} INFO - Sync 1 DAGs
[2021-04-14 13:32:53,054] {logging_mixin.py:104} INFO - [2021-04-14 13:32:53,054] {dag.py:2273} INFO - Setting next_dagrun for example_trigger_controller_dag to 2021-04-12 00:00:00+00:00
[2021-04-14 13:32:53,066] {scheduler_job.py:190} INFO - Processing /home/airflow/.local/lib/python3.6/site-packages/airflow/example_dags/example_trigger_controller_dag.py took 0.072 seconds
[2021-04-14 13:33:23,149] {scheduler_job.py:182} INFO - Started process (PID=349) to work on /home/airflow/.local/lib/python3.6/site-packages/airflow/example_dags/example_trigger_controller_dag.py
[2021-04-14 13:33:23,151] {scheduler_job.py:629} INFO - Processing file /home/airflow/.local/lib/python3.6/site-packages/airflow/example_dags/example_trigger_controller_dag.py for tasks to queue
[2021-04-14 13:33:23,152] {logging_mixin.py:104} INFO - [2021-04-14 13:33:23,152] {dagbag.py:448} INFO - Filling up the DagBag from /home/airflow/.local/lib/python3.6/site-packages/airflow/example_dags/example_trigger_controller_dag.py
[2021-04-14 13:33:23,163] {scheduler_job.py:639} INFO - DAG(s) dict_keys(['example_trigger_controller_dag']) retrieved from /home/airflow/.local/lib/python3.6/site-packages/airflow/example_dags/example_trigger_controller_dag.py
[2021-04-14 13:33:23,186] {logging_mixin.py:104} INFO - [2021-04-14 13:33:23,185] {dag.py:1818} INFO - Sync 1 DAGs
[2021-04-14 13:33:23,203] {logging_mixin.py:104} INFO - [2021-04-14 13:33:23,203] {dag.py:2273} INFO - Setting next_dagrun for example_trigger_controller_dag to 2021-04-12 00:00:00+00:00
[2021-04-14 13:33:23,214] {scheduler_job.py:190} INFO - Processing /home/airflow/.local/lib/python3.6/site-packages/airflow/example_dags/example_trigger_controller_dag.py took 0.068 seconds
[2021-04-14 13:33:53,331] {scheduler_job.py:182} INFO - Started process (PID=375) to work on /home/airflow/.local/lib/python3.6/site-packages/airflow/example_dags/example_trigger_controller_dag.py
[2021-04-14 13:33:53,333] {scheduler_job.py:629} INFO - Processing file /home/airflow/.local/lib/python3.6/site-packages/airflow/example_dags/example_trigger_controller_dag.py for tasks to queue
[2021-04-14 13:33:53,334] {logging_mixin.py:104} INFO - [2021-04-14 13:33:53,334] {dagbag.py:448} INFO - Filling up the DagBag from /home/airflow/.local/lib/python3.6/site-packages/airflow/example_dags/example_trigger_controller_dag.py
[2021-04-14 13:33:53,348] {scheduler_job.py:639} INFO - DAG(s) dict_keys(['example_trigger_controller_dag']) retrieved from /home/airflow/.local/lib/python3.6/site-packages/airflow/example_dags/example_trigger_controller_dag.py
[2021-04-14 13:33:53,373] {logging_mixin.py:104} INFO - [2021-04-14 13:33:53,373] {dag.py:1818} INFO - Sync 1 DAGs
[2021-04-14 13:33:53,391] {logging_mixin.py:104} INFO - [2021-04-14 13:33:53,391] {dag.py:2273} INFO - Setting next_dagrun for example_trigger_controller_dag to 2021-04-12 00:00:00+00:00
[2021-04-14 13:33:53,403] {scheduler_job.py:190} INFO - Processing /home/airflow/.local/lib/python3.6/site-packages/airflow/example_dags/example_trigger_controller_dag.py took 0.076 seconds
[2021-04-14 13:34:23,605] {scheduler_job.py:182} INFO - Started process (PID=401) to work on /home/airflow/.local/lib/python3.6/site-packages/airflow/example_dags/example_trigger_controller_dag.py
[2021-04-14 13:34:23,607] {scheduler_job.py:629} INFO - Processing file /home/airflow/.local/lib/python3.6/site-packages/airflow/example_dags/example_trigger_controller_dag.py for tasks to queue
[2021-04-14 13:34:23,608] {logging_mixin.py:104} INFO - [2021-04-14 13:34:23,608] {dagbag.py:448} INFO - Filling up the DagBag from /home/airflow/.local/lib/python3.6/site-packages/airflow/example_dags/example_trigger_controller_dag.py
[2021-04-14 13:34:23,624] {scheduler_job.py:639} INFO - DAG(s) dict_keys(['example_trigger_controller_dag']) retrieved from /home/airflow/.local/lib/python3.6/site-packages/airflow/example_dags/example_trigger_controller_dag.py
[2021-04-14 13:34:23,658] {logging_mixin.py:104} INFO - [2021-04-14 13:34:23,658] {dag.py:1818} INFO - Sync 1 DAGs
[2021-04-14 13:34:23,678] {logging_mixin.py:104} INFO - [2021-04-14 13:34:23,678] {dag.py:2273} INFO - Setting next_dagrun for example_trigger_controller_dag to 2021-04-12 00:00:00+00:00
[2021-04-14 13:34:23,694] {scheduler_job.py:190} INFO - Processing /home/airflow/.local/lib/python3.6/site-packages/airflow/example_dags/example_trigger_controller_dag.py took 0.094 seconds
[2021-04-14 13:34:53,942] {scheduler_job.py:182} INFO - Started process (PID=427) to work on /home/airflow/.local/lib/python3.6/site-packages/airflow/example_dags/example_trigger_controller_dag.py
[2021-04-14 13:34:53,944] {scheduler_job.py:629} INFO - Processing file /home/airflow/.local/lib/python3.6/site-packages/airflow/example_dags/example_trigger_controller_dag.py for tasks to queue
[2021-04-14 13:34:53,945] {logging_mixin.py:104} INFO - [2021-04-14 13:34:53,945] {dagbag.py:448} INFO - Filling up the DagBag from /home/airflow/.local/lib/python3.6/site-packages/airflow/example_dags/example_trigger_controller_dag.py
[2021-04-14 13:34:53,959] {scheduler_job.py:639} INFO - DAG(s) dict_keys(['example_trigger_controller_dag']) retrieved from /home/airflow/.local/lib/python3.6/site-packages/airflow/example_dags/example_trigger_controller_dag.py
[2021-04-14 13:34:53,985] {logging_mixin.py:104} INFO - [2021-04-14 13:34:53,985] {dag.py:1818} INFO - Sync 1 DAGs
[2021-04-14 13:34:54,005] {logging_mixin.py:104} INFO - [2021-04-14 13:34:54,005] {dag.py:2273} INFO - Setting next_dagrun for example_trigger_controller_dag to 2021-04-12 00:00:00+00:00
[2021-04-14 13:34:54,056] {scheduler_job.py:190} INFO - Processing /home/airflow/.local/lib/python3.6/site-packages/airflow/example_dags/example_trigger_controller_dag.py took 0.118 seconds
[2021-04-14 13:35:24,315] {scheduler_job.py:182} INFO - Started process (PID=453) to work on /home/airflow/.local/lib/python3.6/site-packages/airflow/example_dags/example_trigger_controller_dag.py
[2021-04-14 13:35:24,317] {scheduler_job.py:629} INFO - Processing file /home/airflow/.local/lib/python3.6/site-packages/airflow/example_dags/example_trigger_controller_dag.py for tasks to queue
[2021-04-14 13:35:24,318] {logging_mixin.py:104} INFO - [2021-04-14 13:35:24,318] {dagbag.py:448} INFO - Filling up the DagBag from /home/airflow/.local/lib/python3.6/site-packages/airflow/example_dags/example_trigger_controller_dag.py
[2021-04-14 13:35:24,338] {scheduler_job.py:639} INFO - DAG(s) dict_keys(['example_trigger_controller_dag']) retrieved from /home/airflow/.local/lib/python3.6/site-packages/airflow/example_dags/example_trigger_controller_dag.py
[2021-04-14 13:35:24,371] {logging_mixin.py:104} INFO - [2021-04-14 13:35:24,371] {dag.py:1818} INFO - Sync 1 DAGs
[2021-04-14 13:35:24,397] {logging_mixin.py:104} INFO - [2021-04-14 13:35:24,396] {dag.py:2273} INFO - Setting next_dagrun for example_trigger_controller_dag to 2021-04-12 00:00:00+00:00
[2021-04-14 13:35:24,416] {scheduler_job.py:190} INFO - Processing /home/airflow/.local/lib/python3.6/site-packages/airflow/example_dags/example_trigger_controller_dag.py took 0.105 seconds
[2021-04-14 13:35:54,621] {scheduler_job.py:182} INFO - Started process (PID=479) to work on /home/airflow/.local/lib/python3.6/site-packages/airflow/example_dags/example_trigger_controller_dag.py
[2021-04-14 13:35:54,623] {scheduler_job.py:629} INFO - Processing file /home/airflow/.local/lib/python3.6/site-packages/airflow/example_dags/example_trigger_controller_dag.py for tasks to queue
[2021-04-14 13:35:54,624] {logging_mixin.py:104} INFO - [2021-04-14 13:35:54,624] {dagbag.py:448} INFO - Filling up the DagBag from /home/airflow/.local/lib/python3.6/site-packages/airflow/example_dags/example_trigger_controller_dag.py
[2021-04-14 13:35:54,637] {scheduler_job.py:639} INFO - DAG(s) dict_keys(['example_trigger_controller_dag']) retrieved from /home/airflow/.local/lib/python3.6/site-packages/airflow/example_dags/example_trigger_controller_dag.py
[2021-04-14 13:35:54,661] {logging_mixin.py:104} INFO - [2021-04-14 13:35:54,661] {dag.py:1818} INFO - Sync 1 DAGs
[2021-04-14 13:35:54,681] {logging_mixin.py:104} INFO - [2021-04-14 13:35:54,681] {dag.py:2273} INFO - Setting next_dagrun for example_trigger_controller_dag to 2021-04-12 00:00:00+00:00
[2021-04-14 13:35:54,692] {scheduler_job.py:190} INFO - Processing /home/airflow/.local/lib/python3.6/site-packages/airflow/example_dags/example_trigger_controller_dag.py took 0.075 seconds
[2021-04-14 13:36:24,890] {scheduler_job.py:182} INFO - Started process (PID=505) to work on /home/airflow/.local/lib/python3.6/site-packages/airflow/example_dags/example_trigger_controller_dag.py
[2021-04-14 13:36:24,892] {scheduler_job.py:629} INFO - Processing file /home/airflow/.local/lib/python3.6/site-packages/airflow/example_dags/example_trigger_controller_dag.py for tasks to queue
[2021-04-14 13:36:24,894] {logging_mixin.py:104} INFO - [2021-04-14 13:36:24,893] {dagbag.py:448} INFO - Filling up the DagBag from /home/airflow/.local/lib/python3.6/site-packages/airflow/example_dags/example_trigger_controller_dag.py
[2021-04-14 13:36:24,912] {scheduler_job.py:639} INFO - DAG(s) dict_keys(['example_trigger_controller_dag']) retrieved from /home/airflow/.local/lib/python3.6/site-packages/airflow/example_dags/example_trigger_controller_dag.py
[2021-04-14 13:36:24,943] {logging_mixin.py:104} INFO - [2021-04-14 13:36:24,943] {dag.py:1818} INFO - Sync 1 DAGs
[2021-04-14 13:36:24,967] {logging_mixin.py:104} INFO - [2021-04-14 13:36:24,966] {dag.py:2273} INFO - Setting next_dagrun for example_trigger_controller_dag to 2021-04-12 00:00:00+00:00
[2021-04-14 13:36:24,984] {scheduler_job.py:190} INFO - Processing /home/airflow/.local/lib/python3.6/site-packages/airflow/example_dags/example_trigger_controller_dag.py took 0.100 seconds
[2021-04-14 13:36:55,285] {scheduler_job.py:182} INFO - Started process (PID=531) to work on /home/airflow/.local/lib/python3.6/site-packages/airflow/example_dags/example_trigger_controller_dag.py
[2021-04-14 13:36:55,287] {scheduler_job.py:629} INFO - Processing file /home/airflow/.local/lib/python3.6/site-packages/airflow/example_dags/example_trigger_controller_dag.py for tasks to queue
[2021-04-14 13:36:55,288] {logging_mixin.py:104} INFO - [2021-04-14 13:36:55,288] {dagbag.py:448} INFO - Filling up the DagBag from /home/airflow/.local/lib/python3.6/site-packages/airflow/example_dags/example_trigger_controller_dag.py
[2021-04-14 13:36:55,301] {scheduler_job.py:639} INFO - DAG(s) dict_keys(['example_trigger_controller_dag']) retrieved from /home/airflow/.local/lib/python3.6/site-packages/airflow/example_dags/example_trigger_controller_dag.py
[2021-04-14 13:36:55,335] {logging_mixin.py:104} INFO - [2021-04-14 13:36:55,334] {dag.py:1818} INFO - Sync 1 DAGs
[2021-04-14 13:36:55,365] {logging_mixin.py:104} INFO - [2021-04-14 13:36:55,365] {dag.py:2273} INFO - Setting next_dagrun for example_trigger_controller_dag to 2021-04-12 00:00:00+00:00
[2021-04-14 13:36:55,380] {scheduler_job.py:190} INFO - Processing /home/airflow/.local/lib/python3.6/site-packages/airflow/example_dags/example_trigger_controller_dag.py took 0.099 seconds
[2021-04-14 13:37:25,785] {scheduler_job.py:182} INFO - Started process (PID=557) to work on /home/airflow/.local/lib/python3.6/site-packages/airflow/example_dags/example_trigger_controller_dag.py
[2021-04-14 13:37:25,787] {scheduler_job.py:629} INFO - Processing file /home/airflow/.local/lib/python3.6/site-packages/airflow/example_dags/example_trigger_controller_dag.py for tasks to queue
[2021-04-14 13:37:25,788] {logging_mixin.py:104} INFO - [2021-04-14 13:37:25,788] {dagbag.py:448} INFO - Filling up the DagBag from /home/airflow/.local/lib/python3.6/site-packages/airflow/example_dags/example_trigger_controller_dag.py
[2021-04-14 13:37:25,803] {scheduler_job.py:639} INFO - DAG(s) dict_keys(['example_trigger_controller_dag']) retrieved from /home/airflow/.local/lib/python3.6/site-packages/airflow/example_dags/example_trigger_controller_dag.py
[2021-04-14 13:37:25,828] {logging_mixin.py:104} INFO - [2021-04-14 13:37:25,828] {dag.py:1818} INFO - Sync 1 DAGs
[2021-04-14 13:37:25,849] {logging_mixin.py:104} INFO - [2021-04-14 13:37:25,849] {dag.py:2273} INFO - Setting next_dagrun for example_trigger_controller_dag to 2021-04-12 00:00:00+00:00
[2021-04-14 13:37:25,864] {scheduler_job.py:190} INFO - Processing /home/airflow/.local/lib/python3.6/site-packages/airflow/example_dags/example_trigger_controller_dag.py took 0.083 seconds
[2021-04-14 13:37:56,018] {scheduler_job.py:182} INFO - Started process (PID=583) to work on /home/airflow/.local/lib/python3.6/site-packages/airflow/example_dags/example_trigger_controller_dag.py
[2021-04-14 13:37:56,019] {scheduler_job.py:629} INFO - Processing file /home/airflow/.local/lib/python3.6/site-packages/airflow/example_dags/example_trigger_controller_dag.py for tasks to queue
[2021-04-14 13:37:56,020] {logging_mixin.py:104} INFO - [2021-04-14 13:37:56,020] {dagbag.py:448} INFO - Filling up the DagBag from /home/airflow/.local/lib/python3.6/site-packages/airflow/example_dags/example_trigger_controller_dag.py
[2021-04-14 13:37:56,030] {scheduler_job.py:639} INFO - DAG(s) dict_keys(['example_trigger_controller_dag']) retrieved from /home/airflow/.local/lib/python3.6/site-packages/airflow/example_dags/example_trigger_controller_dag.py
[2021-04-14 13:37:56,052] {logging_mixin.py:104} INFO - [2021-04-14 13:37:56,052] {dag.py:1818} INFO - Sync 1 DAGs
[2021-04-14 13:37:56,068] {logging_mixin.py:104} INFO - [2021-04-14 13:37:56,068] {dag.py:2273} INFO - Setting next_dagrun for example_trigger_controller_dag to 2021-04-12 00:00:00+00:00
[2021-04-14 13:37:56,078] {scheduler_job.py:190} INFO - Processing /home/airflow/.local/lib/python3.6/site-packages/airflow/example_dags/example_trigger_controller_dag.py took 0.064 seconds
[2021-04-14 13:38:26,509] {scheduler_job.py:182} INFO - Started process (PID=609) to work on /home/airflow/.local/lib/python3.6/site-packages/airflow/example_dags/example_trigger_controller_dag.py
[2021-04-14 13:38:26,511] {scheduler_job.py:629} INFO - Processing file /home/airflow/.local/lib/python3.6/site-packages/airflow/example_dags/example_trigger_controller_dag.py for tasks to queue
[2021-04-14 13:38:26,512] {logging_mixin.py:104} INFO - [2021-04-14 13:38:26,512] {dagbag.py:448} INFO - Filling up the DagBag from /home/airflow/.local/lib/python3.6/site-packages/airflow/example_dags/example_trigger_controller_dag.py
[2021-04-14 13:38:26,523] {scheduler_job.py:639} INFO - DAG(s) dict_keys(['example_trigger_controller_dag']) retrieved from /home/airflow/.local/lib/python3.6/site-packages/airflow/example_dags/example_trigger_controller_dag.py
[2021-04-14 13:38:26,545] {logging_mixin.py:104} INFO - [2021-04-14 13:38:26,545] {dag.py:1818} INFO - Sync 1 DAGs
[2021-04-14 13:38:26,562] {logging_mixin.py:104} INFO - [2021-04-14 13:38:26,562] {dag.py:2273} INFO - Setting next_dagrun for example_trigger_controller_dag to 2021-04-12 00:00:00+00:00
[2021-04-14 13:38:26,572] {scheduler_job.py:190} INFO - Processing /home/airflow/.local/lib/python3.6/site-packages/airflow/example_dags/example_trigger_controller_dag.py took 0.067 seconds
[2021-04-14 13:38:56,812] {scheduler_job.py:182} INFO - Started process (PID=635) to work on /home/airflow/.local/lib/python3.6/site-packages/airflow/example_dags/example_trigger_controller_dag.py
[2021-04-14 13:38:56,813] {scheduler_job.py:629} INFO - Processing file /home/airflow/.local/lib/python3.6/site-packages/airflow/example_dags/example_trigger_controller_dag.py for tasks to queue
[2021-04-14 13:38:56,814] {logging_mixin.py:104} INFO - [2021-04-14 13:38:56,814] {dagbag.py:448} INFO - Filling up the DagBag from /home/airflow/.local/lib/python3.6/site-packages/airflow/example_dags/example_trigger_controller_dag.py
[2021-04-14 13:38:56,825] {scheduler_job.py:639} INFO - DAG(s) dict_keys(['example_trigger_controller_dag']) retrieved from /home/airflow/.local/lib/python3.6/site-packages/airflow/example_dags/example_trigger_controller_dag.py
[2021-04-14 13:38:56,848] {logging_mixin.py:104} INFO - [2021-04-14 13:38:56,848] {dag.py:1818} INFO - Sync 1 DAGs
[2021-04-14 13:38:56,866] {logging_mixin.py:104} INFO - [2021-04-14 13:38:56,866] {dag.py:2273} INFO - Setting next_dagrun for example_trigger_controller_dag to 2021-04-12 00:00:00+00:00
[2021-04-14 13:38:56,902] {scheduler_job.py:190} INFO - Processing /home/airflow/.local/lib/python3.6/site-packages/airflow/example_dags/example_trigger_controller_dag.py took 0.093 seconds
[2021-04-14 13:39:27,057] {scheduler_job.py:182} INFO - Started process (PID=661) to work on /home/airflow/.local/lib/python3.6/site-packages/airflow/example_dags/example_trigger_controller_dag.py
[2021-04-14 13:39:27,058] {scheduler_job.py:629} INFO - Processing file /home/airflow/.local/lib/python3.6/site-packages/airflow/example_dags/example_trigger_controller_dag.py for tasks to queue
[2021-04-14 13:39:27,060] {logging_mixin.py:104} INFO - [2021-04-14 13:39:27,059] {dagbag.py:448} INFO - Filling up the DagBag from /home/airflow/.local/lib/python3.6/site-packages/airflow/example_dags/example_trigger_controller_dag.py
[2021-04-14 13:39:27,073] {scheduler_job.py:639} INFO - DAG(s) dict_keys(['example_trigger_controller_dag']) retrieved from /home/airflow/.local/lib/python3.6/site-packages/airflow/example_dags/example_trigger_controller_dag.py
[2021-04-14 13:39:27,106] {logging_mixin.py:104} INFO - [2021-04-14 13:39:27,106] {dag.py:1818} INFO - Sync 1 DAGs
[2021-04-14 13:39:27,122] {logging_mixin.py:104} INFO - [2021-04-14 13:39:27,122] {dag.py:2273} INFO - Setting next_dagrun for example_trigger_controller_dag to 2021-04-12 00:00:00+00:00
[2021-04-14 13:39:27,131] {scheduler_job.py:190} INFO - Processing /home/airflow/.local/lib/python3.6/site-packages/airflow/example_dags/example_trigger_controller_dag.py took 0.080 seconds
[2021-04-14 13:39:57,393] {scheduler_job.py:182} INFO - Started process (PID=687) to work on /home/airflow/.local/lib/python3.6/site-packages/airflow/example_dags/example_trigger_controller_dag.py
[2021-04-14 13:39:57,396] {scheduler_job.py:629} INFO - Processing file /home/airflow/.local/lib/python3.6/site-packages/airflow/example_dags/example_trigger_controller_dag.py for tasks to queue
[2021-04-14 13:39:57,397] {logging_mixin.py:104} INFO - [2021-04-14 13:39:57,397] {dagbag.py:448} INFO - Filling up the DagBag from /home/airflow/.local/lib/python3.6/site-packages/airflow/example_dags/example_trigger_controller_dag.py
[2021-04-14 13:39:57,413] {scheduler_job.py:639} INFO - DAG(s) dict_keys(['example_trigger_controller_dag']) retrieved from /home/airflow/.local/lib/python3.6/site-packages/airflow/example_dags/example_trigger_controller_dag.py
[2021-04-14 13:39:57,443] {logging_mixin.py:104} INFO - [2021-04-14 13:39:57,443] {dag.py:1818} INFO - Sync 1 DAGs
[2021-04-14 13:39:57,465] {logging_mixin.py:104} INFO - [2021-04-14 13:39:57,465] {dag.py:2273} INFO - Setting next_dagrun for example_trigger_controller_dag to 2021-04-12 00:00:00+00:00
[2021-04-14 13:39:57,487] {scheduler_job.py:190} INFO - Processing /home/airflow/.local/lib/python3.6/site-packages/airflow/example_dags/example_trigger_controller_dag.py took 0.098 seconds
[2021-04-14 13:40:28,342] {scheduler_job.py:182} INFO - Started process (PID=713) to work on /home/airflow/.local/lib/python3.6/site-packages/airflow/example_dags/example_trigger_controller_dag.py
[2021-04-14 13:40:28,344] {scheduler_job.py:629} INFO - Processing file /home/airflow/.local/lib/python3.6/site-packages/airflow/example_dags/example_trigger_controller_dag.py for tasks to queue
[2021-04-14 13:40:28,345] {logging_mixin.py:104} INFO - [2021-04-14 13:40:28,345] {dagbag.py:448} INFO - Filling up the DagBag from /home/airflow/.local/lib/python3.6/site-packages/airflow/example_dags/example_trigger_controller_dag.py
[2021-04-14 13:40:28,367] {scheduler_job.py:639} INFO - DAG(s) dict_keys(['example_trigger_controller_dag']) retrieved from /home/airflow/.local/lib/python3.6/site-packages/airflow/example_dags/example_trigger_controller_dag.py
[2021-04-14 13:40:28,401] {logging_mixin.py:104} INFO - [2021-04-14 13:40:28,401] {dag.py:1818} INFO - Sync 1 DAGs
[2021-04-14 13:40:28,428] {logging_mixin.py:104} INFO - [2021-04-14 13:40:28,428] {dag.py:2273} INFO - Setting next_dagrun for example_trigger_controller_dag to 2021-04-12 00:00:00+00:00
[2021-04-14 13:40:28,444] {scheduler_job.py:190} INFO - Processing /home/airflow/.local/lib/python3.6/site-packages/airflow/example_dags/example_trigger_controller_dag.py took 0.108 seconds
[2021-04-14 13:40:58,600] {scheduler_job.py:182} INFO - Started process (PID=739) to work on /home/airflow/.local/lib/python3.6/site-packages/airflow/example_dags/example_trigger_controller_dag.py
[2021-04-14 13:40:58,602] {scheduler_job.py:629} INFO - Processing file /home/airflow/.local/lib/python3.6/site-packages/airflow/example_dags/example_trigger_controller_dag.py for tasks to queue
[2021-04-14 13:40:58,604] {logging_mixin.py:104} INFO - [2021-04-14 13:40:58,603] {dagbag.py:448} INFO - Filling up the DagBag from /home/airflow/.local/lib/python3.6/site-packages/airflow/example_dags/example_trigger_controller_dag.py
[2021-04-14 13:40:58,624] {scheduler_job.py:639} INFO - DAG(s) dict_keys(['example_trigger_controller_dag']) retrieved from /home/airflow/.local/lib/python3.6/site-packages/airflow/example_dags/example_trigger_controller_dag.py
[2021-04-14 13:40:58,658] {logging_mixin.py:104} INFO - [2021-04-14 13:40:58,658] {dag.py:1818} INFO - Sync 1 DAGs
[2021-04-14 13:40:58,680] {logging_mixin.py:104} INFO - [2021-04-14 13:40:58,679] {dag.py:2273} INFO - Setting next_dagrun for example_trigger_controller_dag to 2021-04-12 00:00:00+00:00
[2021-04-14 13:40:58,692] {scheduler_job.py:190} INFO - Processing /home/airflow/.local/lib/python3.6/site-packages/airflow/example_dags/example_trigger_controller_dag.py took 0.097 seconds
[2021-04-14 13:41:28,833] {scheduler_job.py:182} INFO - Started process (PID=765) to work on /home/airflow/.local/lib/python3.6/site-packages/airflow/example_dags/example_trigger_controller_dag.py
[2021-04-14 13:41:28,834] {scheduler_job.py:629} INFO - Processing file /home/airflow/.local/lib/python3.6/site-packages/airflow/example_dags/example_trigger_controller_dag.py for tasks to queue
[2021-04-14 13:41:28,835] {logging_mixin.py:104} INFO - [2021-04-14 13:41:28,835] {dagbag.py:448} INFO - Filling up the DagBag from /home/airflow/.local/lib/python3.6/site-packages/airflow/example_dags/example_trigger_controller_dag.py
[2021-04-14 13:41:28,850] {scheduler_job.py:639} INFO - DAG(s) dict_keys(['example_trigger_controller_dag']) retrieved from /home/airflow/.local/lib/python3.6/site-packages/airflow/example_dags/example_trigger_controller_dag.py
[2021-04-14 13:41:28,875] {logging_mixin.py:104} INFO - [2021-04-14 13:41:28,875] {dag.py:1818} INFO - Sync 1 DAGs
[2021-04-14 13:41:28,894] {logging_mixin.py:104} INFO - [2021-04-14 13:41:28,893] {dag.py:2273} INFO - Setting next_dagrun for example_trigger_controller_dag to 2021-04-12 00:00:00+00:00
[2021-04-14 13:41:28,908] {scheduler_job.py:190} INFO - Processing /home/airflow/.local/lib/python3.6/site-packages/airflow/example_dags/example_trigger_controller_dag.py took 0.079 seconds
[2021-04-14 13:41:59,129] {scheduler_job.py:182} INFO - Started process (PID=791) to work on /home/airflow/.local/lib/python3.6/site-packages/airflow/example_dags/example_trigger_controller_dag.py
[2021-04-14 13:41:59,130] {scheduler_job.py:629} INFO - Processing file /home/airflow/.local/lib/python3.6/site-packages/airflow/example_dags/example_trigger_controller_dag.py for tasks to queue
[2021-04-14 13:41:59,132] {logging_mixin.py:104} INFO - [2021-04-14 13:41:59,131] {dagbag.py:448} INFO - Filling up the DagBag from /home/airflow/.local/lib/python3.6/site-packages/airflow/example_dags/example_trigger_controller_dag.py
[2021-04-14 13:41:59,147] {scheduler_job.py:639} INFO - DAG(s) dict_keys(['example_trigger_controller_dag']) retrieved from /home/airflow/.local/lib/python3.6/site-packages/airflow/example_dags/example_trigger_controller_dag.py
[2021-04-14 13:41:59,174] {logging_mixin.py:104} INFO - [2021-04-14 13:41:59,174] {dag.py:1818} INFO - Sync 1 DAGs
[2021-04-14 13:41:59,193] {logging_mixin.py:104} INFO - [2021-04-14 13:41:59,193] {dag.py:2273} INFO - Setting next_dagrun for example_trigger_controller_dag to 2021-04-12 00:00:00+00:00
[2021-04-14 13:41:59,206] {scheduler_job.py:190} INFO - Processing /home/airflow/.local/lib/python3.6/site-packages/airflow/example_dags/example_trigger_controller_dag.py took 0.081 seconds
[2021-04-14 13:42:29,332] {scheduler_job.py:182} INFO - Started process (PID=817) to work on /home/airflow/.local/lib/python3.6/site-packages/airflow/example_dags/example_trigger_controller_dag.py
[2021-04-14 13:42:29,334] {scheduler_job.py:629} INFO - Processing file /home/airflow/.local/lib/python3.6/site-packages/airflow/example_dags/example_trigger_controller_dag.py for tasks to queue
[2021-04-14 13:42:29,336] {logging_mixin.py:104} INFO - [2021-04-14 13:42:29,335] {dagbag.py:448} INFO - Filling up the DagBag from /home/airflow/.local/lib/python3.6/site-packages/airflow/example_dags/example_trigger_controller_dag.py
[2021-04-14 13:42:29,350] {scheduler_job.py:639} INFO - DAG(s) dict_keys(['example_trigger_controller_dag']) retrieved from /home/airflow/.local/lib/python3.6/site-packages/airflow/example_dags/example_trigger_controller_dag.py
[2021-04-14 13:42:29,375] {logging_mixin.py:104} INFO - [2021-04-14 13:42:29,375] {dag.py:1818} INFO - Sync 1 DAGs
[2021-04-14 13:42:29,395] {logging_mixin.py:104} INFO - [2021-04-14 13:42:29,395] {dag.py:2273} INFO - Setting next_dagrun for example_trigger_controller_dag to 2021-04-12 00:00:00+00:00
[2021-04-14 13:42:29,407] {scheduler_job.py:190} INFO - Processing /home/airflow/.local/lib/python3.6/site-packages/airflow/example_dags/example_trigger_controller_dag.py took 0.079 seconds
[2021-04-14 13:42:59,582] {scheduler_job.py:182} INFO - Started process (PID=843) to work on /home/airflow/.local/lib/python3.6/site-packages/airflow/example_dags/example_trigger_controller_dag.py
[2021-04-14 13:42:59,584] {scheduler_job.py:629} INFO - Processing file /home/airflow/.local/lib/python3.6/site-packages/airflow/example_dags/example_trigger_controller_dag.py for tasks to queue
[2021-04-14 13:42:59,586] {logging_mixin.py:104} INFO - [2021-04-14 13:42:59,585] {dagbag.py:448} INFO - Filling up the DagBag from /home/airflow/.local/lib/python3.6/site-packages/airflow/example_dags/example_trigger_controller_dag.py
[2021-04-14 13:42:59,600] {scheduler_job.py:639} INFO - DAG(s) dict_keys(['example_trigger_controller_dag']) retrieved from /home/airflow/.local/lib/python3.6/site-packages/airflow/example_dags/example_trigger_controller_dag.py
[2021-04-14 13:42:59,626] {logging_mixin.py:104} INFO - [2021-04-14 13:42:59,626] {dag.py:1818} INFO - Sync 1 DAGs
[2021-04-14 13:42:59,650] {logging_mixin.py:104} INFO - [2021-04-14 13:42:59,650] {dag.py:2273} INFO - Setting next_dagrun for example_trigger_controller_dag to 2021-04-12 00:00:00+00:00
[2021-04-14 13:42:59,669] {scheduler_job.py:190} INFO - Processing /home/airflow/.local/lib/python3.6/site-packages/airflow/example_dags/example_trigger_controller_dag.py took 0.091 seconds
[2021-04-14 13:43:29,926] {scheduler_job.py:182} INFO - Started process (PID=869) to work on /home/airflow/.local/lib/python3.6/site-packages/airflow/example_dags/example_trigger_controller_dag.py
[2021-04-14 13:43:29,928] {scheduler_job.py:629} INFO - Processing file /home/airflow/.local/lib/python3.6/site-packages/airflow/example_dags/example_trigger_controller_dag.py for tasks to queue
[2021-04-14 13:43:29,929] {logging_mixin.py:104} INFO - [2021-04-14 13:43:29,929] {dagbag.py:448} INFO - Filling up the DagBag from /home/airflow/.local/lib/python3.6/site-packages/airflow/example_dags/example_trigger_controller_dag.py
[2021-04-14 13:43:29,941] {scheduler_job.py:639} INFO - DAG(s) dict_keys(['example_trigger_controller_dag']) retrieved from /home/airflow/.local/lib/python3.6/site-packages/airflow/example_dags/example_trigger_controller_dag.py
[2021-04-14 13:43:29,964] {logging_mixin.py:104} INFO - [2021-04-14 13:43:29,964] {dag.py:1818} INFO - Sync 1 DAGs
[2021-04-14 13:43:29,980] {logging_mixin.py:104} INFO - [2021-04-14 13:43:29,980] {dag.py:2273} INFO - Setting next_dagrun for example_trigger_controller_dag to 2021-04-12 00:00:00+00:00
[2021-04-14 13:43:29,990] {scheduler_job.py:190} INFO - Processing /home/airflow/.local/lib/python3.6/site-packages/airflow/example_dags/example_trigger_controller_dag.py took 0.067 seconds
[2021-04-14 13:44:00,463] {scheduler_job.py:182} INFO - Started process (PID=895) to work on /home/airflow/.local/lib/python3.6/site-packages/airflow/example_dags/example_trigger_controller_dag.py
[2021-04-14 13:44:00,465] {scheduler_job.py:629} INFO - Processing file /home/airflow/.local/lib/python3.6/site-packages/airflow/example_dags/example_trigger_controller_dag.py for tasks to queue
[2021-04-14 13:44:00,466] {logging_mixin.py:104} INFO - [2021-04-14 13:44:00,466] {dagbag.py:448} INFO - Filling up the DagBag from /home/airflow/.local/lib/python3.6/site-packages/airflow/example_dags/example_trigger_controller_dag.py
[2021-04-14 13:44:00,478] {scheduler_job.py:639} INFO - DAG(s) dict_keys(['example_trigger_controller_dag']) retrieved from /home/airflow/.local/lib/python3.6/site-packages/airflow/example_dags/example_trigger_controller_dag.py
[2021-04-14 13:44:00,501] {logging_mixin.py:104} INFO - [2021-04-14 13:44:00,501] {dag.py:1818} INFO - Sync 1 DAGs
[2021-04-14 13:44:00,518] {logging_mixin.py:104} INFO - [2021-04-14 13:44:00,518] {dag.py:2273} INFO - Setting next_dagrun for example_trigger_controller_dag to 2021-04-12 00:00:00+00:00
[2021-04-14 13:44:00,529] {scheduler_job.py:190} INFO - Processing /home/airflow/.local/lib/python3.6/site-packages/airflow/example_dags/example_trigger_controller_dag.py took 0.069 seconds
[2021-04-14 13:44:31,023] {scheduler_job.py:182} INFO - Started process (PID=921) to work on /home/airflow/.local/lib/python3.6/site-packages/airflow/example_dags/example_trigger_controller_dag.py
[2021-04-14 13:44:31,024] {scheduler_job.py:629} INFO - Processing file /home/airflow/.local/lib/python3.6/site-packages/airflow/example_dags/example_trigger_controller_dag.py for tasks to queue
[2021-04-14 13:44:31,025] {logging_mixin.py:104} INFO - [2021-04-14 13:44:31,025] {dagbag.py:448} INFO - Filling up the DagBag from /home/airflow/.local/lib/python3.6/site-packages/airflow/example_dags/example_trigger_controller_dag.py
[2021-04-14 13:44:31,035] {scheduler_job.py:639} INFO - DAG(s) dict_keys(['example_trigger_controller_dag']) retrieved from /home/airflow/.local/lib/python3.6/site-packages/airflow/example_dags/example_trigger_controller_dag.py
[2021-04-14 13:44:31,056] {logging_mixin.py:104} INFO - [2021-04-14 13:44:31,056] {dag.py:1818} INFO - Sync 1 DAGs
[2021-04-14 13:44:31,071] {logging_mixin.py:104} INFO - [2021-04-14 13:44:31,071] {dag.py:2273} INFO - Setting next_dagrun for example_trigger_controller_dag to 2021-04-12 00:00:00+00:00
[2021-04-14 13:44:31,086] {scheduler_job.py:190} INFO - Processing /home/airflow/.local/lib/python3.6/site-packages/airflow/example_dags/example_trigger_controller_dag.py took 0.066 seconds
[2021-04-14 13:45:01,490] {scheduler_job.py:182} INFO - Started process (PID=947) to work on /home/airflow/.local/lib/python3.6/site-packages/airflow/example_dags/example_trigger_controller_dag.py
[2021-04-14 13:45:01,492] {scheduler_job.py:629} INFO - Processing file /home/airflow/.local/lib/python3.6/site-packages/airflow/example_dags/example_trigger_controller_dag.py for tasks to queue
[2021-04-14 13:45:01,493] {logging_mixin.py:104} INFO - [2021-04-14 13:45:01,493] {dagbag.py:448} INFO - Filling up the DagBag from /home/airflow/.local/lib/python3.6/site-packages/airflow/example_dags/example_trigger_controller_dag.py
[2021-04-14 13:45:01,506] {scheduler_job.py:639} INFO - DAG(s) dict_keys(['example_trigger_controller_dag']) retrieved from /home/airflow/.local/lib/python3.6/site-packages/airflow/example_dags/example_trigger_controller_dag.py
[2021-04-14 13:45:01,534] {logging_mixin.py:104} INFO - [2021-04-14 13:45:01,533] {dag.py:1818} INFO - Sync 1 DAGs
[2021-04-14 13:45:01,549] {logging_mixin.py:104} INFO - [2021-04-14 13:45:01,549] {dag.py:2273} INFO - Setting next_dagrun for example_trigger_controller_dag to 2021-04-12 00:00:00+00:00
[2021-04-14 13:45:01,559] {scheduler_job.py:190} INFO - Processing /home/airflow/.local/lib/python3.6/site-packages/airflow/example_dags/example_trigger_controller_dag.py took 0.072 seconds
[2021-04-14 13:45:31,888] {scheduler_job.py:182} INFO - Started process (PID=973) to work on /home/airflow/.local/lib/python3.6/site-packages/airflow/example_dags/example_trigger_controller_dag.py
[2021-04-14 13:45:31,889] {scheduler_job.py:629} INFO - Processing file /home/airflow/.local/lib/python3.6/site-packages/airflow/example_dags/example_trigger_controller_dag.py for tasks to queue
[2021-04-14 13:45:31,890] {logging_mixin.py:104} INFO - [2021-04-14 13:45:31,890] {dagbag.py:448} INFO - Filling up the DagBag from /home/airflow/.local/lib/python3.6/site-packages/airflow/example_dags/example_trigger_controller_dag.py
[2021-04-14 13:45:31,900] {scheduler_job.py:639} INFO - DAG(s) dict_keys(['example_trigger_controller_dag']) retrieved from /home/airflow/.local/lib/python3.6/site-packages/airflow/example_dags/example_trigger_controller_dag.py
[2021-04-14 13:45:31,920] {logging_mixin.py:104} INFO - [2021-04-14 13:45:31,920] {dag.py:1818} INFO - Sync 1 DAGs
[2021-04-14 13:45:31,935] {logging_mixin.py:104} INFO - [2021-04-14 13:45:31,934] {dag.py:2273} INFO - Setting next_dagrun for example_trigger_controller_dag to 2021-04-12 00:00:00+00:00
[2021-04-14 13:45:31,944] {scheduler_job.py:190} INFO - Processing /home/airflow/.local/lib/python3.6/site-packages/airflow/example_dags/example_trigger_controller_dag.py took 0.059 seconds
[2021-04-14 13:46:02,271] {scheduler_job.py:182} INFO - Started process (PID=999) to work on /home/airflow/.local/lib/python3.6/site-packages/airflow/example_dags/example_trigger_controller_dag.py
[2021-04-14 13:46:02,272] {scheduler_job.py:629} INFO - Processing file /home/airflow/.local/lib/python3.6/site-packages/airflow/example_dags/example_trigger_controller_dag.py for tasks to queue
[2021-04-14 13:46:02,273] {logging_mixin.py:104} INFO - [2021-04-14 13:46:02,273] {dagbag.py:448} INFO - Filling up the DagBag from /home/airflow/.local/lib/python3.6/site-packages/airflow/example_dags/example_trigger_controller_dag.py
[2021-04-14 13:46:02,283] {scheduler_job.py:639} INFO - DAG(s) dict_keys(['example_trigger_controller_dag']) retrieved from /home/airflow/.local/lib/python3.6/site-packages/airflow/example_dags/example_trigger_controller_dag.py
[2021-04-14 13:46:02,304] {logging_mixin.py:104} INFO - [2021-04-14 13:46:02,304] {dag.py:1818} INFO - Sync 1 DAGs
[2021-04-14 13:46:02,319] {logging_mixin.py:104} INFO - [2021-04-14 13:46:02,319] {dag.py:2273} INFO - Setting next_dagrun for example_trigger_controller_dag to 2021-04-12 00:00:00+00:00
[2021-04-14 13:46:02,333] {scheduler_job.py:190} INFO - Processing /home/airflow/.local/lib/python3.6/site-packages/airflow/example_dags/example_trigger_controller_dag.py took 0.066 seconds
[2021-04-14 13:46:32,707] {scheduler_job.py:182} INFO - Started process (PID=1025) to work on /home/airflow/.local/lib/python3.6/site-packages/airflow/example_dags/example_trigger_controller_dag.py
[2021-04-14 13:46:32,709] {scheduler_job.py:629} INFO - Processing file /home/airflow/.local/lib/python3.6/site-packages/airflow/example_dags/example_trigger_controller_dag.py for tasks to queue
[2021-04-14 13:46:32,710] {logging_mixin.py:104} INFO - [2021-04-14 13:46:32,710] {dagbag.py:448} INFO - Filling up the DagBag from /home/airflow/.local/lib/python3.6/site-packages/airflow/example_dags/example_trigger_controller_dag.py
[2021-04-14 13:46:32,720] {scheduler_job.py:639} INFO - DAG(s) dict_keys(['example_trigger_controller_dag']) retrieved from /home/airflow/.local/lib/python3.6/site-packages/airflow/example_dags/example_trigger_controller_dag.py
[2021-04-14 13:46:32,739] {logging_mixin.py:104} INFO - [2021-04-14 13:46:32,739] {dag.py:1818} INFO - Sync 1 DAGs
[2021-04-14 13:46:32,755] {logging_mixin.py:104} INFO - [2021-04-14 13:46:32,755] {dag.py:2273} INFO - Setting next_dagrun for example_trigger_controller_dag to 2021-04-12 00:00:00+00:00
[2021-04-14 13:46:32,770] {scheduler_job.py:190} INFO - Processing /home/airflow/.local/lib/python3.6/site-packages/airflow/example_dags/example_trigger_controller_dag.py took 0.065 seconds
[2021-04-14 13:47:03,003] {scheduler_job.py:182} INFO - Started process (PID=1051) to work on /home/airflow/.local/lib/python3.6/site-packages/airflow/example_dags/example_trigger_controller_dag.py
[2021-04-14 13:47:03,005] {scheduler_job.py:629} INFO - Processing file /home/airflow/.local/lib/python3.6/site-packages/airflow/example_dags/example_trigger_controller_dag.py for tasks to queue
[2021-04-14 13:47:03,006] {logging_mixin.py:104} INFO - [2021-04-14 13:47:03,006] {dagbag.py:448} INFO - Filling up the DagBag from /home/airflow/.local/lib/python3.6/site-packages/airflow/example_dags/example_trigger_controller_dag.py
[2021-04-14 13:47:03,017] {scheduler_job.py:639} INFO - DAG(s) dict_keys(['example_trigger_controller_dag']) retrieved from /home/airflow/.local/lib/python3.6/site-packages/airflow/example_dags/example_trigger_controller_dag.py
[2021-04-14 13:47:03,038] {logging_mixin.py:104} INFO - [2021-04-14 13:47:03,038] {dag.py:1818} INFO - Sync 1 DAGs
[2021-04-14 13:47:03,052] {logging_mixin.py:104} INFO - [2021-04-14 13:47:03,052] {dag.py:2273} INFO - Setting next_dagrun for example_trigger_controller_dag to 2021-04-12 00:00:00+00:00
[2021-04-14 13:47:03,173] {scheduler_job.py:190} INFO - Processing /home/airflow/.local/lib/python3.6/site-packages/airflow/example_dags/example_trigger_controller_dag.py took 0.173 seconds
[2021-04-14 13:47:33,437] {scheduler_job.py:182} INFO - Started process (PID=1077) to work on /home/airflow/.local/lib/python3.6/site-packages/airflow/example_dags/example_trigger_controller_dag.py
[2021-04-14 13:47:33,439] {scheduler_job.py:629} INFO - Processing file /home/airflow/.local/lib/python3.6/site-packages/airflow/example_dags/example_trigger_controller_dag.py for tasks to queue
[2021-04-14 13:47:33,441] {logging_mixin.py:104} INFO - [2021-04-14 13:47:33,440] {dagbag.py:448} INFO - Filling up the DagBag from /home/airflow/.local/lib/python3.6/site-packages/airflow/example_dags/example_trigger_controller_dag.py
[2021-04-14 13:47:33,452] {scheduler_job.py:639} INFO - DAG(s) dict_keys(['example_trigger_controller_dag']) retrieved from /home/airflow/.local/lib/python3.6/site-packages/airflow/example_dags/example_trigger_controller_dag.py
[2021-04-14 13:47:33,472] {logging_mixin.py:104} INFO - [2021-04-14 13:47:33,472] {dag.py:1818} INFO - Sync 1 DAGs
[2021-04-14 13:47:33,488] {logging_mixin.py:104} INFO - [2021-04-14 13:47:33,488] {dag.py:2273} INFO - Setting next_dagrun for example_trigger_controller_dag to 2021-04-12 00:00:00+00:00
[2021-04-14 13:47:33,500] {scheduler_job.py:190} INFO - Processing /home/airflow/.local/lib/python3.6/site-packages/airflow/example_dags/example_trigger_controller_dag.py took 0.068 seconds
[2021-04-14 13:48:03,970] {scheduler_job.py:182} INFO - Started process (PID=1103) to work on /home/airflow/.local/lib/python3.6/site-packages/airflow/example_dags/example_trigger_controller_dag.py
[2021-04-14 13:48:03,971] {scheduler_job.py:629} INFO - Processing file /home/airflow/.local/lib/python3.6/site-packages/airflow/example_dags/example_trigger_controller_dag.py for tasks to queue
[2021-04-14 13:48:03,972] {logging_mixin.py:104} INFO - [2021-04-14 13:48:03,972] {dagbag.py:448} INFO - Filling up the DagBag from /home/airflow/.local/lib/python3.6/site-packages/airflow/example_dags/example_trigger_controller_dag.py
[2021-04-14 13:48:03,985] {scheduler_job.py:639} INFO - DAG(s) dict_keys(['example_trigger_controller_dag']) retrieved from /home/airflow/.local/lib/python3.6/site-packages/airflow/example_dags/example_trigger_controller_dag.py
[2021-04-14 13:48:04,008] {logging_mixin.py:104} INFO - [2021-04-14 13:48:04,008] {dag.py:1818} INFO - Sync 1 DAGs
[2021-04-14 13:48:04,027] {logging_mixin.py:104} INFO - [2021-04-14 13:48:04,027] {dag.py:2273} INFO - Setting next_dagrun for example_trigger_controller_dag to 2021-04-12 00:00:00+00:00
[2021-04-14 13:48:04,038] {scheduler_job.py:190} INFO - Processing /home/airflow/.local/lib/python3.6/site-packages/airflow/example_dags/example_trigger_controller_dag.py took 0.073 seconds
[2021-04-14 13:48:34,436] {scheduler_job.py:182} INFO - Started process (PID=1129) to work on /home/airflow/.local/lib/python3.6/site-packages/airflow/example_dags/example_trigger_controller_dag.py
[2021-04-14 13:48:34,438] {scheduler_job.py:629} INFO - Processing file /home/airflow/.local/lib/python3.6/site-packages/airflow/example_dags/example_trigger_controller_dag.py for tasks to queue
[2021-04-14 13:48:34,439] {logging_mixin.py:104} INFO - [2021-04-14 13:48:34,439] {dagbag.py:448} INFO - Filling up the DagBag from /home/airflow/.local/lib/python3.6/site-packages/airflow/example_dags/example_trigger_controller_dag.py
[2021-04-14 13:48:34,450] {scheduler_job.py:639} INFO - DAG(s) dict_keys(['example_trigger_controller_dag']) retrieved from /home/airflow/.local/lib/python3.6/site-packages/airflow/example_dags/example_trigger_controller_dag.py
[2021-04-14 13:48:34,474] {logging_mixin.py:104} INFO - [2021-04-14 13:48:34,473] {dag.py:1818} INFO - Sync 1 DAGs
[2021-04-14 13:48:34,490] {logging_mixin.py:104} INFO - [2021-04-14 13:48:34,490] {dag.py:2273} INFO - Setting next_dagrun for example_trigger_controller_dag to 2021-04-12 00:00:00+00:00
[2021-04-14 13:48:34,501] {scheduler_job.py:190} INFO - Processing /home/airflow/.local/lib/python3.6/site-packages/airflow/example_dags/example_trigger_controller_dag.py took 0.070 seconds
