[2021-04-14 13:27:51,580] {scheduler_job.py:182} INFO - Started process (PID=51) to work on /home/airflow/.local/lib/python3.6/site-packages/airflow/example_dags/example_bash_operator.py
[2021-04-14 13:27:51,589] {scheduler_job.py:629} INFO - Processing file /home/airflow/.local/lib/python3.6/site-packages/airflow/example_dags/example_bash_operator.py for tasks to queue
[2021-04-14 13:27:51,594] {logging_mixin.py:104} INFO - [2021-04-14 13:27:51,593] {dagbag.py:448} INFO - Filling up the DagBag from /home/airflow/.local/lib/python3.6/site-packages/airflow/example_dags/example_bash_operator.py
[2021-04-14 13:27:51,638] {scheduler_job.py:639} INFO - DAG(s) dict_keys(['example_bash_operator']) retrieved from /home/airflow/.local/lib/python3.6/site-packages/airflow/example_dags/example_bash_operator.py
[2021-04-14 13:27:51,717] {logging_mixin.py:104} INFO - [2021-04-14 13:27:51,717] {dag.py:1818} INFO - Sync 1 DAGs
[2021-04-14 13:27:51,775] {logging_mixin.py:104} INFO - [2021-04-14 13:27:51,775] {dag.py:2273} INFO - Setting next_dagrun for example_bash_operator to 2021-04-12 00:00:00+00:00
[2021-04-14 13:27:51,834] {scheduler_job.py:190} INFO - Processing /home/airflow/.local/lib/python3.6/site-packages/airflow/example_dags/example_bash_operator.py took 0.260 seconds
[2021-04-14 13:28:25,225] {scheduler_job.py:182} INFO - Started process (PID=99) to work on /home/airflow/.local/lib/python3.6/site-packages/airflow/example_dags/example_bash_operator.py
[2021-04-14 13:28:25,235] {scheduler_job.py:629} INFO - Processing file /home/airflow/.local/lib/python3.6/site-packages/airflow/example_dags/example_bash_operator.py for tasks to queue
[2021-04-14 13:28:25,241] {logging_mixin.py:104} INFO - [2021-04-14 13:28:25,241] {dagbag.py:448} INFO - Filling up the DagBag from /home/airflow/.local/lib/python3.6/site-packages/airflow/example_dags/example_bash_operator.py
[2021-04-14 13:28:25,299] {scheduler_job.py:639} INFO - DAG(s) dict_keys(['example_bash_operator']) retrieved from /home/airflow/.local/lib/python3.6/site-packages/airflow/example_dags/example_bash_operator.py
[2021-04-14 13:28:25,556] {logging_mixin.py:104} INFO - [2021-04-14 13:28:25,556] {dag.py:1818} INFO - Sync 1 DAGs
[2021-04-14 13:28:25,754] {logging_mixin.py:104} INFO - [2021-04-14 13:28:25,754] {dag.py:2273} INFO - Setting next_dagrun for example_bash_operator to 2021-04-14 00:00:00+00:00
[2021-04-14 13:28:25,940] {scheduler_job.py:190} INFO - Processing /home/airflow/.local/lib/python3.6/site-packages/airflow/example_dags/example_bash_operator.py took 0.728 seconds
[2021-04-14 13:28:56,731] {scheduler_job.py:182} INFO - Started process (PID=131) to work on /home/airflow/.local/lib/python3.6/site-packages/airflow/example_dags/example_bash_operator.py
[2021-04-14 13:28:56,733] {scheduler_job.py:629} INFO - Processing file /home/airflow/.local/lib/python3.6/site-packages/airflow/example_dags/example_bash_operator.py for tasks to queue
[2021-04-14 13:28:56,735] {logging_mixin.py:104} INFO - [2021-04-14 13:28:56,734] {dagbag.py:448} INFO - Filling up the DagBag from /home/airflow/.local/lib/python3.6/site-packages/airflow/example_dags/example_bash_operator.py
[2021-04-14 13:28:56,751] {scheduler_job.py:639} INFO - DAG(s) dict_keys(['example_bash_operator']) retrieved from /home/airflow/.local/lib/python3.6/site-packages/airflow/example_dags/example_bash_operator.py
[2021-04-14 13:28:56,780] {logging_mixin.py:104} INFO - [2021-04-14 13:28:56,779] {dag.py:1818} INFO - Sync 1 DAGs
[2021-04-14 13:28:56,804] {logging_mixin.py:104} INFO - [2021-04-14 13:28:56,804] {dag.py:2273} INFO - Setting next_dagrun for example_bash_operator to 2021-04-14 00:00:00+00:00
[2021-04-14 13:28:56,816] {scheduler_job.py:190} INFO - Processing /home/airflow/.local/lib/python3.6/site-packages/airflow/example_dags/example_bash_operator.py took 0.088 seconds
[2021-04-14 13:29:26,887] {scheduler_job.py:182} INFO - Started process (PID=157) to work on /home/airflow/.local/lib/python3.6/site-packages/airflow/example_dags/example_bash_operator.py
[2021-04-14 13:29:26,888] {scheduler_job.py:629} INFO - Processing file /home/airflow/.local/lib/python3.6/site-packages/airflow/example_dags/example_bash_operator.py for tasks to queue
[2021-04-14 13:29:26,890] {logging_mixin.py:104} INFO - [2021-04-14 13:29:26,889] {dagbag.py:448} INFO - Filling up the DagBag from /home/airflow/.local/lib/python3.6/site-packages/airflow/example_dags/example_bash_operator.py
[2021-04-14 13:29:26,906] {scheduler_job.py:639} INFO - DAG(s) dict_keys(['example_bash_operator']) retrieved from /home/airflow/.local/lib/python3.6/site-packages/airflow/example_dags/example_bash_operator.py
[2021-04-14 13:29:26,937] {logging_mixin.py:104} INFO - [2021-04-14 13:29:26,937] {dag.py:1818} INFO - Sync 1 DAGs
[2021-04-14 13:29:26,963] {logging_mixin.py:104} INFO - [2021-04-14 13:29:26,963] {dag.py:2273} INFO - Setting next_dagrun for example_bash_operator to 2021-04-14 00:00:00+00:00
[2021-04-14 13:29:26,978] {scheduler_job.py:190} INFO - Processing /home/airflow/.local/lib/python3.6/site-packages/airflow/example_dags/example_bash_operator.py took 0.095 seconds
[2021-04-14 13:29:57,039] {scheduler_job.py:182} INFO - Started process (PID=183) to work on /home/airflow/.local/lib/python3.6/site-packages/airflow/example_dags/example_bash_operator.py
[2021-04-14 13:29:57,041] {scheduler_job.py:629} INFO - Processing file /home/airflow/.local/lib/python3.6/site-packages/airflow/example_dags/example_bash_operator.py for tasks to queue
[2021-04-14 13:29:57,042] {logging_mixin.py:104} INFO - [2021-04-14 13:29:57,042] {dagbag.py:448} INFO - Filling up the DagBag from /home/airflow/.local/lib/python3.6/site-packages/airflow/example_dags/example_bash_operator.py
[2021-04-14 13:29:57,055] {scheduler_job.py:639} INFO - DAG(s) dict_keys(['example_bash_operator']) retrieved from /home/airflow/.local/lib/python3.6/site-packages/airflow/example_dags/example_bash_operator.py
[2021-04-14 13:29:57,079] {logging_mixin.py:104} INFO - [2021-04-14 13:29:57,078] {dag.py:1818} INFO - Sync 1 DAGs
[2021-04-14 13:29:57,097] {logging_mixin.py:104} INFO - [2021-04-14 13:29:57,097] {dag.py:2273} INFO - Setting next_dagrun for example_bash_operator to 2021-04-14 00:00:00+00:00
[2021-04-14 13:29:57,108] {scheduler_job.py:190} INFO - Processing /home/airflow/.local/lib/python3.6/site-packages/airflow/example_dags/example_bash_operator.py took 0.072 seconds
[2021-04-14 13:30:27,191] {scheduler_job.py:182} INFO - Started process (PID=209) to work on /home/airflow/.local/lib/python3.6/site-packages/airflow/example_dags/example_bash_operator.py
[2021-04-14 13:30:27,193] {scheduler_job.py:629} INFO - Processing file /home/airflow/.local/lib/python3.6/site-packages/airflow/example_dags/example_bash_operator.py for tasks to queue
[2021-04-14 13:30:27,194] {logging_mixin.py:104} INFO - [2021-04-14 13:30:27,194] {dagbag.py:448} INFO - Filling up the DagBag from /home/airflow/.local/lib/python3.6/site-packages/airflow/example_dags/example_bash_operator.py
[2021-04-14 13:30:27,206] {scheduler_job.py:639} INFO - DAG(s) dict_keys(['example_bash_operator']) retrieved from /home/airflow/.local/lib/python3.6/site-packages/airflow/example_dags/example_bash_operator.py
[2021-04-14 13:30:27,228] {logging_mixin.py:104} INFO - [2021-04-14 13:30:27,227] {dag.py:1818} INFO - Sync 1 DAGs
[2021-04-14 13:30:27,246] {logging_mixin.py:104} INFO - [2021-04-14 13:30:27,246] {dag.py:2273} INFO - Setting next_dagrun for example_bash_operator to 2021-04-14 00:00:00+00:00
[2021-04-14 13:30:27,258] {scheduler_job.py:190} INFO - Processing /home/airflow/.local/lib/python3.6/site-packages/airflow/example_dags/example_bash_operator.py took 0.071 seconds
[2021-04-14 13:30:57,477] {scheduler_job.py:182} INFO - Started process (PID=235) to work on /home/airflow/.local/lib/python3.6/site-packages/airflow/example_dags/example_bash_operator.py
[2021-04-14 13:30:57,479] {scheduler_job.py:629} INFO - Processing file /home/airflow/.local/lib/python3.6/site-packages/airflow/example_dags/example_bash_operator.py for tasks to queue
[2021-04-14 13:30:57,480] {logging_mixin.py:104} INFO - [2021-04-14 13:30:57,480] {dagbag.py:448} INFO - Filling up the DagBag from /home/airflow/.local/lib/python3.6/site-packages/airflow/example_dags/example_bash_operator.py
[2021-04-14 13:30:57,502] {scheduler_job.py:639} INFO - DAG(s) dict_keys(['example_bash_operator']) retrieved from /home/airflow/.local/lib/python3.6/site-packages/airflow/example_dags/example_bash_operator.py
[2021-04-14 13:30:57,536] {logging_mixin.py:104} INFO - [2021-04-14 13:30:57,535] {dag.py:1818} INFO - Sync 1 DAGs
[2021-04-14 13:30:57,565] {logging_mixin.py:104} INFO - [2021-04-14 13:30:57,564] {dag.py:2273} INFO - Setting next_dagrun for example_bash_operator to 2021-04-14 00:00:00+00:00
[2021-04-14 13:30:57,582] {scheduler_job.py:190} INFO - Processing /home/airflow/.local/lib/python3.6/site-packages/airflow/example_dags/example_bash_operator.py took 0.110 seconds
[2021-04-14 13:31:27,878] {scheduler_job.py:182} INFO - Started process (PID=261) to work on /home/airflow/.local/lib/python3.6/site-packages/airflow/example_dags/example_bash_operator.py
[2021-04-14 13:31:27,879] {scheduler_job.py:629} INFO - Processing file /home/airflow/.local/lib/python3.6/site-packages/airflow/example_dags/example_bash_operator.py for tasks to queue
[2021-04-14 13:31:27,880] {logging_mixin.py:104} INFO - [2021-04-14 13:31:27,880] {dagbag.py:448} INFO - Filling up the DagBag from /home/airflow/.local/lib/python3.6/site-packages/airflow/example_dags/example_bash_operator.py
[2021-04-14 13:31:27,892] {scheduler_job.py:639} INFO - DAG(s) dict_keys(['example_bash_operator']) retrieved from /home/airflow/.local/lib/python3.6/site-packages/airflow/example_dags/example_bash_operator.py
[2021-04-14 13:31:27,912] {logging_mixin.py:104} INFO - [2021-04-14 13:31:27,912] {dag.py:1818} INFO - Sync 1 DAGs
[2021-04-14 13:31:27,929] {logging_mixin.py:104} INFO - [2021-04-14 13:31:27,929] {dag.py:2273} INFO - Setting next_dagrun for example_bash_operator to 2021-04-14 00:00:00+00:00
[2021-04-14 13:31:27,939] {scheduler_job.py:190} INFO - Processing /home/airflow/.local/lib/python3.6/site-packages/airflow/example_dags/example_bash_operator.py took 0.064 seconds
[2021-04-14 13:31:58,179] {scheduler_job.py:182} INFO - Started process (PID=287) to work on /home/airflow/.local/lib/python3.6/site-packages/airflow/example_dags/example_bash_operator.py
[2021-04-14 13:31:58,181] {scheduler_job.py:629} INFO - Processing file /home/airflow/.local/lib/python3.6/site-packages/airflow/example_dags/example_bash_operator.py for tasks to queue
[2021-04-14 13:31:58,182] {logging_mixin.py:104} INFO - [2021-04-14 13:31:58,181] {dagbag.py:448} INFO - Filling up the DagBag from /home/airflow/.local/lib/python3.6/site-packages/airflow/example_dags/example_bash_operator.py
[2021-04-14 13:31:58,198] {scheduler_job.py:639} INFO - DAG(s) dict_keys(['example_bash_operator']) retrieved from /home/airflow/.local/lib/python3.6/site-packages/airflow/example_dags/example_bash_operator.py
[2021-04-14 13:31:58,220] {logging_mixin.py:104} INFO - [2021-04-14 13:31:58,220] {dag.py:1818} INFO - Sync 1 DAGs
[2021-04-14 13:31:58,241] {logging_mixin.py:104} INFO - [2021-04-14 13:31:58,241] {dag.py:2273} INFO - Setting next_dagrun for example_bash_operator to 2021-04-14 00:00:00+00:00
[2021-04-14 13:31:58,252] {scheduler_job.py:190} INFO - Processing /home/airflow/.local/lib/python3.6/site-packages/airflow/example_dags/example_bash_operator.py took 0.076 seconds
[2021-04-14 13:32:28,462] {scheduler_job.py:182} INFO - Started process (PID=313) to work on /home/airflow/.local/lib/python3.6/site-packages/airflow/example_dags/example_bash_operator.py
[2021-04-14 13:32:28,463] {scheduler_job.py:629} INFO - Processing file /home/airflow/.local/lib/python3.6/site-packages/airflow/example_dags/example_bash_operator.py for tasks to queue
[2021-04-14 13:32:28,464] {logging_mixin.py:104} INFO - [2021-04-14 13:32:28,464] {dagbag.py:448} INFO - Filling up the DagBag from /home/airflow/.local/lib/python3.6/site-packages/airflow/example_dags/example_bash_operator.py
[2021-04-14 13:32:28,477] {scheduler_job.py:639} INFO - DAG(s) dict_keys(['example_bash_operator']) retrieved from /home/airflow/.local/lib/python3.6/site-packages/airflow/example_dags/example_bash_operator.py
[2021-04-14 13:32:28,499] {logging_mixin.py:104} INFO - [2021-04-14 13:32:28,499] {dag.py:1818} INFO - Sync 1 DAGs
[2021-04-14 13:32:28,517] {logging_mixin.py:104} INFO - [2021-04-14 13:32:28,517] {dag.py:2273} INFO - Setting next_dagrun for example_bash_operator to 2021-04-14 00:00:00+00:00
[2021-04-14 13:32:28,533] {scheduler_job.py:190} INFO - Processing /home/airflow/.local/lib/python3.6/site-packages/airflow/example_dags/example_bash_operator.py took 0.073 seconds
[2021-04-14 13:32:58,657] {scheduler_job.py:182} INFO - Started process (PID=339) to work on /home/airflow/.local/lib/python3.6/site-packages/airflow/example_dags/example_bash_operator.py
[2021-04-14 13:32:58,658] {scheduler_job.py:629} INFO - Processing file /home/airflow/.local/lib/python3.6/site-packages/airflow/example_dags/example_bash_operator.py for tasks to queue
[2021-04-14 13:32:58,659] {logging_mixin.py:104} INFO - [2021-04-14 13:32:58,659] {dagbag.py:448} INFO - Filling up the DagBag from /home/airflow/.local/lib/python3.6/site-packages/airflow/example_dags/example_bash_operator.py
[2021-04-14 13:32:58,671] {scheduler_job.py:639} INFO - DAG(s) dict_keys(['example_bash_operator']) retrieved from /home/airflow/.local/lib/python3.6/site-packages/airflow/example_dags/example_bash_operator.py
[2021-04-14 13:32:58,693] {logging_mixin.py:104} INFO - [2021-04-14 13:32:58,693] {dag.py:1818} INFO - Sync 1 DAGs
[2021-04-14 13:32:58,711] {logging_mixin.py:104} INFO - [2021-04-14 13:32:58,711] {dag.py:2273} INFO - Setting next_dagrun for example_bash_operator to 2021-04-14 00:00:00+00:00
[2021-04-14 13:32:58,841] {scheduler_job.py:190} INFO - Processing /home/airflow/.local/lib/python3.6/site-packages/airflow/example_dags/example_bash_operator.py took 0.187 seconds
[2021-04-14 13:33:29,806] {scheduler_job.py:182} INFO - Started process (PID=365) to work on /home/airflow/.local/lib/python3.6/site-packages/airflow/example_dags/example_bash_operator.py
[2021-04-14 13:33:29,807] {scheduler_job.py:629} INFO - Processing file /home/airflow/.local/lib/python3.6/site-packages/airflow/example_dags/example_bash_operator.py for tasks to queue
[2021-04-14 13:33:29,809] {logging_mixin.py:104} INFO - [2021-04-14 13:33:29,808] {dagbag.py:448} INFO - Filling up the DagBag from /home/airflow/.local/lib/python3.6/site-packages/airflow/example_dags/example_bash_operator.py
[2021-04-14 13:33:29,823] {scheduler_job.py:639} INFO - DAG(s) dict_keys(['example_bash_operator']) retrieved from /home/airflow/.local/lib/python3.6/site-packages/airflow/example_dags/example_bash_operator.py
[2021-04-14 13:33:29,843] {logging_mixin.py:104} INFO - [2021-04-14 13:33:29,843] {dag.py:1818} INFO - Sync 1 DAGs
[2021-04-14 13:33:29,861] {logging_mixin.py:104} INFO - [2021-04-14 13:33:29,861] {dag.py:2273} INFO - Setting next_dagrun for example_bash_operator to 2021-04-14 00:00:00+00:00
[2021-04-14 13:33:29,873] {scheduler_job.py:190} INFO - Processing /home/airflow/.local/lib/python3.6/site-packages/airflow/example_dags/example_bash_operator.py took 0.070 seconds
[2021-04-14 13:34:00,156] {scheduler_job.py:182} INFO - Started process (PID=392) to work on /home/airflow/.local/lib/python3.6/site-packages/airflow/example_dags/example_bash_operator.py
[2021-04-14 13:34:00,158] {scheduler_job.py:629} INFO - Processing file /home/airflow/.local/lib/python3.6/site-packages/airflow/example_dags/example_bash_operator.py for tasks to queue
[2021-04-14 13:34:00,158] {logging_mixin.py:104} INFO - [2021-04-14 13:34:00,158] {dagbag.py:448} INFO - Filling up the DagBag from /home/airflow/.local/lib/python3.6/site-packages/airflow/example_dags/example_bash_operator.py
[2021-04-14 13:34:00,172] {scheduler_job.py:639} INFO - DAG(s) dict_keys(['example_bash_operator']) retrieved from /home/airflow/.local/lib/python3.6/site-packages/airflow/example_dags/example_bash_operator.py
[2021-04-14 13:34:00,193] {logging_mixin.py:104} INFO - [2021-04-14 13:34:00,193] {dag.py:1818} INFO - Sync 1 DAGs
[2021-04-14 13:34:00,213] {logging_mixin.py:104} INFO - [2021-04-14 13:34:00,212] {dag.py:2273} INFO - Setting next_dagrun for example_bash_operator to 2021-04-14 00:00:00+00:00
[2021-04-14 13:34:00,224] {scheduler_job.py:190} INFO - Processing /home/airflow/.local/lib/python3.6/site-packages/airflow/example_dags/example_bash_operator.py took 0.071 seconds
[2021-04-14 13:34:30,505] {scheduler_job.py:182} INFO - Started process (PID=418) to work on /home/airflow/.local/lib/python3.6/site-packages/airflow/example_dags/example_bash_operator.py
[2021-04-14 13:34:30,506] {scheduler_job.py:629} INFO - Processing file /home/airflow/.local/lib/python3.6/site-packages/airflow/example_dags/example_bash_operator.py for tasks to queue
[2021-04-14 13:34:30,507] {logging_mixin.py:104} INFO - [2021-04-14 13:34:30,507] {dagbag.py:448} INFO - Filling up the DagBag from /home/airflow/.local/lib/python3.6/site-packages/airflow/example_dags/example_bash_operator.py
[2021-04-14 13:34:30,520] {scheduler_job.py:639} INFO - DAG(s) dict_keys(['example_bash_operator']) retrieved from /home/airflow/.local/lib/python3.6/site-packages/airflow/example_dags/example_bash_operator.py
[2021-04-14 13:34:30,542] {logging_mixin.py:104} INFO - [2021-04-14 13:34:30,542] {dag.py:1818} INFO - Sync 1 DAGs
[2021-04-14 13:34:30,559] {logging_mixin.py:104} INFO - [2021-04-14 13:34:30,559] {dag.py:2273} INFO - Setting next_dagrun for example_bash_operator to 2021-04-14 00:00:00+00:00
[2021-04-14 13:34:30,571] {scheduler_job.py:190} INFO - Processing /home/airflow/.local/lib/python3.6/site-packages/airflow/example_dags/example_bash_operator.py took 0.069 seconds
[2021-04-14 13:35:00,875] {scheduler_job.py:182} INFO - Started process (PID=444) to work on /home/airflow/.local/lib/python3.6/site-packages/airflow/example_dags/example_bash_operator.py
[2021-04-14 13:35:00,877] {scheduler_job.py:629} INFO - Processing file /home/airflow/.local/lib/python3.6/site-packages/airflow/example_dags/example_bash_operator.py for tasks to queue
[2021-04-14 13:35:00,878] {logging_mixin.py:104} INFO - [2021-04-14 13:35:00,877] {dagbag.py:448} INFO - Filling up the DagBag from /home/airflow/.local/lib/python3.6/site-packages/airflow/example_dags/example_bash_operator.py
[2021-04-14 13:35:00,889] {scheduler_job.py:639} INFO - DAG(s) dict_keys(['example_bash_operator']) retrieved from /home/airflow/.local/lib/python3.6/site-packages/airflow/example_dags/example_bash_operator.py
[2021-04-14 13:35:00,909] {logging_mixin.py:104} INFO - [2021-04-14 13:35:00,909] {dag.py:1818} INFO - Sync 1 DAGs
[2021-04-14 13:35:00,928] {logging_mixin.py:104} INFO - [2021-04-14 13:35:00,928] {dag.py:2273} INFO - Setting next_dagrun for example_bash_operator to 2021-04-14 00:00:00+00:00
[2021-04-14 13:35:00,938] {scheduler_job.py:190} INFO - Processing /home/airflow/.local/lib/python3.6/site-packages/airflow/example_dags/example_bash_operator.py took 0.067 seconds
[2021-04-14 13:35:31,278] {scheduler_job.py:182} INFO - Started process (PID=470) to work on /home/airflow/.local/lib/python3.6/site-packages/airflow/example_dags/example_bash_operator.py
[2021-04-14 13:35:31,280] {scheduler_job.py:629} INFO - Processing file /home/airflow/.local/lib/python3.6/site-packages/airflow/example_dags/example_bash_operator.py for tasks to queue
[2021-04-14 13:35:31,281] {logging_mixin.py:104} INFO - [2021-04-14 13:35:31,281] {dagbag.py:448} INFO - Filling up the DagBag from /home/airflow/.local/lib/python3.6/site-packages/airflow/example_dags/example_bash_operator.py
[2021-04-14 13:35:31,296] {scheduler_job.py:639} INFO - DAG(s) dict_keys(['example_bash_operator']) retrieved from /home/airflow/.local/lib/python3.6/site-packages/airflow/example_dags/example_bash_operator.py
[2021-04-14 13:35:31,318] {logging_mixin.py:104} INFO - [2021-04-14 13:35:31,318] {dag.py:1818} INFO - Sync 1 DAGs
[2021-04-14 13:35:31,338] {logging_mixin.py:104} INFO - [2021-04-14 13:35:31,338] {dag.py:2273} INFO - Setting next_dagrun for example_bash_operator to 2021-04-14 00:00:00+00:00
[2021-04-14 13:35:31,350] {scheduler_job.py:190} INFO - Processing /home/airflow/.local/lib/python3.6/site-packages/airflow/example_dags/example_bash_operator.py took 0.075 seconds
[2021-04-14 13:36:01,530] {scheduler_job.py:182} INFO - Started process (PID=496) to work on /home/airflow/.local/lib/python3.6/site-packages/airflow/example_dags/example_bash_operator.py
[2021-04-14 13:36:01,532] {scheduler_job.py:629} INFO - Processing file /home/airflow/.local/lib/python3.6/site-packages/airflow/example_dags/example_bash_operator.py for tasks to queue
[2021-04-14 13:36:01,533] {logging_mixin.py:104} INFO - [2021-04-14 13:36:01,533] {dagbag.py:448} INFO - Filling up the DagBag from /home/airflow/.local/lib/python3.6/site-packages/airflow/example_dags/example_bash_operator.py
[2021-04-14 13:36:01,546] {scheduler_job.py:639} INFO - DAG(s) dict_keys(['example_bash_operator']) retrieved from /home/airflow/.local/lib/python3.6/site-packages/airflow/example_dags/example_bash_operator.py
[2021-04-14 13:36:01,570] {logging_mixin.py:104} INFO - [2021-04-14 13:36:01,569] {dag.py:1818} INFO - Sync 1 DAGs
[2021-04-14 13:36:01,590] {logging_mixin.py:104} INFO - [2021-04-14 13:36:01,590] {dag.py:2273} INFO - Setting next_dagrun for example_bash_operator to 2021-04-14 00:00:00+00:00
[2021-04-14 13:36:01,601] {scheduler_job.py:190} INFO - Processing /home/airflow/.local/lib/python3.6/site-packages/airflow/example_dags/example_bash_operator.py took 0.075 seconds
[2021-04-14 13:36:31,841] {scheduler_job.py:182} INFO - Started process (PID=522) to work on /home/airflow/.local/lib/python3.6/site-packages/airflow/example_dags/example_bash_operator.py
[2021-04-14 13:36:31,842] {scheduler_job.py:629} INFO - Processing file /home/airflow/.local/lib/python3.6/site-packages/airflow/example_dags/example_bash_operator.py for tasks to queue
[2021-04-14 13:36:31,843] {logging_mixin.py:104} INFO - [2021-04-14 13:36:31,843] {dagbag.py:448} INFO - Filling up the DagBag from /home/airflow/.local/lib/python3.6/site-packages/airflow/example_dags/example_bash_operator.py
[2021-04-14 13:36:31,855] {scheduler_job.py:639} INFO - DAG(s) dict_keys(['example_bash_operator']) retrieved from /home/airflow/.local/lib/python3.6/site-packages/airflow/example_dags/example_bash_operator.py
[2021-04-14 13:36:31,876] {logging_mixin.py:104} INFO - [2021-04-14 13:36:31,875] {dag.py:1818} INFO - Sync 1 DAGs
[2021-04-14 13:36:31,894] {logging_mixin.py:104} INFO - [2021-04-14 13:36:31,893] {dag.py:2273} INFO - Setting next_dagrun for example_bash_operator to 2021-04-14 00:00:00+00:00
[2021-04-14 13:36:31,904] {scheduler_job.py:190} INFO - Processing /home/airflow/.local/lib/python3.6/site-packages/airflow/example_dags/example_bash_operator.py took 0.066 seconds
[2021-04-14 13:37:02,311] {scheduler_job.py:182} INFO - Started process (PID=548) to work on /home/airflow/.local/lib/python3.6/site-packages/airflow/example_dags/example_bash_operator.py
[2021-04-14 13:37:02,313] {scheduler_job.py:629} INFO - Processing file /home/airflow/.local/lib/python3.6/site-packages/airflow/example_dags/example_bash_operator.py for tasks to queue
[2021-04-14 13:37:02,315] {logging_mixin.py:104} INFO - [2021-04-14 13:37:02,314] {dagbag.py:448} INFO - Filling up the DagBag from /home/airflow/.local/lib/python3.6/site-packages/airflow/example_dags/example_bash_operator.py
[2021-04-14 13:37:02,332] {scheduler_job.py:639} INFO - DAG(s) dict_keys(['example_bash_operator']) retrieved from /home/airflow/.local/lib/python3.6/site-packages/airflow/example_dags/example_bash_operator.py
[2021-04-14 13:37:02,355] {logging_mixin.py:104} INFO - [2021-04-14 13:37:02,355] {dag.py:1818} INFO - Sync 1 DAGs
[2021-04-14 13:37:02,382] {logging_mixin.py:104} INFO - [2021-04-14 13:37:02,382] {dag.py:2273} INFO - Setting next_dagrun for example_bash_operator to 2021-04-14 00:00:00+00:00
[2021-04-14 13:37:02,394] {scheduler_job.py:190} INFO - Processing /home/airflow/.local/lib/python3.6/site-packages/airflow/example_dags/example_bash_operator.py took 0.088 seconds
[2021-04-14 13:37:32,645] {scheduler_job.py:182} INFO - Started process (PID=574) to work on /home/airflow/.local/lib/python3.6/site-packages/airflow/example_dags/example_bash_operator.py
[2021-04-14 13:37:32,647] {scheduler_job.py:629} INFO - Processing file /home/airflow/.local/lib/python3.6/site-packages/airflow/example_dags/example_bash_operator.py for tasks to queue
[2021-04-14 13:37:32,648] {logging_mixin.py:104} INFO - [2021-04-14 13:37:32,648] {dagbag.py:448} INFO - Filling up the DagBag from /home/airflow/.local/lib/python3.6/site-packages/airflow/example_dags/example_bash_operator.py
[2021-04-14 13:37:32,663] {scheduler_job.py:639} INFO - DAG(s) dict_keys(['example_bash_operator']) retrieved from /home/airflow/.local/lib/python3.6/site-packages/airflow/example_dags/example_bash_operator.py
[2021-04-14 13:37:32,687] {logging_mixin.py:104} INFO - [2021-04-14 13:37:32,687] {dag.py:1818} INFO - Sync 1 DAGs
[2021-04-14 13:37:32,708] {logging_mixin.py:104} INFO - [2021-04-14 13:37:32,708] {dag.py:2273} INFO - Setting next_dagrun for example_bash_operator to 2021-04-14 00:00:00+00:00
[2021-04-14 13:37:32,718] {scheduler_job.py:190} INFO - Processing /home/airflow/.local/lib/python3.6/site-packages/airflow/example_dags/example_bash_operator.py took 0.077 seconds
[2021-04-14 13:38:02,892] {scheduler_job.py:182} INFO - Started process (PID=600) to work on /home/airflow/.local/lib/python3.6/site-packages/airflow/example_dags/example_bash_operator.py
[2021-04-14 13:38:02,894] {scheduler_job.py:629} INFO - Processing file /home/airflow/.local/lib/python3.6/site-packages/airflow/example_dags/example_bash_operator.py for tasks to queue
[2021-04-14 13:38:02,896] {logging_mixin.py:104} INFO - [2021-04-14 13:38:02,896] {dagbag.py:448} INFO - Filling up the DagBag from /home/airflow/.local/lib/python3.6/site-packages/airflow/example_dags/example_bash_operator.py
[2021-04-14 13:38:02,923] {scheduler_job.py:639} INFO - DAG(s) dict_keys(['example_bash_operator']) retrieved from /home/airflow/.local/lib/python3.6/site-packages/airflow/example_dags/example_bash_operator.py
[2021-04-14 13:38:02,960] {logging_mixin.py:104} INFO - [2021-04-14 13:38:02,960] {dag.py:1818} INFO - Sync 1 DAGs
[2021-04-14 13:38:02,995] {logging_mixin.py:104} INFO - [2021-04-14 13:38:02,994] {dag.py:2273} INFO - Setting next_dagrun for example_bash_operator to 2021-04-14 00:00:00+00:00
[2021-04-14 13:38:03,015] {scheduler_job.py:190} INFO - Processing /home/airflow/.local/lib/python3.6/site-packages/airflow/example_dags/example_bash_operator.py took 0.127 seconds
[2021-04-14 13:38:33,385] {scheduler_job.py:182} INFO - Started process (PID=626) to work on /home/airflow/.local/lib/python3.6/site-packages/airflow/example_dags/example_bash_operator.py
[2021-04-14 13:38:33,386] {scheduler_job.py:629} INFO - Processing file /home/airflow/.local/lib/python3.6/site-packages/airflow/example_dags/example_bash_operator.py for tasks to queue
[2021-04-14 13:38:33,387] {logging_mixin.py:104} INFO - [2021-04-14 13:38:33,387] {dagbag.py:448} INFO - Filling up the DagBag from /home/airflow/.local/lib/python3.6/site-packages/airflow/example_dags/example_bash_operator.py
[2021-04-14 13:38:33,400] {scheduler_job.py:639} INFO - DAG(s) dict_keys(['example_bash_operator']) retrieved from /home/airflow/.local/lib/python3.6/site-packages/airflow/example_dags/example_bash_operator.py
[2021-04-14 13:38:33,422] {logging_mixin.py:104} INFO - [2021-04-14 13:38:33,422] {dag.py:1818} INFO - Sync 1 DAGs
[2021-04-14 13:38:33,439] {logging_mixin.py:104} INFO - [2021-04-14 13:38:33,439] {dag.py:2273} INFO - Setting next_dagrun for example_bash_operator to 2021-04-14 00:00:00+00:00
[2021-04-14 13:38:33,449] {scheduler_job.py:190} INFO - Processing /home/airflow/.local/lib/python3.6/site-packages/airflow/example_dags/example_bash_operator.py took 0.067 seconds
[2021-04-14 13:39:03,595] {scheduler_job.py:182} INFO - Started process (PID=652) to work on /home/airflow/.local/lib/python3.6/site-packages/airflow/example_dags/example_bash_operator.py
[2021-04-14 13:39:03,596] {scheduler_job.py:629} INFO - Processing file /home/airflow/.local/lib/python3.6/site-packages/airflow/example_dags/example_bash_operator.py for tasks to queue
[2021-04-14 13:39:03,598] {logging_mixin.py:104} INFO - [2021-04-14 13:39:03,598] {dagbag.py:448} INFO - Filling up the DagBag from /home/airflow/.local/lib/python3.6/site-packages/airflow/example_dags/example_bash_operator.py
[2021-04-14 13:39:03,612] {scheduler_job.py:639} INFO - DAG(s) dict_keys(['example_bash_operator']) retrieved from /home/airflow/.local/lib/python3.6/site-packages/airflow/example_dags/example_bash_operator.py
[2021-04-14 13:39:03,638] {logging_mixin.py:104} INFO - [2021-04-14 13:39:03,638] {dag.py:1818} INFO - Sync 1 DAGs
[2021-04-14 13:39:03,658] {logging_mixin.py:104} INFO - [2021-04-14 13:39:03,658] {dag.py:2273} INFO - Setting next_dagrun for example_bash_operator to 2021-04-14 00:00:00+00:00
[2021-04-14 13:39:03,670] {scheduler_job.py:190} INFO - Processing /home/airflow/.local/lib/python3.6/site-packages/airflow/example_dags/example_bash_operator.py took 0.078 seconds
[2021-04-14 13:39:33,913] {scheduler_job.py:182} INFO - Started process (PID=678) to work on /home/airflow/.local/lib/python3.6/site-packages/airflow/example_dags/example_bash_operator.py
[2021-04-14 13:39:33,914] {scheduler_job.py:629} INFO - Processing file /home/airflow/.local/lib/python3.6/site-packages/airflow/example_dags/example_bash_operator.py for tasks to queue
[2021-04-14 13:39:33,915] {logging_mixin.py:104} INFO - [2021-04-14 13:39:33,915] {dagbag.py:448} INFO - Filling up the DagBag from /home/airflow/.local/lib/python3.6/site-packages/airflow/example_dags/example_bash_operator.py
[2021-04-14 13:39:33,931] {scheduler_job.py:639} INFO - DAG(s) dict_keys(['example_bash_operator']) retrieved from /home/airflow/.local/lib/python3.6/site-packages/airflow/example_dags/example_bash_operator.py
[2021-04-14 13:39:33,956] {logging_mixin.py:104} INFO - [2021-04-14 13:39:33,956] {dag.py:1818} INFO - Sync 1 DAGs
[2021-04-14 13:39:33,976] {logging_mixin.py:104} INFO - [2021-04-14 13:39:33,975] {dag.py:2273} INFO - Setting next_dagrun for example_bash_operator to 2021-04-14 00:00:00+00:00
[2021-04-14 13:39:33,995] {scheduler_job.py:190} INFO - Processing /home/airflow/.local/lib/python3.6/site-packages/airflow/example_dags/example_bash_operator.py took 0.086 seconds
[2021-04-14 13:40:04,658] {scheduler_job.py:182} INFO - Started process (PID=704) to work on /home/airflow/.local/lib/python3.6/site-packages/airflow/example_dags/example_bash_operator.py
[2021-04-14 13:40:04,661] {scheduler_job.py:629} INFO - Processing file /home/airflow/.local/lib/python3.6/site-packages/airflow/example_dags/example_bash_operator.py for tasks to queue
[2021-04-14 13:40:04,663] {logging_mixin.py:104} INFO - [2021-04-14 13:40:04,663] {dagbag.py:448} INFO - Filling up the DagBag from /home/airflow/.local/lib/python3.6/site-packages/airflow/example_dags/example_bash_operator.py
[2021-04-14 13:40:04,684] {scheduler_job.py:639} INFO - DAG(s) dict_keys(['example_bash_operator']) retrieved from /home/airflow/.local/lib/python3.6/site-packages/airflow/example_dags/example_bash_operator.py
[2021-04-14 13:40:04,719] {logging_mixin.py:104} INFO - [2021-04-14 13:40:04,719] {dag.py:1818} INFO - Sync 1 DAGs
[2021-04-14 13:40:04,750] {logging_mixin.py:104} INFO - [2021-04-14 13:40:04,750] {dag.py:2273} INFO - Setting next_dagrun for example_bash_operator to 2021-04-14 00:00:00+00:00
[2021-04-14 13:40:04,770] {scheduler_job.py:190} INFO - Processing /home/airflow/.local/lib/python3.6/site-packages/airflow/example_dags/example_bash_operator.py took 0.117 seconds
[2021-04-14 13:40:35,670] {scheduler_job.py:182} INFO - Started process (PID=730) to work on /home/airflow/.local/lib/python3.6/site-packages/airflow/example_dags/example_bash_operator.py
[2021-04-14 13:40:35,673] {scheduler_job.py:629} INFO - Processing file /home/airflow/.local/lib/python3.6/site-packages/airflow/example_dags/example_bash_operator.py for tasks to queue
[2021-04-14 13:40:35,675] {logging_mixin.py:104} INFO - [2021-04-14 13:40:35,675] {dagbag.py:448} INFO - Filling up the DagBag from /home/airflow/.local/lib/python3.6/site-packages/airflow/example_dags/example_bash_operator.py
[2021-04-14 13:40:35,706] {scheduler_job.py:639} INFO - DAG(s) dict_keys(['example_bash_operator']) retrieved from /home/airflow/.local/lib/python3.6/site-packages/airflow/example_dags/example_bash_operator.py
[2021-04-14 13:40:35,747] {logging_mixin.py:104} INFO - [2021-04-14 13:40:35,746] {dag.py:1818} INFO - Sync 1 DAGs
[2021-04-14 13:40:35,781] {logging_mixin.py:104} INFO - [2021-04-14 13:40:35,781] {dag.py:2273} INFO - Setting next_dagrun for example_bash_operator to 2021-04-14 00:00:00+00:00
[2021-04-14 13:40:35,799] {scheduler_job.py:190} INFO - Processing /home/airflow/.local/lib/python3.6/site-packages/airflow/example_dags/example_bash_operator.py took 0.135 seconds
[2021-04-14 13:41:05,889] {scheduler_job.py:182} INFO - Started process (PID=756) to work on /home/airflow/.local/lib/python3.6/site-packages/airflow/example_dags/example_bash_operator.py
[2021-04-14 13:41:05,891] {scheduler_job.py:629} INFO - Processing file /home/airflow/.local/lib/python3.6/site-packages/airflow/example_dags/example_bash_operator.py for tasks to queue
[2021-04-14 13:41:05,893] {logging_mixin.py:104} INFO - [2021-04-14 13:41:05,893] {dagbag.py:448} INFO - Filling up the DagBag from /home/airflow/.local/lib/python3.6/site-packages/airflow/example_dags/example_bash_operator.py
[2021-04-14 13:41:05,921] {scheduler_job.py:639} INFO - DAG(s) dict_keys(['example_bash_operator']) retrieved from /home/airflow/.local/lib/python3.6/site-packages/airflow/example_dags/example_bash_operator.py
[2021-04-14 13:41:05,958] {logging_mixin.py:104} INFO - [2021-04-14 13:41:05,958] {dag.py:1818} INFO - Sync 1 DAGs
[2021-04-14 13:41:05,990] {logging_mixin.py:104} INFO - [2021-04-14 13:41:05,989] {dag.py:2273} INFO - Setting next_dagrun for example_bash_operator to 2021-04-14 00:00:00+00:00
[2021-04-14 13:41:06,005] {scheduler_job.py:190} INFO - Processing /home/airflow/.local/lib/python3.6/site-packages/airflow/example_dags/example_bash_operator.py took 0.122 seconds
[2021-04-14 13:41:36,370] {scheduler_job.py:182} INFO - Started process (PID=782) to work on /home/airflow/.local/lib/python3.6/site-packages/airflow/example_dags/example_bash_operator.py
[2021-04-14 13:41:36,371] {scheduler_job.py:629} INFO - Processing file /home/airflow/.local/lib/python3.6/site-packages/airflow/example_dags/example_bash_operator.py for tasks to queue
[2021-04-14 13:41:36,373] {logging_mixin.py:104} INFO - [2021-04-14 13:41:36,373] {dagbag.py:448} INFO - Filling up the DagBag from /home/airflow/.local/lib/python3.6/site-packages/airflow/example_dags/example_bash_operator.py
[2021-04-14 13:41:36,396] {scheduler_job.py:639} INFO - DAG(s) dict_keys(['example_bash_operator']) retrieved from /home/airflow/.local/lib/python3.6/site-packages/airflow/example_dags/example_bash_operator.py
[2021-04-14 13:41:36,439] {logging_mixin.py:104} INFO - [2021-04-14 13:41:36,439] {dag.py:1818} INFO - Sync 1 DAGs
[2021-04-14 13:41:36,482] {logging_mixin.py:104} INFO - [2021-04-14 13:41:36,481] {dag.py:2273} INFO - Setting next_dagrun for example_bash_operator to 2021-04-14 00:00:00+00:00
[2021-04-14 13:41:36,499] {scheduler_job.py:190} INFO - Processing /home/airflow/.local/lib/python3.6/site-packages/airflow/example_dags/example_bash_operator.py took 0.135 seconds
[2021-04-14 13:42:06,683] {scheduler_job.py:182} INFO - Started process (PID=808) to work on /home/airflow/.local/lib/python3.6/site-packages/airflow/example_dags/example_bash_operator.py
[2021-04-14 13:42:06,685] {scheduler_job.py:629} INFO - Processing file /home/airflow/.local/lib/python3.6/site-packages/airflow/example_dags/example_bash_operator.py for tasks to queue
[2021-04-14 13:42:06,687] {logging_mixin.py:104} INFO - [2021-04-14 13:42:06,687] {dagbag.py:448} INFO - Filling up the DagBag from /home/airflow/.local/lib/python3.6/site-packages/airflow/example_dags/example_bash_operator.py
[2021-04-14 13:42:06,717] {scheduler_job.py:639} INFO - DAG(s) dict_keys(['example_bash_operator']) retrieved from /home/airflow/.local/lib/python3.6/site-packages/airflow/example_dags/example_bash_operator.py
[2021-04-14 13:42:06,749] {logging_mixin.py:104} INFO - [2021-04-14 13:42:06,749] {dag.py:1818} INFO - Sync 1 DAGs
[2021-04-14 13:42:06,780] {logging_mixin.py:104} INFO - [2021-04-14 13:42:06,780] {dag.py:2273} INFO - Setting next_dagrun for example_bash_operator to 2021-04-14 00:00:00+00:00
[2021-04-14 13:42:06,794] {scheduler_job.py:190} INFO - Processing /home/airflow/.local/lib/python3.6/site-packages/airflow/example_dags/example_bash_operator.py took 0.124 seconds
[2021-04-14 13:42:36,940] {scheduler_job.py:182} INFO - Started process (PID=834) to work on /home/airflow/.local/lib/python3.6/site-packages/airflow/example_dags/example_bash_operator.py
[2021-04-14 13:42:36,942] {scheduler_job.py:629} INFO - Processing file /home/airflow/.local/lib/python3.6/site-packages/airflow/example_dags/example_bash_operator.py for tasks to queue
[2021-04-14 13:42:36,943] {logging_mixin.py:104} INFO - [2021-04-14 13:42:36,943] {dagbag.py:448} INFO - Filling up the DagBag from /home/airflow/.local/lib/python3.6/site-packages/airflow/example_dags/example_bash_operator.py
[2021-04-14 13:42:36,968] {scheduler_job.py:639} INFO - DAG(s) dict_keys(['example_bash_operator']) retrieved from /home/airflow/.local/lib/python3.6/site-packages/airflow/example_dags/example_bash_operator.py
[2021-04-14 13:42:37,004] {logging_mixin.py:104} INFO - [2021-04-14 13:42:37,004] {dag.py:1818} INFO - Sync 1 DAGs
[2021-04-14 13:42:37,033] {logging_mixin.py:104} INFO - [2021-04-14 13:42:37,032] {dag.py:2273} INFO - Setting next_dagrun for example_bash_operator to 2021-04-14 00:00:00+00:00
[2021-04-14 13:42:37,046] {scheduler_job.py:190} INFO - Processing /home/airflow/.local/lib/python3.6/site-packages/airflow/example_dags/example_bash_operator.py took 0.111 seconds
[2021-04-14 13:43:07,436] {scheduler_job.py:182} INFO - Started process (PID=861) to work on /home/airflow/.local/lib/python3.6/site-packages/airflow/example_dags/example_bash_operator.py
[2021-04-14 13:43:07,437] {scheduler_job.py:629} INFO - Processing file /home/airflow/.local/lib/python3.6/site-packages/airflow/example_dags/example_bash_operator.py for tasks to queue
[2021-04-14 13:43:07,439] {logging_mixin.py:104} INFO - [2021-04-14 13:43:07,439] {dagbag.py:448} INFO - Filling up the DagBag from /home/airflow/.local/lib/python3.6/site-packages/airflow/example_dags/example_bash_operator.py
[2021-04-14 13:43:07,457] {scheduler_job.py:639} INFO - DAG(s) dict_keys(['example_bash_operator']) retrieved from /home/airflow/.local/lib/python3.6/site-packages/airflow/example_dags/example_bash_operator.py
[2021-04-14 13:43:07,484] {logging_mixin.py:104} INFO - [2021-04-14 13:43:07,484] {dag.py:1818} INFO - Sync 1 DAGs
[2021-04-14 13:43:07,511] {logging_mixin.py:104} INFO - [2021-04-14 13:43:07,511] {dag.py:2273} INFO - Setting next_dagrun for example_bash_operator to 2021-04-14 00:00:00+00:00
[2021-04-14 13:43:07,524] {scheduler_job.py:190} INFO - Processing /home/airflow/.local/lib/python3.6/site-packages/airflow/example_dags/example_bash_operator.py took 0.092 seconds
[2021-04-14 13:43:37,997] {scheduler_job.py:182} INFO - Started process (PID=887) to work on /home/airflow/.local/lib/python3.6/site-packages/airflow/example_dags/example_bash_operator.py
[2021-04-14 13:43:37,999] {scheduler_job.py:629} INFO - Processing file /home/airflow/.local/lib/python3.6/site-packages/airflow/example_dags/example_bash_operator.py for tasks to queue
[2021-04-14 13:43:38,000] {logging_mixin.py:104} INFO - [2021-04-14 13:43:38,000] {dagbag.py:448} INFO - Filling up the DagBag from /home/airflow/.local/lib/python3.6/site-packages/airflow/example_dags/example_bash_operator.py
[2021-04-14 13:43:38,022] {scheduler_job.py:639} INFO - DAG(s) dict_keys(['example_bash_operator']) retrieved from /home/airflow/.local/lib/python3.6/site-packages/airflow/example_dags/example_bash_operator.py
[2021-04-14 13:43:38,054] {logging_mixin.py:104} INFO - [2021-04-14 13:43:38,054] {dag.py:1818} INFO - Sync 1 DAGs
[2021-04-14 13:43:38,081] {logging_mixin.py:104} INFO - [2021-04-14 13:43:38,080] {dag.py:2273} INFO - Setting next_dagrun for example_bash_operator to 2021-04-14 00:00:00+00:00
[2021-04-14 13:43:38,095] {scheduler_job.py:190} INFO - Processing /home/airflow/.local/lib/python3.6/site-packages/airflow/example_dags/example_bash_operator.py took 0.102 seconds
[2021-04-14 13:44:08,585] {scheduler_job.py:182} INFO - Started process (PID=914) to work on /home/airflow/.local/lib/python3.6/site-packages/airflow/example_dags/example_bash_operator.py
[2021-04-14 13:44:08,588] {scheduler_job.py:629} INFO - Processing file /home/airflow/.local/lib/python3.6/site-packages/airflow/example_dags/example_bash_operator.py for tasks to queue
[2021-04-14 13:44:08,590] {logging_mixin.py:104} INFO - [2021-04-14 13:44:08,590] {dagbag.py:448} INFO - Filling up the DagBag from /home/airflow/.local/lib/python3.6/site-packages/airflow/example_dags/example_bash_operator.py
[2021-04-14 13:44:08,617] {scheduler_job.py:639} INFO - DAG(s) dict_keys(['example_bash_operator']) retrieved from /home/airflow/.local/lib/python3.6/site-packages/airflow/example_dags/example_bash_operator.py
[2021-04-14 13:44:08,652] {logging_mixin.py:104} INFO - [2021-04-14 13:44:08,652] {dag.py:1818} INFO - Sync 1 DAGs
[2021-04-14 13:44:08,678] {logging_mixin.py:104} INFO - [2021-04-14 13:44:08,678] {dag.py:2273} INFO - Setting next_dagrun for example_bash_operator to 2021-04-14 00:00:00+00:00
[2021-04-14 13:44:08,696] {scheduler_job.py:190} INFO - Processing /home/airflow/.local/lib/python3.6/site-packages/airflow/example_dags/example_bash_operator.py took 0.117 seconds
[2021-04-14 13:44:38,953] {scheduler_job.py:182} INFO - Started process (PID=939) to work on /home/airflow/.local/lib/python3.6/site-packages/airflow/example_dags/example_bash_operator.py
[2021-04-14 13:44:38,954] {scheduler_job.py:629} INFO - Processing file /home/airflow/.local/lib/python3.6/site-packages/airflow/example_dags/example_bash_operator.py for tasks to queue
[2021-04-14 13:44:38,955] {logging_mixin.py:104} INFO - [2021-04-14 13:44:38,955] {dagbag.py:448} INFO - Filling up the DagBag from /home/airflow/.local/lib/python3.6/site-packages/airflow/example_dags/example_bash_operator.py
[2021-04-14 13:44:38,978] {scheduler_job.py:639} INFO - DAG(s) dict_keys(['example_bash_operator']) retrieved from /home/airflow/.local/lib/python3.6/site-packages/airflow/example_dags/example_bash_operator.py
[2021-04-14 13:44:39,017] {logging_mixin.py:104} INFO - [2021-04-14 13:44:39,016] {dag.py:1818} INFO - Sync 1 DAGs
[2021-04-14 13:44:39,053] {logging_mixin.py:104} INFO - [2021-04-14 13:44:39,053] {dag.py:2273} INFO - Setting next_dagrun for example_bash_operator to 2021-04-14 00:00:00+00:00
[2021-04-14 13:44:39,071] {scheduler_job.py:190} INFO - Processing /home/airflow/.local/lib/python3.6/site-packages/airflow/example_dags/example_bash_operator.py took 0.123 seconds
[2021-04-14 13:45:09,357] {scheduler_job.py:182} INFO - Started process (PID=965) to work on /home/airflow/.local/lib/python3.6/site-packages/airflow/example_dags/example_bash_operator.py
[2021-04-14 13:45:09,360] {scheduler_job.py:629} INFO - Processing file /home/airflow/.local/lib/python3.6/site-packages/airflow/example_dags/example_bash_operator.py for tasks to queue
[2021-04-14 13:45:09,361] {logging_mixin.py:104} INFO - [2021-04-14 13:45:09,361] {dagbag.py:448} INFO - Filling up the DagBag from /home/airflow/.local/lib/python3.6/site-packages/airflow/example_dags/example_bash_operator.py
[2021-04-14 13:45:09,381] {scheduler_job.py:639} INFO - DAG(s) dict_keys(['example_bash_operator']) retrieved from /home/airflow/.local/lib/python3.6/site-packages/airflow/example_dags/example_bash_operator.py
[2021-04-14 13:45:09,415] {logging_mixin.py:104} INFO - [2021-04-14 13:45:09,415] {dag.py:1818} INFO - Sync 1 DAGs
[2021-04-14 13:45:09,442] {logging_mixin.py:104} INFO - [2021-04-14 13:45:09,442] {dag.py:2273} INFO - Setting next_dagrun for example_bash_operator to 2021-04-14 00:00:00+00:00
[2021-04-14 13:45:09,456] {scheduler_job.py:190} INFO - Processing /home/airflow/.local/lib/python3.6/site-packages/airflow/example_dags/example_bash_operator.py took 0.104 seconds
[2021-04-14 13:45:39,746] {scheduler_job.py:182} INFO - Started process (PID=991) to work on /home/airflow/.local/lib/python3.6/site-packages/airflow/example_dags/example_bash_operator.py
[2021-04-14 13:45:39,747] {scheduler_job.py:629} INFO - Processing file /home/airflow/.local/lib/python3.6/site-packages/airflow/example_dags/example_bash_operator.py for tasks to queue
[2021-04-14 13:45:39,749] {logging_mixin.py:104} INFO - [2021-04-14 13:45:39,749] {dagbag.py:448} INFO - Filling up the DagBag from /home/airflow/.local/lib/python3.6/site-packages/airflow/example_dags/example_bash_operator.py
[2021-04-14 13:45:39,774] {scheduler_job.py:639} INFO - DAG(s) dict_keys(['example_bash_operator']) retrieved from /home/airflow/.local/lib/python3.6/site-packages/airflow/example_dags/example_bash_operator.py
[2021-04-14 13:45:39,813] {logging_mixin.py:104} INFO - [2021-04-14 13:45:39,813] {dag.py:1818} INFO - Sync 1 DAGs
[2021-04-14 13:45:39,844] {logging_mixin.py:104} INFO - [2021-04-14 13:45:39,844] {dag.py:2273} INFO - Setting next_dagrun for example_bash_operator to 2021-04-14 00:00:00+00:00
[2021-04-14 13:45:39,858] {scheduler_job.py:190} INFO - Processing /home/airflow/.local/lib/python3.6/site-packages/airflow/example_dags/example_bash_operator.py took 0.119 seconds
[2021-04-14 13:46:10,169] {scheduler_job.py:182} INFO - Started process (PID=1017) to work on /home/airflow/.local/lib/python3.6/site-packages/airflow/example_dags/example_bash_operator.py
[2021-04-14 13:46:10,172] {scheduler_job.py:629} INFO - Processing file /home/airflow/.local/lib/python3.6/site-packages/airflow/example_dags/example_bash_operator.py for tasks to queue
[2021-04-14 13:46:10,173] {logging_mixin.py:104} INFO - [2021-04-14 13:46:10,173] {dagbag.py:448} INFO - Filling up the DagBag from /home/airflow/.local/lib/python3.6/site-packages/airflow/example_dags/example_bash_operator.py
[2021-04-14 13:46:10,193] {scheduler_job.py:639} INFO - DAG(s) dict_keys(['example_bash_operator']) retrieved from /home/airflow/.local/lib/python3.6/site-packages/airflow/example_dags/example_bash_operator.py
[2021-04-14 13:46:10,224] {logging_mixin.py:104} INFO - [2021-04-14 13:46:10,224] {dag.py:1818} INFO - Sync 1 DAGs
[2021-04-14 13:46:10,253] {logging_mixin.py:104} INFO - [2021-04-14 13:46:10,253] {dag.py:2273} INFO - Setting next_dagrun for example_bash_operator to 2021-04-14 00:00:00+00:00
[2021-04-14 13:46:10,268] {scheduler_job.py:190} INFO - Processing /home/airflow/.local/lib/python3.6/site-packages/airflow/example_dags/example_bash_operator.py took 0.103 seconds
[2021-04-14 13:46:40,501] {scheduler_job.py:182} INFO - Started process (PID=1043) to work on /home/airflow/.local/lib/python3.6/site-packages/airflow/example_dags/example_bash_operator.py
[2021-04-14 13:46:40,504] {scheduler_job.py:629} INFO - Processing file /home/airflow/.local/lib/python3.6/site-packages/airflow/example_dags/example_bash_operator.py for tasks to queue
[2021-04-14 13:46:40,505] {logging_mixin.py:104} INFO - [2021-04-14 13:46:40,505] {dagbag.py:448} INFO - Filling up the DagBag from /home/airflow/.local/lib/python3.6/site-packages/airflow/example_dags/example_bash_operator.py
[2021-04-14 13:46:40,523] {scheduler_job.py:639} INFO - DAG(s) dict_keys(['example_bash_operator']) retrieved from /home/airflow/.local/lib/python3.6/site-packages/airflow/example_dags/example_bash_operator.py
[2021-04-14 13:46:40,551] {logging_mixin.py:104} INFO - [2021-04-14 13:46:40,551] {dag.py:1818} INFO - Sync 1 DAGs
[2021-04-14 13:46:40,578] {logging_mixin.py:104} INFO - [2021-04-14 13:46:40,578] {dag.py:2273} INFO - Setting next_dagrun for example_bash_operator to 2021-04-14 00:00:00+00:00
[2021-04-14 13:46:40,592] {scheduler_job.py:190} INFO - Processing /home/airflow/.local/lib/python3.6/site-packages/airflow/example_dags/example_bash_operator.py took 0.095 seconds
[2021-04-14 13:47:10,876] {scheduler_job.py:182} INFO - Started process (PID=1069) to work on /home/airflow/.local/lib/python3.6/site-packages/airflow/example_dags/example_bash_operator.py
[2021-04-14 13:47:10,878] {scheduler_job.py:629} INFO - Processing file /home/airflow/.local/lib/python3.6/site-packages/airflow/example_dags/example_bash_operator.py for tasks to queue
[2021-04-14 13:47:10,880] {logging_mixin.py:104} INFO - [2021-04-14 13:47:10,880] {dagbag.py:448} INFO - Filling up the DagBag from /home/airflow/.local/lib/python3.6/site-packages/airflow/example_dags/example_bash_operator.py
[2021-04-14 13:47:10,901] {scheduler_job.py:639} INFO - DAG(s) dict_keys(['example_bash_operator']) retrieved from /home/airflow/.local/lib/python3.6/site-packages/airflow/example_dags/example_bash_operator.py
[2021-04-14 13:47:10,936] {logging_mixin.py:104} INFO - [2021-04-14 13:47:10,936] {dag.py:1818} INFO - Sync 1 DAGs
[2021-04-14 13:47:10,974] {logging_mixin.py:104} INFO - [2021-04-14 13:47:10,974] {dag.py:2273} INFO - Setting next_dagrun for example_bash_operator to 2021-04-14 00:00:00+00:00
[2021-04-14 13:47:10,992] {scheduler_job.py:190} INFO - Processing /home/airflow/.local/lib/python3.6/site-packages/airflow/example_dags/example_bash_operator.py took 0.120 seconds
[2021-04-14 13:47:41,338] {scheduler_job.py:182} INFO - Started process (PID=1095) to work on /home/airflow/.local/lib/python3.6/site-packages/airflow/example_dags/example_bash_operator.py
[2021-04-14 13:47:41,340] {scheduler_job.py:629} INFO - Processing file /home/airflow/.local/lib/python3.6/site-packages/airflow/example_dags/example_bash_operator.py for tasks to queue
[2021-04-14 13:47:41,341] {logging_mixin.py:104} INFO - [2021-04-14 13:47:41,341] {dagbag.py:448} INFO - Filling up the DagBag from /home/airflow/.local/lib/python3.6/site-packages/airflow/example_dags/example_bash_operator.py
[2021-04-14 13:47:41,359] {scheduler_job.py:639} INFO - DAG(s) dict_keys(['example_bash_operator']) retrieved from /home/airflow/.local/lib/python3.6/site-packages/airflow/example_dags/example_bash_operator.py
[2021-04-14 13:47:41,385] {logging_mixin.py:104} INFO - [2021-04-14 13:47:41,385] {dag.py:1818} INFO - Sync 1 DAGs
[2021-04-14 13:47:41,409] {logging_mixin.py:104} INFO - [2021-04-14 13:47:41,409] {dag.py:2273} INFO - Setting next_dagrun for example_bash_operator to 2021-04-14 00:00:00+00:00
[2021-04-14 13:47:41,422] {scheduler_job.py:190} INFO - Processing /home/airflow/.local/lib/python3.6/site-packages/airflow/example_dags/example_bash_operator.py took 0.089 seconds
[2021-04-14 13:48:11,951] {scheduler_job.py:182} INFO - Started process (PID=1122) to work on /home/airflow/.local/lib/python3.6/site-packages/airflow/example_dags/example_bash_operator.py
[2021-04-14 13:48:11,953] {scheduler_job.py:629} INFO - Processing file /home/airflow/.local/lib/python3.6/site-packages/airflow/example_dags/example_bash_operator.py for tasks to queue
[2021-04-14 13:48:11,954] {logging_mixin.py:104} INFO - [2021-04-14 13:48:11,954] {dagbag.py:448} INFO - Filling up the DagBag from /home/airflow/.local/lib/python3.6/site-packages/airflow/example_dags/example_bash_operator.py
[2021-04-14 13:48:11,975] {scheduler_job.py:639} INFO - DAG(s) dict_keys(['example_bash_operator']) retrieved from /home/airflow/.local/lib/python3.6/site-packages/airflow/example_dags/example_bash_operator.py
[2021-04-14 13:48:12,005] {logging_mixin.py:104} INFO - [2021-04-14 13:48:12,004] {dag.py:1818} INFO - Sync 1 DAGs
[2021-04-14 13:48:12,035] {logging_mixin.py:104} INFO - [2021-04-14 13:48:12,035] {dag.py:2273} INFO - Setting next_dagrun for example_bash_operator to 2021-04-14 00:00:00+00:00
[2021-04-14 13:48:12,049] {scheduler_job.py:190} INFO - Processing /home/airflow/.local/lib/python3.6/site-packages/airflow/example_dags/example_bash_operator.py took 0.102 seconds
[2021-04-14 13:48:43,010] {scheduler_job.py:182} INFO - Started process (PID=1148) to work on /home/airflow/.local/lib/python3.6/site-packages/airflow/example_dags/example_bash_operator.py
[2021-04-14 13:48:43,012] {scheduler_job.py:629} INFO - Processing file /home/airflow/.local/lib/python3.6/site-packages/airflow/example_dags/example_bash_operator.py for tasks to queue
[2021-04-14 13:48:43,014] {logging_mixin.py:104} INFO - [2021-04-14 13:48:43,014] {dagbag.py:448} INFO - Filling up the DagBag from /home/airflow/.local/lib/python3.6/site-packages/airflow/example_dags/example_bash_operator.py
[2021-04-14 13:48:43,052] {scheduler_job.py:639} INFO - DAG(s) dict_keys(['example_bash_operator']) retrieved from /home/airflow/.local/lib/python3.6/site-packages/airflow/example_dags/example_bash_operator.py
[2021-04-14 13:48:43,105] {logging_mixin.py:104} INFO - [2021-04-14 13:48:43,105] {dag.py:1818} INFO - Sync 1 DAGs
[2021-04-14 13:48:43,147] {logging_mixin.py:104} INFO - [2021-04-14 13:48:43,147] {dag.py:2273} INFO - Setting next_dagrun for example_bash_operator to 2021-04-14 00:00:00+00:00
[2021-04-14 13:48:43,170] {scheduler_job.py:190} INFO - Processing /home/airflow/.local/lib/python3.6/site-packages/airflow/example_dags/example_bash_operator.py took 0.168 seconds
