[2021-04-14 13:27:52,296] {scheduler_job.py:182} INFO - Started process (PID=63) to work on /home/airflow/.local/lib/python3.6/site-packages/airflow/example_dags/example_complex.py
[2021-04-14 13:27:52,299] {scheduler_job.py:629} INFO - Processing file /home/airflow/.local/lib/python3.6/site-packages/airflow/example_dags/example_complex.py for tasks to queue
[2021-04-14 13:27:52,300] {logging_mixin.py:104} INFO - [2021-04-14 13:27:52,300] {dagbag.py:448} INFO - Filling up the DagBag from /home/airflow/.local/lib/python3.6/site-packages/airflow/example_dags/example_complex.py
[2021-04-14 13:27:52,377] {scheduler_job.py:639} INFO - DAG(s) dict_keys(['example_complex']) retrieved from /home/airflow/.local/lib/python3.6/site-packages/airflow/example_dags/example_complex.py
[2021-04-14 13:27:52,463] {logging_mixin.py:104} INFO - [2021-04-14 13:27:52,462] {dag.py:1818} INFO - Sync 1 DAGs
[2021-04-14 13:27:52,494] {logging_mixin.py:104} INFO - [2021-04-14 13:27:52,494] {dag.py:2273} INFO - Setting next_dagrun for example_complex to None
[2021-04-14 13:27:52,523] {scheduler_job.py:190} INFO - Processing /home/airflow/.local/lib/python3.6/site-packages/airflow/example_dags/example_complex.py took 0.233 seconds
[2021-04-14 13:28:26,370] {scheduler_job.py:182} INFO - Started process (PID=101) to work on /home/airflow/.local/lib/python3.6/site-packages/airflow/example_dags/example_complex.py
[2021-04-14 13:28:26,387] {scheduler_job.py:629} INFO - Processing file /home/airflow/.local/lib/python3.6/site-packages/airflow/example_dags/example_complex.py for tasks to queue
[2021-04-14 13:28:26,418] {logging_mixin.py:104} INFO - [2021-04-14 13:28:26,418] {dagbag.py:448} INFO - Filling up the DagBag from /home/airflow/.local/lib/python3.6/site-packages/airflow/example_dags/example_complex.py
[2021-04-14 13:28:26,624] {scheduler_job.py:639} INFO - DAG(s) dict_keys(['example_complex']) retrieved from /home/airflow/.local/lib/python3.6/site-packages/airflow/example_dags/example_complex.py
[2021-04-14 13:28:27,129] {logging_mixin.py:104} INFO - [2021-04-14 13:28:27,128] {dag.py:1818} INFO - Sync 1 DAGs
[2021-04-14 13:28:27,222] {logging_mixin.py:104} INFO - [2021-04-14 13:28:27,222] {dag.py:2273} INFO - Setting next_dagrun for example_complex to None
[2021-04-14 13:28:27,298] {scheduler_job.py:190} INFO - Processing /home/airflow/.local/lib/python3.6/site-packages/airflow/example_dags/example_complex.py took 0.954 seconds
[2021-04-14 13:28:57,845] {scheduler_job.py:182} INFO - Started process (PID=132) to work on /home/airflow/.local/lib/python3.6/site-packages/airflow/example_dags/example_complex.py
[2021-04-14 13:28:57,846] {scheduler_job.py:629} INFO - Processing file /home/airflow/.local/lib/python3.6/site-packages/airflow/example_dags/example_complex.py for tasks to queue
[2021-04-14 13:28:57,847] {logging_mixin.py:104} INFO - [2021-04-14 13:28:57,847] {dagbag.py:448} INFO - Filling up the DagBag from /home/airflow/.local/lib/python3.6/site-packages/airflow/example_dags/example_complex.py
[2021-04-14 13:28:57,863] {scheduler_job.py:639} INFO - DAG(s) dict_keys(['example_complex']) retrieved from /home/airflow/.local/lib/python3.6/site-packages/airflow/example_dags/example_complex.py
[2021-04-14 13:28:57,888] {logging_mixin.py:104} INFO - [2021-04-14 13:28:57,887] {dag.py:1818} INFO - Sync 1 DAGs
[2021-04-14 13:28:57,902] {logging_mixin.py:104} INFO - [2021-04-14 13:28:57,902] {dag.py:2273} INFO - Setting next_dagrun for example_complex to None
[2021-04-14 13:28:57,913] {scheduler_job.py:190} INFO - Processing /home/airflow/.local/lib/python3.6/site-packages/airflow/example_dags/example_complex.py took 0.071 seconds
[2021-04-14 13:29:28,006] {scheduler_job.py:182} INFO - Started process (PID=158) to work on /home/airflow/.local/lib/python3.6/site-packages/airflow/example_dags/example_complex.py
[2021-04-14 13:29:28,007] {scheduler_job.py:629} INFO - Processing file /home/airflow/.local/lib/python3.6/site-packages/airflow/example_dags/example_complex.py for tasks to queue
[2021-04-14 13:29:28,008] {logging_mixin.py:104} INFO - [2021-04-14 13:29:28,008] {dagbag.py:448} INFO - Filling up the DagBag from /home/airflow/.local/lib/python3.6/site-packages/airflow/example_dags/example_complex.py
[2021-04-14 13:29:28,029] {scheduler_job.py:639} INFO - DAG(s) dict_keys(['example_complex']) retrieved from /home/airflow/.local/lib/python3.6/site-packages/airflow/example_dags/example_complex.py
[2021-04-14 13:29:28,059] {logging_mixin.py:104} INFO - [2021-04-14 13:29:28,059] {dag.py:1818} INFO - Sync 1 DAGs
[2021-04-14 13:29:28,075] {logging_mixin.py:104} INFO - [2021-04-14 13:29:28,075] {dag.py:2273} INFO - Setting next_dagrun for example_complex to None
[2021-04-14 13:29:28,086] {scheduler_job.py:190} INFO - Processing /home/airflow/.local/lib/python3.6/site-packages/airflow/example_dags/example_complex.py took 0.084 seconds
[2021-04-14 13:29:58,136] {scheduler_job.py:182} INFO - Started process (PID=184) to work on /home/airflow/.local/lib/python3.6/site-packages/airflow/example_dags/example_complex.py
[2021-04-14 13:29:58,137] {scheduler_job.py:629} INFO - Processing file /home/airflow/.local/lib/python3.6/site-packages/airflow/example_dags/example_complex.py for tasks to queue
[2021-04-14 13:29:58,139] {logging_mixin.py:104} INFO - [2021-04-14 13:29:58,138] {dagbag.py:448} INFO - Filling up the DagBag from /home/airflow/.local/lib/python3.6/site-packages/airflow/example_dags/example_complex.py
[2021-04-14 13:29:58,160] {scheduler_job.py:639} INFO - DAG(s) dict_keys(['example_complex']) retrieved from /home/airflow/.local/lib/python3.6/site-packages/airflow/example_dags/example_complex.py
[2021-04-14 13:29:58,190] {logging_mixin.py:104} INFO - [2021-04-14 13:29:58,190] {dag.py:1818} INFO - Sync 1 DAGs
[2021-04-14 13:29:58,207] {logging_mixin.py:104} INFO - [2021-04-14 13:29:58,207] {dag.py:2273} INFO - Setting next_dagrun for example_complex to None
[2021-04-14 13:29:58,221] {scheduler_job.py:190} INFO - Processing /home/airflow/.local/lib/python3.6/site-packages/airflow/example_dags/example_complex.py took 0.089 seconds
[2021-04-14 13:30:28,284] {scheduler_job.py:182} INFO - Started process (PID=210) to work on /home/airflow/.local/lib/python3.6/site-packages/airflow/example_dags/example_complex.py
[2021-04-14 13:30:28,286] {scheduler_job.py:629} INFO - Processing file /home/airflow/.local/lib/python3.6/site-packages/airflow/example_dags/example_complex.py for tasks to queue
[2021-04-14 13:30:28,287] {logging_mixin.py:104} INFO - [2021-04-14 13:30:28,287] {dagbag.py:448} INFO - Filling up the DagBag from /home/airflow/.local/lib/python3.6/site-packages/airflow/example_dags/example_complex.py
[2021-04-14 13:30:28,308] {scheduler_job.py:639} INFO - DAG(s) dict_keys(['example_complex']) retrieved from /home/airflow/.local/lib/python3.6/site-packages/airflow/example_dags/example_complex.py
[2021-04-14 13:30:28,343] {logging_mixin.py:104} INFO - [2021-04-14 13:30:28,343] {dag.py:1818} INFO - Sync 1 DAGs
[2021-04-14 13:30:28,360] {logging_mixin.py:104} INFO - [2021-04-14 13:30:28,360] {dag.py:2273} INFO - Setting next_dagrun for example_complex to None
[2021-04-14 13:30:28,371] {scheduler_job.py:190} INFO - Processing /home/airflow/.local/lib/python3.6/site-packages/airflow/example_dags/example_complex.py took 0.091 seconds
[2021-04-14 13:30:58,616] {scheduler_job.py:182} INFO - Started process (PID=236) to work on /home/airflow/.local/lib/python3.6/site-packages/airflow/example_dags/example_complex.py
[2021-04-14 13:30:58,618] {scheduler_job.py:629} INFO - Processing file /home/airflow/.local/lib/python3.6/site-packages/airflow/example_dags/example_complex.py for tasks to queue
[2021-04-14 13:30:58,619] {logging_mixin.py:104} INFO - [2021-04-14 13:30:58,619] {dagbag.py:448} INFO - Filling up the DagBag from /home/airflow/.local/lib/python3.6/site-packages/airflow/example_dags/example_complex.py
[2021-04-14 13:30:58,653] {scheduler_job.py:639} INFO - DAG(s) dict_keys(['example_complex']) retrieved from /home/airflow/.local/lib/python3.6/site-packages/airflow/example_dags/example_complex.py
[2021-04-14 13:30:58,688] {logging_mixin.py:104} INFO - [2021-04-14 13:30:58,688] {dag.py:1818} INFO - Sync 1 DAGs
[2021-04-14 13:30:58,712] {logging_mixin.py:104} INFO - [2021-04-14 13:30:58,712] {dag.py:2273} INFO - Setting next_dagrun for example_complex to None
[2021-04-14 13:30:58,728] {scheduler_job.py:190} INFO - Processing /home/airflow/.local/lib/python3.6/site-packages/airflow/example_dags/example_complex.py took 0.116 seconds
[2021-04-14 13:31:28,974] {scheduler_job.py:182} INFO - Started process (PID=262) to work on /home/airflow/.local/lib/python3.6/site-packages/airflow/example_dags/example_complex.py
[2021-04-14 13:31:28,975] {scheduler_job.py:629} INFO - Processing file /home/airflow/.local/lib/python3.6/site-packages/airflow/example_dags/example_complex.py for tasks to queue
[2021-04-14 13:31:28,976] {logging_mixin.py:104} INFO - [2021-04-14 13:31:28,976] {dagbag.py:448} INFO - Filling up the DagBag from /home/airflow/.local/lib/python3.6/site-packages/airflow/example_dags/example_complex.py
[2021-04-14 13:31:28,994] {scheduler_job.py:639} INFO - DAG(s) dict_keys(['example_complex']) retrieved from /home/airflow/.local/lib/python3.6/site-packages/airflow/example_dags/example_complex.py
[2021-04-14 13:31:29,018] {logging_mixin.py:104} INFO - [2021-04-14 13:31:29,017] {dag.py:1818} INFO - Sync 1 DAGs
[2021-04-14 13:31:29,032] {logging_mixin.py:104} INFO - [2021-04-14 13:31:29,032] {dag.py:2273} INFO - Setting next_dagrun for example_complex to None
[2021-04-14 13:31:29,043] {scheduler_job.py:190} INFO - Processing /home/airflow/.local/lib/python3.6/site-packages/airflow/example_dags/example_complex.py took 0.072 seconds
[2021-04-14 13:31:59,280] {scheduler_job.py:182} INFO - Started process (PID=288) to work on /home/airflow/.local/lib/python3.6/site-packages/airflow/example_dags/example_complex.py
[2021-04-14 13:31:59,281] {scheduler_job.py:629} INFO - Processing file /home/airflow/.local/lib/python3.6/site-packages/airflow/example_dags/example_complex.py for tasks to queue
[2021-04-14 13:31:59,283] {logging_mixin.py:104} INFO - [2021-04-14 13:31:59,282] {dagbag.py:448} INFO - Filling up the DagBag from /home/airflow/.local/lib/python3.6/site-packages/airflow/example_dags/example_complex.py
[2021-04-14 13:31:59,311] {scheduler_job.py:639} INFO - DAG(s) dict_keys(['example_complex']) retrieved from /home/airflow/.local/lib/python3.6/site-packages/airflow/example_dags/example_complex.py
[2021-04-14 13:31:59,344] {logging_mixin.py:104} INFO - [2021-04-14 13:31:59,344] {dag.py:1818} INFO - Sync 1 DAGs
[2021-04-14 13:31:59,364] {logging_mixin.py:104} INFO - [2021-04-14 13:31:59,364] {dag.py:2273} INFO - Setting next_dagrun for example_complex to None
[2021-04-14 13:31:59,379] {scheduler_job.py:190} INFO - Processing /home/airflow/.local/lib/python3.6/site-packages/airflow/example_dags/example_complex.py took 0.102 seconds
[2021-04-14 13:32:29,559] {scheduler_job.py:182} INFO - Started process (PID=314) to work on /home/airflow/.local/lib/python3.6/site-packages/airflow/example_dags/example_complex.py
[2021-04-14 13:32:29,561] {scheduler_job.py:629} INFO - Processing file /home/airflow/.local/lib/python3.6/site-packages/airflow/example_dags/example_complex.py for tasks to queue
[2021-04-14 13:32:29,562] {logging_mixin.py:104} INFO - [2021-04-14 13:32:29,562] {dagbag.py:448} INFO - Filling up the DagBag from /home/airflow/.local/lib/python3.6/site-packages/airflow/example_dags/example_complex.py
[2021-04-14 13:32:29,583] {scheduler_job.py:639} INFO - DAG(s) dict_keys(['example_complex']) retrieved from /home/airflow/.local/lib/python3.6/site-packages/airflow/example_dags/example_complex.py
[2021-04-14 13:32:29,610] {logging_mixin.py:104} INFO - [2021-04-14 13:32:29,610] {dag.py:1818} INFO - Sync 1 DAGs
[2021-04-14 13:32:29,628] {logging_mixin.py:104} INFO - [2021-04-14 13:32:29,628] {dag.py:2273} INFO - Setting next_dagrun for example_complex to None
[2021-04-14 13:32:29,642] {scheduler_job.py:190} INFO - Processing /home/airflow/.local/lib/python3.6/site-packages/airflow/example_dags/example_complex.py took 0.086 seconds
[2021-04-14 13:32:59,718] {scheduler_job.py:182} INFO - Started process (PID=340) to work on /home/airflow/.local/lib/python3.6/site-packages/airflow/example_dags/example_complex.py
[2021-04-14 13:32:59,719] {scheduler_job.py:629} INFO - Processing file /home/airflow/.local/lib/python3.6/site-packages/airflow/example_dags/example_complex.py for tasks to queue
[2021-04-14 13:32:59,720] {logging_mixin.py:104} INFO - [2021-04-14 13:32:59,720] {dagbag.py:448} INFO - Filling up the DagBag from /home/airflow/.local/lib/python3.6/site-packages/airflow/example_dags/example_complex.py
[2021-04-14 13:32:59,738] {scheduler_job.py:639} INFO - DAG(s) dict_keys(['example_complex']) retrieved from /home/airflow/.local/lib/python3.6/site-packages/airflow/example_dags/example_complex.py
[2021-04-14 13:32:59,763] {logging_mixin.py:104} INFO - [2021-04-14 13:32:59,763] {dag.py:1818} INFO - Sync 1 DAGs
[2021-04-14 13:32:59,781] {logging_mixin.py:104} INFO - [2021-04-14 13:32:59,781] {dag.py:2273} INFO - Setting next_dagrun for example_complex to None
[2021-04-14 13:32:59,792] {scheduler_job.py:190} INFO - Processing /home/airflow/.local/lib/python3.6/site-packages/airflow/example_dags/example_complex.py took 0.077 seconds
[2021-04-14 13:33:29,899] {scheduler_job.py:182} INFO - Started process (PID=366) to work on /home/airflow/.local/lib/python3.6/site-packages/airflow/example_dags/example_complex.py
[2021-04-14 13:33:29,900] {scheduler_job.py:629} INFO - Processing file /home/airflow/.local/lib/python3.6/site-packages/airflow/example_dags/example_complex.py for tasks to queue
[2021-04-14 13:33:29,901] {logging_mixin.py:104} INFO - [2021-04-14 13:33:29,901] {dagbag.py:448} INFO - Filling up the DagBag from /home/airflow/.local/lib/python3.6/site-packages/airflow/example_dags/example_complex.py
[2021-04-14 13:33:29,919] {scheduler_job.py:639} INFO - DAG(s) dict_keys(['example_complex']) retrieved from /home/airflow/.local/lib/python3.6/site-packages/airflow/example_dags/example_complex.py
[2021-04-14 13:33:29,942] {logging_mixin.py:104} INFO - [2021-04-14 13:33:29,942] {dag.py:1818} INFO - Sync 1 DAGs
[2021-04-14 13:33:29,959] {logging_mixin.py:104} INFO - [2021-04-14 13:33:29,959] {dag.py:2273} INFO - Setting next_dagrun for example_complex to None
[2021-04-14 13:33:29,969] {scheduler_job.py:190} INFO - Processing /home/airflow/.local/lib/python3.6/site-packages/airflow/example_dags/example_complex.py took 0.074 seconds
[2021-04-14 13:34:00,050] {scheduler_job.py:182} INFO - Started process (PID=391) to work on /home/airflow/.local/lib/python3.6/site-packages/airflow/example_dags/example_complex.py
[2021-04-14 13:34:00,051] {scheduler_job.py:629} INFO - Processing file /home/airflow/.local/lib/python3.6/site-packages/airflow/example_dags/example_complex.py for tasks to queue
[2021-04-14 13:34:00,052] {logging_mixin.py:104} INFO - [2021-04-14 13:34:00,052] {dagbag.py:448} INFO - Filling up the DagBag from /home/airflow/.local/lib/python3.6/site-packages/airflow/example_dags/example_complex.py
[2021-04-14 13:34:00,071] {scheduler_job.py:639} INFO - DAG(s) dict_keys(['example_complex']) retrieved from /home/airflow/.local/lib/python3.6/site-packages/airflow/example_dags/example_complex.py
[2021-04-14 13:34:00,097] {logging_mixin.py:104} INFO - [2021-04-14 13:34:00,097] {dag.py:1818} INFO - Sync 1 DAGs
[2021-04-14 13:34:00,114] {logging_mixin.py:104} INFO - [2021-04-14 13:34:00,114] {dag.py:2273} INFO - Setting next_dagrun for example_complex to None
[2021-04-14 13:34:00,126] {scheduler_job.py:190} INFO - Processing /home/airflow/.local/lib/python3.6/site-packages/airflow/example_dags/example_complex.py took 0.080 seconds
[2021-04-14 13:34:30,402] {scheduler_job.py:182} INFO - Started process (PID=417) to work on /home/airflow/.local/lib/python3.6/site-packages/airflow/example_dags/example_complex.py
[2021-04-14 13:34:30,403] {scheduler_job.py:629} INFO - Processing file /home/airflow/.local/lib/python3.6/site-packages/airflow/example_dags/example_complex.py for tasks to queue
[2021-04-14 13:34:30,404] {logging_mixin.py:104} INFO - [2021-04-14 13:34:30,404] {dagbag.py:448} INFO - Filling up the DagBag from /home/airflow/.local/lib/python3.6/site-packages/airflow/example_dags/example_complex.py
[2021-04-14 13:34:30,423] {scheduler_job.py:639} INFO - DAG(s) dict_keys(['example_complex']) retrieved from /home/airflow/.local/lib/python3.6/site-packages/airflow/example_dags/example_complex.py
[2021-04-14 13:34:30,449] {logging_mixin.py:104} INFO - [2021-04-14 13:34:30,448] {dag.py:1818} INFO - Sync 1 DAGs
[2021-04-14 13:34:30,466] {logging_mixin.py:104} INFO - [2021-04-14 13:34:30,466] {dag.py:2273} INFO - Setting next_dagrun for example_complex to None
[2021-04-14 13:34:30,479] {scheduler_job.py:190} INFO - Processing /home/airflow/.local/lib/python3.6/site-packages/airflow/example_dags/example_complex.py took 0.081 seconds
[2021-04-14 13:35:00,761] {scheduler_job.py:182} INFO - Started process (PID=443) to work on /home/airflow/.local/lib/python3.6/site-packages/airflow/example_dags/example_complex.py
[2021-04-14 13:35:00,764] {scheduler_job.py:629} INFO - Processing file /home/airflow/.local/lib/python3.6/site-packages/airflow/example_dags/example_complex.py for tasks to queue
[2021-04-14 13:35:00,765] {logging_mixin.py:104} INFO - [2021-04-14 13:35:00,764] {dagbag.py:448} INFO - Filling up the DagBag from /home/airflow/.local/lib/python3.6/site-packages/airflow/example_dags/example_complex.py
[2021-04-14 13:35:00,787] {scheduler_job.py:639} INFO - DAG(s) dict_keys(['example_complex']) retrieved from /home/airflow/.local/lib/python3.6/site-packages/airflow/example_dags/example_complex.py
[2021-04-14 13:35:00,819] {logging_mixin.py:104} INFO - [2021-04-14 13:35:00,819] {dag.py:1818} INFO - Sync 1 DAGs
[2021-04-14 13:35:00,839] {logging_mixin.py:104} INFO - [2021-04-14 13:35:00,839] {dag.py:2273} INFO - Setting next_dagrun for example_complex to None
[2021-04-14 13:35:00,851] {scheduler_job.py:190} INFO - Processing /home/airflow/.local/lib/python3.6/site-packages/airflow/example_dags/example_complex.py took 0.093 seconds
[2021-04-14 13:35:31,174] {scheduler_job.py:182} INFO - Started process (PID=469) to work on /home/airflow/.local/lib/python3.6/site-packages/airflow/example_dags/example_complex.py
[2021-04-14 13:35:31,175] {scheduler_job.py:629} INFO - Processing file /home/airflow/.local/lib/python3.6/site-packages/airflow/example_dags/example_complex.py for tasks to queue
[2021-04-14 13:35:31,176] {logging_mixin.py:104} INFO - [2021-04-14 13:35:31,176] {dagbag.py:448} INFO - Filling up the DagBag from /home/airflow/.local/lib/python3.6/site-packages/airflow/example_dags/example_complex.py
[2021-04-14 13:35:31,194] {scheduler_job.py:639} INFO - DAG(s) dict_keys(['example_complex']) retrieved from /home/airflow/.local/lib/python3.6/site-packages/airflow/example_dags/example_complex.py
[2021-04-14 13:35:31,221] {logging_mixin.py:104} INFO - [2021-04-14 13:35:31,221] {dag.py:1818} INFO - Sync 1 DAGs
[2021-04-14 13:35:31,237] {logging_mixin.py:104} INFO - [2021-04-14 13:35:31,237] {dag.py:2273} INFO - Setting next_dagrun for example_complex to None
[2021-04-14 13:35:31,248] {scheduler_job.py:190} INFO - Processing /home/airflow/.local/lib/python3.6/site-packages/airflow/example_dags/example_complex.py took 0.077 seconds
[2021-04-14 13:36:01,425] {scheduler_job.py:182} INFO - Started process (PID=495) to work on /home/airflow/.local/lib/python3.6/site-packages/airflow/example_dags/example_complex.py
[2021-04-14 13:36:01,426] {scheduler_job.py:629} INFO - Processing file /home/airflow/.local/lib/python3.6/site-packages/airflow/example_dags/example_complex.py for tasks to queue
[2021-04-14 13:36:01,427] {logging_mixin.py:104} INFO - [2021-04-14 13:36:01,427] {dagbag.py:448} INFO - Filling up the DagBag from /home/airflow/.local/lib/python3.6/site-packages/airflow/example_dags/example_complex.py
[2021-04-14 13:36:01,446] {scheduler_job.py:639} INFO - DAG(s) dict_keys(['example_complex']) retrieved from /home/airflow/.local/lib/python3.6/site-packages/airflow/example_dags/example_complex.py
[2021-04-14 13:36:01,476] {logging_mixin.py:104} INFO - [2021-04-14 13:36:01,476] {dag.py:1818} INFO - Sync 1 DAGs
[2021-04-14 13:36:01,492] {logging_mixin.py:104} INFO - [2021-04-14 13:36:01,492] {dag.py:2273} INFO - Setting next_dagrun for example_complex to None
[2021-04-14 13:36:01,504] {scheduler_job.py:190} INFO - Processing /home/airflow/.local/lib/python3.6/site-packages/airflow/example_dags/example_complex.py took 0.082 seconds
[2021-04-14 13:36:31,743] {scheduler_job.py:182} INFO - Started process (PID=521) to work on /home/airflow/.local/lib/python3.6/site-packages/airflow/example_dags/example_complex.py
[2021-04-14 13:36:31,745] {scheduler_job.py:629} INFO - Processing file /home/airflow/.local/lib/python3.6/site-packages/airflow/example_dags/example_complex.py for tasks to queue
[2021-04-14 13:36:31,746] {logging_mixin.py:104} INFO - [2021-04-14 13:36:31,746] {dagbag.py:448} INFO - Filling up the DagBag from /home/airflow/.local/lib/python3.6/site-packages/airflow/example_dags/example_complex.py
[2021-04-14 13:36:31,764] {scheduler_job.py:639} INFO - DAG(s) dict_keys(['example_complex']) retrieved from /home/airflow/.local/lib/python3.6/site-packages/airflow/example_dags/example_complex.py
[2021-04-14 13:36:31,791] {logging_mixin.py:104} INFO - [2021-04-14 13:36:31,791] {dag.py:1818} INFO - Sync 1 DAGs
[2021-04-14 13:36:31,807] {logging_mixin.py:104} INFO - [2021-04-14 13:36:31,807] {dag.py:2273} INFO - Setting next_dagrun for example_complex to None
[2021-04-14 13:36:31,820] {scheduler_job.py:190} INFO - Processing /home/airflow/.local/lib/python3.6/site-packages/airflow/example_dags/example_complex.py took 0.079 seconds
[2021-04-14 13:37:02,193] {scheduler_job.py:182} INFO - Started process (PID=547) to work on /home/airflow/.local/lib/python3.6/site-packages/airflow/example_dags/example_complex.py
[2021-04-14 13:37:02,195] {scheduler_job.py:629} INFO - Processing file /home/airflow/.local/lib/python3.6/site-packages/airflow/example_dags/example_complex.py for tasks to queue
[2021-04-14 13:37:02,196] {logging_mixin.py:104} INFO - [2021-04-14 13:37:02,196] {dagbag.py:448} INFO - Filling up the DagBag from /home/airflow/.local/lib/python3.6/site-packages/airflow/example_dags/example_complex.py
[2021-04-14 13:37:02,217] {scheduler_job.py:639} INFO - DAG(s) dict_keys(['example_complex']) retrieved from /home/airflow/.local/lib/python3.6/site-packages/airflow/example_dags/example_complex.py
[2021-04-14 13:37:02,250] {logging_mixin.py:104} INFO - [2021-04-14 13:37:02,250] {dag.py:1818} INFO - Sync 1 DAGs
[2021-04-14 13:37:02,270] {logging_mixin.py:104} INFO - [2021-04-14 13:37:02,269] {dag.py:2273} INFO - Setting next_dagrun for example_complex to None
[2021-04-14 13:37:02,284] {scheduler_job.py:190} INFO - Processing /home/airflow/.local/lib/python3.6/site-packages/airflow/example_dags/example_complex.py took 0.094 seconds
[2021-04-14 13:37:32,537] {scheduler_job.py:182} INFO - Started process (PID=573) to work on /home/airflow/.local/lib/python3.6/site-packages/airflow/example_dags/example_complex.py
[2021-04-14 13:37:32,539] {scheduler_job.py:629} INFO - Processing file /home/airflow/.local/lib/python3.6/site-packages/airflow/example_dags/example_complex.py for tasks to queue
[2021-04-14 13:37:32,540] {logging_mixin.py:104} INFO - [2021-04-14 13:37:32,540] {dagbag.py:448} INFO - Filling up the DagBag from /home/airflow/.local/lib/python3.6/site-packages/airflow/example_dags/example_complex.py
[2021-04-14 13:37:32,558] {scheduler_job.py:639} INFO - DAG(s) dict_keys(['example_complex']) retrieved from /home/airflow/.local/lib/python3.6/site-packages/airflow/example_dags/example_complex.py
[2021-04-14 13:37:32,584] {logging_mixin.py:104} INFO - [2021-04-14 13:37:32,584] {dag.py:1818} INFO - Sync 1 DAGs
[2021-04-14 13:37:32,604] {logging_mixin.py:104} INFO - [2021-04-14 13:37:32,604] {dag.py:2273} INFO - Setting next_dagrun for example_complex to None
[2021-04-14 13:37:32,616] {scheduler_job.py:190} INFO - Processing /home/airflow/.local/lib/python3.6/site-packages/airflow/example_dags/example_complex.py took 0.082 seconds
[2021-04-14 13:38:02,769] {scheduler_job.py:182} INFO - Started process (PID=599) to work on /home/airflow/.local/lib/python3.6/site-packages/airflow/example_dags/example_complex.py
[2021-04-14 13:38:02,771] {scheduler_job.py:629} INFO - Processing file /home/airflow/.local/lib/python3.6/site-packages/airflow/example_dags/example_complex.py for tasks to queue
[2021-04-14 13:38:02,773] {logging_mixin.py:104} INFO - [2021-04-14 13:38:02,772] {dagbag.py:448} INFO - Filling up the DagBag from /home/airflow/.local/lib/python3.6/site-packages/airflow/example_dags/example_complex.py
[2021-04-14 13:38:02,797] {scheduler_job.py:639} INFO - DAG(s) dict_keys(['example_complex']) retrieved from /home/airflow/.local/lib/python3.6/site-packages/airflow/example_dags/example_complex.py
[2021-04-14 13:38:02,829] {logging_mixin.py:104} INFO - [2021-04-14 13:38:02,829] {dag.py:1818} INFO - Sync 1 DAGs
[2021-04-14 13:38:02,849] {logging_mixin.py:104} INFO - [2021-04-14 13:38:02,849] {dag.py:2273} INFO - Setting next_dagrun for example_complex to None
[2021-04-14 13:38:02,863] {scheduler_job.py:190} INFO - Processing /home/airflow/.local/lib/python3.6/site-packages/airflow/example_dags/example_complex.py took 0.099 seconds
[2021-04-14 13:38:33,263] {scheduler_job.py:182} INFO - Started process (PID=625) to work on /home/airflow/.local/lib/python3.6/site-packages/airflow/example_dags/example_complex.py
[2021-04-14 13:38:33,265] {scheduler_job.py:629} INFO - Processing file /home/airflow/.local/lib/python3.6/site-packages/airflow/example_dags/example_complex.py for tasks to queue
[2021-04-14 13:38:33,266] {logging_mixin.py:104} INFO - [2021-04-14 13:38:33,266] {dagbag.py:448} INFO - Filling up the DagBag from /home/airflow/.local/lib/python3.6/site-packages/airflow/example_dags/example_complex.py
[2021-04-14 13:38:33,285] {scheduler_job.py:639} INFO - DAG(s) dict_keys(['example_complex']) retrieved from /home/airflow/.local/lib/python3.6/site-packages/airflow/example_dags/example_complex.py
[2021-04-14 13:38:33,311] {logging_mixin.py:104} INFO - [2021-04-14 13:38:33,311] {dag.py:1818} INFO - Sync 1 DAGs
[2021-04-14 13:38:33,326] {logging_mixin.py:104} INFO - [2021-04-14 13:38:33,326] {dag.py:2273} INFO - Setting next_dagrun for example_complex to None
[2021-04-14 13:38:33,361] {scheduler_job.py:190} INFO - Processing /home/airflow/.local/lib/python3.6/site-packages/airflow/example_dags/example_complex.py took 0.100 seconds
[2021-04-14 13:39:03,492] {scheduler_job.py:182} INFO - Started process (PID=651) to work on /home/airflow/.local/lib/python3.6/site-packages/airflow/example_dags/example_complex.py
[2021-04-14 13:39:03,493] {scheduler_job.py:629} INFO - Processing file /home/airflow/.local/lib/python3.6/site-packages/airflow/example_dags/example_complex.py for tasks to queue
[2021-04-14 13:39:03,494] {logging_mixin.py:104} INFO - [2021-04-14 13:39:03,494] {dagbag.py:448} INFO - Filling up the DagBag from /home/airflow/.local/lib/python3.6/site-packages/airflow/example_dags/example_complex.py
[2021-04-14 13:39:03,513] {scheduler_job.py:639} INFO - DAG(s) dict_keys(['example_complex']) retrieved from /home/airflow/.local/lib/python3.6/site-packages/airflow/example_dags/example_complex.py
[2021-04-14 13:39:03,541] {logging_mixin.py:104} INFO - [2021-04-14 13:39:03,541] {dag.py:1818} INFO - Sync 1 DAGs
[2021-04-14 13:39:03,559] {logging_mixin.py:104} INFO - [2021-04-14 13:39:03,558] {dag.py:2273} INFO - Setting next_dagrun for example_complex to None
[2021-04-14 13:39:03,572] {scheduler_job.py:190} INFO - Processing /home/airflow/.local/lib/python3.6/site-packages/airflow/example_dags/example_complex.py took 0.083 seconds
[2021-04-14 13:39:33,803] {scheduler_job.py:182} INFO - Started process (PID=677) to work on /home/airflow/.local/lib/python3.6/site-packages/airflow/example_dags/example_complex.py
[2021-04-14 13:39:33,805] {scheduler_job.py:629} INFO - Processing file /home/airflow/.local/lib/python3.6/site-packages/airflow/example_dags/example_complex.py for tasks to queue
[2021-04-14 13:39:33,806] {logging_mixin.py:104} INFO - [2021-04-14 13:39:33,806] {dagbag.py:448} INFO - Filling up the DagBag from /home/airflow/.local/lib/python3.6/site-packages/airflow/example_dags/example_complex.py
[2021-04-14 13:39:33,829] {scheduler_job.py:639} INFO - DAG(s) dict_keys(['example_complex']) retrieved from /home/airflow/.local/lib/python3.6/site-packages/airflow/example_dags/example_complex.py
[2021-04-14 13:39:33,857] {logging_mixin.py:104} INFO - [2021-04-14 13:39:33,857] {dag.py:1818} INFO - Sync 1 DAGs
[2021-04-14 13:39:33,875] {logging_mixin.py:104} INFO - [2021-04-14 13:39:33,874] {dag.py:2273} INFO - Setting next_dagrun for example_complex to None
[2021-04-14 13:39:33,887] {scheduler_job.py:190} INFO - Processing /home/airflow/.local/lib/python3.6/site-packages/airflow/example_dags/example_complex.py took 0.087 seconds
[2021-04-14 13:40:04,462] {scheduler_job.py:182} INFO - Started process (PID=703) to work on /home/airflow/.local/lib/python3.6/site-packages/airflow/example_dags/example_complex.py
[2021-04-14 13:40:04,465] {scheduler_job.py:629} INFO - Processing file /home/airflow/.local/lib/python3.6/site-packages/airflow/example_dags/example_complex.py for tasks to queue
[2021-04-14 13:40:04,466] {logging_mixin.py:104} INFO - [2021-04-14 13:40:04,466] {dagbag.py:448} INFO - Filling up the DagBag from /home/airflow/.local/lib/python3.6/site-packages/airflow/example_dags/example_complex.py
[2021-04-14 13:40:04,504] {scheduler_job.py:639} INFO - DAG(s) dict_keys(['example_complex']) retrieved from /home/airflow/.local/lib/python3.6/site-packages/airflow/example_dags/example_complex.py
[2021-04-14 13:40:04,557] {logging_mixin.py:104} INFO - [2021-04-14 13:40:04,557] {dag.py:1818} INFO - Sync 1 DAGs
[2021-04-14 13:40:04,588] {logging_mixin.py:104} INFO - [2021-04-14 13:40:04,587] {dag.py:2273} INFO - Setting next_dagrun for example_complex to None
[2021-04-14 13:40:04,613] {scheduler_job.py:190} INFO - Processing /home/airflow/.local/lib/python3.6/site-packages/airflow/example_dags/example_complex.py took 0.160 seconds
[2021-04-14 13:40:35,426] {scheduler_job.py:182} INFO - Started process (PID=729) to work on /home/airflow/.local/lib/python3.6/site-packages/airflow/example_dags/example_complex.py
[2021-04-14 13:40:35,429] {scheduler_job.py:629} INFO - Processing file /home/airflow/.local/lib/python3.6/site-packages/airflow/example_dags/example_complex.py for tasks to queue
[2021-04-14 13:40:35,431] {logging_mixin.py:104} INFO - [2021-04-14 13:40:35,431] {dagbag.py:448} INFO - Filling up the DagBag from /home/airflow/.local/lib/python3.6/site-packages/airflow/example_dags/example_complex.py
[2021-04-14 13:40:35,495] {scheduler_job.py:639} INFO - DAG(s) dict_keys(['example_complex']) retrieved from /home/airflow/.local/lib/python3.6/site-packages/airflow/example_dags/example_complex.py
[2021-04-14 13:40:35,564] {logging_mixin.py:104} INFO - [2021-04-14 13:40:35,563] {dag.py:1818} INFO - Sync 1 DAGs
[2021-04-14 13:40:35,597] {logging_mixin.py:104} INFO - [2021-04-14 13:40:35,597] {dag.py:2273} INFO - Setting next_dagrun for example_complex to None
[2021-04-14 13:40:35,619] {scheduler_job.py:190} INFO - Processing /home/airflow/.local/lib/python3.6/site-packages/airflow/example_dags/example_complex.py took 0.200 seconds
[2021-04-14 13:41:05,682] {scheduler_job.py:182} INFO - Started process (PID=755) to work on /home/airflow/.local/lib/python3.6/site-packages/airflow/example_dags/example_complex.py
[2021-04-14 13:41:05,684] {scheduler_job.py:629} INFO - Processing file /home/airflow/.local/lib/python3.6/site-packages/airflow/example_dags/example_complex.py for tasks to queue
[2021-04-14 13:41:05,686] {logging_mixin.py:104} INFO - [2021-04-14 13:41:05,686] {dagbag.py:448} INFO - Filling up the DagBag from /home/airflow/.local/lib/python3.6/site-packages/airflow/example_dags/example_complex.py
[2021-04-14 13:41:05,748] {scheduler_job.py:639} INFO - DAG(s) dict_keys(['example_complex']) retrieved from /home/airflow/.local/lib/python3.6/site-packages/airflow/example_dags/example_complex.py
[2021-04-14 13:41:05,799] {logging_mixin.py:104} INFO - [2021-04-14 13:41:05,798] {dag.py:1818} INFO - Sync 1 DAGs
[2021-04-14 13:41:05,828] {logging_mixin.py:104} INFO - [2021-04-14 13:41:05,828] {dag.py:2273} INFO - Setting next_dagrun for example_complex to None
[2021-04-14 13:41:05,850] {scheduler_job.py:190} INFO - Processing /home/airflow/.local/lib/python3.6/site-packages/airflow/example_dags/example_complex.py took 0.174 seconds
[2021-04-14 13:41:36,181] {scheduler_job.py:182} INFO - Started process (PID=781) to work on /home/airflow/.local/lib/python3.6/site-packages/airflow/example_dags/example_complex.py
[2021-04-14 13:41:36,185] {scheduler_job.py:629} INFO - Processing file /home/airflow/.local/lib/python3.6/site-packages/airflow/example_dags/example_complex.py for tasks to queue
[2021-04-14 13:41:36,187] {logging_mixin.py:104} INFO - [2021-04-14 13:41:36,186] {dagbag.py:448} INFO - Filling up the DagBag from /home/airflow/.local/lib/python3.6/site-packages/airflow/example_dags/example_complex.py
[2021-04-14 13:41:36,227] {scheduler_job.py:639} INFO - DAG(s) dict_keys(['example_complex']) retrieved from /home/airflow/.local/lib/python3.6/site-packages/airflow/example_dags/example_complex.py
[2021-04-14 13:41:36,281] {logging_mixin.py:104} INFO - [2021-04-14 13:41:36,280] {dag.py:1818} INFO - Sync 1 DAGs
[2021-04-14 13:41:36,318] {logging_mixin.py:104} INFO - [2021-04-14 13:41:36,318] {dag.py:2273} INFO - Setting next_dagrun for example_complex to None
[2021-04-14 13:41:36,337] {scheduler_job.py:190} INFO - Processing /home/airflow/.local/lib/python3.6/site-packages/airflow/example_dags/example_complex.py took 0.162 seconds
[2021-04-14 13:42:06,476] {scheduler_job.py:182} INFO - Started process (PID=807) to work on /home/airflow/.local/lib/python3.6/site-packages/airflow/example_dags/example_complex.py
[2021-04-14 13:42:06,479] {scheduler_job.py:629} INFO - Processing file /home/airflow/.local/lib/python3.6/site-packages/airflow/example_dags/example_complex.py for tasks to queue
[2021-04-14 13:42:06,481] {logging_mixin.py:104} INFO - [2021-04-14 13:42:06,480] {dagbag.py:448} INFO - Filling up the DagBag from /home/airflow/.local/lib/python3.6/site-packages/airflow/example_dags/example_complex.py
[2021-04-14 13:42:06,511] {scheduler_job.py:639} INFO - DAG(s) dict_keys(['example_complex']) retrieved from /home/airflow/.local/lib/python3.6/site-packages/airflow/example_dags/example_complex.py
[2021-04-14 13:42:06,559] {logging_mixin.py:104} INFO - [2021-04-14 13:42:06,558] {dag.py:1818} INFO - Sync 1 DAGs
[2021-04-14 13:42:06,595] {logging_mixin.py:104} INFO - [2021-04-14 13:42:06,595] {dag.py:2273} INFO - Setting next_dagrun for example_complex to None
[2021-04-14 13:42:06,619] {scheduler_job.py:190} INFO - Processing /home/airflow/.local/lib/python3.6/site-packages/airflow/example_dags/example_complex.py took 0.148 seconds
[2021-04-14 13:42:36,740] {scheduler_job.py:182} INFO - Started process (PID=833) to work on /home/airflow/.local/lib/python3.6/site-packages/airflow/example_dags/example_complex.py
[2021-04-14 13:42:36,742] {scheduler_job.py:629} INFO - Processing file /home/airflow/.local/lib/python3.6/site-packages/airflow/example_dags/example_complex.py for tasks to queue
[2021-04-14 13:42:36,743] {logging_mixin.py:104} INFO - [2021-04-14 13:42:36,743] {dagbag.py:448} INFO - Filling up the DagBag from /home/airflow/.local/lib/python3.6/site-packages/airflow/example_dags/example_complex.py
[2021-04-14 13:42:36,788] {scheduler_job.py:639} INFO - DAG(s) dict_keys(['example_complex']) retrieved from /home/airflow/.local/lib/python3.6/site-packages/airflow/example_dags/example_complex.py
[2021-04-14 13:42:36,843] {logging_mixin.py:104} INFO - [2021-04-14 13:42:36,843] {dag.py:1818} INFO - Sync 1 DAGs
[2021-04-14 13:42:36,881] {logging_mixin.py:104} INFO - [2021-04-14 13:42:36,881] {dag.py:2273} INFO - Setting next_dagrun for example_complex to None
[2021-04-14 13:42:36,905] {scheduler_job.py:190} INFO - Processing /home/airflow/.local/lib/python3.6/site-packages/airflow/example_dags/example_complex.py took 0.169 seconds
[2021-04-14 13:43:07,428] {scheduler_job.py:182} INFO - Started process (PID=860) to work on /home/airflow/.local/lib/python3.6/site-packages/airflow/example_dags/example_complex.py
[2021-04-14 13:43:07,430] {scheduler_job.py:629} INFO - Processing file /home/airflow/.local/lib/python3.6/site-packages/airflow/example_dags/example_complex.py for tasks to queue
[2021-04-14 13:43:07,431] {logging_mixin.py:104} INFO - [2021-04-14 13:43:07,431] {dagbag.py:448} INFO - Filling up the DagBag from /home/airflow/.local/lib/python3.6/site-packages/airflow/example_dags/example_complex.py
[2021-04-14 13:43:07,453] {scheduler_job.py:639} INFO - DAG(s) dict_keys(['example_complex']) retrieved from /home/airflow/.local/lib/python3.6/site-packages/airflow/example_dags/example_complex.py
[2021-04-14 13:43:07,489] {logging_mixin.py:104} INFO - [2021-04-14 13:43:07,489] {dag.py:1818} INFO - Sync 1 DAGs
[2021-04-14 13:43:07,511] {logging_mixin.py:104} INFO - [2021-04-14 13:43:07,511] {dag.py:2273} INFO - Setting next_dagrun for example_complex to None
[2021-04-14 13:43:07,526] {scheduler_job.py:190} INFO - Processing /home/airflow/.local/lib/python3.6/site-packages/airflow/example_dags/example_complex.py took 0.102 seconds
[2021-04-14 13:43:37,866] {scheduler_job.py:182} INFO - Started process (PID=886) to work on /home/airflow/.local/lib/python3.6/site-packages/airflow/example_dags/example_complex.py
[2021-04-14 13:43:37,868] {scheduler_job.py:629} INFO - Processing file /home/airflow/.local/lib/python3.6/site-packages/airflow/example_dags/example_complex.py for tasks to queue
[2021-04-14 13:43:37,870] {logging_mixin.py:104} INFO - [2021-04-14 13:43:37,870] {dagbag.py:448} INFO - Filling up the DagBag from /home/airflow/.local/lib/python3.6/site-packages/airflow/example_dags/example_complex.py
[2021-04-14 13:43:37,900] {scheduler_job.py:639} INFO - DAG(s) dict_keys(['example_complex']) retrieved from /home/airflow/.local/lib/python3.6/site-packages/airflow/example_dags/example_complex.py
[2021-04-14 13:43:37,935] {logging_mixin.py:104} INFO - [2021-04-14 13:43:37,935] {dag.py:1818} INFO - Sync 1 DAGs
[2021-04-14 13:43:37,958] {logging_mixin.py:104} INFO - [2021-04-14 13:43:37,958] {dag.py:2273} INFO - Setting next_dagrun for example_complex to None
[2021-04-14 13:43:37,971] {scheduler_job.py:190} INFO - Processing /home/airflow/.local/lib/python3.6/site-packages/airflow/example_dags/example_complex.py took 0.110 seconds
[2021-04-14 13:44:08,585] {scheduler_job.py:182} INFO - Started process (PID=913) to work on /home/airflow/.local/lib/python3.6/site-packages/airflow/example_dags/example_complex.py
[2021-04-14 13:44:08,588] {scheduler_job.py:629} INFO - Processing file /home/airflow/.local/lib/python3.6/site-packages/airflow/example_dags/example_complex.py for tasks to queue
[2021-04-14 13:44:08,590] {logging_mixin.py:104} INFO - [2021-04-14 13:44:08,590] {dagbag.py:448} INFO - Filling up the DagBag from /home/airflow/.local/lib/python3.6/site-packages/airflow/example_dags/example_complex.py
[2021-04-14 13:44:08,629] {scheduler_job.py:639} INFO - DAG(s) dict_keys(['example_complex']) retrieved from /home/airflow/.local/lib/python3.6/site-packages/airflow/example_dags/example_complex.py
[2021-04-14 13:44:08,670] {logging_mixin.py:104} INFO - [2021-04-14 13:44:08,670] {dag.py:1818} INFO - Sync 1 DAGs
[2021-04-14 13:44:08,697] {logging_mixin.py:104} INFO - [2021-04-14 13:44:08,697] {dag.py:2273} INFO - Setting next_dagrun for example_complex to None
[2021-04-14 13:44:08,717] {scheduler_job.py:190} INFO - Processing /home/airflow/.local/lib/python3.6/site-packages/airflow/example_dags/example_complex.py took 0.138 seconds
[2021-04-14 13:44:38,943] {scheduler_job.py:182} INFO - Started process (PID=938) to work on /home/airflow/.local/lib/python3.6/site-packages/airflow/example_dags/example_complex.py
[2021-04-14 13:44:38,945] {scheduler_job.py:629} INFO - Processing file /home/airflow/.local/lib/python3.6/site-packages/airflow/example_dags/example_complex.py for tasks to queue
[2021-04-14 13:44:38,946] {logging_mixin.py:104} INFO - [2021-04-14 13:44:38,946] {dagbag.py:448} INFO - Filling up the DagBag from /home/airflow/.local/lib/python3.6/site-packages/airflow/example_dags/example_complex.py
[2021-04-14 13:44:38,972] {scheduler_job.py:639} INFO - DAG(s) dict_keys(['example_complex']) retrieved from /home/airflow/.local/lib/python3.6/site-packages/airflow/example_dags/example_complex.py
[2021-04-14 13:44:39,020] {logging_mixin.py:104} INFO - [2021-04-14 13:44:39,020] {dag.py:1818} INFO - Sync 1 DAGs
[2021-04-14 13:44:39,048] {logging_mixin.py:104} INFO - [2021-04-14 13:44:39,048] {dag.py:2273} INFO - Setting next_dagrun for example_complex to None
[2021-04-14 13:44:39,067] {scheduler_job.py:190} INFO - Processing /home/airflow/.local/lib/python3.6/site-packages/airflow/example_dags/example_complex.py took 0.128 seconds
[2021-04-14 13:45:09,356] {scheduler_job.py:182} INFO - Started process (PID=964) to work on /home/airflow/.local/lib/python3.6/site-packages/airflow/example_dags/example_complex.py
[2021-04-14 13:45:09,358] {scheduler_job.py:629} INFO - Processing file /home/airflow/.local/lib/python3.6/site-packages/airflow/example_dags/example_complex.py for tasks to queue
[2021-04-14 13:45:09,361] {logging_mixin.py:104} INFO - [2021-04-14 13:45:09,361] {dagbag.py:448} INFO - Filling up the DagBag from /home/airflow/.local/lib/python3.6/site-packages/airflow/example_dags/example_complex.py
[2021-04-14 13:45:09,390] {scheduler_job.py:639} INFO - DAG(s) dict_keys(['example_complex']) retrieved from /home/airflow/.local/lib/python3.6/site-packages/airflow/example_dags/example_complex.py
[2021-04-14 13:45:09,431] {logging_mixin.py:104} INFO - [2021-04-14 13:45:09,431] {dag.py:1818} INFO - Sync 1 DAGs
[2021-04-14 13:45:09,454] {logging_mixin.py:104} INFO - [2021-04-14 13:45:09,454] {dag.py:2273} INFO - Setting next_dagrun for example_complex to None
[2021-04-14 13:45:09,470] {scheduler_job.py:190} INFO - Processing /home/airflow/.local/lib/python3.6/site-packages/airflow/example_dags/example_complex.py took 0.119 seconds
[2021-04-14 13:45:39,723] {scheduler_job.py:182} INFO - Started process (PID=990) to work on /home/airflow/.local/lib/python3.6/site-packages/airflow/example_dags/example_complex.py
[2021-04-14 13:45:39,726] {scheduler_job.py:629} INFO - Processing file /home/airflow/.local/lib/python3.6/site-packages/airflow/example_dags/example_complex.py for tasks to queue
[2021-04-14 13:45:39,728] {logging_mixin.py:104} INFO - [2021-04-14 13:45:39,728] {dagbag.py:448} INFO - Filling up the DagBag from /home/airflow/.local/lib/python3.6/site-packages/airflow/example_dags/example_complex.py
[2021-04-14 13:45:39,760] {scheduler_job.py:639} INFO - DAG(s) dict_keys(['example_complex']) retrieved from /home/airflow/.local/lib/python3.6/site-packages/airflow/example_dags/example_complex.py
[2021-04-14 13:45:39,809] {logging_mixin.py:104} INFO - [2021-04-14 13:45:39,809] {dag.py:1818} INFO - Sync 1 DAGs
[2021-04-14 13:45:39,835] {logging_mixin.py:104} INFO - [2021-04-14 13:45:39,835] {dag.py:2273} INFO - Setting next_dagrun for example_complex to None
[2021-04-14 13:45:39,849] {scheduler_job.py:190} INFO - Processing /home/airflow/.local/lib/python3.6/site-packages/airflow/example_dags/example_complex.py took 0.131 seconds
[2021-04-14 13:46:10,042] {scheduler_job.py:182} INFO - Started process (PID=1016) to work on /home/airflow/.local/lib/python3.6/site-packages/airflow/example_dags/example_complex.py
[2021-04-14 13:46:10,044] {scheduler_job.py:629} INFO - Processing file /home/airflow/.local/lib/python3.6/site-packages/airflow/example_dags/example_complex.py for tasks to queue
[2021-04-14 13:46:10,045] {logging_mixin.py:104} INFO - [2021-04-14 13:46:10,045] {dagbag.py:448} INFO - Filling up the DagBag from /home/airflow/.local/lib/python3.6/site-packages/airflow/example_dags/example_complex.py
[2021-04-14 13:46:10,067] {scheduler_job.py:639} INFO - DAG(s) dict_keys(['example_complex']) retrieved from /home/airflow/.local/lib/python3.6/site-packages/airflow/example_dags/example_complex.py
[2021-04-14 13:46:10,099] {logging_mixin.py:104} INFO - [2021-04-14 13:46:10,099] {dag.py:1818} INFO - Sync 1 DAGs
[2021-04-14 13:46:10,118] {logging_mixin.py:104} INFO - [2021-04-14 13:46:10,118] {dag.py:2273} INFO - Setting next_dagrun for example_complex to None
[2021-04-14 13:46:10,132] {scheduler_job.py:190} INFO - Processing /home/airflow/.local/lib/python3.6/site-packages/airflow/example_dags/example_complex.py took 0.094 seconds
[2021-04-14 13:46:40,489] {scheduler_job.py:182} INFO - Started process (PID=1042) to work on /home/airflow/.local/lib/python3.6/site-packages/airflow/example_dags/example_complex.py
[2021-04-14 13:46:40,490] {scheduler_job.py:629} INFO - Processing file /home/airflow/.local/lib/python3.6/site-packages/airflow/example_dags/example_complex.py for tasks to queue
[2021-04-14 13:46:40,492] {logging_mixin.py:104} INFO - [2021-04-14 13:46:40,491] {dagbag.py:448} INFO - Filling up the DagBag from /home/airflow/.local/lib/python3.6/site-packages/airflow/example_dags/example_complex.py
[2021-04-14 13:46:40,520] {scheduler_job.py:639} INFO - DAG(s) dict_keys(['example_complex']) retrieved from /home/airflow/.local/lib/python3.6/site-packages/airflow/example_dags/example_complex.py
[2021-04-14 13:46:40,554] {logging_mixin.py:104} INFO - [2021-04-14 13:46:40,554] {dag.py:1818} INFO - Sync 1 DAGs
[2021-04-14 13:46:40,576] {logging_mixin.py:104} INFO - [2021-04-14 13:46:40,576] {dag.py:2273} INFO - Setting next_dagrun for example_complex to None
[2021-04-14 13:46:40,590] {scheduler_job.py:190} INFO - Processing /home/airflow/.local/lib/python3.6/site-packages/airflow/example_dags/example_complex.py took 0.108 seconds
[2021-04-14 13:47:10,862] {scheduler_job.py:182} INFO - Started process (PID=1068) to work on /home/airflow/.local/lib/python3.6/site-packages/airflow/example_dags/example_complex.py
[2021-04-14 13:47:10,863] {scheduler_job.py:629} INFO - Processing file /home/airflow/.local/lib/python3.6/site-packages/airflow/example_dags/example_complex.py for tasks to queue
[2021-04-14 13:47:10,865] {logging_mixin.py:104} INFO - [2021-04-14 13:47:10,865] {dagbag.py:448} INFO - Filling up the DagBag from /home/airflow/.local/lib/python3.6/site-packages/airflow/example_dags/example_complex.py
[2021-04-14 13:47:10,895] {scheduler_job.py:639} INFO - DAG(s) dict_keys(['example_complex']) retrieved from /home/airflow/.local/lib/python3.6/site-packages/airflow/example_dags/example_complex.py
[2021-04-14 13:47:10,939] {logging_mixin.py:104} INFO - [2021-04-14 13:47:10,939] {dag.py:1818} INFO - Sync 1 DAGs
[2021-04-14 13:47:10,968] {logging_mixin.py:104} INFO - [2021-04-14 13:47:10,968] {dag.py:2273} INFO - Setting next_dagrun for example_complex to None
[2021-04-14 13:47:10,986] {scheduler_job.py:190} INFO - Processing /home/airflow/.local/lib/python3.6/site-packages/airflow/example_dags/example_complex.py took 0.128 seconds
[2021-04-14 13:47:41,206] {scheduler_job.py:182} INFO - Started process (PID=1094) to work on /home/airflow/.local/lib/python3.6/site-packages/airflow/example_dags/example_complex.py
[2021-04-14 13:47:41,208] {scheduler_job.py:629} INFO - Processing file /home/airflow/.local/lib/python3.6/site-packages/airflow/example_dags/example_complex.py for tasks to queue
[2021-04-14 13:47:41,209] {logging_mixin.py:104} INFO - [2021-04-14 13:47:41,209] {dagbag.py:448} INFO - Filling up the DagBag from /home/airflow/.local/lib/python3.6/site-packages/airflow/example_dags/example_complex.py
[2021-04-14 13:47:41,238] {scheduler_job.py:639} INFO - DAG(s) dict_keys(['example_complex']) retrieved from /home/airflow/.local/lib/python3.6/site-packages/airflow/example_dags/example_complex.py
[2021-04-14 13:47:41,272] {logging_mixin.py:104} INFO - [2021-04-14 13:47:41,272] {dag.py:1818} INFO - Sync 1 DAGs
[2021-04-14 13:47:41,293] {logging_mixin.py:104} INFO - [2021-04-14 13:47:41,292] {dag.py:2273} INFO - Setting next_dagrun for example_complex to None
[2021-04-14 13:47:41,306] {scheduler_job.py:190} INFO - Processing /home/airflow/.local/lib/python3.6/site-packages/airflow/example_dags/example_complex.py took 0.105 seconds
[2021-04-14 13:48:11,829] {scheduler_job.py:182} INFO - Started process (PID=1121) to work on /home/airflow/.local/lib/python3.6/site-packages/airflow/example_dags/example_complex.py
[2021-04-14 13:48:11,832] {scheduler_job.py:629} INFO - Processing file /home/airflow/.local/lib/python3.6/site-packages/airflow/example_dags/example_complex.py for tasks to queue
[2021-04-14 13:48:11,833] {logging_mixin.py:104} INFO - [2021-04-14 13:48:11,833] {dagbag.py:448} INFO - Filling up the DagBag from /home/airflow/.local/lib/python3.6/site-packages/airflow/example_dags/example_complex.py
[2021-04-14 13:48:11,861] {scheduler_job.py:639} INFO - DAG(s) dict_keys(['example_complex']) retrieved from /home/airflow/.local/lib/python3.6/site-packages/airflow/example_dags/example_complex.py
[2021-04-14 13:48:11,895] {logging_mixin.py:104} INFO - [2021-04-14 13:48:11,895] {dag.py:1818} INFO - Sync 1 DAGs
[2021-04-14 13:48:11,916] {logging_mixin.py:104} INFO - [2021-04-14 13:48:11,916] {dag.py:2273} INFO - Setting next_dagrun for example_complex to None
[2021-04-14 13:48:11,932] {scheduler_job.py:190} INFO - Processing /home/airflow/.local/lib/python3.6/site-packages/airflow/example_dags/example_complex.py took 0.108 seconds
[2021-04-14 13:48:42,816] {scheduler_job.py:182} INFO - Started process (PID=1147) to work on /home/airflow/.local/lib/python3.6/site-packages/airflow/example_dags/example_complex.py
[2021-04-14 13:48:42,818] {scheduler_job.py:629} INFO - Processing file /home/airflow/.local/lib/python3.6/site-packages/airflow/example_dags/example_complex.py for tasks to queue
[2021-04-14 13:48:42,821] {logging_mixin.py:104} INFO - [2021-04-14 13:48:42,821] {dagbag.py:448} INFO - Filling up the DagBag from /home/airflow/.local/lib/python3.6/site-packages/airflow/example_dags/example_complex.py
[2021-04-14 13:48:42,878] {scheduler_job.py:639} INFO - DAG(s) dict_keys(['example_complex']) retrieved from /home/airflow/.local/lib/python3.6/site-packages/airflow/example_dags/example_complex.py
[2021-04-14 13:48:42,945] {logging_mixin.py:104} INFO - [2021-04-14 13:48:42,945] {dag.py:1818} INFO - Sync 1 DAGs
[2021-04-14 13:48:42,979] {logging_mixin.py:104} INFO - [2021-04-14 13:48:42,979] {dag.py:2273} INFO - Setting next_dagrun for example_complex to None
[2021-04-14 13:48:43,001] {scheduler_job.py:190} INFO - Processing /home/airflow/.local/lib/python3.6/site-packages/airflow/example_dags/example_complex.py took 0.192 seconds
