[2021-04-14 13:27:52,051] {scheduler_job.py:182} INFO - Started process (PID=61) to work on /home/airflow/.local/lib/python3.6/site-packages/airflow/example_dags/example_external_task_marker_dag.py
[2021-04-14 13:27:52,058] {scheduler_job.py:629} INFO - Processing file /home/airflow/.local/lib/python3.6/site-packages/airflow/example_dags/example_external_task_marker_dag.py for tasks to queue
[2021-04-14 13:27:52,062] {logging_mixin.py:104} INFO - [2021-04-14 13:27:52,062] {dagbag.py:448} INFO - Filling up the DagBag from /home/airflow/.local/lib/python3.6/site-packages/airflow/example_dags/example_external_task_marker_dag.py
[2021-04-14 13:27:52,107] {scheduler_job.py:639} INFO - DAG(s) dict_keys(['example_external_task_marker_parent', 'example_external_task_marker_child']) retrieved from /home/airflow/.local/lib/python3.6/site-packages/airflow/example_dags/example_external_task_marker_dag.py
[2021-04-14 13:27:52,180] {logging_mixin.py:104} INFO - [2021-04-14 13:27:52,179] {dag.py:1818} INFO - Sync 2 DAGs
[2021-04-14 13:27:52,224] {logging_mixin.py:104} INFO - [2021-04-14 13:27:52,224] {dag.py:2273} INFO - Setting next_dagrun for example_external_task_marker_child to None
[2021-04-14 13:27:52,226] {logging_mixin.py:104} INFO - [2021-04-14 13:27:52,226] {dag.py:2273} INFO - Setting next_dagrun for example_external_task_marker_parent to None
[2021-04-14 13:27:52,250] {scheduler_job.py:190} INFO - Processing /home/airflow/.local/lib/python3.6/site-packages/airflow/example_dags/example_external_task_marker_dag.py took 0.211 seconds
[2021-04-14 13:28:24,913] {scheduler_job.py:182} INFO - Started process (PID=98) to work on /home/airflow/.local/lib/python3.6/site-packages/airflow/example_dags/example_external_task_marker_dag.py
[2021-04-14 13:28:24,916] {scheduler_job.py:629} INFO - Processing file /home/airflow/.local/lib/python3.6/site-packages/airflow/example_dags/example_external_task_marker_dag.py for tasks to queue
[2021-04-14 13:28:24,921] {logging_mixin.py:104} INFO - [2021-04-14 13:28:24,921] {dagbag.py:448} INFO - Filling up the DagBag from /home/airflow/.local/lib/python3.6/site-packages/airflow/example_dags/example_external_task_marker_dag.py
[2021-04-14 13:28:24,983] {scheduler_job.py:639} INFO - DAG(s) dict_keys(['example_external_task_marker_parent', 'example_external_task_marker_child']) retrieved from /home/airflow/.local/lib/python3.6/site-packages/airflow/example_dags/example_external_task_marker_dag.py
[2021-04-14 13:28:25,053] {logging_mixin.py:104} INFO - [2021-04-14 13:28:25,053] {dag.py:1818} INFO - Sync 2 DAGs
[2021-04-14 13:28:25,101] {logging_mixin.py:104} INFO - [2021-04-14 13:28:25,100] {dag.py:2273} INFO - Setting next_dagrun for example_external_task_marker_child to None
[2021-04-14 13:28:25,104] {logging_mixin.py:104} INFO - [2021-04-14 13:28:25,103] {dag.py:2273} INFO - Setting next_dagrun for example_external_task_marker_parent to None
[2021-04-14 13:28:25,159] {scheduler_job.py:190} INFO - Processing /home/airflow/.local/lib/python3.6/site-packages/airflow/example_dags/example_external_task_marker_dag.py took 0.250 seconds
[2021-04-14 13:28:55,633] {scheduler_job.py:182} INFO - Started process (PID=127) to work on /home/airflow/.local/lib/python3.6/site-packages/airflow/example_dags/example_external_task_marker_dag.py
[2021-04-14 13:28:55,635] {scheduler_job.py:629} INFO - Processing file /home/airflow/.local/lib/python3.6/site-packages/airflow/example_dags/example_external_task_marker_dag.py for tasks to queue
[2021-04-14 13:28:55,636] {logging_mixin.py:104} INFO - [2021-04-14 13:28:55,636] {dagbag.py:448} INFO - Filling up the DagBag from /home/airflow/.local/lib/python3.6/site-packages/airflow/example_dags/example_external_task_marker_dag.py
[2021-04-14 13:28:55,648] {scheduler_job.py:639} INFO - DAG(s) dict_keys(['example_external_task_marker_parent', 'example_external_task_marker_child']) retrieved from /home/airflow/.local/lib/python3.6/site-packages/airflow/example_dags/example_external_task_marker_dag.py
[2021-04-14 13:28:55,674] {logging_mixin.py:104} INFO - [2021-04-14 13:28:55,674] {dag.py:1818} INFO - Sync 2 DAGs
[2021-04-14 13:28:55,691] {logging_mixin.py:104} INFO - [2021-04-14 13:28:55,691] {dag.py:2273} INFO - Setting next_dagrun for example_external_task_marker_child to None
[2021-04-14 13:28:55,693] {logging_mixin.py:104} INFO - [2021-04-14 13:28:55,692] {dag.py:2273} INFO - Setting next_dagrun for example_external_task_marker_parent to None
[2021-04-14 13:28:55,705] {scheduler_job.py:190} INFO - Processing /home/airflow/.local/lib/python3.6/site-packages/airflow/example_dags/example_external_task_marker_dag.py took 0.075 seconds
[2021-04-14 13:29:25,781] {scheduler_job.py:182} INFO - Started process (PID=153) to work on /home/airflow/.local/lib/python3.6/site-packages/airflow/example_dags/example_external_task_marker_dag.py
[2021-04-14 13:29:25,782] {scheduler_job.py:629} INFO - Processing file /home/airflow/.local/lib/python3.6/site-packages/airflow/example_dags/example_external_task_marker_dag.py for tasks to queue
[2021-04-14 13:29:25,783] {logging_mixin.py:104} INFO - [2021-04-14 13:29:25,783] {dagbag.py:448} INFO - Filling up the DagBag from /home/airflow/.local/lib/python3.6/site-packages/airflow/example_dags/example_external_task_marker_dag.py
[2021-04-14 13:29:25,796] {scheduler_job.py:639} INFO - DAG(s) dict_keys(['example_external_task_marker_parent', 'example_external_task_marker_child']) retrieved from /home/airflow/.local/lib/python3.6/site-packages/airflow/example_dags/example_external_task_marker_dag.py
[2021-04-14 13:29:25,827] {logging_mixin.py:104} INFO - [2021-04-14 13:29:25,827] {dag.py:1818} INFO - Sync 2 DAGs
[2021-04-14 13:29:25,843] {logging_mixin.py:104} INFO - [2021-04-14 13:29:25,843] {dag.py:2273} INFO - Setting next_dagrun for example_external_task_marker_child to None
[2021-04-14 13:29:25,845] {logging_mixin.py:104} INFO - [2021-04-14 13:29:25,845] {dag.py:2273} INFO - Setting next_dagrun for example_external_task_marker_parent to None
[2021-04-14 13:29:25,858] {scheduler_job.py:190} INFO - Processing /home/airflow/.local/lib/python3.6/site-packages/airflow/example_dags/example_external_task_marker_dag.py took 0.080 seconds
[2021-04-14 13:29:55,953] {scheduler_job.py:182} INFO - Started process (PID=179) to work on /home/airflow/.local/lib/python3.6/site-packages/airflow/example_dags/example_external_task_marker_dag.py
[2021-04-14 13:29:55,955] {scheduler_job.py:629} INFO - Processing file /home/airflow/.local/lib/python3.6/site-packages/airflow/example_dags/example_external_task_marker_dag.py for tasks to queue
[2021-04-14 13:29:55,956] {logging_mixin.py:104} INFO - [2021-04-14 13:29:55,956] {dagbag.py:448} INFO - Filling up the DagBag from /home/airflow/.local/lib/python3.6/site-packages/airflow/example_dags/example_external_task_marker_dag.py
[2021-04-14 13:29:55,967] {scheduler_job.py:639} INFO - DAG(s) dict_keys(['example_external_task_marker_parent', 'example_external_task_marker_child']) retrieved from /home/airflow/.local/lib/python3.6/site-packages/airflow/example_dags/example_external_task_marker_dag.py
[2021-04-14 13:29:55,989] {logging_mixin.py:104} INFO - [2021-04-14 13:29:55,989] {dag.py:1818} INFO - Sync 2 DAGs
[2021-04-14 13:29:56,004] {logging_mixin.py:104} INFO - [2021-04-14 13:29:56,004] {dag.py:2273} INFO - Setting next_dagrun for example_external_task_marker_child to None
[2021-04-14 13:29:56,005] {logging_mixin.py:104} INFO - [2021-04-14 13:29:56,005] {dag.py:2273} INFO - Setting next_dagrun for example_external_task_marker_parent to None
[2021-04-14 13:29:56,015] {scheduler_job.py:190} INFO - Processing /home/airflow/.local/lib/python3.6/site-packages/airflow/example_dags/example_external_task_marker_dag.py took 0.065 seconds
[2021-04-14 13:30:26,100] {scheduler_job.py:182} INFO - Started process (PID=205) to work on /home/airflow/.local/lib/python3.6/site-packages/airflow/example_dags/example_external_task_marker_dag.py
[2021-04-14 13:30:26,101] {scheduler_job.py:629} INFO - Processing file /home/airflow/.local/lib/python3.6/site-packages/airflow/example_dags/example_external_task_marker_dag.py for tasks to queue
[2021-04-14 13:30:26,102] {logging_mixin.py:104} INFO - [2021-04-14 13:30:26,102] {dagbag.py:448} INFO - Filling up the DagBag from /home/airflow/.local/lib/python3.6/site-packages/airflow/example_dags/example_external_task_marker_dag.py
[2021-04-14 13:30:26,113] {scheduler_job.py:639} INFO - DAG(s) dict_keys(['example_external_task_marker_parent', 'example_external_task_marker_child']) retrieved from /home/airflow/.local/lib/python3.6/site-packages/airflow/example_dags/example_external_task_marker_dag.py
[2021-04-14 13:30:26,135] {logging_mixin.py:104} INFO - [2021-04-14 13:30:26,135] {dag.py:1818} INFO - Sync 2 DAGs
[2021-04-14 13:30:26,153] {logging_mixin.py:104} INFO - [2021-04-14 13:30:26,153] {dag.py:2273} INFO - Setting next_dagrun for example_external_task_marker_child to None
[2021-04-14 13:30:26,155] {logging_mixin.py:104} INFO - [2021-04-14 13:30:26,155] {dag.py:2273} INFO - Setting next_dagrun for example_external_task_marker_parent to None
[2021-04-14 13:30:26,166] {scheduler_job.py:190} INFO - Processing /home/airflow/.local/lib/python3.6/site-packages/airflow/example_dags/example_external_task_marker_dag.py took 0.069 seconds
[2021-04-14 13:30:56,364] {scheduler_job.py:182} INFO - Started process (PID=231) to work on /home/airflow/.local/lib/python3.6/site-packages/airflow/example_dags/example_external_task_marker_dag.py
[2021-04-14 13:30:56,366] {scheduler_job.py:629} INFO - Processing file /home/airflow/.local/lib/python3.6/site-packages/airflow/example_dags/example_external_task_marker_dag.py for tasks to queue
[2021-04-14 13:30:56,367] {logging_mixin.py:104} INFO - [2021-04-14 13:30:56,367] {dagbag.py:448} INFO - Filling up the DagBag from /home/airflow/.local/lib/python3.6/site-packages/airflow/example_dags/example_external_task_marker_dag.py
[2021-04-14 13:30:56,380] {scheduler_job.py:639} INFO - DAG(s) dict_keys(['example_external_task_marker_parent', 'example_external_task_marker_child']) retrieved from /home/airflow/.local/lib/python3.6/site-packages/airflow/example_dags/example_external_task_marker_dag.py
[2021-04-14 13:30:56,408] {logging_mixin.py:104} INFO - [2021-04-14 13:30:56,408] {dag.py:1818} INFO - Sync 2 DAGs
[2021-04-14 13:30:56,428] {logging_mixin.py:104} INFO - [2021-04-14 13:30:56,428] {dag.py:2273} INFO - Setting next_dagrun for example_external_task_marker_child to None
[2021-04-14 13:30:56,429] {logging_mixin.py:104} INFO - [2021-04-14 13:30:56,429] {dag.py:2273} INFO - Setting next_dagrun for example_external_task_marker_parent to None
[2021-04-14 13:30:56,442] {scheduler_job.py:190} INFO - Processing /home/airflow/.local/lib/python3.6/site-packages/airflow/example_dags/example_external_task_marker_dag.py took 0.081 seconds
[2021-04-14 13:31:26,764] {scheduler_job.py:182} INFO - Started process (PID=257) to work on /home/airflow/.local/lib/python3.6/site-packages/airflow/example_dags/example_external_task_marker_dag.py
[2021-04-14 13:31:26,766] {scheduler_job.py:629} INFO - Processing file /home/airflow/.local/lib/python3.6/site-packages/airflow/example_dags/example_external_task_marker_dag.py for tasks to queue
[2021-04-14 13:31:26,767] {logging_mixin.py:104} INFO - [2021-04-14 13:31:26,767] {dagbag.py:448} INFO - Filling up the DagBag from /home/airflow/.local/lib/python3.6/site-packages/airflow/example_dags/example_external_task_marker_dag.py
[2021-04-14 13:31:26,779] {scheduler_job.py:639} INFO - DAG(s) dict_keys(['example_external_task_marker_parent', 'example_external_task_marker_child']) retrieved from /home/airflow/.local/lib/python3.6/site-packages/airflow/example_dags/example_external_task_marker_dag.py
[2021-04-14 13:31:26,810] {logging_mixin.py:104} INFO - [2021-04-14 13:31:26,810] {dag.py:1818} INFO - Sync 2 DAGs
[2021-04-14 13:31:26,829] {logging_mixin.py:104} INFO - [2021-04-14 13:31:26,829] {dag.py:2273} INFO - Setting next_dagrun for example_external_task_marker_child to None
[2021-04-14 13:31:26,831] {logging_mixin.py:104} INFO - [2021-04-14 13:31:26,831] {dag.py:2273} INFO - Setting next_dagrun for example_external_task_marker_parent to None
[2021-04-14 13:31:26,845] {scheduler_job.py:190} INFO - Processing /home/airflow/.local/lib/python3.6/site-packages/airflow/example_dags/example_external_task_marker_dag.py took 0.084 seconds
[2021-04-14 13:31:57,075] {scheduler_job.py:182} INFO - Started process (PID=283) to work on /home/airflow/.local/lib/python3.6/site-packages/airflow/example_dags/example_external_task_marker_dag.py
[2021-04-14 13:31:57,077] {scheduler_job.py:629} INFO - Processing file /home/airflow/.local/lib/python3.6/site-packages/airflow/example_dags/example_external_task_marker_dag.py for tasks to queue
[2021-04-14 13:31:57,078] {logging_mixin.py:104} INFO - [2021-04-14 13:31:57,078] {dagbag.py:448} INFO - Filling up the DagBag from /home/airflow/.local/lib/python3.6/site-packages/airflow/example_dags/example_external_task_marker_dag.py
[2021-04-14 13:31:57,091] {scheduler_job.py:639} INFO - DAG(s) dict_keys(['example_external_task_marker_parent', 'example_external_task_marker_child']) retrieved from /home/airflow/.local/lib/python3.6/site-packages/airflow/example_dags/example_external_task_marker_dag.py
[2021-04-14 13:31:57,122] {logging_mixin.py:104} INFO - [2021-04-14 13:31:57,122] {dag.py:1818} INFO - Sync 2 DAGs
[2021-04-14 13:31:57,138] {logging_mixin.py:104} INFO - [2021-04-14 13:31:57,138] {dag.py:2273} INFO - Setting next_dagrun for example_external_task_marker_child to None
[2021-04-14 13:31:57,140] {logging_mixin.py:104} INFO - [2021-04-14 13:31:57,140] {dag.py:2273} INFO - Setting next_dagrun for example_external_task_marker_parent to None
[2021-04-14 13:31:57,153] {scheduler_job.py:190} INFO - Processing /home/airflow/.local/lib/python3.6/site-packages/airflow/example_dags/example_external_task_marker_dag.py took 0.081 seconds
[2021-04-14 13:32:27,371] {scheduler_job.py:182} INFO - Started process (PID=309) to work on /home/airflow/.local/lib/python3.6/site-packages/airflow/example_dags/example_external_task_marker_dag.py
[2021-04-14 13:32:27,372] {scheduler_job.py:629} INFO - Processing file /home/airflow/.local/lib/python3.6/site-packages/airflow/example_dags/example_external_task_marker_dag.py for tasks to queue
[2021-04-14 13:32:27,373] {logging_mixin.py:104} INFO - [2021-04-14 13:32:27,373] {dagbag.py:448} INFO - Filling up the DagBag from /home/airflow/.local/lib/python3.6/site-packages/airflow/example_dags/example_external_task_marker_dag.py
[2021-04-14 13:32:27,386] {scheduler_job.py:639} INFO - DAG(s) dict_keys(['example_external_task_marker_parent', 'example_external_task_marker_child']) retrieved from /home/airflow/.local/lib/python3.6/site-packages/airflow/example_dags/example_external_task_marker_dag.py
[2021-04-14 13:32:27,408] {logging_mixin.py:104} INFO - [2021-04-14 13:32:27,408] {dag.py:1818} INFO - Sync 2 DAGs
[2021-04-14 13:32:27,424] {logging_mixin.py:104} INFO - [2021-04-14 13:32:27,424] {dag.py:2273} INFO - Setting next_dagrun for example_external_task_marker_child to None
[2021-04-14 13:32:27,425] {logging_mixin.py:104} INFO - [2021-04-14 13:32:27,425] {dag.py:2273} INFO - Setting next_dagrun for example_external_task_marker_parent to None
[2021-04-14 13:32:27,435] {scheduler_job.py:190} INFO - Processing /home/airflow/.local/lib/python3.6/site-packages/airflow/example_dags/example_external_task_marker_dag.py took 0.069 seconds
[2021-04-14 13:32:57,558] {scheduler_job.py:182} INFO - Started process (PID=335) to work on /home/airflow/.local/lib/python3.6/site-packages/airflow/example_dags/example_external_task_marker_dag.py
[2021-04-14 13:32:57,559] {scheduler_job.py:629} INFO - Processing file /home/airflow/.local/lib/python3.6/site-packages/airflow/example_dags/example_external_task_marker_dag.py for tasks to queue
[2021-04-14 13:32:57,560] {logging_mixin.py:104} INFO - [2021-04-14 13:32:57,560] {dagbag.py:448} INFO - Filling up the DagBag from /home/airflow/.local/lib/python3.6/site-packages/airflow/example_dags/example_external_task_marker_dag.py
[2021-04-14 13:32:57,572] {scheduler_job.py:639} INFO - DAG(s) dict_keys(['example_external_task_marker_parent', 'example_external_task_marker_child']) retrieved from /home/airflow/.local/lib/python3.6/site-packages/airflow/example_dags/example_external_task_marker_dag.py
[2021-04-14 13:32:57,598] {logging_mixin.py:104} INFO - [2021-04-14 13:32:57,598] {dag.py:1818} INFO - Sync 2 DAGs
[2021-04-14 13:32:57,613] {logging_mixin.py:104} INFO - [2021-04-14 13:32:57,613] {dag.py:2273} INFO - Setting next_dagrun for example_external_task_marker_child to None
[2021-04-14 13:32:57,614] {logging_mixin.py:104} INFO - [2021-04-14 13:32:57,614] {dag.py:2273} INFO - Setting next_dagrun for example_external_task_marker_parent to None
[2021-04-14 13:32:57,630] {scheduler_job.py:190} INFO - Processing /home/airflow/.local/lib/python3.6/site-packages/airflow/example_dags/example_external_task_marker_dag.py took 0.075 seconds
[2021-04-14 13:33:27,694] {scheduler_job.py:182} INFO - Started process (PID=361) to work on /home/airflow/.local/lib/python3.6/site-packages/airflow/example_dags/example_external_task_marker_dag.py
[2021-04-14 13:33:27,696] {scheduler_job.py:629} INFO - Processing file /home/airflow/.local/lib/python3.6/site-packages/airflow/example_dags/example_external_task_marker_dag.py for tasks to queue
[2021-04-14 13:33:27,697] {logging_mixin.py:104} INFO - [2021-04-14 13:33:27,696] {dagbag.py:448} INFO - Filling up the DagBag from /home/airflow/.local/lib/python3.6/site-packages/airflow/example_dags/example_external_task_marker_dag.py
[2021-04-14 13:33:27,708] {scheduler_job.py:639} INFO - DAG(s) dict_keys(['example_external_task_marker_parent', 'example_external_task_marker_child']) retrieved from /home/airflow/.local/lib/python3.6/site-packages/airflow/example_dags/example_external_task_marker_dag.py
[2021-04-14 13:33:27,735] {logging_mixin.py:104} INFO - [2021-04-14 13:33:27,735] {dag.py:1818} INFO - Sync 2 DAGs
[2021-04-14 13:33:27,752] {logging_mixin.py:104} INFO - [2021-04-14 13:33:27,752] {dag.py:2273} INFO - Setting next_dagrun for example_external_task_marker_child to None
[2021-04-14 13:33:27,753] {logging_mixin.py:104} INFO - [2021-04-14 13:33:27,753] {dag.py:2273} INFO - Setting next_dagrun for example_external_task_marker_parent to None
[2021-04-14 13:33:27,765] {scheduler_job.py:190} INFO - Processing /home/airflow/.local/lib/python3.6/site-packages/airflow/example_dags/example_external_task_marker_dag.py took 0.074 seconds
[2021-04-14 13:33:57,926] {scheduler_job.py:182} INFO - Started process (PID=387) to work on /home/airflow/.local/lib/python3.6/site-packages/airflow/example_dags/example_external_task_marker_dag.py
[2021-04-14 13:33:57,928] {scheduler_job.py:629} INFO - Processing file /home/airflow/.local/lib/python3.6/site-packages/airflow/example_dags/example_external_task_marker_dag.py for tasks to queue
[2021-04-14 13:33:57,929] {logging_mixin.py:104} INFO - [2021-04-14 13:33:57,929] {dagbag.py:448} INFO - Filling up the DagBag from /home/airflow/.local/lib/python3.6/site-packages/airflow/example_dags/example_external_task_marker_dag.py
[2021-04-14 13:33:57,942] {scheduler_job.py:639} INFO - DAG(s) dict_keys(['example_external_task_marker_parent', 'example_external_task_marker_child']) retrieved from /home/airflow/.local/lib/python3.6/site-packages/airflow/example_dags/example_external_task_marker_dag.py
[2021-04-14 13:33:57,978] {logging_mixin.py:104} INFO - [2021-04-14 13:33:57,977] {dag.py:1818} INFO - Sync 2 DAGs
[2021-04-14 13:33:58,004] {logging_mixin.py:104} INFO - [2021-04-14 13:33:58,004] {dag.py:2273} INFO - Setting next_dagrun for example_external_task_marker_child to None
[2021-04-14 13:33:58,006] {logging_mixin.py:104} INFO - [2021-04-14 13:33:58,006] {dag.py:2273} INFO - Setting next_dagrun for example_external_task_marker_parent to None
[2021-04-14 13:33:58,022] {scheduler_job.py:190} INFO - Processing /home/airflow/.local/lib/python3.6/site-packages/airflow/example_dags/example_external_task_marker_dag.py took 0.099 seconds
[2021-04-14 13:34:28,289] {scheduler_job.py:182} INFO - Started process (PID=413) to work on /home/airflow/.local/lib/python3.6/site-packages/airflow/example_dags/example_external_task_marker_dag.py
[2021-04-14 13:34:28,291] {scheduler_job.py:629} INFO - Processing file /home/airflow/.local/lib/python3.6/site-packages/airflow/example_dags/example_external_task_marker_dag.py for tasks to queue
[2021-04-14 13:34:28,292] {logging_mixin.py:104} INFO - [2021-04-14 13:34:28,291] {dagbag.py:448} INFO - Filling up the DagBag from /home/airflow/.local/lib/python3.6/site-packages/airflow/example_dags/example_external_task_marker_dag.py
[2021-04-14 13:34:28,303] {scheduler_job.py:639} INFO - DAG(s) dict_keys(['example_external_task_marker_parent', 'example_external_task_marker_child']) retrieved from /home/airflow/.local/lib/python3.6/site-packages/airflow/example_dags/example_external_task_marker_dag.py
[2021-04-14 13:34:28,331] {logging_mixin.py:104} INFO - [2021-04-14 13:34:28,331] {dag.py:1818} INFO - Sync 2 DAGs
[2021-04-14 13:34:28,348] {logging_mixin.py:104} INFO - [2021-04-14 13:34:28,348] {dag.py:2273} INFO - Setting next_dagrun for example_external_task_marker_child to None
[2021-04-14 13:34:28,350] {logging_mixin.py:104} INFO - [2021-04-14 13:34:28,349] {dag.py:2273} INFO - Setting next_dagrun for example_external_task_marker_parent to None
[2021-04-14 13:34:28,362] {scheduler_job.py:190} INFO - Processing /home/airflow/.local/lib/python3.6/site-packages/airflow/example_dags/example_external_task_marker_dag.py took 0.076 seconds
[2021-04-14 13:34:58,651] {scheduler_job.py:182} INFO - Started process (PID=439) to work on /home/airflow/.local/lib/python3.6/site-packages/airflow/example_dags/example_external_task_marker_dag.py
[2021-04-14 13:34:58,654] {scheduler_job.py:629} INFO - Processing file /home/airflow/.local/lib/python3.6/site-packages/airflow/example_dags/example_external_task_marker_dag.py for tasks to queue
[2021-04-14 13:34:58,655] {logging_mixin.py:104} INFO - [2021-04-14 13:34:58,655] {dagbag.py:448} INFO - Filling up the DagBag from /home/airflow/.local/lib/python3.6/site-packages/airflow/example_dags/example_external_task_marker_dag.py
[2021-04-14 13:34:58,666] {scheduler_job.py:639} INFO - DAG(s) dict_keys(['example_external_task_marker_parent', 'example_external_task_marker_child']) retrieved from /home/airflow/.local/lib/python3.6/site-packages/airflow/example_dags/example_external_task_marker_dag.py
[2021-04-14 13:34:58,694] {logging_mixin.py:104} INFO - [2021-04-14 13:34:58,694] {dag.py:1818} INFO - Sync 2 DAGs
[2021-04-14 13:34:58,714] {logging_mixin.py:104} INFO - [2021-04-14 13:34:58,713] {dag.py:2273} INFO - Setting next_dagrun for example_external_task_marker_child to None
[2021-04-14 13:34:58,715] {logging_mixin.py:104} INFO - [2021-04-14 13:34:58,715] {dag.py:2273} INFO - Setting next_dagrun for example_external_task_marker_parent to None
[2021-04-14 13:34:58,730] {scheduler_job.py:190} INFO - Processing /home/airflow/.local/lib/python3.6/site-packages/airflow/example_dags/example_external_task_marker_dag.py took 0.082 seconds
[2021-04-14 13:35:29,050] {scheduler_job.py:182} INFO - Started process (PID=465) to work on /home/airflow/.local/lib/python3.6/site-packages/airflow/example_dags/example_external_task_marker_dag.py
[2021-04-14 13:35:29,052] {scheduler_job.py:629} INFO - Processing file /home/airflow/.local/lib/python3.6/site-packages/airflow/example_dags/example_external_task_marker_dag.py for tasks to queue
[2021-04-14 13:35:29,054] {logging_mixin.py:104} INFO - [2021-04-14 13:35:29,054] {dagbag.py:448} INFO - Filling up the DagBag from /home/airflow/.local/lib/python3.6/site-packages/airflow/example_dags/example_external_task_marker_dag.py
[2021-04-14 13:35:29,068] {scheduler_job.py:639} INFO - DAG(s) dict_keys(['example_external_task_marker_parent', 'example_external_task_marker_child']) retrieved from /home/airflow/.local/lib/python3.6/site-packages/airflow/example_dags/example_external_task_marker_dag.py
[2021-04-14 13:35:29,104] {logging_mixin.py:104} INFO - [2021-04-14 13:35:29,104] {dag.py:1818} INFO - Sync 2 DAGs
[2021-04-14 13:35:29,126] {logging_mixin.py:104} INFO - [2021-04-14 13:35:29,126] {dag.py:2273} INFO - Setting next_dagrun for example_external_task_marker_child to None
[2021-04-14 13:35:29,127] {logging_mixin.py:104} INFO - [2021-04-14 13:35:29,127] {dag.py:2273} INFO - Setting next_dagrun for example_external_task_marker_parent to None
[2021-04-14 13:35:29,144] {scheduler_job.py:190} INFO - Processing /home/airflow/.local/lib/python3.6/site-packages/airflow/example_dags/example_external_task_marker_dag.py took 0.099 seconds
[2021-04-14 13:35:59,304] {scheduler_job.py:182} INFO - Started process (PID=491) to work on /home/airflow/.local/lib/python3.6/site-packages/airflow/example_dags/example_external_task_marker_dag.py
[2021-04-14 13:35:59,306] {scheduler_job.py:629} INFO - Processing file /home/airflow/.local/lib/python3.6/site-packages/airflow/example_dags/example_external_task_marker_dag.py for tasks to queue
[2021-04-14 13:35:59,308] {logging_mixin.py:104} INFO - [2021-04-14 13:35:59,307] {dagbag.py:448} INFO - Filling up the DagBag from /home/airflow/.local/lib/python3.6/site-packages/airflow/example_dags/example_external_task_marker_dag.py
[2021-04-14 13:35:59,323] {scheduler_job.py:639} INFO - DAG(s) dict_keys(['example_external_task_marker_parent', 'example_external_task_marker_child']) retrieved from /home/airflow/.local/lib/python3.6/site-packages/airflow/example_dags/example_external_task_marker_dag.py
[2021-04-14 13:35:59,355] {logging_mixin.py:104} INFO - [2021-04-14 13:35:59,355] {dag.py:1818} INFO - Sync 2 DAGs
[2021-04-14 13:35:59,379] {logging_mixin.py:104} INFO - [2021-04-14 13:35:59,378] {dag.py:2273} INFO - Setting next_dagrun for example_external_task_marker_child to None
[2021-04-14 13:35:59,381] {logging_mixin.py:104} INFO - [2021-04-14 13:35:59,381] {dag.py:2273} INFO - Setting next_dagrun for example_external_task_marker_parent to None
[2021-04-14 13:35:59,397] {scheduler_job.py:190} INFO - Processing /home/airflow/.local/lib/python3.6/site-packages/airflow/example_dags/example_external_task_marker_dag.py took 0.097 seconds
[2021-04-14 13:36:29,626] {scheduler_job.py:182} INFO - Started process (PID=517) to work on /home/airflow/.local/lib/python3.6/site-packages/airflow/example_dags/example_external_task_marker_dag.py
[2021-04-14 13:36:29,628] {scheduler_job.py:629} INFO - Processing file /home/airflow/.local/lib/python3.6/site-packages/airflow/example_dags/example_external_task_marker_dag.py for tasks to queue
[2021-04-14 13:36:29,630] {logging_mixin.py:104} INFO - [2021-04-14 13:36:29,630] {dagbag.py:448} INFO - Filling up the DagBag from /home/airflow/.local/lib/python3.6/site-packages/airflow/example_dags/example_external_task_marker_dag.py
[2021-04-14 13:36:29,644] {scheduler_job.py:639} INFO - DAG(s) dict_keys(['example_external_task_marker_parent', 'example_external_task_marker_child']) retrieved from /home/airflow/.local/lib/python3.6/site-packages/airflow/example_dags/example_external_task_marker_dag.py
[2021-04-14 13:36:29,675] {logging_mixin.py:104} INFO - [2021-04-14 13:36:29,675] {dag.py:1818} INFO - Sync 2 DAGs
[2021-04-14 13:36:29,695] {logging_mixin.py:104} INFO - [2021-04-14 13:36:29,695] {dag.py:2273} INFO - Setting next_dagrun for example_external_task_marker_child to None
[2021-04-14 13:36:29,697] {logging_mixin.py:104} INFO - [2021-04-14 13:36:29,697] {dag.py:2273} INFO - Setting next_dagrun for example_external_task_marker_parent to None
[2021-04-14 13:36:29,712] {scheduler_job.py:190} INFO - Processing /home/airflow/.local/lib/python3.6/site-packages/airflow/example_dags/example_external_task_marker_dag.py took 0.091 seconds
[2021-04-14 13:37:00,017] {scheduler_job.py:182} INFO - Started process (PID=543) to work on /home/airflow/.local/lib/python3.6/site-packages/airflow/example_dags/example_external_task_marker_dag.py
[2021-04-14 13:37:00,019] {scheduler_job.py:629} INFO - Processing file /home/airflow/.local/lib/python3.6/site-packages/airflow/example_dags/example_external_task_marker_dag.py for tasks to queue
[2021-04-14 13:37:00,023] {logging_mixin.py:104} INFO - [2021-04-14 13:37:00,022] {dagbag.py:448} INFO - Filling up the DagBag from /home/airflow/.local/lib/python3.6/site-packages/airflow/example_dags/example_external_task_marker_dag.py
[2021-04-14 13:37:00,047] {scheduler_job.py:639} INFO - DAG(s) dict_keys(['example_external_task_marker_parent', 'example_external_task_marker_child']) retrieved from /home/airflow/.local/lib/python3.6/site-packages/airflow/example_dags/example_external_task_marker_dag.py
[2021-04-14 13:37:00,102] {logging_mixin.py:104} INFO - [2021-04-14 13:37:00,101] {dag.py:1818} INFO - Sync 2 DAGs
[2021-04-14 13:37:00,135] {logging_mixin.py:104} INFO - [2021-04-14 13:37:00,135] {dag.py:2273} INFO - Setting next_dagrun for example_external_task_marker_child to None
[2021-04-14 13:37:00,137] {logging_mixin.py:104} INFO - [2021-04-14 13:37:00,137] {dag.py:2273} INFO - Setting next_dagrun for example_external_task_marker_parent to None
[2021-04-14 13:37:00,162] {scheduler_job.py:190} INFO - Processing /home/airflow/.local/lib/python3.6/site-packages/airflow/example_dags/example_external_task_marker_dag.py took 0.151 seconds
[2021-04-14 13:37:30,420] {scheduler_job.py:182} INFO - Started process (PID=569) to work on /home/airflow/.local/lib/python3.6/site-packages/airflow/example_dags/example_external_task_marker_dag.py
[2021-04-14 13:37:30,423] {scheduler_job.py:629} INFO - Processing file /home/airflow/.local/lib/python3.6/site-packages/airflow/example_dags/example_external_task_marker_dag.py for tasks to queue
[2021-04-14 13:37:30,424] {logging_mixin.py:104} INFO - [2021-04-14 13:37:30,424] {dagbag.py:448} INFO - Filling up the DagBag from /home/airflow/.local/lib/python3.6/site-packages/airflow/example_dags/example_external_task_marker_dag.py
[2021-04-14 13:37:30,439] {scheduler_job.py:639} INFO - DAG(s) dict_keys(['example_external_task_marker_parent', 'example_external_task_marker_child']) retrieved from /home/airflow/.local/lib/python3.6/site-packages/airflow/example_dags/example_external_task_marker_dag.py
[2021-04-14 13:37:30,469] {logging_mixin.py:104} INFO - [2021-04-14 13:37:30,469] {dag.py:1818} INFO - Sync 2 DAGs
[2021-04-14 13:37:30,493] {logging_mixin.py:104} INFO - [2021-04-14 13:37:30,493] {dag.py:2273} INFO - Setting next_dagrun for example_external_task_marker_child to None
[2021-04-14 13:37:30,494] {logging_mixin.py:104} INFO - [2021-04-14 13:37:30,494] {dag.py:2273} INFO - Setting next_dagrun for example_external_task_marker_parent to None
[2021-04-14 13:37:30,508] {scheduler_job.py:190} INFO - Processing /home/airflow/.local/lib/python3.6/site-packages/airflow/example_dags/example_external_task_marker_dag.py took 0.092 seconds
[2021-04-14 13:38:00,637] {scheduler_job.py:182} INFO - Started process (PID=595) to work on /home/airflow/.local/lib/python3.6/site-packages/airflow/example_dags/example_external_task_marker_dag.py
[2021-04-14 13:38:00,639] {scheduler_job.py:629} INFO - Processing file /home/airflow/.local/lib/python3.6/site-packages/airflow/example_dags/example_external_task_marker_dag.py for tasks to queue
[2021-04-14 13:38:00,641] {logging_mixin.py:104} INFO - [2021-04-14 13:38:00,640] {dagbag.py:448} INFO - Filling up the DagBag from /home/airflow/.local/lib/python3.6/site-packages/airflow/example_dags/example_external_task_marker_dag.py
[2021-04-14 13:38:00,660] {scheduler_job.py:639} INFO - DAG(s) dict_keys(['example_external_task_marker_parent', 'example_external_task_marker_child']) retrieved from /home/airflow/.local/lib/python3.6/site-packages/airflow/example_dags/example_external_task_marker_dag.py
[2021-04-14 13:38:00,697] {logging_mixin.py:104} INFO - [2021-04-14 13:38:00,697] {dag.py:1818} INFO - Sync 2 DAGs
[2021-04-14 13:38:00,721] {logging_mixin.py:104} INFO - [2021-04-14 13:38:00,721] {dag.py:2273} INFO - Setting next_dagrun for example_external_task_marker_child to None
[2021-04-14 13:38:00,723] {logging_mixin.py:104} INFO - [2021-04-14 13:38:00,723] {dag.py:2273} INFO - Setting next_dagrun for example_external_task_marker_parent to None
[2021-04-14 13:38:00,737] {scheduler_job.py:190} INFO - Processing /home/airflow/.local/lib/python3.6/site-packages/airflow/example_dags/example_external_task_marker_dag.py took 0.105 seconds
[2021-04-14 13:38:31,151] {scheduler_job.py:182} INFO - Started process (PID=621) to work on /home/airflow/.local/lib/python3.6/site-packages/airflow/example_dags/example_external_task_marker_dag.py
[2021-04-14 13:38:31,153] {scheduler_job.py:629} INFO - Processing file /home/airflow/.local/lib/python3.6/site-packages/airflow/example_dags/example_external_task_marker_dag.py for tasks to queue
[2021-04-14 13:38:31,154] {logging_mixin.py:104} INFO - [2021-04-14 13:38:31,154] {dagbag.py:448} INFO - Filling up the DagBag from /home/airflow/.local/lib/python3.6/site-packages/airflow/example_dags/example_external_task_marker_dag.py
[2021-04-14 13:38:31,168] {scheduler_job.py:639} INFO - DAG(s) dict_keys(['example_external_task_marker_parent', 'example_external_task_marker_child']) retrieved from /home/airflow/.local/lib/python3.6/site-packages/airflow/example_dags/example_external_task_marker_dag.py
[2021-04-14 13:38:31,201] {logging_mixin.py:104} INFO - [2021-04-14 13:38:31,201] {dag.py:1818} INFO - Sync 2 DAGs
[2021-04-14 13:38:31,219] {logging_mixin.py:104} INFO - [2021-04-14 13:38:31,219] {dag.py:2273} INFO - Setting next_dagrun for example_external_task_marker_child to None
[2021-04-14 13:38:31,221] {logging_mixin.py:104} INFO - [2021-04-14 13:38:31,221] {dag.py:2273} INFO - Setting next_dagrun for example_external_task_marker_parent to None
[2021-04-14 13:38:31,236] {scheduler_job.py:190} INFO - Processing /home/airflow/.local/lib/python3.6/site-packages/airflow/example_dags/example_external_task_marker_dag.py took 0.090 seconds
[2021-04-14 13:39:01,379] {scheduler_job.py:182} INFO - Started process (PID=647) to work on /home/airflow/.local/lib/python3.6/site-packages/airflow/example_dags/example_external_task_marker_dag.py
[2021-04-14 13:39:01,380] {scheduler_job.py:629} INFO - Processing file /home/airflow/.local/lib/python3.6/site-packages/airflow/example_dags/example_external_task_marker_dag.py for tasks to queue
[2021-04-14 13:39:01,381] {logging_mixin.py:104} INFO - [2021-04-14 13:39:01,381] {dagbag.py:448} INFO - Filling up the DagBag from /home/airflow/.local/lib/python3.6/site-packages/airflow/example_dags/example_external_task_marker_dag.py
[2021-04-14 13:39:01,397] {scheduler_job.py:639} INFO - DAG(s) dict_keys(['example_external_task_marker_parent', 'example_external_task_marker_child']) retrieved from /home/airflow/.local/lib/python3.6/site-packages/airflow/example_dags/example_external_task_marker_dag.py
[2021-04-14 13:39:01,429] {logging_mixin.py:104} INFO - [2021-04-14 13:39:01,429] {dag.py:1818} INFO - Sync 2 DAGs
[2021-04-14 13:39:01,446] {logging_mixin.py:104} INFO - [2021-04-14 13:39:01,446] {dag.py:2273} INFO - Setting next_dagrun for example_external_task_marker_child to None
[2021-04-14 13:39:01,448] {logging_mixin.py:104} INFO - [2021-04-14 13:39:01,448] {dag.py:2273} INFO - Setting next_dagrun for example_external_task_marker_parent to None
[2021-04-14 13:39:01,464] {scheduler_job.py:190} INFO - Processing /home/airflow/.local/lib/python3.6/site-packages/airflow/example_dags/example_external_task_marker_dag.py took 0.089 seconds
[2021-04-14 13:39:31,684] {scheduler_job.py:182} INFO - Started process (PID=673) to work on /home/airflow/.local/lib/python3.6/site-packages/airflow/example_dags/example_external_task_marker_dag.py
[2021-04-14 13:39:31,686] {scheduler_job.py:629} INFO - Processing file /home/airflow/.local/lib/python3.6/site-packages/airflow/example_dags/example_external_task_marker_dag.py for tasks to queue
[2021-04-14 13:39:31,687] {logging_mixin.py:104} INFO - [2021-04-14 13:39:31,687] {dagbag.py:448} INFO - Filling up the DagBag from /home/airflow/.local/lib/python3.6/site-packages/airflow/example_dags/example_external_task_marker_dag.py
[2021-04-14 13:39:31,704] {scheduler_job.py:639} INFO - DAG(s) dict_keys(['example_external_task_marker_parent', 'example_external_task_marker_child']) retrieved from /home/airflow/.local/lib/python3.6/site-packages/airflow/example_dags/example_external_task_marker_dag.py
[2021-04-14 13:39:31,737] {logging_mixin.py:104} INFO - [2021-04-14 13:39:31,737] {dag.py:1818} INFO - Sync 2 DAGs
[2021-04-14 13:39:31,758] {logging_mixin.py:104} INFO - [2021-04-14 13:39:31,757] {dag.py:2273} INFO - Setting next_dagrun for example_external_task_marker_child to None
[2021-04-14 13:39:31,759] {logging_mixin.py:104} INFO - [2021-04-14 13:39:31,759] {dag.py:2273} INFO - Setting next_dagrun for example_external_task_marker_parent to None
[2021-04-14 13:39:31,771] {scheduler_job.py:190} INFO - Processing /home/airflow/.local/lib/python3.6/site-packages/airflow/example_dags/example_external_task_marker_dag.py took 0.090 seconds
[2021-04-14 13:40:02,283] {scheduler_job.py:182} INFO - Started process (PID=699) to work on /home/airflow/.local/lib/python3.6/site-packages/airflow/example_dags/example_external_task_marker_dag.py
[2021-04-14 13:40:02,287] {scheduler_job.py:629} INFO - Processing file /home/airflow/.local/lib/python3.6/site-packages/airflow/example_dags/example_external_task_marker_dag.py for tasks to queue
[2021-04-14 13:40:02,291] {logging_mixin.py:104} INFO - [2021-04-14 13:40:02,290] {dagbag.py:448} INFO - Filling up the DagBag from /home/airflow/.local/lib/python3.6/site-packages/airflow/example_dags/example_external_task_marker_dag.py
[2021-04-14 13:40:02,315] {scheduler_job.py:639} INFO - DAG(s) dict_keys(['example_external_task_marker_parent', 'example_external_task_marker_child']) retrieved from /home/airflow/.local/lib/python3.6/site-packages/airflow/example_dags/example_external_task_marker_dag.py
[2021-04-14 13:40:02,362] {logging_mixin.py:104} INFO - [2021-04-14 13:40:02,362] {dag.py:1818} INFO - Sync 2 DAGs
[2021-04-14 13:40:02,395] {logging_mixin.py:104} INFO - [2021-04-14 13:40:02,395] {dag.py:2273} INFO - Setting next_dagrun for example_external_task_marker_child to None
[2021-04-14 13:40:02,397] {logging_mixin.py:104} INFO - [2021-04-14 13:40:02,397] {dag.py:2273} INFO - Setting next_dagrun for example_external_task_marker_parent to None
[2021-04-14 13:40:02,422] {scheduler_job.py:190} INFO - Processing /home/airflow/.local/lib/python3.6/site-packages/airflow/example_dags/example_external_task_marker_dag.py took 0.144 seconds
[2021-04-14 13:40:33,224] {scheduler_job.py:182} INFO - Started process (PID=725) to work on /home/airflow/.local/lib/python3.6/site-packages/airflow/example_dags/example_external_task_marker_dag.py
[2021-04-14 13:40:33,227] {scheduler_job.py:629} INFO - Processing file /home/airflow/.local/lib/python3.6/site-packages/airflow/example_dags/example_external_task_marker_dag.py for tasks to queue
[2021-04-14 13:40:33,228] {logging_mixin.py:104} INFO - [2021-04-14 13:40:33,228] {dagbag.py:448} INFO - Filling up the DagBag from /home/airflow/.local/lib/python3.6/site-packages/airflow/example_dags/example_external_task_marker_dag.py
[2021-04-14 13:40:33,261] {scheduler_job.py:639} INFO - DAG(s) dict_keys(['example_external_task_marker_parent', 'example_external_task_marker_child']) retrieved from /home/airflow/.local/lib/python3.6/site-packages/airflow/example_dags/example_external_task_marker_dag.py
[2021-04-14 13:40:33,314] {logging_mixin.py:104} INFO - [2021-04-14 13:40:33,314] {dag.py:1818} INFO - Sync 2 DAGs
[2021-04-14 13:40:33,344] {logging_mixin.py:104} INFO - [2021-04-14 13:40:33,343] {dag.py:2273} INFO - Setting next_dagrun for example_external_task_marker_child to None
[2021-04-14 13:40:33,345] {logging_mixin.py:104} INFO - [2021-04-14 13:40:33,345] {dag.py:2273} INFO - Setting next_dagrun for example_external_task_marker_parent to None
[2021-04-14 13:40:33,367] {scheduler_job.py:190} INFO - Processing /home/airflow/.local/lib/python3.6/site-packages/airflow/example_dags/example_external_task_marker_dag.py took 0.149 seconds
[2021-04-14 13:41:03,510] {scheduler_job.py:182} INFO - Started process (PID=751) to work on /home/airflow/.local/lib/python3.6/site-packages/airflow/example_dags/example_external_task_marker_dag.py
[2021-04-14 13:41:03,513] {scheduler_job.py:629} INFO - Processing file /home/airflow/.local/lib/python3.6/site-packages/airflow/example_dags/example_external_task_marker_dag.py for tasks to queue
[2021-04-14 13:41:03,514] {logging_mixin.py:104} INFO - [2021-04-14 13:41:03,514] {dagbag.py:448} INFO - Filling up the DagBag from /home/airflow/.local/lib/python3.6/site-packages/airflow/example_dags/example_external_task_marker_dag.py
[2021-04-14 13:41:03,538] {scheduler_job.py:639} INFO - DAG(s) dict_keys(['example_external_task_marker_parent', 'example_external_task_marker_child']) retrieved from /home/airflow/.local/lib/python3.6/site-packages/airflow/example_dags/example_external_task_marker_dag.py
[2021-04-14 13:41:03,576] {logging_mixin.py:104} INFO - [2021-04-14 13:41:03,576] {dag.py:1818} INFO - Sync 2 DAGs
[2021-04-14 13:41:03,607] {logging_mixin.py:104} INFO - [2021-04-14 13:41:03,607] {dag.py:2273} INFO - Setting next_dagrun for example_external_task_marker_child to None
[2021-04-14 13:41:03,609] {logging_mixin.py:104} INFO - [2021-04-14 13:41:03,609] {dag.py:2273} INFO - Setting next_dagrun for example_external_task_marker_parent to None
[2021-04-14 13:41:03,630] {scheduler_job.py:190} INFO - Processing /home/airflow/.local/lib/python3.6/site-packages/airflow/example_dags/example_external_task_marker_dag.py took 0.125 seconds
[2021-04-14 13:41:34,007] {scheduler_job.py:182} INFO - Started process (PID=777) to work on /home/airflow/.local/lib/python3.6/site-packages/airflow/example_dags/example_external_task_marker_dag.py
[2021-04-14 13:41:34,010] {scheduler_job.py:629} INFO - Processing file /home/airflow/.local/lib/python3.6/site-packages/airflow/example_dags/example_external_task_marker_dag.py for tasks to queue
[2021-04-14 13:41:34,013] {logging_mixin.py:104} INFO - [2021-04-14 13:41:34,012] {dagbag.py:448} INFO - Filling up the DagBag from /home/airflow/.local/lib/python3.6/site-packages/airflow/example_dags/example_external_task_marker_dag.py
[2021-04-14 13:41:34,041] {scheduler_job.py:639} INFO - DAG(s) dict_keys(['example_external_task_marker_parent', 'example_external_task_marker_child']) retrieved from /home/airflow/.local/lib/python3.6/site-packages/airflow/example_dags/example_external_task_marker_dag.py
[2021-04-14 13:41:34,086] {logging_mixin.py:104} INFO - [2021-04-14 13:41:34,085] {dag.py:1818} INFO - Sync 2 DAGs
[2021-04-14 13:41:34,114] {logging_mixin.py:104} INFO - [2021-04-14 13:41:34,113] {dag.py:2273} INFO - Setting next_dagrun for example_external_task_marker_child to None
[2021-04-14 13:41:34,116] {logging_mixin.py:104} INFO - [2021-04-14 13:41:34,116] {dag.py:2273} INFO - Setting next_dagrun for example_external_task_marker_parent to None
[2021-04-14 13:41:34,139] {scheduler_job.py:190} INFO - Processing /home/airflow/.local/lib/python3.6/site-packages/airflow/example_dags/example_external_task_marker_dag.py took 0.139 seconds
[2021-04-14 13:42:04,301] {scheduler_job.py:182} INFO - Started process (PID=803) to work on /home/airflow/.local/lib/python3.6/site-packages/airflow/example_dags/example_external_task_marker_dag.py
[2021-04-14 13:42:04,303] {scheduler_job.py:629} INFO - Processing file /home/airflow/.local/lib/python3.6/site-packages/airflow/example_dags/example_external_task_marker_dag.py for tasks to queue
[2021-04-14 13:42:04,304] {logging_mixin.py:104} INFO - [2021-04-14 13:42:04,304] {dagbag.py:448} INFO - Filling up the DagBag from /home/airflow/.local/lib/python3.6/site-packages/airflow/example_dags/example_external_task_marker_dag.py
[2021-04-14 13:42:04,332] {scheduler_job.py:639} INFO - DAG(s) dict_keys(['example_external_task_marker_parent', 'example_external_task_marker_child']) retrieved from /home/airflow/.local/lib/python3.6/site-packages/airflow/example_dags/example_external_task_marker_dag.py
[2021-04-14 13:42:04,377] {logging_mixin.py:104} INFO - [2021-04-14 13:42:04,376] {dag.py:1818} INFO - Sync 2 DAGs
[2021-04-14 13:42:04,405] {logging_mixin.py:104} INFO - [2021-04-14 13:42:04,404] {dag.py:2273} INFO - Setting next_dagrun for example_external_task_marker_child to None
[2021-04-14 13:42:04,407] {logging_mixin.py:104} INFO - [2021-04-14 13:42:04,407] {dag.py:2273} INFO - Setting next_dagrun for example_external_task_marker_parent to None
[2021-04-14 13:42:04,432] {scheduler_job.py:190} INFO - Processing /home/airflow/.local/lib/python3.6/site-packages/airflow/example_dags/example_external_task_marker_dag.py took 0.136 seconds
[2021-04-14 13:42:34,560] {scheduler_job.py:182} INFO - Started process (PID=829) to work on /home/airflow/.local/lib/python3.6/site-packages/airflow/example_dags/example_external_task_marker_dag.py
[2021-04-14 13:42:34,563] {scheduler_job.py:629} INFO - Processing file /home/airflow/.local/lib/python3.6/site-packages/airflow/example_dags/example_external_task_marker_dag.py for tasks to queue
[2021-04-14 13:42:34,565] {logging_mixin.py:104} INFO - [2021-04-14 13:42:34,564] {dagbag.py:448} INFO - Filling up the DagBag from /home/airflow/.local/lib/python3.6/site-packages/airflow/example_dags/example_external_task_marker_dag.py
[2021-04-14 13:42:34,591] {scheduler_job.py:639} INFO - DAG(s) dict_keys(['example_external_task_marker_parent', 'example_external_task_marker_child']) retrieved from /home/airflow/.local/lib/python3.6/site-packages/airflow/example_dags/example_external_task_marker_dag.py
[2021-04-14 13:42:34,645] {logging_mixin.py:104} INFO - [2021-04-14 13:42:34,645] {dag.py:1818} INFO - Sync 2 DAGs
[2021-04-14 13:42:34,679] {logging_mixin.py:104} INFO - [2021-04-14 13:42:34,679] {dag.py:2273} INFO - Setting next_dagrun for example_external_task_marker_child to None
[2021-04-14 13:42:34,682] {logging_mixin.py:104} INFO - [2021-04-14 13:42:34,682] {dag.py:2273} INFO - Setting next_dagrun for example_external_task_marker_parent to None
[2021-04-14 13:42:34,700] {scheduler_job.py:190} INFO - Processing /home/airflow/.local/lib/python3.6/site-packages/airflow/example_dags/example_external_task_marker_dag.py took 0.146 seconds
[2021-04-14 13:43:05,188] {scheduler_job.py:182} INFO - Started process (PID=855) to work on /home/airflow/.local/lib/python3.6/site-packages/airflow/example_dags/example_external_task_marker_dag.py
[2021-04-14 13:43:05,189] {scheduler_job.py:629} INFO - Processing file /home/airflow/.local/lib/python3.6/site-packages/airflow/example_dags/example_external_task_marker_dag.py for tasks to queue
[2021-04-14 13:43:05,190] {logging_mixin.py:104} INFO - [2021-04-14 13:43:05,190] {dagbag.py:448} INFO - Filling up the DagBag from /home/airflow/.local/lib/python3.6/site-packages/airflow/example_dags/example_external_task_marker_dag.py
[2021-04-14 13:43:05,205] {scheduler_job.py:639} INFO - DAG(s) dict_keys(['example_external_task_marker_parent', 'example_external_task_marker_child']) retrieved from /home/airflow/.local/lib/python3.6/site-packages/airflow/example_dags/example_external_task_marker_dag.py
[2021-04-14 13:43:05,241] {logging_mixin.py:104} INFO - [2021-04-14 13:43:05,240] {dag.py:1818} INFO - Sync 2 DAGs
[2021-04-14 13:43:05,260] {logging_mixin.py:104} INFO - [2021-04-14 13:43:05,260] {dag.py:2273} INFO - Setting next_dagrun for example_external_task_marker_child to None
[2021-04-14 13:43:05,262] {logging_mixin.py:104} INFO - [2021-04-14 13:43:05,261] {dag.py:2273} INFO - Setting next_dagrun for example_external_task_marker_parent to None
[2021-04-14 13:43:05,280] {scheduler_job.py:190} INFO - Processing /home/airflow/.local/lib/python3.6/site-packages/airflow/example_dags/example_external_task_marker_dag.py took 0.097 seconds
[2021-04-14 13:43:35,574] {scheduler_job.py:182} INFO - Started process (PID=881) to work on /home/airflow/.local/lib/python3.6/site-packages/airflow/example_dags/example_external_task_marker_dag.py
[2021-04-14 13:43:35,576] {scheduler_job.py:629} INFO - Processing file /home/airflow/.local/lib/python3.6/site-packages/airflow/example_dags/example_external_task_marker_dag.py for tasks to queue
[2021-04-14 13:43:35,577] {logging_mixin.py:104} INFO - [2021-04-14 13:43:35,577] {dagbag.py:448} INFO - Filling up the DagBag from /home/airflow/.local/lib/python3.6/site-packages/airflow/example_dags/example_external_task_marker_dag.py
[2021-04-14 13:43:35,602] {scheduler_job.py:639} INFO - DAG(s) dict_keys(['example_external_task_marker_parent', 'example_external_task_marker_child']) retrieved from /home/airflow/.local/lib/python3.6/site-packages/airflow/example_dags/example_external_task_marker_dag.py
[2021-04-14 13:43:35,650] {logging_mixin.py:104} INFO - [2021-04-14 13:43:35,650] {dag.py:1818} INFO - Sync 2 DAGs
[2021-04-14 13:43:35,678] {logging_mixin.py:104} INFO - [2021-04-14 13:43:35,678] {dag.py:2273} INFO - Setting next_dagrun for example_external_task_marker_child to None
[2021-04-14 13:43:35,681] {logging_mixin.py:104} INFO - [2021-04-14 13:43:35,680] {dag.py:2273} INFO - Setting next_dagrun for example_external_task_marker_parent to None
[2021-04-14 13:43:35,705] {scheduler_job.py:190} INFO - Processing /home/airflow/.local/lib/python3.6/site-packages/airflow/example_dags/example_external_task_marker_dag.py took 0.136 seconds
[2021-04-14 13:44:06,184] {scheduler_job.py:182} INFO - Started process (PID=907) to work on /home/airflow/.local/lib/python3.6/site-packages/airflow/example_dags/example_external_task_marker_dag.py
[2021-04-14 13:44:06,187] {scheduler_job.py:629} INFO - Processing file /home/airflow/.local/lib/python3.6/site-packages/airflow/example_dags/example_external_task_marker_dag.py for tasks to queue
[2021-04-14 13:44:06,188] {logging_mixin.py:104} INFO - [2021-04-14 13:44:06,188] {dagbag.py:448} INFO - Filling up the DagBag from /home/airflow/.local/lib/python3.6/site-packages/airflow/example_dags/example_external_task_marker_dag.py
[2021-04-14 13:44:06,208] {scheduler_job.py:639} INFO - DAG(s) dict_keys(['example_external_task_marker_parent', 'example_external_task_marker_child']) retrieved from /home/airflow/.local/lib/python3.6/site-packages/airflow/example_dags/example_external_task_marker_dag.py
[2021-04-14 13:44:06,244] {logging_mixin.py:104} INFO - [2021-04-14 13:44:06,244] {dag.py:1818} INFO - Sync 2 DAGs
[2021-04-14 13:44:06,269] {logging_mixin.py:104} INFO - [2021-04-14 13:44:06,268] {dag.py:2273} INFO - Setting next_dagrun for example_external_task_marker_child to None
[2021-04-14 13:44:06,271] {logging_mixin.py:104} INFO - [2021-04-14 13:44:06,271] {dag.py:2273} INFO - Setting next_dagrun for example_external_task_marker_parent to None
[2021-04-14 13:44:06,290] {scheduler_job.py:190} INFO - Processing /home/airflow/.local/lib/python3.6/site-packages/airflow/example_dags/example_external_task_marker_dag.py took 0.111 seconds
[2021-04-14 13:44:36,670] {scheduler_job.py:182} INFO - Started process (PID=933) to work on /home/airflow/.local/lib/python3.6/site-packages/airflow/example_dags/example_external_task_marker_dag.py
[2021-04-14 13:44:36,672] {scheduler_job.py:629} INFO - Processing file /home/airflow/.local/lib/python3.6/site-packages/airflow/example_dags/example_external_task_marker_dag.py for tasks to queue
[2021-04-14 13:44:36,673] {logging_mixin.py:104} INFO - [2021-04-14 13:44:36,673] {dagbag.py:448} INFO - Filling up the DagBag from /home/airflow/.local/lib/python3.6/site-packages/airflow/example_dags/example_external_task_marker_dag.py
[2021-04-14 13:44:36,697] {scheduler_job.py:639} INFO - DAG(s) dict_keys(['example_external_task_marker_parent', 'example_external_task_marker_child']) retrieved from /home/airflow/.local/lib/python3.6/site-packages/airflow/example_dags/example_external_task_marker_dag.py
[2021-04-14 13:44:36,741] {logging_mixin.py:104} INFO - [2021-04-14 13:44:36,740] {dag.py:1818} INFO - Sync 2 DAGs
[2021-04-14 13:44:36,773] {logging_mixin.py:104} INFO - [2021-04-14 13:44:36,773] {dag.py:2273} INFO - Setting next_dagrun for example_external_task_marker_child to None
[2021-04-14 13:44:36,775] {logging_mixin.py:104} INFO - [2021-04-14 13:44:36,774] {dag.py:2273} INFO - Setting next_dagrun for example_external_task_marker_parent to None
[2021-04-14 13:44:36,792] {scheduler_job.py:190} INFO - Processing /home/airflow/.local/lib/python3.6/site-packages/airflow/example_dags/example_external_task_marker_dag.py took 0.126 seconds
[2021-04-14 13:45:07,099] {scheduler_job.py:182} INFO - Started process (PID=959) to work on /home/airflow/.local/lib/python3.6/site-packages/airflow/example_dags/example_external_task_marker_dag.py
[2021-04-14 13:45:07,101] {scheduler_job.py:629} INFO - Processing file /home/airflow/.local/lib/python3.6/site-packages/airflow/example_dags/example_external_task_marker_dag.py for tasks to queue
[2021-04-14 13:45:07,102] {logging_mixin.py:104} INFO - [2021-04-14 13:45:07,102] {dagbag.py:448} INFO - Filling up the DagBag from /home/airflow/.local/lib/python3.6/site-packages/airflow/example_dags/example_external_task_marker_dag.py
[2021-04-14 13:45:07,118] {scheduler_job.py:639} INFO - DAG(s) dict_keys(['example_external_task_marker_parent', 'example_external_task_marker_child']) retrieved from /home/airflow/.local/lib/python3.6/site-packages/airflow/example_dags/example_external_task_marker_dag.py
[2021-04-14 13:45:07,154] {logging_mixin.py:104} INFO - [2021-04-14 13:45:07,154] {dag.py:1818} INFO - Sync 2 DAGs
[2021-04-14 13:45:07,179] {logging_mixin.py:104} INFO - [2021-04-14 13:45:07,179] {dag.py:2273} INFO - Setting next_dagrun for example_external_task_marker_child to None
[2021-04-14 13:45:07,180] {logging_mixin.py:104} INFO - [2021-04-14 13:45:07,180] {dag.py:2273} INFO - Setting next_dagrun for example_external_task_marker_parent to None
[2021-04-14 13:45:07,195] {scheduler_job.py:190} INFO - Processing /home/airflow/.local/lib/python3.6/site-packages/airflow/example_dags/example_external_task_marker_dag.py took 0.101 seconds
[2021-04-14 13:45:37,450] {scheduler_job.py:182} INFO - Started process (PID=985) to work on /home/airflow/.local/lib/python3.6/site-packages/airflow/example_dags/example_external_task_marker_dag.py
[2021-04-14 13:45:37,452] {scheduler_job.py:629} INFO - Processing file /home/airflow/.local/lib/python3.6/site-packages/airflow/example_dags/example_external_task_marker_dag.py for tasks to queue
[2021-04-14 13:45:37,453] {logging_mixin.py:104} INFO - [2021-04-14 13:45:37,453] {dagbag.py:448} INFO - Filling up the DagBag from /home/airflow/.local/lib/python3.6/site-packages/airflow/example_dags/example_external_task_marker_dag.py
[2021-04-14 13:45:37,468] {scheduler_job.py:639} INFO - DAG(s) dict_keys(['example_external_task_marker_parent', 'example_external_task_marker_child']) retrieved from /home/airflow/.local/lib/python3.6/site-packages/airflow/example_dags/example_external_task_marker_dag.py
[2021-04-14 13:45:37,503] {logging_mixin.py:104} INFO - [2021-04-14 13:45:37,503] {dag.py:1818} INFO - Sync 2 DAGs
[2021-04-14 13:45:37,531] {logging_mixin.py:104} INFO - [2021-04-14 13:45:37,530] {dag.py:2273} INFO - Setting next_dagrun for example_external_task_marker_child to None
[2021-04-14 13:45:37,532] {logging_mixin.py:104} INFO - [2021-04-14 13:45:37,532] {dag.py:2273} INFO - Setting next_dagrun for example_external_task_marker_parent to None
[2021-04-14 13:45:37,548] {scheduler_job.py:190} INFO - Processing /home/airflow/.local/lib/python3.6/site-packages/airflow/example_dags/example_external_task_marker_dag.py took 0.102 seconds
[2021-04-14 13:46:07,805] {scheduler_job.py:182} INFO - Started process (PID=1011) to work on /home/airflow/.local/lib/python3.6/site-packages/airflow/example_dags/example_external_task_marker_dag.py
[2021-04-14 13:46:07,806] {scheduler_job.py:629} INFO - Processing file /home/airflow/.local/lib/python3.6/site-packages/airflow/example_dags/example_external_task_marker_dag.py for tasks to queue
[2021-04-14 13:46:07,807] {logging_mixin.py:104} INFO - [2021-04-14 13:46:07,807] {dagbag.py:448} INFO - Filling up the DagBag from /home/airflow/.local/lib/python3.6/site-packages/airflow/example_dags/example_external_task_marker_dag.py
[2021-04-14 13:46:07,821] {scheduler_job.py:639} INFO - DAG(s) dict_keys(['example_external_task_marker_parent', 'example_external_task_marker_child']) retrieved from /home/airflow/.local/lib/python3.6/site-packages/airflow/example_dags/example_external_task_marker_dag.py
[2021-04-14 13:46:07,854] {logging_mixin.py:104} INFO - [2021-04-14 13:46:07,854] {dag.py:1818} INFO - Sync 2 DAGs
[2021-04-14 13:46:07,874] {logging_mixin.py:104} INFO - [2021-04-14 13:46:07,874] {dag.py:2273} INFO - Setting next_dagrun for example_external_task_marker_child to None
[2021-04-14 13:46:07,876] {logging_mixin.py:104} INFO - [2021-04-14 13:46:07,876] {dag.py:2273} INFO - Setting next_dagrun for example_external_task_marker_parent to None
[2021-04-14 13:46:07,891] {scheduler_job.py:190} INFO - Processing /home/airflow/.local/lib/python3.6/site-packages/airflow/example_dags/example_external_task_marker_dag.py took 0.089 seconds
[2021-04-14 13:46:38,267] {scheduler_job.py:182} INFO - Started process (PID=1037) to work on /home/airflow/.local/lib/python3.6/site-packages/airflow/example_dags/example_external_task_marker_dag.py
[2021-04-14 13:46:38,268] {scheduler_job.py:629} INFO - Processing file /home/airflow/.local/lib/python3.6/site-packages/airflow/example_dags/example_external_task_marker_dag.py for tasks to queue
[2021-04-14 13:46:38,269] {logging_mixin.py:104} INFO - [2021-04-14 13:46:38,269] {dagbag.py:448} INFO - Filling up the DagBag from /home/airflow/.local/lib/python3.6/site-packages/airflow/example_dags/example_external_task_marker_dag.py
[2021-04-14 13:46:38,280] {scheduler_job.py:639} INFO - DAG(s) dict_keys(['example_external_task_marker_parent', 'example_external_task_marker_child']) retrieved from /home/airflow/.local/lib/python3.6/site-packages/airflow/example_dags/example_external_task_marker_dag.py
[2021-04-14 13:46:38,308] {logging_mixin.py:104} INFO - [2021-04-14 13:46:38,308] {dag.py:1818} INFO - Sync 2 DAGs
[2021-04-14 13:46:38,323] {logging_mixin.py:104} INFO - [2021-04-14 13:46:38,323] {dag.py:2273} INFO - Setting next_dagrun for example_external_task_marker_child to None
[2021-04-14 13:46:38,325] {logging_mixin.py:104} INFO - [2021-04-14 13:46:38,325] {dag.py:2273} INFO - Setting next_dagrun for example_external_task_marker_parent to None
[2021-04-14 13:46:38,338] {scheduler_job.py:190} INFO - Processing /home/airflow/.local/lib/python3.6/site-packages/airflow/example_dags/example_external_task_marker_dag.py took 0.075 seconds
[2021-04-14 13:47:08,642] {scheduler_job.py:182} INFO - Started process (PID=1063) to work on /home/airflow/.local/lib/python3.6/site-packages/airflow/example_dags/example_external_task_marker_dag.py
[2021-04-14 13:47:08,644] {scheduler_job.py:629} INFO - Processing file /home/airflow/.local/lib/python3.6/site-packages/airflow/example_dags/example_external_task_marker_dag.py for tasks to queue
[2021-04-14 13:47:08,645] {logging_mixin.py:104} INFO - [2021-04-14 13:47:08,645] {dagbag.py:448} INFO - Filling up the DagBag from /home/airflow/.local/lib/python3.6/site-packages/airflow/example_dags/example_external_task_marker_dag.py
[2021-04-14 13:47:08,656] {scheduler_job.py:639} INFO - DAG(s) dict_keys(['example_external_task_marker_parent', 'example_external_task_marker_child']) retrieved from /home/airflow/.local/lib/python3.6/site-packages/airflow/example_dags/example_external_task_marker_dag.py
[2021-04-14 13:47:08,685] {logging_mixin.py:104} INFO - [2021-04-14 13:47:08,685] {dag.py:1818} INFO - Sync 2 DAGs
[2021-04-14 13:47:08,704] {logging_mixin.py:104} INFO - [2021-04-14 13:47:08,704] {dag.py:2273} INFO - Setting next_dagrun for example_external_task_marker_child to None
[2021-04-14 13:47:08,705] {logging_mixin.py:104} INFO - [2021-04-14 13:47:08,705] {dag.py:2273} INFO - Setting next_dagrun for example_external_task_marker_parent to None
[2021-04-14 13:47:08,721] {scheduler_job.py:190} INFO - Processing /home/airflow/.local/lib/python3.6/site-packages/airflow/example_dags/example_external_task_marker_dag.py took 0.083 seconds
[2021-04-14 13:47:38,950] {scheduler_job.py:182} INFO - Started process (PID=1089) to work on /home/airflow/.local/lib/python3.6/site-packages/airflow/example_dags/example_external_task_marker_dag.py
[2021-04-14 13:47:38,952] {scheduler_job.py:629} INFO - Processing file /home/airflow/.local/lib/python3.6/site-packages/airflow/example_dags/example_external_task_marker_dag.py for tasks to queue
[2021-04-14 13:47:38,953] {logging_mixin.py:104} INFO - [2021-04-14 13:47:38,953] {dagbag.py:448} INFO - Filling up the DagBag from /home/airflow/.local/lib/python3.6/site-packages/airflow/example_dags/example_external_task_marker_dag.py
[2021-04-14 13:47:38,966] {scheduler_job.py:639} INFO - DAG(s) dict_keys(['example_external_task_marker_parent', 'example_external_task_marker_child']) retrieved from /home/airflow/.local/lib/python3.6/site-packages/airflow/example_dags/example_external_task_marker_dag.py
[2021-04-14 13:47:38,997] {logging_mixin.py:104} INFO - [2021-04-14 13:47:38,997] {dag.py:1818} INFO - Sync 2 DAGs
[2021-04-14 13:47:39,015] {logging_mixin.py:104} INFO - [2021-04-14 13:47:39,015] {dag.py:2273} INFO - Setting next_dagrun for example_external_task_marker_child to None
[2021-04-14 13:47:39,016] {logging_mixin.py:104} INFO - [2021-04-14 13:47:39,016] {dag.py:2273} INFO - Setting next_dagrun for example_external_task_marker_parent to None
[2021-04-14 13:47:39,031] {scheduler_job.py:190} INFO - Processing /home/airflow/.local/lib/python3.6/site-packages/airflow/example_dags/example_external_task_marker_dag.py took 0.083 seconds
[2021-04-14 13:48:09,440] {scheduler_job.py:182} INFO - Started process (PID=1115) to work on /home/airflow/.local/lib/python3.6/site-packages/airflow/example_dags/example_external_task_marker_dag.py
[2021-04-14 13:48:09,445] {scheduler_job.py:629} INFO - Processing file /home/airflow/.local/lib/python3.6/site-packages/airflow/example_dags/example_external_task_marker_dag.py for tasks to queue
[2021-04-14 13:48:09,449] {logging_mixin.py:104} INFO - [2021-04-14 13:48:09,449] {dagbag.py:448} INFO - Filling up the DagBag from /home/airflow/.local/lib/python3.6/site-packages/airflow/example_dags/example_external_task_marker_dag.py
[2021-04-14 13:48:09,469] {scheduler_job.py:639} INFO - DAG(s) dict_keys(['example_external_task_marker_parent', 'example_external_task_marker_child']) retrieved from /home/airflow/.local/lib/python3.6/site-packages/airflow/example_dags/example_external_task_marker_dag.py
[2021-04-14 13:48:09,509] {logging_mixin.py:104} INFO - [2021-04-14 13:48:09,509] {dag.py:1818} INFO - Sync 2 DAGs
[2021-04-14 13:48:09,532] {logging_mixin.py:104} INFO - [2021-04-14 13:48:09,532] {dag.py:2273} INFO - Setting next_dagrun for example_external_task_marker_child to None
[2021-04-14 13:48:09,534] {logging_mixin.py:104} INFO - [2021-04-14 13:48:09,534] {dag.py:2273} INFO - Setting next_dagrun for example_external_task_marker_parent to None
[2021-04-14 13:48:09,680] {scheduler_job.py:190} INFO - Processing /home/airflow/.local/lib/python3.6/site-packages/airflow/example_dags/example_external_task_marker_dag.py took 0.244 seconds
[2021-04-14 13:48:40,326] {scheduler_job.py:182} INFO - Started process (PID=1141) to work on /home/airflow/.local/lib/python3.6/site-packages/airflow/example_dags/example_external_task_marker_dag.py
[2021-04-14 13:48:40,328] {scheduler_job.py:629} INFO - Processing file /home/airflow/.local/lib/python3.6/site-packages/airflow/example_dags/example_external_task_marker_dag.py for tasks to queue
[2021-04-14 13:48:40,335] {logging_mixin.py:104} INFO - [2021-04-14 13:48:40,335] {dagbag.py:448} INFO - Filling up the DagBag from /home/airflow/.local/lib/python3.6/site-packages/airflow/example_dags/example_external_task_marker_dag.py
[2021-04-14 13:48:40,378] {scheduler_job.py:639} INFO - DAG(s) dict_keys(['example_external_task_marker_parent', 'example_external_task_marker_child']) retrieved from /home/airflow/.local/lib/python3.6/site-packages/airflow/example_dags/example_external_task_marker_dag.py
[2021-04-14 13:48:40,475] {logging_mixin.py:104} INFO - [2021-04-14 13:48:40,475] {dag.py:1818} INFO - Sync 2 DAGs
[2021-04-14 13:48:40,523] {logging_mixin.py:104} INFO - [2021-04-14 13:48:40,522] {dag.py:2273} INFO - Setting next_dagrun for example_external_task_marker_child to None
[2021-04-14 13:48:40,527] {logging_mixin.py:104} INFO - [2021-04-14 13:48:40,527] {dag.py:2273} INFO - Setting next_dagrun for example_external_task_marker_parent to None
[2021-04-14 13:48:40,559] {scheduler_job.py:190} INFO - Processing /home/airflow/.local/lib/python3.6/site-packages/airflow/example_dags/example_external_task_marker_dag.py took 0.249 seconds
