[2021-04-14 13:27:51,120] {scheduler_job.py:182} INFO - Started process (PID=47) to work on /home/airflow/.local/lib/python3.6/site-packages/airflow/example_dags/example_python_operator.py
[2021-04-14 13:27:51,131] {scheduler_job.py:629} INFO - Processing file /home/airflow/.local/lib/python3.6/site-packages/airflow/example_dags/example_python_operator.py for tasks to queue
[2021-04-14 13:27:51,145] {logging_mixin.py:104} INFO - [2021-04-14 13:27:51,144] {dagbag.py:448} INFO - Filling up the DagBag from /home/airflow/.local/lib/python3.6/site-packages/airflow/example_dags/example_python_operator.py
[2021-04-14 13:27:51,192] {scheduler_job.py:639} INFO - DAG(s) dict_keys(['example_python_operator']) retrieved from /home/airflow/.local/lib/python3.6/site-packages/airflow/example_dags/example_python_operator.py
[2021-04-14 13:27:51,248] {logging_mixin.py:104} INFO - [2021-04-14 13:27:51,248] {dag.py:1818} INFO - Sync 1 DAGs
[2021-04-14 13:27:51,278] {logging_mixin.py:104} INFO - [2021-04-14 13:27:51,278] {dag.py:2273} INFO - Setting next_dagrun for example_python_operator to None
[2021-04-14 13:27:51,302] {scheduler_job.py:190} INFO - Processing /home/airflow/.local/lib/python3.6/site-packages/airflow/example_dags/example_python_operator.py took 0.189 seconds
[2021-04-14 13:28:23,773] {scheduler_job.py:182} INFO - Started process (PID=94) to work on /home/airflow/.local/lib/python3.6/site-packages/airflow/example_dags/example_python_operator.py
[2021-04-14 13:28:23,779] {scheduler_job.py:629} INFO - Processing file /home/airflow/.local/lib/python3.6/site-packages/airflow/example_dags/example_python_operator.py for tasks to queue
[2021-04-14 13:28:23,794] {logging_mixin.py:104} INFO - [2021-04-14 13:28:23,793] {dagbag.py:448} INFO - Filling up the DagBag from /home/airflow/.local/lib/python3.6/site-packages/airflow/example_dags/example_python_operator.py
[2021-04-14 13:28:23,886] {scheduler_job.py:639} INFO - DAG(s) dict_keys(['example_python_operator']) retrieved from /home/airflow/.local/lib/python3.6/site-packages/airflow/example_dags/example_python_operator.py
[2021-04-14 13:28:24,068] {logging_mixin.py:104} INFO - [2021-04-14 13:28:24,068] {dag.py:1818} INFO - Sync 1 DAGs
[2021-04-14 13:28:24,175] {logging_mixin.py:104} INFO - [2021-04-14 13:28:24,175] {dag.py:2273} INFO - Setting next_dagrun for example_python_operator to None
[2021-04-14 13:28:24,264] {scheduler_job.py:190} INFO - Processing /home/airflow/.local/lib/python3.6/site-packages/airflow/example_dags/example_python_operator.py took 0.514 seconds
[2021-04-14 13:28:54,546] {scheduler_job.py:182} INFO - Started process (PID=125) to work on /home/airflow/.local/lib/python3.6/site-packages/airflow/example_dags/example_python_operator.py
[2021-04-14 13:28:54,548] {scheduler_job.py:629} INFO - Processing file /home/airflow/.local/lib/python3.6/site-packages/airflow/example_dags/example_python_operator.py for tasks to queue
[2021-04-14 13:28:54,549] {logging_mixin.py:104} INFO - [2021-04-14 13:28:54,549] {dagbag.py:448} INFO - Filling up the DagBag from /home/airflow/.local/lib/python3.6/site-packages/airflow/example_dags/example_python_operator.py
[2021-04-14 13:28:54,561] {scheduler_job.py:639} INFO - DAG(s) dict_keys(['example_python_operator']) retrieved from /home/airflow/.local/lib/python3.6/site-packages/airflow/example_dags/example_python_operator.py
[2021-04-14 13:28:54,582] {logging_mixin.py:104} INFO - [2021-04-14 13:28:54,581] {dag.py:1818} INFO - Sync 1 DAGs
[2021-04-14 13:28:54,596] {logging_mixin.py:104} INFO - [2021-04-14 13:28:54,596] {dag.py:2273} INFO - Setting next_dagrun for example_python_operator to None
[2021-04-14 13:28:54,606] {scheduler_job.py:190} INFO - Processing /home/airflow/.local/lib/python3.6/site-packages/airflow/example_dags/example_python_operator.py took 0.062 seconds
[2021-04-14 13:29:24,693] {scheduler_job.py:182} INFO - Started process (PID=151) to work on /home/airflow/.local/lib/python3.6/site-packages/airflow/example_dags/example_python_operator.py
[2021-04-14 13:29:24,694] {scheduler_job.py:629} INFO - Processing file /home/airflow/.local/lib/python3.6/site-packages/airflow/example_dags/example_python_operator.py for tasks to queue
[2021-04-14 13:29:24,695] {logging_mixin.py:104} INFO - [2021-04-14 13:29:24,695] {dagbag.py:448} INFO - Filling up the DagBag from /home/airflow/.local/lib/python3.6/site-packages/airflow/example_dags/example_python_operator.py
[2021-04-14 13:29:24,707] {scheduler_job.py:639} INFO - DAG(s) dict_keys(['example_python_operator']) retrieved from /home/airflow/.local/lib/python3.6/site-packages/airflow/example_dags/example_python_operator.py
[2021-04-14 13:29:24,727] {logging_mixin.py:104} INFO - [2021-04-14 13:29:24,727] {dag.py:1818} INFO - Sync 1 DAGs
[2021-04-14 13:29:24,740] {logging_mixin.py:104} INFO - [2021-04-14 13:29:24,740] {dag.py:2273} INFO - Setting next_dagrun for example_python_operator to None
[2021-04-14 13:29:24,750] {scheduler_job.py:190} INFO - Processing /home/airflow/.local/lib/python3.6/site-packages/airflow/example_dags/example_python_operator.py took 0.060 seconds
[2021-04-14 13:29:54,866] {scheduler_job.py:182} INFO - Started process (PID=177) to work on /home/airflow/.local/lib/python3.6/site-packages/airflow/example_dags/example_python_operator.py
[2021-04-14 13:29:54,867] {scheduler_job.py:629} INFO - Processing file /home/airflow/.local/lib/python3.6/site-packages/airflow/example_dags/example_python_operator.py for tasks to queue
[2021-04-14 13:29:54,868] {logging_mixin.py:104} INFO - [2021-04-14 13:29:54,868] {dagbag.py:448} INFO - Filling up the DagBag from /home/airflow/.local/lib/python3.6/site-packages/airflow/example_dags/example_python_operator.py
[2021-04-14 13:29:54,881] {scheduler_job.py:639} INFO - DAG(s) dict_keys(['example_python_operator']) retrieved from /home/airflow/.local/lib/python3.6/site-packages/airflow/example_dags/example_python_operator.py
[2021-04-14 13:29:54,901] {logging_mixin.py:104} INFO - [2021-04-14 13:29:54,901] {dag.py:1818} INFO - Sync 1 DAGs
[2021-04-14 13:29:54,917] {logging_mixin.py:104} INFO - [2021-04-14 13:29:54,917] {dag.py:2273} INFO - Setting next_dagrun for example_python_operator to None
[2021-04-14 13:29:54,927] {scheduler_job.py:190} INFO - Processing /home/airflow/.local/lib/python3.6/site-packages/airflow/example_dags/example_python_operator.py took 0.065 seconds
[2021-04-14 13:30:25,019] {scheduler_job.py:182} INFO - Started process (PID=204) to work on /home/airflow/.local/lib/python3.6/site-packages/airflow/example_dags/example_python_operator.py
[2021-04-14 13:30:25,021] {scheduler_job.py:629} INFO - Processing file /home/airflow/.local/lib/python3.6/site-packages/airflow/example_dags/example_python_operator.py for tasks to queue
[2021-04-14 13:30:25,022] {logging_mixin.py:104} INFO - [2021-04-14 13:30:25,022] {dagbag.py:448} INFO - Filling up the DagBag from /home/airflow/.local/lib/python3.6/site-packages/airflow/example_dags/example_python_operator.py
[2021-04-14 13:30:25,033] {scheduler_job.py:639} INFO - DAG(s) dict_keys(['example_python_operator']) retrieved from /home/airflow/.local/lib/python3.6/site-packages/airflow/example_dags/example_python_operator.py
[2021-04-14 13:30:25,053] {logging_mixin.py:104} INFO - [2021-04-14 13:30:25,053] {dag.py:1818} INFO - Sync 1 DAGs
[2021-04-14 13:30:25,067] {logging_mixin.py:104} INFO - [2021-04-14 13:30:25,067] {dag.py:2273} INFO - Setting next_dagrun for example_python_operator to None
[2021-04-14 13:30:25,076] {scheduler_job.py:190} INFO - Processing /home/airflow/.local/lib/python3.6/site-packages/airflow/example_dags/example_python_operator.py took 0.060 seconds
[2021-04-14 13:30:55,246] {scheduler_job.py:182} INFO - Started process (PID=229) to work on /home/airflow/.local/lib/python3.6/site-packages/airflow/example_dags/example_python_operator.py
[2021-04-14 13:30:55,248] {scheduler_job.py:629} INFO - Processing file /home/airflow/.local/lib/python3.6/site-packages/airflow/example_dags/example_python_operator.py for tasks to queue
[2021-04-14 13:30:55,249] {logging_mixin.py:104} INFO - [2021-04-14 13:30:55,249] {dagbag.py:448} INFO - Filling up the DagBag from /home/airflow/.local/lib/python3.6/site-packages/airflow/example_dags/example_python_operator.py
[2021-04-14 13:30:55,270] {scheduler_job.py:639} INFO - DAG(s) dict_keys(['example_python_operator']) retrieved from /home/airflow/.local/lib/python3.6/site-packages/airflow/example_dags/example_python_operator.py
[2021-04-14 13:30:55,307] {logging_mixin.py:104} INFO - [2021-04-14 13:30:55,306] {dag.py:1818} INFO - Sync 1 DAGs
[2021-04-14 13:30:55,326] {logging_mixin.py:104} INFO - [2021-04-14 13:30:55,326] {dag.py:2273} INFO - Setting next_dagrun for example_python_operator to None
[2021-04-14 13:30:55,338] {scheduler_job.py:190} INFO - Processing /home/airflow/.local/lib/python3.6/site-packages/airflow/example_dags/example_python_operator.py took 0.096 seconds
[2021-04-14 13:31:25,662] {scheduler_job.py:182} INFO - Started process (PID=255) to work on /home/airflow/.local/lib/python3.6/site-packages/airflow/example_dags/example_python_operator.py
[2021-04-14 13:31:25,664] {scheduler_job.py:629} INFO - Processing file /home/airflow/.local/lib/python3.6/site-packages/airflow/example_dags/example_python_operator.py for tasks to queue
[2021-04-14 13:31:25,665] {logging_mixin.py:104} INFO - [2021-04-14 13:31:25,665] {dagbag.py:448} INFO - Filling up the DagBag from /home/airflow/.local/lib/python3.6/site-packages/airflow/example_dags/example_python_operator.py
[2021-04-14 13:31:25,684] {scheduler_job.py:639} INFO - DAG(s) dict_keys(['example_python_operator']) retrieved from /home/airflow/.local/lib/python3.6/site-packages/airflow/example_dags/example_python_operator.py
[2021-04-14 13:31:25,710] {logging_mixin.py:104} INFO - [2021-04-14 13:31:25,710] {dag.py:1818} INFO - Sync 1 DAGs
[2021-04-14 13:31:25,730] {logging_mixin.py:104} INFO - [2021-04-14 13:31:25,730] {dag.py:2273} INFO - Setting next_dagrun for example_python_operator to None
[2021-04-14 13:31:25,741] {scheduler_job.py:190} INFO - Processing /home/airflow/.local/lib/python3.6/site-packages/airflow/example_dags/example_python_operator.py took 0.083 seconds
[2021-04-14 13:31:55,963] {scheduler_job.py:182} INFO - Started process (PID=281) to work on /home/airflow/.local/lib/python3.6/site-packages/airflow/example_dags/example_python_operator.py
[2021-04-14 13:31:55,964] {scheduler_job.py:629} INFO - Processing file /home/airflow/.local/lib/python3.6/site-packages/airflow/example_dags/example_python_operator.py for tasks to queue
[2021-04-14 13:31:55,965] {logging_mixin.py:104} INFO - [2021-04-14 13:31:55,965] {dagbag.py:448} INFO - Filling up the DagBag from /home/airflow/.local/lib/python3.6/site-packages/airflow/example_dags/example_python_operator.py
[2021-04-14 13:31:55,983] {scheduler_job.py:639} INFO - DAG(s) dict_keys(['example_python_operator']) retrieved from /home/airflow/.local/lib/python3.6/site-packages/airflow/example_dags/example_python_operator.py
[2021-04-14 13:31:56,009] {logging_mixin.py:104} INFO - [2021-04-14 13:31:56,009] {dag.py:1818} INFO - Sync 1 DAGs
[2021-04-14 13:31:56,030] {logging_mixin.py:104} INFO - [2021-04-14 13:31:56,030] {dag.py:2273} INFO - Setting next_dagrun for example_python_operator to None
[2021-04-14 13:31:56,046] {scheduler_job.py:190} INFO - Processing /home/airflow/.local/lib/python3.6/site-packages/airflow/example_dags/example_python_operator.py took 0.087 seconds
[2021-04-14 13:32:26,259] {scheduler_job.py:182} INFO - Started process (PID=307) to work on /home/airflow/.local/lib/python3.6/site-packages/airflow/example_dags/example_python_operator.py
[2021-04-14 13:32:26,260] {scheduler_job.py:629} INFO - Processing file /home/airflow/.local/lib/python3.6/site-packages/airflow/example_dags/example_python_operator.py for tasks to queue
[2021-04-14 13:32:26,261] {logging_mixin.py:104} INFO - [2021-04-14 13:32:26,261] {dagbag.py:448} INFO - Filling up the DagBag from /home/airflow/.local/lib/python3.6/site-packages/airflow/example_dags/example_python_operator.py
[2021-04-14 13:32:26,278] {scheduler_job.py:639} INFO - DAG(s) dict_keys(['example_python_operator']) retrieved from /home/airflow/.local/lib/python3.6/site-packages/airflow/example_dags/example_python_operator.py
[2021-04-14 13:32:26,303] {logging_mixin.py:104} INFO - [2021-04-14 13:32:26,303] {dag.py:1818} INFO - Sync 1 DAGs
[2021-04-14 13:32:26,323] {logging_mixin.py:104} INFO - [2021-04-14 13:32:26,322] {dag.py:2273} INFO - Setting next_dagrun for example_python_operator to None
[2021-04-14 13:32:26,333] {scheduler_job.py:190} INFO - Processing /home/airflow/.local/lib/python3.6/site-packages/airflow/example_dags/example_python_operator.py took 0.079 seconds
[2021-04-14 13:32:56,466] {scheduler_job.py:182} INFO - Started process (PID=333) to work on /home/airflow/.local/lib/python3.6/site-packages/airflow/example_dags/example_python_operator.py
[2021-04-14 13:32:56,468] {scheduler_job.py:629} INFO - Processing file /home/airflow/.local/lib/python3.6/site-packages/airflow/example_dags/example_python_operator.py for tasks to queue
[2021-04-14 13:32:56,469] {logging_mixin.py:104} INFO - [2021-04-14 13:32:56,469] {dagbag.py:448} INFO - Filling up the DagBag from /home/airflow/.local/lib/python3.6/site-packages/airflow/example_dags/example_python_operator.py
[2021-04-14 13:32:56,482] {scheduler_job.py:639} INFO - DAG(s) dict_keys(['example_python_operator']) retrieved from /home/airflow/.local/lib/python3.6/site-packages/airflow/example_dags/example_python_operator.py
[2021-04-14 13:32:56,505] {logging_mixin.py:104} INFO - [2021-04-14 13:32:56,504] {dag.py:1818} INFO - Sync 1 DAGs
[2021-04-14 13:32:56,522] {logging_mixin.py:104} INFO - [2021-04-14 13:32:56,522] {dag.py:2273} INFO - Setting next_dagrun for example_python_operator to None
[2021-04-14 13:32:56,534] {scheduler_job.py:190} INFO - Processing /home/airflow/.local/lib/python3.6/site-packages/airflow/example_dags/example_python_operator.py took 0.071 seconds
[2021-04-14 13:33:26,603] {scheduler_job.py:182} INFO - Started process (PID=360) to work on /home/airflow/.local/lib/python3.6/site-packages/airflow/example_dags/example_python_operator.py
[2021-04-14 13:33:26,604] {scheduler_job.py:629} INFO - Processing file /home/airflow/.local/lib/python3.6/site-packages/airflow/example_dags/example_python_operator.py for tasks to queue
[2021-04-14 13:33:26,605] {logging_mixin.py:104} INFO - [2021-04-14 13:33:26,605] {dagbag.py:448} INFO - Filling up the DagBag from /home/airflow/.local/lib/python3.6/site-packages/airflow/example_dags/example_python_operator.py
[2021-04-14 13:33:26,618] {scheduler_job.py:639} INFO - DAG(s) dict_keys(['example_python_operator']) retrieved from /home/airflow/.local/lib/python3.6/site-packages/airflow/example_dags/example_python_operator.py
[2021-04-14 13:33:26,639] {logging_mixin.py:104} INFO - [2021-04-14 13:33:26,639] {dag.py:1818} INFO - Sync 1 DAGs
[2021-04-14 13:33:26,657] {logging_mixin.py:104} INFO - [2021-04-14 13:33:26,657] {dag.py:2273} INFO - Setting next_dagrun for example_python_operator to None
[2021-04-14 13:33:26,669] {scheduler_job.py:190} INFO - Processing /home/airflow/.local/lib/python3.6/site-packages/airflow/example_dags/example_python_operator.py took 0.069 seconds
[2021-04-14 13:33:56,834] {scheduler_job.py:182} INFO - Started process (PID=385) to work on /home/airflow/.local/lib/python3.6/site-packages/airflow/example_dags/example_python_operator.py
[2021-04-14 13:33:56,835] {scheduler_job.py:629} INFO - Processing file /home/airflow/.local/lib/python3.6/site-packages/airflow/example_dags/example_python_operator.py for tasks to queue
[2021-04-14 13:33:56,836] {logging_mixin.py:104} INFO - [2021-04-14 13:33:56,836] {dagbag.py:448} INFO - Filling up the DagBag from /home/airflow/.local/lib/python3.6/site-packages/airflow/example_dags/example_python_operator.py
[2021-04-14 13:33:56,850] {scheduler_job.py:639} INFO - DAG(s) dict_keys(['example_python_operator']) retrieved from /home/airflow/.local/lib/python3.6/site-packages/airflow/example_dags/example_python_operator.py
[2021-04-14 13:33:56,872] {logging_mixin.py:104} INFO - [2021-04-14 13:33:56,871] {dag.py:1818} INFO - Sync 1 DAGs
[2021-04-14 13:33:56,889] {logging_mixin.py:104} INFO - [2021-04-14 13:33:56,889] {dag.py:2273} INFO - Setting next_dagrun for example_python_operator to None
[2021-04-14 13:33:56,899] {scheduler_job.py:190} INFO - Processing /home/airflow/.local/lib/python3.6/site-packages/airflow/example_dags/example_python_operator.py took 0.068 seconds
[2021-04-14 13:34:27,187] {scheduler_job.py:182} INFO - Started process (PID=411) to work on /home/airflow/.local/lib/python3.6/site-packages/airflow/example_dags/example_python_operator.py
[2021-04-14 13:34:27,189] {scheduler_job.py:629} INFO - Processing file /home/airflow/.local/lib/python3.6/site-packages/airflow/example_dags/example_python_operator.py for tasks to queue
[2021-04-14 13:34:27,190] {logging_mixin.py:104} INFO - [2021-04-14 13:34:27,190] {dagbag.py:448} INFO - Filling up the DagBag from /home/airflow/.local/lib/python3.6/site-packages/airflow/example_dags/example_python_operator.py
[2021-04-14 13:34:27,206] {scheduler_job.py:639} INFO - DAG(s) dict_keys(['example_python_operator']) retrieved from /home/airflow/.local/lib/python3.6/site-packages/airflow/example_dags/example_python_operator.py
[2021-04-14 13:34:27,231] {logging_mixin.py:104} INFO - [2021-04-14 13:34:27,231] {dag.py:1818} INFO - Sync 1 DAGs
[2021-04-14 13:34:27,250] {logging_mixin.py:104} INFO - [2021-04-14 13:34:27,250] {dag.py:2273} INFO - Setting next_dagrun for example_python_operator to None
[2021-04-14 13:34:27,263] {scheduler_job.py:190} INFO - Processing /home/airflow/.local/lib/python3.6/site-packages/airflow/example_dags/example_python_operator.py took 0.080 seconds
[2021-04-14 13:34:57,535] {scheduler_job.py:182} INFO - Started process (PID=437) to work on /home/airflow/.local/lib/python3.6/site-packages/airflow/example_dags/example_python_operator.py
[2021-04-14 13:34:57,540] {scheduler_job.py:629} INFO - Processing file /home/airflow/.local/lib/python3.6/site-packages/airflow/example_dags/example_python_operator.py for tasks to queue
[2021-04-14 13:34:57,541] {logging_mixin.py:104} INFO - [2021-04-14 13:34:57,541] {dagbag.py:448} INFO - Filling up the DagBag from /home/airflow/.local/lib/python3.6/site-packages/airflow/example_dags/example_python_operator.py
[2021-04-14 13:34:57,560] {scheduler_job.py:639} INFO - DAG(s) dict_keys(['example_python_operator']) retrieved from /home/airflow/.local/lib/python3.6/site-packages/airflow/example_dags/example_python_operator.py
[2021-04-14 13:34:57,588] {logging_mixin.py:104} INFO - [2021-04-14 13:34:57,588] {dag.py:1818} INFO - Sync 1 DAGs
[2021-04-14 13:34:57,611] {logging_mixin.py:104} INFO - [2021-04-14 13:34:57,611] {dag.py:2273} INFO - Setting next_dagrun for example_python_operator to None
[2021-04-14 13:34:57,624] {scheduler_job.py:190} INFO - Processing /home/airflow/.local/lib/python3.6/site-packages/airflow/example_dags/example_python_operator.py took 0.094 seconds
[2021-04-14 13:35:27,922] {scheduler_job.py:182} INFO - Started process (PID=463) to work on /home/airflow/.local/lib/python3.6/site-packages/airflow/example_dags/example_python_operator.py
[2021-04-14 13:35:27,924] {scheduler_job.py:629} INFO - Processing file /home/airflow/.local/lib/python3.6/site-packages/airflow/example_dags/example_python_operator.py for tasks to queue
[2021-04-14 13:35:27,925] {logging_mixin.py:104} INFO - [2021-04-14 13:35:27,925] {dagbag.py:448} INFO - Filling up the DagBag from /home/airflow/.local/lib/python3.6/site-packages/airflow/example_dags/example_python_operator.py
[2021-04-14 13:35:27,945] {scheduler_job.py:639} INFO - DAG(s) dict_keys(['example_python_operator']) retrieved from /home/airflow/.local/lib/python3.6/site-packages/airflow/example_dags/example_python_operator.py
[2021-04-14 13:35:27,976] {logging_mixin.py:104} INFO - [2021-04-14 13:35:27,976] {dag.py:1818} INFO - Sync 1 DAGs
[2021-04-14 13:35:28,005] {logging_mixin.py:104} INFO - [2021-04-14 13:35:28,005] {dag.py:2273} INFO - Setting next_dagrun for example_python_operator to None
[2021-04-14 13:35:28,019] {scheduler_job.py:190} INFO - Processing /home/airflow/.local/lib/python3.6/site-packages/airflow/example_dags/example_python_operator.py took 0.102 seconds
[2021-04-14 13:35:58,188] {scheduler_job.py:182} INFO - Started process (PID=489) to work on /home/airflow/.local/lib/python3.6/site-packages/airflow/example_dags/example_python_operator.py
[2021-04-14 13:35:58,190] {scheduler_job.py:629} INFO - Processing file /home/airflow/.local/lib/python3.6/site-packages/airflow/example_dags/example_python_operator.py for tasks to queue
[2021-04-14 13:35:58,191] {logging_mixin.py:104} INFO - [2021-04-14 13:35:58,191] {dagbag.py:448} INFO - Filling up the DagBag from /home/airflow/.local/lib/python3.6/site-packages/airflow/example_dags/example_python_operator.py
[2021-04-14 13:35:58,209] {scheduler_job.py:639} INFO - DAG(s) dict_keys(['example_python_operator']) retrieved from /home/airflow/.local/lib/python3.6/site-packages/airflow/example_dags/example_python_operator.py
[2021-04-14 13:35:58,236] {logging_mixin.py:104} INFO - [2021-04-14 13:35:58,236] {dag.py:1818} INFO - Sync 1 DAGs
[2021-04-14 13:35:58,262] {logging_mixin.py:104} INFO - [2021-04-14 13:35:58,262] {dag.py:2273} INFO - Setting next_dagrun for example_python_operator to None
[2021-04-14 13:35:58,274] {scheduler_job.py:190} INFO - Processing /home/airflow/.local/lib/python3.6/site-packages/airflow/example_dags/example_python_operator.py took 0.090 seconds
[2021-04-14 13:36:28,511] {scheduler_job.py:182} INFO - Started process (PID=515) to work on /home/airflow/.local/lib/python3.6/site-packages/airflow/example_dags/example_python_operator.py
[2021-04-14 13:36:28,512] {scheduler_job.py:629} INFO - Processing file /home/airflow/.local/lib/python3.6/site-packages/airflow/example_dags/example_python_operator.py for tasks to queue
[2021-04-14 13:36:28,514] {logging_mixin.py:104} INFO - [2021-04-14 13:36:28,514] {dagbag.py:448} INFO - Filling up the DagBag from /home/airflow/.local/lib/python3.6/site-packages/airflow/example_dags/example_python_operator.py
[2021-04-14 13:36:28,530] {scheduler_job.py:639} INFO - DAG(s) dict_keys(['example_python_operator']) retrieved from /home/airflow/.local/lib/python3.6/site-packages/airflow/example_dags/example_python_operator.py
[2021-04-14 13:36:28,560] {logging_mixin.py:104} INFO - [2021-04-14 13:36:28,559] {dag.py:1818} INFO - Sync 1 DAGs
[2021-04-14 13:36:28,584] {logging_mixin.py:104} INFO - [2021-04-14 13:36:28,583] {dag.py:2273} INFO - Setting next_dagrun for example_python_operator to None
[2021-04-14 13:36:28,595] {scheduler_job.py:190} INFO - Processing /home/airflow/.local/lib/python3.6/site-packages/airflow/example_dags/example_python_operator.py took 0.089 seconds
[2021-04-14 13:36:58,899] {scheduler_job.py:182} INFO - Started process (PID=541) to work on /home/airflow/.local/lib/python3.6/site-packages/airflow/example_dags/example_python_operator.py
[2021-04-14 13:36:58,901] {scheduler_job.py:629} INFO - Processing file /home/airflow/.local/lib/python3.6/site-packages/airflow/example_dags/example_python_operator.py for tasks to queue
[2021-04-14 13:36:58,902] {logging_mixin.py:104} INFO - [2021-04-14 13:36:58,902] {dagbag.py:448} INFO - Filling up the DagBag from /home/airflow/.local/lib/python3.6/site-packages/airflow/example_dags/example_python_operator.py
[2021-04-14 13:36:58,919] {scheduler_job.py:639} INFO - DAG(s) dict_keys(['example_python_operator']) retrieved from /home/airflow/.local/lib/python3.6/site-packages/airflow/example_dags/example_python_operator.py
[2021-04-14 13:36:58,945] {logging_mixin.py:104} INFO - [2021-04-14 13:36:58,945] {dag.py:1818} INFO - Sync 1 DAGs
[2021-04-14 13:36:58,970] {logging_mixin.py:104} INFO - [2021-04-14 13:36:58,970] {dag.py:2273} INFO - Setting next_dagrun for example_python_operator to None
[2021-04-14 13:36:58,984] {scheduler_job.py:190} INFO - Processing /home/airflow/.local/lib/python3.6/site-packages/airflow/example_dags/example_python_operator.py took 0.090 seconds
[2021-04-14 13:37:29,306] {scheduler_job.py:182} INFO - Started process (PID=567) to work on /home/airflow/.local/lib/python3.6/site-packages/airflow/example_dags/example_python_operator.py
[2021-04-14 13:37:29,308] {scheduler_job.py:629} INFO - Processing file /home/airflow/.local/lib/python3.6/site-packages/airflow/example_dags/example_python_operator.py for tasks to queue
[2021-04-14 13:37:29,309] {logging_mixin.py:104} INFO - [2021-04-14 13:37:29,309] {dagbag.py:448} INFO - Filling up the DagBag from /home/airflow/.local/lib/python3.6/site-packages/airflow/example_dags/example_python_operator.py
[2021-04-14 13:37:29,327] {scheduler_job.py:639} INFO - DAG(s) dict_keys(['example_python_operator']) retrieved from /home/airflow/.local/lib/python3.6/site-packages/airflow/example_dags/example_python_operator.py
[2021-04-14 13:37:29,355] {logging_mixin.py:104} INFO - [2021-04-14 13:37:29,355] {dag.py:1818} INFO - Sync 1 DAGs
[2021-04-14 13:37:29,376] {logging_mixin.py:104} INFO - [2021-04-14 13:37:29,376] {dag.py:2273} INFO - Setting next_dagrun for example_python_operator to None
[2021-04-14 13:37:29,388] {scheduler_job.py:190} INFO - Processing /home/airflow/.local/lib/python3.6/site-packages/airflow/example_dags/example_python_operator.py took 0.086 seconds
[2021-04-14 13:37:59,503] {scheduler_job.py:182} INFO - Started process (PID=594) to work on /home/airflow/.local/lib/python3.6/site-packages/airflow/example_dags/example_python_operator.py
[2021-04-14 13:37:59,504] {scheduler_job.py:629} INFO - Processing file /home/airflow/.local/lib/python3.6/site-packages/airflow/example_dags/example_python_operator.py for tasks to queue
[2021-04-14 13:37:59,505] {logging_mixin.py:104} INFO - [2021-04-14 13:37:59,505] {dagbag.py:448} INFO - Filling up the DagBag from /home/airflow/.local/lib/python3.6/site-packages/airflow/example_dags/example_python_operator.py
[2021-04-14 13:37:59,525] {scheduler_job.py:639} INFO - DAG(s) dict_keys(['example_python_operator']) retrieved from /home/airflow/.local/lib/python3.6/site-packages/airflow/example_dags/example_python_operator.py
[2021-04-14 13:37:59,567] {logging_mixin.py:104} INFO - [2021-04-14 13:37:59,566] {dag.py:1818} INFO - Sync 1 DAGs
[2021-04-14 13:37:59,592] {logging_mixin.py:104} INFO - [2021-04-14 13:37:59,592] {dag.py:2273} INFO - Setting next_dagrun for example_python_operator to None
[2021-04-14 13:37:59,605] {scheduler_job.py:190} INFO - Processing /home/airflow/.local/lib/python3.6/site-packages/airflow/example_dags/example_python_operator.py took 0.108 seconds
[2021-04-14 13:38:30,040] {scheduler_job.py:182} INFO - Started process (PID=619) to work on /home/airflow/.local/lib/python3.6/site-packages/airflow/example_dags/example_python_operator.py
[2021-04-14 13:38:30,041] {scheduler_job.py:629} INFO - Processing file /home/airflow/.local/lib/python3.6/site-packages/airflow/example_dags/example_python_operator.py for tasks to queue
[2021-04-14 13:38:30,043] {logging_mixin.py:104} INFO - [2021-04-14 13:38:30,042] {dagbag.py:448} INFO - Filling up the DagBag from /home/airflow/.local/lib/python3.6/site-packages/airflow/example_dags/example_python_operator.py
[2021-04-14 13:38:30,064] {scheduler_job.py:639} INFO - DAG(s) dict_keys(['example_python_operator']) retrieved from /home/airflow/.local/lib/python3.6/site-packages/airflow/example_dags/example_python_operator.py
[2021-04-14 13:38:30,092] {logging_mixin.py:104} INFO - [2021-04-14 13:38:30,092] {dag.py:1818} INFO - Sync 1 DAGs
[2021-04-14 13:38:30,110] {logging_mixin.py:104} INFO - [2021-04-14 13:38:30,110] {dag.py:2273} INFO - Setting next_dagrun for example_python_operator to None
[2021-04-14 13:38:30,122] {scheduler_job.py:190} INFO - Processing /home/airflow/.local/lib/python3.6/site-packages/airflow/example_dags/example_python_operator.py took 0.087 seconds
[2021-04-14 13:39:00,271] {scheduler_job.py:182} INFO - Started process (PID=645) to work on /home/airflow/.local/lib/python3.6/site-packages/airflow/example_dags/example_python_operator.py
[2021-04-14 13:39:00,273] {scheduler_job.py:629} INFO - Processing file /home/airflow/.local/lib/python3.6/site-packages/airflow/example_dags/example_python_operator.py for tasks to queue
[2021-04-14 13:39:00,274] {logging_mixin.py:104} INFO - [2021-04-14 13:39:00,273] {dagbag.py:448} INFO - Filling up the DagBag from /home/airflow/.local/lib/python3.6/site-packages/airflow/example_dags/example_python_operator.py
[2021-04-14 13:39:00,296] {scheduler_job.py:639} INFO - DAG(s) dict_keys(['example_python_operator']) retrieved from /home/airflow/.local/lib/python3.6/site-packages/airflow/example_dags/example_python_operator.py
[2021-04-14 13:39:00,321] {logging_mixin.py:104} INFO - [2021-04-14 13:39:00,321] {dag.py:1818} INFO - Sync 1 DAGs
[2021-04-14 13:39:00,340] {logging_mixin.py:104} INFO - [2021-04-14 13:39:00,340] {dag.py:2273} INFO - Setting next_dagrun for example_python_operator to None
[2021-04-14 13:39:00,351] {scheduler_job.py:190} INFO - Processing /home/airflow/.local/lib/python3.6/site-packages/airflow/example_dags/example_python_operator.py took 0.084 seconds
[2021-04-14 13:39:30,564] {scheduler_job.py:182} INFO - Started process (PID=671) to work on /home/airflow/.local/lib/python3.6/site-packages/airflow/example_dags/example_python_operator.py
[2021-04-14 13:39:30,565] {scheduler_job.py:629} INFO - Processing file /home/airflow/.local/lib/python3.6/site-packages/airflow/example_dags/example_python_operator.py for tasks to queue
[2021-04-14 13:39:30,566] {logging_mixin.py:104} INFO - [2021-04-14 13:39:30,566] {dagbag.py:448} INFO - Filling up the DagBag from /home/airflow/.local/lib/python3.6/site-packages/airflow/example_dags/example_python_operator.py
[2021-04-14 13:39:30,587] {scheduler_job.py:639} INFO - DAG(s) dict_keys(['example_python_operator']) retrieved from /home/airflow/.local/lib/python3.6/site-packages/airflow/example_dags/example_python_operator.py
[2021-04-14 13:39:30,617] {logging_mixin.py:104} INFO - [2021-04-14 13:39:30,617] {dag.py:1818} INFO - Sync 1 DAGs
[2021-04-14 13:39:30,641] {logging_mixin.py:104} INFO - [2021-04-14 13:39:30,641] {dag.py:2273} INFO - Setting next_dagrun for example_python_operator to None
[2021-04-14 13:39:30,653] {scheduler_job.py:190} INFO - Processing /home/airflow/.local/lib/python3.6/site-packages/airflow/example_dags/example_python_operator.py took 0.094 seconds
[2021-04-14 13:40:01,129] {scheduler_job.py:182} INFO - Started process (PID=697) to work on /home/airflow/.local/lib/python3.6/site-packages/airflow/example_dags/example_python_operator.py
[2021-04-14 13:40:01,132] {scheduler_job.py:629} INFO - Processing file /home/airflow/.local/lib/python3.6/site-packages/airflow/example_dags/example_python_operator.py for tasks to queue
[2021-04-14 13:40:01,135] {logging_mixin.py:104} INFO - [2021-04-14 13:40:01,135] {dagbag.py:448} INFO - Filling up the DagBag from /home/airflow/.local/lib/python3.6/site-packages/airflow/example_dags/example_python_operator.py
[2021-04-14 13:40:01,162] {scheduler_job.py:639} INFO - DAG(s) dict_keys(['example_python_operator']) retrieved from /home/airflow/.local/lib/python3.6/site-packages/airflow/example_dags/example_python_operator.py
[2021-04-14 13:40:01,198] {logging_mixin.py:104} INFO - [2021-04-14 13:40:01,198] {dag.py:1818} INFO - Sync 1 DAGs
[2021-04-14 13:40:01,228] {logging_mixin.py:104} INFO - [2021-04-14 13:40:01,228] {dag.py:2273} INFO - Setting next_dagrun for example_python_operator to None
[2021-04-14 13:40:01,245] {scheduler_job.py:190} INFO - Processing /home/airflow/.local/lib/python3.6/site-packages/airflow/example_dags/example_python_operator.py took 0.121 seconds
[2021-04-14 13:40:32,056] {scheduler_job.py:182} INFO - Started process (PID=723) to work on /home/airflow/.local/lib/python3.6/site-packages/airflow/example_dags/example_python_operator.py
[2021-04-14 13:40:32,061] {scheduler_job.py:629} INFO - Processing file /home/airflow/.local/lib/python3.6/site-packages/airflow/example_dags/example_python_operator.py for tasks to queue
[2021-04-14 13:40:32,062] {logging_mixin.py:104} INFO - [2021-04-14 13:40:32,062] {dagbag.py:448} INFO - Filling up the DagBag from /home/airflow/.local/lib/python3.6/site-packages/airflow/example_dags/example_python_operator.py
[2021-04-14 13:40:32,091] {scheduler_job.py:639} INFO - DAG(s) dict_keys(['example_python_operator']) retrieved from /home/airflow/.local/lib/python3.6/site-packages/airflow/example_dags/example_python_operator.py
[2021-04-14 13:40:32,132] {logging_mixin.py:104} INFO - [2021-04-14 13:40:32,131] {dag.py:1818} INFO - Sync 1 DAGs
[2021-04-14 13:40:32,163] {logging_mixin.py:104} INFO - [2021-04-14 13:40:32,163] {dag.py:2273} INFO - Setting next_dagrun for example_python_operator to None
[2021-04-14 13:40:32,183] {scheduler_job.py:190} INFO - Processing /home/airflow/.local/lib/python3.6/site-packages/airflow/example_dags/example_python_operator.py took 0.133 seconds
[2021-04-14 13:41:02,367] {scheduler_job.py:182} INFO - Started process (PID=749) to work on /home/airflow/.local/lib/python3.6/site-packages/airflow/example_dags/example_python_operator.py
[2021-04-14 13:41:02,369] {scheduler_job.py:629} INFO - Processing file /home/airflow/.local/lib/python3.6/site-packages/airflow/example_dags/example_python_operator.py for tasks to queue
[2021-04-14 13:41:02,371] {logging_mixin.py:104} INFO - [2021-04-14 13:41:02,370] {dagbag.py:448} INFO - Filling up the DagBag from /home/airflow/.local/lib/python3.6/site-packages/airflow/example_dags/example_python_operator.py
[2021-04-14 13:41:02,393] {scheduler_job.py:639} INFO - DAG(s) dict_keys(['example_python_operator']) retrieved from /home/airflow/.local/lib/python3.6/site-packages/airflow/example_dags/example_python_operator.py
[2021-04-14 13:41:02,432] {logging_mixin.py:104} INFO - [2021-04-14 13:41:02,430] {dag.py:1818} INFO - Sync 1 DAGs
[2021-04-14 13:41:02,458] {logging_mixin.py:104} INFO - [2021-04-14 13:41:02,458] {dag.py:2273} INFO - Setting next_dagrun for example_python_operator to None
[2021-04-14 13:41:02,473] {scheduler_job.py:190} INFO - Processing /home/airflow/.local/lib/python3.6/site-packages/airflow/example_dags/example_python_operator.py took 0.111 seconds
[2021-04-14 13:41:32,857] {scheduler_job.py:182} INFO - Started process (PID=775) to work on /home/airflow/.local/lib/python3.6/site-packages/airflow/example_dags/example_python_operator.py
[2021-04-14 13:41:32,859] {scheduler_job.py:629} INFO - Processing file /home/airflow/.local/lib/python3.6/site-packages/airflow/example_dags/example_python_operator.py for tasks to queue
[2021-04-14 13:41:32,861] {logging_mixin.py:104} INFO - [2021-04-14 13:41:32,860] {dagbag.py:448} INFO - Filling up the DagBag from /home/airflow/.local/lib/python3.6/site-packages/airflow/example_dags/example_python_operator.py
[2021-04-14 13:41:32,888] {scheduler_job.py:639} INFO - DAG(s) dict_keys(['example_python_operator']) retrieved from /home/airflow/.local/lib/python3.6/site-packages/airflow/example_dags/example_python_operator.py
[2021-04-14 13:41:32,924] {logging_mixin.py:104} INFO - [2021-04-14 13:41:32,924] {dag.py:1818} INFO - Sync 1 DAGs
[2021-04-14 13:41:32,954] {logging_mixin.py:104} INFO - [2021-04-14 13:41:32,954] {dag.py:2273} INFO - Setting next_dagrun for example_python_operator to None
[2021-04-14 13:41:32,970] {scheduler_job.py:190} INFO - Processing /home/airflow/.local/lib/python3.6/site-packages/airflow/example_dags/example_python_operator.py took 0.119 seconds
[2021-04-14 13:42:03,139] {scheduler_job.py:182} INFO - Started process (PID=802) to work on /home/airflow/.local/lib/python3.6/site-packages/airflow/example_dags/example_python_operator.py
[2021-04-14 13:42:03,142] {scheduler_job.py:629} INFO - Processing file /home/airflow/.local/lib/python3.6/site-packages/airflow/example_dags/example_python_operator.py for tasks to queue
[2021-04-14 13:42:03,143] {logging_mixin.py:104} INFO - [2021-04-14 13:42:03,143] {dagbag.py:448} INFO - Filling up the DagBag from /home/airflow/.local/lib/python3.6/site-packages/airflow/example_dags/example_python_operator.py
[2021-04-14 13:42:03,171] {scheduler_job.py:639} INFO - DAG(s) dict_keys(['example_python_operator']) retrieved from /home/airflow/.local/lib/python3.6/site-packages/airflow/example_dags/example_python_operator.py
[2021-04-14 13:42:03,215] {logging_mixin.py:104} INFO - [2021-04-14 13:42:03,214] {dag.py:1818} INFO - Sync 1 DAGs
[2021-04-14 13:42:03,245] {logging_mixin.py:104} INFO - [2021-04-14 13:42:03,244] {dag.py:2273} INFO - Setting next_dagrun for example_python_operator to None
[2021-04-14 13:42:03,267] {scheduler_job.py:190} INFO - Processing /home/airflow/.local/lib/python3.6/site-packages/airflow/example_dags/example_python_operator.py took 0.133 seconds
[2021-04-14 13:42:33,413] {scheduler_job.py:182} INFO - Started process (PID=828) to work on /home/airflow/.local/lib/python3.6/site-packages/airflow/example_dags/example_python_operator.py
[2021-04-14 13:42:33,415] {scheduler_job.py:629} INFO - Processing file /home/airflow/.local/lib/python3.6/site-packages/airflow/example_dags/example_python_operator.py for tasks to queue
[2021-04-14 13:42:33,417] {logging_mixin.py:104} INFO - [2021-04-14 13:42:33,416] {dagbag.py:448} INFO - Filling up the DagBag from /home/airflow/.local/lib/python3.6/site-packages/airflow/example_dags/example_python_operator.py
[2021-04-14 13:42:33,447] {scheduler_job.py:639} INFO - DAG(s) dict_keys(['example_python_operator']) retrieved from /home/airflow/.local/lib/python3.6/site-packages/airflow/example_dags/example_python_operator.py
[2021-04-14 13:42:33,488] {logging_mixin.py:104} INFO - [2021-04-14 13:42:33,488] {dag.py:1818} INFO - Sync 1 DAGs
[2021-04-14 13:42:33,517] {logging_mixin.py:104} INFO - [2021-04-14 13:42:33,517] {dag.py:2273} INFO - Setting next_dagrun for example_python_operator to None
[2021-04-14 13:42:33,533] {scheduler_job.py:190} INFO - Processing /home/airflow/.local/lib/python3.6/site-packages/airflow/example_dags/example_python_operator.py took 0.126 seconds
[2021-04-14 13:43:04,070] {scheduler_job.py:182} INFO - Started process (PID=853) to work on /home/airflow/.local/lib/python3.6/site-packages/airflow/example_dags/example_python_operator.py
[2021-04-14 13:43:04,072] {scheduler_job.py:629} INFO - Processing file /home/airflow/.local/lib/python3.6/site-packages/airflow/example_dags/example_python_operator.py for tasks to queue
[2021-04-14 13:43:04,074] {logging_mixin.py:104} INFO - [2021-04-14 13:43:04,074] {dagbag.py:448} INFO - Filling up the DagBag from /home/airflow/.local/lib/python3.6/site-packages/airflow/example_dags/example_python_operator.py
[2021-04-14 13:43:04,090] {scheduler_job.py:639} INFO - DAG(s) dict_keys(['example_python_operator']) retrieved from /home/airflow/.local/lib/python3.6/site-packages/airflow/example_dags/example_python_operator.py
[2021-04-14 13:43:04,118] {logging_mixin.py:104} INFO - [2021-04-14 13:43:04,118] {dag.py:1818} INFO - Sync 1 DAGs
[2021-04-14 13:43:04,142] {logging_mixin.py:104} INFO - [2021-04-14 13:43:04,142] {dag.py:2273} INFO - Setting next_dagrun for example_python_operator to None
[2021-04-14 13:43:04,157] {scheduler_job.py:190} INFO - Processing /home/airflow/.local/lib/python3.6/site-packages/airflow/example_dags/example_python_operator.py took 0.091 seconds
[2021-04-14 13:43:34,456] {scheduler_job.py:182} INFO - Started process (PID=879) to work on /home/airflow/.local/lib/python3.6/site-packages/airflow/example_dags/example_python_operator.py
[2021-04-14 13:43:34,457] {scheduler_job.py:629} INFO - Processing file /home/airflow/.local/lib/python3.6/site-packages/airflow/example_dags/example_python_operator.py for tasks to queue
[2021-04-14 13:43:34,459] {logging_mixin.py:104} INFO - [2021-04-14 13:43:34,458] {dagbag.py:448} INFO - Filling up the DagBag from /home/airflow/.local/lib/python3.6/site-packages/airflow/example_dags/example_python_operator.py
[2021-04-14 13:43:34,477] {scheduler_job.py:639} INFO - DAG(s) dict_keys(['example_python_operator']) retrieved from /home/airflow/.local/lib/python3.6/site-packages/airflow/example_dags/example_python_operator.py
[2021-04-14 13:43:34,507] {logging_mixin.py:104} INFO - [2021-04-14 13:43:34,506] {dag.py:1818} INFO - Sync 1 DAGs
[2021-04-14 13:43:34,527] {logging_mixin.py:104} INFO - [2021-04-14 13:43:34,526] {dag.py:2273} INFO - Setting next_dagrun for example_python_operator to None
[2021-04-14 13:43:34,541] {scheduler_job.py:190} INFO - Processing /home/airflow/.local/lib/python3.6/site-packages/airflow/example_dags/example_python_operator.py took 0.090 seconds
[2021-04-14 13:44:05,060] {scheduler_job.py:182} INFO - Started process (PID=905) to work on /home/airflow/.local/lib/python3.6/site-packages/airflow/example_dags/example_python_operator.py
[2021-04-14 13:44:05,062] {scheduler_job.py:629} INFO - Processing file /home/airflow/.local/lib/python3.6/site-packages/airflow/example_dags/example_python_operator.py for tasks to queue
[2021-04-14 13:44:05,064] {logging_mixin.py:104} INFO - [2021-04-14 13:44:05,063] {dagbag.py:448} INFO - Filling up the DagBag from /home/airflow/.local/lib/python3.6/site-packages/airflow/example_dags/example_python_operator.py
[2021-04-14 13:44:05,084] {scheduler_job.py:639} INFO - DAG(s) dict_keys(['example_python_operator']) retrieved from /home/airflow/.local/lib/python3.6/site-packages/airflow/example_dags/example_python_operator.py
[2021-04-14 13:44:05,113] {logging_mixin.py:104} INFO - [2021-04-14 13:44:05,113] {dag.py:1818} INFO - Sync 1 DAGs
[2021-04-14 13:44:05,136] {logging_mixin.py:104} INFO - [2021-04-14 13:44:05,136] {dag.py:2273} INFO - Setting next_dagrun for example_python_operator to None
[2021-04-14 13:44:05,150] {scheduler_job.py:190} INFO - Processing /home/airflow/.local/lib/python3.6/site-packages/airflow/example_dags/example_python_operator.py took 0.094 seconds
[2021-04-14 13:44:35,518] {scheduler_job.py:182} INFO - Started process (PID=931) to work on /home/airflow/.local/lib/python3.6/site-packages/airflow/example_dags/example_python_operator.py
[2021-04-14 13:44:35,520] {scheduler_job.py:629} INFO - Processing file /home/airflow/.local/lib/python3.6/site-packages/airflow/example_dags/example_python_operator.py for tasks to queue
[2021-04-14 13:44:35,522] {logging_mixin.py:104} INFO - [2021-04-14 13:44:35,522] {dagbag.py:448} INFO - Filling up the DagBag from /home/airflow/.local/lib/python3.6/site-packages/airflow/example_dags/example_python_operator.py
[2021-04-14 13:44:35,548] {scheduler_job.py:639} INFO - DAG(s) dict_keys(['example_python_operator']) retrieved from /home/airflow/.local/lib/python3.6/site-packages/airflow/example_dags/example_python_operator.py
[2021-04-14 13:44:35,582] {logging_mixin.py:104} INFO - [2021-04-14 13:44:35,582] {dag.py:1818} INFO - Sync 1 DAGs
[2021-04-14 13:44:35,619] {logging_mixin.py:104} INFO - [2021-04-14 13:44:35,618] {dag.py:2273} INFO - Setting next_dagrun for example_python_operator to None
[2021-04-14 13:44:35,634] {scheduler_job.py:190} INFO - Processing /home/airflow/.local/lib/python3.6/site-packages/airflow/example_dags/example_python_operator.py took 0.122 seconds
[2021-04-14 13:45:05,983] {scheduler_job.py:182} INFO - Started process (PID=957) to work on /home/airflow/.local/lib/python3.6/site-packages/airflow/example_dags/example_python_operator.py
[2021-04-14 13:45:05,985] {scheduler_job.py:629} INFO - Processing file /home/airflow/.local/lib/python3.6/site-packages/airflow/example_dags/example_python_operator.py for tasks to queue
[2021-04-14 13:45:05,987] {logging_mixin.py:104} INFO - [2021-04-14 13:45:05,986] {dagbag.py:448} INFO - Filling up the DagBag from /home/airflow/.local/lib/python3.6/site-packages/airflow/example_dags/example_python_operator.py
[2021-04-14 13:45:06,004] {scheduler_job.py:639} INFO - DAG(s) dict_keys(['example_python_operator']) retrieved from /home/airflow/.local/lib/python3.6/site-packages/airflow/example_dags/example_python_operator.py
[2021-04-14 13:45:06,033] {logging_mixin.py:104} INFO - [2021-04-14 13:45:06,033] {dag.py:1818} INFO - Sync 1 DAGs
[2021-04-14 13:45:06,054] {logging_mixin.py:104} INFO - [2021-04-14 13:45:06,053] {dag.py:2273} INFO - Setting next_dagrun for example_python_operator to None
[2021-04-14 13:45:06,066] {scheduler_job.py:190} INFO - Processing /home/airflow/.local/lib/python3.6/site-packages/airflow/example_dags/example_python_operator.py took 0.088 seconds
[2021-04-14 13:45:36,343] {scheduler_job.py:182} INFO - Started process (PID=983) to work on /home/airflow/.local/lib/python3.6/site-packages/airflow/example_dags/example_python_operator.py
[2021-04-14 13:45:36,345] {scheduler_job.py:629} INFO - Processing file /home/airflow/.local/lib/python3.6/site-packages/airflow/example_dags/example_python_operator.py for tasks to queue
[2021-04-14 13:45:36,346] {logging_mixin.py:104} INFO - [2021-04-14 13:45:36,346] {dagbag.py:448} INFO - Filling up the DagBag from /home/airflow/.local/lib/python3.6/site-packages/airflow/example_dags/example_python_operator.py
[2021-04-14 13:45:36,364] {scheduler_job.py:639} INFO - DAG(s) dict_keys(['example_python_operator']) retrieved from /home/airflow/.local/lib/python3.6/site-packages/airflow/example_dags/example_python_operator.py
[2021-04-14 13:45:36,390] {logging_mixin.py:104} INFO - [2021-04-14 13:45:36,390] {dag.py:1818} INFO - Sync 1 DAGs
[2021-04-14 13:45:36,408] {logging_mixin.py:104} INFO - [2021-04-14 13:45:36,408] {dag.py:2273} INFO - Setting next_dagrun for example_python_operator to None
[2021-04-14 13:45:36,419] {scheduler_job.py:190} INFO - Processing /home/airflow/.local/lib/python3.6/site-packages/airflow/example_dags/example_python_operator.py took 0.080 seconds
[2021-04-14 13:46:06,712] {scheduler_job.py:182} INFO - Started process (PID=1009) to work on /home/airflow/.local/lib/python3.6/site-packages/airflow/example_dags/example_python_operator.py
[2021-04-14 13:46:06,713] {scheduler_job.py:629} INFO - Processing file /home/airflow/.local/lib/python3.6/site-packages/airflow/example_dags/example_python_operator.py for tasks to queue
[2021-04-14 13:46:06,714] {logging_mixin.py:104} INFO - [2021-04-14 13:46:06,714] {dagbag.py:448} INFO - Filling up the DagBag from /home/airflow/.local/lib/python3.6/site-packages/airflow/example_dags/example_python_operator.py
[2021-04-14 13:46:06,729] {scheduler_job.py:639} INFO - DAG(s) dict_keys(['example_python_operator']) retrieved from /home/airflow/.local/lib/python3.6/site-packages/airflow/example_dags/example_python_operator.py
[2021-04-14 13:46:06,753] {logging_mixin.py:104} INFO - [2021-04-14 13:46:06,753] {dag.py:1818} INFO - Sync 1 DAGs
[2021-04-14 13:46:06,770] {logging_mixin.py:104} INFO - [2021-04-14 13:46:06,770] {dag.py:2273} INFO - Setting next_dagrun for example_python_operator to None
[2021-04-14 13:46:06,780] {scheduler_job.py:190} INFO - Processing /home/airflow/.local/lib/python3.6/site-packages/airflow/example_dags/example_python_operator.py took 0.071 seconds
[2021-04-14 13:46:37,172] {scheduler_job.py:182} INFO - Started process (PID=1035) to work on /home/airflow/.local/lib/python3.6/site-packages/airflow/example_dags/example_python_operator.py
[2021-04-14 13:46:37,173] {scheduler_job.py:629} INFO - Processing file /home/airflow/.local/lib/python3.6/site-packages/airflow/example_dags/example_python_operator.py for tasks to queue
[2021-04-14 13:46:37,174] {logging_mixin.py:104} INFO - [2021-04-14 13:46:37,174] {dagbag.py:448} INFO - Filling up the DagBag from /home/airflow/.local/lib/python3.6/site-packages/airflow/example_dags/example_python_operator.py
[2021-04-14 13:46:37,188] {scheduler_job.py:639} INFO - DAG(s) dict_keys(['example_python_operator']) retrieved from /home/airflow/.local/lib/python3.6/site-packages/airflow/example_dags/example_python_operator.py
[2021-04-14 13:46:37,210] {logging_mixin.py:104} INFO - [2021-04-14 13:46:37,210] {dag.py:1818} INFO - Sync 1 DAGs
[2021-04-14 13:46:37,230] {logging_mixin.py:104} INFO - [2021-04-14 13:46:37,230] {dag.py:2273} INFO - Setting next_dagrun for example_python_operator to None
[2021-04-14 13:46:37,242] {scheduler_job.py:190} INFO - Processing /home/airflow/.local/lib/python3.6/site-packages/airflow/example_dags/example_python_operator.py took 0.073 seconds
[2021-04-14 13:47:07,546] {scheduler_job.py:182} INFO - Started process (PID=1061) to work on /home/airflow/.local/lib/python3.6/site-packages/airflow/example_dags/example_python_operator.py
[2021-04-14 13:47:07,547] {scheduler_job.py:629} INFO - Processing file /home/airflow/.local/lib/python3.6/site-packages/airflow/example_dags/example_python_operator.py for tasks to queue
[2021-04-14 13:47:07,549] {logging_mixin.py:104} INFO - [2021-04-14 13:47:07,549] {dagbag.py:448} INFO - Filling up the DagBag from /home/airflow/.local/lib/python3.6/site-packages/airflow/example_dags/example_python_operator.py
[2021-04-14 13:47:07,566] {scheduler_job.py:639} INFO - DAG(s) dict_keys(['example_python_operator']) retrieved from /home/airflow/.local/lib/python3.6/site-packages/airflow/example_dags/example_python_operator.py
[2021-04-14 13:47:07,590] {logging_mixin.py:104} INFO - [2021-04-14 13:47:07,590] {dag.py:1818} INFO - Sync 1 DAGs
[2021-04-14 13:47:07,606] {logging_mixin.py:104} INFO - [2021-04-14 13:47:07,606] {dag.py:2273} INFO - Setting next_dagrun for example_python_operator to None
[2021-04-14 13:47:07,616] {scheduler_job.py:190} INFO - Processing /home/airflow/.local/lib/python3.6/site-packages/airflow/example_dags/example_python_operator.py took 0.074 seconds
[2021-04-14 13:47:37,863] {scheduler_job.py:182} INFO - Started process (PID=1087) to work on /home/airflow/.local/lib/python3.6/site-packages/airflow/example_dags/example_python_operator.py
[2021-04-14 13:47:37,864] {scheduler_job.py:629} INFO - Processing file /home/airflow/.local/lib/python3.6/site-packages/airflow/example_dags/example_python_operator.py for tasks to queue
[2021-04-14 13:47:37,865] {logging_mixin.py:104} INFO - [2021-04-14 13:47:37,865] {dagbag.py:448} INFO - Filling up the DagBag from /home/airflow/.local/lib/python3.6/site-packages/airflow/example_dags/example_python_operator.py
[2021-04-14 13:47:37,877] {scheduler_job.py:639} INFO - DAG(s) dict_keys(['example_python_operator']) retrieved from /home/airflow/.local/lib/python3.6/site-packages/airflow/example_dags/example_python_operator.py
[2021-04-14 13:47:37,898] {logging_mixin.py:104} INFO - [2021-04-14 13:47:37,898] {dag.py:1818} INFO - Sync 1 DAGs
[2021-04-14 13:47:37,914] {logging_mixin.py:104} INFO - [2021-04-14 13:47:37,914] {dag.py:2273} INFO - Setting next_dagrun for example_python_operator to None
[2021-04-14 13:47:37,924] {scheduler_job.py:190} INFO - Processing /home/airflow/.local/lib/python3.6/site-packages/airflow/example_dags/example_python_operator.py took 0.065 seconds
[2021-04-14 13:48:08,336] {scheduler_job.py:182} INFO - Started process (PID=1113) to work on /home/airflow/.local/lib/python3.6/site-packages/airflow/example_dags/example_python_operator.py
[2021-04-14 13:48:08,337] {scheduler_job.py:629} INFO - Processing file /home/airflow/.local/lib/python3.6/site-packages/airflow/example_dags/example_python_operator.py for tasks to queue
[2021-04-14 13:48:08,339] {logging_mixin.py:104} INFO - [2021-04-14 13:48:08,339] {dagbag.py:448} INFO - Filling up the DagBag from /home/airflow/.local/lib/python3.6/site-packages/airflow/example_dags/example_python_operator.py
[2021-04-14 13:48:08,352] {scheduler_job.py:639} INFO - DAG(s) dict_keys(['example_python_operator']) retrieved from /home/airflow/.local/lib/python3.6/site-packages/airflow/example_dags/example_python_operator.py
[2021-04-14 13:48:08,375] {logging_mixin.py:104} INFO - [2021-04-14 13:48:08,375] {dag.py:1818} INFO - Sync 1 DAGs
[2021-04-14 13:48:08,390] {logging_mixin.py:104} INFO - [2021-04-14 13:48:08,390] {dag.py:2273} INFO - Setting next_dagrun for example_python_operator to None
[2021-04-14 13:48:08,400] {scheduler_job.py:190} INFO - Processing /home/airflow/.local/lib/python3.6/site-packages/airflow/example_dags/example_python_operator.py took 0.069 seconds
[2021-04-14 13:48:39,172] {scheduler_job.py:182} INFO - Started process (PID=1139) to work on /home/airflow/.local/lib/python3.6/site-packages/airflow/example_dags/example_python_operator.py
[2021-04-14 13:48:39,173] {scheduler_job.py:629} INFO - Processing file /home/airflow/.local/lib/python3.6/site-packages/airflow/example_dags/example_python_operator.py for tasks to queue
[2021-04-14 13:48:39,175] {logging_mixin.py:104} INFO - [2021-04-14 13:48:39,174] {dagbag.py:448} INFO - Filling up the DagBag from /home/airflow/.local/lib/python3.6/site-packages/airflow/example_dags/example_python_operator.py
[2021-04-14 13:48:39,190] {scheduler_job.py:639} INFO - DAG(s) dict_keys(['example_python_operator']) retrieved from /home/airflow/.local/lib/python3.6/site-packages/airflow/example_dags/example_python_operator.py
[2021-04-14 13:48:39,220] {logging_mixin.py:104} INFO - [2021-04-14 13:48:39,219] {dag.py:1818} INFO - Sync 1 DAGs
[2021-04-14 13:48:39,242] {logging_mixin.py:104} INFO - [2021-04-14 13:48:39,242] {dag.py:2273} INFO - Setting next_dagrun for example_python_operator to None
[2021-04-14 13:48:39,256] {scheduler_job.py:190} INFO - Processing /home/airflow/.local/lib/python3.6/site-packages/airflow/example_dags/example_python_operator.py took 0.089 seconds
