[2021-04-14 13:27:51,222] {scheduler_job.py:182} INFO - Started process (PID=48) to work on /home/airflow/.local/lib/python3.6/site-packages/airflow/example_dags/example_branch_operator.py
[2021-04-14 13:27:51,225] {scheduler_job.py:629} INFO - Processing file /home/airflow/.local/lib/python3.6/site-packages/airflow/example_dags/example_branch_operator.py for tasks to queue
[2021-04-14 13:27:51,227] {logging_mixin.py:104} INFO - [2021-04-14 13:27:51,226] {dagbag.py:448} INFO - Filling up the DagBag from /home/airflow/.local/lib/python3.6/site-packages/airflow/example_dags/example_branch_operator.py
[2021-04-14 13:27:51,262] {scheduler_job.py:639} INFO - DAG(s) dict_keys(['example_branch_operator']) retrieved from /home/airflow/.local/lib/python3.6/site-packages/airflow/example_dags/example_branch_operator.py
[2021-04-14 13:27:51,315] {logging_mixin.py:104} INFO - [2021-04-14 13:27:51,315] {dag.py:1818} INFO - Sync 1 DAGs
[2021-04-14 13:27:51,393] {logging_mixin.py:104} INFO - [2021-04-14 13:27:51,393] {dag.py:2273} INFO - Setting next_dagrun for example_branch_operator to 2021-04-12 00:00:00+00:00
[2021-04-14 13:27:51,428] {scheduler_job.py:190} INFO - Processing /home/airflow/.local/lib/python3.6/site-packages/airflow/example_dags/example_branch_operator.py took 0.213 seconds
[2021-04-14 13:28:24,002] {scheduler_job.py:182} INFO - Started process (PID=95) to work on /home/airflow/.local/lib/python3.6/site-packages/airflow/example_dags/example_branch_operator.py
[2021-04-14 13:28:24,017] {scheduler_job.py:629} INFO - Processing file /home/airflow/.local/lib/python3.6/site-packages/airflow/example_dags/example_branch_operator.py for tasks to queue
[2021-04-14 13:28:24,021] {logging_mixin.py:104} INFO - [2021-04-14 13:28:24,021] {dagbag.py:448} INFO - Filling up the DagBag from /home/airflow/.local/lib/python3.6/site-packages/airflow/example_dags/example_branch_operator.py
[2021-04-14 13:28:24,137] {scheduler_job.py:639} INFO - DAG(s) dict_keys(['example_branch_operator']) retrieved from /home/airflow/.local/lib/python3.6/site-packages/airflow/example_dags/example_branch_operator.py
[2021-04-14 13:28:24,262] {logging_mixin.py:104} INFO - [2021-04-14 13:28:24,262] {dag.py:1818} INFO - Sync 1 DAGs
[2021-04-14 13:28:24,418] {logging_mixin.py:104} INFO - [2021-04-14 13:28:24,418] {dag.py:2273} INFO - Setting next_dagrun for example_branch_operator to 2021-04-12 00:00:00+00:00
[2021-04-14 13:28:24,537] {scheduler_job.py:190} INFO - Processing /home/airflow/.local/lib/python3.6/site-packages/airflow/example_dags/example_branch_operator.py took 0.546 seconds
[2021-04-14 13:28:54,633] {scheduler_job.py:182} INFO - Started process (PID=126) to work on /home/airflow/.local/lib/python3.6/site-packages/airflow/example_dags/example_branch_operator.py
[2021-04-14 13:28:54,635] {scheduler_job.py:629} INFO - Processing file /home/airflow/.local/lib/python3.6/site-packages/airflow/example_dags/example_branch_operator.py for tasks to queue
[2021-04-14 13:28:54,636] {logging_mixin.py:104} INFO - [2021-04-14 13:28:54,636] {dagbag.py:448} INFO - Filling up the DagBag from /home/airflow/.local/lib/python3.6/site-packages/airflow/example_dags/example_branch_operator.py
[2021-04-14 13:28:54,650] {scheduler_job.py:639} INFO - DAG(s) dict_keys(['example_branch_operator']) retrieved from /home/airflow/.local/lib/python3.6/site-packages/airflow/example_dags/example_branch_operator.py
[2021-04-14 13:28:54,672] {logging_mixin.py:104} INFO - [2021-04-14 13:28:54,672] {dag.py:1818} INFO - Sync 1 DAGs
[2021-04-14 13:28:54,697] {logging_mixin.py:104} INFO - [2021-04-14 13:28:54,697] {dag.py:2273} INFO - Setting next_dagrun for example_branch_operator to 2021-04-12 00:00:00+00:00
[2021-04-14 13:28:54,708] {scheduler_job.py:190} INFO - Processing /home/airflow/.local/lib/python3.6/site-packages/airflow/example_dags/example_branch_operator.py took 0.078 seconds
[2021-04-14 13:29:24,775] {scheduler_job.py:182} INFO - Started process (PID=152) to work on /home/airflow/.local/lib/python3.6/site-packages/airflow/example_dags/example_branch_operator.py
[2021-04-14 13:29:24,776] {scheduler_job.py:629} INFO - Processing file /home/airflow/.local/lib/python3.6/site-packages/airflow/example_dags/example_branch_operator.py for tasks to queue
[2021-04-14 13:29:24,777] {logging_mixin.py:104} INFO - [2021-04-14 13:29:24,777] {dagbag.py:448} INFO - Filling up the DagBag from /home/airflow/.local/lib/python3.6/site-packages/airflow/example_dags/example_branch_operator.py
[2021-04-14 13:29:24,791] {scheduler_job.py:639} INFO - DAG(s) dict_keys(['example_branch_operator']) retrieved from /home/airflow/.local/lib/python3.6/site-packages/airflow/example_dags/example_branch_operator.py
[2021-04-14 13:29:24,811] {logging_mixin.py:104} INFO - [2021-04-14 13:29:24,811] {dag.py:1818} INFO - Sync 1 DAGs
[2021-04-14 13:29:24,830] {logging_mixin.py:104} INFO - [2021-04-14 13:29:24,830] {dag.py:2273} INFO - Setting next_dagrun for example_branch_operator to 2021-04-12 00:00:00+00:00
[2021-04-14 13:29:24,840] {scheduler_job.py:190} INFO - Processing /home/airflow/.local/lib/python3.6/site-packages/airflow/example_dags/example_branch_operator.py took 0.069 seconds
[2021-04-14 13:29:54,875] {scheduler_job.py:182} INFO - Started process (PID=178) to work on /home/airflow/.local/lib/python3.6/site-packages/airflow/example_dags/example_branch_operator.py
[2021-04-14 13:29:54,877] {scheduler_job.py:629} INFO - Processing file /home/airflow/.local/lib/python3.6/site-packages/airflow/example_dags/example_branch_operator.py for tasks to queue
[2021-04-14 13:29:54,878] {logging_mixin.py:104} INFO - [2021-04-14 13:29:54,878] {dagbag.py:448} INFO - Filling up the DagBag from /home/airflow/.local/lib/python3.6/site-packages/airflow/example_dags/example_branch_operator.py
[2021-04-14 13:29:54,892] {scheduler_job.py:639} INFO - DAG(s) dict_keys(['example_branch_operator']) retrieved from /home/airflow/.local/lib/python3.6/site-packages/airflow/example_dags/example_branch_operator.py
[2021-04-14 13:29:54,913] {logging_mixin.py:104} INFO - [2021-04-14 13:29:54,913] {dag.py:1818} INFO - Sync 1 DAGs
[2021-04-14 13:29:54,936] {logging_mixin.py:104} INFO - [2021-04-14 13:29:54,936] {dag.py:2273} INFO - Setting next_dagrun for example_branch_operator to 2021-04-12 00:00:00+00:00
[2021-04-14 13:29:54,947] {scheduler_job.py:190} INFO - Processing /home/airflow/.local/lib/python3.6/site-packages/airflow/example_dags/example_branch_operator.py took 0.075 seconds
[2021-04-14 13:30:25,019] {scheduler_job.py:182} INFO - Started process (PID=203) to work on /home/airflow/.local/lib/python3.6/site-packages/airflow/example_dags/example_branch_operator.py
[2021-04-14 13:30:25,021] {scheduler_job.py:629} INFO - Processing file /home/airflow/.local/lib/python3.6/site-packages/airflow/example_dags/example_branch_operator.py for tasks to queue
[2021-04-14 13:30:25,022] {logging_mixin.py:104} INFO - [2021-04-14 13:30:25,022] {dagbag.py:448} INFO - Filling up the DagBag from /home/airflow/.local/lib/python3.6/site-packages/airflow/example_dags/example_branch_operator.py
[2021-04-14 13:30:25,035] {scheduler_job.py:639} INFO - DAG(s) dict_keys(['example_branch_operator']) retrieved from /home/airflow/.local/lib/python3.6/site-packages/airflow/example_dags/example_branch_operator.py
[2021-04-14 13:30:25,055] {logging_mixin.py:104} INFO - [2021-04-14 13:30:25,055] {dag.py:1818} INFO - Sync 1 DAGs
[2021-04-14 13:30:25,074] {logging_mixin.py:104} INFO - [2021-04-14 13:30:25,074] {dag.py:2273} INFO - Setting next_dagrun for example_branch_operator to 2021-04-12 00:00:00+00:00
[2021-04-14 13:30:25,086] {scheduler_job.py:190} INFO - Processing /home/airflow/.local/lib/python3.6/site-packages/airflow/example_dags/example_branch_operator.py took 0.069 seconds
[2021-04-14 13:30:55,144] {scheduler_job.py:182} INFO - Started process (PID=227) to work on /home/airflow/.local/lib/python3.6/site-packages/airflow/example_dags/example_branch_operator.py
[2021-04-14 13:30:55,146] {scheduler_job.py:629} INFO - Processing file /home/airflow/.local/lib/python3.6/site-packages/airflow/example_dags/example_branch_operator.py for tasks to queue
[2021-04-14 13:30:55,147] {logging_mixin.py:104} INFO - [2021-04-14 13:30:55,147] {dagbag.py:448} INFO - Filling up the DagBag from /home/airflow/.local/lib/python3.6/site-packages/airflow/example_dags/example_branch_operator.py
[2021-04-14 13:30:55,165] {scheduler_job.py:639} INFO - DAG(s) dict_keys(['example_branch_operator']) retrieved from /home/airflow/.local/lib/python3.6/site-packages/airflow/example_dags/example_branch_operator.py
[2021-04-14 13:30:55,192] {logging_mixin.py:104} INFO - [2021-04-14 13:30:55,192] {dag.py:1818} INFO - Sync 1 DAGs
[2021-04-14 13:30:55,219] {logging_mixin.py:104} INFO - [2021-04-14 13:30:55,219] {dag.py:2273} INFO - Setting next_dagrun for example_branch_operator to 2021-04-12 00:00:00+00:00
[2021-04-14 13:30:55,237] {scheduler_job.py:190} INFO - Processing /home/airflow/.local/lib/python3.6/site-packages/airflow/example_dags/example_branch_operator.py took 0.096 seconds
[2021-04-14 13:31:25,564] {scheduler_job.py:182} INFO - Started process (PID=253) to work on /home/airflow/.local/lib/python3.6/site-packages/airflow/example_dags/example_branch_operator.py
[2021-04-14 13:31:25,565] {scheduler_job.py:629} INFO - Processing file /home/airflow/.local/lib/python3.6/site-packages/airflow/example_dags/example_branch_operator.py for tasks to queue
[2021-04-14 13:31:25,566] {logging_mixin.py:104} INFO - [2021-04-14 13:31:25,566] {dagbag.py:448} INFO - Filling up the DagBag from /home/airflow/.local/lib/python3.6/site-packages/airflow/example_dags/example_branch_operator.py
[2021-04-14 13:31:25,583] {scheduler_job.py:639} INFO - DAG(s) dict_keys(['example_branch_operator']) retrieved from /home/airflow/.local/lib/python3.6/site-packages/airflow/example_dags/example_branch_operator.py
[2021-04-14 13:31:25,612] {logging_mixin.py:104} INFO - [2021-04-14 13:31:25,612] {dag.py:1818} INFO - Sync 1 DAGs
[2021-04-14 13:31:25,639] {logging_mixin.py:104} INFO - [2021-04-14 13:31:25,638] {dag.py:2273} INFO - Setting next_dagrun for example_branch_operator to 2021-04-12 00:00:00+00:00
[2021-04-14 13:31:25,650] {scheduler_job.py:190} INFO - Processing /home/airflow/.local/lib/python3.6/site-packages/airflow/example_dags/example_branch_operator.py took 0.090 seconds
[2021-04-14 13:31:55,869] {scheduler_job.py:182} INFO - Started process (PID=279) to work on /home/airflow/.local/lib/python3.6/site-packages/airflow/example_dags/example_branch_operator.py
[2021-04-14 13:31:55,871] {scheduler_job.py:629} INFO - Processing file /home/airflow/.local/lib/python3.6/site-packages/airflow/example_dags/example_branch_operator.py for tasks to queue
[2021-04-14 13:31:55,873] {logging_mixin.py:104} INFO - [2021-04-14 13:31:55,873] {dagbag.py:448} INFO - Filling up the DagBag from /home/airflow/.local/lib/python3.6/site-packages/airflow/example_dags/example_branch_operator.py
[2021-04-14 13:31:55,894] {scheduler_job.py:639} INFO - DAG(s) dict_keys(['example_branch_operator']) retrieved from /home/airflow/.local/lib/python3.6/site-packages/airflow/example_dags/example_branch_operator.py
[2021-04-14 13:31:55,919] {logging_mixin.py:104} INFO - [2021-04-14 13:31:55,918] {dag.py:1818} INFO - Sync 1 DAGs
[2021-04-14 13:31:55,946] {logging_mixin.py:104} INFO - [2021-04-14 13:31:55,946] {dag.py:2273} INFO - Setting next_dagrun for example_branch_operator to 2021-04-12 00:00:00+00:00
[2021-04-14 13:31:55,958] {scheduler_job.py:190} INFO - Processing /home/airflow/.local/lib/python3.6/site-packages/airflow/example_dags/example_branch_operator.py took 0.093 seconds
[2021-04-14 13:32:26,154] {scheduler_job.py:182} INFO - Started process (PID=305) to work on /home/airflow/.local/lib/python3.6/site-packages/airflow/example_dags/example_branch_operator.py
[2021-04-14 13:32:26,156] {scheduler_job.py:629} INFO - Processing file /home/airflow/.local/lib/python3.6/site-packages/airflow/example_dags/example_branch_operator.py for tasks to queue
[2021-04-14 13:32:26,157] {logging_mixin.py:104} INFO - [2021-04-14 13:32:26,157] {dagbag.py:448} INFO - Filling up the DagBag from /home/airflow/.local/lib/python3.6/site-packages/airflow/example_dags/example_branch_operator.py
[2021-04-14 13:32:26,177] {scheduler_job.py:639} INFO - DAG(s) dict_keys(['example_branch_operator']) retrieved from /home/airflow/.local/lib/python3.6/site-packages/airflow/example_dags/example_branch_operator.py
[2021-04-14 13:32:26,207] {logging_mixin.py:104} INFO - [2021-04-14 13:32:26,207] {dag.py:1818} INFO - Sync 1 DAGs
[2021-04-14 13:32:26,237] {logging_mixin.py:104} INFO - [2021-04-14 13:32:26,237] {dag.py:2273} INFO - Setting next_dagrun for example_branch_operator to 2021-04-12 00:00:00+00:00
[2021-04-14 13:32:26,249] {scheduler_job.py:190} INFO - Processing /home/airflow/.local/lib/python3.6/site-packages/airflow/example_dags/example_branch_operator.py took 0.099 seconds
[2021-04-14 13:32:56,378] {scheduler_job.py:182} INFO - Started process (PID=331) to work on /home/airflow/.local/lib/python3.6/site-packages/airflow/example_dags/example_branch_operator.py
[2021-04-14 13:32:56,380] {scheduler_job.py:629} INFO - Processing file /home/airflow/.local/lib/python3.6/site-packages/airflow/example_dags/example_branch_operator.py for tasks to queue
[2021-04-14 13:32:56,381] {logging_mixin.py:104} INFO - [2021-04-14 13:32:56,381] {dagbag.py:448} INFO - Filling up the DagBag from /home/airflow/.local/lib/python3.6/site-packages/airflow/example_dags/example_branch_operator.py
[2021-04-14 13:32:56,399] {scheduler_job.py:639} INFO - DAG(s) dict_keys(['example_branch_operator']) retrieved from /home/airflow/.local/lib/python3.6/site-packages/airflow/example_dags/example_branch_operator.py
[2021-04-14 13:32:56,422] {logging_mixin.py:104} INFO - [2021-04-14 13:32:56,422] {dag.py:1818} INFO - Sync 1 DAGs
[2021-04-14 13:32:56,445] {logging_mixin.py:104} INFO - [2021-04-14 13:32:56,445] {dag.py:2273} INFO - Setting next_dagrun for example_branch_operator to 2021-04-12 00:00:00+00:00
[2021-04-14 13:32:56,457] {scheduler_job.py:190} INFO - Processing /home/airflow/.local/lib/python3.6/site-packages/airflow/example_dags/example_branch_operator.py took 0.082 seconds
[2021-04-14 13:33:26,514] {scheduler_job.py:182} INFO - Started process (PID=357) to work on /home/airflow/.local/lib/python3.6/site-packages/airflow/example_dags/example_branch_operator.py
[2021-04-14 13:33:26,515] {scheduler_job.py:629} INFO - Processing file /home/airflow/.local/lib/python3.6/site-packages/airflow/example_dags/example_branch_operator.py for tasks to queue
[2021-04-14 13:33:26,516] {logging_mixin.py:104} INFO - [2021-04-14 13:33:26,516] {dagbag.py:448} INFO - Filling up the DagBag from /home/airflow/.local/lib/python3.6/site-packages/airflow/example_dags/example_branch_operator.py
[2021-04-14 13:33:26,531] {scheduler_job.py:639} INFO - DAG(s) dict_keys(['example_branch_operator']) retrieved from /home/airflow/.local/lib/python3.6/site-packages/airflow/example_dags/example_branch_operator.py
[2021-04-14 13:33:26,553] {logging_mixin.py:104} INFO - [2021-04-14 13:33:26,552] {dag.py:1818} INFO - Sync 1 DAGs
[2021-04-14 13:33:26,574] {logging_mixin.py:104} INFO - [2021-04-14 13:33:26,574] {dag.py:2273} INFO - Setting next_dagrun for example_branch_operator to 2021-04-12 00:00:00+00:00
[2021-04-14 13:33:26,586] {scheduler_job.py:190} INFO - Processing /home/airflow/.local/lib/python3.6/site-packages/airflow/example_dags/example_branch_operator.py took 0.075 seconds
[2021-04-14 13:33:56,752] {scheduler_job.py:182} INFO - Started process (PID=383) to work on /home/airflow/.local/lib/python3.6/site-packages/airflow/example_dags/example_branch_operator.py
[2021-04-14 13:33:56,753] {scheduler_job.py:629} INFO - Processing file /home/airflow/.local/lib/python3.6/site-packages/airflow/example_dags/example_branch_operator.py for tasks to queue
[2021-04-14 13:33:56,754] {logging_mixin.py:104} INFO - [2021-04-14 13:33:56,754] {dagbag.py:448} INFO - Filling up the DagBag from /home/airflow/.local/lib/python3.6/site-packages/airflow/example_dags/example_branch_operator.py
[2021-04-14 13:33:56,769] {scheduler_job.py:639} INFO - DAG(s) dict_keys(['example_branch_operator']) retrieved from /home/airflow/.local/lib/python3.6/site-packages/airflow/example_dags/example_branch_operator.py
[2021-04-14 13:33:56,792] {logging_mixin.py:104} INFO - [2021-04-14 13:33:56,791] {dag.py:1818} INFO - Sync 1 DAGs
[2021-04-14 13:33:56,815] {logging_mixin.py:104} INFO - [2021-04-14 13:33:56,815] {dag.py:2273} INFO - Setting next_dagrun for example_branch_operator to 2021-04-12 00:00:00+00:00
[2021-04-14 13:33:56,827] {scheduler_job.py:190} INFO - Processing /home/airflow/.local/lib/python3.6/site-packages/airflow/example_dags/example_branch_operator.py took 0.078 seconds
[2021-04-14 13:34:27,090] {scheduler_job.py:182} INFO - Started process (PID=409) to work on /home/airflow/.local/lib/python3.6/site-packages/airflow/example_dags/example_branch_operator.py
[2021-04-14 13:34:27,091] {scheduler_job.py:629} INFO - Processing file /home/airflow/.local/lib/python3.6/site-packages/airflow/example_dags/example_branch_operator.py for tasks to queue
[2021-04-14 13:34:27,092] {logging_mixin.py:104} INFO - [2021-04-14 13:34:27,092] {dagbag.py:448} INFO - Filling up the DagBag from /home/airflow/.local/lib/python3.6/site-packages/airflow/example_dags/example_branch_operator.py
[2021-04-14 13:34:27,112] {scheduler_job.py:639} INFO - DAG(s) dict_keys(['example_branch_operator']) retrieved from /home/airflow/.local/lib/python3.6/site-packages/airflow/example_dags/example_branch_operator.py
[2021-04-14 13:34:27,137] {logging_mixin.py:104} INFO - [2021-04-14 13:34:27,137] {dag.py:1818} INFO - Sync 1 DAGs
[2021-04-14 13:34:27,164] {logging_mixin.py:104} INFO - [2021-04-14 13:34:27,164] {dag.py:2273} INFO - Setting next_dagrun for example_branch_operator to 2021-04-12 00:00:00+00:00
[2021-04-14 13:34:27,177] {scheduler_job.py:190} INFO - Processing /home/airflow/.local/lib/python3.6/site-packages/airflow/example_dags/example_branch_operator.py took 0.092 seconds
[2021-04-14 13:34:57,427] {scheduler_job.py:182} INFO - Started process (PID=435) to work on /home/airflow/.local/lib/python3.6/site-packages/airflow/example_dags/example_branch_operator.py
[2021-04-14 13:34:57,429] {scheduler_job.py:629} INFO - Processing file /home/airflow/.local/lib/python3.6/site-packages/airflow/example_dags/example_branch_operator.py for tasks to queue
[2021-04-14 13:34:57,430] {logging_mixin.py:104} INFO - [2021-04-14 13:34:57,430] {dagbag.py:448} INFO - Filling up the DagBag from /home/airflow/.local/lib/python3.6/site-packages/airflow/example_dags/example_branch_operator.py
[2021-04-14 13:34:57,448] {scheduler_job.py:639} INFO - DAG(s) dict_keys(['example_branch_operator']) retrieved from /home/airflow/.local/lib/python3.6/site-packages/airflow/example_dags/example_branch_operator.py
[2021-04-14 13:34:57,478] {logging_mixin.py:104} INFO - [2021-04-14 13:34:57,478] {dag.py:1818} INFO - Sync 1 DAGs
[2021-04-14 13:34:57,509] {logging_mixin.py:104} INFO - [2021-04-14 13:34:57,509] {dag.py:2273} INFO - Setting next_dagrun for example_branch_operator to 2021-04-12 00:00:00+00:00
[2021-04-14 13:34:57,524] {scheduler_job.py:190} INFO - Processing /home/airflow/.local/lib/python3.6/site-packages/airflow/example_dags/example_branch_operator.py took 0.101 seconds
[2021-04-14 13:35:27,801] {scheduler_job.py:182} INFO - Started process (PID=461) to work on /home/airflow/.local/lib/python3.6/site-packages/airflow/example_dags/example_branch_operator.py
[2021-04-14 13:35:27,803] {scheduler_job.py:629} INFO - Processing file /home/airflow/.local/lib/python3.6/site-packages/airflow/example_dags/example_branch_operator.py for tasks to queue
[2021-04-14 13:35:27,805] {logging_mixin.py:104} INFO - [2021-04-14 13:35:27,804] {dagbag.py:448} INFO - Filling up the DagBag from /home/airflow/.local/lib/python3.6/site-packages/airflow/example_dags/example_branch_operator.py
[2021-04-14 13:35:27,829] {scheduler_job.py:639} INFO - DAG(s) dict_keys(['example_branch_operator']) retrieved from /home/airflow/.local/lib/python3.6/site-packages/airflow/example_dags/example_branch_operator.py
[2021-04-14 13:35:27,860] {logging_mixin.py:104} INFO - [2021-04-14 13:35:27,860] {dag.py:1818} INFO - Sync 1 DAGs
[2021-04-14 13:35:27,895] {logging_mixin.py:104} INFO - [2021-04-14 13:35:27,895] {dag.py:2273} INFO - Setting next_dagrun for example_branch_operator to 2021-04-12 00:00:00+00:00
[2021-04-14 13:35:27,915] {scheduler_job.py:190} INFO - Processing /home/airflow/.local/lib/python3.6/site-packages/airflow/example_dags/example_branch_operator.py took 0.119 seconds
[2021-04-14 13:35:58,083] {scheduler_job.py:182} INFO - Started process (PID=487) to work on /home/airflow/.local/lib/python3.6/site-packages/airflow/example_dags/example_branch_operator.py
[2021-04-14 13:35:58,085] {scheduler_job.py:629} INFO - Processing file /home/airflow/.local/lib/python3.6/site-packages/airflow/example_dags/example_branch_operator.py for tasks to queue
[2021-04-14 13:35:58,086] {logging_mixin.py:104} INFO - [2021-04-14 13:35:58,086] {dagbag.py:448} INFO - Filling up the DagBag from /home/airflow/.local/lib/python3.6/site-packages/airflow/example_dags/example_branch_operator.py
[2021-04-14 13:35:58,108] {scheduler_job.py:639} INFO - DAG(s) dict_keys(['example_branch_operator']) retrieved from /home/airflow/.local/lib/python3.6/site-packages/airflow/example_dags/example_branch_operator.py
[2021-04-14 13:35:58,137] {logging_mixin.py:104} INFO - [2021-04-14 13:35:58,136] {dag.py:1818} INFO - Sync 1 DAGs
[2021-04-14 13:35:58,169] {logging_mixin.py:104} INFO - [2021-04-14 13:35:58,169] {dag.py:2273} INFO - Setting next_dagrun for example_branch_operator to 2021-04-12 00:00:00+00:00
[2021-04-14 13:35:58,184] {scheduler_job.py:190} INFO - Processing /home/airflow/.local/lib/python3.6/site-packages/airflow/example_dags/example_branch_operator.py took 0.104 seconds
[2021-04-14 13:36:28,406] {scheduler_job.py:182} INFO - Started process (PID=513) to work on /home/airflow/.local/lib/python3.6/site-packages/airflow/example_dags/example_branch_operator.py
[2021-04-14 13:36:28,408] {scheduler_job.py:629} INFO - Processing file /home/airflow/.local/lib/python3.6/site-packages/airflow/example_dags/example_branch_operator.py for tasks to queue
[2021-04-14 13:36:28,410] {logging_mixin.py:104} INFO - [2021-04-14 13:36:28,410] {dagbag.py:448} INFO - Filling up the DagBag from /home/airflow/.local/lib/python3.6/site-packages/airflow/example_dags/example_branch_operator.py
[2021-04-14 13:36:28,430] {scheduler_job.py:639} INFO - DAG(s) dict_keys(['example_branch_operator']) retrieved from /home/airflow/.local/lib/python3.6/site-packages/airflow/example_dags/example_branch_operator.py
[2021-04-14 13:36:28,460] {logging_mixin.py:104} INFO - [2021-04-14 13:36:28,459] {dag.py:1818} INFO - Sync 1 DAGs
[2021-04-14 13:36:28,490] {logging_mixin.py:104} INFO - [2021-04-14 13:36:28,490] {dag.py:2273} INFO - Setting next_dagrun for example_branch_operator to 2021-04-12 00:00:00+00:00
[2021-04-14 13:36:28,503] {scheduler_job.py:190} INFO - Processing /home/airflow/.local/lib/python3.6/site-packages/airflow/example_dags/example_branch_operator.py took 0.099 seconds
[2021-04-14 13:36:58,792] {scheduler_job.py:182} INFO - Started process (PID=539) to work on /home/airflow/.local/lib/python3.6/site-packages/airflow/example_dags/example_branch_operator.py
[2021-04-14 13:36:58,794] {scheduler_job.py:629} INFO - Processing file /home/airflow/.local/lib/python3.6/site-packages/airflow/example_dags/example_branch_operator.py for tasks to queue
[2021-04-14 13:36:58,795] {logging_mixin.py:104} INFO - [2021-04-14 13:36:58,795] {dagbag.py:448} INFO - Filling up the DagBag from /home/airflow/.local/lib/python3.6/site-packages/airflow/example_dags/example_branch_operator.py
[2021-04-14 13:36:58,815] {scheduler_job.py:639} INFO - DAG(s) dict_keys(['example_branch_operator']) retrieved from /home/airflow/.local/lib/python3.6/site-packages/airflow/example_dags/example_branch_operator.py
[2021-04-14 13:36:58,846] {logging_mixin.py:104} INFO - [2021-04-14 13:36:58,845] {dag.py:1818} INFO - Sync 1 DAGs
[2021-04-14 13:36:58,874] {logging_mixin.py:104} INFO - [2021-04-14 13:36:58,874] {dag.py:2273} INFO - Setting next_dagrun for example_branch_operator to 2021-04-12 00:00:00+00:00
[2021-04-14 13:36:58,886] {scheduler_job.py:190} INFO - Processing /home/airflow/.local/lib/python3.6/site-packages/airflow/example_dags/example_branch_operator.py took 0.098 seconds
[2021-04-14 13:37:29,204] {scheduler_job.py:182} INFO - Started process (PID=565) to work on /home/airflow/.local/lib/python3.6/site-packages/airflow/example_dags/example_branch_operator.py
[2021-04-14 13:37:29,205] {scheduler_job.py:629} INFO - Processing file /home/airflow/.local/lib/python3.6/site-packages/airflow/example_dags/example_branch_operator.py for tasks to queue
[2021-04-14 13:37:29,206] {logging_mixin.py:104} INFO - [2021-04-14 13:37:29,206] {dagbag.py:448} INFO - Filling up the DagBag from /home/airflow/.local/lib/python3.6/site-packages/airflow/example_dags/example_branch_operator.py
[2021-04-14 13:37:29,223] {scheduler_job.py:639} INFO - DAG(s) dict_keys(['example_branch_operator']) retrieved from /home/airflow/.local/lib/python3.6/site-packages/airflow/example_dags/example_branch_operator.py
[2021-04-14 13:37:29,252] {logging_mixin.py:104} INFO - [2021-04-14 13:37:29,252] {dag.py:1818} INFO - Sync 1 DAGs
[2021-04-14 13:37:29,285] {logging_mixin.py:104} INFO - [2021-04-14 13:37:29,285] {dag.py:2273} INFO - Setting next_dagrun for example_branch_operator to 2021-04-12 00:00:00+00:00
[2021-04-14 13:37:29,298] {scheduler_job.py:190} INFO - Processing /home/airflow/.local/lib/python3.6/site-packages/airflow/example_dags/example_branch_operator.py took 0.099 seconds
[2021-04-14 13:37:59,380] {scheduler_job.py:182} INFO - Started process (PID=591) to work on /home/airflow/.local/lib/python3.6/site-packages/airflow/example_dags/example_branch_operator.py
[2021-04-14 13:37:59,382] {scheduler_job.py:629} INFO - Processing file /home/airflow/.local/lib/python3.6/site-packages/airflow/example_dags/example_branch_operator.py for tasks to queue
[2021-04-14 13:37:59,383] {logging_mixin.py:104} INFO - [2021-04-14 13:37:59,383] {dagbag.py:448} INFO - Filling up the DagBag from /home/airflow/.local/lib/python3.6/site-packages/airflow/example_dags/example_branch_operator.py
[2021-04-14 13:37:59,403] {scheduler_job.py:639} INFO - DAG(s) dict_keys(['example_branch_operator']) retrieved from /home/airflow/.local/lib/python3.6/site-packages/airflow/example_dags/example_branch_operator.py
[2021-04-14 13:37:59,433] {logging_mixin.py:104} INFO - [2021-04-14 13:37:59,432] {dag.py:1818} INFO - Sync 1 DAGs
[2021-04-14 13:37:59,464] {logging_mixin.py:104} INFO - [2021-04-14 13:37:59,464] {dag.py:2273} INFO - Setting next_dagrun for example_branch_operator to 2021-04-12 00:00:00+00:00
[2021-04-14 13:37:59,478] {scheduler_job.py:190} INFO - Processing /home/airflow/.local/lib/python3.6/site-packages/airflow/example_dags/example_branch_operator.py took 0.102 seconds
[2021-04-14 13:38:29,939] {scheduler_job.py:182} INFO - Started process (PID=617) to work on /home/airflow/.local/lib/python3.6/site-packages/airflow/example_dags/example_branch_operator.py
[2021-04-14 13:38:29,940] {scheduler_job.py:629} INFO - Processing file /home/airflow/.local/lib/python3.6/site-packages/airflow/example_dags/example_branch_operator.py for tasks to queue
[2021-04-14 13:38:29,941] {logging_mixin.py:104} INFO - [2021-04-14 13:38:29,941] {dagbag.py:448} INFO - Filling up the DagBag from /home/airflow/.local/lib/python3.6/site-packages/airflow/example_dags/example_branch_operator.py
[2021-04-14 13:38:29,964] {scheduler_job.py:639} INFO - DAG(s) dict_keys(['example_branch_operator']) retrieved from /home/airflow/.local/lib/python3.6/site-packages/airflow/example_dags/example_branch_operator.py
[2021-04-14 13:38:29,991] {logging_mixin.py:104} INFO - [2021-04-14 13:38:29,991] {dag.py:1818} INFO - Sync 1 DAGs
[2021-04-14 13:38:30,020] {logging_mixin.py:104} INFO - [2021-04-14 13:38:30,020] {dag.py:2273} INFO - Setting next_dagrun for example_branch_operator to 2021-04-12 00:00:00+00:00
[2021-04-14 13:38:30,036] {scheduler_job.py:190} INFO - Processing /home/airflow/.local/lib/python3.6/site-packages/airflow/example_dags/example_branch_operator.py took 0.100 seconds
[2021-04-14 13:39:00,181] {scheduler_job.py:182} INFO - Started process (PID=643) to work on /home/airflow/.local/lib/python3.6/site-packages/airflow/example_dags/example_branch_operator.py
[2021-04-14 13:39:00,183] {scheduler_job.py:629} INFO - Processing file /home/airflow/.local/lib/python3.6/site-packages/airflow/example_dags/example_branch_operator.py for tasks to queue
[2021-04-14 13:39:00,183] {logging_mixin.py:104} INFO - [2021-04-14 13:39:00,183] {dagbag.py:448} INFO - Filling up the DagBag from /home/airflow/.local/lib/python3.6/site-packages/airflow/example_dags/example_branch_operator.py
[2021-04-14 13:39:00,203] {scheduler_job.py:639} INFO - DAG(s) dict_keys(['example_branch_operator']) retrieved from /home/airflow/.local/lib/python3.6/site-packages/airflow/example_dags/example_branch_operator.py
[2021-04-14 13:39:00,229] {logging_mixin.py:104} INFO - [2021-04-14 13:39:00,229] {dag.py:1818} INFO - Sync 1 DAGs
[2021-04-14 13:39:00,258] {logging_mixin.py:104} INFO - [2021-04-14 13:39:00,257] {dag.py:2273} INFO - Setting next_dagrun for example_branch_operator to 2021-04-12 00:00:00+00:00
[2021-04-14 13:39:00,271] {scheduler_job.py:190} INFO - Processing /home/airflow/.local/lib/python3.6/site-packages/airflow/example_dags/example_branch_operator.py took 0.093 seconds
[2021-04-14 13:39:30,449] {scheduler_job.py:182} INFO - Started process (PID=669) to work on /home/airflow/.local/lib/python3.6/site-packages/airflow/example_dags/example_branch_operator.py
[2021-04-14 13:39:30,450] {scheduler_job.py:629} INFO - Processing file /home/airflow/.local/lib/python3.6/site-packages/airflow/example_dags/example_branch_operator.py for tasks to queue
[2021-04-14 13:39:30,451] {logging_mixin.py:104} INFO - [2021-04-14 13:39:30,451] {dagbag.py:448} INFO - Filling up the DagBag from /home/airflow/.local/lib/python3.6/site-packages/airflow/example_dags/example_branch_operator.py
[2021-04-14 13:39:30,485] {scheduler_job.py:639} INFO - DAG(s) dict_keys(['example_branch_operator']) retrieved from /home/airflow/.local/lib/python3.6/site-packages/airflow/example_dags/example_branch_operator.py
[2021-04-14 13:39:30,514] {logging_mixin.py:104} INFO - [2021-04-14 13:39:30,513] {dag.py:1818} INFO - Sync 1 DAGs
[2021-04-14 13:39:30,545] {logging_mixin.py:104} INFO - [2021-04-14 13:39:30,544] {dag.py:2273} INFO - Setting next_dagrun for example_branch_operator to 2021-04-12 00:00:00+00:00
[2021-04-14 13:39:30,559] {scheduler_job.py:190} INFO - Processing /home/airflow/.local/lib/python3.6/site-packages/airflow/example_dags/example_branch_operator.py took 0.114 seconds
[2021-04-14 13:40:00,983] {scheduler_job.py:182} INFO - Started process (PID=695) to work on /home/airflow/.local/lib/python3.6/site-packages/airflow/example_dags/example_branch_operator.py
[2021-04-14 13:40:00,986] {scheduler_job.py:629} INFO - Processing file /home/airflow/.local/lib/python3.6/site-packages/airflow/example_dags/example_branch_operator.py for tasks to queue
[2021-04-14 13:40:00,988] {logging_mixin.py:104} INFO - [2021-04-14 13:40:00,988] {dagbag.py:448} INFO - Filling up the DagBag from /home/airflow/.local/lib/python3.6/site-packages/airflow/example_dags/example_branch_operator.py
[2021-04-14 13:40:01,024] {scheduler_job.py:639} INFO - DAG(s) dict_keys(['example_branch_operator']) retrieved from /home/airflow/.local/lib/python3.6/site-packages/airflow/example_dags/example_branch_operator.py
[2021-04-14 13:40:01,064] {logging_mixin.py:104} INFO - [2021-04-14 13:40:01,064] {dag.py:1818} INFO - Sync 1 DAGs
[2021-04-14 13:40:01,101] {logging_mixin.py:104} INFO - [2021-04-14 13:40:01,101] {dag.py:2273} INFO - Setting next_dagrun for example_branch_operator to 2021-04-12 00:00:00+00:00
[2021-04-14 13:40:01,119] {scheduler_job.py:190} INFO - Processing /home/airflow/.local/lib/python3.6/site-packages/airflow/example_dags/example_branch_operator.py took 0.141 seconds
[2021-04-14 13:40:31,877] {scheduler_job.py:182} INFO - Started process (PID=721) to work on /home/airflow/.local/lib/python3.6/site-packages/airflow/example_dags/example_branch_operator.py
[2021-04-14 13:40:31,879] {scheduler_job.py:629} INFO - Processing file /home/airflow/.local/lib/python3.6/site-packages/airflow/example_dags/example_branch_operator.py for tasks to queue
[2021-04-14 13:40:31,881] {logging_mixin.py:104} INFO - [2021-04-14 13:40:31,880] {dagbag.py:448} INFO - Filling up the DagBag from /home/airflow/.local/lib/python3.6/site-packages/airflow/example_dags/example_branch_operator.py
[2021-04-14 13:40:31,915] {scheduler_job.py:639} INFO - DAG(s) dict_keys(['example_branch_operator']) retrieved from /home/airflow/.local/lib/python3.6/site-packages/airflow/example_dags/example_branch_operator.py
[2021-04-14 13:40:31,960] {logging_mixin.py:104} INFO - [2021-04-14 13:40:31,960] {dag.py:1818} INFO - Sync 1 DAGs
[2021-04-14 13:40:32,005] {logging_mixin.py:104} INFO - [2021-04-14 13:40:32,005] {dag.py:2273} INFO - Setting next_dagrun for example_branch_operator to 2021-04-12 00:00:00+00:00
[2021-04-14 13:40:32,023] {scheduler_job.py:190} INFO - Processing /home/airflow/.local/lib/python3.6/site-packages/airflow/example_dags/example_branch_operator.py took 0.153 seconds
[2021-04-14 13:41:02,221] {scheduler_job.py:182} INFO - Started process (PID=747) to work on /home/airflow/.local/lib/python3.6/site-packages/airflow/example_dags/example_branch_operator.py
[2021-04-14 13:41:02,223] {scheduler_job.py:629} INFO - Processing file /home/airflow/.local/lib/python3.6/site-packages/airflow/example_dags/example_branch_operator.py for tasks to queue
[2021-04-14 13:41:02,225] {logging_mixin.py:104} INFO - [2021-04-14 13:41:02,225] {dagbag.py:448} INFO - Filling up the DagBag from /home/airflow/.local/lib/python3.6/site-packages/airflow/example_dags/example_branch_operator.py
[2021-04-14 13:41:02,269] {scheduler_job.py:639} INFO - DAG(s) dict_keys(['example_branch_operator']) retrieved from /home/airflow/.local/lib/python3.6/site-packages/airflow/example_dags/example_branch_operator.py
[2021-04-14 13:41:02,305] {logging_mixin.py:104} INFO - [2021-04-14 13:41:02,304] {dag.py:1818} INFO - Sync 1 DAGs
[2021-04-14 13:41:02,339] {logging_mixin.py:104} INFO - [2021-04-14 13:41:02,339] {dag.py:2273} INFO - Setting next_dagrun for example_branch_operator to 2021-04-12 00:00:00+00:00
[2021-04-14 13:41:02,356] {scheduler_job.py:190} INFO - Processing /home/airflow/.local/lib/python3.6/site-packages/airflow/example_dags/example_branch_operator.py took 0.141 seconds
[2021-04-14 13:41:32,703] {scheduler_job.py:182} INFO - Started process (PID=773) to work on /home/airflow/.local/lib/python3.6/site-packages/airflow/example_dags/example_branch_operator.py
[2021-04-14 13:41:32,705] {scheduler_job.py:629} INFO - Processing file /home/airflow/.local/lib/python3.6/site-packages/airflow/example_dags/example_branch_operator.py for tasks to queue
[2021-04-14 13:41:32,708] {logging_mixin.py:104} INFO - [2021-04-14 13:41:32,708] {dagbag.py:448} INFO - Filling up the DagBag from /home/airflow/.local/lib/python3.6/site-packages/airflow/example_dags/example_branch_operator.py
[2021-04-14 13:41:32,747] {scheduler_job.py:639} INFO - DAG(s) dict_keys(['example_branch_operator']) retrieved from /home/airflow/.local/lib/python3.6/site-packages/airflow/example_dags/example_branch_operator.py
[2021-04-14 13:41:32,790] {logging_mixin.py:104} INFO - [2021-04-14 13:41:32,790] {dag.py:1818} INFO - Sync 1 DAGs
[2021-04-14 13:41:32,837] {logging_mixin.py:104} INFO - [2021-04-14 13:41:32,837] {dag.py:2273} INFO - Setting next_dagrun for example_branch_operator to 2021-04-12 00:00:00+00:00
[2021-04-14 13:41:32,856] {scheduler_job.py:190} INFO - Processing /home/airflow/.local/lib/python3.6/site-packages/airflow/example_dags/example_branch_operator.py took 0.158 seconds
[2021-04-14 13:42:02,983] {scheduler_job.py:182} INFO - Started process (PID=799) to work on /home/airflow/.local/lib/python3.6/site-packages/airflow/example_dags/example_branch_operator.py
[2021-04-14 13:42:02,985] {scheduler_job.py:629} INFO - Processing file /home/airflow/.local/lib/python3.6/site-packages/airflow/example_dags/example_branch_operator.py for tasks to queue
[2021-04-14 13:42:02,986] {logging_mixin.py:104} INFO - [2021-04-14 13:42:02,986] {dagbag.py:448} INFO - Filling up the DagBag from /home/airflow/.local/lib/python3.6/site-packages/airflow/example_dags/example_branch_operator.py
[2021-04-14 13:42:03,018] {scheduler_job.py:639} INFO - DAG(s) dict_keys(['example_branch_operator']) retrieved from /home/airflow/.local/lib/python3.6/site-packages/airflow/example_dags/example_branch_operator.py
[2021-04-14 13:42:03,053] {logging_mixin.py:104} INFO - [2021-04-14 13:42:03,053] {dag.py:1818} INFO - Sync 1 DAGs
[2021-04-14 13:42:03,097] {logging_mixin.py:104} INFO - [2021-04-14 13:42:03,096] {dag.py:2273} INFO - Setting next_dagrun for example_branch_operator to 2021-04-12 00:00:00+00:00
[2021-04-14 13:42:03,112] {scheduler_job.py:190} INFO - Processing /home/airflow/.local/lib/python3.6/site-packages/airflow/example_dags/example_branch_operator.py took 0.135 seconds
[2021-04-14 13:42:33,244] {scheduler_job.py:182} INFO - Started process (PID=825) to work on /home/airflow/.local/lib/python3.6/site-packages/airflow/example_dags/example_branch_operator.py
[2021-04-14 13:42:33,246] {scheduler_job.py:629} INFO - Processing file /home/airflow/.local/lib/python3.6/site-packages/airflow/example_dags/example_branch_operator.py for tasks to queue
[2021-04-14 13:42:33,247] {logging_mixin.py:104} INFO - [2021-04-14 13:42:33,247] {dagbag.py:448} INFO - Filling up the DagBag from /home/airflow/.local/lib/python3.6/site-packages/airflow/example_dags/example_branch_operator.py
[2021-04-14 13:42:33,281] {scheduler_job.py:639} INFO - DAG(s) dict_keys(['example_branch_operator']) retrieved from /home/airflow/.local/lib/python3.6/site-packages/airflow/example_dags/example_branch_operator.py
[2021-04-14 13:42:33,316] {logging_mixin.py:104} INFO - [2021-04-14 13:42:33,316] {dag.py:1818} INFO - Sync 1 DAGs
[2021-04-14 13:42:33,357] {logging_mixin.py:104} INFO - [2021-04-14 13:42:33,357] {dag.py:2273} INFO - Setting next_dagrun for example_branch_operator to 2021-04-12 00:00:00+00:00
[2021-04-14 13:42:33,379] {scheduler_job.py:190} INFO - Processing /home/airflow/.local/lib/python3.6/site-packages/airflow/example_dags/example_branch_operator.py took 0.139 seconds
[2021-04-14 13:43:03,973] {scheduler_job.py:182} INFO - Started process (PID=851) to work on /home/airflow/.local/lib/python3.6/site-packages/airflow/example_dags/example_branch_operator.py
[2021-04-14 13:43:03,974] {scheduler_job.py:629} INFO - Processing file /home/airflow/.local/lib/python3.6/site-packages/airflow/example_dags/example_branch_operator.py for tasks to queue
[2021-04-14 13:43:03,976] {logging_mixin.py:104} INFO - [2021-04-14 13:43:03,975] {dagbag.py:448} INFO - Filling up the DagBag from /home/airflow/.local/lib/python3.6/site-packages/airflow/example_dags/example_branch_operator.py
[2021-04-14 13:43:03,993] {scheduler_job.py:639} INFO - DAG(s) dict_keys(['example_branch_operator']) retrieved from /home/airflow/.local/lib/python3.6/site-packages/airflow/example_dags/example_branch_operator.py
[2021-04-14 13:43:04,021] {logging_mixin.py:104} INFO - [2021-04-14 13:43:04,021] {dag.py:1818} INFO - Sync 1 DAGs
[2021-04-14 13:43:04,050] {logging_mixin.py:104} INFO - [2021-04-14 13:43:04,050] {dag.py:2273} INFO - Setting next_dagrun for example_branch_operator to 2021-04-12 00:00:00+00:00
[2021-04-14 13:43:04,063] {scheduler_job.py:190} INFO - Processing /home/airflow/.local/lib/python3.6/site-packages/airflow/example_dags/example_branch_operator.py took 0.095 seconds
[2021-04-14 13:43:34,358] {scheduler_job.py:182} INFO - Started process (PID=877) to work on /home/airflow/.local/lib/python3.6/site-packages/airflow/example_dags/example_branch_operator.py
[2021-04-14 13:43:34,360] {scheduler_job.py:629} INFO - Processing file /home/airflow/.local/lib/python3.6/site-packages/airflow/example_dags/example_branch_operator.py for tasks to queue
[2021-04-14 13:43:34,362] {logging_mixin.py:104} INFO - [2021-04-14 13:43:34,361] {dagbag.py:448} INFO - Filling up the DagBag from /home/airflow/.local/lib/python3.6/site-packages/airflow/example_dags/example_branch_operator.py
[2021-04-14 13:43:34,381] {scheduler_job.py:639} INFO - DAG(s) dict_keys(['example_branch_operator']) retrieved from /home/airflow/.local/lib/python3.6/site-packages/airflow/example_dags/example_branch_operator.py
[2021-04-14 13:43:34,409] {logging_mixin.py:104} INFO - [2021-04-14 13:43:34,408] {dag.py:1818} INFO - Sync 1 DAGs
[2021-04-14 13:43:34,439] {logging_mixin.py:104} INFO - [2021-04-14 13:43:34,439] {dag.py:2273} INFO - Setting next_dagrun for example_branch_operator to 2021-04-12 00:00:00+00:00
[2021-04-14 13:43:34,452] {scheduler_job.py:190} INFO - Processing /home/airflow/.local/lib/python3.6/site-packages/airflow/example_dags/example_branch_operator.py took 0.096 seconds
[2021-04-14 13:44:04,952] {scheduler_job.py:182} INFO - Started process (PID=903) to work on /home/airflow/.local/lib/python3.6/site-packages/airflow/example_dags/example_branch_operator.py
[2021-04-14 13:44:04,954] {scheduler_job.py:629} INFO - Processing file /home/airflow/.local/lib/python3.6/site-packages/airflow/example_dags/example_branch_operator.py for tasks to queue
[2021-04-14 13:44:04,955] {logging_mixin.py:104} INFO - [2021-04-14 13:44:04,955] {dagbag.py:448} INFO - Filling up the DagBag from /home/airflow/.local/lib/python3.6/site-packages/airflow/example_dags/example_branch_operator.py
[2021-04-14 13:44:04,980] {scheduler_job.py:639} INFO - DAG(s) dict_keys(['example_branch_operator']) retrieved from /home/airflow/.local/lib/python3.6/site-packages/airflow/example_dags/example_branch_operator.py
[2021-04-14 13:44:05,009] {logging_mixin.py:104} INFO - [2021-04-14 13:44:05,009] {dag.py:1818} INFO - Sync 1 DAGs
[2021-04-14 13:44:05,039] {logging_mixin.py:104} INFO - [2021-04-14 13:44:05,039] {dag.py:2273} INFO - Setting next_dagrun for example_branch_operator to 2021-04-12 00:00:00+00:00
[2021-04-14 13:44:05,053] {scheduler_job.py:190} INFO - Processing /home/airflow/.local/lib/python3.6/site-packages/airflow/example_dags/example_branch_operator.py took 0.107 seconds
[2021-04-14 13:44:35,400] {scheduler_job.py:182} INFO - Started process (PID=929) to work on /home/airflow/.local/lib/python3.6/site-packages/airflow/example_dags/example_branch_operator.py
[2021-04-14 13:44:35,402] {scheduler_job.py:629} INFO - Processing file /home/airflow/.local/lib/python3.6/site-packages/airflow/example_dags/example_branch_operator.py for tasks to queue
[2021-04-14 13:44:35,403] {logging_mixin.py:104} INFO - [2021-04-14 13:44:35,403] {dagbag.py:448} INFO - Filling up the DagBag from /home/airflow/.local/lib/python3.6/site-packages/airflow/example_dags/example_branch_operator.py
[2021-04-14 13:44:35,426] {scheduler_job.py:639} INFO - DAG(s) dict_keys(['example_branch_operator']) retrieved from /home/airflow/.local/lib/python3.6/site-packages/airflow/example_dags/example_branch_operator.py
[2021-04-14 13:44:35,457] {logging_mixin.py:104} INFO - [2021-04-14 13:44:35,457] {dag.py:1818} INFO - Sync 1 DAGs
[2021-04-14 13:44:35,502] {logging_mixin.py:104} INFO - [2021-04-14 13:44:35,502] {dag.py:2273} INFO - Setting next_dagrun for example_branch_operator to 2021-04-12 00:00:00+00:00
[2021-04-14 13:44:35,518] {scheduler_job.py:190} INFO - Processing /home/airflow/.local/lib/python3.6/site-packages/airflow/example_dags/example_branch_operator.py took 0.122 seconds
[2021-04-14 13:45:05,857] {scheduler_job.py:182} INFO - Started process (PID=955) to work on /home/airflow/.local/lib/python3.6/site-packages/airflow/example_dags/example_branch_operator.py
[2021-04-14 13:45:05,860] {scheduler_job.py:629} INFO - Processing file /home/airflow/.local/lib/python3.6/site-packages/airflow/example_dags/example_branch_operator.py for tasks to queue
[2021-04-14 13:45:05,861] {logging_mixin.py:104} INFO - [2021-04-14 13:45:05,861] {dagbag.py:448} INFO - Filling up the DagBag from /home/airflow/.local/lib/python3.6/site-packages/airflow/example_dags/example_branch_operator.py
[2021-04-14 13:45:05,887] {scheduler_job.py:639} INFO - DAG(s) dict_keys(['example_branch_operator']) retrieved from /home/airflow/.local/lib/python3.6/site-packages/airflow/example_dags/example_branch_operator.py
[2021-04-14 13:45:05,930] {logging_mixin.py:104} INFO - [2021-04-14 13:45:05,930] {dag.py:1818} INFO - Sync 1 DAGs
[2021-04-14 13:45:05,967] {logging_mixin.py:104} INFO - [2021-04-14 13:45:05,967] {dag.py:2273} INFO - Setting next_dagrun for example_branch_operator to 2021-04-12 00:00:00+00:00
[2021-04-14 13:45:05,980] {scheduler_job.py:190} INFO - Processing /home/airflow/.local/lib/python3.6/site-packages/airflow/example_dags/example_branch_operator.py took 0.128 seconds
[2021-04-14 13:45:36,245] {scheduler_job.py:182} INFO - Started process (PID=981) to work on /home/airflow/.local/lib/python3.6/site-packages/airflow/example_dags/example_branch_operator.py
[2021-04-14 13:45:36,247] {scheduler_job.py:629} INFO - Processing file /home/airflow/.local/lib/python3.6/site-packages/airflow/example_dags/example_branch_operator.py for tasks to queue
[2021-04-14 13:45:36,248] {logging_mixin.py:104} INFO - [2021-04-14 13:45:36,248] {dagbag.py:448} INFO - Filling up the DagBag from /home/airflow/.local/lib/python3.6/site-packages/airflow/example_dags/example_branch_operator.py
[2021-04-14 13:45:36,267] {scheduler_job.py:639} INFO - DAG(s) dict_keys(['example_branch_operator']) retrieved from /home/airflow/.local/lib/python3.6/site-packages/airflow/example_dags/example_branch_operator.py
[2021-04-14 13:45:36,291] {logging_mixin.py:104} INFO - [2021-04-14 13:45:36,291] {dag.py:1818} INFO - Sync 1 DAGs
[2021-04-14 13:45:36,316] {logging_mixin.py:104} INFO - [2021-04-14 13:45:36,316] {dag.py:2273} INFO - Setting next_dagrun for example_branch_operator to 2021-04-12 00:00:00+00:00
[2021-04-14 13:45:36,330] {scheduler_job.py:190} INFO - Processing /home/airflow/.local/lib/python3.6/site-packages/airflow/example_dags/example_branch_operator.py took 0.089 seconds
[2021-04-14 13:46:06,594] {scheduler_job.py:182} INFO - Started process (PID=1007) to work on /home/airflow/.local/lib/python3.6/site-packages/airflow/example_dags/example_branch_operator.py
[2021-04-14 13:46:06,596] {scheduler_job.py:629} INFO - Processing file /home/airflow/.local/lib/python3.6/site-packages/airflow/example_dags/example_branch_operator.py for tasks to queue
[2021-04-14 13:46:06,601] {logging_mixin.py:104} INFO - [2021-04-14 13:46:06,600] {dagbag.py:448} INFO - Filling up the DagBag from /home/airflow/.local/lib/python3.6/site-packages/airflow/example_dags/example_branch_operator.py
[2021-04-14 13:46:06,630] {scheduler_job.py:639} INFO - DAG(s) dict_keys(['example_branch_operator']) retrieved from /home/airflow/.local/lib/python3.6/site-packages/airflow/example_dags/example_branch_operator.py
[2021-04-14 13:46:06,660] {logging_mixin.py:104} INFO - [2021-04-14 13:46:06,660] {dag.py:1818} INFO - Sync 1 DAGs
[2021-04-14 13:46:06,690] {logging_mixin.py:104} INFO - [2021-04-14 13:46:06,690] {dag.py:2273} INFO - Setting next_dagrun for example_branch_operator to 2021-04-12 00:00:00+00:00
[2021-04-14 13:46:06,706] {scheduler_job.py:190} INFO - Processing /home/airflow/.local/lib/python3.6/site-packages/airflow/example_dags/example_branch_operator.py took 0.116 seconds
[2021-04-14 13:46:37,087] {scheduler_job.py:182} INFO - Started process (PID=1033) to work on /home/airflow/.local/lib/python3.6/site-packages/airflow/example_dags/example_branch_operator.py
[2021-04-14 13:46:37,088] {scheduler_job.py:629} INFO - Processing file /home/airflow/.local/lib/python3.6/site-packages/airflow/example_dags/example_branch_operator.py for tasks to queue
[2021-04-14 13:46:37,089] {logging_mixin.py:104} INFO - [2021-04-14 13:46:37,089] {dagbag.py:448} INFO - Filling up the DagBag from /home/airflow/.local/lib/python3.6/site-packages/airflow/example_dags/example_branch_operator.py
[2021-04-14 13:46:37,104] {scheduler_job.py:639} INFO - DAG(s) dict_keys(['example_branch_operator']) retrieved from /home/airflow/.local/lib/python3.6/site-packages/airflow/example_dags/example_branch_operator.py
[2021-04-14 13:46:37,128] {logging_mixin.py:104} INFO - [2021-04-14 13:46:37,128] {dag.py:1818} INFO - Sync 1 DAGs
[2021-04-14 13:46:37,151] {logging_mixin.py:104} INFO - [2021-04-14 13:46:37,151] {dag.py:2273} INFO - Setting next_dagrun for example_branch_operator to 2021-04-12 00:00:00+00:00
[2021-04-14 13:46:37,161] {scheduler_job.py:190} INFO - Processing /home/airflow/.local/lib/python3.6/site-packages/airflow/example_dags/example_branch_operator.py took 0.077 seconds
[2021-04-14 13:47:07,450] {scheduler_job.py:182} INFO - Started process (PID=1059) to work on /home/airflow/.local/lib/python3.6/site-packages/airflow/example_dags/example_branch_operator.py
[2021-04-14 13:47:07,451] {scheduler_job.py:629} INFO - Processing file /home/airflow/.local/lib/python3.6/site-packages/airflow/example_dags/example_branch_operator.py for tasks to queue
[2021-04-14 13:47:07,452] {logging_mixin.py:104} INFO - [2021-04-14 13:47:07,452] {dagbag.py:448} INFO - Filling up the DagBag from /home/airflow/.local/lib/python3.6/site-packages/airflow/example_dags/example_branch_operator.py
[2021-04-14 13:47:07,471] {scheduler_job.py:639} INFO - DAG(s) dict_keys(['example_branch_operator']) retrieved from /home/airflow/.local/lib/python3.6/site-packages/airflow/example_dags/example_branch_operator.py
[2021-04-14 13:47:07,497] {logging_mixin.py:104} INFO - [2021-04-14 13:47:07,497] {dag.py:1818} INFO - Sync 1 DAGs
[2021-04-14 13:47:07,522] {logging_mixin.py:104} INFO - [2021-04-14 13:47:07,522] {dag.py:2273} INFO - Setting next_dagrun for example_branch_operator to 2021-04-12 00:00:00+00:00
[2021-04-14 13:47:07,536] {scheduler_job.py:190} INFO - Processing /home/airflow/.local/lib/python3.6/site-packages/airflow/example_dags/example_branch_operator.py took 0.089 seconds
[2021-04-14 13:47:37,780] {scheduler_job.py:182} INFO - Started process (PID=1085) to work on /home/airflow/.local/lib/python3.6/site-packages/airflow/example_dags/example_branch_operator.py
[2021-04-14 13:47:37,782] {scheduler_job.py:629} INFO - Processing file /home/airflow/.local/lib/python3.6/site-packages/airflow/example_dags/example_branch_operator.py for tasks to queue
[2021-04-14 13:47:37,783] {logging_mixin.py:104} INFO - [2021-04-14 13:47:37,783] {dagbag.py:448} INFO - Filling up the DagBag from /home/airflow/.local/lib/python3.6/site-packages/airflow/example_dags/example_branch_operator.py
[2021-04-14 13:47:37,797] {scheduler_job.py:639} INFO - DAG(s) dict_keys(['example_branch_operator']) retrieved from /home/airflow/.local/lib/python3.6/site-packages/airflow/example_dags/example_branch_operator.py
[2021-04-14 13:47:37,818] {logging_mixin.py:104} INFO - [2021-04-14 13:47:37,818] {dag.py:1818} INFO - Sync 1 DAGs
[2021-04-14 13:47:37,839] {logging_mixin.py:104} INFO - [2021-04-14 13:47:37,839] {dag.py:2273} INFO - Setting next_dagrun for example_branch_operator to 2021-04-12 00:00:00+00:00
[2021-04-14 13:47:37,891] {scheduler_job.py:190} INFO - Processing /home/airflow/.local/lib/python3.6/site-packages/airflow/example_dags/example_branch_operator.py took 0.113 seconds
[2021-04-14 13:48:08,253] {scheduler_job.py:182} INFO - Started process (PID=1111) to work on /home/airflow/.local/lib/python3.6/site-packages/airflow/example_dags/example_branch_operator.py
[2021-04-14 13:48:08,254] {scheduler_job.py:629} INFO - Processing file /home/airflow/.local/lib/python3.6/site-packages/airflow/example_dags/example_branch_operator.py for tasks to queue
[2021-04-14 13:48:08,256] {logging_mixin.py:104} INFO - [2021-04-14 13:48:08,255] {dagbag.py:448} INFO - Filling up the DagBag from /home/airflow/.local/lib/python3.6/site-packages/airflow/example_dags/example_branch_operator.py
[2021-04-14 13:48:08,270] {scheduler_job.py:639} INFO - DAG(s) dict_keys(['example_branch_operator']) retrieved from /home/airflow/.local/lib/python3.6/site-packages/airflow/example_dags/example_branch_operator.py
[2021-04-14 13:48:08,293] {logging_mixin.py:104} INFO - [2021-04-14 13:48:08,292] {dag.py:1818} INFO - Sync 1 DAGs
[2021-04-14 13:48:08,314] {logging_mixin.py:104} INFO - [2021-04-14 13:48:08,314] {dag.py:2273} INFO - Setting next_dagrun for example_branch_operator to 2021-04-12 00:00:00+00:00
[2021-04-14 13:48:08,327] {scheduler_job.py:190} INFO - Processing /home/airflow/.local/lib/python3.6/site-packages/airflow/example_dags/example_branch_operator.py took 0.077 seconds
[2021-04-14 13:48:39,078] {scheduler_job.py:182} INFO - Started process (PID=1137) to work on /home/airflow/.local/lib/python3.6/site-packages/airflow/example_dags/example_branch_operator.py
[2021-04-14 13:48:39,080] {scheduler_job.py:629} INFO - Processing file /home/airflow/.local/lib/python3.6/site-packages/airflow/example_dags/example_branch_operator.py for tasks to queue
[2021-04-14 13:48:39,081] {logging_mixin.py:104} INFO - [2021-04-14 13:48:39,080] {dagbag.py:448} INFO - Filling up the DagBag from /home/airflow/.local/lib/python3.6/site-packages/airflow/example_dags/example_branch_operator.py
[2021-04-14 13:48:39,101] {scheduler_job.py:639} INFO - DAG(s) dict_keys(['example_branch_operator']) retrieved from /home/airflow/.local/lib/python3.6/site-packages/airflow/example_dags/example_branch_operator.py
[2021-04-14 13:48:39,127] {logging_mixin.py:104} INFO - [2021-04-14 13:48:39,127] {dag.py:1818} INFO - Sync 1 DAGs
[2021-04-14 13:48:39,152] {logging_mixin.py:104} INFO - [2021-04-14 13:48:39,152] {dag.py:2273} INFO - Setting next_dagrun for example_branch_operator to 2021-04-12 00:00:00+00:00
[2021-04-14 13:48:39,166] {scheduler_job.py:190} INFO - Processing /home/airflow/.local/lib/python3.6/site-packages/airflow/example_dags/example_branch_operator.py took 0.091 seconds
