[2021-04-14 13:27:51,373] {scheduler_job.py:182} INFO - Started process (PID=49) to work on /home/airflow/.local/lib/python3.6/site-packages/airflow/example_dags/tutorial.py
[2021-04-14 13:27:51,376] {scheduler_job.py:629} INFO - Processing file /home/airflow/.local/lib/python3.6/site-packages/airflow/example_dags/tutorial.py for tasks to queue
[2021-04-14 13:27:51,378] {logging_mixin.py:104} INFO - [2021-04-14 13:27:51,378] {dagbag.py:448} INFO - Filling up the DagBag from /home/airflow/.local/lib/python3.6/site-packages/airflow/example_dags/tutorial.py
[2021-04-14 13:27:51,404] {scheduler_job.py:639} INFO - DAG(s) dict_keys(['tutorial']) retrieved from /home/airflow/.local/lib/python3.6/site-packages/airflow/example_dags/tutorial.py
[2021-04-14 13:27:51,477] {logging_mixin.py:104} INFO - [2021-04-14 13:27:51,476] {dag.py:1818} INFO - Sync 1 DAGs
[2021-04-14 13:27:51,510] {logging_mixin.py:104} INFO - [2021-04-14 13:27:51,510] {dag.py:2273} INFO - Setting next_dagrun for tutorial to 2021-04-12 00:00:00+00:00
[2021-04-14 13:27:51,536] {scheduler_job.py:190} INFO - Processing /home/airflow/.local/lib/python3.6/site-packages/airflow/example_dags/tutorial.py took 0.186 seconds
[2021-04-14 13:28:24,489] {scheduler_job.py:182} INFO - Started process (PID=96) to work on /home/airflow/.local/lib/python3.6/site-packages/airflow/example_dags/tutorial.py
[2021-04-14 13:28:24,504] {scheduler_job.py:629} INFO - Processing file /home/airflow/.local/lib/python3.6/site-packages/airflow/example_dags/tutorial.py for tasks to queue
[2021-04-14 13:28:24,506] {logging_mixin.py:104} INFO - [2021-04-14 13:28:24,506] {dagbag.py:448} INFO - Filling up the DagBag from /home/airflow/.local/lib/python3.6/site-packages/airflow/example_dags/tutorial.py
[2021-04-14 13:28:24,546] {scheduler_job.py:639} INFO - DAG(s) dict_keys(['tutorial']) retrieved from /home/airflow/.local/lib/python3.6/site-packages/airflow/example_dags/tutorial.py
[2021-04-14 13:28:24,714] {logging_mixin.py:104} INFO - [2021-04-14 13:28:24,713] {dag.py:1818} INFO - Sync 1 DAGs
[2021-04-14 13:28:24,778] {logging_mixin.py:104} INFO - [2021-04-14 13:28:24,778] {dag.py:2273} INFO - Setting next_dagrun for tutorial to 2021-04-12 00:00:00+00:00
[2021-04-14 13:28:24,820] {scheduler_job.py:190} INFO - Processing /home/airflow/.local/lib/python3.6/site-packages/airflow/example_dags/tutorial.py took 0.337 seconds
[2021-04-14 13:28:55,633] {scheduler_job.py:182} INFO - Started process (PID=128) to work on /home/airflow/.local/lib/python3.6/site-packages/airflow/example_dags/tutorial.py
[2021-04-14 13:28:55,635] {scheduler_job.py:629} INFO - Processing file /home/airflow/.local/lib/python3.6/site-packages/airflow/example_dags/tutorial.py for tasks to queue
[2021-04-14 13:28:55,636] {logging_mixin.py:104} INFO - [2021-04-14 13:28:55,636] {dagbag.py:448} INFO - Filling up the DagBag from /home/airflow/.local/lib/python3.6/site-packages/airflow/example_dags/tutorial.py
[2021-04-14 13:28:55,645] {scheduler_job.py:639} INFO - DAG(s) dict_keys(['tutorial']) retrieved from /home/airflow/.local/lib/python3.6/site-packages/airflow/example_dags/tutorial.py
[2021-04-14 13:28:55,667] {logging_mixin.py:104} INFO - [2021-04-14 13:28:55,666] {dag.py:1818} INFO - Sync 1 DAGs
[2021-04-14 13:28:55,682] {logging_mixin.py:104} INFO - [2021-04-14 13:28:55,682] {dag.py:2273} INFO - Setting next_dagrun for tutorial to 2021-04-12 00:00:00+00:00
[2021-04-14 13:28:55,692] {scheduler_job.py:190} INFO - Processing /home/airflow/.local/lib/python3.6/site-packages/airflow/example_dags/tutorial.py took 0.062 seconds
[2021-04-14 13:29:25,780] {scheduler_job.py:182} INFO - Started process (PID=154) to work on /home/airflow/.local/lib/python3.6/site-packages/airflow/example_dags/tutorial.py
[2021-04-14 13:29:25,782] {scheduler_job.py:629} INFO - Processing file /home/airflow/.local/lib/python3.6/site-packages/airflow/example_dags/tutorial.py for tasks to queue
[2021-04-14 13:29:25,783] {logging_mixin.py:104} INFO - [2021-04-14 13:29:25,783] {dagbag.py:448} INFO - Filling up the DagBag from /home/airflow/.local/lib/python3.6/site-packages/airflow/example_dags/tutorial.py
[2021-04-14 13:29:25,792] {scheduler_job.py:639} INFO - DAG(s) dict_keys(['tutorial']) retrieved from /home/airflow/.local/lib/python3.6/site-packages/airflow/example_dags/tutorial.py
[2021-04-14 13:29:25,816] {logging_mixin.py:104} INFO - [2021-04-14 13:29:25,816] {dag.py:1818} INFO - Sync 1 DAGs
[2021-04-14 13:29:25,833] {logging_mixin.py:104} INFO - [2021-04-14 13:29:25,832] {dag.py:2273} INFO - Setting next_dagrun for tutorial to 2021-04-12 00:00:00+00:00
[2021-04-14 13:29:25,844] {scheduler_job.py:190} INFO - Processing /home/airflow/.local/lib/python3.6/site-packages/airflow/example_dags/tutorial.py took 0.066 seconds
[2021-04-14 13:29:55,953] {scheduler_job.py:182} INFO - Started process (PID=180) to work on /home/airflow/.local/lib/python3.6/site-packages/airflow/example_dags/tutorial.py
[2021-04-14 13:29:55,955] {scheduler_job.py:629} INFO - Processing file /home/airflow/.local/lib/python3.6/site-packages/airflow/example_dags/tutorial.py for tasks to queue
[2021-04-14 13:29:55,956] {logging_mixin.py:104} INFO - [2021-04-14 13:29:55,956] {dagbag.py:448} INFO - Filling up the DagBag from /home/airflow/.local/lib/python3.6/site-packages/airflow/example_dags/tutorial.py
[2021-04-14 13:29:55,966] {scheduler_job.py:639} INFO - DAG(s) dict_keys(['tutorial']) retrieved from /home/airflow/.local/lib/python3.6/site-packages/airflow/example_dags/tutorial.py
[2021-04-14 13:29:55,987] {logging_mixin.py:104} INFO - [2021-04-14 13:29:55,987] {dag.py:1818} INFO - Sync 1 DAGs
[2021-04-14 13:29:56,002] {logging_mixin.py:104} INFO - [2021-04-14 13:29:56,002] {dag.py:2273} INFO - Setting next_dagrun for tutorial to 2021-04-12 00:00:00+00:00
[2021-04-14 13:29:56,012] {scheduler_job.py:190} INFO - Processing /home/airflow/.local/lib/python3.6/site-packages/airflow/example_dags/tutorial.py took 0.061 seconds
[2021-04-14 13:30:26,100] {scheduler_job.py:182} INFO - Started process (PID=206) to work on /home/airflow/.local/lib/python3.6/site-packages/airflow/example_dags/tutorial.py
[2021-04-14 13:30:26,101] {scheduler_job.py:629} INFO - Processing file /home/airflow/.local/lib/python3.6/site-packages/airflow/example_dags/tutorial.py for tasks to queue
[2021-04-14 13:30:26,102] {logging_mixin.py:104} INFO - [2021-04-14 13:30:26,102] {dagbag.py:448} INFO - Filling up the DagBag from /home/airflow/.local/lib/python3.6/site-packages/airflow/example_dags/tutorial.py
[2021-04-14 13:30:26,111] {scheduler_job.py:639} INFO - DAG(s) dict_keys(['tutorial']) retrieved from /home/airflow/.local/lib/python3.6/site-packages/airflow/example_dags/tutorial.py
[2021-04-14 13:30:26,131] {logging_mixin.py:104} INFO - [2021-04-14 13:30:26,131] {dag.py:1818} INFO - Sync 1 DAGs
[2021-04-14 13:30:26,149] {logging_mixin.py:104} INFO - [2021-04-14 13:30:26,149] {dag.py:2273} INFO - Setting next_dagrun for tutorial to 2021-04-12 00:00:00+00:00
[2021-04-14 13:30:26,161] {scheduler_job.py:190} INFO - Processing /home/airflow/.local/lib/python3.6/site-packages/airflow/example_dags/tutorial.py took 0.065 seconds
[2021-04-14 13:30:56,364] {scheduler_job.py:182} INFO - Started process (PID=232) to work on /home/airflow/.local/lib/python3.6/site-packages/airflow/example_dags/tutorial.py
[2021-04-14 13:30:56,366] {scheduler_job.py:629} INFO - Processing file /home/airflow/.local/lib/python3.6/site-packages/airflow/example_dags/tutorial.py for tasks to queue
[2021-04-14 13:30:56,367] {logging_mixin.py:104} INFO - [2021-04-14 13:30:56,367] {dagbag.py:448} INFO - Filling up the DagBag from /home/airflow/.local/lib/python3.6/site-packages/airflow/example_dags/tutorial.py
[2021-04-14 13:30:56,377] {scheduler_job.py:639} INFO - DAG(s) dict_keys(['tutorial']) retrieved from /home/airflow/.local/lib/python3.6/site-packages/airflow/example_dags/tutorial.py
[2021-04-14 13:30:56,402] {logging_mixin.py:104} INFO - [2021-04-14 13:30:56,402] {dag.py:1818} INFO - Sync 1 DAGs
[2021-04-14 13:30:56,421] {logging_mixin.py:104} INFO - [2021-04-14 13:30:56,421] {dag.py:2273} INFO - Setting next_dagrun for tutorial to 2021-04-12 00:00:00+00:00
[2021-04-14 13:30:56,433] {scheduler_job.py:190} INFO - Processing /home/airflow/.local/lib/python3.6/site-packages/airflow/example_dags/tutorial.py took 0.072 seconds
[2021-04-14 13:31:26,764] {scheduler_job.py:182} INFO - Started process (PID=258) to work on /home/airflow/.local/lib/python3.6/site-packages/airflow/example_dags/tutorial.py
[2021-04-14 13:31:26,766] {scheduler_job.py:629} INFO - Processing file /home/airflow/.local/lib/python3.6/site-packages/airflow/example_dags/tutorial.py for tasks to queue
[2021-04-14 13:31:26,767] {logging_mixin.py:104} INFO - [2021-04-14 13:31:26,767] {dagbag.py:448} INFO - Filling up the DagBag from /home/airflow/.local/lib/python3.6/site-packages/airflow/example_dags/tutorial.py
[2021-04-14 13:31:26,778] {scheduler_job.py:639} INFO - DAG(s) dict_keys(['tutorial']) retrieved from /home/airflow/.local/lib/python3.6/site-packages/airflow/example_dags/tutorial.py
[2021-04-14 13:31:26,802] {logging_mixin.py:104} INFO - [2021-04-14 13:31:26,802] {dag.py:1818} INFO - Sync 1 DAGs
[2021-04-14 13:31:26,821] {logging_mixin.py:104} INFO - [2021-04-14 13:31:26,821] {dag.py:2273} INFO - Setting next_dagrun for tutorial to 2021-04-12 00:00:00+00:00
[2021-04-14 13:31:26,834] {scheduler_job.py:190} INFO - Processing /home/airflow/.local/lib/python3.6/site-packages/airflow/example_dags/tutorial.py took 0.073 seconds
[2021-04-14 13:31:57,075] {scheduler_job.py:182} INFO - Started process (PID=284) to work on /home/airflow/.local/lib/python3.6/site-packages/airflow/example_dags/tutorial.py
[2021-04-14 13:31:57,077] {scheduler_job.py:629} INFO - Processing file /home/airflow/.local/lib/python3.6/site-packages/airflow/example_dags/tutorial.py for tasks to queue
[2021-04-14 13:31:57,078] {logging_mixin.py:104} INFO - [2021-04-14 13:31:57,078] {dagbag.py:448} INFO - Filling up the DagBag from /home/airflow/.local/lib/python3.6/site-packages/airflow/example_dags/tutorial.py
[2021-04-14 13:31:57,089] {scheduler_job.py:639} INFO - DAG(s) dict_keys(['tutorial']) retrieved from /home/airflow/.local/lib/python3.6/site-packages/airflow/example_dags/tutorial.py
[2021-04-14 13:31:57,114] {logging_mixin.py:104} INFO - [2021-04-14 13:31:57,113] {dag.py:1818} INFO - Sync 1 DAGs
[2021-04-14 13:31:57,130] {logging_mixin.py:104} INFO - [2021-04-14 13:31:57,130] {dag.py:2273} INFO - Setting next_dagrun for tutorial to 2021-04-12 00:00:00+00:00
[2021-04-14 13:31:57,145] {scheduler_job.py:190} INFO - Processing /home/airflow/.local/lib/python3.6/site-packages/airflow/example_dags/tutorial.py took 0.072 seconds
[2021-04-14 13:32:27,371] {scheduler_job.py:182} INFO - Started process (PID=310) to work on /home/airflow/.local/lib/python3.6/site-packages/airflow/example_dags/tutorial.py
[2021-04-14 13:32:27,372] {scheduler_job.py:629} INFO - Processing file /home/airflow/.local/lib/python3.6/site-packages/airflow/example_dags/tutorial.py for tasks to queue
[2021-04-14 13:32:27,373] {logging_mixin.py:104} INFO - [2021-04-14 13:32:27,373] {dagbag.py:448} INFO - Filling up the DagBag from /home/airflow/.local/lib/python3.6/site-packages/airflow/example_dags/tutorial.py
[2021-04-14 13:32:27,383] {scheduler_job.py:639} INFO - DAG(s) dict_keys(['tutorial']) retrieved from /home/airflow/.local/lib/python3.6/site-packages/airflow/example_dags/tutorial.py
[2021-04-14 13:32:27,404] {logging_mixin.py:104} INFO - [2021-04-14 13:32:27,404] {dag.py:1818} INFO - Sync 1 DAGs
[2021-04-14 13:32:27,420] {logging_mixin.py:104} INFO - [2021-04-14 13:32:27,419] {dag.py:2273} INFO - Setting next_dagrun for tutorial to 2021-04-12 00:00:00+00:00
[2021-04-14 13:32:27,429] {scheduler_job.py:190} INFO - Processing /home/airflow/.local/lib/python3.6/site-packages/airflow/example_dags/tutorial.py took 0.063 seconds
[2021-04-14 13:32:57,558] {scheduler_job.py:182} INFO - Started process (PID=336) to work on /home/airflow/.local/lib/python3.6/site-packages/airflow/example_dags/tutorial.py
[2021-04-14 13:32:57,559] {scheduler_job.py:629} INFO - Processing file /home/airflow/.local/lib/python3.6/site-packages/airflow/example_dags/tutorial.py for tasks to queue
[2021-04-14 13:32:57,560] {logging_mixin.py:104} INFO - [2021-04-14 13:32:57,560] {dagbag.py:448} INFO - Filling up the DagBag from /home/airflow/.local/lib/python3.6/site-packages/airflow/example_dags/tutorial.py
[2021-04-14 13:32:57,570] {scheduler_job.py:639} INFO - DAG(s) dict_keys(['tutorial']) retrieved from /home/airflow/.local/lib/python3.6/site-packages/airflow/example_dags/tutorial.py
[2021-04-14 13:32:57,591] {logging_mixin.py:104} INFO - [2021-04-14 13:32:57,591] {dag.py:1818} INFO - Sync 1 DAGs
[2021-04-14 13:32:57,607] {logging_mixin.py:104} INFO - [2021-04-14 13:32:57,607] {dag.py:2273} INFO - Setting next_dagrun for tutorial to 2021-04-12 00:00:00+00:00
[2021-04-14 13:32:57,617] {scheduler_job.py:190} INFO - Processing /home/airflow/.local/lib/python3.6/site-packages/airflow/example_dags/tutorial.py took 0.063 seconds
[2021-04-14 13:33:27,694] {scheduler_job.py:182} INFO - Started process (PID=362) to work on /home/airflow/.local/lib/python3.6/site-packages/airflow/example_dags/tutorial.py
[2021-04-14 13:33:27,696] {scheduler_job.py:629} INFO - Processing file /home/airflow/.local/lib/python3.6/site-packages/airflow/example_dags/tutorial.py for tasks to queue
[2021-04-14 13:33:27,697] {logging_mixin.py:104} INFO - [2021-04-14 13:33:27,696] {dagbag.py:448} INFO - Filling up the DagBag from /home/airflow/.local/lib/python3.6/site-packages/airflow/example_dags/tutorial.py
[2021-04-14 13:33:27,706] {scheduler_job.py:639} INFO - DAG(s) dict_keys(['tutorial']) retrieved from /home/airflow/.local/lib/python3.6/site-packages/airflow/example_dags/tutorial.py
[2021-04-14 13:33:27,729] {logging_mixin.py:104} INFO - [2021-04-14 13:33:27,729] {dag.py:1818} INFO - Sync 1 DAGs
[2021-04-14 13:33:27,745] {logging_mixin.py:104} INFO - [2021-04-14 13:33:27,745] {dag.py:2273} INFO - Setting next_dagrun for tutorial to 2021-04-12 00:00:00+00:00
[2021-04-14 13:33:27,755] {scheduler_job.py:190} INFO - Processing /home/airflow/.local/lib/python3.6/site-packages/airflow/example_dags/tutorial.py took 0.064 seconds
[2021-04-14 13:33:57,926] {scheduler_job.py:182} INFO - Started process (PID=388) to work on /home/airflow/.local/lib/python3.6/site-packages/airflow/example_dags/tutorial.py
[2021-04-14 13:33:57,928] {scheduler_job.py:629} INFO - Processing file /home/airflow/.local/lib/python3.6/site-packages/airflow/example_dags/tutorial.py for tasks to queue
[2021-04-14 13:33:57,929] {logging_mixin.py:104} INFO - [2021-04-14 13:33:57,929] {dagbag.py:448} INFO - Filling up the DagBag from /home/airflow/.local/lib/python3.6/site-packages/airflow/example_dags/tutorial.py
[2021-04-14 13:33:57,939] {scheduler_job.py:639} INFO - DAG(s) dict_keys(['tutorial']) retrieved from /home/airflow/.local/lib/python3.6/site-packages/airflow/example_dags/tutorial.py
[2021-04-14 13:33:57,963] {logging_mixin.py:104} INFO - [2021-04-14 13:33:57,963] {dag.py:1818} INFO - Sync 1 DAGs
[2021-04-14 13:33:57,981] {logging_mixin.py:104} INFO - [2021-04-14 13:33:57,981] {dag.py:2273} INFO - Setting next_dagrun for tutorial to 2021-04-12 00:00:00+00:00
[2021-04-14 13:33:57,996] {scheduler_job.py:190} INFO - Processing /home/airflow/.local/lib/python3.6/site-packages/airflow/example_dags/tutorial.py took 0.073 seconds
[2021-04-14 13:34:28,289] {scheduler_job.py:182} INFO - Started process (PID=414) to work on /home/airflow/.local/lib/python3.6/site-packages/airflow/example_dags/tutorial.py
[2021-04-14 13:34:28,291] {scheduler_job.py:629} INFO - Processing file /home/airflow/.local/lib/python3.6/site-packages/airflow/example_dags/tutorial.py for tasks to queue
[2021-04-14 13:34:28,292] {logging_mixin.py:104} INFO - [2021-04-14 13:34:28,291] {dagbag.py:448} INFO - Filling up the DagBag from /home/airflow/.local/lib/python3.6/site-packages/airflow/example_dags/tutorial.py
[2021-04-14 13:34:28,301] {scheduler_job.py:639} INFO - DAG(s) dict_keys(['tutorial']) retrieved from /home/airflow/.local/lib/python3.6/site-packages/airflow/example_dags/tutorial.py
[2021-04-14 13:34:28,324] {logging_mixin.py:104} INFO - [2021-04-14 13:34:28,324] {dag.py:1818} INFO - Sync 1 DAGs
[2021-04-14 13:34:28,339] {logging_mixin.py:104} INFO - [2021-04-14 13:34:28,339] {dag.py:2273} INFO - Setting next_dagrun for tutorial to 2021-04-12 00:00:00+00:00
[2021-04-14 13:34:28,349] {scheduler_job.py:190} INFO - Processing /home/airflow/.local/lib/python3.6/site-packages/airflow/example_dags/tutorial.py took 0.063 seconds
[2021-04-14 13:34:58,656] {scheduler_job.py:182} INFO - Started process (PID=440) to work on /home/airflow/.local/lib/python3.6/site-packages/airflow/example_dags/tutorial.py
[2021-04-14 13:34:58,658] {scheduler_job.py:629} INFO - Processing file /home/airflow/.local/lib/python3.6/site-packages/airflow/example_dags/tutorial.py for tasks to queue
[2021-04-14 13:34:58,659] {logging_mixin.py:104} INFO - [2021-04-14 13:34:58,659] {dagbag.py:448} INFO - Filling up the DagBag from /home/airflow/.local/lib/python3.6/site-packages/airflow/example_dags/tutorial.py
[2021-04-14 13:34:58,670] {scheduler_job.py:639} INFO - DAG(s) dict_keys(['tutorial']) retrieved from /home/airflow/.local/lib/python3.6/site-packages/airflow/example_dags/tutorial.py
[2021-04-14 13:34:58,693] {logging_mixin.py:104} INFO - [2021-04-14 13:34:58,692] {dag.py:1818} INFO - Sync 1 DAGs
[2021-04-14 13:34:58,711] {logging_mixin.py:104} INFO - [2021-04-14 13:34:58,711] {dag.py:2273} INFO - Setting next_dagrun for tutorial to 2021-04-12 00:00:00+00:00
[2021-04-14 13:34:58,726] {scheduler_job.py:190} INFO - Processing /home/airflow/.local/lib/python3.6/site-packages/airflow/example_dags/tutorial.py took 0.073 seconds
[2021-04-14 13:35:29,050] {scheduler_job.py:182} INFO - Started process (PID=466) to work on /home/airflow/.local/lib/python3.6/site-packages/airflow/example_dags/tutorial.py
[2021-04-14 13:35:29,052] {scheduler_job.py:629} INFO - Processing file /home/airflow/.local/lib/python3.6/site-packages/airflow/example_dags/tutorial.py for tasks to queue
[2021-04-14 13:35:29,054] {logging_mixin.py:104} INFO - [2021-04-14 13:35:29,054] {dagbag.py:448} INFO - Filling up the DagBag from /home/airflow/.local/lib/python3.6/site-packages/airflow/example_dags/tutorial.py
[2021-04-14 13:35:29,067] {scheduler_job.py:639} INFO - DAG(s) dict_keys(['tutorial']) retrieved from /home/airflow/.local/lib/python3.6/site-packages/airflow/example_dags/tutorial.py
[2021-04-14 13:35:29,094] {logging_mixin.py:104} INFO - [2021-04-14 13:35:29,094] {dag.py:1818} INFO - Sync 1 DAGs
[2021-04-14 13:35:29,118] {logging_mixin.py:104} INFO - [2021-04-14 13:35:29,118] {dag.py:2273} INFO - Setting next_dagrun for tutorial to 2021-04-12 00:00:00+00:00
[2021-04-14 13:35:29,130] {scheduler_job.py:190} INFO - Processing /home/airflow/.local/lib/python3.6/site-packages/airflow/example_dags/tutorial.py took 0.084 seconds
[2021-04-14 13:35:59,305] {scheduler_job.py:182} INFO - Started process (PID=492) to work on /home/airflow/.local/lib/python3.6/site-packages/airflow/example_dags/tutorial.py
[2021-04-14 13:35:59,306] {scheduler_job.py:629} INFO - Processing file /home/airflow/.local/lib/python3.6/site-packages/airflow/example_dags/tutorial.py for tasks to queue
[2021-04-14 13:35:59,308] {logging_mixin.py:104} INFO - [2021-04-14 13:35:59,307] {dagbag.py:448} INFO - Filling up the DagBag from /home/airflow/.local/lib/python3.6/site-packages/airflow/example_dags/tutorial.py
[2021-04-14 13:35:59,321] {scheduler_job.py:639} INFO - DAG(s) dict_keys(['tutorial']) retrieved from /home/airflow/.local/lib/python3.6/site-packages/airflow/example_dags/tutorial.py
[2021-04-14 13:35:59,347] {logging_mixin.py:104} INFO - [2021-04-14 13:35:59,347] {dag.py:1818} INFO - Sync 1 DAGs
[2021-04-14 13:35:59,369] {logging_mixin.py:104} INFO - [2021-04-14 13:35:59,369] {dag.py:2273} INFO - Setting next_dagrun for tutorial to 2021-04-12 00:00:00+00:00
[2021-04-14 13:35:59,382] {scheduler_job.py:190} INFO - Processing /home/airflow/.local/lib/python3.6/site-packages/airflow/example_dags/tutorial.py took 0.082 seconds
[2021-04-14 13:36:29,627] {scheduler_job.py:182} INFO - Started process (PID=518) to work on /home/airflow/.local/lib/python3.6/site-packages/airflow/example_dags/tutorial.py
[2021-04-14 13:36:29,629] {scheduler_job.py:629} INFO - Processing file /home/airflow/.local/lib/python3.6/site-packages/airflow/example_dags/tutorial.py for tasks to queue
[2021-04-14 13:36:29,631] {logging_mixin.py:104} INFO - [2021-04-14 13:36:29,631] {dagbag.py:448} INFO - Filling up the DagBag from /home/airflow/.local/lib/python3.6/site-packages/airflow/example_dags/tutorial.py
[2021-04-14 13:36:29,643] {scheduler_job.py:639} INFO - DAG(s) dict_keys(['tutorial']) retrieved from /home/airflow/.local/lib/python3.6/site-packages/airflow/example_dags/tutorial.py
[2021-04-14 13:36:29,668] {logging_mixin.py:104} INFO - [2021-04-14 13:36:29,668] {dag.py:1818} INFO - Sync 1 DAGs
[2021-04-14 13:36:29,688] {logging_mixin.py:104} INFO - [2021-04-14 13:36:29,688] {dag.py:2273} INFO - Setting next_dagrun for tutorial to 2021-04-12 00:00:00+00:00
[2021-04-14 13:36:29,700] {scheduler_job.py:190} INFO - Processing /home/airflow/.local/lib/python3.6/site-packages/airflow/example_dags/tutorial.py took 0.078 seconds
[2021-04-14 13:37:00,018] {scheduler_job.py:182} INFO - Started process (PID=544) to work on /home/airflow/.local/lib/python3.6/site-packages/airflow/example_dags/tutorial.py
[2021-04-14 13:37:00,020] {scheduler_job.py:629} INFO - Processing file /home/airflow/.local/lib/python3.6/site-packages/airflow/example_dags/tutorial.py for tasks to queue
[2021-04-14 13:37:00,023] {logging_mixin.py:104} INFO - [2021-04-14 13:37:00,023] {dagbag.py:448} INFO - Filling up the DagBag from /home/airflow/.local/lib/python3.6/site-packages/airflow/example_dags/tutorial.py
[2021-04-14 13:37:00,047] {scheduler_job.py:639} INFO - DAG(s) dict_keys(['tutorial']) retrieved from /home/airflow/.local/lib/python3.6/site-packages/airflow/example_dags/tutorial.py
[2021-04-14 13:37:00,085] {logging_mixin.py:104} INFO - [2021-04-14 13:37:00,085] {dag.py:1818} INFO - Sync 1 DAGs
[2021-04-14 13:37:00,121] {logging_mixin.py:104} INFO - [2021-04-14 13:37:00,120] {dag.py:2273} INFO - Setting next_dagrun for tutorial to 2021-04-12 00:00:00+00:00
[2021-04-14 13:37:00,140] {scheduler_job.py:190} INFO - Processing /home/airflow/.local/lib/python3.6/site-packages/airflow/example_dags/tutorial.py took 0.127 seconds
[2021-04-14 13:37:30,421] {scheduler_job.py:182} INFO - Started process (PID=570) to work on /home/airflow/.local/lib/python3.6/site-packages/airflow/example_dags/tutorial.py
[2021-04-14 13:37:30,423] {scheduler_job.py:629} INFO - Processing file /home/airflow/.local/lib/python3.6/site-packages/airflow/example_dags/tutorial.py for tasks to queue
[2021-04-14 13:37:30,424] {logging_mixin.py:104} INFO - [2021-04-14 13:37:30,424] {dagbag.py:448} INFO - Filling up the DagBag from /home/airflow/.local/lib/python3.6/site-packages/airflow/example_dags/tutorial.py
[2021-04-14 13:37:30,437] {scheduler_job.py:639} INFO - DAG(s) dict_keys(['tutorial']) retrieved from /home/airflow/.local/lib/python3.6/site-packages/airflow/example_dags/tutorial.py
[2021-04-14 13:37:30,464] {logging_mixin.py:104} INFO - [2021-04-14 13:37:30,464] {dag.py:1818} INFO - Sync 1 DAGs
[2021-04-14 13:37:30,486] {logging_mixin.py:104} INFO - [2021-04-14 13:37:30,486] {dag.py:2273} INFO - Setting next_dagrun for tutorial to 2021-04-12 00:00:00+00:00
[2021-04-14 13:37:30,498] {scheduler_job.py:190} INFO - Processing /home/airflow/.local/lib/python3.6/site-packages/airflow/example_dags/tutorial.py took 0.082 seconds
[2021-04-14 13:38:00,637] {scheduler_job.py:182} INFO - Started process (PID=596) to work on /home/airflow/.local/lib/python3.6/site-packages/airflow/example_dags/tutorial.py
[2021-04-14 13:38:00,639] {scheduler_job.py:629} INFO - Processing file /home/airflow/.local/lib/python3.6/site-packages/airflow/example_dags/tutorial.py for tasks to queue
[2021-04-14 13:38:00,641] {logging_mixin.py:104} INFO - [2021-04-14 13:38:00,640] {dagbag.py:448} INFO - Filling up the DagBag from /home/airflow/.local/lib/python3.6/site-packages/airflow/example_dags/tutorial.py
[2021-04-14 13:38:00,657] {scheduler_job.py:639} INFO - DAG(s) dict_keys(['tutorial']) retrieved from /home/airflow/.local/lib/python3.6/site-packages/airflow/example_dags/tutorial.py
[2021-04-14 13:38:00,692] {logging_mixin.py:104} INFO - [2021-04-14 13:38:00,692] {dag.py:1818} INFO - Sync 1 DAGs
[2021-04-14 13:38:00,716] {logging_mixin.py:104} INFO - [2021-04-14 13:38:00,716] {dag.py:2273} INFO - Setting next_dagrun for tutorial to 2021-04-12 00:00:00+00:00
[2021-04-14 13:38:00,730] {scheduler_job.py:190} INFO - Processing /home/airflow/.local/lib/python3.6/site-packages/airflow/example_dags/tutorial.py took 0.098 seconds
[2021-04-14 13:38:31,152] {scheduler_job.py:182} INFO - Started process (PID=622) to work on /home/airflow/.local/lib/python3.6/site-packages/airflow/example_dags/tutorial.py
[2021-04-14 13:38:31,153] {scheduler_job.py:629} INFO - Processing file /home/airflow/.local/lib/python3.6/site-packages/airflow/example_dags/tutorial.py for tasks to queue
[2021-04-14 13:38:31,154] {logging_mixin.py:104} INFO - [2021-04-14 13:38:31,154] {dagbag.py:448} INFO - Filling up the DagBag from /home/airflow/.local/lib/python3.6/site-packages/airflow/example_dags/tutorial.py
[2021-04-14 13:38:31,167] {scheduler_job.py:639} INFO - DAG(s) dict_keys(['tutorial']) retrieved from /home/airflow/.local/lib/python3.6/site-packages/airflow/example_dags/tutorial.py
[2021-04-14 13:38:31,193] {logging_mixin.py:104} INFO - [2021-04-14 13:38:31,192] {dag.py:1818} INFO - Sync 1 DAGs
[2021-04-14 13:38:31,211] {logging_mixin.py:104} INFO - [2021-04-14 13:38:31,211] {dag.py:2273} INFO - Setting next_dagrun for tutorial to 2021-04-12 00:00:00+00:00
[2021-04-14 13:38:31,223] {scheduler_job.py:190} INFO - Processing /home/airflow/.local/lib/python3.6/site-packages/airflow/example_dags/tutorial.py took 0.076 seconds
[2021-04-14 13:39:01,380] {scheduler_job.py:182} INFO - Started process (PID=648) to work on /home/airflow/.local/lib/python3.6/site-packages/airflow/example_dags/tutorial.py
[2021-04-14 13:39:01,381] {scheduler_job.py:629} INFO - Processing file /home/airflow/.local/lib/python3.6/site-packages/airflow/example_dags/tutorial.py for tasks to queue
[2021-04-14 13:39:01,382] {logging_mixin.py:104} INFO - [2021-04-14 13:39:01,382] {dagbag.py:448} INFO - Filling up the DagBag from /home/airflow/.local/lib/python3.6/site-packages/airflow/example_dags/tutorial.py
[2021-04-14 13:39:01,393] {scheduler_job.py:639} INFO - DAG(s) dict_keys(['tutorial']) retrieved from /home/airflow/.local/lib/python3.6/site-packages/airflow/example_dags/tutorial.py
[2021-04-14 13:39:01,420] {logging_mixin.py:104} INFO - [2021-04-14 13:39:01,420] {dag.py:1818} INFO - Sync 1 DAGs
[2021-04-14 13:39:01,437] {logging_mixin.py:104} INFO - [2021-04-14 13:39:01,437] {dag.py:2273} INFO - Setting next_dagrun for tutorial to 2021-04-12 00:00:00+00:00
[2021-04-14 13:39:01,448] {scheduler_job.py:190} INFO - Processing /home/airflow/.local/lib/python3.6/site-packages/airflow/example_dags/tutorial.py took 0.074 seconds
[2021-04-14 13:39:31,684] {scheduler_job.py:182} INFO - Started process (PID=674) to work on /home/airflow/.local/lib/python3.6/site-packages/airflow/example_dags/tutorial.py
[2021-04-14 13:39:31,686] {scheduler_job.py:629} INFO - Processing file /home/airflow/.local/lib/python3.6/site-packages/airflow/example_dags/tutorial.py for tasks to queue
[2021-04-14 13:39:31,687] {logging_mixin.py:104} INFO - [2021-04-14 13:39:31,687] {dagbag.py:448} INFO - Filling up the DagBag from /home/airflow/.local/lib/python3.6/site-packages/airflow/example_dags/tutorial.py
[2021-04-14 13:39:31,700] {scheduler_job.py:639} INFO - DAG(s) dict_keys(['tutorial']) retrieved from /home/airflow/.local/lib/python3.6/site-packages/airflow/example_dags/tutorial.py
[2021-04-14 13:39:31,729] {logging_mixin.py:104} INFO - [2021-04-14 13:39:31,729] {dag.py:1818} INFO - Sync 1 DAGs
[2021-04-14 13:39:31,747] {logging_mixin.py:104} INFO - [2021-04-14 13:39:31,747] {dag.py:2273} INFO - Setting next_dagrun for tutorial to 2021-04-12 00:00:00+00:00
[2021-04-14 13:39:31,763] {scheduler_job.py:190} INFO - Processing /home/airflow/.local/lib/python3.6/site-packages/airflow/example_dags/tutorial.py took 0.083 seconds
[2021-04-14 13:40:02,283] {scheduler_job.py:182} INFO - Started process (PID=700) to work on /home/airflow/.local/lib/python3.6/site-packages/airflow/example_dags/tutorial.py
[2021-04-14 13:40:02,287] {scheduler_job.py:629} INFO - Processing file /home/airflow/.local/lib/python3.6/site-packages/airflow/example_dags/tutorial.py for tasks to queue
[2021-04-14 13:40:02,289] {logging_mixin.py:104} INFO - [2021-04-14 13:40:02,289] {dagbag.py:448} INFO - Filling up the DagBag from /home/airflow/.local/lib/python3.6/site-packages/airflow/example_dags/tutorial.py
[2021-04-14 13:40:02,306] {scheduler_job.py:639} INFO - DAG(s) dict_keys(['tutorial']) retrieved from /home/airflow/.local/lib/python3.6/site-packages/airflow/example_dags/tutorial.py
[2021-04-14 13:40:02,347] {logging_mixin.py:104} INFO - [2021-04-14 13:40:02,347] {dag.py:1818} INFO - Sync 1 DAGs
[2021-04-14 13:40:02,381] {logging_mixin.py:104} INFO - [2021-04-14 13:40:02,381] {dag.py:2273} INFO - Setting next_dagrun for tutorial to 2021-04-12 00:00:00+00:00
[2021-04-14 13:40:02,403] {scheduler_job.py:190} INFO - Processing /home/airflow/.local/lib/python3.6/site-packages/airflow/example_dags/tutorial.py took 0.125 seconds
[2021-04-14 13:40:33,227] {scheduler_job.py:182} INFO - Started process (PID=726) to work on /home/airflow/.local/lib/python3.6/site-packages/airflow/example_dags/tutorial.py
[2021-04-14 13:40:33,228] {scheduler_job.py:629} INFO - Processing file /home/airflow/.local/lib/python3.6/site-packages/airflow/example_dags/tutorial.py for tasks to queue
[2021-04-14 13:40:33,230] {logging_mixin.py:104} INFO - [2021-04-14 13:40:33,230] {dagbag.py:448} INFO - Filling up the DagBag from /home/airflow/.local/lib/python3.6/site-packages/airflow/example_dags/tutorial.py
[2021-04-14 13:40:33,262] {scheduler_job.py:639} INFO - DAG(s) dict_keys(['tutorial']) retrieved from /home/airflow/.local/lib/python3.6/site-packages/airflow/example_dags/tutorial.py
[2021-04-14 13:40:33,308] {logging_mixin.py:104} INFO - [2021-04-14 13:40:33,307] {dag.py:1818} INFO - Sync 1 DAGs
[2021-04-14 13:40:33,338] {logging_mixin.py:104} INFO - [2021-04-14 13:40:33,337] {dag.py:2273} INFO - Setting next_dagrun for tutorial to 2021-04-12 00:00:00+00:00
[2021-04-14 13:40:33,356] {scheduler_job.py:190} INFO - Processing /home/airflow/.local/lib/python3.6/site-packages/airflow/example_dags/tutorial.py took 0.135 seconds
[2021-04-14 13:41:03,510] {scheduler_job.py:182} INFO - Started process (PID=752) to work on /home/airflow/.local/lib/python3.6/site-packages/airflow/example_dags/tutorial.py
[2021-04-14 13:41:03,513] {scheduler_job.py:629} INFO - Processing file /home/airflow/.local/lib/python3.6/site-packages/airflow/example_dags/tutorial.py for tasks to queue
[2021-04-14 13:41:03,514] {logging_mixin.py:104} INFO - [2021-04-14 13:41:03,514] {dagbag.py:448} INFO - Filling up the DagBag from /home/airflow/.local/lib/python3.6/site-packages/airflow/example_dags/tutorial.py
[2021-04-14 13:41:03,535] {scheduler_job.py:639} INFO - DAG(s) dict_keys(['tutorial']) retrieved from /home/airflow/.local/lib/python3.6/site-packages/airflow/example_dags/tutorial.py
[2021-04-14 13:41:03,568] {logging_mixin.py:104} INFO - [2021-04-14 13:41:03,568] {dag.py:1818} INFO - Sync 1 DAGs
[2021-04-14 13:41:03,593] {logging_mixin.py:104} INFO - [2021-04-14 13:41:03,592] {dag.py:2273} INFO - Setting next_dagrun for tutorial to 2021-04-12 00:00:00+00:00
[2021-04-14 13:41:03,612] {scheduler_job.py:190} INFO - Processing /home/airflow/.local/lib/python3.6/site-packages/airflow/example_dags/tutorial.py took 0.106 seconds
[2021-04-14 13:41:34,008] {scheduler_job.py:182} INFO - Started process (PID=778) to work on /home/airflow/.local/lib/python3.6/site-packages/airflow/example_dags/tutorial.py
[2021-04-14 13:41:34,010] {scheduler_job.py:629} INFO - Processing file /home/airflow/.local/lib/python3.6/site-packages/airflow/example_dags/tutorial.py for tasks to queue
[2021-04-14 13:41:34,012] {logging_mixin.py:104} INFO - [2021-04-14 13:41:34,012] {dagbag.py:448} INFO - Filling up the DagBag from /home/airflow/.local/lib/python3.6/site-packages/airflow/example_dags/tutorial.py
[2021-04-14 13:41:34,035] {scheduler_job.py:639} INFO - DAG(s) dict_keys(['tutorial']) retrieved from /home/airflow/.local/lib/python3.6/site-packages/airflow/example_dags/tutorial.py
[2021-04-14 13:41:34,072] {logging_mixin.py:104} INFO - [2021-04-14 13:41:34,072] {dag.py:1818} INFO - Sync 1 DAGs
[2021-04-14 13:41:34,101] {logging_mixin.py:104} INFO - [2021-04-14 13:41:34,101] {dag.py:2273} INFO - Setting next_dagrun for tutorial to 2021-04-12 00:00:00+00:00
[2021-04-14 13:41:34,118] {scheduler_job.py:190} INFO - Processing /home/airflow/.local/lib/python3.6/site-packages/airflow/example_dags/tutorial.py took 0.117 seconds
[2021-04-14 13:42:04,303] {scheduler_job.py:182} INFO - Started process (PID=804) to work on /home/airflow/.local/lib/python3.6/site-packages/airflow/example_dags/tutorial.py
[2021-04-14 13:42:04,304] {scheduler_job.py:629} INFO - Processing file /home/airflow/.local/lib/python3.6/site-packages/airflow/example_dags/tutorial.py for tasks to queue
[2021-04-14 13:42:04,306] {logging_mixin.py:104} INFO - [2021-04-14 13:42:04,306] {dagbag.py:448} INFO - Filling up the DagBag from /home/airflow/.local/lib/python3.6/site-packages/airflow/example_dags/tutorial.py
[2021-04-14 13:42:04,327] {scheduler_job.py:639} INFO - DAG(s) dict_keys(['tutorial']) retrieved from /home/airflow/.local/lib/python3.6/site-packages/airflow/example_dags/tutorial.py
[2021-04-14 13:42:04,362] {logging_mixin.py:104} INFO - [2021-04-14 13:42:04,361] {dag.py:1818} INFO - Sync 1 DAGs
[2021-04-14 13:42:04,387] {logging_mixin.py:104} INFO - [2021-04-14 13:42:04,387] {dag.py:2273} INFO - Setting next_dagrun for tutorial to 2021-04-12 00:00:00+00:00
[2021-04-14 13:42:04,403] {scheduler_job.py:190} INFO - Processing /home/airflow/.local/lib/python3.6/site-packages/airflow/example_dags/tutorial.py took 0.107 seconds
[2021-04-14 13:42:34,561] {scheduler_job.py:182} INFO - Started process (PID=830) to work on /home/airflow/.local/lib/python3.6/site-packages/airflow/example_dags/tutorial.py
[2021-04-14 13:42:34,563] {scheduler_job.py:629} INFO - Processing file /home/airflow/.local/lib/python3.6/site-packages/airflow/example_dags/tutorial.py for tasks to queue
[2021-04-14 13:42:34,565] {logging_mixin.py:104} INFO - [2021-04-14 13:42:34,564] {dagbag.py:448} INFO - Filling up the DagBag from /home/airflow/.local/lib/python3.6/site-packages/airflow/example_dags/tutorial.py
[2021-04-14 13:42:34,584] {scheduler_job.py:639} INFO - DAG(s) dict_keys(['tutorial']) retrieved from /home/airflow/.local/lib/python3.6/site-packages/airflow/example_dags/tutorial.py
[2021-04-14 13:42:34,627] {logging_mixin.py:104} INFO - [2021-04-14 13:42:34,626] {dag.py:1818} INFO - Sync 1 DAGs
[2021-04-14 13:42:34,663] {logging_mixin.py:104} INFO - [2021-04-14 13:42:34,663] {dag.py:2273} INFO - Setting next_dagrun for tutorial to 2021-04-12 00:00:00+00:00
[2021-04-14 13:42:34,686] {scheduler_job.py:190} INFO - Processing /home/airflow/.local/lib/python3.6/site-packages/airflow/example_dags/tutorial.py took 0.131 seconds
[2021-04-14 13:43:05,187] {scheduler_job.py:182} INFO - Started process (PID=856) to work on /home/airflow/.local/lib/python3.6/site-packages/airflow/example_dags/tutorial.py
[2021-04-14 13:43:05,189] {scheduler_job.py:629} INFO - Processing file /home/airflow/.local/lib/python3.6/site-packages/airflow/example_dags/tutorial.py for tasks to queue
[2021-04-14 13:43:05,190] {logging_mixin.py:104} INFO - [2021-04-14 13:43:05,190] {dagbag.py:448} INFO - Filling up the DagBag from /home/airflow/.local/lib/python3.6/site-packages/airflow/example_dags/tutorial.py
[2021-04-14 13:43:05,203] {scheduler_job.py:639} INFO - DAG(s) dict_keys(['tutorial']) retrieved from /home/airflow/.local/lib/python3.6/site-packages/airflow/example_dags/tutorial.py
[2021-04-14 13:43:05,231] {logging_mixin.py:104} INFO - [2021-04-14 13:43:05,230] {dag.py:1818} INFO - Sync 1 DAGs
[2021-04-14 13:43:05,252] {logging_mixin.py:104} INFO - [2021-04-14 13:43:05,251] {dag.py:2273} INFO - Setting next_dagrun for tutorial to 2021-04-12 00:00:00+00:00
[2021-04-14 13:43:05,272] {scheduler_job.py:190} INFO - Processing /home/airflow/.local/lib/python3.6/site-packages/airflow/example_dags/tutorial.py took 0.088 seconds
[2021-04-14 13:43:35,574] {scheduler_job.py:182} INFO - Started process (PID=882) to work on /home/airflow/.local/lib/python3.6/site-packages/airflow/example_dags/tutorial.py
[2021-04-14 13:43:35,576] {scheduler_job.py:629} INFO - Processing file /home/airflow/.local/lib/python3.6/site-packages/airflow/example_dags/tutorial.py for tasks to queue
[2021-04-14 13:43:35,577] {logging_mixin.py:104} INFO - [2021-04-14 13:43:35,577] {dagbag.py:448} INFO - Filling up the DagBag from /home/airflow/.local/lib/python3.6/site-packages/airflow/example_dags/tutorial.py
[2021-04-14 13:43:35,596] {scheduler_job.py:639} INFO - DAG(s) dict_keys(['tutorial']) retrieved from /home/airflow/.local/lib/python3.6/site-packages/airflow/example_dags/tutorial.py
[2021-04-14 13:43:35,638] {logging_mixin.py:104} INFO - [2021-04-14 13:43:35,637] {dag.py:1818} INFO - Sync 1 DAGs
[2021-04-14 13:43:35,665] {logging_mixin.py:104} INFO - [2021-04-14 13:43:35,665] {dag.py:2273} INFO - Setting next_dagrun for tutorial to 2021-04-12 00:00:00+00:00
[2021-04-14 13:43:35,681] {scheduler_job.py:190} INFO - Processing /home/airflow/.local/lib/python3.6/site-packages/airflow/example_dags/tutorial.py took 0.112 seconds
[2021-04-14 13:44:06,184] {scheduler_job.py:182} INFO - Started process (PID=908) to work on /home/airflow/.local/lib/python3.6/site-packages/airflow/example_dags/tutorial.py
[2021-04-14 13:44:06,187] {scheduler_job.py:629} INFO - Processing file /home/airflow/.local/lib/python3.6/site-packages/airflow/example_dags/tutorial.py for tasks to queue
[2021-04-14 13:44:06,188] {logging_mixin.py:104} INFO - [2021-04-14 13:44:06,188] {dagbag.py:448} INFO - Filling up the DagBag from /home/airflow/.local/lib/python3.6/site-packages/airflow/example_dags/tutorial.py
[2021-04-14 13:44:06,203] {scheduler_job.py:639} INFO - DAG(s) dict_keys(['tutorial']) retrieved from /home/airflow/.local/lib/python3.6/site-packages/airflow/example_dags/tutorial.py
[2021-04-14 13:44:06,236] {logging_mixin.py:104} INFO - [2021-04-14 13:44:06,236] {dag.py:1818} INFO - Sync 1 DAGs
[2021-04-14 13:44:06,259] {logging_mixin.py:104} INFO - [2021-04-14 13:44:06,259] {dag.py:2273} INFO - Setting next_dagrun for tutorial to 2021-04-12 00:00:00+00:00
[2021-04-14 13:44:06,279] {scheduler_job.py:190} INFO - Processing /home/airflow/.local/lib/python3.6/site-packages/airflow/example_dags/tutorial.py took 0.100 seconds
[2021-04-14 13:44:36,671] {scheduler_job.py:182} INFO - Started process (PID=934) to work on /home/airflow/.local/lib/python3.6/site-packages/airflow/example_dags/tutorial.py
[2021-04-14 13:44:36,673] {scheduler_job.py:629} INFO - Processing file /home/airflow/.local/lib/python3.6/site-packages/airflow/example_dags/tutorial.py for tasks to queue
[2021-04-14 13:44:36,675] {logging_mixin.py:104} INFO - [2021-04-14 13:44:36,675] {dagbag.py:448} INFO - Filling up the DagBag from /home/airflow/.local/lib/python3.6/site-packages/airflow/example_dags/tutorial.py
[2021-04-14 13:44:36,694] {scheduler_job.py:639} INFO - DAG(s) dict_keys(['tutorial']) retrieved from /home/airflow/.local/lib/python3.6/site-packages/airflow/example_dags/tutorial.py
[2021-04-14 13:44:36,736] {logging_mixin.py:104} INFO - [2021-04-14 13:44:36,736] {dag.py:1818} INFO - Sync 1 DAGs
[2021-04-14 13:44:36,767] {logging_mixin.py:104} INFO - [2021-04-14 13:44:36,767] {dag.py:2273} INFO - Setting next_dagrun for tutorial to 2021-04-12 00:00:00+00:00
[2021-04-14 13:44:36,785] {scheduler_job.py:190} INFO - Processing /home/airflow/.local/lib/python3.6/site-packages/airflow/example_dags/tutorial.py took 0.118 seconds
[2021-04-14 13:45:07,098] {scheduler_job.py:182} INFO - Started process (PID=960) to work on /home/airflow/.local/lib/python3.6/site-packages/airflow/example_dags/tutorial.py
[2021-04-14 13:45:07,101] {scheduler_job.py:629} INFO - Processing file /home/airflow/.local/lib/python3.6/site-packages/airflow/example_dags/tutorial.py for tasks to queue
[2021-04-14 13:45:07,102] {logging_mixin.py:104} INFO - [2021-04-14 13:45:07,102] {dagbag.py:448} INFO - Filling up the DagBag from /home/airflow/.local/lib/python3.6/site-packages/airflow/example_dags/tutorial.py
[2021-04-14 13:45:07,115] {scheduler_job.py:639} INFO - DAG(s) dict_keys(['tutorial']) retrieved from /home/airflow/.local/lib/python3.6/site-packages/airflow/example_dags/tutorial.py
[2021-04-14 13:45:07,144] {logging_mixin.py:104} INFO - [2021-04-14 13:45:07,143] {dag.py:1818} INFO - Sync 1 DAGs
[2021-04-14 13:45:07,164] {logging_mixin.py:104} INFO - [2021-04-14 13:45:07,164] {dag.py:2273} INFO - Setting next_dagrun for tutorial to 2021-04-12 00:00:00+00:00
[2021-04-14 13:45:07,180] {scheduler_job.py:190} INFO - Processing /home/airflow/.local/lib/python3.6/site-packages/airflow/example_dags/tutorial.py took 0.086 seconds
[2021-04-14 13:45:37,450] {scheduler_job.py:182} INFO - Started process (PID=986) to work on /home/airflow/.local/lib/python3.6/site-packages/airflow/example_dags/tutorial.py
[2021-04-14 13:45:37,452] {scheduler_job.py:629} INFO - Processing file /home/airflow/.local/lib/python3.6/site-packages/airflow/example_dags/tutorial.py for tasks to queue
[2021-04-14 13:45:37,453] {logging_mixin.py:104} INFO - [2021-04-14 13:45:37,453] {dagbag.py:448} INFO - Filling up the DagBag from /home/airflow/.local/lib/python3.6/site-packages/airflow/example_dags/tutorial.py
[2021-04-14 13:45:37,465] {scheduler_job.py:639} INFO - DAG(s) dict_keys(['tutorial']) retrieved from /home/airflow/.local/lib/python3.6/site-packages/airflow/example_dags/tutorial.py
[2021-04-14 13:45:37,494] {logging_mixin.py:104} INFO - [2021-04-14 13:45:37,494] {dag.py:1818} INFO - Sync 1 DAGs
[2021-04-14 13:45:37,517] {logging_mixin.py:104} INFO - [2021-04-14 13:45:37,517] {dag.py:2273} INFO - Setting next_dagrun for tutorial to 2021-04-12 00:00:00+00:00
[2021-04-14 13:45:37,533] {scheduler_job.py:190} INFO - Processing /home/airflow/.local/lib/python3.6/site-packages/airflow/example_dags/tutorial.py took 0.086 seconds
[2021-04-14 13:46:07,806] {scheduler_job.py:182} INFO - Started process (PID=1012) to work on /home/airflow/.local/lib/python3.6/site-packages/airflow/example_dags/tutorial.py
[2021-04-14 13:46:07,808] {scheduler_job.py:629} INFO - Processing file /home/airflow/.local/lib/python3.6/site-packages/airflow/example_dags/tutorial.py for tasks to queue
[2021-04-14 13:46:07,809] {logging_mixin.py:104} INFO - [2021-04-14 13:46:07,809] {dagbag.py:448} INFO - Filling up the DagBag from /home/airflow/.local/lib/python3.6/site-packages/airflow/example_dags/tutorial.py
[2021-04-14 13:46:07,820] {scheduler_job.py:639} INFO - DAG(s) dict_keys(['tutorial']) retrieved from /home/airflow/.local/lib/python3.6/site-packages/airflow/example_dags/tutorial.py
[2021-04-14 13:46:07,846] {logging_mixin.py:104} INFO - [2021-04-14 13:46:07,846] {dag.py:1818} INFO - Sync 1 DAGs
[2021-04-14 13:46:07,865] {logging_mixin.py:104} INFO - [2021-04-14 13:46:07,865] {dag.py:2273} INFO - Setting next_dagrun for tutorial to 2021-04-12 00:00:00+00:00
[2021-04-14 13:46:07,881] {scheduler_job.py:190} INFO - Processing /home/airflow/.local/lib/python3.6/site-packages/airflow/example_dags/tutorial.py took 0.078 seconds
[2021-04-14 13:46:38,267] {scheduler_job.py:182} INFO - Started process (PID=1038) to work on /home/airflow/.local/lib/python3.6/site-packages/airflow/example_dags/tutorial.py
[2021-04-14 13:46:38,268] {scheduler_job.py:629} INFO - Processing file /home/airflow/.local/lib/python3.6/site-packages/airflow/example_dags/tutorial.py for tasks to queue
[2021-04-14 13:46:38,269] {logging_mixin.py:104} INFO - [2021-04-14 13:46:38,269] {dagbag.py:448} INFO - Filling up the DagBag from /home/airflow/.local/lib/python3.6/site-packages/airflow/example_dags/tutorial.py
[2021-04-14 13:46:38,278] {scheduler_job.py:639} INFO - DAG(s) dict_keys(['tutorial']) retrieved from /home/airflow/.local/lib/python3.6/site-packages/airflow/example_dags/tutorial.py
[2021-04-14 13:46:38,300] {logging_mixin.py:104} INFO - [2021-04-14 13:46:38,300] {dag.py:1818} INFO - Sync 1 DAGs
[2021-04-14 13:46:38,317] {logging_mixin.py:104} INFO - [2021-04-14 13:46:38,317] {dag.py:2273} INFO - Setting next_dagrun for tutorial to 2021-04-12 00:00:00+00:00
[2021-04-14 13:46:38,328] {scheduler_job.py:190} INFO - Processing /home/airflow/.local/lib/python3.6/site-packages/airflow/example_dags/tutorial.py took 0.064 seconds
[2021-04-14 13:47:08,642] {scheduler_job.py:182} INFO - Started process (PID=1064) to work on /home/airflow/.local/lib/python3.6/site-packages/airflow/example_dags/tutorial.py
[2021-04-14 13:47:08,644] {scheduler_job.py:629} INFO - Processing file /home/airflow/.local/lib/python3.6/site-packages/airflow/example_dags/tutorial.py for tasks to queue
[2021-04-14 13:47:08,645] {logging_mixin.py:104} INFO - [2021-04-14 13:47:08,645] {dagbag.py:448} INFO - Filling up the DagBag from /home/airflow/.local/lib/python3.6/site-packages/airflow/example_dags/tutorial.py
[2021-04-14 13:47:08,656] {scheduler_job.py:639} INFO - DAG(s) dict_keys(['tutorial']) retrieved from /home/airflow/.local/lib/python3.6/site-packages/airflow/example_dags/tutorial.py
[2021-04-14 13:47:08,679] {logging_mixin.py:104} INFO - [2021-04-14 13:47:08,678] {dag.py:1818} INFO - Sync 1 DAGs
[2021-04-14 13:47:08,697] {logging_mixin.py:104} INFO - [2021-04-14 13:47:08,697] {dag.py:2273} INFO - Setting next_dagrun for tutorial to 2021-04-12 00:00:00+00:00
[2021-04-14 13:47:08,708] {scheduler_job.py:190} INFO - Processing /home/airflow/.local/lib/python3.6/site-packages/airflow/example_dags/tutorial.py took 0.069 seconds
[2021-04-14 13:47:38,950] {scheduler_job.py:182} INFO - Started process (PID=1090) to work on /home/airflow/.local/lib/python3.6/site-packages/airflow/example_dags/tutorial.py
[2021-04-14 13:47:38,952] {scheduler_job.py:629} INFO - Processing file /home/airflow/.local/lib/python3.6/site-packages/airflow/example_dags/tutorial.py for tasks to queue
[2021-04-14 13:47:38,953] {logging_mixin.py:104} INFO - [2021-04-14 13:47:38,953] {dagbag.py:448} INFO - Filling up the DagBag from /home/airflow/.local/lib/python3.6/site-packages/airflow/example_dags/tutorial.py
[2021-04-14 13:47:38,964] {scheduler_job.py:639} INFO - DAG(s) dict_keys(['tutorial']) retrieved from /home/airflow/.local/lib/python3.6/site-packages/airflow/example_dags/tutorial.py
[2021-04-14 13:47:38,987] {logging_mixin.py:104} INFO - [2021-04-14 13:47:38,987] {dag.py:1818} INFO - Sync 1 DAGs
[2021-04-14 13:47:39,006] {logging_mixin.py:104} INFO - [2021-04-14 13:47:39,006] {dag.py:2273} INFO - Setting next_dagrun for tutorial to 2021-04-12 00:00:00+00:00
[2021-04-14 13:47:39,016] {scheduler_job.py:190} INFO - Processing /home/airflow/.local/lib/python3.6/site-packages/airflow/example_dags/tutorial.py took 0.069 seconds
[2021-04-14 13:48:09,440] {scheduler_job.py:182} INFO - Started process (PID=1116) to work on /home/airflow/.local/lib/python3.6/site-packages/airflow/example_dags/tutorial.py
[2021-04-14 13:48:09,445] {scheduler_job.py:629} INFO - Processing file /home/airflow/.local/lib/python3.6/site-packages/airflow/example_dags/tutorial.py for tasks to queue
[2021-04-14 13:48:09,447] {logging_mixin.py:104} INFO - [2021-04-14 13:48:09,447] {dagbag.py:448} INFO - Filling up the DagBag from /home/airflow/.local/lib/python3.6/site-packages/airflow/example_dags/tutorial.py
[2021-04-14 13:48:09,464] {scheduler_job.py:639} INFO - DAG(s) dict_keys(['tutorial']) retrieved from /home/airflow/.local/lib/python3.6/site-packages/airflow/example_dags/tutorial.py
[2021-04-14 13:48:09,497] {logging_mixin.py:104} INFO - [2021-04-14 13:48:09,497] {dag.py:1818} INFO - Sync 1 DAGs
[2021-04-14 13:48:09,522] {logging_mixin.py:104} INFO - [2021-04-14 13:48:09,522] {dag.py:2273} INFO - Setting next_dagrun for tutorial to 2021-04-12 00:00:00+00:00
[2021-04-14 13:48:09,537] {scheduler_job.py:190} INFO - Processing /home/airflow/.local/lib/python3.6/site-packages/airflow/example_dags/tutorial.py took 0.102 seconds
[2021-04-14 13:48:40,326] {scheduler_job.py:182} INFO - Started process (PID=1142) to work on /home/airflow/.local/lib/python3.6/site-packages/airflow/example_dags/tutorial.py
[2021-04-14 13:48:40,334] {scheduler_job.py:629} INFO - Processing file /home/airflow/.local/lib/python3.6/site-packages/airflow/example_dags/tutorial.py for tasks to queue
[2021-04-14 13:48:40,336] {logging_mixin.py:104} INFO - [2021-04-14 13:48:40,336] {dagbag.py:448} INFO - Filling up the DagBag from /home/airflow/.local/lib/python3.6/site-packages/airflow/example_dags/tutorial.py
[2021-04-14 13:48:40,377] {scheduler_job.py:639} INFO - DAG(s) dict_keys(['tutorial']) retrieved from /home/airflow/.local/lib/python3.6/site-packages/airflow/example_dags/tutorial.py
[2021-04-14 13:48:40,454] {logging_mixin.py:104} INFO - [2021-04-14 13:48:40,454] {dag.py:1818} INFO - Sync 1 DAGs
[2021-04-14 13:48:40,501] {logging_mixin.py:104} INFO - [2021-04-14 13:48:40,500] {dag.py:2273} INFO - Setting next_dagrun for tutorial to 2021-04-12 00:00:00+00:00
[2021-04-14 13:48:40,526] {scheduler_job.py:190} INFO - Processing /home/airflow/.local/lib/python3.6/site-packages/airflow/example_dags/tutorial.py took 0.217 seconds
