[2021-03-30 00:00:21,181] {scheduler_job.py:182} INFO - Started process (PID=3249) to work on /home/airflow/.local/lib/python3.6/site-packages/airflow/example_dags/example_branch_operator.py
[2021-03-30 00:00:21,187] {scheduler_job.py:629} INFO - Processing file /home/airflow/.local/lib/python3.6/site-packages/airflow/example_dags/example_branch_operator.py for tasks to queue
[2021-03-30 00:00:21,189] {logging_mixin.py:104} INFO - [2021-03-30 00:00:21,189] {dagbag.py:448} INFO - Filling up the DagBag from /home/airflow/.local/lib/python3.6/site-packages/airflow/example_dags/example_branch_operator.py
[2021-03-30 00:00:21,229] {scheduler_job.py:639} INFO - DAG(s) dict_keys(['example_branch_operator']) retrieved from /home/airflow/.local/lib/python3.6/site-packages/airflow/example_dags/example_branch_operator.py
[2021-03-30 00:00:21,281] {logging_mixin.py:104} INFO - [2021-03-30 00:00:21,281] {dag.py:1818} INFO - Sync 1 DAGs
[2021-03-30 00:00:21,333] {logging_mixin.py:104} INFO - [2021-03-30 00:00:21,333] {dag.py:2273} INFO - Setting next_dagrun for example_branch_operator to 2021-03-28 00:00:00+00:00
[2021-03-30 00:00:21,371] {scheduler_job.py:190} INFO - Processing /home/airflow/.local/lib/python3.6/site-packages/airflow/example_dags/example_branch_operator.py took 0.195 seconds
[2021-03-30 00:00:52,065] {scheduler_job.py:182} INFO - Started process (PID=3275) to work on /home/airflow/.local/lib/python3.6/site-packages/airflow/example_dags/example_branch_operator.py
[2021-03-30 00:00:52,066] {scheduler_job.py:629} INFO - Processing file /home/airflow/.local/lib/python3.6/site-packages/airflow/example_dags/example_branch_operator.py for tasks to queue
[2021-03-30 00:00:52,067] {logging_mixin.py:104} INFO - [2021-03-30 00:00:52,067] {dagbag.py:448} INFO - Filling up the DagBag from /home/airflow/.local/lib/python3.6/site-packages/airflow/example_dags/example_branch_operator.py
[2021-03-30 00:00:52,081] {scheduler_job.py:639} INFO - DAG(s) dict_keys(['example_branch_operator']) retrieved from /home/airflow/.local/lib/python3.6/site-packages/airflow/example_dags/example_branch_operator.py
[2021-03-30 00:00:52,102] {logging_mixin.py:104} INFO - [2021-03-30 00:00:52,102] {dag.py:1818} INFO - Sync 1 DAGs
[2021-03-30 00:00:52,124] {logging_mixin.py:104} INFO - [2021-03-30 00:00:52,124] {dag.py:2273} INFO - Setting next_dagrun for example_branch_operator to 2021-03-28 00:00:00+00:00
[2021-03-30 00:00:52,135] {scheduler_job.py:190} INFO - Processing /home/airflow/.local/lib/python3.6/site-packages/airflow/example_dags/example_branch_operator.py took 0.072 seconds
[2021-03-30 00:01:22,801] {scheduler_job.py:182} INFO - Started process (PID=3301) to work on /home/airflow/.local/lib/python3.6/site-packages/airflow/example_dags/example_branch_operator.py
[2021-03-30 00:01:22,804] {scheduler_job.py:629} INFO - Processing file /home/airflow/.local/lib/python3.6/site-packages/airflow/example_dags/example_branch_operator.py for tasks to queue
[2021-03-30 00:01:22,805] {logging_mixin.py:104} INFO - [2021-03-30 00:01:22,805] {dagbag.py:448} INFO - Filling up the DagBag from /home/airflow/.local/lib/python3.6/site-packages/airflow/example_dags/example_branch_operator.py
[2021-03-30 00:01:22,843] {scheduler_job.py:639} INFO - DAG(s) dict_keys(['example_branch_operator']) retrieved from /home/airflow/.local/lib/python3.6/site-packages/airflow/example_dags/example_branch_operator.py
[2021-03-30 00:01:22,888] {logging_mixin.py:104} INFO - [2021-03-30 00:01:22,888] {dag.py:1818} INFO - Sync 1 DAGs
[2021-03-30 00:01:22,949] {logging_mixin.py:104} INFO - [2021-03-30 00:01:22,949] {dag.py:2273} INFO - Setting next_dagrun for example_branch_operator to 2021-03-28 00:00:00+00:00
[2021-03-30 00:01:22,967] {scheduler_job.py:190} INFO - Processing /home/airflow/.local/lib/python3.6/site-packages/airflow/example_dags/example_branch_operator.py took 0.174 seconds
[2021-03-30 00:01:53,395] {scheduler_job.py:182} INFO - Started process (PID=3327) to work on /home/airflow/.local/lib/python3.6/site-packages/airflow/example_dags/example_branch_operator.py
[2021-03-30 00:01:53,397] {scheduler_job.py:629} INFO - Processing file /home/airflow/.local/lib/python3.6/site-packages/airflow/example_dags/example_branch_operator.py for tasks to queue
[2021-03-30 00:01:53,398] {logging_mixin.py:104} INFO - [2021-03-30 00:01:53,398] {dagbag.py:448} INFO - Filling up the DagBag from /home/airflow/.local/lib/python3.6/site-packages/airflow/example_dags/example_branch_operator.py
[2021-03-30 00:01:53,417] {scheduler_job.py:639} INFO - DAG(s) dict_keys(['example_branch_operator']) retrieved from /home/airflow/.local/lib/python3.6/site-packages/airflow/example_dags/example_branch_operator.py
[2021-03-30 00:01:53,447] {logging_mixin.py:104} INFO - [2021-03-30 00:01:53,446] {dag.py:1818} INFO - Sync 1 DAGs
[2021-03-30 00:01:53,477] {logging_mixin.py:104} INFO - [2021-03-30 00:01:53,477] {dag.py:2273} INFO - Setting next_dagrun for example_branch_operator to 2021-03-28 00:00:00+00:00
[2021-03-30 00:01:53,489] {scheduler_job.py:190} INFO - Processing /home/airflow/.local/lib/python3.6/site-packages/airflow/example_dags/example_branch_operator.py took 0.099 seconds
[2021-03-30 00:02:24,284] {scheduler_job.py:182} INFO - Started process (PID=3353) to work on /home/airflow/.local/lib/python3.6/site-packages/airflow/example_dags/example_branch_operator.py
[2021-03-30 00:02:24,288] {scheduler_job.py:629} INFO - Processing file /home/airflow/.local/lib/python3.6/site-packages/airflow/example_dags/example_branch_operator.py for tasks to queue
[2021-03-30 00:02:24,290] {logging_mixin.py:104} INFO - [2021-03-30 00:02:24,290] {dagbag.py:448} INFO - Filling up the DagBag from /home/airflow/.local/lib/python3.6/site-packages/airflow/example_dags/example_branch_operator.py
[2021-03-30 00:02:24,317] {scheduler_job.py:639} INFO - DAG(s) dict_keys(['example_branch_operator']) retrieved from /home/airflow/.local/lib/python3.6/site-packages/airflow/example_dags/example_branch_operator.py
[2021-03-30 00:02:24,349] {logging_mixin.py:104} INFO - [2021-03-30 00:02:24,348] {dag.py:1818} INFO - Sync 1 DAGs
[2021-03-30 00:02:24,380] {logging_mixin.py:104} INFO - [2021-03-30 00:02:24,380] {dag.py:2273} INFO - Setting next_dagrun for example_branch_operator to 2021-03-28 00:00:00+00:00
[2021-03-30 00:02:24,393] {scheduler_job.py:190} INFO - Processing /home/airflow/.local/lib/python3.6/site-packages/airflow/example_dags/example_branch_operator.py took 0.117 seconds
[2021-03-30 00:02:54,947] {scheduler_job.py:182} INFO - Started process (PID=3379) to work on /home/airflow/.local/lib/python3.6/site-packages/airflow/example_dags/example_branch_operator.py
[2021-03-30 00:02:54,949] {scheduler_job.py:629} INFO - Processing file /home/airflow/.local/lib/python3.6/site-packages/airflow/example_dags/example_branch_operator.py for tasks to queue
[2021-03-30 00:02:54,950] {logging_mixin.py:104} INFO - [2021-03-30 00:02:54,950] {dagbag.py:448} INFO - Filling up the DagBag from /home/airflow/.local/lib/python3.6/site-packages/airflow/example_dags/example_branch_operator.py
[2021-03-30 00:02:54,969] {scheduler_job.py:639} INFO - DAG(s) dict_keys(['example_branch_operator']) retrieved from /home/airflow/.local/lib/python3.6/site-packages/airflow/example_dags/example_branch_operator.py
[2021-03-30 00:02:54,997] {logging_mixin.py:104} INFO - [2021-03-30 00:02:54,997] {dag.py:1818} INFO - Sync 1 DAGs
[2021-03-30 00:02:55,021] {logging_mixin.py:104} INFO - [2021-03-30 00:02:55,020] {dag.py:2273} INFO - Setting next_dagrun for example_branch_operator to 2021-03-28 00:00:00+00:00
[2021-03-30 00:02:55,034] {scheduler_job.py:190} INFO - Processing /home/airflow/.local/lib/python3.6/site-packages/airflow/example_dags/example_branch_operator.py took 0.090 seconds
[2021-03-30 00:03:25,196] {scheduler_job.py:182} INFO - Started process (PID=3405) to work on /home/airflow/.local/lib/python3.6/site-packages/airflow/example_dags/example_branch_operator.py
[2021-03-30 00:03:25,197] {scheduler_job.py:629} INFO - Processing file /home/airflow/.local/lib/python3.6/site-packages/airflow/example_dags/example_branch_operator.py for tasks to queue
[2021-03-30 00:03:25,198] {logging_mixin.py:104} INFO - [2021-03-30 00:03:25,198] {dagbag.py:448} INFO - Filling up the DagBag from /home/airflow/.local/lib/python3.6/site-packages/airflow/example_dags/example_branch_operator.py
[2021-03-30 00:03:25,213] {scheduler_job.py:639} INFO - DAG(s) dict_keys(['example_branch_operator']) retrieved from /home/airflow/.local/lib/python3.6/site-packages/airflow/example_dags/example_branch_operator.py
[2021-03-30 00:03:25,234] {logging_mixin.py:104} INFO - [2021-03-30 00:03:25,233] {dag.py:1818} INFO - Sync 1 DAGs
[2021-03-30 00:03:25,256] {logging_mixin.py:104} INFO - [2021-03-30 00:03:25,256] {dag.py:2273} INFO - Setting next_dagrun for example_branch_operator to 2021-03-28 00:00:00+00:00
[2021-03-30 00:03:25,266] {scheduler_job.py:190} INFO - Processing /home/airflow/.local/lib/python3.6/site-packages/airflow/example_dags/example_branch_operator.py took 0.074 seconds
[2021-03-30 00:03:55,528] {scheduler_job.py:182} INFO - Started process (PID=3431) to work on /home/airflow/.local/lib/python3.6/site-packages/airflow/example_dags/example_branch_operator.py
[2021-03-30 00:03:55,529] {scheduler_job.py:629} INFO - Processing file /home/airflow/.local/lib/python3.6/site-packages/airflow/example_dags/example_branch_operator.py for tasks to queue
[2021-03-30 00:03:55,530] {logging_mixin.py:104} INFO - [2021-03-30 00:03:55,530] {dagbag.py:448} INFO - Filling up the DagBag from /home/airflow/.local/lib/python3.6/site-packages/airflow/example_dags/example_branch_operator.py
[2021-03-30 00:03:55,546] {scheduler_job.py:639} INFO - DAG(s) dict_keys(['example_branch_operator']) retrieved from /home/airflow/.local/lib/python3.6/site-packages/airflow/example_dags/example_branch_operator.py
[2021-03-30 00:03:55,568] {logging_mixin.py:104} INFO - [2021-03-30 00:03:55,568] {dag.py:1818} INFO - Sync 1 DAGs
[2021-03-30 00:03:55,590] {logging_mixin.py:104} INFO - [2021-03-30 00:03:55,590] {dag.py:2273} INFO - Setting next_dagrun for example_branch_operator to 2021-03-28 00:00:00+00:00
[2021-03-30 00:03:55,600] {scheduler_job.py:190} INFO - Processing /home/airflow/.local/lib/python3.6/site-packages/airflow/example_dags/example_branch_operator.py took 0.076 seconds
[2021-03-30 00:04:25,685] {scheduler_job.py:182} INFO - Started process (PID=3457) to work on /home/airflow/.local/lib/python3.6/site-packages/airflow/example_dags/example_branch_operator.py
[2021-03-30 00:04:25,686] {scheduler_job.py:629} INFO - Processing file /home/airflow/.local/lib/python3.6/site-packages/airflow/example_dags/example_branch_operator.py for tasks to queue
[2021-03-30 00:04:25,687] {logging_mixin.py:104} INFO - [2021-03-30 00:04:25,687] {dagbag.py:448} INFO - Filling up the DagBag from /home/airflow/.local/lib/python3.6/site-packages/airflow/example_dags/example_branch_operator.py
[2021-03-30 00:04:25,702] {scheduler_job.py:639} INFO - DAG(s) dict_keys(['example_branch_operator']) retrieved from /home/airflow/.local/lib/python3.6/site-packages/airflow/example_dags/example_branch_operator.py
[2021-03-30 00:04:25,722] {logging_mixin.py:104} INFO - [2021-03-30 00:04:25,722] {dag.py:1818} INFO - Sync 1 DAGs
[2021-03-30 00:04:25,744] {logging_mixin.py:104} INFO - [2021-03-30 00:04:25,744] {dag.py:2273} INFO - Setting next_dagrun for example_branch_operator to 2021-03-28 00:00:00+00:00
[2021-03-30 00:04:25,754] {scheduler_job.py:190} INFO - Processing /home/airflow/.local/lib/python3.6/site-packages/airflow/example_dags/example_branch_operator.py took 0.072 seconds
[2021-03-30 00:04:55,820] {scheduler_job.py:182} INFO - Started process (PID=3483) to work on /home/airflow/.local/lib/python3.6/site-packages/airflow/example_dags/example_branch_operator.py
[2021-03-30 00:04:55,822] {scheduler_job.py:629} INFO - Processing file /home/airflow/.local/lib/python3.6/site-packages/airflow/example_dags/example_branch_operator.py for tasks to queue
[2021-03-30 00:04:55,823] {logging_mixin.py:104} INFO - [2021-03-30 00:04:55,823] {dagbag.py:448} INFO - Filling up the DagBag from /home/airflow/.local/lib/python3.6/site-packages/airflow/example_dags/example_branch_operator.py
[2021-03-30 00:04:55,838] {scheduler_job.py:639} INFO - DAG(s) dict_keys(['example_branch_operator']) retrieved from /home/airflow/.local/lib/python3.6/site-packages/airflow/example_dags/example_branch_operator.py
[2021-03-30 00:04:55,859] {logging_mixin.py:104} INFO - [2021-03-30 00:04:55,858] {dag.py:1818} INFO - Sync 1 DAGs
[2021-03-30 00:04:55,881] {logging_mixin.py:104} INFO - [2021-03-30 00:04:55,881] {dag.py:2273} INFO - Setting next_dagrun for example_branch_operator to 2021-03-28 00:00:00+00:00
[2021-03-30 00:04:55,891] {scheduler_job.py:190} INFO - Processing /home/airflow/.local/lib/python3.6/site-packages/airflow/example_dags/example_branch_operator.py took 0.074 seconds
[2021-03-30 00:05:25,976] {scheduler_job.py:182} INFO - Started process (PID=3509) to work on /home/airflow/.local/lib/python3.6/site-packages/airflow/example_dags/example_branch_operator.py
[2021-03-30 00:05:25,978] {scheduler_job.py:629} INFO - Processing file /home/airflow/.local/lib/python3.6/site-packages/airflow/example_dags/example_branch_operator.py for tasks to queue
[2021-03-30 00:05:25,979] {logging_mixin.py:104} INFO - [2021-03-30 00:05:25,979] {dagbag.py:448} INFO - Filling up the DagBag from /home/airflow/.local/lib/python3.6/site-packages/airflow/example_dags/example_branch_operator.py
[2021-03-30 00:05:25,994] {scheduler_job.py:639} INFO - DAG(s) dict_keys(['example_branch_operator']) retrieved from /home/airflow/.local/lib/python3.6/site-packages/airflow/example_dags/example_branch_operator.py
[2021-03-30 00:05:26,016] {logging_mixin.py:104} INFO - [2021-03-30 00:05:26,015] {dag.py:1818} INFO - Sync 1 DAGs
[2021-03-30 00:05:26,039] {logging_mixin.py:104} INFO - [2021-03-30 00:05:26,039] {dag.py:2273} INFO - Setting next_dagrun for example_branch_operator to 2021-03-28 00:00:00+00:00
[2021-03-30 00:05:26,049] {scheduler_job.py:190} INFO - Processing /home/airflow/.local/lib/python3.6/site-packages/airflow/example_dags/example_branch_operator.py took 0.078 seconds
[2021-03-30 00:05:56,738] {scheduler_job.py:182} INFO - Started process (PID=3535) to work on /home/airflow/.local/lib/python3.6/site-packages/airflow/example_dags/example_branch_operator.py
[2021-03-30 00:05:56,739] {scheduler_job.py:629} INFO - Processing file /home/airflow/.local/lib/python3.6/site-packages/airflow/example_dags/example_branch_operator.py for tasks to queue
[2021-03-30 00:05:56,740] {logging_mixin.py:104} INFO - [2021-03-30 00:05:56,739] {dagbag.py:448} INFO - Filling up the DagBag from /home/airflow/.local/lib/python3.6/site-packages/airflow/example_dags/example_branch_operator.py
[2021-03-30 00:05:56,754] {scheduler_job.py:639} INFO - DAG(s) dict_keys(['example_branch_operator']) retrieved from /home/airflow/.local/lib/python3.6/site-packages/airflow/example_dags/example_branch_operator.py
[2021-03-30 00:05:56,789] {logging_mixin.py:104} INFO - [2021-03-30 00:05:56,789] {dag.py:1818} INFO - Sync 1 DAGs
[2021-03-30 00:05:56,826] {logging_mixin.py:104} INFO - [2021-03-30 00:05:56,826] {dag.py:2273} INFO - Setting next_dagrun for example_branch_operator to 2021-03-28 00:00:00+00:00
[2021-03-30 00:05:56,837] {scheduler_job.py:190} INFO - Processing /home/airflow/.local/lib/python3.6/site-packages/airflow/example_dags/example_branch_operator.py took 0.103 seconds
[2021-03-30 00:06:26,945] {scheduler_job.py:182} INFO - Started process (PID=3561) to work on /home/airflow/.local/lib/python3.6/site-packages/airflow/example_dags/example_branch_operator.py
[2021-03-30 00:06:26,946] {scheduler_job.py:629} INFO - Processing file /home/airflow/.local/lib/python3.6/site-packages/airflow/example_dags/example_branch_operator.py for tasks to queue
[2021-03-30 00:06:26,947] {logging_mixin.py:104} INFO - [2021-03-30 00:06:26,947] {dagbag.py:448} INFO - Filling up the DagBag from /home/airflow/.local/lib/python3.6/site-packages/airflow/example_dags/example_branch_operator.py
[2021-03-30 00:06:26,966] {scheduler_job.py:639} INFO - DAG(s) dict_keys(['example_branch_operator']) retrieved from /home/airflow/.local/lib/python3.6/site-packages/airflow/example_dags/example_branch_operator.py
[2021-03-30 00:06:26,990] {logging_mixin.py:104} INFO - [2021-03-30 00:06:26,990] {dag.py:1818} INFO - Sync 1 DAGs
[2021-03-30 00:06:27,020] {logging_mixin.py:104} INFO - [2021-03-30 00:06:27,020] {dag.py:2273} INFO - Setting next_dagrun for example_branch_operator to 2021-03-28 00:00:00+00:00
[2021-03-30 00:06:27,033] {scheduler_job.py:190} INFO - Processing /home/airflow/.local/lib/python3.6/site-packages/airflow/example_dags/example_branch_operator.py took 0.092 seconds
[2021-03-30 00:06:57,348] {scheduler_job.py:182} INFO - Started process (PID=3587) to work on /home/airflow/.local/lib/python3.6/site-packages/airflow/example_dags/example_branch_operator.py
[2021-03-30 00:06:57,351] {scheduler_job.py:629} INFO - Processing file /home/airflow/.local/lib/python3.6/site-packages/airflow/example_dags/example_branch_operator.py for tasks to queue
[2021-03-30 00:06:57,353] {logging_mixin.py:104} INFO - [2021-03-30 00:06:57,353] {dagbag.py:448} INFO - Filling up the DagBag from /home/airflow/.local/lib/python3.6/site-packages/airflow/example_dags/example_branch_operator.py
[2021-03-30 00:06:57,385] {scheduler_job.py:639} INFO - DAG(s) dict_keys(['example_branch_operator']) retrieved from /home/airflow/.local/lib/python3.6/site-packages/airflow/example_dags/example_branch_operator.py
[2021-03-30 00:06:57,415] {logging_mixin.py:104} INFO - [2021-03-30 00:06:57,415] {dag.py:1818} INFO - Sync 1 DAGs
[2021-03-30 00:06:57,446] {logging_mixin.py:104} INFO - [2021-03-30 00:06:57,446] {dag.py:2273} INFO - Setting next_dagrun for example_branch_operator to 2021-03-28 00:00:00+00:00
[2021-03-30 00:06:57,460] {scheduler_job.py:190} INFO - Processing /home/airflow/.local/lib/python3.6/site-packages/airflow/example_dags/example_branch_operator.py took 0.118 seconds
[2021-03-30 00:07:27,888] {scheduler_job.py:182} INFO - Started process (PID=3613) to work on /home/airflow/.local/lib/python3.6/site-packages/airflow/example_dags/example_branch_operator.py
[2021-03-30 00:07:27,890] {scheduler_job.py:629} INFO - Processing file /home/airflow/.local/lib/python3.6/site-packages/airflow/example_dags/example_branch_operator.py for tasks to queue
[2021-03-30 00:07:27,891] {logging_mixin.py:104} INFO - [2021-03-30 00:07:27,891] {dagbag.py:448} INFO - Filling up the DagBag from /home/airflow/.local/lib/python3.6/site-packages/airflow/example_dags/example_branch_operator.py
[2021-03-30 00:07:27,913] {scheduler_job.py:639} INFO - DAG(s) dict_keys(['example_branch_operator']) retrieved from /home/airflow/.local/lib/python3.6/site-packages/airflow/example_dags/example_branch_operator.py
[2021-03-30 00:07:27,948] {logging_mixin.py:104} INFO - [2021-03-30 00:07:27,948] {dag.py:1818} INFO - Sync 1 DAGs
[2021-03-30 00:07:27,983] {logging_mixin.py:104} INFO - [2021-03-30 00:07:27,983] {dag.py:2273} INFO - Setting next_dagrun for example_branch_operator to 2021-03-28 00:00:00+00:00
[2021-03-30 00:07:27,997] {scheduler_job.py:190} INFO - Processing /home/airflow/.local/lib/python3.6/site-packages/airflow/example_dags/example_branch_operator.py took 0.115 seconds
[2021-03-30 00:07:58,117] {scheduler_job.py:182} INFO - Started process (PID=3639) to work on /home/airflow/.local/lib/python3.6/site-packages/airflow/example_dags/example_branch_operator.py
[2021-03-30 00:07:58,119] {scheduler_job.py:629} INFO - Processing file /home/airflow/.local/lib/python3.6/site-packages/airflow/example_dags/example_branch_operator.py for tasks to queue
[2021-03-30 00:07:58,122] {logging_mixin.py:104} INFO - [2021-03-30 00:07:58,122] {dagbag.py:448} INFO - Filling up the DagBag from /home/airflow/.local/lib/python3.6/site-packages/airflow/example_dags/example_branch_operator.py
[2021-03-30 00:07:58,145] {scheduler_job.py:639} INFO - DAG(s) dict_keys(['example_branch_operator']) retrieved from /home/airflow/.local/lib/python3.6/site-packages/airflow/example_dags/example_branch_operator.py
[2021-03-30 00:07:58,173] {logging_mixin.py:104} INFO - [2021-03-30 00:07:58,173] {dag.py:1818} INFO - Sync 1 DAGs
[2021-03-30 00:07:58,203] {logging_mixin.py:104} INFO - [2021-03-30 00:07:58,203] {dag.py:2273} INFO - Setting next_dagrun for example_branch_operator to 2021-03-28 00:00:00+00:00
[2021-03-30 00:07:58,224] {scheduler_job.py:190} INFO - Processing /home/airflow/.local/lib/python3.6/site-packages/airflow/example_dags/example_branch_operator.py took 0.112 seconds
[2021-03-30 00:08:28,304] {scheduler_job.py:182} INFO - Started process (PID=3665) to work on /home/airflow/.local/lib/python3.6/site-packages/airflow/example_dags/example_branch_operator.py
[2021-03-30 00:08:28,306] {scheduler_job.py:629} INFO - Processing file /home/airflow/.local/lib/python3.6/site-packages/airflow/example_dags/example_branch_operator.py for tasks to queue
[2021-03-30 00:08:28,307] {logging_mixin.py:104} INFO - [2021-03-30 00:08:28,307] {dagbag.py:448} INFO - Filling up the DagBag from /home/airflow/.local/lib/python3.6/site-packages/airflow/example_dags/example_branch_operator.py
[2021-03-30 00:08:28,325] {scheduler_job.py:639} INFO - DAG(s) dict_keys(['example_branch_operator']) retrieved from /home/airflow/.local/lib/python3.6/site-packages/airflow/example_dags/example_branch_operator.py
[2021-03-30 00:08:28,345] {logging_mixin.py:104} INFO - [2021-03-30 00:08:28,345] {dag.py:1818} INFO - Sync 1 DAGs
[2021-03-30 00:08:28,368] {logging_mixin.py:104} INFO - [2021-03-30 00:08:28,368] {dag.py:2273} INFO - Setting next_dagrun for example_branch_operator to 2021-03-28 00:00:00+00:00
[2021-03-30 00:08:28,378] {scheduler_job.py:190} INFO - Processing /home/airflow/.local/lib/python3.6/site-packages/airflow/example_dags/example_branch_operator.py took 0.077 seconds
[2021-03-30 00:08:58,569] {scheduler_job.py:182} INFO - Started process (PID=3691) to work on /home/airflow/.local/lib/python3.6/site-packages/airflow/example_dags/example_branch_operator.py
[2021-03-30 00:08:58,571] {scheduler_job.py:629} INFO - Processing file /home/airflow/.local/lib/python3.6/site-packages/airflow/example_dags/example_branch_operator.py for tasks to queue
[2021-03-30 00:08:58,572] {logging_mixin.py:104} INFO - [2021-03-30 00:08:58,572] {dagbag.py:448} INFO - Filling up the DagBag from /home/airflow/.local/lib/python3.6/site-packages/airflow/example_dags/example_branch_operator.py
[2021-03-30 00:08:58,595] {scheduler_job.py:639} INFO - DAG(s) dict_keys(['example_branch_operator']) retrieved from /home/airflow/.local/lib/python3.6/site-packages/airflow/example_dags/example_branch_operator.py
[2021-03-30 00:08:58,640] {logging_mixin.py:104} INFO - [2021-03-30 00:08:58,639] {dag.py:1818} INFO - Sync 1 DAGs
[2021-03-30 00:08:58,686] {logging_mixin.py:104} INFO - [2021-03-30 00:08:58,685] {dag.py:2273} INFO - Setting next_dagrun for example_branch_operator to 2021-03-28 00:00:00+00:00
[2021-03-30 00:08:58,710] {scheduler_job.py:190} INFO - Processing /home/airflow/.local/lib/python3.6/site-packages/airflow/example_dags/example_branch_operator.py took 0.144 seconds
[2021-03-30 00:09:28,795] {scheduler_job.py:182} INFO - Started process (PID=3717) to work on /home/airflow/.local/lib/python3.6/site-packages/airflow/example_dags/example_branch_operator.py
[2021-03-30 00:09:28,796] {scheduler_job.py:629} INFO - Processing file /home/airflow/.local/lib/python3.6/site-packages/airflow/example_dags/example_branch_operator.py for tasks to queue
[2021-03-30 00:09:28,798] {logging_mixin.py:104} INFO - [2021-03-30 00:09:28,798] {dagbag.py:448} INFO - Filling up the DagBag from /home/airflow/.local/lib/python3.6/site-packages/airflow/example_dags/example_branch_operator.py
[2021-03-30 00:09:28,815] {scheduler_job.py:639} INFO - DAG(s) dict_keys(['example_branch_operator']) retrieved from /home/airflow/.local/lib/python3.6/site-packages/airflow/example_dags/example_branch_operator.py
[2021-03-30 00:09:28,836] {logging_mixin.py:104} INFO - [2021-03-30 00:09:28,836] {dag.py:1818} INFO - Sync 1 DAGs
[2021-03-30 00:09:28,862] {logging_mixin.py:104} INFO - [2021-03-30 00:09:28,862] {dag.py:2273} INFO - Setting next_dagrun for example_branch_operator to 2021-03-28 00:00:00+00:00
[2021-03-30 00:09:28,873] {scheduler_job.py:190} INFO - Processing /home/airflow/.local/lib/python3.6/site-packages/airflow/example_dags/example_branch_operator.py took 0.081 seconds
[2021-03-30 00:09:59,009] {scheduler_job.py:182} INFO - Started process (PID=3743) to work on /home/airflow/.local/lib/python3.6/site-packages/airflow/example_dags/example_branch_operator.py
[2021-03-30 00:09:59,011] {scheduler_job.py:629} INFO - Processing file /home/airflow/.local/lib/python3.6/site-packages/airflow/example_dags/example_branch_operator.py for tasks to queue
[2021-03-30 00:09:59,012] {logging_mixin.py:104} INFO - [2021-03-30 00:09:59,012] {dagbag.py:448} INFO - Filling up the DagBag from /home/airflow/.local/lib/python3.6/site-packages/airflow/example_dags/example_branch_operator.py
[2021-03-30 00:09:59,027] {scheduler_job.py:639} INFO - DAG(s) dict_keys(['example_branch_operator']) retrieved from /home/airflow/.local/lib/python3.6/site-packages/airflow/example_dags/example_branch_operator.py
[2021-03-30 00:09:59,048] {logging_mixin.py:104} INFO - [2021-03-30 00:09:59,048] {dag.py:1818} INFO - Sync 1 DAGs
[2021-03-30 00:09:59,070] {logging_mixin.py:104} INFO - [2021-03-30 00:09:59,070] {dag.py:2273} INFO - Setting next_dagrun for example_branch_operator to 2021-03-28 00:00:00+00:00
[2021-03-30 00:09:59,080] {scheduler_job.py:190} INFO - Processing /home/airflow/.local/lib/python3.6/site-packages/airflow/example_dags/example_branch_operator.py took 0.074 seconds
[2021-03-30 00:10:29,169] {scheduler_job.py:182} INFO - Started process (PID=3769) to work on /home/airflow/.local/lib/python3.6/site-packages/airflow/example_dags/example_branch_operator.py
[2021-03-30 00:10:29,171] {scheduler_job.py:629} INFO - Processing file /home/airflow/.local/lib/python3.6/site-packages/airflow/example_dags/example_branch_operator.py for tasks to queue
[2021-03-30 00:10:29,172] {logging_mixin.py:104} INFO - [2021-03-30 00:10:29,172] {dagbag.py:448} INFO - Filling up the DagBag from /home/airflow/.local/lib/python3.6/site-packages/airflow/example_dags/example_branch_operator.py
[2021-03-30 00:10:29,191] {scheduler_job.py:639} INFO - DAG(s) dict_keys(['example_branch_operator']) retrieved from /home/airflow/.local/lib/python3.6/site-packages/airflow/example_dags/example_branch_operator.py
[2021-03-30 00:10:29,211] {logging_mixin.py:104} INFO - [2021-03-30 00:10:29,211] {dag.py:1818} INFO - Sync 1 DAGs
[2021-03-30 00:10:29,232] {logging_mixin.py:104} INFO - [2021-03-30 00:10:29,232] {dag.py:2273} INFO - Setting next_dagrun for example_branch_operator to 2021-03-28 00:00:00+00:00
[2021-03-30 00:10:29,242] {scheduler_job.py:190} INFO - Processing /home/airflow/.local/lib/python3.6/site-packages/airflow/example_dags/example_branch_operator.py took 0.076 seconds
[2021-03-30 00:10:59,582] {scheduler_job.py:182} INFO - Started process (PID=3795) to work on /home/airflow/.local/lib/python3.6/site-packages/airflow/example_dags/example_branch_operator.py
[2021-03-30 00:10:59,583] {scheduler_job.py:629} INFO - Processing file /home/airflow/.local/lib/python3.6/site-packages/airflow/example_dags/example_branch_operator.py for tasks to queue
[2021-03-30 00:10:59,584] {logging_mixin.py:104} INFO - [2021-03-30 00:10:59,584] {dagbag.py:448} INFO - Filling up the DagBag from /home/airflow/.local/lib/python3.6/site-packages/airflow/example_dags/example_branch_operator.py
[2021-03-30 00:10:59,601] {scheduler_job.py:639} INFO - DAG(s) dict_keys(['example_branch_operator']) retrieved from /home/airflow/.local/lib/python3.6/site-packages/airflow/example_dags/example_branch_operator.py
[2021-03-30 00:10:59,624] {logging_mixin.py:104} INFO - [2021-03-30 00:10:59,624] {dag.py:1818} INFO - Sync 1 DAGs
[2021-03-30 00:10:59,650] {logging_mixin.py:104} INFO - [2021-03-30 00:10:59,650] {dag.py:2273} INFO - Setting next_dagrun for example_branch_operator to 2021-03-28 00:00:00+00:00
[2021-03-30 00:10:59,663] {scheduler_job.py:190} INFO - Processing /home/airflow/.local/lib/python3.6/site-packages/airflow/example_dags/example_branch_operator.py took 0.084 seconds
[2021-03-30 00:11:29,789] {scheduler_job.py:182} INFO - Started process (PID=3821) to work on /home/airflow/.local/lib/python3.6/site-packages/airflow/example_dags/example_branch_operator.py
[2021-03-30 00:11:29,791] {scheduler_job.py:629} INFO - Processing file /home/airflow/.local/lib/python3.6/site-packages/airflow/example_dags/example_branch_operator.py for tasks to queue
[2021-03-30 00:11:29,793] {logging_mixin.py:104} INFO - [2021-03-30 00:11:29,792] {dagbag.py:448} INFO - Filling up the DagBag from /home/airflow/.local/lib/python3.6/site-packages/airflow/example_dags/example_branch_operator.py
[2021-03-30 00:11:29,810] {scheduler_job.py:639} INFO - DAG(s) dict_keys(['example_branch_operator']) retrieved from /home/airflow/.local/lib/python3.6/site-packages/airflow/example_dags/example_branch_operator.py
[2021-03-30 00:11:29,829] {logging_mixin.py:104} INFO - [2021-03-30 00:11:29,829] {dag.py:1818} INFO - Sync 1 DAGs
[2021-03-30 00:11:29,852] {logging_mixin.py:104} INFO - [2021-03-30 00:11:29,852] {dag.py:2273} INFO - Setting next_dagrun for example_branch_operator to 2021-03-28 00:00:00+00:00
[2021-03-30 00:11:29,861] {scheduler_job.py:190} INFO - Processing /home/airflow/.local/lib/python3.6/site-packages/airflow/example_dags/example_branch_operator.py took 0.076 seconds
[2021-03-30 00:12:00,073] {scheduler_job.py:182} INFO - Started process (PID=3847) to work on /home/airflow/.local/lib/python3.6/site-packages/airflow/example_dags/example_branch_operator.py
[2021-03-30 00:12:00,075] {scheduler_job.py:629} INFO - Processing file /home/airflow/.local/lib/python3.6/site-packages/airflow/example_dags/example_branch_operator.py for tasks to queue
[2021-03-30 00:12:00,075] {logging_mixin.py:104} INFO - [2021-03-30 00:12:00,075] {dagbag.py:448} INFO - Filling up the DagBag from /home/airflow/.local/lib/python3.6/site-packages/airflow/example_dags/example_branch_operator.py
[2021-03-30 00:12:00,091] {scheduler_job.py:639} INFO - DAG(s) dict_keys(['example_branch_operator']) retrieved from /home/airflow/.local/lib/python3.6/site-packages/airflow/example_dags/example_branch_operator.py
[2021-03-30 00:12:00,111] {logging_mixin.py:104} INFO - [2021-03-30 00:12:00,111] {dag.py:1818} INFO - Sync 1 DAGs
[2021-03-30 00:12:00,132] {logging_mixin.py:104} INFO - [2021-03-30 00:12:00,132] {dag.py:2273} INFO - Setting next_dagrun for example_branch_operator to 2021-03-28 00:00:00+00:00
[2021-03-30 00:12:00,143] {scheduler_job.py:190} INFO - Processing /home/airflow/.local/lib/python3.6/site-packages/airflow/example_dags/example_branch_operator.py took 0.073 seconds
[2021-03-30 00:12:30,248] {scheduler_job.py:182} INFO - Started process (PID=3873) to work on /home/airflow/.local/lib/python3.6/site-packages/airflow/example_dags/example_branch_operator.py
[2021-03-30 00:12:30,249] {scheduler_job.py:629} INFO - Processing file /home/airflow/.local/lib/python3.6/site-packages/airflow/example_dags/example_branch_operator.py for tasks to queue
[2021-03-30 00:12:30,250] {logging_mixin.py:104} INFO - [2021-03-30 00:12:30,250] {dagbag.py:448} INFO - Filling up the DagBag from /home/airflow/.local/lib/python3.6/site-packages/airflow/example_dags/example_branch_operator.py
[2021-03-30 00:12:30,269] {scheduler_job.py:639} INFO - DAG(s) dict_keys(['example_branch_operator']) retrieved from /home/airflow/.local/lib/python3.6/site-packages/airflow/example_dags/example_branch_operator.py
[2021-03-30 00:12:30,297] {logging_mixin.py:104} INFO - [2021-03-30 00:12:30,297] {dag.py:1818} INFO - Sync 1 DAGs
[2021-03-30 00:12:30,326] {logging_mixin.py:104} INFO - [2021-03-30 00:12:30,326] {dag.py:2273} INFO - Setting next_dagrun for example_branch_operator to 2021-03-28 00:00:00+00:00
[2021-03-30 00:12:30,337] {scheduler_job.py:190} INFO - Processing /home/airflow/.local/lib/python3.6/site-packages/airflow/example_dags/example_branch_operator.py took 0.094 seconds
[2021-03-30 00:13:00,436] {scheduler_job.py:182} INFO - Started process (PID=3899) to work on /home/airflow/.local/lib/python3.6/site-packages/airflow/example_dags/example_branch_operator.py
[2021-03-30 00:13:00,438] {scheduler_job.py:629} INFO - Processing file /home/airflow/.local/lib/python3.6/site-packages/airflow/example_dags/example_branch_operator.py for tasks to queue
[2021-03-30 00:13:00,439] {logging_mixin.py:104} INFO - [2021-03-30 00:13:00,439] {dagbag.py:448} INFO - Filling up the DagBag from /home/airflow/.local/lib/python3.6/site-packages/airflow/example_dags/example_branch_operator.py
[2021-03-30 00:13:00,458] {scheduler_job.py:639} INFO - DAG(s) dict_keys(['example_branch_operator']) retrieved from /home/airflow/.local/lib/python3.6/site-packages/airflow/example_dags/example_branch_operator.py
[2021-03-30 00:13:00,482] {logging_mixin.py:104} INFO - [2021-03-30 00:13:00,482] {dag.py:1818} INFO - Sync 1 DAGs
[2021-03-30 00:13:00,508] {logging_mixin.py:104} INFO - [2021-03-30 00:13:00,507] {dag.py:2273} INFO - Setting next_dagrun for example_branch_operator to 2021-03-28 00:00:00+00:00
[2021-03-30 00:13:00,519] {scheduler_job.py:190} INFO - Processing /home/airflow/.local/lib/python3.6/site-packages/airflow/example_dags/example_branch_operator.py took 0.093 seconds
[2021-03-30 00:13:30,761] {scheduler_job.py:182} INFO - Started process (PID=3925) to work on /home/airflow/.local/lib/python3.6/site-packages/airflow/example_dags/example_branch_operator.py
[2021-03-30 00:13:30,763] {scheduler_job.py:629} INFO - Processing file /home/airflow/.local/lib/python3.6/site-packages/airflow/example_dags/example_branch_operator.py for tasks to queue
[2021-03-30 00:13:30,764] {logging_mixin.py:104} INFO - [2021-03-30 00:13:30,764] {dagbag.py:448} INFO - Filling up the DagBag from /home/airflow/.local/lib/python3.6/site-packages/airflow/example_dags/example_branch_operator.py
[2021-03-30 00:13:30,780] {scheduler_job.py:639} INFO - DAG(s) dict_keys(['example_branch_operator']) retrieved from /home/airflow/.local/lib/python3.6/site-packages/airflow/example_dags/example_branch_operator.py
[2021-03-30 00:13:30,801] {logging_mixin.py:104} INFO - [2021-03-30 00:13:30,801] {dag.py:1818} INFO - Sync 1 DAGs
[2021-03-30 00:13:30,822] {logging_mixin.py:104} INFO - [2021-03-30 00:13:30,822] {dag.py:2273} INFO - Setting next_dagrun for example_branch_operator to 2021-03-28 00:00:00+00:00
[2021-03-30 00:13:30,832] {scheduler_job.py:190} INFO - Processing /home/airflow/.local/lib/python3.6/site-packages/airflow/example_dags/example_branch_operator.py took 0.074 seconds
[2021-03-30 00:14:01,428] {scheduler_job.py:182} INFO - Started process (PID=3951) to work on /home/airflow/.local/lib/python3.6/site-packages/airflow/example_dags/example_branch_operator.py
[2021-03-30 00:14:01,429] {scheduler_job.py:629} INFO - Processing file /home/airflow/.local/lib/python3.6/site-packages/airflow/example_dags/example_branch_operator.py for tasks to queue
[2021-03-30 00:14:01,430] {logging_mixin.py:104} INFO - [2021-03-30 00:14:01,430] {dagbag.py:448} INFO - Filling up the DagBag from /home/airflow/.local/lib/python3.6/site-packages/airflow/example_dags/example_branch_operator.py
[2021-03-30 00:14:01,446] {scheduler_job.py:639} INFO - DAG(s) dict_keys(['example_branch_operator']) retrieved from /home/airflow/.local/lib/python3.6/site-packages/airflow/example_dags/example_branch_operator.py
[2021-03-30 00:14:01,467] {logging_mixin.py:104} INFO - [2021-03-30 00:14:01,467] {dag.py:1818} INFO - Sync 1 DAGs
[2021-03-30 00:14:01,489] {logging_mixin.py:104} INFO - [2021-03-30 00:14:01,489] {dag.py:2273} INFO - Setting next_dagrun for example_branch_operator to 2021-03-28 00:00:00+00:00
[2021-03-30 00:14:01,498] {scheduler_job.py:190} INFO - Processing /home/airflow/.local/lib/python3.6/site-packages/airflow/example_dags/example_branch_operator.py took 0.073 seconds
[2021-03-30 00:14:31,610] {scheduler_job.py:182} INFO - Started process (PID=3977) to work on /home/airflow/.local/lib/python3.6/site-packages/airflow/example_dags/example_branch_operator.py
[2021-03-30 00:14:31,612] {scheduler_job.py:629} INFO - Processing file /home/airflow/.local/lib/python3.6/site-packages/airflow/example_dags/example_branch_operator.py for tasks to queue
[2021-03-30 00:14:31,613] {logging_mixin.py:104} INFO - [2021-03-30 00:14:31,613] {dagbag.py:448} INFO - Filling up the DagBag from /home/airflow/.local/lib/python3.6/site-packages/airflow/example_dags/example_branch_operator.py
[2021-03-30 00:14:31,634] {scheduler_job.py:639} INFO - DAG(s) dict_keys(['example_branch_operator']) retrieved from /home/airflow/.local/lib/python3.6/site-packages/airflow/example_dags/example_branch_operator.py
[2021-03-30 00:14:31,661] {logging_mixin.py:104} INFO - [2021-03-30 00:14:31,661] {dag.py:1818} INFO - Sync 1 DAGs
[2021-03-30 00:14:31,686] {logging_mixin.py:104} INFO - [2021-03-30 00:14:31,686] {dag.py:2273} INFO - Setting next_dagrun for example_branch_operator to 2021-03-28 00:00:00+00:00
[2021-03-30 00:14:31,695] {scheduler_job.py:190} INFO - Processing /home/airflow/.local/lib/python3.6/site-packages/airflow/example_dags/example_branch_operator.py took 0.088 seconds
[2021-03-30 00:15:01,868] {scheduler_job.py:182} INFO - Started process (PID=4003) to work on /home/airflow/.local/lib/python3.6/site-packages/airflow/example_dags/example_branch_operator.py
[2021-03-30 00:15:01,870] {scheduler_job.py:629} INFO - Processing file /home/airflow/.local/lib/python3.6/site-packages/airflow/example_dags/example_branch_operator.py for tasks to queue
[2021-03-30 00:15:01,871] {logging_mixin.py:104} INFO - [2021-03-30 00:15:01,871] {dagbag.py:448} INFO - Filling up the DagBag from /home/airflow/.local/lib/python3.6/site-packages/airflow/example_dags/example_branch_operator.py
[2021-03-30 00:15:01,892] {scheduler_job.py:639} INFO - DAG(s) dict_keys(['example_branch_operator']) retrieved from /home/airflow/.local/lib/python3.6/site-packages/airflow/example_dags/example_branch_operator.py
[2021-03-30 00:15:01,915] {logging_mixin.py:104} INFO - [2021-03-30 00:15:01,915] {dag.py:1818} INFO - Sync 1 DAGs
[2021-03-30 00:15:01,942] {logging_mixin.py:104} INFO - [2021-03-30 00:15:01,942] {dag.py:2273} INFO - Setting next_dagrun for example_branch_operator to 2021-03-28 00:00:00+00:00
[2021-03-30 00:15:01,962] {scheduler_job.py:190} INFO - Processing /home/airflow/.local/lib/python3.6/site-packages/airflow/example_dags/example_branch_operator.py took 0.098 seconds
[2021-03-30 00:15:32,128] {scheduler_job.py:182} INFO - Started process (PID=4029) to work on /home/airflow/.local/lib/python3.6/site-packages/airflow/example_dags/example_branch_operator.py
[2021-03-30 00:15:32,129] {scheduler_job.py:629} INFO - Processing file /home/airflow/.local/lib/python3.6/site-packages/airflow/example_dags/example_branch_operator.py for tasks to queue
[2021-03-30 00:15:32,130] {logging_mixin.py:104} INFO - [2021-03-30 00:15:32,130] {dagbag.py:448} INFO - Filling up the DagBag from /home/airflow/.local/lib/python3.6/site-packages/airflow/example_dags/example_branch_operator.py
[2021-03-30 00:15:32,143] {scheduler_job.py:639} INFO - DAG(s) dict_keys(['example_branch_operator']) retrieved from /home/airflow/.local/lib/python3.6/site-packages/airflow/example_dags/example_branch_operator.py
[2021-03-30 00:15:32,161] {logging_mixin.py:104} INFO - [2021-03-30 00:15:32,161] {dag.py:1818} INFO - Sync 1 DAGs
[2021-03-30 00:15:32,180] {logging_mixin.py:104} INFO - [2021-03-30 00:15:32,180] {dag.py:2273} INFO - Setting next_dagrun for example_branch_operator to 2021-03-28 00:00:00+00:00
[2021-03-30 00:15:32,190] {scheduler_job.py:190} INFO - Processing /home/airflow/.local/lib/python3.6/site-packages/airflow/example_dags/example_branch_operator.py took 0.065 seconds
[2021-03-30 00:16:02,296] {scheduler_job.py:182} INFO - Started process (PID=4055) to work on /home/airflow/.local/lib/python3.6/site-packages/airflow/example_dags/example_branch_operator.py
[2021-03-30 00:16:02,297] {scheduler_job.py:629} INFO - Processing file /home/airflow/.local/lib/python3.6/site-packages/airflow/example_dags/example_branch_operator.py for tasks to queue
[2021-03-30 00:16:02,298] {logging_mixin.py:104} INFO - [2021-03-30 00:16:02,298] {dagbag.py:448} INFO - Filling up the DagBag from /home/airflow/.local/lib/python3.6/site-packages/airflow/example_dags/example_branch_operator.py
[2021-03-30 00:16:02,312] {scheduler_job.py:639} INFO - DAG(s) dict_keys(['example_branch_operator']) retrieved from /home/airflow/.local/lib/python3.6/site-packages/airflow/example_dags/example_branch_operator.py
[2021-03-30 00:16:02,330] {logging_mixin.py:104} INFO - [2021-03-30 00:16:02,330] {dag.py:1818} INFO - Sync 1 DAGs
[2021-03-30 00:16:02,350] {logging_mixin.py:104} INFO - [2021-03-30 00:16:02,350] {dag.py:2273} INFO - Setting next_dagrun for example_branch_operator to 2021-03-28 00:00:00+00:00
[2021-03-30 00:16:02,361] {scheduler_job.py:190} INFO - Processing /home/airflow/.local/lib/python3.6/site-packages/airflow/example_dags/example_branch_operator.py took 0.068 seconds
