[2021-03-30 00:00:10,317] {scheduler_job.py:182} INFO - Started process (PID=3228) to work on /home/airflow/.local/lib/python3.6/site-packages/airflow/example_dags/example_complex.py
[2021-03-30 00:00:10,319] {scheduler_job.py:629} INFO - Processing file /home/airflow/.local/lib/python3.6/site-packages/airflow/example_dags/example_complex.py for tasks to queue
[2021-03-30 00:00:10,321] {logging_mixin.py:104} INFO - [2021-03-30 00:00:10,320] {dagbag.py:448} INFO - Filling up the DagBag from /home/airflow/.local/lib/python3.6/site-packages/airflow/example_dags/example_complex.py
[2021-03-30 00:00:10,348] {scheduler_job.py:639} INFO - DAG(s) dict_keys(['example_complex']) retrieved from /home/airflow/.local/lib/python3.6/site-packages/airflow/example_dags/example_complex.py
[2021-03-30 00:00:10,387] {logging_mixin.py:104} INFO - [2021-03-30 00:00:10,386] {dag.py:1818} INFO - Sync 1 DAGs
[2021-03-30 00:00:10,412] {logging_mixin.py:104} INFO - [2021-03-30 00:00:10,411] {dag.py:2273} INFO - Setting next_dagrun for example_complex to None
[2021-03-30 00:00:10,428] {scheduler_job.py:190} INFO - Processing /home/airflow/.local/lib/python3.6/site-packages/airflow/example_dags/example_complex.py took 0.116 seconds
[2021-03-30 00:00:40,668] {scheduler_job.py:182} INFO - Started process (PID=3254) to work on /home/airflow/.local/lib/python3.6/site-packages/airflow/example_dags/example_complex.py
[2021-03-30 00:00:40,669] {scheduler_job.py:629} INFO - Processing file /home/airflow/.local/lib/python3.6/site-packages/airflow/example_dags/example_complex.py for tasks to queue
[2021-03-30 00:00:40,670] {logging_mixin.py:104} INFO - [2021-03-30 00:00:40,669] {dagbag.py:448} INFO - Filling up the DagBag from /home/airflow/.local/lib/python3.6/site-packages/airflow/example_dags/example_complex.py
[2021-03-30 00:00:40,686] {scheduler_job.py:639} INFO - DAG(s) dict_keys(['example_complex']) retrieved from /home/airflow/.local/lib/python3.6/site-packages/airflow/example_dags/example_complex.py
[2021-03-30 00:00:40,716] {logging_mixin.py:104} INFO - [2021-03-30 00:00:40,715] {dag.py:1818} INFO - Sync 1 DAGs
[2021-03-30 00:00:40,731] {logging_mixin.py:104} INFO - [2021-03-30 00:00:40,731] {dag.py:2273} INFO - Setting next_dagrun for example_complex to None
[2021-03-30 00:00:40,741] {scheduler_job.py:190} INFO - Processing /home/airflow/.local/lib/python3.6/site-packages/airflow/example_dags/example_complex.py took 0.077 seconds
[2021-03-30 00:01:11,432] {scheduler_job.py:182} INFO - Started process (PID=3280) to work on /home/airflow/.local/lib/python3.6/site-packages/airflow/example_dags/example_complex.py
[2021-03-30 00:01:11,434] {scheduler_job.py:629} INFO - Processing file /home/airflow/.local/lib/python3.6/site-packages/airflow/example_dags/example_complex.py for tasks to queue
[2021-03-30 00:01:11,435] {logging_mixin.py:104} INFO - [2021-03-30 00:01:11,435] {dagbag.py:448} INFO - Filling up the DagBag from /home/airflow/.local/lib/python3.6/site-packages/airflow/example_dags/example_complex.py
[2021-03-30 00:01:11,460] {scheduler_job.py:639} INFO - DAG(s) dict_keys(['example_complex']) retrieved from /home/airflow/.local/lib/python3.6/site-packages/airflow/example_dags/example_complex.py
[2021-03-30 00:01:11,494] {logging_mixin.py:104} INFO - [2021-03-30 00:01:11,494] {dag.py:1818} INFO - Sync 1 DAGs
[2021-03-30 00:01:11,530] {logging_mixin.py:104} INFO - [2021-03-30 00:01:11,530] {dag.py:2273} INFO - Setting next_dagrun for example_complex to None
[2021-03-30 00:01:11,554] {scheduler_job.py:190} INFO - Processing /home/airflow/.local/lib/python3.6/site-packages/airflow/example_dags/example_complex.py took 0.125 seconds
[2021-03-30 00:01:42,297] {scheduler_job.py:182} INFO - Started process (PID=3306) to work on /home/airflow/.local/lib/python3.6/site-packages/airflow/example_dags/example_complex.py
[2021-03-30 00:01:42,299] {scheduler_job.py:629} INFO - Processing file /home/airflow/.local/lib/python3.6/site-packages/airflow/example_dags/example_complex.py for tasks to queue
[2021-03-30 00:01:42,300] {logging_mixin.py:104} INFO - [2021-03-30 00:01:42,300] {dagbag.py:448} INFO - Filling up the DagBag from /home/airflow/.local/lib/python3.6/site-packages/airflow/example_dags/example_complex.py
[2021-03-30 00:01:42,323] {scheduler_job.py:639} INFO - DAG(s) dict_keys(['example_complex']) retrieved from /home/airflow/.local/lib/python3.6/site-packages/airflow/example_dags/example_complex.py
[2021-03-30 00:01:42,359] {logging_mixin.py:104} INFO - [2021-03-30 00:01:42,358] {dag.py:1818} INFO - Sync 1 DAGs
[2021-03-30 00:01:42,379] {logging_mixin.py:104} INFO - [2021-03-30 00:01:42,379] {dag.py:2273} INFO - Setting next_dagrun for example_complex to None
[2021-03-30 00:01:42,391] {scheduler_job.py:190} INFO - Processing /home/airflow/.local/lib/python3.6/site-packages/airflow/example_dags/example_complex.py took 0.098 seconds
[2021-03-30 00:02:12,787] {scheduler_job.py:182} INFO - Started process (PID=3332) to work on /home/airflow/.local/lib/python3.6/site-packages/airflow/example_dags/example_complex.py
[2021-03-30 00:02:12,788] {scheduler_job.py:629} INFO - Processing file /home/airflow/.local/lib/python3.6/site-packages/airflow/example_dags/example_complex.py for tasks to queue
[2021-03-30 00:02:12,789] {logging_mixin.py:104} INFO - [2021-03-30 00:02:12,789] {dagbag.py:448} INFO - Filling up the DagBag from /home/airflow/.local/lib/python3.6/site-packages/airflow/example_dags/example_complex.py
[2021-03-30 00:02:12,807] {scheduler_job.py:639} INFO - DAG(s) dict_keys(['example_complex']) retrieved from /home/airflow/.local/lib/python3.6/site-packages/airflow/example_dags/example_complex.py
[2021-03-30 00:02:12,833] {logging_mixin.py:104} INFO - [2021-03-30 00:02:12,833] {dag.py:1818} INFO - Sync 1 DAGs
[2021-03-30 00:02:12,849] {logging_mixin.py:104} INFO - [2021-03-30 00:02:12,849] {dag.py:2273} INFO - Setting next_dagrun for example_complex to None
[2021-03-30 00:02:12,861] {scheduler_job.py:190} INFO - Processing /home/airflow/.local/lib/python3.6/site-packages/airflow/example_dags/example_complex.py took 0.078 seconds
[2021-03-30 00:02:43,739] {scheduler_job.py:182} INFO - Started process (PID=3358) to work on /home/airflow/.local/lib/python3.6/site-packages/airflow/example_dags/example_complex.py
[2021-03-30 00:02:43,740] {scheduler_job.py:629} INFO - Processing file /home/airflow/.local/lib/python3.6/site-packages/airflow/example_dags/example_complex.py for tasks to queue
[2021-03-30 00:02:43,741] {logging_mixin.py:104} INFO - [2021-03-30 00:02:43,741] {dagbag.py:448} INFO - Filling up the DagBag from /home/airflow/.local/lib/python3.6/site-packages/airflow/example_dags/example_complex.py
[2021-03-30 00:02:43,760] {scheduler_job.py:639} INFO - DAG(s) dict_keys(['example_complex']) retrieved from /home/airflow/.local/lib/python3.6/site-packages/airflow/example_dags/example_complex.py
[2021-03-30 00:02:43,790] {logging_mixin.py:104} INFO - [2021-03-30 00:02:43,789] {dag.py:1818} INFO - Sync 1 DAGs
[2021-03-30 00:02:43,806] {logging_mixin.py:104} INFO - [2021-03-30 00:02:43,806] {dag.py:2273} INFO - Setting next_dagrun for example_complex to None
[2021-03-30 00:02:43,820] {scheduler_job.py:190} INFO - Processing /home/airflow/.local/lib/python3.6/site-packages/airflow/example_dags/example_complex.py took 0.085 seconds
[2021-03-30 00:03:14,315] {scheduler_job.py:182} INFO - Started process (PID=3384) to work on /home/airflow/.local/lib/python3.6/site-packages/airflow/example_dags/example_complex.py
[2021-03-30 00:03:14,316] {scheduler_job.py:629} INFO - Processing file /home/airflow/.local/lib/python3.6/site-packages/airflow/example_dags/example_complex.py for tasks to queue
[2021-03-30 00:03:14,317] {logging_mixin.py:104} INFO - [2021-03-30 00:03:14,317] {dagbag.py:448} INFO - Filling up the DagBag from /home/airflow/.local/lib/python3.6/site-packages/airflow/example_dags/example_complex.py
[2021-03-30 00:03:14,334] {scheduler_job.py:639} INFO - DAG(s) dict_keys(['example_complex']) retrieved from /home/airflow/.local/lib/python3.6/site-packages/airflow/example_dags/example_complex.py
[2021-03-30 00:03:14,359] {logging_mixin.py:104} INFO - [2021-03-30 00:03:14,359] {dag.py:1818} INFO - Sync 1 DAGs
[2021-03-30 00:03:14,374] {logging_mixin.py:104} INFO - [2021-03-30 00:03:14,374] {dag.py:2273} INFO - Setting next_dagrun for example_complex to None
[2021-03-30 00:03:14,385] {scheduler_job.py:190} INFO - Processing /home/airflow/.local/lib/python3.6/site-packages/airflow/example_dags/example_complex.py took 0.074 seconds
[2021-03-30 00:03:44,510] {scheduler_job.py:182} INFO - Started process (PID=3410) to work on /home/airflow/.local/lib/python3.6/site-packages/airflow/example_dags/example_complex.py
[2021-03-30 00:03:44,511] {scheduler_job.py:629} INFO - Processing file /home/airflow/.local/lib/python3.6/site-packages/airflow/example_dags/example_complex.py for tasks to queue
[2021-03-30 00:03:44,513] {logging_mixin.py:104} INFO - [2021-03-30 00:03:44,512] {dagbag.py:448} INFO - Filling up the DagBag from /home/airflow/.local/lib/python3.6/site-packages/airflow/example_dags/example_complex.py
[2021-03-30 00:03:44,530] {scheduler_job.py:639} INFO - DAG(s) dict_keys(['example_complex']) retrieved from /home/airflow/.local/lib/python3.6/site-packages/airflow/example_dags/example_complex.py
[2021-03-30 00:03:44,557] {logging_mixin.py:104} INFO - [2021-03-30 00:03:44,556] {dag.py:1818} INFO - Sync 1 DAGs
[2021-03-30 00:03:44,571] {logging_mixin.py:104} INFO - [2021-03-30 00:03:44,571] {dag.py:2273} INFO - Setting next_dagrun for example_complex to None
[2021-03-30 00:03:44,583] {scheduler_job.py:190} INFO - Processing /home/airflow/.local/lib/python3.6/site-packages/airflow/example_dags/example_complex.py took 0.076 seconds
[2021-03-30 00:04:14,855] {scheduler_job.py:182} INFO - Started process (PID=3436) to work on /home/airflow/.local/lib/python3.6/site-packages/airflow/example_dags/example_complex.py
[2021-03-30 00:04:14,856] {scheduler_job.py:629} INFO - Processing file /home/airflow/.local/lib/python3.6/site-packages/airflow/example_dags/example_complex.py for tasks to queue
[2021-03-30 00:04:14,857] {logging_mixin.py:104} INFO - [2021-03-30 00:04:14,857] {dagbag.py:448} INFO - Filling up the DagBag from /home/airflow/.local/lib/python3.6/site-packages/airflow/example_dags/example_complex.py
[2021-03-30 00:04:14,879] {scheduler_job.py:639} INFO - DAG(s) dict_keys(['example_complex']) retrieved from /home/airflow/.local/lib/python3.6/site-packages/airflow/example_dags/example_complex.py
[2021-03-30 00:04:14,908] {logging_mixin.py:104} INFO - [2021-03-30 00:04:14,908] {dag.py:1818} INFO - Sync 1 DAGs
[2021-03-30 00:04:14,924] {logging_mixin.py:104} INFO - [2021-03-30 00:04:14,924] {dag.py:2273} INFO - Setting next_dagrun for example_complex to None
[2021-03-30 00:04:14,936] {scheduler_job.py:190} INFO - Processing /home/airflow/.local/lib/python3.6/site-packages/airflow/example_dags/example_complex.py took 0.084 seconds
[2021-03-30 00:04:45,020] {scheduler_job.py:182} INFO - Started process (PID=3462) to work on /home/airflow/.local/lib/python3.6/site-packages/airflow/example_dags/example_complex.py
[2021-03-30 00:04:45,021] {scheduler_job.py:629} INFO - Processing file /home/airflow/.local/lib/python3.6/site-packages/airflow/example_dags/example_complex.py for tasks to queue
[2021-03-30 00:04:45,022] {logging_mixin.py:104} INFO - [2021-03-30 00:04:45,022] {dagbag.py:448} INFO - Filling up the DagBag from /home/airflow/.local/lib/python3.6/site-packages/airflow/example_dags/example_complex.py
[2021-03-30 00:04:45,039] {scheduler_job.py:639} INFO - DAG(s) dict_keys(['example_complex']) retrieved from /home/airflow/.local/lib/python3.6/site-packages/airflow/example_dags/example_complex.py
[2021-03-30 00:04:45,063] {logging_mixin.py:104} INFO - [2021-03-30 00:04:45,063] {dag.py:1818} INFO - Sync 1 DAGs
[2021-03-30 00:04:45,079] {logging_mixin.py:104} INFO - [2021-03-30 00:04:45,078] {dag.py:2273} INFO - Setting next_dagrun for example_complex to None
[2021-03-30 00:04:45,090] {scheduler_job.py:190} INFO - Processing /home/airflow/.local/lib/python3.6/site-packages/airflow/example_dags/example_complex.py took 0.072 seconds
[2021-03-30 00:05:15,182] {scheduler_job.py:182} INFO - Started process (PID=3488) to work on /home/airflow/.local/lib/python3.6/site-packages/airflow/example_dags/example_complex.py
[2021-03-30 00:05:15,184] {scheduler_job.py:629} INFO - Processing file /home/airflow/.local/lib/python3.6/site-packages/airflow/example_dags/example_complex.py for tasks to queue
[2021-03-30 00:05:15,185] {logging_mixin.py:104} INFO - [2021-03-30 00:05:15,185] {dagbag.py:448} INFO - Filling up the DagBag from /home/airflow/.local/lib/python3.6/site-packages/airflow/example_dags/example_complex.py
[2021-03-30 00:05:15,202] {scheduler_job.py:639} INFO - DAG(s) dict_keys(['example_complex']) retrieved from /home/airflow/.local/lib/python3.6/site-packages/airflow/example_dags/example_complex.py
[2021-03-30 00:05:15,229] {logging_mixin.py:104} INFO - [2021-03-30 00:05:15,228] {dag.py:1818} INFO - Sync 1 DAGs
[2021-03-30 00:05:15,249] {logging_mixin.py:104} INFO - [2021-03-30 00:05:15,249] {dag.py:2273} INFO - Setting next_dagrun for example_complex to None
[2021-03-30 00:05:15,262] {scheduler_job.py:190} INFO - Processing /home/airflow/.local/lib/python3.6/site-packages/airflow/example_dags/example_complex.py took 0.084 seconds
[2021-03-30 00:05:45,749] {scheduler_job.py:182} INFO - Started process (PID=3513) to work on /home/airflow/.local/lib/python3.6/site-packages/airflow/example_dags/example_complex.py
[2021-03-30 00:05:45,751] {scheduler_job.py:629} INFO - Processing file /home/airflow/.local/lib/python3.6/site-packages/airflow/example_dags/example_complex.py for tasks to queue
[2021-03-30 00:05:45,753] {logging_mixin.py:104} INFO - [2021-03-30 00:05:45,752] {dagbag.py:448} INFO - Filling up the DagBag from /home/airflow/.local/lib/python3.6/site-packages/airflow/example_dags/example_complex.py
[2021-03-30 00:05:45,784] {scheduler_job.py:639} INFO - DAG(s) dict_keys(['example_complex']) retrieved from /home/airflow/.local/lib/python3.6/site-packages/airflow/example_dags/example_complex.py
[2021-03-30 00:05:45,811] {logging_mixin.py:104} INFO - [2021-03-30 00:05:45,811] {dag.py:1818} INFO - Sync 1 DAGs
[2021-03-30 00:05:45,827] {logging_mixin.py:104} INFO - [2021-03-30 00:05:45,827] {dag.py:2273} INFO - Setting next_dagrun for example_complex to None
[2021-03-30 00:05:45,838] {scheduler_job.py:190} INFO - Processing /home/airflow/.local/lib/python3.6/site-packages/airflow/example_dags/example_complex.py took 0.093 seconds
[2021-03-30 00:06:16,006] {scheduler_job.py:182} INFO - Started process (PID=3539) to work on /home/airflow/.local/lib/python3.6/site-packages/airflow/example_dags/example_complex.py
[2021-03-30 00:06:16,008] {scheduler_job.py:629} INFO - Processing file /home/airflow/.local/lib/python3.6/site-packages/airflow/example_dags/example_complex.py for tasks to queue
[2021-03-30 00:06:16,009] {logging_mixin.py:104} INFO - [2021-03-30 00:06:16,008] {dagbag.py:448} INFO - Filling up the DagBag from /home/airflow/.local/lib/python3.6/site-packages/airflow/example_dags/example_complex.py
[2021-03-30 00:06:16,026] {scheduler_job.py:639} INFO - DAG(s) dict_keys(['example_complex']) retrieved from /home/airflow/.local/lib/python3.6/site-packages/airflow/example_dags/example_complex.py
[2021-03-30 00:06:16,054] {logging_mixin.py:104} INFO - [2021-03-30 00:06:16,054] {dag.py:1818} INFO - Sync 1 DAGs
[2021-03-30 00:06:16,068] {logging_mixin.py:104} INFO - [2021-03-30 00:06:16,068] {dag.py:2273} INFO - Setting next_dagrun for example_complex to None
[2021-03-30 00:06:16,080] {scheduler_job.py:190} INFO - Processing /home/airflow/.local/lib/python3.6/site-packages/airflow/example_dags/example_complex.py took 0.077 seconds
[2021-03-30 00:06:46,212] {scheduler_job.py:182} INFO - Started process (PID=3565) to work on /home/airflow/.local/lib/python3.6/site-packages/airflow/example_dags/example_complex.py
[2021-03-30 00:06:46,213] {scheduler_job.py:629} INFO - Processing file /home/airflow/.local/lib/python3.6/site-packages/airflow/example_dags/example_complex.py for tasks to queue
[2021-03-30 00:06:46,214] {logging_mixin.py:104} INFO - [2021-03-30 00:06:46,214] {dagbag.py:448} INFO - Filling up the DagBag from /home/airflow/.local/lib/python3.6/site-packages/airflow/example_dags/example_complex.py
[2021-03-30 00:06:46,230] {scheduler_job.py:639} INFO - DAG(s) dict_keys(['example_complex']) retrieved from /home/airflow/.local/lib/python3.6/site-packages/airflow/example_dags/example_complex.py
[2021-03-30 00:06:46,256] {logging_mixin.py:104} INFO - [2021-03-30 00:06:46,256] {dag.py:1818} INFO - Sync 1 DAGs
[2021-03-30 00:06:46,271] {logging_mixin.py:104} INFO - [2021-03-30 00:06:46,271] {dag.py:2273} INFO - Setting next_dagrun for example_complex to None
[2021-03-30 00:06:46,282] {scheduler_job.py:190} INFO - Processing /home/airflow/.local/lib/python3.6/site-packages/airflow/example_dags/example_complex.py took 0.073 seconds
[2021-03-30 00:07:16,693] {scheduler_job.py:182} INFO - Started process (PID=3592) to work on /home/airflow/.local/lib/python3.6/site-packages/airflow/example_dags/example_complex.py
[2021-03-30 00:07:16,695] {scheduler_job.py:629} INFO - Processing file /home/airflow/.local/lib/python3.6/site-packages/airflow/example_dags/example_complex.py for tasks to queue
[2021-03-30 00:07:16,695] {logging_mixin.py:104} INFO - [2021-03-30 00:07:16,695] {dagbag.py:448} INFO - Filling up the DagBag from /home/airflow/.local/lib/python3.6/site-packages/airflow/example_dags/example_complex.py
[2021-03-30 00:07:16,714] {scheduler_job.py:639} INFO - DAG(s) dict_keys(['example_complex']) retrieved from /home/airflow/.local/lib/python3.6/site-packages/airflow/example_dags/example_complex.py
[2021-03-30 00:07:16,741] {logging_mixin.py:104} INFO - [2021-03-30 00:07:16,741] {dag.py:1818} INFO - Sync 1 DAGs
[2021-03-30 00:07:16,758] {logging_mixin.py:104} INFO - [2021-03-30 00:07:16,758] {dag.py:2273} INFO - Setting next_dagrun for example_complex to None
[2021-03-30 00:07:16,769] {scheduler_job.py:190} INFO - Processing /home/airflow/.local/lib/python3.6/site-packages/airflow/example_dags/example_complex.py took 0.078 seconds
[2021-03-30 00:07:47,297] {scheduler_job.py:182} INFO - Started process (PID=3618) to work on /home/airflow/.local/lib/python3.6/site-packages/airflow/example_dags/example_complex.py
[2021-03-30 00:07:47,298] {scheduler_job.py:629} INFO - Processing file /home/airflow/.local/lib/python3.6/site-packages/airflow/example_dags/example_complex.py for tasks to queue
[2021-03-30 00:07:47,299] {logging_mixin.py:104} INFO - [2021-03-30 00:07:47,299] {dagbag.py:448} INFO - Filling up the DagBag from /home/airflow/.local/lib/python3.6/site-packages/airflow/example_dags/example_complex.py
[2021-03-30 00:07:47,316] {scheduler_job.py:639} INFO - DAG(s) dict_keys(['example_complex']) retrieved from /home/airflow/.local/lib/python3.6/site-packages/airflow/example_dags/example_complex.py
[2021-03-30 00:07:47,339] {logging_mixin.py:104} INFO - [2021-03-30 00:07:47,339] {dag.py:1818} INFO - Sync 1 DAGs
[2021-03-30 00:07:47,353] {logging_mixin.py:104} INFO - [2021-03-30 00:07:47,353] {dag.py:2273} INFO - Setting next_dagrun for example_complex to None
[2021-03-30 00:07:47,363] {scheduler_job.py:190} INFO - Processing /home/airflow/.local/lib/python3.6/site-packages/airflow/example_dags/example_complex.py took 0.070 seconds
[2021-03-30 00:08:17,497] {scheduler_job.py:182} INFO - Started process (PID=3644) to work on /home/airflow/.local/lib/python3.6/site-packages/airflow/example_dags/example_complex.py
[2021-03-30 00:08:17,498] {scheduler_job.py:629} INFO - Processing file /home/airflow/.local/lib/python3.6/site-packages/airflow/example_dags/example_complex.py for tasks to queue
[2021-03-30 00:08:17,499] {logging_mixin.py:104} INFO - [2021-03-30 00:08:17,499] {dagbag.py:448} INFO - Filling up the DagBag from /home/airflow/.local/lib/python3.6/site-packages/airflow/example_dags/example_complex.py
[2021-03-30 00:08:17,516] {scheduler_job.py:639} INFO - DAG(s) dict_keys(['example_complex']) retrieved from /home/airflow/.local/lib/python3.6/site-packages/airflow/example_dags/example_complex.py
[2021-03-30 00:08:17,540] {logging_mixin.py:104} INFO - [2021-03-30 00:08:17,540] {dag.py:1818} INFO - Sync 1 DAGs
[2021-03-30 00:08:17,554] {logging_mixin.py:104} INFO - [2021-03-30 00:08:17,553] {dag.py:2273} INFO - Setting next_dagrun for example_complex to None
[2021-03-30 00:08:17,564] {scheduler_job.py:190} INFO - Processing /home/airflow/.local/lib/python3.6/site-packages/airflow/example_dags/example_complex.py took 0.070 seconds
[2021-03-30 00:08:47,666] {scheduler_job.py:182} INFO - Started process (PID=3670) to work on /home/airflow/.local/lib/python3.6/site-packages/airflow/example_dags/example_complex.py
[2021-03-30 00:08:47,668] {scheduler_job.py:629} INFO - Processing file /home/airflow/.local/lib/python3.6/site-packages/airflow/example_dags/example_complex.py for tasks to queue
[2021-03-30 00:08:47,668] {logging_mixin.py:104} INFO - [2021-03-30 00:08:47,668] {dagbag.py:448} INFO - Filling up the DagBag from /home/airflow/.local/lib/python3.6/site-packages/airflow/example_dags/example_complex.py
[2021-03-30 00:08:47,686] {scheduler_job.py:639} INFO - DAG(s) dict_keys(['example_complex']) retrieved from /home/airflow/.local/lib/python3.6/site-packages/airflow/example_dags/example_complex.py
[2021-03-30 00:08:47,711] {logging_mixin.py:104} INFO - [2021-03-30 00:08:47,711] {dag.py:1818} INFO - Sync 1 DAGs
[2021-03-30 00:08:47,727] {logging_mixin.py:104} INFO - [2021-03-30 00:08:47,727] {dag.py:2273} INFO - Setting next_dagrun for example_complex to None
[2021-03-30 00:08:47,739] {scheduler_job.py:190} INFO - Processing /home/airflow/.local/lib/python3.6/site-packages/airflow/example_dags/example_complex.py took 0.076 seconds
[2021-03-30 00:09:17,906] {scheduler_job.py:182} INFO - Started process (PID=3696) to work on /home/airflow/.local/lib/python3.6/site-packages/airflow/example_dags/example_complex.py
[2021-03-30 00:09:17,908] {scheduler_job.py:629} INFO - Processing file /home/airflow/.local/lib/python3.6/site-packages/airflow/example_dags/example_complex.py for tasks to queue
[2021-03-30 00:09:17,909] {logging_mixin.py:104} INFO - [2021-03-30 00:09:17,909] {dagbag.py:448} INFO - Filling up the DagBag from /home/airflow/.local/lib/python3.6/site-packages/airflow/example_dags/example_complex.py
[2021-03-30 00:09:17,926] {scheduler_job.py:639} INFO - DAG(s) dict_keys(['example_complex']) retrieved from /home/airflow/.local/lib/python3.6/site-packages/airflow/example_dags/example_complex.py
[2021-03-30 00:09:17,951] {logging_mixin.py:104} INFO - [2021-03-30 00:09:17,951] {dag.py:1818} INFO - Sync 1 DAGs
[2021-03-30 00:09:17,967] {logging_mixin.py:104} INFO - [2021-03-30 00:09:17,966] {dag.py:2273} INFO - Setting next_dagrun for example_complex to None
[2021-03-30 00:09:17,979] {scheduler_job.py:190} INFO - Processing /home/airflow/.local/lib/python3.6/site-packages/airflow/example_dags/example_complex.py took 0.075 seconds
[2021-03-30 00:09:48,053] {scheduler_job.py:182} INFO - Started process (PID=3721) to work on /home/airflow/.local/lib/python3.6/site-packages/airflow/example_dags/example_complex.py
[2021-03-30 00:09:48,055] {scheduler_job.py:629} INFO - Processing file /home/airflow/.local/lib/python3.6/site-packages/airflow/example_dags/example_complex.py for tasks to queue
[2021-03-30 00:09:48,055] {logging_mixin.py:104} INFO - [2021-03-30 00:09:48,055] {dagbag.py:448} INFO - Filling up the DagBag from /home/airflow/.local/lib/python3.6/site-packages/airflow/example_dags/example_complex.py
[2021-03-30 00:09:48,071] {scheduler_job.py:639} INFO - DAG(s) dict_keys(['example_complex']) retrieved from /home/airflow/.local/lib/python3.6/site-packages/airflow/example_dags/example_complex.py
[2021-03-30 00:09:48,096] {logging_mixin.py:104} INFO - [2021-03-30 00:09:48,096] {dag.py:1818} INFO - Sync 1 DAGs
[2021-03-30 00:09:48,110] {logging_mixin.py:104} INFO - [2021-03-30 00:09:48,110] {dag.py:2273} INFO - Setting next_dagrun for example_complex to None
[2021-03-30 00:09:48,122] {scheduler_job.py:190} INFO - Processing /home/airflow/.local/lib/python3.6/site-packages/airflow/example_dags/example_complex.py took 0.071 seconds
[2021-03-30 00:10:18,239] {scheduler_job.py:182} INFO - Started process (PID=3747) to work on /home/airflow/.local/lib/python3.6/site-packages/airflow/example_dags/example_complex.py
[2021-03-30 00:10:18,240] {scheduler_job.py:629} INFO - Processing file /home/airflow/.local/lib/python3.6/site-packages/airflow/example_dags/example_complex.py for tasks to queue
[2021-03-30 00:10:18,242] {logging_mixin.py:104} INFO - [2021-03-30 00:10:18,241] {dagbag.py:448} INFO - Filling up the DagBag from /home/airflow/.local/lib/python3.6/site-packages/airflow/example_dags/example_complex.py
[2021-03-30 00:10:18,260] {scheduler_job.py:639} INFO - DAG(s) dict_keys(['example_complex']) retrieved from /home/airflow/.local/lib/python3.6/site-packages/airflow/example_dags/example_complex.py
[2021-03-30 00:10:18,287] {logging_mixin.py:104} INFO - [2021-03-30 00:10:18,287] {dag.py:1818} INFO - Sync 1 DAGs
[2021-03-30 00:10:18,305] {logging_mixin.py:104} INFO - [2021-03-30 00:10:18,305] {dag.py:2273} INFO - Setting next_dagrun for example_complex to None
[2021-03-30 00:10:18,316] {scheduler_job.py:190} INFO - Processing /home/airflow/.local/lib/python3.6/site-packages/airflow/example_dags/example_complex.py took 0.081 seconds
[2021-03-30 00:10:48,429] {scheduler_job.py:182} INFO - Started process (PID=3773) to work on /home/airflow/.local/lib/python3.6/site-packages/airflow/example_dags/example_complex.py
[2021-03-30 00:10:48,431] {scheduler_job.py:629} INFO - Processing file /home/airflow/.local/lib/python3.6/site-packages/airflow/example_dags/example_complex.py for tasks to queue
[2021-03-30 00:10:48,432] {logging_mixin.py:104} INFO - [2021-03-30 00:10:48,432] {dagbag.py:448} INFO - Filling up the DagBag from /home/airflow/.local/lib/python3.6/site-packages/airflow/example_dags/example_complex.py
[2021-03-30 00:10:48,448] {scheduler_job.py:639} INFO - DAG(s) dict_keys(['example_complex']) retrieved from /home/airflow/.local/lib/python3.6/site-packages/airflow/example_dags/example_complex.py
[2021-03-30 00:10:48,473] {logging_mixin.py:104} INFO - [2021-03-30 00:10:48,473] {dag.py:1818} INFO - Sync 1 DAGs
[2021-03-30 00:10:48,487] {logging_mixin.py:104} INFO - [2021-03-30 00:10:48,487] {dag.py:2273} INFO - Setting next_dagrun for example_complex to None
[2021-03-30 00:10:48,498] {scheduler_job.py:190} INFO - Processing /home/airflow/.local/lib/python3.6/site-packages/airflow/example_dags/example_complex.py took 0.072 seconds
[2021-03-30 00:11:18,915] {scheduler_job.py:182} INFO - Started process (PID=3800) to work on /home/airflow/.local/lib/python3.6/site-packages/airflow/example_dags/example_complex.py
[2021-03-30 00:11:18,917] {scheduler_job.py:629} INFO - Processing file /home/airflow/.local/lib/python3.6/site-packages/airflow/example_dags/example_complex.py for tasks to queue
[2021-03-30 00:11:18,918] {logging_mixin.py:104} INFO - [2021-03-30 00:11:18,918] {dagbag.py:448} INFO - Filling up the DagBag from /home/airflow/.local/lib/python3.6/site-packages/airflow/example_dags/example_complex.py
[2021-03-30 00:11:18,934] {scheduler_job.py:639} INFO - DAG(s) dict_keys(['example_complex']) retrieved from /home/airflow/.local/lib/python3.6/site-packages/airflow/example_dags/example_complex.py
[2021-03-30 00:11:18,959] {logging_mixin.py:104} INFO - [2021-03-30 00:11:18,959] {dag.py:1818} INFO - Sync 1 DAGs
[2021-03-30 00:11:18,973] {logging_mixin.py:104} INFO - [2021-03-30 00:11:18,973] {dag.py:2273} INFO - Setting next_dagrun for example_complex to None
[2021-03-30 00:11:18,983] {scheduler_job.py:190} INFO - Processing /home/airflow/.local/lib/python3.6/site-packages/airflow/example_dags/example_complex.py took 0.071 seconds
[2021-03-30 00:11:49,138] {scheduler_job.py:182} INFO - Started process (PID=3826) to work on /home/airflow/.local/lib/python3.6/site-packages/airflow/example_dags/example_complex.py
[2021-03-30 00:11:49,139] {scheduler_job.py:629} INFO - Processing file /home/airflow/.local/lib/python3.6/site-packages/airflow/example_dags/example_complex.py for tasks to queue
[2021-03-30 00:11:49,140] {logging_mixin.py:104} INFO - [2021-03-30 00:11:49,140] {dagbag.py:448} INFO - Filling up the DagBag from /home/airflow/.local/lib/python3.6/site-packages/airflow/example_dags/example_complex.py
[2021-03-30 00:11:49,157] {scheduler_job.py:639} INFO - DAG(s) dict_keys(['example_complex']) retrieved from /home/airflow/.local/lib/python3.6/site-packages/airflow/example_dags/example_complex.py
[2021-03-30 00:11:49,184] {logging_mixin.py:104} INFO - [2021-03-30 00:11:49,184] {dag.py:1818} INFO - Sync 1 DAGs
[2021-03-30 00:11:49,204] {logging_mixin.py:104} INFO - [2021-03-30 00:11:49,204] {dag.py:2273} INFO - Setting next_dagrun for example_complex to None
[2021-03-30 00:11:49,217] {scheduler_job.py:190} INFO - Processing /home/airflow/.local/lib/python3.6/site-packages/airflow/example_dags/example_complex.py took 0.083 seconds
[2021-03-30 00:12:19,381] {scheduler_job.py:182} INFO - Started process (PID=3852) to work on /home/airflow/.local/lib/python3.6/site-packages/airflow/example_dags/example_complex.py
[2021-03-30 00:12:19,383] {scheduler_job.py:629} INFO - Processing file /home/airflow/.local/lib/python3.6/site-packages/airflow/example_dags/example_complex.py for tasks to queue
[2021-03-30 00:12:19,383] {logging_mixin.py:104} INFO - [2021-03-30 00:12:19,383] {dagbag.py:448} INFO - Filling up the DagBag from /home/airflow/.local/lib/python3.6/site-packages/airflow/example_dags/example_complex.py
[2021-03-30 00:12:19,399] {scheduler_job.py:639} INFO - DAG(s) dict_keys(['example_complex']) retrieved from /home/airflow/.local/lib/python3.6/site-packages/airflow/example_dags/example_complex.py
[2021-03-30 00:12:19,423] {logging_mixin.py:104} INFO - [2021-03-30 00:12:19,423] {dag.py:1818} INFO - Sync 1 DAGs
[2021-03-30 00:12:19,437] {logging_mixin.py:104} INFO - [2021-03-30 00:12:19,437] {dag.py:2273} INFO - Setting next_dagrun for example_complex to None
[2021-03-30 00:12:19,449] {scheduler_job.py:190} INFO - Processing /home/airflow/.local/lib/python3.6/site-packages/airflow/example_dags/example_complex.py took 0.070 seconds
[2021-03-30 00:12:49,612] {scheduler_job.py:182} INFO - Started process (PID=3878) to work on /home/airflow/.local/lib/python3.6/site-packages/airflow/example_dags/example_complex.py
[2021-03-30 00:12:49,613] {scheduler_job.py:629} INFO - Processing file /home/airflow/.local/lib/python3.6/site-packages/airflow/example_dags/example_complex.py for tasks to queue
[2021-03-30 00:12:49,614] {logging_mixin.py:104} INFO - [2021-03-30 00:12:49,614] {dagbag.py:448} INFO - Filling up the DagBag from /home/airflow/.local/lib/python3.6/site-packages/airflow/example_dags/example_complex.py
[2021-03-30 00:12:49,632] {scheduler_job.py:639} INFO - DAG(s) dict_keys(['example_complex']) retrieved from /home/airflow/.local/lib/python3.6/site-packages/airflow/example_dags/example_complex.py
[2021-03-30 00:12:49,659] {logging_mixin.py:104} INFO - [2021-03-30 00:12:49,658] {dag.py:1818} INFO - Sync 1 DAGs
[2021-03-30 00:12:49,674] {logging_mixin.py:104} INFO - [2021-03-30 00:12:49,674] {dag.py:2273} INFO - Setting next_dagrun for example_complex to None
[2021-03-30 00:12:49,685] {scheduler_job.py:190} INFO - Processing /home/airflow/.local/lib/python3.6/site-packages/airflow/example_dags/example_complex.py took 0.077 seconds
[2021-03-30 00:13:19,814] {scheduler_job.py:182} INFO - Started process (PID=3904) to work on /home/airflow/.local/lib/python3.6/site-packages/airflow/example_dags/example_complex.py
[2021-03-30 00:13:19,816] {scheduler_job.py:629} INFO - Processing file /home/airflow/.local/lib/python3.6/site-packages/airflow/example_dags/example_complex.py for tasks to queue
[2021-03-30 00:13:19,818] {logging_mixin.py:104} INFO - [2021-03-30 00:13:19,817] {dagbag.py:448} INFO - Filling up the DagBag from /home/airflow/.local/lib/python3.6/site-packages/airflow/example_dags/example_complex.py
[2021-03-30 00:13:19,839] {scheduler_job.py:639} INFO - DAG(s) dict_keys(['example_complex']) retrieved from /home/airflow/.local/lib/python3.6/site-packages/airflow/example_dags/example_complex.py
[2021-03-30 00:13:19,877] {logging_mixin.py:104} INFO - [2021-03-30 00:13:19,877] {dag.py:1818} INFO - Sync 1 DAGs
[2021-03-30 00:13:19,893] {logging_mixin.py:104} INFO - [2021-03-30 00:13:19,893] {dag.py:2273} INFO - Setting next_dagrun for example_complex to None
[2021-03-30 00:13:19,904] {scheduler_job.py:190} INFO - Processing /home/airflow/.local/lib/python3.6/site-packages/airflow/example_dags/example_complex.py took 0.096 seconds
[2021-03-30 00:13:50,100] {scheduler_job.py:182} INFO - Started process (PID=3930) to work on /home/airflow/.local/lib/python3.6/site-packages/airflow/example_dags/example_complex.py
[2021-03-30 00:13:50,102] {scheduler_job.py:629} INFO - Processing file /home/airflow/.local/lib/python3.6/site-packages/airflow/example_dags/example_complex.py for tasks to queue
[2021-03-30 00:13:50,103] {logging_mixin.py:104} INFO - [2021-03-30 00:13:50,103] {dagbag.py:448} INFO - Filling up the DagBag from /home/airflow/.local/lib/python3.6/site-packages/airflow/example_dags/example_complex.py
[2021-03-30 00:13:50,119] {scheduler_job.py:639} INFO - DAG(s) dict_keys(['example_complex']) retrieved from /home/airflow/.local/lib/python3.6/site-packages/airflow/example_dags/example_complex.py
[2021-03-30 00:13:50,145] {logging_mixin.py:104} INFO - [2021-03-30 00:13:50,145] {dag.py:1818} INFO - Sync 1 DAGs
[2021-03-30 00:13:50,160] {logging_mixin.py:104} INFO - [2021-03-30 00:13:50,160] {dag.py:2273} INFO - Setting next_dagrun for example_complex to None
[2021-03-30 00:13:50,393] {scheduler_job.py:190} INFO - Processing /home/airflow/.local/lib/python3.6/site-packages/airflow/example_dags/example_complex.py took 0.296 seconds
[2021-03-30 00:14:20,749] {scheduler_job.py:182} INFO - Started process (PID=3956) to work on /home/airflow/.local/lib/python3.6/site-packages/airflow/example_dags/example_complex.py
[2021-03-30 00:14:20,750] {scheduler_job.py:629} INFO - Processing file /home/airflow/.local/lib/python3.6/site-packages/airflow/example_dags/example_complex.py for tasks to queue
[2021-03-30 00:14:20,751] {logging_mixin.py:104} INFO - [2021-03-30 00:14:20,751] {dagbag.py:448} INFO - Filling up the DagBag from /home/airflow/.local/lib/python3.6/site-packages/airflow/example_dags/example_complex.py
[2021-03-30 00:14:20,767] {scheduler_job.py:639} INFO - DAG(s) dict_keys(['example_complex']) retrieved from /home/airflow/.local/lib/python3.6/site-packages/airflow/example_dags/example_complex.py
[2021-03-30 00:14:20,791] {logging_mixin.py:104} INFO - [2021-03-30 00:14:20,791] {dag.py:1818} INFO - Sync 1 DAGs
[2021-03-30 00:14:20,806] {logging_mixin.py:104} INFO - [2021-03-30 00:14:20,805] {dag.py:2273} INFO - Setting next_dagrun for example_complex to None
[2021-03-30 00:14:20,967] {scheduler_job.py:190} INFO - Processing /home/airflow/.local/lib/python3.6/site-packages/airflow/example_dags/example_complex.py took 0.221 seconds
[2021-03-30 00:14:51,875] {scheduler_job.py:182} INFO - Started process (PID=3982) to work on /home/airflow/.local/lib/python3.6/site-packages/airflow/example_dags/example_complex.py
[2021-03-30 00:14:51,877] {scheduler_job.py:629} INFO - Processing file /home/airflow/.local/lib/python3.6/site-packages/airflow/example_dags/example_complex.py for tasks to queue
[2021-03-30 00:14:51,878] {logging_mixin.py:104} INFO - [2021-03-30 00:14:51,877] {dagbag.py:448} INFO - Filling up the DagBag from /home/airflow/.local/lib/python3.6/site-packages/airflow/example_dags/example_complex.py
[2021-03-30 00:14:51,893] {scheduler_job.py:639} INFO - DAG(s) dict_keys(['example_complex']) retrieved from /home/airflow/.local/lib/python3.6/site-packages/airflow/example_dags/example_complex.py
[2021-03-30 00:14:51,917] {logging_mixin.py:104} INFO - [2021-03-30 00:14:51,917] {dag.py:1818} INFO - Sync 1 DAGs
[2021-03-30 00:14:51,931] {logging_mixin.py:104} INFO - [2021-03-30 00:14:51,931] {dag.py:2273} INFO - Setting next_dagrun for example_complex to None
[2021-03-30 00:14:51,943] {scheduler_job.py:190} INFO - Processing /home/airflow/.local/lib/python3.6/site-packages/airflow/example_dags/example_complex.py took 0.070 seconds
[2021-03-30 00:15:22,269] {scheduler_job.py:182} INFO - Started process (PID=4008) to work on /home/airflow/.local/lib/python3.6/site-packages/airflow/example_dags/example_complex.py
[2021-03-30 00:15:22,271] {scheduler_job.py:629} INFO - Processing file /home/airflow/.local/lib/python3.6/site-packages/airflow/example_dags/example_complex.py for tasks to queue
[2021-03-30 00:15:22,272] {logging_mixin.py:104} INFO - [2021-03-30 00:15:22,272] {dagbag.py:448} INFO - Filling up the DagBag from /home/airflow/.local/lib/python3.6/site-packages/airflow/example_dags/example_complex.py
[2021-03-30 00:15:22,290] {scheduler_job.py:639} INFO - DAG(s) dict_keys(['example_complex']) retrieved from /home/airflow/.local/lib/python3.6/site-packages/airflow/example_dags/example_complex.py
[2021-03-30 00:15:22,319] {logging_mixin.py:104} INFO - [2021-03-30 00:15:22,318] {dag.py:1818} INFO - Sync 1 DAGs
[2021-03-30 00:15:22,335] {logging_mixin.py:104} INFO - [2021-03-30 00:15:22,335] {dag.py:2273} INFO - Setting next_dagrun for example_complex to None
[2021-03-30 00:15:22,554] {scheduler_job.py:190} INFO - Processing /home/airflow/.local/lib/python3.6/site-packages/airflow/example_dags/example_complex.py took 0.288 seconds
[2021-03-30 00:15:53,387] {scheduler_job.py:182} INFO - Started process (PID=4034) to work on /home/airflow/.local/lib/python3.6/site-packages/airflow/example_dags/example_complex.py
[2021-03-30 00:15:53,388] {scheduler_job.py:629} INFO - Processing file /home/airflow/.local/lib/python3.6/site-packages/airflow/example_dags/example_complex.py for tasks to queue
[2021-03-30 00:15:53,389] {logging_mixin.py:104} INFO - [2021-03-30 00:15:53,389] {dagbag.py:448} INFO - Filling up the DagBag from /home/airflow/.local/lib/python3.6/site-packages/airflow/example_dags/example_complex.py
[2021-03-30 00:15:53,405] {scheduler_job.py:639} INFO - DAG(s) dict_keys(['example_complex']) retrieved from /home/airflow/.local/lib/python3.6/site-packages/airflow/example_dags/example_complex.py
[2021-03-30 00:15:53,429] {logging_mixin.py:104} INFO - [2021-03-30 00:15:53,429] {dag.py:1818} INFO - Sync 1 DAGs
[2021-03-30 00:15:53,445] {logging_mixin.py:104} INFO - [2021-03-30 00:15:53,445] {dag.py:2273} INFO - Setting next_dagrun for example_complex to None
[2021-03-30 00:15:53,458] {scheduler_job.py:190} INFO - Processing /home/airflow/.local/lib/python3.6/site-packages/airflow/example_dags/example_complex.py took 0.074 seconds
