[2021-03-30 00:00:20,823] {scheduler_job.py:182} INFO - Started process (PID=3245) to work on /home/airflow/.local/lib/python3.6/site-packages/airflow/example_dags/example_task_group.py
[2021-03-30 00:00:20,828] {scheduler_job.py:629} INFO - Processing file /home/airflow/.local/lib/python3.6/site-packages/airflow/example_dags/example_task_group.py for tasks to queue
[2021-03-30 00:00:20,829] {logging_mixin.py:104} INFO - [2021-03-30 00:00:20,829] {dagbag.py:448} INFO - Filling up the DagBag from /home/airflow/.local/lib/python3.6/site-packages/airflow/example_dags/example_task_group.py
[2021-03-30 00:00:20,856] {scheduler_job.py:639} INFO - DAG(s) dict_keys(['example_task_group']) retrieved from /home/airflow/.local/lib/python3.6/site-packages/airflow/example_dags/example_task_group.py
[2021-03-30 00:00:20,903] {logging_mixin.py:104} INFO - [2021-03-30 00:00:20,903] {dag.py:1818} INFO - Sync 1 DAGs
[2021-03-30 00:00:20,936] {logging_mixin.py:104} INFO - [2021-03-30 00:00:20,936] {dag.py:2273} INFO - Setting next_dagrun for example_task_group to 2021-03-28 00:00:00+00:00
[2021-03-30 00:00:20,959] {scheduler_job.py:190} INFO - Processing /home/airflow/.local/lib/python3.6/site-packages/airflow/example_dags/example_task_group.py took 0.142 seconds
[2021-03-30 00:00:51,658] {scheduler_job.py:182} INFO - Started process (PID=3267) to work on /home/airflow/.local/lib/python3.6/site-packages/airflow/example_dags/example_task_group.py
[2021-03-30 00:00:51,660] {scheduler_job.py:629} INFO - Processing file /home/airflow/.local/lib/python3.6/site-packages/airflow/example_dags/example_task_group.py for tasks to queue
[2021-03-30 00:00:51,662] {logging_mixin.py:104} INFO - [2021-03-30 00:00:51,662] {dagbag.py:448} INFO - Filling up the DagBag from /home/airflow/.local/lib/python3.6/site-packages/airflow/example_dags/example_task_group.py
[2021-03-30 00:00:51,676] {scheduler_job.py:639} INFO - DAG(s) dict_keys(['example_task_group']) retrieved from /home/airflow/.local/lib/python3.6/site-packages/airflow/example_dags/example_task_group.py
[2021-03-30 00:00:51,699] {logging_mixin.py:104} INFO - [2021-03-30 00:00:51,699] {dag.py:1818} INFO - Sync 1 DAGs
[2021-03-30 00:00:51,714] {logging_mixin.py:104} INFO - [2021-03-30 00:00:51,713] {dag.py:2273} INFO - Setting next_dagrun for example_task_group to 2021-03-28 00:00:00+00:00
[2021-03-30 00:00:51,727] {scheduler_job.py:190} INFO - Processing /home/airflow/.local/lib/python3.6/site-packages/airflow/example_dags/example_task_group.py took 0.072 seconds
[2021-03-30 00:01:22,305] {scheduler_job.py:182} INFO - Started process (PID=3293) to work on /home/airflow/.local/lib/python3.6/site-packages/airflow/example_dags/example_task_group.py
[2021-03-30 00:01:22,307] {scheduler_job.py:629} INFO - Processing file /home/airflow/.local/lib/python3.6/site-packages/airflow/example_dags/example_task_group.py for tasks to queue
[2021-03-30 00:01:22,309] {logging_mixin.py:104} INFO - [2021-03-30 00:01:22,309] {dagbag.py:448} INFO - Filling up the DagBag from /home/airflow/.local/lib/python3.6/site-packages/airflow/example_dags/example_task_group.py
[2021-03-30 00:01:22,330] {scheduler_job.py:639} INFO - DAG(s) dict_keys(['example_task_group']) retrieved from /home/airflow/.local/lib/python3.6/site-packages/airflow/example_dags/example_task_group.py
[2021-03-30 00:01:22,361] {logging_mixin.py:104} INFO - [2021-03-30 00:01:22,361] {dag.py:1818} INFO - Sync 1 DAGs
[2021-03-30 00:01:22,388] {logging_mixin.py:104} INFO - [2021-03-30 00:01:22,388] {dag.py:2273} INFO - Setting next_dagrun for example_task_group to 2021-03-28 00:00:00+00:00
[2021-03-30 00:01:22,402] {scheduler_job.py:190} INFO - Processing /home/airflow/.local/lib/python3.6/site-packages/airflow/example_dags/example_task_group.py took 0.103 seconds
[2021-03-30 00:01:52,923] {scheduler_job.py:182} INFO - Started process (PID=3319) to work on /home/airflow/.local/lib/python3.6/site-packages/airflow/example_dags/example_task_group.py
[2021-03-30 00:01:52,925] {scheduler_job.py:629} INFO - Processing file /home/airflow/.local/lib/python3.6/site-packages/airflow/example_dags/example_task_group.py for tasks to queue
[2021-03-30 00:01:52,927] {logging_mixin.py:104} INFO - [2021-03-30 00:01:52,927] {dagbag.py:448} INFO - Filling up the DagBag from /home/airflow/.local/lib/python3.6/site-packages/airflow/example_dags/example_task_group.py
[2021-03-30 00:01:52,945] {scheduler_job.py:639} INFO - DAG(s) dict_keys(['example_task_group']) retrieved from /home/airflow/.local/lib/python3.6/site-packages/airflow/example_dags/example_task_group.py
[2021-03-30 00:01:52,979] {logging_mixin.py:104} INFO - [2021-03-30 00:01:52,979] {dag.py:1818} INFO - Sync 1 DAGs
[2021-03-30 00:01:53,010] {logging_mixin.py:104} INFO - [2021-03-30 00:01:53,010] {dag.py:2273} INFO - Setting next_dagrun for example_task_group to 2021-03-28 00:00:00+00:00
[2021-03-30 00:01:53,041] {scheduler_job.py:190} INFO - Processing /home/airflow/.local/lib/python3.6/site-packages/airflow/example_dags/example_task_group.py took 0.121 seconds
[2021-03-30 00:02:23,757] {scheduler_job.py:182} INFO - Started process (PID=3345) to work on /home/airflow/.local/lib/python3.6/site-packages/airflow/example_dags/example_task_group.py
[2021-03-30 00:02:23,759] {scheduler_job.py:629} INFO - Processing file /home/airflow/.local/lib/python3.6/site-packages/airflow/example_dags/example_task_group.py for tasks to queue
[2021-03-30 00:02:23,760] {logging_mixin.py:104} INFO - [2021-03-30 00:02:23,760] {dagbag.py:448} INFO - Filling up the DagBag from /home/airflow/.local/lib/python3.6/site-packages/airflow/example_dags/example_task_group.py
[2021-03-30 00:02:23,779] {scheduler_job.py:639} INFO - DAG(s) dict_keys(['example_task_group']) retrieved from /home/airflow/.local/lib/python3.6/site-packages/airflow/example_dags/example_task_group.py
[2021-03-30 00:02:23,806] {logging_mixin.py:104} INFO - [2021-03-30 00:02:23,806] {dag.py:1818} INFO - Sync 1 DAGs
[2021-03-30 00:02:23,826] {logging_mixin.py:104} INFO - [2021-03-30 00:02:23,826] {dag.py:2273} INFO - Setting next_dagrun for example_task_group to 2021-03-28 00:00:00+00:00
[2021-03-30 00:02:23,838] {scheduler_job.py:190} INFO - Processing /home/airflow/.local/lib/python3.6/site-packages/airflow/example_dags/example_task_group.py took 0.085 seconds
[2021-03-30 00:02:54,547] {scheduler_job.py:182} INFO - Started process (PID=3371) to work on /home/airflow/.local/lib/python3.6/site-packages/airflow/example_dags/example_task_group.py
[2021-03-30 00:02:54,549] {scheduler_job.py:629} INFO - Processing file /home/airflow/.local/lib/python3.6/site-packages/airflow/example_dags/example_task_group.py for tasks to queue
[2021-03-30 00:02:54,550] {logging_mixin.py:104} INFO - [2021-03-30 00:02:54,550] {dagbag.py:448} INFO - Filling up the DagBag from /home/airflow/.local/lib/python3.6/site-packages/airflow/example_dags/example_task_group.py
[2021-03-30 00:02:54,569] {scheduler_job.py:639} INFO - DAG(s) dict_keys(['example_task_group']) retrieved from /home/airflow/.local/lib/python3.6/site-packages/airflow/example_dags/example_task_group.py
[2021-03-30 00:02:54,597] {logging_mixin.py:104} INFO - [2021-03-30 00:02:54,596] {dag.py:1818} INFO - Sync 1 DAGs
[2021-03-30 00:02:54,615] {logging_mixin.py:104} INFO - [2021-03-30 00:02:54,615] {dag.py:2273} INFO - Setting next_dagrun for example_task_group to 2021-03-28 00:00:00+00:00
[2021-03-30 00:02:54,630] {scheduler_job.py:190} INFO - Processing /home/airflow/.local/lib/python3.6/site-packages/airflow/example_dags/example_task_group.py took 0.089 seconds
[2021-03-30 00:03:25,026] {scheduler_job.py:182} INFO - Started process (PID=3401) to work on /home/airflow/.local/lib/python3.6/site-packages/airflow/example_dags/example_task_group.py
[2021-03-30 00:03:25,028] {scheduler_job.py:629} INFO - Processing file /home/airflow/.local/lib/python3.6/site-packages/airflow/example_dags/example_task_group.py for tasks to queue
[2021-03-30 00:03:25,029] {logging_mixin.py:104} INFO - [2021-03-30 00:03:25,029] {dagbag.py:448} INFO - Filling up the DagBag from /home/airflow/.local/lib/python3.6/site-packages/airflow/example_dags/example_task_group.py
[2021-03-30 00:03:25,041] {scheduler_job.py:639} INFO - DAG(s) dict_keys(['example_task_group']) retrieved from /home/airflow/.local/lib/python3.6/site-packages/airflow/example_dags/example_task_group.py
[2021-03-30 00:03:25,063] {logging_mixin.py:104} INFO - [2021-03-30 00:03:25,063] {dag.py:1818} INFO - Sync 1 DAGs
[2021-03-30 00:03:25,079] {logging_mixin.py:104} INFO - [2021-03-30 00:03:25,079] {dag.py:2273} INFO - Setting next_dagrun for example_task_group to 2021-03-28 00:00:00+00:00
[2021-03-30 00:03:25,089] {scheduler_job.py:190} INFO - Processing /home/airflow/.local/lib/python3.6/site-packages/airflow/example_dags/example_task_group.py took 0.066 seconds
[2021-03-30 00:03:55,410] {scheduler_job.py:182} INFO - Started process (PID=3428) to work on /home/airflow/.local/lib/python3.6/site-packages/airflow/example_dags/example_task_group.py
[2021-03-30 00:03:55,412] {scheduler_job.py:629} INFO - Processing file /home/airflow/.local/lib/python3.6/site-packages/airflow/example_dags/example_task_group.py for tasks to queue
[2021-03-30 00:03:55,413] {logging_mixin.py:104} INFO - [2021-03-30 00:03:55,413] {dagbag.py:448} INFO - Filling up the DagBag from /home/airflow/.local/lib/python3.6/site-packages/airflow/example_dags/example_task_group.py
[2021-03-30 00:03:55,425] {scheduler_job.py:639} INFO - DAG(s) dict_keys(['example_task_group']) retrieved from /home/airflow/.local/lib/python3.6/site-packages/airflow/example_dags/example_task_group.py
[2021-03-30 00:03:55,447] {logging_mixin.py:104} INFO - [2021-03-30 00:03:55,447] {dag.py:1818} INFO - Sync 1 DAGs
[2021-03-30 00:03:55,462] {logging_mixin.py:104} INFO - [2021-03-30 00:03:55,462] {dag.py:2273} INFO - Setting next_dagrun for example_task_group to 2021-03-28 00:00:00+00:00
[2021-03-30 00:03:55,473] {scheduler_job.py:190} INFO - Processing /home/airflow/.local/lib/python3.6/site-packages/airflow/example_dags/example_task_group.py took 0.067 seconds
[2021-03-30 00:04:25,659] {scheduler_job.py:182} INFO - Started process (PID=3456) to work on /home/airflow/.local/lib/python3.6/site-packages/airflow/example_dags/example_task_group.py
[2021-03-30 00:04:25,660] {scheduler_job.py:629} INFO - Processing file /home/airflow/.local/lib/python3.6/site-packages/airflow/example_dags/example_task_group.py for tasks to queue
[2021-03-30 00:04:25,661] {logging_mixin.py:104} INFO - [2021-03-30 00:04:25,661] {dagbag.py:448} INFO - Filling up the DagBag from /home/airflow/.local/lib/python3.6/site-packages/airflow/example_dags/example_task_group.py
[2021-03-30 00:04:25,673] {scheduler_job.py:639} INFO - DAG(s) dict_keys(['example_task_group']) retrieved from /home/airflow/.local/lib/python3.6/site-packages/airflow/example_dags/example_task_group.py
[2021-03-30 00:04:25,692] {logging_mixin.py:104} INFO - [2021-03-30 00:04:25,692] {dag.py:1818} INFO - Sync 1 DAGs
[2021-03-30 00:04:25,706] {logging_mixin.py:104} INFO - [2021-03-30 00:04:25,706] {dag.py:2273} INFO - Setting next_dagrun for example_task_group to 2021-03-28 00:00:00+00:00
[2021-03-30 00:04:25,716] {scheduler_job.py:190} INFO - Processing /home/airflow/.local/lib/python3.6/site-packages/airflow/example_dags/example_task_group.py took 0.060 seconds
[2021-03-30 00:04:55,739] {scheduler_job.py:182} INFO - Started process (PID=3481) to work on /home/airflow/.local/lib/python3.6/site-packages/airflow/example_dags/example_task_group.py
[2021-03-30 00:04:55,740] {scheduler_job.py:629} INFO - Processing file /home/airflow/.local/lib/python3.6/site-packages/airflow/example_dags/example_task_group.py for tasks to queue
[2021-03-30 00:04:55,741] {logging_mixin.py:104} INFO - [2021-03-30 00:04:55,741] {dagbag.py:448} INFO - Filling up the DagBag from /home/airflow/.local/lib/python3.6/site-packages/airflow/example_dags/example_task_group.py
[2021-03-30 00:04:55,753] {scheduler_job.py:639} INFO - DAG(s) dict_keys(['example_task_group']) retrieved from /home/airflow/.local/lib/python3.6/site-packages/airflow/example_dags/example_task_group.py
[2021-03-30 00:04:55,775] {logging_mixin.py:104} INFO - [2021-03-30 00:04:55,775] {dag.py:1818} INFO - Sync 1 DAGs
[2021-03-30 00:04:55,790] {logging_mixin.py:104} INFO - [2021-03-30 00:04:55,790] {dag.py:2273} INFO - Setting next_dagrun for example_task_group to 2021-03-28 00:00:00+00:00
[2021-03-30 00:04:55,801] {scheduler_job.py:190} INFO - Processing /home/airflow/.local/lib/python3.6/site-packages/airflow/example_dags/example_task_group.py took 0.066 seconds
[2021-03-30 00:05:25,870] {scheduler_job.py:182} INFO - Started process (PID=3507) to work on /home/airflow/.local/lib/python3.6/site-packages/airflow/example_dags/example_task_group.py
[2021-03-30 00:05:25,873] {scheduler_job.py:629} INFO - Processing file /home/airflow/.local/lib/python3.6/site-packages/airflow/example_dags/example_task_group.py for tasks to queue
[2021-03-30 00:05:25,874] {logging_mixin.py:104} INFO - [2021-03-30 00:05:25,874] {dagbag.py:448} INFO - Filling up the DagBag from /home/airflow/.local/lib/python3.6/site-packages/airflow/example_dags/example_task_group.py
[2021-03-30 00:05:25,886] {scheduler_job.py:639} INFO - DAG(s) dict_keys(['example_task_group']) retrieved from /home/airflow/.local/lib/python3.6/site-packages/airflow/example_dags/example_task_group.py
[2021-03-30 00:05:25,908] {logging_mixin.py:104} INFO - [2021-03-30 00:05:25,908] {dag.py:1818} INFO - Sync 1 DAGs
[2021-03-30 00:05:25,924] {logging_mixin.py:104} INFO - [2021-03-30 00:05:25,924] {dag.py:2273} INFO - Setting next_dagrun for example_task_group to 2021-03-28 00:00:00+00:00
[2021-03-30 00:05:25,935] {scheduler_job.py:190} INFO - Processing /home/airflow/.local/lib/python3.6/site-packages/airflow/example_dags/example_task_group.py took 0.068 seconds
[2021-03-30 00:05:56,363] {scheduler_job.py:182} INFO - Started process (PID=3527) to work on /home/airflow/.local/lib/python3.6/site-packages/airflow/example_dags/example_task_group.py
[2021-03-30 00:05:56,364] {scheduler_job.py:629} INFO - Processing file /home/airflow/.local/lib/python3.6/site-packages/airflow/example_dags/example_task_group.py for tasks to queue
[2021-03-30 00:05:56,365] {logging_mixin.py:104} INFO - [2021-03-30 00:05:56,365] {dagbag.py:448} INFO - Filling up the DagBag from /home/airflow/.local/lib/python3.6/site-packages/airflow/example_dags/example_task_group.py
[2021-03-30 00:05:56,377] {scheduler_job.py:639} INFO - DAG(s) dict_keys(['example_task_group']) retrieved from /home/airflow/.local/lib/python3.6/site-packages/airflow/example_dags/example_task_group.py
[2021-03-30 00:05:56,398] {logging_mixin.py:104} INFO - [2021-03-30 00:05:56,398] {dag.py:1818} INFO - Sync 1 DAGs
[2021-03-30 00:05:56,414] {logging_mixin.py:104} INFO - [2021-03-30 00:05:56,414] {dag.py:2273} INFO - Setting next_dagrun for example_task_group to 2021-03-28 00:00:00+00:00
[2021-03-30 00:05:56,428] {scheduler_job.py:190} INFO - Processing /home/airflow/.local/lib/python3.6/site-packages/airflow/example_dags/example_task_group.py took 0.068 seconds
[2021-03-30 00:06:26,672] {scheduler_job.py:182} INFO - Started process (PID=3555) to work on /home/airflow/.local/lib/python3.6/site-packages/airflow/example_dags/example_task_group.py
[2021-03-30 00:06:26,673] {scheduler_job.py:629} INFO - Processing file /home/airflow/.local/lib/python3.6/site-packages/airflow/example_dags/example_task_group.py for tasks to queue
[2021-03-30 00:06:26,674] {logging_mixin.py:104} INFO - [2021-03-30 00:06:26,674] {dagbag.py:448} INFO - Filling up the DagBag from /home/airflow/.local/lib/python3.6/site-packages/airflow/example_dags/example_task_group.py
[2021-03-30 00:06:26,686] {scheduler_job.py:639} INFO - DAG(s) dict_keys(['example_task_group']) retrieved from /home/airflow/.local/lib/python3.6/site-packages/airflow/example_dags/example_task_group.py
[2021-03-30 00:06:26,707] {logging_mixin.py:104} INFO - [2021-03-30 00:06:26,707] {dag.py:1818} INFO - Sync 1 DAGs
[2021-03-30 00:06:26,723] {logging_mixin.py:104} INFO - [2021-03-30 00:06:26,723] {dag.py:2273} INFO - Setting next_dagrun for example_task_group to 2021-03-28 00:00:00+00:00
[2021-03-30 00:06:26,733] {scheduler_job.py:190} INFO - Processing /home/airflow/.local/lib/python3.6/site-packages/airflow/example_dags/example_task_group.py took 0.065 seconds
[2021-03-30 00:06:57,163] {scheduler_job.py:182} INFO - Started process (PID=3584) to work on /home/airflow/.local/lib/python3.6/site-packages/airflow/example_dags/example_task_group.py
[2021-03-30 00:06:57,166] {scheduler_job.py:629} INFO - Processing file /home/airflow/.local/lib/python3.6/site-packages/airflow/example_dags/example_task_group.py for tasks to queue
[2021-03-30 00:06:57,167] {logging_mixin.py:104} INFO - [2021-03-30 00:06:57,167] {dagbag.py:448} INFO - Filling up the DagBag from /home/airflow/.local/lib/python3.6/site-packages/airflow/example_dags/example_task_group.py
[2021-03-30 00:06:57,188] {scheduler_job.py:639} INFO - DAG(s) dict_keys(['example_task_group']) retrieved from /home/airflow/.local/lib/python3.6/site-packages/airflow/example_dags/example_task_group.py
[2021-03-30 00:06:57,220] {logging_mixin.py:104} INFO - [2021-03-30 00:06:57,220] {dag.py:1818} INFO - Sync 1 DAGs
[2021-03-30 00:06:57,250] {logging_mixin.py:104} INFO - [2021-03-30 00:06:57,250] {dag.py:2273} INFO - Setting next_dagrun for example_task_group to 2021-03-28 00:00:00+00:00
[2021-03-30 00:06:57,270] {scheduler_job.py:190} INFO - Processing /home/airflow/.local/lib/python3.6/site-packages/airflow/example_dags/example_task_group.py took 0.112 seconds
[2021-03-30 00:07:27,774] {scheduler_job.py:182} INFO - Started process (PID=3611) to work on /home/airflow/.local/lib/python3.6/site-packages/airflow/example_dags/example_task_group.py
[2021-03-30 00:07:27,776] {scheduler_job.py:629} INFO - Processing file /home/airflow/.local/lib/python3.6/site-packages/airflow/example_dags/example_task_group.py for tasks to queue
[2021-03-30 00:07:27,778] {logging_mixin.py:104} INFO - [2021-03-30 00:07:27,778] {dagbag.py:448} INFO - Filling up the DagBag from /home/airflow/.local/lib/python3.6/site-packages/airflow/example_dags/example_task_group.py
[2021-03-30 00:07:27,793] {scheduler_job.py:639} INFO - DAG(s) dict_keys(['example_task_group']) retrieved from /home/airflow/.local/lib/python3.6/site-packages/airflow/example_dags/example_task_group.py
[2021-03-30 00:07:27,823] {logging_mixin.py:104} INFO - [2021-03-30 00:07:27,823] {dag.py:1818} INFO - Sync 1 DAGs
[2021-03-30 00:07:27,849] {logging_mixin.py:104} INFO - [2021-03-30 00:07:27,849] {dag.py:2273} INFO - Setting next_dagrun for example_task_group to 2021-03-28 00:00:00+00:00
[2021-03-30 00:07:27,862] {scheduler_job.py:190} INFO - Processing /home/airflow/.local/lib/python3.6/site-packages/airflow/example_dags/example_task_group.py took 0.092 seconds
[2021-03-30 00:07:58,029] {scheduler_job.py:182} INFO - Started process (PID=3637) to work on /home/airflow/.local/lib/python3.6/site-packages/airflow/example_dags/example_task_group.py
[2021-03-30 00:07:58,030] {scheduler_job.py:629} INFO - Processing file /home/airflow/.local/lib/python3.6/site-packages/airflow/example_dags/example_task_group.py for tasks to queue
[2021-03-30 00:07:58,031] {logging_mixin.py:104} INFO - [2021-03-30 00:07:58,031] {dagbag.py:448} INFO - Filling up the DagBag from /home/airflow/.local/lib/python3.6/site-packages/airflow/example_dags/example_task_group.py
[2021-03-30 00:07:58,042] {scheduler_job.py:639} INFO - DAG(s) dict_keys(['example_task_group']) retrieved from /home/airflow/.local/lib/python3.6/site-packages/airflow/example_dags/example_task_group.py
[2021-03-30 00:07:58,062] {logging_mixin.py:104} INFO - [2021-03-30 00:07:58,062] {dag.py:1818} INFO - Sync 1 DAGs
[2021-03-30 00:07:58,078] {logging_mixin.py:104} INFO - [2021-03-30 00:07:58,078] {dag.py:2273} INFO - Setting next_dagrun for example_task_group to 2021-03-28 00:00:00+00:00
[2021-03-30 00:07:58,091] {scheduler_job.py:190} INFO - Processing /home/airflow/.local/lib/python3.6/site-packages/airflow/example_dags/example_task_group.py took 0.065 seconds
[2021-03-30 00:08:28,221] {scheduler_job.py:182} INFO - Started process (PID=3663) to work on /home/airflow/.local/lib/python3.6/site-packages/airflow/example_dags/example_task_group.py
[2021-03-30 00:08:28,222] {scheduler_job.py:629} INFO - Processing file /home/airflow/.local/lib/python3.6/site-packages/airflow/example_dags/example_task_group.py for tasks to queue
[2021-03-30 00:08:28,223] {logging_mixin.py:104} INFO - [2021-03-30 00:08:28,223] {dagbag.py:448} INFO - Filling up the DagBag from /home/airflow/.local/lib/python3.6/site-packages/airflow/example_dags/example_task_group.py
[2021-03-30 00:08:28,235] {scheduler_job.py:639} INFO - DAG(s) dict_keys(['example_task_group']) retrieved from /home/airflow/.local/lib/python3.6/site-packages/airflow/example_dags/example_task_group.py
[2021-03-30 00:08:28,258] {logging_mixin.py:104} INFO - [2021-03-30 00:08:28,258] {dag.py:1818} INFO - Sync 1 DAGs
[2021-03-30 00:08:28,274] {logging_mixin.py:104} INFO - [2021-03-30 00:08:28,274] {dag.py:2273} INFO - Setting next_dagrun for example_task_group to 2021-03-28 00:00:00+00:00
[2021-03-30 00:08:28,284] {scheduler_job.py:190} INFO - Processing /home/airflow/.local/lib/python3.6/site-packages/airflow/example_dags/example_task_group.py took 0.067 seconds
[2021-03-30 00:08:58,478] {scheduler_job.py:182} INFO - Started process (PID=3689) to work on /home/airflow/.local/lib/python3.6/site-packages/airflow/example_dags/example_task_group.py
[2021-03-30 00:08:58,479] {scheduler_job.py:629} INFO - Processing file /home/airflow/.local/lib/python3.6/site-packages/airflow/example_dags/example_task_group.py for tasks to queue
[2021-03-30 00:08:58,480] {logging_mixin.py:104} INFO - [2021-03-30 00:08:58,480] {dagbag.py:448} INFO - Filling up the DagBag from /home/airflow/.local/lib/python3.6/site-packages/airflow/example_dags/example_task_group.py
[2021-03-30 00:08:58,494] {scheduler_job.py:639} INFO - DAG(s) dict_keys(['example_task_group']) retrieved from /home/airflow/.local/lib/python3.6/site-packages/airflow/example_dags/example_task_group.py
[2021-03-30 00:08:58,518] {logging_mixin.py:104} INFO - [2021-03-30 00:08:58,517] {dag.py:1818} INFO - Sync 1 DAGs
[2021-03-30 00:08:58,537] {logging_mixin.py:104} INFO - [2021-03-30 00:08:58,537] {dag.py:2273} INFO - Setting next_dagrun for example_task_group to 2021-03-28 00:00:00+00:00
[2021-03-30 00:08:58,548] {scheduler_job.py:190} INFO - Processing /home/airflow/.local/lib/python3.6/site-packages/airflow/example_dags/example_task_group.py took 0.074 seconds
[2021-03-30 00:09:28,716] {scheduler_job.py:182} INFO - Started process (PID=3715) to work on /home/airflow/.local/lib/python3.6/site-packages/airflow/example_dags/example_task_group.py
[2021-03-30 00:09:28,717] {scheduler_job.py:629} INFO - Processing file /home/airflow/.local/lib/python3.6/site-packages/airflow/example_dags/example_task_group.py for tasks to queue
[2021-03-30 00:09:28,718] {logging_mixin.py:104} INFO - [2021-03-30 00:09:28,718] {dagbag.py:448} INFO - Filling up the DagBag from /home/airflow/.local/lib/python3.6/site-packages/airflow/example_dags/example_task_group.py
[2021-03-30 00:09:28,729] {scheduler_job.py:639} INFO - DAG(s) dict_keys(['example_task_group']) retrieved from /home/airflow/.local/lib/python3.6/site-packages/airflow/example_dags/example_task_group.py
[2021-03-30 00:09:28,751] {logging_mixin.py:104} INFO - [2021-03-30 00:09:28,751] {dag.py:1818} INFO - Sync 1 DAGs
[2021-03-30 00:09:28,768] {logging_mixin.py:104} INFO - [2021-03-30 00:09:28,768] {dag.py:2273} INFO - Setting next_dagrun for example_task_group to 2021-03-28 00:00:00+00:00
[2021-03-30 00:09:28,777] {scheduler_job.py:190} INFO - Processing /home/airflow/.local/lib/python3.6/site-packages/airflow/example_dags/example_task_group.py took 0.065 seconds
[2021-03-30 00:09:58,851] {scheduler_job.py:182} INFO - Started process (PID=3740) to work on /home/airflow/.local/lib/python3.6/site-packages/airflow/example_dags/example_task_group.py
[2021-03-30 00:09:58,853] {scheduler_job.py:629} INFO - Processing file /home/airflow/.local/lib/python3.6/site-packages/airflow/example_dags/example_task_group.py for tasks to queue
[2021-03-30 00:09:58,854] {logging_mixin.py:104} INFO - [2021-03-30 00:09:58,854] {dagbag.py:448} INFO - Filling up the DagBag from /home/airflow/.local/lib/python3.6/site-packages/airflow/example_dags/example_task_group.py
[2021-03-30 00:09:58,870] {scheduler_job.py:639} INFO - DAG(s) dict_keys(['example_task_group']) retrieved from /home/airflow/.local/lib/python3.6/site-packages/airflow/example_dags/example_task_group.py
[2021-03-30 00:09:58,896] {logging_mixin.py:104} INFO - [2021-03-30 00:09:58,896] {dag.py:1818} INFO - Sync 1 DAGs
[2021-03-30 00:09:58,912] {logging_mixin.py:104} INFO - [2021-03-30 00:09:58,912] {dag.py:2273} INFO - Setting next_dagrun for example_task_group to 2021-03-28 00:00:00+00:00
[2021-03-30 00:09:58,922] {scheduler_job.py:190} INFO - Processing /home/airflow/.local/lib/python3.6/site-packages/airflow/example_dags/example_task_group.py took 0.075 seconds
[2021-03-30 00:10:28,986] {scheduler_job.py:182} INFO - Started process (PID=3765) to work on /home/airflow/.local/lib/python3.6/site-packages/airflow/example_dags/example_task_group.py
[2021-03-30 00:10:28,988] {scheduler_job.py:629} INFO - Processing file /home/airflow/.local/lib/python3.6/site-packages/airflow/example_dags/example_task_group.py for tasks to queue
[2021-03-30 00:10:28,989] {logging_mixin.py:104} INFO - [2021-03-30 00:10:28,989] {dagbag.py:448} INFO - Filling up the DagBag from /home/airflow/.local/lib/python3.6/site-packages/airflow/example_dags/example_task_group.py
[2021-03-30 00:10:29,002] {scheduler_job.py:639} INFO - DAG(s) dict_keys(['example_task_group']) retrieved from /home/airflow/.local/lib/python3.6/site-packages/airflow/example_dags/example_task_group.py
[2021-03-30 00:10:29,022] {logging_mixin.py:104} INFO - [2021-03-30 00:10:29,021] {dag.py:1818} INFO - Sync 1 DAGs
[2021-03-30 00:10:29,042] {logging_mixin.py:104} INFO - [2021-03-30 00:10:29,042] {dag.py:2273} INFO - Setting next_dagrun for example_task_group to 2021-03-28 00:00:00+00:00
[2021-03-30 00:10:29,053] {scheduler_job.py:190} INFO - Processing /home/airflow/.local/lib/python3.6/site-packages/airflow/example_dags/example_task_group.py took 0.071 seconds
[2021-03-30 00:10:59,495] {scheduler_job.py:182} INFO - Started process (PID=3793) to work on /home/airflow/.local/lib/python3.6/site-packages/airflow/example_dags/example_task_group.py
[2021-03-30 00:10:59,497] {scheduler_job.py:629} INFO - Processing file /home/airflow/.local/lib/python3.6/site-packages/airflow/example_dags/example_task_group.py for tasks to queue
[2021-03-30 00:10:59,498] {logging_mixin.py:104} INFO - [2021-03-30 00:10:59,498] {dagbag.py:448} INFO - Filling up the DagBag from /home/airflow/.local/lib/python3.6/site-packages/airflow/example_dags/example_task_group.py
[2021-03-30 00:10:59,512] {scheduler_job.py:639} INFO - DAG(s) dict_keys(['example_task_group']) retrieved from /home/airflow/.local/lib/python3.6/site-packages/airflow/example_dags/example_task_group.py
[2021-03-30 00:10:59,533] {logging_mixin.py:104} INFO - [2021-03-30 00:10:59,533] {dag.py:1818} INFO - Sync 1 DAGs
[2021-03-30 00:10:59,550] {logging_mixin.py:104} INFO - [2021-03-30 00:10:59,550] {dag.py:2273} INFO - Setting next_dagrun for example_task_group to 2021-03-28 00:00:00+00:00
[2021-03-30 00:10:59,561] {scheduler_job.py:190} INFO - Processing /home/airflow/.local/lib/python3.6/site-packages/airflow/example_dags/example_task_group.py took 0.070 seconds
[2021-03-30 00:11:29,673] {scheduler_job.py:182} INFO - Started process (PID=3819) to work on /home/airflow/.local/lib/python3.6/site-packages/airflow/example_dags/example_task_group.py
[2021-03-30 00:11:29,675] {scheduler_job.py:629} INFO - Processing file /home/airflow/.local/lib/python3.6/site-packages/airflow/example_dags/example_task_group.py for tasks to queue
[2021-03-30 00:11:29,676] {logging_mixin.py:104} INFO - [2021-03-30 00:11:29,676] {dagbag.py:448} INFO - Filling up the DagBag from /home/airflow/.local/lib/python3.6/site-packages/airflow/example_dags/example_task_group.py
[2021-03-30 00:11:29,694] {scheduler_job.py:639} INFO - DAG(s) dict_keys(['example_task_group']) retrieved from /home/airflow/.local/lib/python3.6/site-packages/airflow/example_dags/example_task_group.py
[2021-03-30 00:11:29,726] {logging_mixin.py:104} INFO - [2021-03-30 00:11:29,726] {dag.py:1818} INFO - Sync 1 DAGs
[2021-03-30 00:11:29,754] {logging_mixin.py:104} INFO - [2021-03-30 00:11:29,753] {dag.py:2273} INFO - Setting next_dagrun for example_task_group to 2021-03-28 00:00:00+00:00
[2021-03-30 00:11:29,767] {scheduler_job.py:190} INFO - Processing /home/airflow/.local/lib/python3.6/site-packages/airflow/example_dags/example_task_group.py took 0.097 seconds
[2021-03-30 00:11:59,992] {scheduler_job.py:182} INFO - Started process (PID=3845) to work on /home/airflow/.local/lib/python3.6/site-packages/airflow/example_dags/example_task_group.py
[2021-03-30 00:11:59,994] {scheduler_job.py:629} INFO - Processing file /home/airflow/.local/lib/python3.6/site-packages/airflow/example_dags/example_task_group.py for tasks to queue
[2021-03-30 00:11:59,995] {logging_mixin.py:104} INFO - [2021-03-30 00:11:59,995] {dagbag.py:448} INFO - Filling up the DagBag from /home/airflow/.local/lib/python3.6/site-packages/airflow/example_dags/example_task_group.py
[2021-03-30 00:12:00,010] {scheduler_job.py:639} INFO - DAG(s) dict_keys(['example_task_group']) retrieved from /home/airflow/.local/lib/python3.6/site-packages/airflow/example_dags/example_task_group.py
[2021-03-30 00:12:00,031] {logging_mixin.py:104} INFO - [2021-03-30 00:12:00,031] {dag.py:1818} INFO - Sync 1 DAGs
[2021-03-30 00:12:00,047] {logging_mixin.py:104} INFO - [2021-03-30 00:12:00,047] {dag.py:2273} INFO - Setting next_dagrun for example_task_group to 2021-03-28 00:00:00+00:00
[2021-03-30 00:12:00,057] {scheduler_job.py:190} INFO - Processing /home/airflow/.local/lib/python3.6/site-packages/airflow/example_dags/example_task_group.py took 0.068 seconds
[2021-03-30 00:12:30,081] {scheduler_job.py:182} INFO - Started process (PID=3870) to work on /home/airflow/.local/lib/python3.6/site-packages/airflow/example_dags/example_task_group.py
[2021-03-30 00:12:30,083] {scheduler_job.py:629} INFO - Processing file /home/airflow/.local/lib/python3.6/site-packages/airflow/example_dags/example_task_group.py for tasks to queue
[2021-03-30 00:12:30,084] {logging_mixin.py:104} INFO - [2021-03-30 00:12:30,084] {dagbag.py:448} INFO - Filling up the DagBag from /home/airflow/.local/lib/python3.6/site-packages/airflow/example_dags/example_task_group.py
[2021-03-30 00:12:30,100] {scheduler_job.py:639} INFO - DAG(s) dict_keys(['example_task_group']) retrieved from /home/airflow/.local/lib/python3.6/site-packages/airflow/example_dags/example_task_group.py
[2021-03-30 00:12:30,124] {logging_mixin.py:104} INFO - [2021-03-30 00:12:30,124] {dag.py:1818} INFO - Sync 1 DAGs
[2021-03-30 00:12:30,142] {logging_mixin.py:104} INFO - [2021-03-30 00:12:30,142] {dag.py:2273} INFO - Setting next_dagrun for example_task_group to 2021-03-28 00:00:00+00:00
[2021-03-30 00:12:30,155] {scheduler_job.py:190} INFO - Processing /home/airflow/.local/lib/python3.6/site-packages/airflow/example_dags/example_task_group.py took 0.077 seconds
[2021-03-30 00:13:00,293] {scheduler_job.py:182} INFO - Started process (PID=3896) to work on /home/airflow/.local/lib/python3.6/site-packages/airflow/example_dags/example_task_group.py
[2021-03-30 00:13:00,296] {scheduler_job.py:629} INFO - Processing file /home/airflow/.local/lib/python3.6/site-packages/airflow/example_dags/example_task_group.py for tasks to queue
[2021-03-30 00:13:00,297] {logging_mixin.py:104} INFO - [2021-03-30 00:13:00,297] {dagbag.py:448} INFO - Filling up the DagBag from /home/airflow/.local/lib/python3.6/site-packages/airflow/example_dags/example_task_group.py
[2021-03-30 00:13:00,313] {scheduler_job.py:639} INFO - DAG(s) dict_keys(['example_task_group']) retrieved from /home/airflow/.local/lib/python3.6/site-packages/airflow/example_dags/example_task_group.py
[2021-03-30 00:13:00,339] {logging_mixin.py:104} INFO - [2021-03-30 00:13:00,339] {dag.py:1818} INFO - Sync 1 DAGs
[2021-03-30 00:13:00,358] {logging_mixin.py:104} INFO - [2021-03-30 00:13:00,358] {dag.py:2273} INFO - Setting next_dagrun for example_task_group to 2021-03-28 00:00:00+00:00
[2021-03-30 00:13:00,369] {scheduler_job.py:190} INFO - Processing /home/airflow/.local/lib/python3.6/site-packages/airflow/example_dags/example_task_group.py took 0.081 seconds
[2021-03-30 00:13:30,668] {scheduler_job.py:182} INFO - Started process (PID=3923) to work on /home/airflow/.local/lib/python3.6/site-packages/airflow/example_dags/example_task_group.py
[2021-03-30 00:13:30,670] {scheduler_job.py:629} INFO - Processing file /home/airflow/.local/lib/python3.6/site-packages/airflow/example_dags/example_task_group.py for tasks to queue
[2021-03-30 00:13:30,671] {logging_mixin.py:104} INFO - [2021-03-30 00:13:30,671] {dagbag.py:448} INFO - Filling up the DagBag from /home/airflow/.local/lib/python3.6/site-packages/airflow/example_dags/example_task_group.py
[2021-03-30 00:13:30,687] {scheduler_job.py:639} INFO - DAG(s) dict_keys(['example_task_group']) retrieved from /home/airflow/.local/lib/python3.6/site-packages/airflow/example_dags/example_task_group.py
[2021-03-30 00:13:30,717] {logging_mixin.py:104} INFO - [2021-03-30 00:13:30,717] {dag.py:1818} INFO - Sync 1 DAGs
[2021-03-30 00:13:30,733] {logging_mixin.py:104} INFO - [2021-03-30 00:13:30,733] {dag.py:2273} INFO - Setting next_dagrun for example_task_group to 2021-03-28 00:00:00+00:00
[2021-03-30 00:13:30,744] {scheduler_job.py:190} INFO - Processing /home/airflow/.local/lib/python3.6/site-packages/airflow/example_dags/example_task_group.py took 0.079 seconds
[2021-03-30 00:14:01,101] {scheduler_job.py:182} INFO - Started process (PID=3943) to work on /home/airflow/.local/lib/python3.6/site-packages/airflow/example_dags/example_task_group.py
[2021-03-30 00:14:01,102] {scheduler_job.py:629} INFO - Processing file /home/airflow/.local/lib/python3.6/site-packages/airflow/example_dags/example_task_group.py for tasks to queue
[2021-03-30 00:14:01,104] {logging_mixin.py:104} INFO - [2021-03-30 00:14:01,103] {dagbag.py:448} INFO - Filling up the DagBag from /home/airflow/.local/lib/python3.6/site-packages/airflow/example_dags/example_task_group.py
[2021-03-30 00:14:01,114] {scheduler_job.py:639} INFO - DAG(s) dict_keys(['example_task_group']) retrieved from /home/airflow/.local/lib/python3.6/site-packages/airflow/example_dags/example_task_group.py
[2021-03-30 00:14:01,137] {logging_mixin.py:104} INFO - [2021-03-30 00:14:01,137] {dag.py:1818} INFO - Sync 1 DAGs
[2021-03-30 00:14:01,152] {logging_mixin.py:104} INFO - [2021-03-30 00:14:01,151] {dag.py:2273} INFO - Setting next_dagrun for example_task_group to 2021-03-28 00:00:00+00:00
[2021-03-30 00:14:01,162] {scheduler_job.py:190} INFO - Processing /home/airflow/.local/lib/python3.6/site-packages/airflow/example_dags/example_task_group.py took 0.064 seconds
[2021-03-30 00:14:31,291] {scheduler_job.py:182} INFO - Started process (PID=3970) to work on /home/airflow/.local/lib/python3.6/site-packages/airflow/example_dags/example_task_group.py
[2021-03-30 00:14:31,293] {scheduler_job.py:629} INFO - Processing file /home/airflow/.local/lib/python3.6/site-packages/airflow/example_dags/example_task_group.py for tasks to queue
[2021-03-30 00:14:31,294] {logging_mixin.py:104} INFO - [2021-03-30 00:14:31,293] {dagbag.py:448} INFO - Filling up the DagBag from /home/airflow/.local/lib/python3.6/site-packages/airflow/example_dags/example_task_group.py
[2021-03-30 00:14:31,306] {scheduler_job.py:639} INFO - DAG(s) dict_keys(['example_task_group']) retrieved from /home/airflow/.local/lib/python3.6/site-packages/airflow/example_dags/example_task_group.py
[2021-03-30 00:14:31,328] {logging_mixin.py:104} INFO - [2021-03-30 00:14:31,328] {dag.py:1818} INFO - Sync 1 DAGs
[2021-03-30 00:14:31,346] {logging_mixin.py:104} INFO - [2021-03-30 00:14:31,346] {dag.py:2273} INFO - Setting next_dagrun for example_task_group to 2021-03-28 00:00:00+00:00
[2021-03-30 00:14:31,358] {scheduler_job.py:190} INFO - Processing /home/airflow/.local/lib/python3.6/site-packages/airflow/example_dags/example_task_group.py took 0.070 seconds
[2021-03-30 00:15:01,448] {scheduler_job.py:182} INFO - Started process (PID=3996) to work on /home/airflow/.local/lib/python3.6/site-packages/airflow/example_dags/example_task_group.py
[2021-03-30 00:15:01,450] {scheduler_job.py:629} INFO - Processing file /home/airflow/.local/lib/python3.6/site-packages/airflow/example_dags/example_task_group.py for tasks to queue
[2021-03-30 00:15:01,452] {logging_mixin.py:104} INFO - [2021-03-30 00:15:01,452] {dagbag.py:448} INFO - Filling up the DagBag from /home/airflow/.local/lib/python3.6/site-packages/airflow/example_dags/example_task_group.py
[2021-03-30 00:15:01,467] {scheduler_job.py:639} INFO - DAG(s) dict_keys(['example_task_group']) retrieved from /home/airflow/.local/lib/python3.6/site-packages/airflow/example_dags/example_task_group.py
[2021-03-30 00:15:01,492] {logging_mixin.py:104} INFO - [2021-03-30 00:15:01,492] {dag.py:1818} INFO - Sync 1 DAGs
[2021-03-30 00:15:01,512] {logging_mixin.py:104} INFO - [2021-03-30 00:15:01,512] {dag.py:2273} INFO - Setting next_dagrun for example_task_group to 2021-03-28 00:00:00+00:00
[2021-03-30 00:15:01,524] {scheduler_job.py:190} INFO - Processing /home/airflow/.local/lib/python3.6/site-packages/airflow/example_dags/example_task_group.py took 0.081 seconds
[2021-03-30 00:15:31,964] {scheduler_job.py:182} INFO - Started process (PID=4025) to work on /home/airflow/.local/lib/python3.6/site-packages/airflow/example_dags/example_task_group.py
[2021-03-30 00:15:31,966] {scheduler_job.py:629} INFO - Processing file /home/airflow/.local/lib/python3.6/site-packages/airflow/example_dags/example_task_group.py for tasks to queue
[2021-03-30 00:15:31,966] {logging_mixin.py:104} INFO - [2021-03-30 00:15:31,966] {dagbag.py:448} INFO - Filling up the DagBag from /home/airflow/.local/lib/python3.6/site-packages/airflow/example_dags/example_task_group.py
[2021-03-30 00:15:31,977] {scheduler_job.py:639} INFO - DAG(s) dict_keys(['example_task_group']) retrieved from /home/airflow/.local/lib/python3.6/site-packages/airflow/example_dags/example_task_group.py
[2021-03-30 00:15:32,001] {logging_mixin.py:104} INFO - [2021-03-30 00:15:32,001] {dag.py:1818} INFO - Sync 1 DAGs
[2021-03-30 00:15:32,019] {logging_mixin.py:104} INFO - [2021-03-30 00:15:32,019] {dag.py:2273} INFO - Setting next_dagrun for example_task_group to 2021-03-28 00:00:00+00:00
[2021-03-30 00:15:32,030] {scheduler_job.py:190} INFO - Processing /home/airflow/.local/lib/python3.6/site-packages/airflow/example_dags/example_task_group.py took 0.070 seconds
[2021-03-30 00:16:02,136] {scheduler_job.py:182} INFO - Started process (PID=4051) to work on /home/airflow/.local/lib/python3.6/site-packages/airflow/example_dags/example_task_group.py
[2021-03-30 00:16:02,137] {scheduler_job.py:629} INFO - Processing file /home/airflow/.local/lib/python3.6/site-packages/airflow/example_dags/example_task_group.py for tasks to queue
[2021-03-30 00:16:02,138] {logging_mixin.py:104} INFO - [2021-03-30 00:16:02,138] {dagbag.py:448} INFO - Filling up the DagBag from /home/airflow/.local/lib/python3.6/site-packages/airflow/example_dags/example_task_group.py
[2021-03-30 00:16:02,148] {scheduler_job.py:639} INFO - DAG(s) dict_keys(['example_task_group']) retrieved from /home/airflow/.local/lib/python3.6/site-packages/airflow/example_dags/example_task_group.py
[2021-03-30 00:16:02,169] {logging_mixin.py:104} INFO - [2021-03-30 00:16:02,169] {dag.py:1818} INFO - Sync 1 DAGs
[2021-03-30 00:16:02,182] {logging_mixin.py:104} INFO - [2021-03-30 00:16:02,182] {dag.py:2273} INFO - Setting next_dagrun for example_task_group to 2021-03-28 00:00:00+00:00
[2021-03-30 00:16:02,192] {scheduler_job.py:190} INFO - Processing /home/airflow/.local/lib/python3.6/site-packages/airflow/example_dags/example_task_group.py took 0.059 seconds
