[2021-03-30 00:00:18,146] {scheduler_job.py:182} INFO - Started process (PID=3238) to work on /home/airflow/.local/lib/python3.6/site-packages/airflow/example_dags/example_xcomargs.py
[2021-03-30 00:00:18,153] {scheduler_job.py:629} INFO - Processing file /home/airflow/.local/lib/python3.6/site-packages/airflow/example_dags/example_xcomargs.py for tasks to queue
[2021-03-30 00:00:18,158] {logging_mixin.py:104} INFO - [2021-03-30 00:00:18,157] {dagbag.py:448} INFO - Filling up the DagBag from /home/airflow/.local/lib/python3.6/site-packages/airflow/example_dags/example_xcomargs.py
[2021-03-30 00:00:18,200] {scheduler_job.py:639} INFO - DAG(s) dict_keys(['example_xcom_args', 'example_xcom_args_with_operators']) retrieved from /home/airflow/.local/lib/python3.6/site-packages/airflow/example_dags/example_xcomargs.py
[2021-03-30 00:00:18,253] {logging_mixin.py:104} INFO - [2021-03-30 00:00:18,253] {dag.py:1818} INFO - Sync 2 DAGs
[2021-03-30 00:00:18,282] {logging_mixin.py:104} INFO - [2021-03-30 00:00:18,282] {dag.py:2273} INFO - Setting next_dagrun for example_xcom_args to None
[2021-03-30 00:00:18,284] {logging_mixin.py:104} INFO - [2021-03-30 00:00:18,284] {dag.py:2273} INFO - Setting next_dagrun for example_xcom_args_with_operators to None
[2021-03-30 00:00:18,304] {scheduler_job.py:190} INFO - Processing /home/airflow/.local/lib/python3.6/site-packages/airflow/example_dags/example_xcomargs.py took 0.165 seconds
[2021-03-30 00:00:48,435] {scheduler_job.py:182} INFO - Started process (PID=3264) to work on /home/airflow/.local/lib/python3.6/site-packages/airflow/example_dags/example_xcomargs.py
[2021-03-30 00:00:48,437] {scheduler_job.py:629} INFO - Processing file /home/airflow/.local/lib/python3.6/site-packages/airflow/example_dags/example_xcomargs.py for tasks to queue
[2021-03-30 00:00:48,438] {logging_mixin.py:104} INFO - [2021-03-30 00:00:48,438] {dagbag.py:448} INFO - Filling up the DagBag from /home/airflow/.local/lib/python3.6/site-packages/airflow/example_dags/example_xcomargs.py
[2021-03-30 00:00:48,455] {scheduler_job.py:639} INFO - DAG(s) dict_keys(['example_xcom_args', 'example_xcom_args_with_operators']) retrieved from /home/airflow/.local/lib/python3.6/site-packages/airflow/example_dags/example_xcomargs.py
[2021-03-30 00:00:48,487] {logging_mixin.py:104} INFO - [2021-03-30 00:00:48,487] {dag.py:1818} INFO - Sync 2 DAGs
[2021-03-30 00:00:48,507] {logging_mixin.py:104} INFO - [2021-03-30 00:00:48,507] {dag.py:2273} INFO - Setting next_dagrun for example_xcom_args to None
[2021-03-30 00:00:48,509] {logging_mixin.py:104} INFO - [2021-03-30 00:00:48,509] {dag.py:2273} INFO - Setting next_dagrun for example_xcom_args_with_operators to None
[2021-03-30 00:00:48,523] {scheduler_job.py:190} INFO - Processing /home/airflow/.local/lib/python3.6/site-packages/airflow/example_dags/example_xcomargs.py took 0.092 seconds
[2021-03-30 00:01:18,813] {scheduler_job.py:182} INFO - Started process (PID=3288) to work on /home/airflow/.local/lib/python3.6/site-packages/airflow/example_dags/example_xcomargs.py
[2021-03-30 00:01:18,815] {scheduler_job.py:629} INFO - Processing file /home/airflow/.local/lib/python3.6/site-packages/airflow/example_dags/example_xcomargs.py for tasks to queue
[2021-03-30 00:01:18,816] {logging_mixin.py:104} INFO - [2021-03-30 00:01:18,816] {dagbag.py:448} INFO - Filling up the DagBag from /home/airflow/.local/lib/python3.6/site-packages/airflow/example_dags/example_xcomargs.py
[2021-03-30 00:01:18,840] {scheduler_job.py:639} INFO - DAG(s) dict_keys(['example_xcom_args', 'example_xcom_args_with_operators']) retrieved from /home/airflow/.local/lib/python3.6/site-packages/airflow/example_dags/example_xcomargs.py
[2021-03-30 00:01:18,895] {logging_mixin.py:104} INFO - [2021-03-30 00:01:18,894] {dag.py:1818} INFO - Sync 2 DAGs
[2021-03-30 00:01:18,919] {logging_mixin.py:104} INFO - [2021-03-30 00:01:18,919] {dag.py:2273} INFO - Setting next_dagrun for example_xcom_args to None
[2021-03-30 00:01:18,921] {logging_mixin.py:104} INFO - [2021-03-30 00:01:18,921] {dag.py:2273} INFO - Setting next_dagrun for example_xcom_args_with_operators to None
[2021-03-30 00:01:18,939] {scheduler_job.py:190} INFO - Processing /home/airflow/.local/lib/python3.6/site-packages/airflow/example_dags/example_xcomargs.py took 0.132 seconds
[2021-03-30 00:01:49,607] {scheduler_job.py:182} INFO - Started process (PID=3314) to work on /home/airflow/.local/lib/python3.6/site-packages/airflow/example_dags/example_xcomargs.py
[2021-03-30 00:01:49,609] {scheduler_job.py:629} INFO - Processing file /home/airflow/.local/lib/python3.6/site-packages/airflow/example_dags/example_xcomargs.py for tasks to queue
[2021-03-30 00:01:49,610] {logging_mixin.py:104} INFO - [2021-03-30 00:01:49,610] {dagbag.py:448} INFO - Filling up the DagBag from /home/airflow/.local/lib/python3.6/site-packages/airflow/example_dags/example_xcomargs.py
[2021-03-30 00:01:49,627] {scheduler_job.py:639} INFO - DAG(s) dict_keys(['example_xcom_args', 'example_xcom_args_with_operators']) retrieved from /home/airflow/.local/lib/python3.6/site-packages/airflow/example_dags/example_xcomargs.py
[2021-03-30 00:01:49,659] {logging_mixin.py:104} INFO - [2021-03-30 00:01:49,659] {dag.py:1818} INFO - Sync 2 DAGs
[2021-03-30 00:01:49,678] {logging_mixin.py:104} INFO - [2021-03-30 00:01:49,678] {dag.py:2273} INFO - Setting next_dagrun for example_xcom_args to None
[2021-03-30 00:01:49,679] {logging_mixin.py:104} INFO - [2021-03-30 00:01:49,679] {dag.py:2273} INFO - Setting next_dagrun for example_xcom_args_with_operators to None
[2021-03-30 00:01:49,694] {scheduler_job.py:190} INFO - Processing /home/airflow/.local/lib/python3.6/site-packages/airflow/example_dags/example_xcomargs.py took 0.091 seconds
[2021-03-30 00:02:20,190] {scheduler_job.py:182} INFO - Started process (PID=3340) to work on /home/airflow/.local/lib/python3.6/site-packages/airflow/example_dags/example_xcomargs.py
[2021-03-30 00:02:20,192] {scheduler_job.py:629} INFO - Processing file /home/airflow/.local/lib/python3.6/site-packages/airflow/example_dags/example_xcomargs.py for tasks to queue
[2021-03-30 00:02:20,194] {logging_mixin.py:104} INFO - [2021-03-30 00:02:20,193] {dagbag.py:448} INFO - Filling up the DagBag from /home/airflow/.local/lib/python3.6/site-packages/airflow/example_dags/example_xcomargs.py
[2021-03-30 00:02:20,232] {scheduler_job.py:639} INFO - DAG(s) dict_keys(['example_xcom_args', 'example_xcom_args_with_operators']) retrieved from /home/airflow/.local/lib/python3.6/site-packages/airflow/example_dags/example_xcomargs.py
[2021-03-30 00:02:20,290] {logging_mixin.py:104} INFO - [2021-03-30 00:02:20,290] {dag.py:1818} INFO - Sync 2 DAGs
[2021-03-30 00:02:20,320] {logging_mixin.py:104} INFO - [2021-03-30 00:02:20,320] {dag.py:2273} INFO - Setting next_dagrun for example_xcom_args to None
[2021-03-30 00:02:20,322] {logging_mixin.py:104} INFO - [2021-03-30 00:02:20,322] {dag.py:2273} INFO - Setting next_dagrun for example_xcom_args_with_operators to None
[2021-03-30 00:02:20,348] {scheduler_job.py:190} INFO - Processing /home/airflow/.local/lib/python3.6/site-packages/airflow/example_dags/example_xcomargs.py took 0.164 seconds
[2021-03-30 00:02:51,166] {scheduler_job.py:182} INFO - Started process (PID=3366) to work on /home/airflow/.local/lib/python3.6/site-packages/airflow/example_dags/example_xcomargs.py
[2021-03-30 00:02:51,168] {scheduler_job.py:629} INFO - Processing file /home/airflow/.local/lib/python3.6/site-packages/airflow/example_dags/example_xcomargs.py for tasks to queue
[2021-03-30 00:02:51,169] {logging_mixin.py:104} INFO - [2021-03-30 00:02:51,169] {dagbag.py:448} INFO - Filling up the DagBag from /home/airflow/.local/lib/python3.6/site-packages/airflow/example_dags/example_xcomargs.py
[2021-03-30 00:02:51,185] {scheduler_job.py:639} INFO - DAG(s) dict_keys(['example_xcom_args', 'example_xcom_args_with_operators']) retrieved from /home/airflow/.local/lib/python3.6/site-packages/airflow/example_dags/example_xcomargs.py
[2021-03-30 00:02:51,221] {logging_mixin.py:104} INFO - [2021-03-30 00:02:51,220] {dag.py:1818} INFO - Sync 2 DAGs
[2021-03-30 00:02:51,244] {logging_mixin.py:104} INFO - [2021-03-30 00:02:51,244] {dag.py:2273} INFO - Setting next_dagrun for example_xcom_args to None
[2021-03-30 00:02:51,246] {logging_mixin.py:104} INFO - [2021-03-30 00:02:51,245] {dag.py:2273} INFO - Setting next_dagrun for example_xcom_args_with_operators to None
[2021-03-30 00:02:51,268] {scheduler_job.py:190} INFO - Processing /home/airflow/.local/lib/python3.6/site-packages/airflow/example_dags/example_xcomargs.py took 0.105 seconds
[2021-03-30 00:03:21,592] {scheduler_job.py:182} INFO - Started process (PID=3392) to work on /home/airflow/.local/lib/python3.6/site-packages/airflow/example_dags/example_xcomargs.py
[2021-03-30 00:03:21,594] {scheduler_job.py:629} INFO - Processing file /home/airflow/.local/lib/python3.6/site-packages/airflow/example_dags/example_xcomargs.py for tasks to queue
[2021-03-30 00:03:21,595] {logging_mixin.py:104} INFO - [2021-03-30 00:03:21,594] {dagbag.py:448} INFO - Filling up the DagBag from /home/airflow/.local/lib/python3.6/site-packages/airflow/example_dags/example_xcomargs.py
[2021-03-30 00:03:21,608] {scheduler_job.py:639} INFO - DAG(s) dict_keys(['example_xcom_args', 'example_xcom_args_with_operators']) retrieved from /home/airflow/.local/lib/python3.6/site-packages/airflow/example_dags/example_xcomargs.py
[2021-03-30 00:03:21,642] {logging_mixin.py:104} INFO - [2021-03-30 00:03:21,641] {dag.py:1818} INFO - Sync 2 DAGs
[2021-03-30 00:03:21,663] {logging_mixin.py:104} INFO - [2021-03-30 00:03:21,663] {dag.py:2273} INFO - Setting next_dagrun for example_xcom_args to None
[2021-03-30 00:03:21,664] {logging_mixin.py:104} INFO - [2021-03-30 00:03:21,664] {dag.py:2273} INFO - Setting next_dagrun for example_xcom_args_with_operators to None
[2021-03-30 00:03:21,681] {scheduler_job.py:190} INFO - Processing /home/airflow/.local/lib/python3.6/site-packages/airflow/example_dags/example_xcomargs.py took 0.092 seconds
[2021-03-30 00:03:51,975] {scheduler_job.py:182} INFO - Started process (PID=3420) to work on /home/airflow/.local/lib/python3.6/site-packages/airflow/example_dags/example_xcomargs.py
[2021-03-30 00:03:51,977] {scheduler_job.py:629} INFO - Processing file /home/airflow/.local/lib/python3.6/site-packages/airflow/example_dags/example_xcomargs.py for tasks to queue
[2021-03-30 00:03:51,978] {logging_mixin.py:104} INFO - [2021-03-30 00:03:51,978] {dagbag.py:448} INFO - Filling up the DagBag from /home/airflow/.local/lib/python3.6/site-packages/airflow/example_dags/example_xcomargs.py
[2021-03-30 00:03:52,001] {scheduler_job.py:639} INFO - DAG(s) dict_keys(['example_xcom_args', 'example_xcom_args_with_operators']) retrieved from /home/airflow/.local/lib/python3.6/site-packages/airflow/example_dags/example_xcomargs.py
[2021-03-30 00:03:52,036] {logging_mixin.py:104} INFO - [2021-03-30 00:03:52,036] {dag.py:1818} INFO - Sync 2 DAGs
[2021-03-30 00:03:52,059] {logging_mixin.py:104} INFO - [2021-03-30 00:03:52,059] {dag.py:2273} INFO - Setting next_dagrun for example_xcom_args to None
[2021-03-30 00:03:52,061] {logging_mixin.py:104} INFO - [2021-03-30 00:03:52,061] {dag.py:2273} INFO - Setting next_dagrun for example_xcom_args_with_operators to None
[2021-03-30 00:03:52,075] {scheduler_job.py:190} INFO - Processing /home/airflow/.local/lib/python3.6/site-packages/airflow/example_dags/example_xcomargs.py took 0.105 seconds
[2021-03-30 00:04:22,167] {scheduler_job.py:182} INFO - Started process (PID=3446) to work on /home/airflow/.local/lib/python3.6/site-packages/airflow/example_dags/example_xcomargs.py
[2021-03-30 00:04:22,168] {scheduler_job.py:629} INFO - Processing file /home/airflow/.local/lib/python3.6/site-packages/airflow/example_dags/example_xcomargs.py for tasks to queue
[2021-03-30 00:04:22,169] {logging_mixin.py:104} INFO - [2021-03-30 00:04:22,169] {dagbag.py:448} INFO - Filling up the DagBag from /home/airflow/.local/lib/python3.6/site-packages/airflow/example_dags/example_xcomargs.py
[2021-03-30 00:04:22,184] {scheduler_job.py:639} INFO - DAG(s) dict_keys(['example_xcom_args', 'example_xcom_args_with_operators']) retrieved from /home/airflow/.local/lib/python3.6/site-packages/airflow/example_dags/example_xcomargs.py
[2021-03-30 00:04:22,214] {logging_mixin.py:104} INFO - [2021-03-30 00:04:22,214] {dag.py:1818} INFO - Sync 2 DAGs
[2021-03-30 00:04:22,229] {logging_mixin.py:104} INFO - [2021-03-30 00:04:22,229] {dag.py:2273} INFO - Setting next_dagrun for example_xcom_args to None
[2021-03-30 00:04:22,231] {logging_mixin.py:104} INFO - [2021-03-30 00:04:22,231] {dag.py:2273} INFO - Setting next_dagrun for example_xcom_args_with_operators to None
[2021-03-30 00:04:22,242] {scheduler_job.py:190} INFO - Processing /home/airflow/.local/lib/python3.6/site-packages/airflow/example_dags/example_xcomargs.py took 0.079 seconds
[2021-03-30 00:04:52,335] {scheduler_job.py:182} INFO - Started process (PID=3472) to work on /home/airflow/.local/lib/python3.6/site-packages/airflow/example_dags/example_xcomargs.py
[2021-03-30 00:04:52,337] {scheduler_job.py:629} INFO - Processing file /home/airflow/.local/lib/python3.6/site-packages/airflow/example_dags/example_xcomargs.py for tasks to queue
[2021-03-30 00:04:52,338] {logging_mixin.py:104} INFO - [2021-03-30 00:04:52,337] {dagbag.py:448} INFO - Filling up the DagBag from /home/airflow/.local/lib/python3.6/site-packages/airflow/example_dags/example_xcomargs.py
[2021-03-30 00:04:52,352] {scheduler_job.py:639} INFO - DAG(s) dict_keys(['example_xcom_args', 'example_xcom_args_with_operators']) retrieved from /home/airflow/.local/lib/python3.6/site-packages/airflow/example_dags/example_xcomargs.py
[2021-03-30 00:04:52,379] {logging_mixin.py:104} INFO - [2021-03-30 00:04:52,379] {dag.py:1818} INFO - Sync 2 DAGs
[2021-03-30 00:04:52,396] {logging_mixin.py:104} INFO - [2021-03-30 00:04:52,396] {dag.py:2273} INFO - Setting next_dagrun for example_xcom_args to None
[2021-03-30 00:04:52,397] {logging_mixin.py:104} INFO - [2021-03-30 00:04:52,397] {dag.py:2273} INFO - Setting next_dagrun for example_xcom_args_with_operators to None
[2021-03-30 00:04:52,409] {scheduler_job.py:190} INFO - Processing /home/airflow/.local/lib/python3.6/site-packages/airflow/example_dags/example_xcomargs.py took 0.077 seconds
[2021-03-30 00:05:22,459] {scheduler_job.py:182} INFO - Started process (PID=3497) to work on /home/airflow/.local/lib/python3.6/site-packages/airflow/example_dags/example_xcomargs.py
[2021-03-30 00:05:22,461] {scheduler_job.py:629} INFO - Processing file /home/airflow/.local/lib/python3.6/site-packages/airflow/example_dags/example_xcomargs.py for tasks to queue
[2021-03-30 00:05:22,462] {logging_mixin.py:104} INFO - [2021-03-30 00:05:22,462] {dagbag.py:448} INFO - Filling up the DagBag from /home/airflow/.local/lib/python3.6/site-packages/airflow/example_dags/example_xcomargs.py
[2021-03-30 00:05:22,476] {scheduler_job.py:639} INFO - DAG(s) dict_keys(['example_xcom_args', 'example_xcom_args_with_operators']) retrieved from /home/airflow/.local/lib/python3.6/site-packages/airflow/example_dags/example_xcomargs.py
[2021-03-30 00:05:22,501] {logging_mixin.py:104} INFO - [2021-03-30 00:05:22,501] {dag.py:1818} INFO - Sync 2 DAGs
[2021-03-30 00:05:22,516] {logging_mixin.py:104} INFO - [2021-03-30 00:05:22,515] {dag.py:2273} INFO - Setting next_dagrun for example_xcom_args to None
[2021-03-30 00:05:22,517] {logging_mixin.py:104} INFO - [2021-03-30 00:05:22,517] {dag.py:2273} INFO - Setting next_dagrun for example_xcom_args_with_operators to None
[2021-03-30 00:05:22,528] {scheduler_job.py:190} INFO - Processing /home/airflow/.local/lib/python3.6/site-packages/airflow/example_dags/example_xcomargs.py took 0.072 seconds
[2021-03-30 00:05:53,099] {scheduler_job.py:182} INFO - Started process (PID=3522) to work on /home/airflow/.local/lib/python3.6/site-packages/airflow/example_dags/example_xcomargs.py
[2021-03-30 00:05:53,100] {scheduler_job.py:629} INFO - Processing file /home/airflow/.local/lib/python3.6/site-packages/airflow/example_dags/example_xcomargs.py for tasks to queue
[2021-03-30 00:05:53,101] {logging_mixin.py:104} INFO - [2021-03-30 00:05:53,101] {dagbag.py:448} INFO - Filling up the DagBag from /home/airflow/.local/lib/python3.6/site-packages/airflow/example_dags/example_xcomargs.py
[2021-03-30 00:05:53,118] {scheduler_job.py:639} INFO - DAG(s) dict_keys(['example_xcom_args', 'example_xcom_args_with_operators']) retrieved from /home/airflow/.local/lib/python3.6/site-packages/airflow/example_dags/example_xcomargs.py
[2021-03-30 00:05:53,145] {logging_mixin.py:104} INFO - [2021-03-30 00:05:53,145] {dag.py:1818} INFO - Sync 2 DAGs
[2021-03-30 00:05:53,160] {logging_mixin.py:104} INFO - [2021-03-30 00:05:53,160] {dag.py:2273} INFO - Setting next_dagrun for example_xcom_args to None
[2021-03-30 00:05:53,162] {logging_mixin.py:104} INFO - [2021-03-30 00:05:53,161] {dag.py:2273} INFO - Setting next_dagrun for example_xcom_args_with_operators to None
[2021-03-30 00:05:53,173] {scheduler_job.py:190} INFO - Processing /home/airflow/.local/lib/python3.6/site-packages/airflow/example_dags/example_xcomargs.py took 0.077 seconds
[2021-03-30 00:06:23,410] {scheduler_job.py:182} INFO - Started process (PID=3550) to work on /home/airflow/.local/lib/python3.6/site-packages/airflow/example_dags/example_xcomargs.py
[2021-03-30 00:06:23,412] {scheduler_job.py:629} INFO - Processing file /home/airflow/.local/lib/python3.6/site-packages/airflow/example_dags/example_xcomargs.py for tasks to queue
[2021-03-30 00:06:23,413] {logging_mixin.py:104} INFO - [2021-03-30 00:06:23,413] {dagbag.py:448} INFO - Filling up the DagBag from /home/airflow/.local/lib/python3.6/site-packages/airflow/example_dags/example_xcomargs.py
[2021-03-30 00:06:23,431] {scheduler_job.py:639} INFO - DAG(s) dict_keys(['example_xcom_args', 'example_xcom_args_with_operators']) retrieved from /home/airflow/.local/lib/python3.6/site-packages/airflow/example_dags/example_xcomargs.py
[2021-03-30 00:06:23,459] {logging_mixin.py:104} INFO - [2021-03-30 00:06:23,459] {dag.py:1818} INFO - Sync 2 DAGs
[2021-03-30 00:06:23,475] {logging_mixin.py:104} INFO - [2021-03-30 00:06:23,475] {dag.py:2273} INFO - Setting next_dagrun for example_xcom_args to None
[2021-03-30 00:06:23,476] {logging_mixin.py:104} INFO - [2021-03-30 00:06:23,476] {dag.py:2273} INFO - Setting next_dagrun for example_xcom_args_with_operators to None
[2021-03-30 00:06:23,489] {scheduler_job.py:190} INFO - Processing /home/airflow/.local/lib/python3.6/site-packages/airflow/example_dags/example_xcomargs.py took 0.082 seconds
[2021-03-30 00:06:53,658] {scheduler_job.py:182} INFO - Started process (PID=3576) to work on /home/airflow/.local/lib/python3.6/site-packages/airflow/example_dags/example_xcomargs.py
[2021-03-30 00:06:53,660] {scheduler_job.py:629} INFO - Processing file /home/airflow/.local/lib/python3.6/site-packages/airflow/example_dags/example_xcomargs.py for tasks to queue
[2021-03-30 00:06:53,662] {logging_mixin.py:104} INFO - [2021-03-30 00:06:53,661] {dagbag.py:448} INFO - Filling up the DagBag from /home/airflow/.local/lib/python3.6/site-packages/airflow/example_dags/example_xcomargs.py
[2021-03-30 00:06:53,685] {scheduler_job.py:639} INFO - DAG(s) dict_keys(['example_xcom_args', 'example_xcom_args_with_operators']) retrieved from /home/airflow/.local/lib/python3.6/site-packages/airflow/example_dags/example_xcomargs.py
[2021-03-30 00:06:53,723] {logging_mixin.py:104} INFO - [2021-03-30 00:06:53,723] {dag.py:1818} INFO - Sync 2 DAGs
[2021-03-30 00:06:53,748] {logging_mixin.py:104} INFO - [2021-03-30 00:06:53,747] {dag.py:2273} INFO - Setting next_dagrun for example_xcom_args to None
[2021-03-30 00:06:53,750] {logging_mixin.py:104} INFO - [2021-03-30 00:06:53,749] {dag.py:2273} INFO - Setting next_dagrun for example_xcom_args_with_operators to None
[2021-03-30 00:06:53,809] {scheduler_job.py:190} INFO - Processing /home/airflow/.local/lib/python3.6/site-packages/airflow/example_dags/example_xcomargs.py took 0.155 seconds
[2021-03-30 00:07:24,047] {scheduler_job.py:182} INFO - Started process (PID=3600) to work on /home/airflow/.local/lib/python3.6/site-packages/airflow/example_dags/example_xcomargs.py
[2021-03-30 00:07:24,049] {scheduler_job.py:629} INFO - Processing file /home/airflow/.local/lib/python3.6/site-packages/airflow/example_dags/example_xcomargs.py for tasks to queue
[2021-03-30 00:07:24,050] {logging_mixin.py:104} INFO - [2021-03-30 00:07:24,049] {dagbag.py:448} INFO - Filling up the DagBag from /home/airflow/.local/lib/python3.6/site-packages/airflow/example_dags/example_xcomargs.py
[2021-03-30 00:07:24,070] {scheduler_job.py:639} INFO - DAG(s) dict_keys(['example_xcom_args', 'example_xcom_args_with_operators']) retrieved from /home/airflow/.local/lib/python3.6/site-packages/airflow/example_dags/example_xcomargs.py
[2021-03-30 00:07:24,111] {logging_mixin.py:104} INFO - [2021-03-30 00:07:24,111] {dag.py:1818} INFO - Sync 2 DAGs
[2021-03-30 00:07:24,131] {logging_mixin.py:104} INFO - [2021-03-30 00:07:24,131] {dag.py:2273} INFO - Setting next_dagrun for example_xcom_args to None
[2021-03-30 00:07:24,133] {logging_mixin.py:104} INFO - [2021-03-30 00:07:24,133] {dag.py:2273} INFO - Setting next_dagrun for example_xcom_args_with_operators to None
[2021-03-30 00:07:24,147] {scheduler_job.py:190} INFO - Processing /home/airflow/.local/lib/python3.6/site-packages/airflow/example_dags/example_xcomargs.py took 0.105 seconds
[2021-03-30 00:07:54,508] {scheduler_job.py:182} INFO - Started process (PID=3626) to work on /home/airflow/.local/lib/python3.6/site-packages/airflow/example_dags/example_xcomargs.py
[2021-03-30 00:07:54,509] {scheduler_job.py:629} INFO - Processing file /home/airflow/.local/lib/python3.6/site-packages/airflow/example_dags/example_xcomargs.py for tasks to queue
[2021-03-30 00:07:54,510] {logging_mixin.py:104} INFO - [2021-03-30 00:07:54,510] {dagbag.py:448} INFO - Filling up the DagBag from /home/airflow/.local/lib/python3.6/site-packages/airflow/example_dags/example_xcomargs.py
[2021-03-30 00:07:54,525] {scheduler_job.py:639} INFO - DAG(s) dict_keys(['example_xcom_args', 'example_xcom_args_with_operators']) retrieved from /home/airflow/.local/lib/python3.6/site-packages/airflow/example_dags/example_xcomargs.py
[2021-03-30 00:07:54,554] {logging_mixin.py:104} INFO - [2021-03-30 00:07:54,554] {dag.py:1818} INFO - Sync 2 DAGs
[2021-03-30 00:07:54,568] {logging_mixin.py:104} INFO - [2021-03-30 00:07:54,568] {dag.py:2273} INFO - Setting next_dagrun for example_xcom_args to None
[2021-03-30 00:07:54,569] {logging_mixin.py:104} INFO - [2021-03-30 00:07:54,569] {dag.py:2273} INFO - Setting next_dagrun for example_xcom_args_with_operators to None
[2021-03-30 00:07:54,581] {scheduler_job.py:190} INFO - Processing /home/airflow/.local/lib/python3.6/site-packages/airflow/example_dags/example_xcomargs.py took 0.076 seconds
[2021-03-30 00:08:24,692] {scheduler_job.py:182} INFO - Started process (PID=3652) to work on /home/airflow/.local/lib/python3.6/site-packages/airflow/example_dags/example_xcomargs.py
[2021-03-30 00:08:24,693] {scheduler_job.py:629} INFO - Processing file /home/airflow/.local/lib/python3.6/site-packages/airflow/example_dags/example_xcomargs.py for tasks to queue
[2021-03-30 00:08:24,694] {logging_mixin.py:104} INFO - [2021-03-30 00:08:24,694] {dagbag.py:448} INFO - Filling up the DagBag from /home/airflow/.local/lib/python3.6/site-packages/airflow/example_dags/example_xcomargs.py
[2021-03-30 00:08:24,713] {scheduler_job.py:639} INFO - DAG(s) dict_keys(['example_xcom_args', 'example_xcom_args_with_operators']) retrieved from /home/airflow/.local/lib/python3.6/site-packages/airflow/example_dags/example_xcomargs.py
[2021-03-30 00:08:24,742] {logging_mixin.py:104} INFO - [2021-03-30 00:08:24,742] {dag.py:1818} INFO - Sync 2 DAGs
[2021-03-30 00:08:24,760] {logging_mixin.py:104} INFO - [2021-03-30 00:08:24,760] {dag.py:2273} INFO - Setting next_dagrun for example_xcom_args to None
[2021-03-30 00:08:24,761] {logging_mixin.py:104} INFO - [2021-03-30 00:08:24,761] {dag.py:2273} INFO - Setting next_dagrun for example_xcom_args_with_operators to None
[2021-03-30 00:08:24,773] {scheduler_job.py:190} INFO - Processing /home/airflow/.local/lib/python3.6/site-packages/airflow/example_dags/example_xcomargs.py took 0.087 seconds
[2021-03-30 00:08:54,866] {scheduler_job.py:182} INFO - Started process (PID=3678) to work on /home/airflow/.local/lib/python3.6/site-packages/airflow/example_dags/example_xcomargs.py
[2021-03-30 00:08:54,867] {scheduler_job.py:629} INFO - Processing file /home/airflow/.local/lib/python3.6/site-packages/airflow/example_dags/example_xcomargs.py for tasks to queue
[2021-03-30 00:08:54,869] {logging_mixin.py:104} INFO - [2021-03-30 00:08:54,868] {dagbag.py:448} INFO - Filling up the DagBag from /home/airflow/.local/lib/python3.6/site-packages/airflow/example_dags/example_xcomargs.py
[2021-03-30 00:08:54,883] {scheduler_job.py:639} INFO - DAG(s) dict_keys(['example_xcom_args', 'example_xcom_args_with_operators']) retrieved from /home/airflow/.local/lib/python3.6/site-packages/airflow/example_dags/example_xcomargs.py
[2021-03-30 00:08:54,914] {logging_mixin.py:104} INFO - [2021-03-30 00:08:54,913] {dag.py:1818} INFO - Sync 2 DAGs
[2021-03-30 00:08:54,928] {logging_mixin.py:104} INFO - [2021-03-30 00:08:54,928] {dag.py:2273} INFO - Setting next_dagrun for example_xcom_args to None
[2021-03-30 00:08:54,930] {logging_mixin.py:104} INFO - [2021-03-30 00:08:54,929] {dag.py:2273} INFO - Setting next_dagrun for example_xcom_args_with_operators to None
[2021-03-30 00:08:54,947] {scheduler_job.py:190} INFO - Processing /home/airflow/.local/lib/python3.6/site-packages/airflow/example_dags/example_xcomargs.py took 0.084 seconds
[2021-03-30 00:09:25,184] {scheduler_job.py:182} INFO - Started process (PID=3704) to work on /home/airflow/.local/lib/python3.6/site-packages/airflow/example_dags/example_xcomargs.py
[2021-03-30 00:09:25,185] {scheduler_job.py:629} INFO - Processing file /home/airflow/.local/lib/python3.6/site-packages/airflow/example_dags/example_xcomargs.py for tasks to queue
[2021-03-30 00:09:25,186] {logging_mixin.py:104} INFO - [2021-03-30 00:09:25,186] {dagbag.py:448} INFO - Filling up the DagBag from /home/airflow/.local/lib/python3.6/site-packages/airflow/example_dags/example_xcomargs.py
[2021-03-30 00:09:25,200] {scheduler_job.py:639} INFO - DAG(s) dict_keys(['example_xcom_args', 'example_xcom_args_with_operators']) retrieved from /home/airflow/.local/lib/python3.6/site-packages/airflow/example_dags/example_xcomargs.py
[2021-03-30 00:09:25,227] {logging_mixin.py:104} INFO - [2021-03-30 00:09:25,227] {dag.py:1818} INFO - Sync 2 DAGs
[2021-03-30 00:09:25,243] {logging_mixin.py:104} INFO - [2021-03-30 00:09:25,243] {dag.py:2273} INFO - Setting next_dagrun for example_xcom_args to None
[2021-03-30 00:09:25,245] {logging_mixin.py:104} INFO - [2021-03-30 00:09:25,245] {dag.py:2273} INFO - Setting next_dagrun for example_xcom_args_with_operators to None
[2021-03-30 00:09:25,260] {scheduler_job.py:190} INFO - Processing /home/airflow/.local/lib/python3.6/site-packages/airflow/example_dags/example_xcomargs.py took 0.080 seconds
[2021-03-30 00:09:55,364] {scheduler_job.py:182} INFO - Started process (PID=3730) to work on /home/airflow/.local/lib/python3.6/site-packages/airflow/example_dags/example_xcomargs.py
[2021-03-30 00:09:55,366] {scheduler_job.py:629} INFO - Processing file /home/airflow/.local/lib/python3.6/site-packages/airflow/example_dags/example_xcomargs.py for tasks to queue
[2021-03-30 00:09:55,366] {logging_mixin.py:104} INFO - [2021-03-30 00:09:55,366] {dagbag.py:448} INFO - Filling up the DagBag from /home/airflow/.local/lib/python3.6/site-packages/airflow/example_dags/example_xcomargs.py
[2021-03-30 00:09:55,380] {scheduler_job.py:639} INFO - DAG(s) dict_keys(['example_xcom_args', 'example_xcom_args_with_operators']) retrieved from /home/airflow/.local/lib/python3.6/site-packages/airflow/example_dags/example_xcomargs.py
[2021-03-30 00:09:55,411] {logging_mixin.py:104} INFO - [2021-03-30 00:09:55,411] {dag.py:1818} INFO - Sync 2 DAGs
[2021-03-30 00:09:55,428] {logging_mixin.py:104} INFO - [2021-03-30 00:09:55,428] {dag.py:2273} INFO - Setting next_dagrun for example_xcom_args to None
[2021-03-30 00:09:55,429] {logging_mixin.py:104} INFO - [2021-03-30 00:09:55,429] {dag.py:2273} INFO - Setting next_dagrun for example_xcom_args_with_operators to None
[2021-03-30 00:09:55,442] {scheduler_job.py:190} INFO - Processing /home/airflow/.local/lib/python3.6/site-packages/airflow/example_dags/example_xcomargs.py took 0.081 seconds
[2021-03-30 00:10:25,543] {scheduler_job.py:182} INFO - Started process (PID=3756) to work on /home/airflow/.local/lib/python3.6/site-packages/airflow/example_dags/example_xcomargs.py
[2021-03-30 00:10:25,545] {scheduler_job.py:629} INFO - Processing file /home/airflow/.local/lib/python3.6/site-packages/airflow/example_dags/example_xcomargs.py for tasks to queue
[2021-03-30 00:10:25,547] {logging_mixin.py:104} INFO - [2021-03-30 00:10:25,546] {dagbag.py:448} INFO - Filling up the DagBag from /home/airflow/.local/lib/python3.6/site-packages/airflow/example_dags/example_xcomargs.py
[2021-03-30 00:10:25,563] {scheduler_job.py:639} INFO - DAG(s) dict_keys(['example_xcom_args', 'example_xcom_args_with_operators']) retrieved from /home/airflow/.local/lib/python3.6/site-packages/airflow/example_dags/example_xcomargs.py
[2021-03-30 00:10:25,590] {logging_mixin.py:104} INFO - [2021-03-30 00:10:25,590] {dag.py:1818} INFO - Sync 2 DAGs
[2021-03-30 00:10:25,608] {logging_mixin.py:104} INFO - [2021-03-30 00:10:25,608] {dag.py:2273} INFO - Setting next_dagrun for example_xcom_args to None
[2021-03-30 00:10:25,610] {logging_mixin.py:104} INFO - [2021-03-30 00:10:25,609] {dag.py:2273} INFO - Setting next_dagrun for example_xcom_args_with_operators to None
[2021-03-30 00:10:25,625] {scheduler_job.py:190} INFO - Processing /home/airflow/.local/lib/python3.6/site-packages/airflow/example_dags/example_xcomargs.py took 0.087 seconds
[2021-03-30 00:10:55,844] {scheduler_job.py:182} INFO - Started process (PID=3783) to work on /home/airflow/.local/lib/python3.6/site-packages/airflow/example_dags/example_xcomargs.py
[2021-03-30 00:10:55,846] {scheduler_job.py:629} INFO - Processing file /home/airflow/.local/lib/python3.6/site-packages/airflow/example_dags/example_xcomargs.py for tasks to queue
[2021-03-30 00:10:55,847] {logging_mixin.py:104} INFO - [2021-03-30 00:10:55,846] {dagbag.py:448} INFO - Filling up the DagBag from /home/airflow/.local/lib/python3.6/site-packages/airflow/example_dags/example_xcomargs.py
[2021-03-30 00:10:55,864] {scheduler_job.py:639} INFO - DAG(s) dict_keys(['example_xcom_args', 'example_xcom_args_with_operators']) retrieved from /home/airflow/.local/lib/python3.6/site-packages/airflow/example_dags/example_xcomargs.py
[2021-03-30 00:10:55,897] {logging_mixin.py:104} INFO - [2021-03-30 00:10:55,897] {dag.py:1818} INFO - Sync 2 DAGs
[2021-03-30 00:10:55,916] {logging_mixin.py:104} INFO - [2021-03-30 00:10:55,916] {dag.py:2273} INFO - Setting next_dagrun for example_xcom_args to None
[2021-03-30 00:10:55,918] {logging_mixin.py:104} INFO - [2021-03-30 00:10:55,917] {dag.py:2273} INFO - Setting next_dagrun for example_xcom_args_with_operators to None
[2021-03-30 00:10:55,931] {scheduler_job.py:190} INFO - Processing /home/airflow/.local/lib/python3.6/site-packages/airflow/example_dags/example_xcomargs.py took 0.091 seconds
[2021-03-30 00:11:26,117] {scheduler_job.py:182} INFO - Started process (PID=3808) to work on /home/airflow/.local/lib/python3.6/site-packages/airflow/example_dags/example_xcomargs.py
[2021-03-30 00:11:26,118] {scheduler_job.py:629} INFO - Processing file /home/airflow/.local/lib/python3.6/site-packages/airflow/example_dags/example_xcomargs.py for tasks to queue
[2021-03-30 00:11:26,119] {logging_mixin.py:104} INFO - [2021-03-30 00:11:26,119] {dagbag.py:448} INFO - Filling up the DagBag from /home/airflow/.local/lib/python3.6/site-packages/airflow/example_dags/example_xcomargs.py
[2021-03-30 00:11:26,133] {scheduler_job.py:639} INFO - DAG(s) dict_keys(['example_xcom_args', 'example_xcom_args_with_operators']) retrieved from /home/airflow/.local/lib/python3.6/site-packages/airflow/example_dags/example_xcomargs.py
[2021-03-30 00:11:26,162] {logging_mixin.py:104} INFO - [2021-03-30 00:11:26,162] {dag.py:1818} INFO - Sync 2 DAGs
[2021-03-30 00:11:26,181] {logging_mixin.py:104} INFO - [2021-03-30 00:11:26,180] {dag.py:2273} INFO - Setting next_dagrun for example_xcom_args to None
[2021-03-30 00:11:26,182] {logging_mixin.py:104} INFO - [2021-03-30 00:11:26,182] {dag.py:2273} INFO - Setting next_dagrun for example_xcom_args_with_operators to None
[2021-03-30 00:11:26,198] {scheduler_job.py:190} INFO - Processing /home/airflow/.local/lib/python3.6/site-packages/airflow/example_dags/example_xcomargs.py took 0.085 seconds
[2021-03-30 00:11:56,406] {scheduler_job.py:182} INFO - Started process (PID=3834) to work on /home/airflow/.local/lib/python3.6/site-packages/airflow/example_dags/example_xcomargs.py
[2021-03-30 00:11:56,407] {scheduler_job.py:629} INFO - Processing file /home/airflow/.local/lib/python3.6/site-packages/airflow/example_dags/example_xcomargs.py for tasks to queue
[2021-03-30 00:11:56,408] {logging_mixin.py:104} INFO - [2021-03-30 00:11:56,408] {dagbag.py:448} INFO - Filling up the DagBag from /home/airflow/.local/lib/python3.6/site-packages/airflow/example_dags/example_xcomargs.py
[2021-03-30 00:11:56,424] {scheduler_job.py:639} INFO - DAG(s) dict_keys(['example_xcom_args', 'example_xcom_args_with_operators']) retrieved from /home/airflow/.local/lib/python3.6/site-packages/airflow/example_dags/example_xcomargs.py
[2021-03-30 00:11:56,456] {logging_mixin.py:104} INFO - [2021-03-30 00:11:56,455] {dag.py:1818} INFO - Sync 2 DAGs
[2021-03-30 00:11:56,479] {logging_mixin.py:104} INFO - [2021-03-30 00:11:56,479] {dag.py:2273} INFO - Setting next_dagrun for example_xcom_args to None
[2021-03-30 00:11:56,482] {logging_mixin.py:104} INFO - [2021-03-30 00:11:56,482] {dag.py:2273} INFO - Setting next_dagrun for example_xcom_args_with_operators to None
[2021-03-30 00:11:56,495] {scheduler_job.py:190} INFO - Processing /home/airflow/.local/lib/python3.6/site-packages/airflow/example_dags/example_xcomargs.py took 0.092 seconds
[2021-03-30 00:12:26,565] {scheduler_job.py:182} INFO - Started process (PID=3860) to work on /home/airflow/.local/lib/python3.6/site-packages/airflow/example_dags/example_xcomargs.py
[2021-03-30 00:12:26,566] {scheduler_job.py:629} INFO - Processing file /home/airflow/.local/lib/python3.6/site-packages/airflow/example_dags/example_xcomargs.py for tasks to queue
[2021-03-30 00:12:26,567] {logging_mixin.py:104} INFO - [2021-03-30 00:12:26,567] {dagbag.py:448} INFO - Filling up the DagBag from /home/airflow/.local/lib/python3.6/site-packages/airflow/example_dags/example_xcomargs.py
[2021-03-30 00:12:26,582] {scheduler_job.py:639} INFO - DAG(s) dict_keys(['example_xcom_args', 'example_xcom_args_with_operators']) retrieved from /home/airflow/.local/lib/python3.6/site-packages/airflow/example_dags/example_xcomargs.py
[2021-03-30 00:12:26,610] {logging_mixin.py:104} INFO - [2021-03-30 00:12:26,610] {dag.py:1818} INFO - Sync 2 DAGs
[2021-03-30 00:12:26,627] {logging_mixin.py:104} INFO - [2021-03-30 00:12:26,627] {dag.py:2273} INFO - Setting next_dagrun for example_xcom_args to None
[2021-03-30 00:12:26,628] {logging_mixin.py:104} INFO - [2021-03-30 00:12:26,628] {dag.py:2273} INFO - Setting next_dagrun for example_xcom_args_with_operators to None
[2021-03-30 00:12:26,641] {scheduler_job.py:190} INFO - Processing /home/airflow/.local/lib/python3.6/site-packages/airflow/example_dags/example_xcomargs.py took 0.078 seconds
[2021-03-30 00:12:56,896] {scheduler_job.py:182} INFO - Started process (PID=3887) to work on /home/airflow/.local/lib/python3.6/site-packages/airflow/example_dags/example_xcomargs.py
[2021-03-30 00:12:56,897] {scheduler_job.py:629} INFO - Processing file /home/airflow/.local/lib/python3.6/site-packages/airflow/example_dags/example_xcomargs.py for tasks to queue
[2021-03-30 00:12:56,898] {logging_mixin.py:104} INFO - [2021-03-30 00:12:56,898] {dagbag.py:448} INFO - Filling up the DagBag from /home/airflow/.local/lib/python3.6/site-packages/airflow/example_dags/example_xcomargs.py
[2021-03-30 00:12:56,912] {scheduler_job.py:639} INFO - DAG(s) dict_keys(['example_xcom_args', 'example_xcom_args_with_operators']) retrieved from /home/airflow/.local/lib/python3.6/site-packages/airflow/example_dags/example_xcomargs.py
[2021-03-30 00:12:56,939] {logging_mixin.py:104} INFO - [2021-03-30 00:12:56,939] {dag.py:1818} INFO - Sync 2 DAGs
[2021-03-30 00:12:56,954] {logging_mixin.py:104} INFO - [2021-03-30 00:12:56,954] {dag.py:2273} INFO - Setting next_dagrun for example_xcom_args to None
[2021-03-30 00:12:56,955] {logging_mixin.py:104} INFO - [2021-03-30 00:12:56,955] {dag.py:2273} INFO - Setting next_dagrun for example_xcom_args_with_operators to None
[2021-03-30 00:12:56,966] {scheduler_job.py:190} INFO - Processing /home/airflow/.local/lib/python3.6/site-packages/airflow/example_dags/example_xcomargs.py took 0.074 seconds
[2021-03-30 00:13:27,045] {scheduler_job.py:182} INFO - Started process (PID=3913) to work on /home/airflow/.local/lib/python3.6/site-packages/airflow/example_dags/example_xcomargs.py
[2021-03-30 00:13:27,046] {scheduler_job.py:629} INFO - Processing file /home/airflow/.local/lib/python3.6/site-packages/airflow/example_dags/example_xcomargs.py for tasks to queue
[2021-03-30 00:13:27,047] {logging_mixin.py:104} INFO - [2021-03-30 00:13:27,047] {dagbag.py:448} INFO - Filling up the DagBag from /home/airflow/.local/lib/python3.6/site-packages/airflow/example_dags/example_xcomargs.py
[2021-03-30 00:13:27,060] {scheduler_job.py:639} INFO - DAG(s) dict_keys(['example_xcom_args', 'example_xcom_args_with_operators']) retrieved from /home/airflow/.local/lib/python3.6/site-packages/airflow/example_dags/example_xcomargs.py
[2021-03-30 00:13:27,086] {logging_mixin.py:104} INFO - [2021-03-30 00:13:27,085] {dag.py:1818} INFO - Sync 2 DAGs
[2021-03-30 00:13:27,099] {logging_mixin.py:104} INFO - [2021-03-30 00:13:27,099] {dag.py:2273} INFO - Setting next_dagrun for example_xcom_args to None
[2021-03-30 00:13:27,101] {logging_mixin.py:104} INFO - [2021-03-30 00:13:27,101] {dag.py:2273} INFO - Setting next_dagrun for example_xcom_args_with_operators to None
[2021-03-30 00:13:27,112] {scheduler_job.py:190} INFO - Processing /home/airflow/.local/lib/python3.6/site-packages/airflow/example_dags/example_xcomargs.py took 0.070 seconds
[2021-03-30 00:13:57,345] {scheduler_job.py:182} INFO - Started process (PID=3938) to work on /home/airflow/.local/lib/python3.6/site-packages/airflow/example_dags/example_xcomargs.py
[2021-03-30 00:13:57,481] {scheduler_job.py:629} INFO - Processing file /home/airflow/.local/lib/python3.6/site-packages/airflow/example_dags/example_xcomargs.py for tasks to queue
[2021-03-30 00:13:57,482] {logging_mixin.py:104} INFO - [2021-03-30 00:13:57,482] {dagbag.py:448} INFO - Filling up the DagBag from /home/airflow/.local/lib/python3.6/site-packages/airflow/example_dags/example_xcomargs.py
[2021-03-30 00:13:57,502] {scheduler_job.py:639} INFO - DAG(s) dict_keys(['example_xcom_args', 'example_xcom_args_with_operators']) retrieved from /home/airflow/.local/lib/python3.6/site-packages/airflow/example_dags/example_xcomargs.py
[2021-03-30 00:13:57,528] {logging_mixin.py:104} INFO - [2021-03-30 00:13:57,527] {dag.py:1818} INFO - Sync 2 DAGs
[2021-03-30 00:13:57,542] {logging_mixin.py:104} INFO - [2021-03-30 00:13:57,542] {dag.py:2273} INFO - Setting next_dagrun for example_xcom_args to None
[2021-03-30 00:13:57,543] {logging_mixin.py:104} INFO - [2021-03-30 00:13:57,543] {dag.py:2273} INFO - Setting next_dagrun for example_xcom_args_with_operators to None
[2021-03-30 00:13:57,838] {scheduler_job.py:190} INFO - Processing /home/airflow/.local/lib/python3.6/site-packages/airflow/example_dags/example_xcomargs.py took 0.497 seconds
[2021-03-30 00:14:29,067] {scheduler_job.py:182} INFO - Started process (PID=3964) to work on /home/airflow/.local/lib/python3.6/site-packages/airflow/example_dags/example_xcomargs.py
[2021-03-30 00:14:29,069] {scheduler_job.py:629} INFO - Processing file /home/airflow/.local/lib/python3.6/site-packages/airflow/example_dags/example_xcomargs.py for tasks to queue
[2021-03-30 00:14:29,070] {logging_mixin.py:104} INFO - [2021-03-30 00:14:29,070] {dagbag.py:448} INFO - Filling up the DagBag from /home/airflow/.local/lib/python3.6/site-packages/airflow/example_dags/example_xcomargs.py
[2021-03-30 00:14:29,090] {scheduler_job.py:639} INFO - DAG(s) dict_keys(['example_xcom_args', 'example_xcom_args_with_operators']) retrieved from /home/airflow/.local/lib/python3.6/site-packages/airflow/example_dags/example_xcomargs.py
[2021-03-30 00:14:29,125] {logging_mixin.py:104} INFO - [2021-03-30 00:14:29,125] {dag.py:1818} INFO - Sync 2 DAGs
[2021-03-30 00:14:29,145] {logging_mixin.py:104} INFO - [2021-03-30 00:14:29,145] {dag.py:2273} INFO - Setting next_dagrun for example_xcom_args to None
[2021-03-30 00:14:29,147] {logging_mixin.py:104} INFO - [2021-03-30 00:14:29,147] {dag.py:2273} INFO - Setting next_dagrun for example_xcom_args_with_operators to None
[2021-03-30 00:14:29,160] {scheduler_job.py:190} INFO - Processing /home/airflow/.local/lib/python3.6/site-packages/airflow/example_dags/example_xcomargs.py took 0.098 seconds
[2021-03-30 00:14:59,239] {scheduler_job.py:182} INFO - Started process (PID=3991) to work on /home/airflow/.local/lib/python3.6/site-packages/airflow/example_dags/example_xcomargs.py
[2021-03-30 00:14:59,241] {scheduler_job.py:629} INFO - Processing file /home/airflow/.local/lib/python3.6/site-packages/airflow/example_dags/example_xcomargs.py for tasks to queue
[2021-03-30 00:14:59,244] {logging_mixin.py:104} INFO - [2021-03-30 00:14:59,243] {dagbag.py:448} INFO - Filling up the DagBag from /home/airflow/.local/lib/python3.6/site-packages/airflow/example_dags/example_xcomargs.py
[2021-03-30 00:14:59,257] {scheduler_job.py:639} INFO - DAG(s) dict_keys(['example_xcom_args', 'example_xcom_args_with_operators']) retrieved from /home/airflow/.local/lib/python3.6/site-packages/airflow/example_dags/example_xcomargs.py
[2021-03-30 00:14:59,280] {logging_mixin.py:104} INFO - [2021-03-30 00:14:59,280] {dag.py:1818} INFO - Sync 2 DAGs
[2021-03-30 00:14:59,295] {logging_mixin.py:104} INFO - [2021-03-30 00:14:59,295] {dag.py:2273} INFO - Setting next_dagrun for example_xcom_args to None
[2021-03-30 00:14:59,296] {logging_mixin.py:104} INFO - [2021-03-30 00:14:59,296] {dag.py:2273} INFO - Setting next_dagrun for example_xcom_args_with_operators to None
[2021-03-30 00:14:59,305] {scheduler_job.py:190} INFO - Processing /home/airflow/.local/lib/python3.6/site-packages/airflow/example_dags/example_xcomargs.py took 0.069 seconds
[2021-03-30 00:15:29,592] {scheduler_job.py:182} INFO - Started process (PID=4016) to work on /home/airflow/.local/lib/python3.6/site-packages/airflow/example_dags/example_xcomargs.py
[2021-03-30 00:15:29,594] {scheduler_job.py:629} INFO - Processing file /home/airflow/.local/lib/python3.6/site-packages/airflow/example_dags/example_xcomargs.py for tasks to queue
[2021-03-30 00:15:29,595] {logging_mixin.py:104} INFO - [2021-03-30 00:15:29,595] {dagbag.py:448} INFO - Filling up the DagBag from /home/airflow/.local/lib/python3.6/site-packages/airflow/example_dags/example_xcomargs.py
[2021-03-30 00:15:29,609] {scheduler_job.py:639} INFO - DAG(s) dict_keys(['example_xcom_args', 'example_xcom_args_with_operators']) retrieved from /home/airflow/.local/lib/python3.6/site-packages/airflow/example_dags/example_xcomargs.py
[2021-03-30 00:15:29,634] {logging_mixin.py:104} INFO - [2021-03-30 00:15:29,634] {dag.py:1818} INFO - Sync 2 DAGs
[2021-03-30 00:15:29,647] {logging_mixin.py:104} INFO - [2021-03-30 00:15:29,647] {dag.py:2273} INFO - Setting next_dagrun for example_xcom_args to None
[2021-03-30 00:15:29,648] {logging_mixin.py:104} INFO - [2021-03-30 00:15:29,648] {dag.py:2273} INFO - Setting next_dagrun for example_xcom_args_with_operators to None
[2021-03-30 00:15:29,660] {scheduler_job.py:190} INFO - Processing /home/airflow/.local/lib/python3.6/site-packages/airflow/example_dags/example_xcomargs.py took 0.070 seconds
[2021-03-30 00:15:59,752] {scheduler_job.py:182} INFO - Started process (PID=4043) to work on /home/airflow/.local/lib/python3.6/site-packages/airflow/example_dags/example_xcomargs.py
[2021-03-30 00:15:59,754] {scheduler_job.py:629} INFO - Processing file /home/airflow/.local/lib/python3.6/site-packages/airflow/example_dags/example_xcomargs.py for tasks to queue
[2021-03-30 00:15:59,755] {logging_mixin.py:104} INFO - [2021-03-30 00:15:59,755] {dagbag.py:448} INFO - Filling up the DagBag from /home/airflow/.local/lib/python3.6/site-packages/airflow/example_dags/example_xcomargs.py
[2021-03-30 00:15:59,771] {scheduler_job.py:639} INFO - DAG(s) dict_keys(['example_xcom_args', 'example_xcom_args_with_operators']) retrieved from /home/airflow/.local/lib/python3.6/site-packages/airflow/example_dags/example_xcomargs.py
[2021-03-30 00:15:59,800] {logging_mixin.py:104} INFO - [2021-03-30 00:15:59,800] {dag.py:1818} INFO - Sync 2 DAGs
[2021-03-30 00:15:59,819] {logging_mixin.py:104} INFO - [2021-03-30 00:15:59,819] {dag.py:2273} INFO - Setting next_dagrun for example_xcom_args to None
[2021-03-30 00:15:59,820] {logging_mixin.py:104} INFO - [2021-03-30 00:15:59,820] {dag.py:2273} INFO - Setting next_dagrun for example_xcom_args_with_operators to None
[2021-03-30 00:15:59,833] {scheduler_job.py:190} INFO - Processing /home/airflow/.local/lib/python3.6/site-packages/airflow/example_dags/example_xcomargs.py took 0.084 seconds
