[2021-03-30 00:00:20,693] {scheduler_job.py:182} INFO - Started process (PID=3243) to work on /home/airflow/.local/lib/python3.6/site-packages/airflow/example_dags/example_subdag_operator.py
[2021-03-30 00:00:20,698] {scheduler_job.py:629} INFO - Processing file /home/airflow/.local/lib/python3.6/site-packages/airflow/example_dags/example_subdag_operator.py for tasks to queue
[2021-03-30 00:00:20,703] {logging_mixin.py:104} INFO - [2021-03-30 00:00:20,700] {dagbag.py:448} INFO - Filling up the DagBag from /home/airflow/.local/lib/python3.6/site-packages/airflow/example_dags/example_subdag_operator.py
[2021-03-30 00:00:20,775] {scheduler_job.py:639} INFO - DAG(s) dict_keys(['example_subdag_operator.section-1', 'example_subdag_operator.section-2', 'example_subdag_operator']) retrieved from /home/airflow/.local/lib/python3.6/site-packages/airflow/example_dags/example_subdag_operator.py
[2021-03-30 00:00:20,820] {logging_mixin.py:104} INFO - [2021-03-30 00:00:20,819] {dag.py:1818} INFO - Sync 3 DAGs
[2021-03-30 00:00:20,854] {logging_mixin.py:104} INFO - [2021-03-30 00:00:20,854] {dag.py:2273} INFO - Setting next_dagrun for example_subdag_operator to 2021-03-28 00:00:00+00:00
[2021-03-30 00:00:20,857] {logging_mixin.py:104} INFO - [2021-03-30 00:00:20,857] {dag.py:2273} INFO - Setting next_dagrun for example_subdag_operator.section-1 to None
[2021-03-30 00:00:20,858] {logging_mixin.py:104} INFO - [2021-03-30 00:00:20,858] {dag.py:2273} INFO - Setting next_dagrun for example_subdag_operator.section-2 to None
[2021-03-30 00:00:20,878] {logging_mixin.py:104} INFO - [2021-03-30 00:00:20,878] {dag.py:1818} INFO - Sync 2 DAGs
[2021-03-30 00:00:20,894] {logging_mixin.py:104} INFO - [2021-03-30 00:00:20,894] {dag.py:2273} INFO - Setting next_dagrun for example_subdag_operator.section-1 to None
[2021-03-30 00:00:20,895] {logging_mixin.py:104} INFO - [2021-03-30 00:00:20,895] {dag.py:2273} INFO - Setting next_dagrun for example_subdag_operator.section-2 to None
[2021-03-30 00:00:20,906] {scheduler_job.py:190} INFO - Processing /home/airflow/.local/lib/python3.6/site-packages/airflow/example_dags/example_subdag_operator.py took 0.220 seconds
[2021-03-30 00:00:51,861] {scheduler_job.py:182} INFO - Started process (PID=3270) to work on /home/airflow/.local/lib/python3.6/site-packages/airflow/example_dags/example_subdag_operator.py
[2021-03-30 00:00:51,863] {scheduler_job.py:629} INFO - Processing file /home/airflow/.local/lib/python3.6/site-packages/airflow/example_dags/example_subdag_operator.py for tasks to queue
[2021-03-30 00:00:51,864] {logging_mixin.py:104} INFO - [2021-03-30 00:00:51,863] {dagbag.py:448} INFO - Filling up the DagBag from /home/airflow/.local/lib/python3.6/site-packages/airflow/example_dags/example_subdag_operator.py
[2021-03-30 00:00:51,893] {scheduler_job.py:639} INFO - DAG(s) dict_keys(['example_subdag_operator.section-1', 'example_subdag_operator.section-2', 'example_subdag_operator']) retrieved from /home/airflow/.local/lib/python3.6/site-packages/airflow/example_dags/example_subdag_operator.py
[2021-03-30 00:00:51,903] {logging_mixin.py:104} INFO - [2021-03-30 00:00:51,903] {dag.py:1818} INFO - Sync 3 DAGs
[2021-03-30 00:00:51,919] {logging_mixin.py:104} INFO - [2021-03-30 00:00:51,919] {dag.py:2273} INFO - Setting next_dagrun for example_subdag_operator to 2021-03-28 00:00:00+00:00
[2021-03-30 00:00:51,920] {logging_mixin.py:104} INFO - [2021-03-30 00:00:51,920] {dag.py:2273} INFO - Setting next_dagrun for example_subdag_operator.section-1 to None
[2021-03-30 00:00:51,921] {logging_mixin.py:104} INFO - [2021-03-30 00:00:51,921] {dag.py:2273} INFO - Setting next_dagrun for example_subdag_operator.section-2 to None
[2021-03-30 00:00:51,949] {logging_mixin.py:104} INFO - [2021-03-30 00:00:51,948] {dag.py:1818} INFO - Sync 2 DAGs
[2021-03-30 00:00:51,959] {logging_mixin.py:104} INFO - [2021-03-30 00:00:51,959] {dag.py:2273} INFO - Setting next_dagrun for example_subdag_operator.section-1 to None
[2021-03-30 00:00:51,960] {logging_mixin.py:104} INFO - [2021-03-30 00:00:51,960] {dag.py:2273} INFO - Setting next_dagrun for example_subdag_operator.section-2 to None
[2021-03-30 00:00:51,967] {scheduler_job.py:190} INFO - Processing /home/airflow/.local/lib/python3.6/site-packages/airflow/example_dags/example_subdag_operator.py took 0.109 seconds
[2021-03-30 00:01:22,442] {scheduler_job.py:182} INFO - Started process (PID=3296) to work on /home/airflow/.local/lib/python3.6/site-packages/airflow/example_dags/example_subdag_operator.py
[2021-03-30 00:01:22,443] {scheduler_job.py:629} INFO - Processing file /home/airflow/.local/lib/python3.6/site-packages/airflow/example_dags/example_subdag_operator.py for tasks to queue
[2021-03-30 00:01:22,445] {logging_mixin.py:104} INFO - [2021-03-30 00:01:22,445] {dagbag.py:448} INFO - Filling up the DagBag from /home/airflow/.local/lib/python3.6/site-packages/airflow/example_dags/example_subdag_operator.py
[2021-03-30 00:01:22,486] {scheduler_job.py:639} INFO - DAG(s) dict_keys(['example_subdag_operator.section-1', 'example_subdag_operator.section-2', 'example_subdag_operator']) retrieved from /home/airflow/.local/lib/python3.6/site-packages/airflow/example_dags/example_subdag_operator.py
[2021-03-30 00:01:22,503] {logging_mixin.py:104} INFO - [2021-03-30 00:01:22,503] {dag.py:1818} INFO - Sync 3 DAGs
[2021-03-30 00:01:22,529] {logging_mixin.py:104} INFO - [2021-03-30 00:01:22,529] {dag.py:2273} INFO - Setting next_dagrun for example_subdag_operator to 2021-03-28 00:00:00+00:00
[2021-03-30 00:01:22,531] {logging_mixin.py:104} INFO - [2021-03-30 00:01:22,530] {dag.py:2273} INFO - Setting next_dagrun for example_subdag_operator.section-1 to None
[2021-03-30 00:01:22,532] {logging_mixin.py:104} INFO - [2021-03-30 00:01:22,532] {dag.py:2273} INFO - Setting next_dagrun for example_subdag_operator.section-2 to None
[2021-03-30 00:01:22,545] {logging_mixin.py:104} INFO - [2021-03-30 00:01:22,545] {dag.py:1818} INFO - Sync 2 DAGs
[2021-03-30 00:01:22,557] {logging_mixin.py:104} INFO - [2021-03-30 00:01:22,557] {dag.py:2273} INFO - Setting next_dagrun for example_subdag_operator.section-1 to None
[2021-03-30 00:01:22,558] {logging_mixin.py:104} INFO - [2021-03-30 00:01:22,558] {dag.py:2273} INFO - Setting next_dagrun for example_subdag_operator.section-2 to None
[2021-03-30 00:01:22,573] {scheduler_job.py:190} INFO - Processing /home/airflow/.local/lib/python3.6/site-packages/airflow/example_dags/example_subdag_operator.py took 0.137 seconds
[2021-03-30 00:01:53,082] {scheduler_job.py:182} INFO - Started process (PID=3322) to work on /home/airflow/.local/lib/python3.6/site-packages/airflow/example_dags/example_subdag_operator.py
[2021-03-30 00:01:53,084] {scheduler_job.py:629} INFO - Processing file /home/airflow/.local/lib/python3.6/site-packages/airflow/example_dags/example_subdag_operator.py for tasks to queue
[2021-03-30 00:01:53,085] {logging_mixin.py:104} INFO - [2021-03-30 00:01:53,085] {dagbag.py:448} INFO - Filling up the DagBag from /home/airflow/.local/lib/python3.6/site-packages/airflow/example_dags/example_subdag_operator.py
[2021-03-30 00:01:53,131] {scheduler_job.py:639} INFO - DAG(s) dict_keys(['example_subdag_operator.section-1', 'example_subdag_operator.section-2', 'example_subdag_operator']) retrieved from /home/airflow/.local/lib/python3.6/site-packages/airflow/example_dags/example_subdag_operator.py
[2021-03-30 00:01:53,146] {logging_mixin.py:104} INFO - [2021-03-30 00:01:53,146] {dag.py:1818} INFO - Sync 3 DAGs
[2021-03-30 00:01:53,169] {logging_mixin.py:104} INFO - [2021-03-30 00:01:53,169] {dag.py:2273} INFO - Setting next_dagrun for example_subdag_operator to 2021-03-28 00:00:00+00:00
[2021-03-30 00:01:53,171] {logging_mixin.py:104} INFO - [2021-03-30 00:01:53,170] {dag.py:2273} INFO - Setting next_dagrun for example_subdag_operator.section-1 to None
[2021-03-30 00:01:53,171] {logging_mixin.py:104} INFO - [2021-03-30 00:01:53,171] {dag.py:2273} INFO - Setting next_dagrun for example_subdag_operator.section-2 to None
[2021-03-30 00:01:53,181] {logging_mixin.py:104} INFO - [2021-03-30 00:01:53,181] {dag.py:1818} INFO - Sync 2 DAGs
[2021-03-30 00:01:53,191] {logging_mixin.py:104} INFO - [2021-03-30 00:01:53,191] {dag.py:2273} INFO - Setting next_dagrun for example_subdag_operator.section-1 to None
[2021-03-30 00:01:53,191] {logging_mixin.py:104} INFO - [2021-03-30 00:01:53,191] {dag.py:2273} INFO - Setting next_dagrun for example_subdag_operator.section-2 to None
[2021-03-30 00:01:53,200] {scheduler_job.py:190} INFO - Processing /home/airflow/.local/lib/python3.6/site-packages/airflow/example_dags/example_subdag_operator.py took 0.123 seconds
[2021-03-30 00:02:23,884] {scheduler_job.py:182} INFO - Started process (PID=3348) to work on /home/airflow/.local/lib/python3.6/site-packages/airflow/example_dags/example_subdag_operator.py
[2021-03-30 00:02:23,885] {scheduler_job.py:629} INFO - Processing file /home/airflow/.local/lib/python3.6/site-packages/airflow/example_dags/example_subdag_operator.py for tasks to queue
[2021-03-30 00:02:23,887] {logging_mixin.py:104} INFO - [2021-03-30 00:02:23,887] {dagbag.py:448} INFO - Filling up the DagBag from /home/airflow/.local/lib/python3.6/site-packages/airflow/example_dags/example_subdag_operator.py
[2021-03-30 00:02:23,928] {scheduler_job.py:639} INFO - DAG(s) dict_keys(['example_subdag_operator.section-1', 'example_subdag_operator.section-2', 'example_subdag_operator']) retrieved from /home/airflow/.local/lib/python3.6/site-packages/airflow/example_dags/example_subdag_operator.py
[2021-03-30 00:02:23,944] {logging_mixin.py:104} INFO - [2021-03-30 00:02:23,944] {dag.py:1818} INFO - Sync 3 DAGs
[2021-03-30 00:02:23,968] {logging_mixin.py:104} INFO - [2021-03-30 00:02:23,968] {dag.py:2273} INFO - Setting next_dagrun for example_subdag_operator to 2021-03-28 00:00:00+00:00
[2021-03-30 00:02:23,969] {logging_mixin.py:104} INFO - [2021-03-30 00:02:23,969] {dag.py:2273} INFO - Setting next_dagrun for example_subdag_operator.section-1 to None
[2021-03-30 00:02:23,970] {logging_mixin.py:104} INFO - [2021-03-30 00:02:23,970] {dag.py:2273} INFO - Setting next_dagrun for example_subdag_operator.section-2 to None
[2021-03-30 00:02:23,981] {logging_mixin.py:104} INFO - [2021-03-30 00:02:23,981] {dag.py:1818} INFO - Sync 2 DAGs
[2021-03-30 00:02:24,008] {logging_mixin.py:104} INFO - [2021-03-30 00:02:24,008] {dag.py:2273} INFO - Setting next_dagrun for example_subdag_operator.section-1 to None
[2021-03-30 00:02:24,009] {logging_mixin.py:104} INFO - [2021-03-30 00:02:24,009] {dag.py:2273} INFO - Setting next_dagrun for example_subdag_operator.section-2 to None
[2021-03-30 00:02:24,026] {scheduler_job.py:190} INFO - Processing /home/airflow/.local/lib/python3.6/site-packages/airflow/example_dags/example_subdag_operator.py took 0.148 seconds
[2021-03-30 00:02:54,670] {scheduler_job.py:182} INFO - Started process (PID=3374) to work on /home/airflow/.local/lib/python3.6/site-packages/airflow/example_dags/example_subdag_operator.py
[2021-03-30 00:02:54,672] {scheduler_job.py:629} INFO - Processing file /home/airflow/.local/lib/python3.6/site-packages/airflow/example_dags/example_subdag_operator.py for tasks to queue
[2021-03-30 00:02:54,673] {logging_mixin.py:104} INFO - [2021-03-30 00:02:54,673] {dagbag.py:448} INFO - Filling up the DagBag from /home/airflow/.local/lib/python3.6/site-packages/airflow/example_dags/example_subdag_operator.py
[2021-03-30 00:02:54,715] {scheduler_job.py:639} INFO - DAG(s) dict_keys(['example_subdag_operator.section-1', 'example_subdag_operator.section-2', 'example_subdag_operator']) retrieved from /home/airflow/.local/lib/python3.6/site-packages/airflow/example_dags/example_subdag_operator.py
[2021-03-30 00:02:54,730] {logging_mixin.py:104} INFO - [2021-03-30 00:02:54,730] {dag.py:1818} INFO - Sync 3 DAGs
[2021-03-30 00:02:54,750] {logging_mixin.py:104} INFO - [2021-03-30 00:02:54,749] {dag.py:2273} INFO - Setting next_dagrun for example_subdag_operator to 2021-03-28 00:00:00+00:00
[2021-03-30 00:02:54,751] {logging_mixin.py:104} INFO - [2021-03-30 00:02:54,751] {dag.py:2273} INFO - Setting next_dagrun for example_subdag_operator.section-1 to None
[2021-03-30 00:02:54,752] {logging_mixin.py:104} INFO - [2021-03-30 00:02:54,751] {dag.py:2273} INFO - Setting next_dagrun for example_subdag_operator.section-2 to None
[2021-03-30 00:02:54,761] {logging_mixin.py:104} INFO - [2021-03-30 00:02:54,760] {dag.py:1818} INFO - Sync 2 DAGs
[2021-03-30 00:02:54,771] {logging_mixin.py:104} INFO - [2021-03-30 00:02:54,771] {dag.py:2273} INFO - Setting next_dagrun for example_subdag_operator.section-1 to None
[2021-03-30 00:02:54,772] {logging_mixin.py:104} INFO - [2021-03-30 00:02:54,772] {dag.py:2273} INFO - Setting next_dagrun for example_subdag_operator.section-2 to None
[2021-03-30 00:02:54,784] {scheduler_job.py:190} INFO - Processing /home/airflow/.local/lib/python3.6/site-packages/airflow/example_dags/example_subdag_operator.py took 0.118 seconds
[2021-03-30 00:03:24,977] {scheduler_job.py:182} INFO - Started process (PID=3399) to work on /home/airflow/.local/lib/python3.6/site-packages/airflow/example_dags/example_subdag_operator.py
[2021-03-30 00:03:24,979] {scheduler_job.py:629} INFO - Processing file /home/airflow/.local/lib/python3.6/site-packages/airflow/example_dags/example_subdag_operator.py for tasks to queue
[2021-03-30 00:03:24,979] {logging_mixin.py:104} INFO - [2021-03-30 00:03:24,979] {dagbag.py:448} INFO - Filling up the DagBag from /home/airflow/.local/lib/python3.6/site-packages/airflow/example_dags/example_subdag_operator.py
[2021-03-30 00:03:25,009] {scheduler_job.py:639} INFO - DAG(s) dict_keys(['example_subdag_operator.section-1', 'example_subdag_operator.section-2', 'example_subdag_operator']) retrieved from /home/airflow/.local/lib/python3.6/site-packages/airflow/example_dags/example_subdag_operator.py
[2021-03-30 00:03:25,021] {logging_mixin.py:104} INFO - [2021-03-30 00:03:25,020] {dag.py:1818} INFO - Sync 3 DAGs
[2021-03-30 00:03:25,036] {logging_mixin.py:104} INFO - [2021-03-30 00:03:25,036] {dag.py:2273} INFO - Setting next_dagrun for example_subdag_operator to 2021-03-28 00:00:00+00:00
[2021-03-30 00:03:25,037] {logging_mixin.py:104} INFO - [2021-03-30 00:03:25,037] {dag.py:2273} INFO - Setting next_dagrun for example_subdag_operator.section-1 to None
[2021-03-30 00:03:25,038] {logging_mixin.py:104} INFO - [2021-03-30 00:03:25,038] {dag.py:2273} INFO - Setting next_dagrun for example_subdag_operator.section-2 to None
[2021-03-30 00:03:25,046] {logging_mixin.py:104} INFO - [2021-03-30 00:03:25,046] {dag.py:1818} INFO - Sync 2 DAGs
[2021-03-30 00:03:25,054] {logging_mixin.py:104} INFO - [2021-03-30 00:03:25,054] {dag.py:2273} INFO - Setting next_dagrun for example_subdag_operator.section-1 to None
[2021-03-30 00:03:25,055] {logging_mixin.py:104} INFO - [2021-03-30 00:03:25,055] {dag.py:2273} INFO - Setting next_dagrun for example_subdag_operator.section-2 to None
[2021-03-30 00:03:25,061] {scheduler_job.py:190} INFO - Processing /home/airflow/.local/lib/python3.6/site-packages/airflow/example_dags/example_subdag_operator.py took 0.087 seconds
[2021-03-30 00:03:55,283] {scheduler_job.py:182} INFO - Started process (PID=3425) to work on /home/airflow/.local/lib/python3.6/site-packages/airflow/example_dags/example_subdag_operator.py
[2021-03-30 00:03:55,285] {scheduler_job.py:629} INFO - Processing file /home/airflow/.local/lib/python3.6/site-packages/airflow/example_dags/example_subdag_operator.py for tasks to queue
[2021-03-30 00:03:55,286] {logging_mixin.py:104} INFO - [2021-03-30 00:03:55,286] {dagbag.py:448} INFO - Filling up the DagBag from /home/airflow/.local/lib/python3.6/site-packages/airflow/example_dags/example_subdag_operator.py
[2021-03-30 00:03:55,318] {scheduler_job.py:639} INFO - DAG(s) dict_keys(['example_subdag_operator.section-1', 'example_subdag_operator.section-2', 'example_subdag_operator']) retrieved from /home/airflow/.local/lib/python3.6/site-packages/airflow/example_dags/example_subdag_operator.py
[2021-03-30 00:03:55,336] {logging_mixin.py:104} INFO - [2021-03-30 00:03:55,336] {dag.py:1818} INFO - Sync 3 DAGs
[2021-03-30 00:03:55,357] {logging_mixin.py:104} INFO - [2021-03-30 00:03:55,357] {dag.py:2273} INFO - Setting next_dagrun for example_subdag_operator to 2021-03-28 00:00:00+00:00
[2021-03-30 00:03:55,358] {logging_mixin.py:104} INFO - [2021-03-30 00:03:55,358] {dag.py:2273} INFO - Setting next_dagrun for example_subdag_operator.section-1 to None
[2021-03-30 00:03:55,359] {logging_mixin.py:104} INFO - [2021-03-30 00:03:55,359] {dag.py:2273} INFO - Setting next_dagrun for example_subdag_operator.section-2 to None
[2021-03-30 00:03:55,368] {logging_mixin.py:104} INFO - [2021-03-30 00:03:55,368] {dag.py:1818} INFO - Sync 2 DAGs
[2021-03-30 00:03:55,380] {logging_mixin.py:104} INFO - [2021-03-30 00:03:55,380] {dag.py:2273} INFO - Setting next_dagrun for example_subdag_operator.section-1 to None
[2021-03-30 00:03:55,380] {logging_mixin.py:104} INFO - [2021-03-30 00:03:55,380] {dag.py:2273} INFO - Setting next_dagrun for example_subdag_operator.section-2 to None
[2021-03-30 00:03:55,388] {scheduler_job.py:190} INFO - Processing /home/airflow/.local/lib/python3.6/site-packages/airflow/example_dags/example_subdag_operator.py took 0.109 seconds
[2021-03-30 00:04:25,491] {scheduler_job.py:182} INFO - Started process (PID=3453) to work on /home/airflow/.local/lib/python3.6/site-packages/airflow/example_dags/example_subdag_operator.py
[2021-03-30 00:04:25,493] {scheduler_job.py:629} INFO - Processing file /home/airflow/.local/lib/python3.6/site-packages/airflow/example_dags/example_subdag_operator.py for tasks to queue
[2021-03-30 00:04:25,493] {logging_mixin.py:104} INFO - [2021-03-30 00:04:25,493] {dagbag.py:448} INFO - Filling up the DagBag from /home/airflow/.local/lib/python3.6/site-packages/airflow/example_dags/example_subdag_operator.py
[2021-03-30 00:04:25,527] {scheduler_job.py:639} INFO - DAG(s) dict_keys(['example_subdag_operator.section-1', 'example_subdag_operator.section-2', 'example_subdag_operator']) retrieved from /home/airflow/.local/lib/python3.6/site-packages/airflow/example_dags/example_subdag_operator.py
[2021-03-30 00:04:25,539] {logging_mixin.py:104} INFO - [2021-03-30 00:04:25,539] {dag.py:1818} INFO - Sync 3 DAGs
[2021-03-30 00:04:25,558] {logging_mixin.py:104} INFO - [2021-03-30 00:04:25,558] {dag.py:2273} INFO - Setting next_dagrun for example_subdag_operator to 2021-03-28 00:00:00+00:00
[2021-03-30 00:04:25,559] {logging_mixin.py:104} INFO - [2021-03-30 00:04:25,559] {dag.py:2273} INFO - Setting next_dagrun for example_subdag_operator.section-1 to None
[2021-03-30 00:04:25,560] {logging_mixin.py:104} INFO - [2021-03-30 00:04:25,560] {dag.py:2273} INFO - Setting next_dagrun for example_subdag_operator.section-2 to None
[2021-03-30 00:04:25,568] {logging_mixin.py:104} INFO - [2021-03-30 00:04:25,568] {dag.py:1818} INFO - Sync 2 DAGs
[2021-03-30 00:04:25,576] {logging_mixin.py:104} INFO - [2021-03-30 00:04:25,576] {dag.py:2273} INFO - Setting next_dagrun for example_subdag_operator.section-1 to None
[2021-03-30 00:04:25,576] {logging_mixin.py:104} INFO - [2021-03-30 00:04:25,576] {dag.py:2273} INFO - Setting next_dagrun for example_subdag_operator.section-2 to None
[2021-03-30 00:04:25,583] {scheduler_job.py:190} INFO - Processing /home/airflow/.local/lib/python3.6/site-packages/airflow/example_dags/example_subdag_operator.py took 0.096 seconds
[2021-03-30 00:04:55,633] {scheduler_job.py:182} INFO - Started process (PID=3479) to work on /home/airflow/.local/lib/python3.6/site-packages/airflow/example_dags/example_subdag_operator.py
[2021-03-30 00:04:55,634] {scheduler_job.py:629} INFO - Processing file /home/airflow/.local/lib/python3.6/site-packages/airflow/example_dags/example_subdag_operator.py for tasks to queue
[2021-03-30 00:04:55,635] {logging_mixin.py:104} INFO - [2021-03-30 00:04:55,635] {dagbag.py:448} INFO - Filling up the DagBag from /home/airflow/.local/lib/python3.6/site-packages/airflow/example_dags/example_subdag_operator.py
[2021-03-30 00:04:55,665] {scheduler_job.py:639} INFO - DAG(s) dict_keys(['example_subdag_operator.section-1', 'example_subdag_operator.section-2', 'example_subdag_operator']) retrieved from /home/airflow/.local/lib/python3.6/site-packages/airflow/example_dags/example_subdag_operator.py
[2021-03-30 00:04:55,678] {logging_mixin.py:104} INFO - [2021-03-30 00:04:55,678] {dag.py:1818} INFO - Sync 3 DAGs
[2021-03-30 00:04:55,694] {logging_mixin.py:104} INFO - [2021-03-30 00:04:55,694] {dag.py:2273} INFO - Setting next_dagrun for example_subdag_operator to 2021-03-28 00:00:00+00:00
[2021-03-30 00:04:55,695] {logging_mixin.py:104} INFO - [2021-03-30 00:04:55,695] {dag.py:2273} INFO - Setting next_dagrun for example_subdag_operator.section-1 to None
[2021-03-30 00:04:55,696] {logging_mixin.py:104} INFO - [2021-03-30 00:04:55,696] {dag.py:2273} INFO - Setting next_dagrun for example_subdag_operator.section-2 to None
[2021-03-30 00:04:55,703] {logging_mixin.py:104} INFO - [2021-03-30 00:04:55,703] {dag.py:1818} INFO - Sync 2 DAGs
[2021-03-30 00:04:55,710] {logging_mixin.py:104} INFO - [2021-03-30 00:04:55,710] {dag.py:2273} INFO - Setting next_dagrun for example_subdag_operator.section-1 to None
[2021-03-30 00:04:55,711] {logging_mixin.py:104} INFO - [2021-03-30 00:04:55,711] {dag.py:2273} INFO - Setting next_dagrun for example_subdag_operator.section-2 to None
[2021-03-30 00:04:55,718] {scheduler_job.py:190} INFO - Processing /home/airflow/.local/lib/python3.6/site-packages/airflow/example_dags/example_subdag_operator.py took 0.088 seconds
[2021-03-30 00:05:25,864] {scheduler_job.py:182} INFO - Started process (PID=3506) to work on /home/airflow/.local/lib/python3.6/site-packages/airflow/example_dags/example_subdag_operator.py
[2021-03-30 00:05:25,866] {scheduler_job.py:629} INFO - Processing file /home/airflow/.local/lib/python3.6/site-packages/airflow/example_dags/example_subdag_operator.py for tasks to queue
[2021-03-30 00:05:25,867] {logging_mixin.py:104} INFO - [2021-03-30 00:05:25,867] {dagbag.py:448} INFO - Filling up the DagBag from /home/airflow/.local/lib/python3.6/site-packages/airflow/example_dags/example_subdag_operator.py
[2021-03-30 00:05:25,898] {scheduler_job.py:639} INFO - DAG(s) dict_keys(['example_subdag_operator.section-1', 'example_subdag_operator.section-2', 'example_subdag_operator']) retrieved from /home/airflow/.local/lib/python3.6/site-packages/airflow/example_dags/example_subdag_operator.py
[2021-03-30 00:05:25,909] {logging_mixin.py:104} INFO - [2021-03-30 00:05:25,909] {dag.py:1818} INFO - Sync 3 DAGs
[2021-03-30 00:05:25,925] {logging_mixin.py:104} INFO - [2021-03-30 00:05:25,925] {dag.py:2273} INFO - Setting next_dagrun for example_subdag_operator to 2021-03-28 00:00:00+00:00
[2021-03-30 00:05:25,926] {logging_mixin.py:104} INFO - [2021-03-30 00:05:25,926] {dag.py:2273} INFO - Setting next_dagrun for example_subdag_operator.section-1 to None
[2021-03-30 00:05:25,927] {logging_mixin.py:104} INFO - [2021-03-30 00:05:25,927] {dag.py:2273} INFO - Setting next_dagrun for example_subdag_operator.section-2 to None
[2021-03-30 00:05:25,933] {logging_mixin.py:104} INFO - [2021-03-30 00:05:25,933] {dag.py:1818} INFO - Sync 2 DAGs
[2021-03-30 00:05:25,944] {logging_mixin.py:104} INFO - [2021-03-30 00:05:25,944] {dag.py:2273} INFO - Setting next_dagrun for example_subdag_operator.section-1 to None
[2021-03-30 00:05:25,945] {logging_mixin.py:104} INFO - [2021-03-30 00:05:25,945] {dag.py:2273} INFO - Setting next_dagrun for example_subdag_operator.section-2 to None
[2021-03-30 00:05:25,953] {scheduler_job.py:190} INFO - Processing /home/airflow/.local/lib/python3.6/site-packages/airflow/example_dags/example_subdag_operator.py took 0.092 seconds
[2021-03-30 00:05:56,549] {scheduler_job.py:182} INFO - Started process (PID=3530) to work on /home/airflow/.local/lib/python3.6/site-packages/airflow/example_dags/example_subdag_operator.py
[2021-03-30 00:05:56,551] {scheduler_job.py:629} INFO - Processing file /home/airflow/.local/lib/python3.6/site-packages/airflow/example_dags/example_subdag_operator.py for tasks to queue
[2021-03-30 00:05:56,552] {logging_mixin.py:104} INFO - [2021-03-30 00:05:56,551] {dagbag.py:448} INFO - Filling up the DagBag from /home/airflow/.local/lib/python3.6/site-packages/airflow/example_dags/example_subdag_operator.py
[2021-03-30 00:05:56,580] {scheduler_job.py:639} INFO - DAG(s) dict_keys(['example_subdag_operator.section-1', 'example_subdag_operator.section-2', 'example_subdag_operator']) retrieved from /home/airflow/.local/lib/python3.6/site-packages/airflow/example_dags/example_subdag_operator.py
[2021-03-30 00:05:56,592] {logging_mixin.py:104} INFO - [2021-03-30 00:05:56,591] {dag.py:1818} INFO - Sync 3 DAGs
[2021-03-30 00:05:56,607] {logging_mixin.py:104} INFO - [2021-03-30 00:05:56,607] {dag.py:2273} INFO - Setting next_dagrun for example_subdag_operator to 2021-03-28 00:00:00+00:00
[2021-03-30 00:05:56,608] {logging_mixin.py:104} INFO - [2021-03-30 00:05:56,608] {dag.py:2273} INFO - Setting next_dagrun for example_subdag_operator.section-1 to None
[2021-03-30 00:05:56,609] {logging_mixin.py:104} INFO - [2021-03-30 00:05:56,609] {dag.py:2273} INFO - Setting next_dagrun for example_subdag_operator.section-2 to None
[2021-03-30 00:05:56,615] {logging_mixin.py:104} INFO - [2021-03-30 00:05:56,615] {dag.py:1818} INFO - Sync 2 DAGs
[2021-03-30 00:05:56,623] {logging_mixin.py:104} INFO - [2021-03-30 00:05:56,623] {dag.py:2273} INFO - Setting next_dagrun for example_subdag_operator.section-1 to None
[2021-03-30 00:05:56,624] {logging_mixin.py:104} INFO - [2021-03-30 00:05:56,624] {dag.py:2273} INFO - Setting next_dagrun for example_subdag_operator.section-2 to None
[2021-03-30 00:05:56,631] {scheduler_job.py:190} INFO - Processing /home/airflow/.local/lib/python3.6/site-packages/airflow/example_dags/example_subdag_operator.py took 0.085 seconds
[2021-03-30 00:06:26,757] {scheduler_job.py:182} INFO - Started process (PID=3556) to work on /home/airflow/.local/lib/python3.6/site-packages/airflow/example_dags/example_subdag_operator.py
[2021-03-30 00:06:26,759] {scheduler_job.py:629} INFO - Processing file /home/airflow/.local/lib/python3.6/site-packages/airflow/example_dags/example_subdag_operator.py for tasks to queue
[2021-03-30 00:06:26,760] {logging_mixin.py:104} INFO - [2021-03-30 00:06:26,760] {dagbag.py:448} INFO - Filling up the DagBag from /home/airflow/.local/lib/python3.6/site-packages/airflow/example_dags/example_subdag_operator.py
[2021-03-30 00:06:26,789] {scheduler_job.py:639} INFO - DAG(s) dict_keys(['example_subdag_operator.section-1', 'example_subdag_operator.section-2', 'example_subdag_operator']) retrieved from /home/airflow/.local/lib/python3.6/site-packages/airflow/example_dags/example_subdag_operator.py
[2021-03-30 00:06:26,801] {logging_mixin.py:104} INFO - [2021-03-30 00:06:26,801] {dag.py:1818} INFO - Sync 3 DAGs
[2021-03-30 00:06:26,818] {logging_mixin.py:104} INFO - [2021-03-30 00:06:26,817] {dag.py:2273} INFO - Setting next_dagrun for example_subdag_operator to 2021-03-28 00:00:00+00:00
[2021-03-30 00:06:26,819] {logging_mixin.py:104} INFO - [2021-03-30 00:06:26,819] {dag.py:2273} INFO - Setting next_dagrun for example_subdag_operator.section-1 to None
[2021-03-30 00:06:26,819] {logging_mixin.py:104} INFO - [2021-03-30 00:06:26,819] {dag.py:2273} INFO - Setting next_dagrun for example_subdag_operator.section-2 to None
[2021-03-30 00:06:26,826] {logging_mixin.py:104} INFO - [2021-03-30 00:06:26,826] {dag.py:1818} INFO - Sync 2 DAGs
[2021-03-30 00:06:26,833] {logging_mixin.py:104} INFO - [2021-03-30 00:06:26,833] {dag.py:2273} INFO - Setting next_dagrun for example_subdag_operator.section-1 to None
[2021-03-30 00:06:26,834] {logging_mixin.py:104} INFO - [2021-03-30 00:06:26,834] {dag.py:2273} INFO - Setting next_dagrun for example_subdag_operator.section-2 to None
[2021-03-30 00:06:26,841] {scheduler_job.py:190} INFO - Processing /home/airflow/.local/lib/python3.6/site-packages/airflow/example_dags/example_subdag_operator.py took 0.086 seconds
[2021-03-30 00:06:57,008] {scheduler_job.py:182} INFO - Started process (PID=3581) to work on /home/airflow/.local/lib/python3.6/site-packages/airflow/example_dags/example_subdag_operator.py
[2021-03-30 00:06:57,009] {scheduler_job.py:629} INFO - Processing file /home/airflow/.local/lib/python3.6/site-packages/airflow/example_dags/example_subdag_operator.py for tasks to queue
[2021-03-30 00:06:57,011] {logging_mixin.py:104} INFO - [2021-03-30 00:06:57,010] {dagbag.py:448} INFO - Filling up the DagBag from /home/airflow/.local/lib/python3.6/site-packages/airflow/example_dags/example_subdag_operator.py
[2021-03-30 00:06:57,054] {scheduler_job.py:639} INFO - DAG(s) dict_keys(['example_subdag_operator.section-1', 'example_subdag_operator.section-2', 'example_subdag_operator']) retrieved from /home/airflow/.local/lib/python3.6/site-packages/airflow/example_dags/example_subdag_operator.py
[2021-03-30 00:06:57,073] {logging_mixin.py:104} INFO - [2021-03-30 00:06:57,073] {dag.py:1818} INFO - Sync 3 DAGs
[2021-03-30 00:06:57,100] {logging_mixin.py:104} INFO - [2021-03-30 00:06:57,099] {dag.py:2273} INFO - Setting next_dagrun for example_subdag_operator to 2021-03-28 00:00:00+00:00
[2021-03-30 00:06:57,102] {logging_mixin.py:104} INFO - [2021-03-30 00:06:57,101] {dag.py:2273} INFO - Setting next_dagrun for example_subdag_operator.section-1 to None
[2021-03-30 00:06:57,103] {logging_mixin.py:104} INFO - [2021-03-30 00:06:57,102] {dag.py:2273} INFO - Setting next_dagrun for example_subdag_operator.section-2 to None
[2021-03-30 00:06:57,113] {logging_mixin.py:104} INFO - [2021-03-30 00:06:57,112] {dag.py:1818} INFO - Sync 2 DAGs
[2021-03-30 00:06:57,124] {logging_mixin.py:104} INFO - [2021-03-30 00:06:57,124] {dag.py:2273} INFO - Setting next_dagrun for example_subdag_operator.section-1 to None
[2021-03-30 00:06:57,125] {logging_mixin.py:104} INFO - [2021-03-30 00:06:57,124] {dag.py:2273} INFO - Setting next_dagrun for example_subdag_operator.section-2 to None
[2021-03-30 00:06:57,134] {scheduler_job.py:190} INFO - Processing /home/airflow/.local/lib/python3.6/site-packages/airflow/example_dags/example_subdag_operator.py took 0.131 seconds
[2021-03-30 00:07:27,513] {scheduler_job.py:182} INFO - Started process (PID=3607) to work on /home/airflow/.local/lib/python3.6/site-packages/airflow/example_dags/example_subdag_operator.py
[2021-03-30 00:07:27,515] {scheduler_job.py:629} INFO - Processing file /home/airflow/.local/lib/python3.6/site-packages/airflow/example_dags/example_subdag_operator.py for tasks to queue
[2021-03-30 00:07:27,516] {logging_mixin.py:104} INFO - [2021-03-30 00:07:27,516] {dagbag.py:448} INFO - Filling up the DagBag from /home/airflow/.local/lib/python3.6/site-packages/airflow/example_dags/example_subdag_operator.py
[2021-03-30 00:07:27,551] {scheduler_job.py:639} INFO - DAG(s) dict_keys(['example_subdag_operator.section-1', 'example_subdag_operator.section-2', 'example_subdag_operator']) retrieved from /home/airflow/.local/lib/python3.6/site-packages/airflow/example_dags/example_subdag_operator.py
[2021-03-30 00:07:27,566] {logging_mixin.py:104} INFO - [2021-03-30 00:07:27,566] {dag.py:1818} INFO - Sync 3 DAGs
[2021-03-30 00:07:27,587] {logging_mixin.py:104} INFO - [2021-03-30 00:07:27,587] {dag.py:2273} INFO - Setting next_dagrun for example_subdag_operator to 2021-03-28 00:00:00+00:00
[2021-03-30 00:07:27,589] {logging_mixin.py:104} INFO - [2021-03-30 00:07:27,589] {dag.py:2273} INFO - Setting next_dagrun for example_subdag_operator.section-1 to None
[2021-03-30 00:07:27,590] {logging_mixin.py:104} INFO - [2021-03-30 00:07:27,590] {dag.py:2273} INFO - Setting next_dagrun for example_subdag_operator.section-2 to None
[2021-03-30 00:07:27,599] {logging_mixin.py:104} INFO - [2021-03-30 00:07:27,599] {dag.py:1818} INFO - Sync 2 DAGs
[2021-03-30 00:07:27,608] {logging_mixin.py:104} INFO - [2021-03-30 00:07:27,608] {dag.py:2273} INFO - Setting next_dagrun for example_subdag_operator.section-1 to None
[2021-03-30 00:07:27,609] {logging_mixin.py:104} INFO - [2021-03-30 00:07:27,609] {dag.py:2273} INFO - Setting next_dagrun for example_subdag_operator.section-2 to None
[2021-03-30 00:07:27,618] {scheduler_job.py:190} INFO - Processing /home/airflow/.local/lib/python3.6/site-packages/airflow/example_dags/example_subdag_operator.py took 0.109 seconds
[2021-03-30 00:07:57,898] {scheduler_job.py:182} INFO - Started process (PID=3633) to work on /home/airflow/.local/lib/python3.6/site-packages/airflow/example_dags/example_subdag_operator.py
[2021-03-30 00:07:57,900] {scheduler_job.py:629} INFO - Processing file /home/airflow/.local/lib/python3.6/site-packages/airflow/example_dags/example_subdag_operator.py for tasks to queue
[2021-03-30 00:07:57,901] {logging_mixin.py:104} INFO - [2021-03-30 00:07:57,901] {dagbag.py:448} INFO - Filling up the DagBag from /home/airflow/.local/lib/python3.6/site-packages/airflow/example_dags/example_subdag_operator.py
[2021-03-30 00:07:57,933] {scheduler_job.py:639} INFO - DAG(s) dict_keys(['example_subdag_operator.section-1', 'example_subdag_operator.section-2', 'example_subdag_operator']) retrieved from /home/airflow/.local/lib/python3.6/site-packages/airflow/example_dags/example_subdag_operator.py
[2021-03-30 00:07:57,946] {logging_mixin.py:104} INFO - [2021-03-30 00:07:57,946] {dag.py:1818} INFO - Sync 3 DAGs
[2021-03-30 00:07:57,960] {logging_mixin.py:104} INFO - [2021-03-30 00:07:57,960] {dag.py:2273} INFO - Setting next_dagrun for example_subdag_operator to 2021-03-28 00:00:00+00:00
[2021-03-30 00:07:57,961] {logging_mixin.py:104} INFO - [2021-03-30 00:07:57,961] {dag.py:2273} INFO - Setting next_dagrun for example_subdag_operator.section-1 to None
[2021-03-30 00:07:57,962] {logging_mixin.py:104} INFO - [2021-03-30 00:07:57,962] {dag.py:2273} INFO - Setting next_dagrun for example_subdag_operator.section-2 to None
[2021-03-30 00:07:57,968] {logging_mixin.py:104} INFO - [2021-03-30 00:07:57,968] {dag.py:1818} INFO - Sync 2 DAGs
[2021-03-30 00:07:57,975] {logging_mixin.py:104} INFO - [2021-03-30 00:07:57,975] {dag.py:2273} INFO - Setting next_dagrun for example_subdag_operator.section-1 to None
[2021-03-30 00:07:57,976] {logging_mixin.py:104} INFO - [2021-03-30 00:07:57,976] {dag.py:2273} INFO - Setting next_dagrun for example_subdag_operator.section-2 to None
[2021-03-30 00:07:57,982] {scheduler_job.py:190} INFO - Processing /home/airflow/.local/lib/python3.6/site-packages/airflow/example_dags/example_subdag_operator.py took 0.087 seconds
[2021-03-30 00:08:28,182] {scheduler_job.py:182} INFO - Started process (PID=3662) to work on /home/airflow/.local/lib/python3.6/site-packages/airflow/example_dags/example_subdag_operator.py
[2021-03-30 00:08:28,183] {scheduler_job.py:629} INFO - Processing file /home/airflow/.local/lib/python3.6/site-packages/airflow/example_dags/example_subdag_operator.py for tasks to queue
[2021-03-30 00:08:28,184] {logging_mixin.py:104} INFO - [2021-03-30 00:08:28,184] {dagbag.py:448} INFO - Filling up the DagBag from /home/airflow/.local/lib/python3.6/site-packages/airflow/example_dags/example_subdag_operator.py
[2021-03-30 00:08:28,216] {scheduler_job.py:639} INFO - DAG(s) dict_keys(['example_subdag_operator.section-1', 'example_subdag_operator.section-2', 'example_subdag_operator']) retrieved from /home/airflow/.local/lib/python3.6/site-packages/airflow/example_dags/example_subdag_operator.py
[2021-03-30 00:08:28,229] {logging_mixin.py:104} INFO - [2021-03-30 00:08:28,229] {dag.py:1818} INFO - Sync 3 DAGs
[2021-03-30 00:08:28,247] {logging_mixin.py:104} INFO - [2021-03-30 00:08:28,247] {dag.py:2273} INFO - Setting next_dagrun for example_subdag_operator to 2021-03-28 00:00:00+00:00
[2021-03-30 00:08:28,248] {logging_mixin.py:104} INFO - [2021-03-30 00:08:28,248] {dag.py:2273} INFO - Setting next_dagrun for example_subdag_operator.section-1 to None
[2021-03-30 00:08:28,249] {logging_mixin.py:104} INFO - [2021-03-30 00:08:28,249] {dag.py:2273} INFO - Setting next_dagrun for example_subdag_operator.section-2 to None
[2021-03-30 00:08:28,257] {logging_mixin.py:104} INFO - [2021-03-30 00:08:28,257] {dag.py:1818} INFO - Sync 2 DAGs
[2021-03-30 00:08:28,265] {logging_mixin.py:104} INFO - [2021-03-30 00:08:28,265] {dag.py:2273} INFO - Setting next_dagrun for example_subdag_operator.section-1 to None
[2021-03-30 00:08:28,265] {logging_mixin.py:104} INFO - [2021-03-30 00:08:28,265] {dag.py:2273} INFO - Setting next_dagrun for example_subdag_operator.section-2 to None
[2021-03-30 00:08:28,272] {scheduler_job.py:190} INFO - Processing /home/airflow/.local/lib/python3.6/site-packages/airflow/example_dags/example_subdag_operator.py took 0.094 seconds
[2021-03-30 00:08:58,431] {scheduler_job.py:182} INFO - Started process (PID=3688) to work on /home/airflow/.local/lib/python3.6/site-packages/airflow/example_dags/example_subdag_operator.py
[2021-03-30 00:08:58,432] {scheduler_job.py:629} INFO - Processing file /home/airflow/.local/lib/python3.6/site-packages/airflow/example_dags/example_subdag_operator.py for tasks to queue
[2021-03-30 00:08:58,434] {logging_mixin.py:104} INFO - [2021-03-30 00:08:58,434] {dagbag.py:448} INFO - Filling up the DagBag from /home/airflow/.local/lib/python3.6/site-packages/airflow/example_dags/example_subdag_operator.py
[2021-03-30 00:08:58,469] {scheduler_job.py:639} INFO - DAG(s) dict_keys(['example_subdag_operator.section-1', 'example_subdag_operator.section-2', 'example_subdag_operator']) retrieved from /home/airflow/.local/lib/python3.6/site-packages/airflow/example_dags/example_subdag_operator.py
[2021-03-30 00:08:58,481] {logging_mixin.py:104} INFO - [2021-03-30 00:08:58,481] {dag.py:1818} INFO - Sync 3 DAGs
[2021-03-30 00:08:58,499] {logging_mixin.py:104} INFO - [2021-03-30 00:08:58,498] {dag.py:2273} INFO - Setting next_dagrun for example_subdag_operator to 2021-03-28 00:00:00+00:00
[2021-03-30 00:08:58,500] {logging_mixin.py:104} INFO - [2021-03-30 00:08:58,500] {dag.py:2273} INFO - Setting next_dagrun for example_subdag_operator.section-1 to None
[2021-03-30 00:08:58,501] {logging_mixin.py:104} INFO - [2021-03-30 00:08:58,501] {dag.py:2273} INFO - Setting next_dagrun for example_subdag_operator.section-2 to None
[2021-03-30 00:08:58,508] {logging_mixin.py:104} INFO - [2021-03-30 00:08:58,508] {dag.py:1818} INFO - Sync 2 DAGs
[2021-03-30 00:08:58,517] {logging_mixin.py:104} INFO - [2021-03-30 00:08:58,517] {dag.py:2273} INFO - Setting next_dagrun for example_subdag_operator.section-1 to None
[2021-03-30 00:08:58,518] {logging_mixin.py:104} INFO - [2021-03-30 00:08:58,517] {dag.py:2273} INFO - Setting next_dagrun for example_subdag_operator.section-2 to None
[2021-03-30 00:08:58,525] {scheduler_job.py:190} INFO - Processing /home/airflow/.local/lib/python3.6/site-packages/airflow/example_dags/example_subdag_operator.py took 0.098 seconds
[2021-03-30 00:09:28,675] {scheduler_job.py:182} INFO - Started process (PID=3714) to work on /home/airflow/.local/lib/python3.6/site-packages/airflow/example_dags/example_subdag_operator.py
[2021-03-30 00:09:28,677] {scheduler_job.py:629} INFO - Processing file /home/airflow/.local/lib/python3.6/site-packages/airflow/example_dags/example_subdag_operator.py for tasks to queue
[2021-03-30 00:09:28,678] {logging_mixin.py:104} INFO - [2021-03-30 00:09:28,678] {dagbag.py:448} INFO - Filling up the DagBag from /home/airflow/.local/lib/python3.6/site-packages/airflow/example_dags/example_subdag_operator.py
[2021-03-30 00:09:28,710] {scheduler_job.py:639} INFO - DAG(s) dict_keys(['example_subdag_operator.section-1', 'example_subdag_operator.section-2', 'example_subdag_operator']) retrieved from /home/airflow/.local/lib/python3.6/site-packages/airflow/example_dags/example_subdag_operator.py
[2021-03-30 00:09:28,721] {logging_mixin.py:104} INFO - [2021-03-30 00:09:28,721] {dag.py:1818} INFO - Sync 3 DAGs
[2021-03-30 00:09:28,737] {logging_mixin.py:104} INFO - [2021-03-30 00:09:28,737] {dag.py:2273} INFO - Setting next_dagrun for example_subdag_operator to 2021-03-28 00:00:00+00:00
[2021-03-30 00:09:28,738] {logging_mixin.py:104} INFO - [2021-03-30 00:09:28,738] {dag.py:2273} INFO - Setting next_dagrun for example_subdag_operator.section-1 to None
[2021-03-30 00:09:28,739] {logging_mixin.py:104} INFO - [2021-03-30 00:09:28,739] {dag.py:2273} INFO - Setting next_dagrun for example_subdag_operator.section-2 to None
[2021-03-30 00:09:28,745] {logging_mixin.py:104} INFO - [2021-03-30 00:09:28,745] {dag.py:1818} INFO - Sync 2 DAGs
[2021-03-30 00:09:28,752] {logging_mixin.py:104} INFO - [2021-03-30 00:09:28,752] {dag.py:2273} INFO - Setting next_dagrun for example_subdag_operator.section-1 to None
[2021-03-30 00:09:28,753] {logging_mixin.py:104} INFO - [2021-03-30 00:09:28,753] {dag.py:2273} INFO - Setting next_dagrun for example_subdag_operator.section-2 to None
[2021-03-30 00:09:28,758] {scheduler_job.py:190} INFO - Processing /home/airflow/.local/lib/python3.6/site-packages/airflow/example_dags/example_subdag_operator.py took 0.086 seconds
[2021-03-30 00:09:58,908] {scheduler_job.py:182} INFO - Started process (PID=3741) to work on /home/airflow/.local/lib/python3.6/site-packages/airflow/example_dags/example_subdag_operator.py
[2021-03-30 00:09:58,909] {scheduler_job.py:629} INFO - Processing file /home/airflow/.local/lib/python3.6/site-packages/airflow/example_dags/example_subdag_operator.py for tasks to queue
[2021-03-30 00:09:58,910] {logging_mixin.py:104} INFO - [2021-03-30 00:09:58,910] {dagbag.py:448} INFO - Filling up the DagBag from /home/airflow/.local/lib/python3.6/site-packages/airflow/example_dags/example_subdag_operator.py
[2021-03-30 00:09:58,941] {scheduler_job.py:639} INFO - DAG(s) dict_keys(['example_subdag_operator.section-1', 'example_subdag_operator.section-2', 'example_subdag_operator']) retrieved from /home/airflow/.local/lib/python3.6/site-packages/airflow/example_dags/example_subdag_operator.py
[2021-03-30 00:09:58,953] {logging_mixin.py:104} INFO - [2021-03-30 00:09:58,953] {dag.py:1818} INFO - Sync 3 DAGs
[2021-03-30 00:09:58,968] {logging_mixin.py:104} INFO - [2021-03-30 00:09:58,968] {dag.py:2273} INFO - Setting next_dagrun for example_subdag_operator to 2021-03-28 00:00:00+00:00
[2021-03-30 00:09:58,970] {logging_mixin.py:104} INFO - [2021-03-30 00:09:58,970] {dag.py:2273} INFO - Setting next_dagrun for example_subdag_operator.section-1 to None
[2021-03-30 00:09:58,970] {logging_mixin.py:104} INFO - [2021-03-30 00:09:58,970] {dag.py:2273} INFO - Setting next_dagrun for example_subdag_operator.section-2 to None
[2021-03-30 00:09:58,977] {logging_mixin.py:104} INFO - [2021-03-30 00:09:58,976] {dag.py:1818} INFO - Sync 2 DAGs
[2021-03-30 00:09:58,984] {logging_mixin.py:104} INFO - [2021-03-30 00:09:58,984] {dag.py:2273} INFO - Setting next_dagrun for example_subdag_operator.section-1 to None
[2021-03-30 00:09:58,985] {logging_mixin.py:104} INFO - [2021-03-30 00:09:58,985] {dag.py:2273} INFO - Setting next_dagrun for example_subdag_operator.section-2 to None
[2021-03-30 00:09:58,990] {scheduler_job.py:190} INFO - Processing /home/airflow/.local/lib/python3.6/site-packages/airflow/example_dags/example_subdag_operator.py took 0.086 seconds
[2021-03-30 00:10:29,162] {scheduler_job.py:182} INFO - Started process (PID=3768) to work on /home/airflow/.local/lib/python3.6/site-packages/airflow/example_dags/example_subdag_operator.py
[2021-03-30 00:10:29,164] {scheduler_job.py:629} INFO - Processing file /home/airflow/.local/lib/python3.6/site-packages/airflow/example_dags/example_subdag_operator.py for tasks to queue
[2021-03-30 00:10:29,165] {logging_mixin.py:104} INFO - [2021-03-30 00:10:29,165] {dagbag.py:448} INFO - Filling up the DagBag from /home/airflow/.local/lib/python3.6/site-packages/airflow/example_dags/example_subdag_operator.py
[2021-03-30 00:10:29,190] {scheduler_job.py:639} INFO - DAG(s) dict_keys(['example_subdag_operator.section-1', 'example_subdag_operator.section-2', 'example_subdag_operator']) retrieved from /home/airflow/.local/lib/python3.6/site-packages/airflow/example_dags/example_subdag_operator.py
[2021-03-30 00:10:29,202] {logging_mixin.py:104} INFO - [2021-03-30 00:10:29,202] {dag.py:1818} INFO - Sync 3 DAGs
[2021-03-30 00:10:29,217] {logging_mixin.py:104} INFO - [2021-03-30 00:10:29,217] {dag.py:2273} INFO - Setting next_dagrun for example_subdag_operator to 2021-03-28 00:00:00+00:00
[2021-03-30 00:10:29,218] {logging_mixin.py:104} INFO - [2021-03-30 00:10:29,218] {dag.py:2273} INFO - Setting next_dagrun for example_subdag_operator.section-1 to None
[2021-03-30 00:10:29,218] {logging_mixin.py:104} INFO - [2021-03-30 00:10:29,218] {dag.py:2273} INFO - Setting next_dagrun for example_subdag_operator.section-2 to None
[2021-03-30 00:10:29,224] {logging_mixin.py:104} INFO - [2021-03-30 00:10:29,224] {dag.py:1818} INFO - Sync 2 DAGs
[2021-03-30 00:10:29,232] {logging_mixin.py:104} INFO - [2021-03-30 00:10:29,232] {dag.py:2273} INFO - Setting next_dagrun for example_subdag_operator.section-1 to None
[2021-03-30 00:10:29,233] {logging_mixin.py:104} INFO - [2021-03-30 00:10:29,233] {dag.py:2273} INFO - Setting next_dagrun for example_subdag_operator.section-2 to None
[2021-03-30 00:10:29,239] {scheduler_job.py:190} INFO - Processing /home/airflow/.local/lib/python3.6/site-packages/airflow/example_dags/example_subdag_operator.py took 0.080 seconds
[2021-03-30 00:10:59,382] {scheduler_job.py:182} INFO - Started process (PID=3792) to work on /home/airflow/.local/lib/python3.6/site-packages/airflow/example_dags/example_subdag_operator.py
[2021-03-30 00:10:59,384] {scheduler_job.py:629} INFO - Processing file /home/airflow/.local/lib/python3.6/site-packages/airflow/example_dags/example_subdag_operator.py for tasks to queue
[2021-03-30 00:10:59,385] {logging_mixin.py:104} INFO - [2021-03-30 00:10:59,385] {dagbag.py:448} INFO - Filling up the DagBag from /home/airflow/.local/lib/python3.6/site-packages/airflow/example_dags/example_subdag_operator.py
[2021-03-30 00:10:59,425] {scheduler_job.py:639} INFO - DAG(s) dict_keys(['example_subdag_operator.section-1', 'example_subdag_operator.section-2', 'example_subdag_operator']) retrieved from /home/airflow/.local/lib/python3.6/site-packages/airflow/example_dags/example_subdag_operator.py
[2021-03-30 00:10:59,440] {logging_mixin.py:104} INFO - [2021-03-30 00:10:59,440] {dag.py:1818} INFO - Sync 3 DAGs
[2021-03-30 00:10:59,459] {logging_mixin.py:104} INFO - [2021-03-30 00:10:59,459] {dag.py:2273} INFO - Setting next_dagrun for example_subdag_operator to 2021-03-28 00:00:00+00:00
[2021-03-30 00:10:59,460] {logging_mixin.py:104} INFO - [2021-03-30 00:10:59,460] {dag.py:2273} INFO - Setting next_dagrun for example_subdag_operator.section-1 to None
[2021-03-30 00:10:59,461] {logging_mixin.py:104} INFO - [2021-03-30 00:10:59,461] {dag.py:2273} INFO - Setting next_dagrun for example_subdag_operator.section-2 to None
[2021-03-30 00:10:59,468] {logging_mixin.py:104} INFO - [2021-03-30 00:10:59,468] {dag.py:1818} INFO - Sync 2 DAGs
[2021-03-30 00:10:59,477] {logging_mixin.py:104} INFO - [2021-03-30 00:10:59,476] {dag.py:2273} INFO - Setting next_dagrun for example_subdag_operator.section-1 to None
[2021-03-30 00:10:59,477] {logging_mixin.py:104} INFO - [2021-03-30 00:10:59,477] {dag.py:2273} INFO - Setting next_dagrun for example_subdag_operator.section-2 to None
[2021-03-30 00:10:59,485] {scheduler_job.py:190} INFO - Processing /home/airflow/.local/lib/python3.6/site-packages/airflow/example_dags/example_subdag_operator.py took 0.107 seconds
[2021-03-30 00:11:29,631] {scheduler_job.py:182} INFO - Started process (PID=3818) to work on /home/airflow/.local/lib/python3.6/site-packages/airflow/example_dags/example_subdag_operator.py
[2021-03-30 00:11:29,632] {scheduler_job.py:629} INFO - Processing file /home/airflow/.local/lib/python3.6/site-packages/airflow/example_dags/example_subdag_operator.py for tasks to queue
[2021-03-30 00:11:29,634] {logging_mixin.py:104} INFO - [2021-03-30 00:11:29,634] {dagbag.py:448} INFO - Filling up the DagBag from /home/airflow/.local/lib/python3.6/site-packages/airflow/example_dags/example_subdag_operator.py
[2021-03-30 00:11:29,666] {scheduler_job.py:639} INFO - DAG(s) dict_keys(['example_subdag_operator.section-1', 'example_subdag_operator.section-2', 'example_subdag_operator']) retrieved from /home/airflow/.local/lib/python3.6/site-packages/airflow/example_dags/example_subdag_operator.py
[2021-03-30 00:11:29,682] {logging_mixin.py:104} INFO - [2021-03-30 00:11:29,682] {dag.py:1818} INFO - Sync 3 DAGs
[2021-03-30 00:11:29,704] {logging_mixin.py:104} INFO - [2021-03-30 00:11:29,703] {dag.py:2273} INFO - Setting next_dagrun for example_subdag_operator to 2021-03-28 00:00:00+00:00
[2021-03-30 00:11:29,706] {logging_mixin.py:104} INFO - [2021-03-30 00:11:29,706] {dag.py:2273} INFO - Setting next_dagrun for example_subdag_operator.section-1 to None
[2021-03-30 00:11:29,707] {logging_mixin.py:104} INFO - [2021-03-30 00:11:29,706] {dag.py:2273} INFO - Setting next_dagrun for example_subdag_operator.section-2 to None
[2021-03-30 00:11:29,717] {logging_mixin.py:104} INFO - [2021-03-30 00:11:29,717] {dag.py:1818} INFO - Sync 2 DAGs
[2021-03-30 00:11:29,728] {logging_mixin.py:104} INFO - [2021-03-30 00:11:29,728] {dag.py:2273} INFO - Setting next_dagrun for example_subdag_operator.section-1 to None
[2021-03-30 00:11:29,729] {logging_mixin.py:104} INFO - [2021-03-30 00:11:29,729] {dag.py:2273} INFO - Setting next_dagrun for example_subdag_operator.section-2 to None
[2021-03-30 00:11:29,741] {scheduler_job.py:190} INFO - Processing /home/airflow/.local/lib/python3.6/site-packages/airflow/example_dags/example_subdag_operator.py took 0.114 seconds
[2021-03-30 00:11:59,957] {scheduler_job.py:182} INFO - Started process (PID=3844) to work on /home/airflow/.local/lib/python3.6/site-packages/airflow/example_dags/example_subdag_operator.py
[2021-03-30 00:11:59,959] {scheduler_job.py:629} INFO - Processing file /home/airflow/.local/lib/python3.6/site-packages/airflow/example_dags/example_subdag_operator.py for tasks to queue
[2021-03-30 00:11:59,960] {logging_mixin.py:104} INFO - [2021-03-30 00:11:59,960] {dagbag.py:448} INFO - Filling up the DagBag from /home/airflow/.local/lib/python3.6/site-packages/airflow/example_dags/example_subdag_operator.py
[2021-03-30 00:11:59,994] {scheduler_job.py:639} INFO - DAG(s) dict_keys(['example_subdag_operator.section-1', 'example_subdag_operator.section-2', 'example_subdag_operator']) retrieved from /home/airflow/.local/lib/python3.6/site-packages/airflow/example_dags/example_subdag_operator.py
[2021-03-30 00:12:00,005] {logging_mixin.py:104} INFO - [2021-03-30 00:12:00,005] {dag.py:1818} INFO - Sync 3 DAGs
[2021-03-30 00:12:00,022] {logging_mixin.py:104} INFO - [2021-03-30 00:12:00,021] {dag.py:2273} INFO - Setting next_dagrun for example_subdag_operator to 2021-03-28 00:00:00+00:00
[2021-03-30 00:12:00,023] {logging_mixin.py:104} INFO - [2021-03-30 00:12:00,023] {dag.py:2273} INFO - Setting next_dagrun for example_subdag_operator.section-1 to None
[2021-03-30 00:12:00,023] {logging_mixin.py:104} INFO - [2021-03-30 00:12:00,023] {dag.py:2273} INFO - Setting next_dagrun for example_subdag_operator.section-2 to None
[2021-03-30 00:12:00,030] {logging_mixin.py:104} INFO - [2021-03-30 00:12:00,029] {dag.py:1818} INFO - Sync 2 DAGs
[2021-03-30 00:12:00,037] {logging_mixin.py:104} INFO - [2021-03-30 00:12:00,037] {dag.py:2273} INFO - Setting next_dagrun for example_subdag_operator.section-1 to None
[2021-03-30 00:12:00,037] {logging_mixin.py:104} INFO - [2021-03-30 00:12:00,037] {dag.py:2273} INFO - Setting next_dagrun for example_subdag_operator.section-2 to None
[2021-03-30 00:12:00,043] {scheduler_job.py:190} INFO - Processing /home/airflow/.local/lib/python3.6/site-packages/airflow/example_dags/example_subdag_operator.py took 0.089 seconds
[2021-03-30 00:12:30,124] {scheduler_job.py:182} INFO - Started process (PID=3871) to work on /home/airflow/.local/lib/python3.6/site-packages/airflow/example_dags/example_subdag_operator.py
[2021-03-30 00:12:30,125] {scheduler_job.py:629} INFO - Processing file /home/airflow/.local/lib/python3.6/site-packages/airflow/example_dags/example_subdag_operator.py for tasks to queue
[2021-03-30 00:12:30,126] {logging_mixin.py:104} INFO - [2021-03-30 00:12:30,126] {dagbag.py:448} INFO - Filling up the DagBag from /home/airflow/.local/lib/python3.6/site-packages/airflow/example_dags/example_subdag_operator.py
[2021-03-30 00:12:30,164] {scheduler_job.py:639} INFO - DAG(s) dict_keys(['example_subdag_operator.section-1', 'example_subdag_operator.section-2', 'example_subdag_operator']) retrieved from /home/airflow/.local/lib/python3.6/site-packages/airflow/example_dags/example_subdag_operator.py
[2021-03-30 00:12:30,179] {logging_mixin.py:104} INFO - [2021-03-30 00:12:30,178] {dag.py:1818} INFO - Sync 3 DAGs
[2021-03-30 00:12:30,199] {logging_mixin.py:104} INFO - [2021-03-30 00:12:30,199] {dag.py:2273} INFO - Setting next_dagrun for example_subdag_operator to 2021-03-28 00:00:00+00:00
[2021-03-30 00:12:30,200] {logging_mixin.py:104} INFO - [2021-03-30 00:12:30,200] {dag.py:2273} INFO - Setting next_dagrun for example_subdag_operator.section-1 to None
[2021-03-30 00:12:30,201] {logging_mixin.py:104} INFO - [2021-03-30 00:12:30,201] {dag.py:2273} INFO - Setting next_dagrun for example_subdag_operator.section-2 to None
[2021-03-30 00:12:30,209] {logging_mixin.py:104} INFO - [2021-03-30 00:12:30,209] {dag.py:1818} INFO - Sync 2 DAGs
[2021-03-30 00:12:30,218] {logging_mixin.py:104} INFO - [2021-03-30 00:12:30,218] {dag.py:2273} INFO - Setting next_dagrun for example_subdag_operator.section-1 to None
[2021-03-30 00:12:30,219] {logging_mixin.py:104} INFO - [2021-03-30 00:12:30,218] {dag.py:2273} INFO - Setting next_dagrun for example_subdag_operator.section-2 to None
[2021-03-30 00:12:30,226] {scheduler_job.py:190} INFO - Processing /home/airflow/.local/lib/python3.6/site-packages/airflow/example_dags/example_subdag_operator.py took 0.106 seconds
[2021-03-30 00:13:00,388] {scheduler_job.py:182} INFO - Started process (PID=3898) to work on /home/airflow/.local/lib/python3.6/site-packages/airflow/example_dags/example_subdag_operator.py
[2021-03-30 00:13:00,389] {scheduler_job.py:629} INFO - Processing file /home/airflow/.local/lib/python3.6/site-packages/airflow/example_dags/example_subdag_operator.py for tasks to queue
[2021-03-30 00:13:00,391] {logging_mixin.py:104} INFO - [2021-03-30 00:13:00,390] {dagbag.py:448} INFO - Filling up the DagBag from /home/airflow/.local/lib/python3.6/site-packages/airflow/example_dags/example_subdag_operator.py
[2021-03-30 00:13:00,423] {scheduler_job.py:639} INFO - DAG(s) dict_keys(['example_subdag_operator.section-1', 'example_subdag_operator.section-2', 'example_subdag_operator']) retrieved from /home/airflow/.local/lib/python3.6/site-packages/airflow/example_dags/example_subdag_operator.py
[2021-03-30 00:13:00,445] {logging_mixin.py:104} INFO - [2021-03-30 00:13:00,445] {dag.py:1818} INFO - Sync 3 DAGs
[2021-03-30 00:13:00,464] {logging_mixin.py:104} INFO - [2021-03-30 00:13:00,464] {dag.py:2273} INFO - Setting next_dagrun for example_subdag_operator to 2021-03-28 00:00:00+00:00
[2021-03-30 00:13:00,465] {logging_mixin.py:104} INFO - [2021-03-30 00:13:00,465] {dag.py:2273} INFO - Setting next_dagrun for example_subdag_operator.section-1 to None
[2021-03-30 00:13:00,466] {logging_mixin.py:104} INFO - [2021-03-30 00:13:00,466] {dag.py:2273} INFO - Setting next_dagrun for example_subdag_operator.section-2 to None
[2021-03-30 00:13:00,474] {logging_mixin.py:104} INFO - [2021-03-30 00:13:00,474] {dag.py:1818} INFO - Sync 2 DAGs
[2021-03-30 00:13:00,482] {logging_mixin.py:104} INFO - [2021-03-30 00:13:00,482] {dag.py:2273} INFO - Setting next_dagrun for example_subdag_operator.section-1 to None
[2021-03-30 00:13:00,483] {logging_mixin.py:104} INFO - [2021-03-30 00:13:00,483] {dag.py:2273} INFO - Setting next_dagrun for example_subdag_operator.section-2 to None
[2021-03-30 00:13:00,489] {scheduler_job.py:190} INFO - Processing /home/airflow/.local/lib/python3.6/site-packages/airflow/example_dags/example_subdag_operator.py took 0.104 seconds
[2021-03-30 00:13:30,561] {scheduler_job.py:182} INFO - Started process (PID=3921) to work on /home/airflow/.local/lib/python3.6/site-packages/airflow/example_dags/example_subdag_operator.py
[2021-03-30 00:13:30,562] {scheduler_job.py:629} INFO - Processing file /home/airflow/.local/lib/python3.6/site-packages/airflow/example_dags/example_subdag_operator.py for tasks to queue
[2021-03-30 00:13:30,564] {logging_mixin.py:104} INFO - [2021-03-30 00:13:30,564] {dagbag.py:448} INFO - Filling up the DagBag from /home/airflow/.local/lib/python3.6/site-packages/airflow/example_dags/example_subdag_operator.py
[2021-03-30 00:13:30,601] {scheduler_job.py:639} INFO - DAG(s) dict_keys(['example_subdag_operator.section-1', 'example_subdag_operator.section-2', 'example_subdag_operator']) retrieved from /home/airflow/.local/lib/python3.6/site-packages/airflow/example_dags/example_subdag_operator.py
[2021-03-30 00:13:30,617] {logging_mixin.py:104} INFO - [2021-03-30 00:13:30,617] {dag.py:1818} INFO - Sync 3 DAGs
[2021-03-30 00:13:30,641] {logging_mixin.py:104} INFO - [2021-03-30 00:13:30,641] {dag.py:2273} INFO - Setting next_dagrun for example_subdag_operator to 2021-03-28 00:00:00+00:00
[2021-03-30 00:13:30,643] {logging_mixin.py:104} INFO - [2021-03-30 00:13:30,642] {dag.py:2273} INFO - Setting next_dagrun for example_subdag_operator.section-1 to None
[2021-03-30 00:13:30,643] {logging_mixin.py:104} INFO - [2021-03-30 00:13:30,643] {dag.py:2273} INFO - Setting next_dagrun for example_subdag_operator.section-2 to None
[2021-03-30 00:13:30,655] {logging_mixin.py:104} INFO - [2021-03-30 00:13:30,655] {dag.py:1818} INFO - Sync 2 DAGs
[2021-03-30 00:13:30,665] {logging_mixin.py:104} INFO - [2021-03-30 00:13:30,665] {dag.py:2273} INFO - Setting next_dagrun for example_subdag_operator.section-1 to None
[2021-03-30 00:13:30,665] {logging_mixin.py:104} INFO - [2021-03-30 00:13:30,665] {dag.py:2273} INFO - Setting next_dagrun for example_subdag_operator.section-2 to None
[2021-03-30 00:13:30,673] {scheduler_job.py:190} INFO - Processing /home/airflow/.local/lib/python3.6/site-packages/airflow/example_dags/example_subdag_operator.py took 0.117 seconds
[2021-03-30 00:14:01,187] {scheduler_job.py:182} INFO - Started process (PID=3946) to work on /home/airflow/.local/lib/python3.6/site-packages/airflow/example_dags/example_subdag_operator.py
[2021-03-30 00:14:01,188] {scheduler_job.py:629} INFO - Processing file /home/airflow/.local/lib/python3.6/site-packages/airflow/example_dags/example_subdag_operator.py for tasks to queue
[2021-03-30 00:14:01,189] {logging_mixin.py:104} INFO - [2021-03-30 00:14:01,189] {dagbag.py:448} INFO - Filling up the DagBag from /home/airflow/.local/lib/python3.6/site-packages/airflow/example_dags/example_subdag_operator.py
[2021-03-30 00:14:01,221] {scheduler_job.py:639} INFO - DAG(s) dict_keys(['example_subdag_operator.section-1', 'example_subdag_operator.section-2', 'example_subdag_operator']) retrieved from /home/airflow/.local/lib/python3.6/site-packages/airflow/example_dags/example_subdag_operator.py
[2021-03-30 00:14:01,233] {logging_mixin.py:104} INFO - [2021-03-30 00:14:01,233] {dag.py:1818} INFO - Sync 3 DAGs
[2021-03-30 00:14:01,249] {logging_mixin.py:104} INFO - [2021-03-30 00:14:01,249] {dag.py:2273} INFO - Setting next_dagrun for example_subdag_operator to 2021-03-28 00:00:00+00:00
[2021-03-30 00:14:01,251] {logging_mixin.py:104} INFO - [2021-03-30 00:14:01,251] {dag.py:2273} INFO - Setting next_dagrun for example_subdag_operator.section-1 to None
[2021-03-30 00:14:01,252] {logging_mixin.py:104} INFO - [2021-03-30 00:14:01,252] {dag.py:2273} INFO - Setting next_dagrun for example_subdag_operator.section-2 to None
[2021-03-30 00:14:01,260] {logging_mixin.py:104} INFO - [2021-03-30 00:14:01,260] {dag.py:1818} INFO - Sync 2 DAGs
[2021-03-30 00:14:01,268] {logging_mixin.py:104} INFO - [2021-03-30 00:14:01,268] {dag.py:2273} INFO - Setting next_dagrun for example_subdag_operator.section-1 to None
[2021-03-30 00:14:01,269] {logging_mixin.py:104} INFO - [2021-03-30 00:14:01,269] {dag.py:2273} INFO - Setting next_dagrun for example_subdag_operator.section-2 to None
[2021-03-30 00:14:01,277] {scheduler_job.py:190} INFO - Processing /home/airflow/.local/lib/python3.6/site-packages/airflow/example_dags/example_subdag_operator.py took 0.093 seconds
[2021-03-30 00:14:31,387] {scheduler_job.py:182} INFO - Started process (PID=3972) to work on /home/airflow/.local/lib/python3.6/site-packages/airflow/example_dags/example_subdag_operator.py
[2021-03-30 00:14:31,388] {scheduler_job.py:629} INFO - Processing file /home/airflow/.local/lib/python3.6/site-packages/airflow/example_dags/example_subdag_operator.py for tasks to queue
[2021-03-30 00:14:31,389] {logging_mixin.py:104} INFO - [2021-03-30 00:14:31,389] {dagbag.py:448} INFO - Filling up the DagBag from /home/airflow/.local/lib/python3.6/site-packages/airflow/example_dags/example_subdag_operator.py
[2021-03-30 00:14:31,417] {scheduler_job.py:639} INFO - DAG(s) dict_keys(['example_subdag_operator.section-1', 'example_subdag_operator.section-2', 'example_subdag_operator']) retrieved from /home/airflow/.local/lib/python3.6/site-packages/airflow/example_dags/example_subdag_operator.py
[2021-03-30 00:14:31,428] {logging_mixin.py:104} INFO - [2021-03-30 00:14:31,428] {dag.py:1818} INFO - Sync 3 DAGs
[2021-03-30 00:14:31,445] {logging_mixin.py:104} INFO - [2021-03-30 00:14:31,445] {dag.py:2273} INFO - Setting next_dagrun for example_subdag_operator to 2021-03-28 00:00:00+00:00
[2021-03-30 00:14:31,446] {logging_mixin.py:104} INFO - [2021-03-30 00:14:31,446] {dag.py:2273} INFO - Setting next_dagrun for example_subdag_operator.section-1 to None
[2021-03-30 00:14:31,447] {logging_mixin.py:104} INFO - [2021-03-30 00:14:31,447] {dag.py:2273} INFO - Setting next_dagrun for example_subdag_operator.section-2 to None
[2021-03-30 00:14:31,455] {logging_mixin.py:104} INFO - [2021-03-30 00:14:31,455] {dag.py:1818} INFO - Sync 2 DAGs
[2021-03-30 00:14:31,463] {logging_mixin.py:104} INFO - [2021-03-30 00:14:31,463] {dag.py:2273} INFO - Setting next_dagrun for example_subdag_operator.section-1 to None
[2021-03-30 00:14:31,464] {logging_mixin.py:104} INFO - [2021-03-30 00:14:31,464] {dag.py:2273} INFO - Setting next_dagrun for example_subdag_operator.section-2 to None
[2021-03-30 00:14:31,473] {scheduler_job.py:190} INFO - Processing /home/airflow/.local/lib/python3.6/site-packages/airflow/example_dags/example_subdag_operator.py took 0.089 seconds
[2021-03-30 00:15:01,558] {scheduler_job.py:182} INFO - Started process (PID=3998) to work on /home/airflow/.local/lib/python3.6/site-packages/airflow/example_dags/example_subdag_operator.py
[2021-03-30 00:15:01,560] {scheduler_job.py:629} INFO - Processing file /home/airflow/.local/lib/python3.6/site-packages/airflow/example_dags/example_subdag_operator.py for tasks to queue
[2021-03-30 00:15:01,562] {logging_mixin.py:104} INFO - [2021-03-30 00:15:01,561] {dagbag.py:448} INFO - Filling up the DagBag from /home/airflow/.local/lib/python3.6/site-packages/airflow/example_dags/example_subdag_operator.py
[2021-03-30 00:15:01,602] {scheduler_job.py:639} INFO - DAG(s) dict_keys(['example_subdag_operator.section-1', 'example_subdag_operator.section-2', 'example_subdag_operator']) retrieved from /home/airflow/.local/lib/python3.6/site-packages/airflow/example_dags/example_subdag_operator.py
[2021-03-30 00:15:01,615] {logging_mixin.py:104} INFO - [2021-03-30 00:15:01,614] {dag.py:1818} INFO - Sync 3 DAGs
[2021-03-30 00:15:01,645] {logging_mixin.py:104} INFO - [2021-03-30 00:15:01,645] {dag.py:2273} INFO - Setting next_dagrun for example_subdag_operator to 2021-03-28 00:00:00+00:00
[2021-03-30 00:15:01,646] {logging_mixin.py:104} INFO - [2021-03-30 00:15:01,646] {dag.py:2273} INFO - Setting next_dagrun for example_subdag_operator.section-1 to None
[2021-03-30 00:15:01,656] {logging_mixin.py:104} INFO - [2021-03-30 00:15:01,656] {dag.py:2273} INFO - Setting next_dagrun for example_subdag_operator.section-2 to None
[2021-03-30 00:15:01,677] {logging_mixin.py:104} INFO - [2021-03-30 00:15:01,677] {dag.py:1818} INFO - Sync 2 DAGs
[2021-03-30 00:15:01,693] {logging_mixin.py:104} INFO - [2021-03-30 00:15:01,693] {dag.py:2273} INFO - Setting next_dagrun for example_subdag_operator.section-1 to None
[2021-03-30 00:15:01,694] {logging_mixin.py:104} INFO - [2021-03-30 00:15:01,694] {dag.py:2273} INFO - Setting next_dagrun for example_subdag_operator.section-2 to None
[2021-03-30 00:15:01,712] {scheduler_job.py:190} INFO - Processing /home/airflow/.local/lib/python3.6/site-packages/airflow/example_dags/example_subdag_operator.py took 0.158 seconds
[2021-03-30 00:15:31,916] {scheduler_job.py:182} INFO - Started process (PID=4023) to work on /home/airflow/.local/lib/python3.6/site-packages/airflow/example_dags/example_subdag_operator.py
[2021-03-30 00:15:31,917] {scheduler_job.py:629} INFO - Processing file /home/airflow/.local/lib/python3.6/site-packages/airflow/example_dags/example_subdag_operator.py for tasks to queue
[2021-03-30 00:15:31,918] {logging_mixin.py:104} INFO - [2021-03-30 00:15:31,918] {dagbag.py:448} INFO - Filling up the DagBag from /home/airflow/.local/lib/python3.6/site-packages/airflow/example_dags/example_subdag_operator.py
[2021-03-30 00:15:31,945] {scheduler_job.py:639} INFO - DAG(s) dict_keys(['example_subdag_operator.section-1', 'example_subdag_operator.section-2', 'example_subdag_operator']) retrieved from /home/airflow/.local/lib/python3.6/site-packages/airflow/example_dags/example_subdag_operator.py
[2021-03-30 00:15:31,957] {logging_mixin.py:104} INFO - [2021-03-30 00:15:31,957] {dag.py:1818} INFO - Sync 3 DAGs
[2021-03-30 00:15:31,974] {logging_mixin.py:104} INFO - [2021-03-30 00:15:31,974] {dag.py:2273} INFO - Setting next_dagrun for example_subdag_operator to 2021-03-28 00:00:00+00:00
[2021-03-30 00:15:31,975] {logging_mixin.py:104} INFO - [2021-03-30 00:15:31,975] {dag.py:2273} INFO - Setting next_dagrun for example_subdag_operator.section-1 to None
[2021-03-30 00:15:31,976] {logging_mixin.py:104} INFO - [2021-03-30 00:15:31,975] {dag.py:2273} INFO - Setting next_dagrun for example_subdag_operator.section-2 to None
[2021-03-30 00:15:31,982] {logging_mixin.py:104} INFO - [2021-03-30 00:15:31,982] {dag.py:1818} INFO - Sync 2 DAGs
[2021-03-30 00:15:31,991] {logging_mixin.py:104} INFO - [2021-03-30 00:15:31,991] {dag.py:2273} INFO - Setting next_dagrun for example_subdag_operator.section-1 to None
[2021-03-30 00:15:31,992] {logging_mixin.py:104} INFO - [2021-03-30 00:15:31,992] {dag.py:2273} INFO - Setting next_dagrun for example_subdag_operator.section-2 to None
[2021-03-30 00:15:31,999] {scheduler_job.py:190} INFO - Processing /home/airflow/.local/lib/python3.6/site-packages/airflow/example_dags/example_subdag_operator.py took 0.086 seconds
[2021-03-30 00:16:02,174] {scheduler_job.py:182} INFO - Started process (PID=4052) to work on /home/airflow/.local/lib/python3.6/site-packages/airflow/example_dags/example_subdag_operator.py
[2021-03-30 00:16:02,175] {scheduler_job.py:629} INFO - Processing file /home/airflow/.local/lib/python3.6/site-packages/airflow/example_dags/example_subdag_operator.py for tasks to queue
[2021-03-30 00:16:02,176] {logging_mixin.py:104} INFO - [2021-03-30 00:16:02,176] {dagbag.py:448} INFO - Filling up the DagBag from /home/airflow/.local/lib/python3.6/site-packages/airflow/example_dags/example_subdag_operator.py
[2021-03-30 00:16:02,203] {scheduler_job.py:639} INFO - DAG(s) dict_keys(['example_subdag_operator.section-1', 'example_subdag_operator.section-2', 'example_subdag_operator']) retrieved from /home/airflow/.local/lib/python3.6/site-packages/airflow/example_dags/example_subdag_operator.py
[2021-03-30 00:16:02,216] {logging_mixin.py:104} INFO - [2021-03-30 00:16:02,216] {dag.py:1818} INFO - Sync 3 DAGs
[2021-03-30 00:16:02,233] {logging_mixin.py:104} INFO - [2021-03-30 00:16:02,233] {dag.py:2273} INFO - Setting next_dagrun for example_subdag_operator to 2021-03-28 00:00:00+00:00
[2021-03-30 00:16:02,234] {logging_mixin.py:104} INFO - [2021-03-30 00:16:02,234] {dag.py:2273} INFO - Setting next_dagrun for example_subdag_operator.section-1 to None
[2021-03-30 00:16:02,234] {logging_mixin.py:104} INFO - [2021-03-30 00:16:02,234] {dag.py:2273} INFO - Setting next_dagrun for example_subdag_operator.section-2 to None
[2021-03-30 00:16:02,241] {logging_mixin.py:104} INFO - [2021-03-30 00:16:02,241] {dag.py:1818} INFO - Sync 2 DAGs
[2021-03-30 00:16:02,248] {logging_mixin.py:104} INFO - [2021-03-30 00:16:02,248] {dag.py:2273} INFO - Setting next_dagrun for example_subdag_operator.section-1 to None
[2021-03-30 00:16:02,248] {logging_mixin.py:104} INFO - [2021-03-30 00:16:02,248] {dag.py:2273} INFO - Setting next_dagrun for example_subdag_operator.section-2 to None
[2021-03-30 00:16:02,255] {scheduler_job.py:190} INFO - Processing /home/airflow/.local/lib/python3.6/site-packages/airflow/example_dags/example_subdag_operator.py took 0.085 seconds
