[2021-03-30 00:00:11,469] {scheduler_job.py:182} INFO - Started process (PID=3229) to work on /home/airflow/.local/lib/python3.6/site-packages/airflow/example_dags/example_kubernetes_executor.py
[2021-03-30 00:00:11,472] {scheduler_job.py:629} INFO - Processing file /home/airflow/.local/lib/python3.6/site-packages/airflow/example_dags/example_kubernetes_executor.py for tasks to queue
[2021-03-30 00:00:11,474] {logging_mixin.py:104} INFO - [2021-03-30 00:00:11,474] {dagbag.py:448} INFO - Filling up the DagBag from /home/airflow/.local/lib/python3.6/site-packages/airflow/example_dags/example_kubernetes_executor.py
[2021-03-30 00:00:11,498] {scheduler_job.py:639} INFO - DAG(s) dict_keys(['example_kubernetes_executor']) retrieved from /home/airflow/.local/lib/python3.6/site-packages/airflow/example_dags/example_kubernetes_executor.py
[2021-03-30 00:00:11,541] {logging_mixin.py:104} INFO - [2021-03-30 00:00:11,541] {dag.py:1818} INFO - Sync 1 DAGs
[2021-03-30 00:00:11,572] {logging_mixin.py:104} INFO - [2021-03-30 00:00:11,571] {dag.py:2273} INFO - Setting next_dagrun for example_kubernetes_executor to None
[2021-03-30 00:00:11,594] {scheduler_job.py:190} INFO - Processing /home/airflow/.local/lib/python3.6/site-packages/airflow/example_dags/example_kubernetes_executor.py took 0.132 seconds
[2021-03-30 00:00:41,689] {scheduler_job.py:182} INFO - Started process (PID=3255) to work on /home/airflow/.local/lib/python3.6/site-packages/airflow/example_dags/example_kubernetes_executor.py
[2021-03-30 00:00:41,691] {scheduler_job.py:629} INFO - Processing file /home/airflow/.local/lib/python3.6/site-packages/airflow/example_dags/example_kubernetes_executor.py for tasks to queue
[2021-03-30 00:00:41,692] {logging_mixin.py:104} INFO - [2021-03-30 00:00:41,692] {dagbag.py:448} INFO - Filling up the DagBag from /home/airflow/.local/lib/python3.6/site-packages/airflow/example_dags/example_kubernetes_executor.py
[2021-03-30 00:00:41,714] {scheduler_job.py:639} INFO - DAG(s) dict_keys(['example_kubernetes_executor']) retrieved from /home/airflow/.local/lib/python3.6/site-packages/airflow/example_dags/example_kubernetes_executor.py
[2021-03-30 00:00:41,748] {logging_mixin.py:104} INFO - [2021-03-30 00:00:41,748] {dag.py:1818} INFO - Sync 1 DAGs
[2021-03-30 00:00:41,778] {logging_mixin.py:104} INFO - [2021-03-30 00:00:41,777] {dag.py:2273} INFO - Setting next_dagrun for example_kubernetes_executor to None
[2021-03-30 00:00:41,797] {scheduler_job.py:190} INFO - Processing /home/airflow/.local/lib/python3.6/site-packages/airflow/example_dags/example_kubernetes_executor.py took 0.113 seconds
[2021-03-30 00:01:12,443] {scheduler_job.py:182} INFO - Started process (PID=3281) to work on /home/airflow/.local/lib/python3.6/site-packages/airflow/example_dags/example_kubernetes_executor.py
[2021-03-30 00:01:12,445] {scheduler_job.py:629} INFO - Processing file /home/airflow/.local/lib/python3.6/site-packages/airflow/example_dags/example_kubernetes_executor.py for tasks to queue
[2021-03-30 00:01:12,446] {logging_mixin.py:104} INFO - [2021-03-30 00:01:12,446] {dagbag.py:448} INFO - Filling up the DagBag from /home/airflow/.local/lib/python3.6/site-packages/airflow/example_dags/example_kubernetes_executor.py
[2021-03-30 00:01:12,466] {scheduler_job.py:639} INFO - DAG(s) dict_keys(['example_kubernetes_executor']) retrieved from /home/airflow/.local/lib/python3.6/site-packages/airflow/example_dags/example_kubernetes_executor.py
[2021-03-30 00:01:12,494] {logging_mixin.py:104} INFO - [2021-03-30 00:01:12,494] {dag.py:1818} INFO - Sync 1 DAGs
[2021-03-30 00:01:12,513] {logging_mixin.py:104} INFO - [2021-03-30 00:01:12,512] {dag.py:2273} INFO - Setting next_dagrun for example_kubernetes_executor to None
[2021-03-30 00:01:12,530] {scheduler_job.py:190} INFO - Processing /home/airflow/.local/lib/python3.6/site-packages/airflow/example_dags/example_kubernetes_executor.py took 0.091 seconds
[2021-03-30 00:01:43,321] {scheduler_job.py:182} INFO - Started process (PID=3307) to work on /home/airflow/.local/lib/python3.6/site-packages/airflow/example_dags/example_kubernetes_executor.py
[2021-03-30 00:01:43,324] {scheduler_job.py:629} INFO - Processing file /home/airflow/.local/lib/python3.6/site-packages/airflow/example_dags/example_kubernetes_executor.py for tasks to queue
[2021-03-30 00:01:43,326] {logging_mixin.py:104} INFO - [2021-03-30 00:01:43,326] {dagbag.py:448} INFO - Filling up the DagBag from /home/airflow/.local/lib/python3.6/site-packages/airflow/example_dags/example_kubernetes_executor.py
[2021-03-30 00:01:43,354] {scheduler_job.py:639} INFO - DAG(s) dict_keys(['example_kubernetes_executor']) retrieved from /home/airflow/.local/lib/python3.6/site-packages/airflow/example_dags/example_kubernetes_executor.py
[2021-03-30 00:01:43,392] {logging_mixin.py:104} INFO - [2021-03-30 00:01:43,392] {dag.py:1818} INFO - Sync 1 DAGs
[2021-03-30 00:01:43,418] {logging_mixin.py:104} INFO - [2021-03-30 00:01:43,418] {dag.py:2273} INFO - Setting next_dagrun for example_kubernetes_executor to None
[2021-03-30 00:01:43,440] {scheduler_job.py:190} INFO - Processing /home/airflow/.local/lib/python3.6/site-packages/airflow/example_dags/example_kubernetes_executor.py took 0.125 seconds
[2021-03-30 00:02:13,793] {scheduler_job.py:182} INFO - Started process (PID=3333) to work on /home/airflow/.local/lib/python3.6/site-packages/airflow/example_dags/example_kubernetes_executor.py
[2021-03-30 00:02:13,795] {scheduler_job.py:629} INFO - Processing file /home/airflow/.local/lib/python3.6/site-packages/airflow/example_dags/example_kubernetes_executor.py for tasks to queue
[2021-03-30 00:02:13,796] {logging_mixin.py:104} INFO - [2021-03-30 00:02:13,796] {dagbag.py:448} INFO - Filling up the DagBag from /home/airflow/.local/lib/python3.6/site-packages/airflow/example_dags/example_kubernetes_executor.py
[2021-03-30 00:02:13,810] {scheduler_job.py:639} INFO - DAG(s) dict_keys(['example_kubernetes_executor']) retrieved from /home/airflow/.local/lib/python3.6/site-packages/airflow/example_dags/example_kubernetes_executor.py
[2021-03-30 00:02:13,833] {logging_mixin.py:104} INFO - [2021-03-30 00:02:13,833] {dag.py:1818} INFO - Sync 1 DAGs
[2021-03-30 00:02:13,850] {logging_mixin.py:104} INFO - [2021-03-30 00:02:13,850] {dag.py:2273} INFO - Setting next_dagrun for example_kubernetes_executor to None
[2021-03-30 00:02:13,880] {scheduler_job.py:190} INFO - Processing /home/airflow/.local/lib/python3.6/site-packages/airflow/example_dags/example_kubernetes_executor.py took 0.090 seconds
[2021-03-30 00:02:44,775] {scheduler_job.py:182} INFO - Started process (PID=3359) to work on /home/airflow/.local/lib/python3.6/site-packages/airflow/example_dags/example_kubernetes_executor.py
[2021-03-30 00:02:44,779] {scheduler_job.py:629} INFO - Processing file /home/airflow/.local/lib/python3.6/site-packages/airflow/example_dags/example_kubernetes_executor.py for tasks to queue
[2021-03-30 00:02:44,784] {logging_mixin.py:104} INFO - [2021-03-30 00:02:44,784] {dagbag.py:448} INFO - Filling up the DagBag from /home/airflow/.local/lib/python3.6/site-packages/airflow/example_dags/example_kubernetes_executor.py
[2021-03-30 00:02:44,808] {scheduler_job.py:639} INFO - DAG(s) dict_keys(['example_kubernetes_executor']) retrieved from /home/airflow/.local/lib/python3.6/site-packages/airflow/example_dags/example_kubernetes_executor.py
[2021-03-30 00:02:44,853] {logging_mixin.py:104} INFO - [2021-03-30 00:02:44,853] {dag.py:1818} INFO - Sync 1 DAGs
[2021-03-30 00:02:44,879] {logging_mixin.py:104} INFO - [2021-03-30 00:02:44,879] {dag.py:2273} INFO - Setting next_dagrun for example_kubernetes_executor to None
[2021-03-30 00:02:44,899] {scheduler_job.py:190} INFO - Processing /home/airflow/.local/lib/python3.6/site-packages/airflow/example_dags/example_kubernetes_executor.py took 0.132 seconds
[2021-03-30 00:03:15,386] {scheduler_job.py:182} INFO - Started process (PID=3385) to work on /home/airflow/.local/lib/python3.6/site-packages/airflow/example_dags/example_kubernetes_executor.py
[2021-03-30 00:03:15,397] {scheduler_job.py:629} INFO - Processing file /home/airflow/.local/lib/python3.6/site-packages/airflow/example_dags/example_kubernetes_executor.py for tasks to queue
[2021-03-30 00:03:15,411] {logging_mixin.py:104} INFO - [2021-03-30 00:03:15,411] {dagbag.py:448} INFO - Filling up the DagBag from /home/airflow/.local/lib/python3.6/site-packages/airflow/example_dags/example_kubernetes_executor.py
[2021-03-30 00:03:15,424] {scheduler_job.py:639} INFO - DAG(s) dict_keys(['example_kubernetes_executor']) retrieved from /home/airflow/.local/lib/python3.6/site-packages/airflow/example_dags/example_kubernetes_executor.py
[2021-03-30 00:03:15,447] {logging_mixin.py:104} INFO - [2021-03-30 00:03:15,447] {dag.py:1818} INFO - Sync 1 DAGs
[2021-03-30 00:03:15,463] {logging_mixin.py:104} INFO - [2021-03-30 00:03:15,462] {dag.py:2273} INFO - Setting next_dagrun for example_kubernetes_executor to None
[2021-03-30 00:03:15,474] {scheduler_job.py:190} INFO - Processing /home/airflow/.local/lib/python3.6/site-packages/airflow/example_dags/example_kubernetes_executor.py took 0.092 seconds
[2021-03-30 00:03:45,519] {scheduler_job.py:182} INFO - Started process (PID=3411) to work on /home/airflow/.local/lib/python3.6/site-packages/airflow/example_dags/example_kubernetes_executor.py
[2021-03-30 00:03:45,521] {scheduler_job.py:629} INFO - Processing file /home/airflow/.local/lib/python3.6/site-packages/airflow/example_dags/example_kubernetes_executor.py for tasks to queue
[2021-03-30 00:03:45,522] {logging_mixin.py:104} INFO - [2021-03-30 00:03:45,522] {dagbag.py:448} INFO - Filling up the DagBag from /home/airflow/.local/lib/python3.6/site-packages/airflow/example_dags/example_kubernetes_executor.py
[2021-03-30 00:03:45,534] {scheduler_job.py:639} INFO - DAG(s) dict_keys(['example_kubernetes_executor']) retrieved from /home/airflow/.local/lib/python3.6/site-packages/airflow/example_dags/example_kubernetes_executor.py
[2021-03-30 00:03:45,553] {logging_mixin.py:104} INFO - [2021-03-30 00:03:45,553] {dag.py:1818} INFO - Sync 1 DAGs
[2021-03-30 00:03:45,568] {logging_mixin.py:104} INFO - [2021-03-30 00:03:45,568] {dag.py:2273} INFO - Setting next_dagrun for example_kubernetes_executor to None
[2021-03-30 00:03:45,580] {scheduler_job.py:190} INFO - Processing /home/airflow/.local/lib/python3.6/site-packages/airflow/example_dags/example_kubernetes_executor.py took 0.064 seconds
[2021-03-30 00:04:15,870] {scheduler_job.py:182} INFO - Started process (PID=3437) to work on /home/airflow/.local/lib/python3.6/site-packages/airflow/example_dags/example_kubernetes_executor.py
[2021-03-30 00:04:15,872] {scheduler_job.py:629} INFO - Processing file /home/airflow/.local/lib/python3.6/site-packages/airflow/example_dags/example_kubernetes_executor.py for tasks to queue
[2021-03-30 00:04:15,873] {logging_mixin.py:104} INFO - [2021-03-30 00:04:15,873] {dagbag.py:448} INFO - Filling up the DagBag from /home/airflow/.local/lib/python3.6/site-packages/airflow/example_dags/example_kubernetes_executor.py
[2021-03-30 00:04:15,887] {scheduler_job.py:639} INFO - DAG(s) dict_keys(['example_kubernetes_executor']) retrieved from /home/airflow/.local/lib/python3.6/site-packages/airflow/example_dags/example_kubernetes_executor.py
[2021-03-30 00:04:15,909] {logging_mixin.py:104} INFO - [2021-03-30 00:04:15,909] {dag.py:1818} INFO - Sync 1 DAGs
[2021-03-30 00:04:15,927] {logging_mixin.py:104} INFO - [2021-03-30 00:04:15,927] {dag.py:2273} INFO - Setting next_dagrun for example_kubernetes_executor to None
[2021-03-30 00:04:15,938] {scheduler_job.py:190} INFO - Processing /home/airflow/.local/lib/python3.6/site-packages/airflow/example_dags/example_kubernetes_executor.py took 0.072 seconds
[2021-03-30 00:04:46,023] {scheduler_job.py:182} INFO - Started process (PID=3463) to work on /home/airflow/.local/lib/python3.6/site-packages/airflow/example_dags/example_kubernetes_executor.py
[2021-03-30 00:04:46,024] {scheduler_job.py:629} INFO - Processing file /home/airflow/.local/lib/python3.6/site-packages/airflow/example_dags/example_kubernetes_executor.py for tasks to queue
[2021-03-30 00:04:46,026] {logging_mixin.py:104} INFO - [2021-03-30 00:04:46,025] {dagbag.py:448} INFO - Filling up the DagBag from /home/airflow/.local/lib/python3.6/site-packages/airflow/example_dags/example_kubernetes_executor.py
[2021-03-30 00:04:46,037] {scheduler_job.py:639} INFO - DAG(s) dict_keys(['example_kubernetes_executor']) retrieved from /home/airflow/.local/lib/python3.6/site-packages/airflow/example_dags/example_kubernetes_executor.py
[2021-03-30 00:04:46,058] {logging_mixin.py:104} INFO - [2021-03-30 00:04:46,058] {dag.py:1818} INFO - Sync 1 DAGs
[2021-03-30 00:04:46,074] {logging_mixin.py:104} INFO - [2021-03-30 00:04:46,074] {dag.py:2273} INFO - Setting next_dagrun for example_kubernetes_executor to None
[2021-03-30 00:04:46,084] {scheduler_job.py:190} INFO - Processing /home/airflow/.local/lib/python3.6/site-packages/airflow/example_dags/example_kubernetes_executor.py took 0.064 seconds
[2021-03-30 00:05:16,181] {scheduler_job.py:182} INFO - Started process (PID=3489) to work on /home/airflow/.local/lib/python3.6/site-packages/airflow/example_dags/example_kubernetes_executor.py
[2021-03-30 00:05:16,183] {scheduler_job.py:629} INFO - Processing file /home/airflow/.local/lib/python3.6/site-packages/airflow/example_dags/example_kubernetes_executor.py for tasks to queue
[2021-03-30 00:05:16,184] {logging_mixin.py:104} INFO - [2021-03-30 00:05:16,184] {dagbag.py:448} INFO - Filling up the DagBag from /home/airflow/.local/lib/python3.6/site-packages/airflow/example_dags/example_kubernetes_executor.py
[2021-03-30 00:05:16,195] {scheduler_job.py:639} INFO - DAG(s) dict_keys(['example_kubernetes_executor']) retrieved from /home/airflow/.local/lib/python3.6/site-packages/airflow/example_dags/example_kubernetes_executor.py
[2021-03-30 00:05:16,215] {logging_mixin.py:104} INFO - [2021-03-30 00:05:16,215] {dag.py:1818} INFO - Sync 1 DAGs
[2021-03-30 00:05:16,231] {logging_mixin.py:104} INFO - [2021-03-30 00:05:16,231] {dag.py:2273} INFO - Setting next_dagrun for example_kubernetes_executor to None
[2021-03-30 00:05:16,245] {scheduler_job.py:190} INFO - Processing /home/airflow/.local/lib/python3.6/site-packages/airflow/example_dags/example_kubernetes_executor.py took 0.067 seconds
[2021-03-30 00:05:46,870] {scheduler_job.py:182} INFO - Started process (PID=3515) to work on /home/airflow/.local/lib/python3.6/site-packages/airflow/example_dags/example_kubernetes_executor.py
[2021-03-30 00:05:46,871] {scheduler_job.py:629} INFO - Processing file /home/airflow/.local/lib/python3.6/site-packages/airflow/example_dags/example_kubernetes_executor.py for tasks to queue
[2021-03-30 00:05:46,873] {logging_mixin.py:104} INFO - [2021-03-30 00:05:46,873] {dagbag.py:448} INFO - Filling up the DagBag from /home/airflow/.local/lib/python3.6/site-packages/airflow/example_dags/example_kubernetes_executor.py
[2021-03-30 00:05:46,890] {scheduler_job.py:639} INFO - DAG(s) dict_keys(['example_kubernetes_executor']) retrieved from /home/airflow/.local/lib/python3.6/site-packages/airflow/example_dags/example_kubernetes_executor.py
[2021-03-30 00:05:46,916] {logging_mixin.py:104} INFO - [2021-03-30 00:05:46,916] {dag.py:1818} INFO - Sync 1 DAGs
[2021-03-30 00:05:46,935] {logging_mixin.py:104} INFO - [2021-03-30 00:05:46,935] {dag.py:2273} INFO - Setting next_dagrun for example_kubernetes_executor to None
[2021-03-30 00:05:46,946] {scheduler_job.py:190} INFO - Processing /home/airflow/.local/lib/python3.6/site-packages/airflow/example_dags/example_kubernetes_executor.py took 0.079 seconds
[2021-03-30 00:06:17,107] {scheduler_job.py:182} INFO - Started process (PID=3541) to work on /home/airflow/.local/lib/python3.6/site-packages/airflow/example_dags/example_kubernetes_executor.py
[2021-03-30 00:06:17,109] {scheduler_job.py:629} INFO - Processing file /home/airflow/.local/lib/python3.6/site-packages/airflow/example_dags/example_kubernetes_executor.py for tasks to queue
[2021-03-30 00:06:17,110] {logging_mixin.py:104} INFO - [2021-03-30 00:06:17,110] {dagbag.py:448} INFO - Filling up the DagBag from /home/airflow/.local/lib/python3.6/site-packages/airflow/example_dags/example_kubernetes_executor.py
[2021-03-30 00:06:17,122] {scheduler_job.py:639} INFO - DAG(s) dict_keys(['example_kubernetes_executor']) retrieved from /home/airflow/.local/lib/python3.6/site-packages/airflow/example_dags/example_kubernetes_executor.py
[2021-03-30 00:06:17,144] {logging_mixin.py:104} INFO - [2021-03-30 00:06:17,144] {dag.py:1818} INFO - Sync 1 DAGs
[2021-03-30 00:06:17,162] {logging_mixin.py:104} INFO - [2021-03-30 00:06:17,162] {dag.py:2273} INFO - Setting next_dagrun for example_kubernetes_executor to None
[2021-03-30 00:06:17,172] {scheduler_job.py:190} INFO - Processing /home/airflow/.local/lib/python3.6/site-packages/airflow/example_dags/example_kubernetes_executor.py took 0.068 seconds
[2021-03-30 00:06:47,323] {scheduler_job.py:182} INFO - Started process (PID=3567) to work on /home/airflow/.local/lib/python3.6/site-packages/airflow/example_dags/example_kubernetes_executor.py
[2021-03-30 00:06:47,325] {scheduler_job.py:629} INFO - Processing file /home/airflow/.local/lib/python3.6/site-packages/airflow/example_dags/example_kubernetes_executor.py for tasks to queue
[2021-03-30 00:06:47,326] {logging_mixin.py:104} INFO - [2021-03-30 00:06:47,326] {dagbag.py:448} INFO - Filling up the DagBag from /home/airflow/.local/lib/python3.6/site-packages/airflow/example_dags/example_kubernetes_executor.py
[2021-03-30 00:06:47,338] {scheduler_job.py:639} INFO - DAG(s) dict_keys(['example_kubernetes_executor']) retrieved from /home/airflow/.local/lib/python3.6/site-packages/airflow/example_dags/example_kubernetes_executor.py
[2021-03-30 00:06:47,360] {logging_mixin.py:104} INFO - [2021-03-30 00:06:47,359] {dag.py:1818} INFO - Sync 1 DAGs
[2021-03-30 00:06:47,376] {logging_mixin.py:104} INFO - [2021-03-30 00:06:47,375] {dag.py:2273} INFO - Setting next_dagrun for example_kubernetes_executor to None
[2021-03-30 00:06:47,387] {scheduler_job.py:190} INFO - Processing /home/airflow/.local/lib/python3.6/site-packages/airflow/example_dags/example_kubernetes_executor.py took 0.066 seconds
[2021-03-30 00:07:17,779] {scheduler_job.py:182} INFO - Started process (PID=3593) to work on /home/airflow/.local/lib/python3.6/site-packages/airflow/example_dags/example_kubernetes_executor.py
[2021-03-30 00:07:17,780] {scheduler_job.py:629} INFO - Processing file /home/airflow/.local/lib/python3.6/site-packages/airflow/example_dags/example_kubernetes_executor.py for tasks to queue
[2021-03-30 00:07:17,781] {logging_mixin.py:104} INFO - [2021-03-30 00:07:17,781] {dagbag.py:448} INFO - Filling up the DagBag from /home/airflow/.local/lib/python3.6/site-packages/airflow/example_dags/example_kubernetes_executor.py
[2021-03-30 00:07:17,793] {scheduler_job.py:639} INFO - DAG(s) dict_keys(['example_kubernetes_executor']) retrieved from /home/airflow/.local/lib/python3.6/site-packages/airflow/example_dags/example_kubernetes_executor.py
[2021-03-30 00:07:17,812] {logging_mixin.py:104} INFO - [2021-03-30 00:07:17,812] {dag.py:1818} INFO - Sync 1 DAGs
[2021-03-30 00:07:17,826] {logging_mixin.py:104} INFO - [2021-03-30 00:07:17,826] {dag.py:2273} INFO - Setting next_dagrun for example_kubernetes_executor to None
[2021-03-30 00:07:17,835] {scheduler_job.py:190} INFO - Processing /home/airflow/.local/lib/python3.6/site-packages/airflow/example_dags/example_kubernetes_executor.py took 0.059 seconds
[2021-03-30 00:07:48,300] {scheduler_job.py:182} INFO - Started process (PID=3619) to work on /home/airflow/.local/lib/python3.6/site-packages/airflow/example_dags/example_kubernetes_executor.py
[2021-03-30 00:07:48,301] {scheduler_job.py:629} INFO - Processing file /home/airflow/.local/lib/python3.6/site-packages/airflow/example_dags/example_kubernetes_executor.py for tasks to queue
[2021-03-30 00:07:48,302] {logging_mixin.py:104} INFO - [2021-03-30 00:07:48,302] {dagbag.py:448} INFO - Filling up the DagBag from /home/airflow/.local/lib/python3.6/site-packages/airflow/example_dags/example_kubernetes_executor.py
[2021-03-30 00:07:48,314] {scheduler_job.py:639} INFO - DAG(s) dict_keys(['example_kubernetes_executor']) retrieved from /home/airflow/.local/lib/python3.6/site-packages/airflow/example_dags/example_kubernetes_executor.py
[2021-03-30 00:07:48,335] {logging_mixin.py:104} INFO - [2021-03-30 00:07:48,334] {dag.py:1818} INFO - Sync 1 DAGs
[2021-03-30 00:07:48,350] {logging_mixin.py:104} INFO - [2021-03-30 00:07:48,350] {dag.py:2273} INFO - Setting next_dagrun for example_kubernetes_executor to None
[2021-03-30 00:07:48,360] {scheduler_job.py:190} INFO - Processing /home/airflow/.local/lib/python3.6/site-packages/airflow/example_dags/example_kubernetes_executor.py took 0.063 seconds
[2021-03-30 00:08:18,501] {scheduler_job.py:182} INFO - Started process (PID=3645) to work on /home/airflow/.local/lib/python3.6/site-packages/airflow/example_dags/example_kubernetes_executor.py
[2021-03-30 00:08:18,502] {scheduler_job.py:629} INFO - Processing file /home/airflow/.local/lib/python3.6/site-packages/airflow/example_dags/example_kubernetes_executor.py for tasks to queue
[2021-03-30 00:08:18,503] {logging_mixin.py:104} INFO - [2021-03-30 00:08:18,503] {dagbag.py:448} INFO - Filling up the DagBag from /home/airflow/.local/lib/python3.6/site-packages/airflow/example_dags/example_kubernetes_executor.py
[2021-03-30 00:08:18,515] {scheduler_job.py:639} INFO - DAG(s) dict_keys(['example_kubernetes_executor']) retrieved from /home/airflow/.local/lib/python3.6/site-packages/airflow/example_dags/example_kubernetes_executor.py
[2021-03-30 00:08:18,535] {logging_mixin.py:104} INFO - [2021-03-30 00:08:18,535] {dag.py:1818} INFO - Sync 1 DAGs
[2021-03-30 00:08:18,551] {logging_mixin.py:104} INFO - [2021-03-30 00:08:18,551] {dag.py:2273} INFO - Setting next_dagrun for example_kubernetes_executor to None
[2021-03-30 00:08:18,561] {scheduler_job.py:190} INFO - Processing /home/airflow/.local/lib/python3.6/site-packages/airflow/example_dags/example_kubernetes_executor.py took 0.063 seconds
[2021-03-30 00:08:48,671] {scheduler_job.py:182} INFO - Started process (PID=3671) to work on /home/airflow/.local/lib/python3.6/site-packages/airflow/example_dags/example_kubernetes_executor.py
[2021-03-30 00:08:48,672] {scheduler_job.py:629} INFO - Processing file /home/airflow/.local/lib/python3.6/site-packages/airflow/example_dags/example_kubernetes_executor.py for tasks to queue
[2021-03-30 00:08:48,674] {logging_mixin.py:104} INFO - [2021-03-30 00:08:48,673] {dagbag.py:448} INFO - Filling up the DagBag from /home/airflow/.local/lib/python3.6/site-packages/airflow/example_dags/example_kubernetes_executor.py
[2021-03-30 00:08:48,686] {scheduler_job.py:639} INFO - DAG(s) dict_keys(['example_kubernetes_executor']) retrieved from /home/airflow/.local/lib/python3.6/site-packages/airflow/example_dags/example_kubernetes_executor.py
[2021-03-30 00:08:48,710] {logging_mixin.py:104} INFO - [2021-03-30 00:08:48,710] {dag.py:1818} INFO - Sync 1 DAGs
[2021-03-30 00:08:48,729] {logging_mixin.py:104} INFO - [2021-03-30 00:08:48,729] {dag.py:2273} INFO - Setting next_dagrun for example_kubernetes_executor to None
[2021-03-30 00:08:48,746] {scheduler_job.py:190} INFO - Processing /home/airflow/.local/lib/python3.6/site-packages/airflow/example_dags/example_kubernetes_executor.py took 0.078 seconds
[2021-03-30 00:09:18,991] {scheduler_job.py:182} INFO - Started process (PID=3697) to work on /home/airflow/.local/lib/python3.6/site-packages/airflow/example_dags/example_kubernetes_executor.py
[2021-03-30 00:09:18,993] {scheduler_job.py:629} INFO - Processing file /home/airflow/.local/lib/python3.6/site-packages/airflow/example_dags/example_kubernetes_executor.py for tasks to queue
[2021-03-30 00:09:18,994] {logging_mixin.py:104} INFO - [2021-03-30 00:09:18,994] {dagbag.py:448} INFO - Filling up the DagBag from /home/airflow/.local/lib/python3.6/site-packages/airflow/example_dags/example_kubernetes_executor.py
[2021-03-30 00:09:19,006] {scheduler_job.py:639} INFO - DAG(s) dict_keys(['example_kubernetes_executor']) retrieved from /home/airflow/.local/lib/python3.6/site-packages/airflow/example_dags/example_kubernetes_executor.py
[2021-03-30 00:09:19,027] {logging_mixin.py:104} INFO - [2021-03-30 00:09:19,027] {dag.py:1818} INFO - Sync 1 DAGs
[2021-03-30 00:09:19,046] {logging_mixin.py:104} INFO - [2021-03-30 00:09:19,045] {dag.py:2273} INFO - Setting next_dagrun for example_kubernetes_executor to None
[2021-03-30 00:09:19,061] {scheduler_job.py:190} INFO - Processing /home/airflow/.local/lib/python3.6/site-packages/airflow/example_dags/example_kubernetes_executor.py took 0.073 seconds
[2021-03-30 00:09:49,173] {scheduler_job.py:182} INFO - Started process (PID=3723) to work on /home/airflow/.local/lib/python3.6/site-packages/airflow/example_dags/example_kubernetes_executor.py
[2021-03-30 00:09:49,174] {scheduler_job.py:629} INFO - Processing file /home/airflow/.local/lib/python3.6/site-packages/airflow/example_dags/example_kubernetes_executor.py for tasks to queue
[2021-03-30 00:09:49,175] {logging_mixin.py:104} INFO - [2021-03-30 00:09:49,175] {dagbag.py:448} INFO - Filling up the DagBag from /home/airflow/.local/lib/python3.6/site-packages/airflow/example_dags/example_kubernetes_executor.py
[2021-03-30 00:09:49,187] {scheduler_job.py:639} INFO - DAG(s) dict_keys(['example_kubernetes_executor']) retrieved from /home/airflow/.local/lib/python3.6/site-packages/airflow/example_dags/example_kubernetes_executor.py
[2021-03-30 00:09:49,207] {logging_mixin.py:104} INFO - [2021-03-30 00:09:49,207] {dag.py:1818} INFO - Sync 1 DAGs
[2021-03-30 00:09:49,224] {logging_mixin.py:104} INFO - [2021-03-30 00:09:49,224] {dag.py:2273} INFO - Setting next_dagrun for example_kubernetes_executor to None
[2021-03-30 00:09:49,235] {scheduler_job.py:190} INFO - Processing /home/airflow/.local/lib/python3.6/site-packages/airflow/example_dags/example_kubernetes_executor.py took 0.065 seconds
[2021-03-30 00:10:19,354] {scheduler_job.py:182} INFO - Started process (PID=3749) to work on /home/airflow/.local/lib/python3.6/site-packages/airflow/example_dags/example_kubernetes_executor.py
[2021-03-30 00:10:19,356] {scheduler_job.py:629} INFO - Processing file /home/airflow/.local/lib/python3.6/site-packages/airflow/example_dags/example_kubernetes_executor.py for tasks to queue
[2021-03-30 00:10:19,357] {logging_mixin.py:104} INFO - [2021-03-30 00:10:19,357] {dagbag.py:448} INFO - Filling up the DagBag from /home/airflow/.local/lib/python3.6/site-packages/airflow/example_dags/example_kubernetes_executor.py
[2021-03-30 00:10:19,370] {scheduler_job.py:639} INFO - DAG(s) dict_keys(['example_kubernetes_executor']) retrieved from /home/airflow/.local/lib/python3.6/site-packages/airflow/example_dags/example_kubernetes_executor.py
[2021-03-30 00:10:19,392] {logging_mixin.py:104} INFO - [2021-03-30 00:10:19,392] {dag.py:1818} INFO - Sync 1 DAGs
[2021-03-30 00:10:19,407] {logging_mixin.py:104} INFO - [2021-03-30 00:10:19,407] {dag.py:2273} INFO - Setting next_dagrun for example_kubernetes_executor to None
[2021-03-30 00:10:19,424] {scheduler_job.py:190} INFO - Processing /home/airflow/.local/lib/python3.6/site-packages/airflow/example_dags/example_kubernetes_executor.py took 0.074 seconds
[2021-03-30 00:10:49,525] {scheduler_job.py:182} INFO - Started process (PID=3775) to work on /home/airflow/.local/lib/python3.6/site-packages/airflow/example_dags/example_kubernetes_executor.py
[2021-03-30 00:10:49,527] {scheduler_job.py:629} INFO - Processing file /home/airflow/.local/lib/python3.6/site-packages/airflow/example_dags/example_kubernetes_executor.py for tasks to queue
[2021-03-30 00:10:49,528] {logging_mixin.py:104} INFO - [2021-03-30 00:10:49,528] {dagbag.py:448} INFO - Filling up the DagBag from /home/airflow/.local/lib/python3.6/site-packages/airflow/example_dags/example_kubernetes_executor.py
[2021-03-30 00:10:49,541] {scheduler_job.py:639} INFO - DAG(s) dict_keys(['example_kubernetes_executor']) retrieved from /home/airflow/.local/lib/python3.6/site-packages/airflow/example_dags/example_kubernetes_executor.py
[2021-03-30 00:10:49,563] {logging_mixin.py:104} INFO - [2021-03-30 00:10:49,563] {dag.py:1818} INFO - Sync 1 DAGs
[2021-03-30 00:10:49,580] {logging_mixin.py:104} INFO - [2021-03-30 00:10:49,580] {dag.py:2273} INFO - Setting next_dagrun for example_kubernetes_executor to None
[2021-03-30 00:10:49,596] {scheduler_job.py:190} INFO - Processing /home/airflow/.local/lib/python3.6/site-packages/airflow/example_dags/example_kubernetes_executor.py took 0.074 seconds
[2021-03-30 00:11:19,921] {scheduler_job.py:182} INFO - Started process (PID=3801) to work on /home/airflow/.local/lib/python3.6/site-packages/airflow/example_dags/example_kubernetes_executor.py
[2021-03-30 00:11:19,922] {scheduler_job.py:629} INFO - Processing file /home/airflow/.local/lib/python3.6/site-packages/airflow/example_dags/example_kubernetes_executor.py for tasks to queue
[2021-03-30 00:11:19,923] {logging_mixin.py:104} INFO - [2021-03-30 00:11:19,923] {dagbag.py:448} INFO - Filling up the DagBag from /home/airflow/.local/lib/python3.6/site-packages/airflow/example_dags/example_kubernetes_executor.py
[2021-03-30 00:11:19,934] {scheduler_job.py:639} INFO - DAG(s) dict_keys(['example_kubernetes_executor']) retrieved from /home/airflow/.local/lib/python3.6/site-packages/airflow/example_dags/example_kubernetes_executor.py
[2021-03-30 00:11:19,954] {logging_mixin.py:104} INFO - [2021-03-30 00:11:19,954] {dag.py:1818} INFO - Sync 1 DAGs
[2021-03-30 00:11:19,969] {logging_mixin.py:104} INFO - [2021-03-30 00:11:19,969] {dag.py:2273} INFO - Setting next_dagrun for example_kubernetes_executor to None
[2021-03-30 00:11:19,979] {scheduler_job.py:190} INFO - Processing /home/airflow/.local/lib/python3.6/site-packages/airflow/example_dags/example_kubernetes_executor.py took 0.061 seconds
[2021-03-30 00:11:50,145] {scheduler_job.py:182} INFO - Started process (PID=3827) to work on /home/airflow/.local/lib/python3.6/site-packages/airflow/example_dags/example_kubernetes_executor.py
[2021-03-30 00:11:50,147] {scheduler_job.py:629} INFO - Processing file /home/airflow/.local/lib/python3.6/site-packages/airflow/example_dags/example_kubernetes_executor.py for tasks to queue
[2021-03-30 00:11:50,149] {logging_mixin.py:104} INFO - [2021-03-30 00:11:50,149] {dagbag.py:448} INFO - Filling up the DagBag from /home/airflow/.local/lib/python3.6/site-packages/airflow/example_dags/example_kubernetes_executor.py
[2021-03-30 00:11:50,163] {scheduler_job.py:639} INFO - DAG(s) dict_keys(['example_kubernetes_executor']) retrieved from /home/airflow/.local/lib/python3.6/site-packages/airflow/example_dags/example_kubernetes_executor.py
[2021-03-30 00:11:50,191] {logging_mixin.py:104} INFO - [2021-03-30 00:11:50,191] {dag.py:1818} INFO - Sync 1 DAGs
[2021-03-30 00:11:50,210] {logging_mixin.py:104} INFO - [2021-03-30 00:11:50,209] {dag.py:2273} INFO - Setting next_dagrun for example_kubernetes_executor to None
[2021-03-30 00:11:50,222] {scheduler_job.py:190} INFO - Processing /home/airflow/.local/lib/python3.6/site-packages/airflow/example_dags/example_kubernetes_executor.py took 0.083 seconds
[2021-03-30 00:12:20,385] {scheduler_job.py:182} INFO - Started process (PID=3853) to work on /home/airflow/.local/lib/python3.6/site-packages/airflow/example_dags/example_kubernetes_executor.py
[2021-03-30 00:12:20,386] {scheduler_job.py:629} INFO - Processing file /home/airflow/.local/lib/python3.6/site-packages/airflow/example_dags/example_kubernetes_executor.py for tasks to queue
[2021-03-30 00:12:20,387] {logging_mixin.py:104} INFO - [2021-03-30 00:12:20,387] {dagbag.py:448} INFO - Filling up the DagBag from /home/airflow/.local/lib/python3.6/site-packages/airflow/example_dags/example_kubernetes_executor.py
[2021-03-30 00:12:20,398] {scheduler_job.py:639} INFO - DAG(s) dict_keys(['example_kubernetes_executor']) retrieved from /home/airflow/.local/lib/python3.6/site-packages/airflow/example_dags/example_kubernetes_executor.py
[2021-03-30 00:12:20,419] {logging_mixin.py:104} INFO - [2021-03-30 00:12:20,419] {dag.py:1818} INFO - Sync 1 DAGs
[2021-03-30 00:12:20,433] {logging_mixin.py:104} INFO - [2021-03-30 00:12:20,433] {dag.py:2273} INFO - Setting next_dagrun for example_kubernetes_executor to None
[2021-03-30 00:12:20,447] {scheduler_job.py:190} INFO - Processing /home/airflow/.local/lib/python3.6/site-packages/airflow/example_dags/example_kubernetes_executor.py took 0.065 seconds
[2021-03-30 00:12:50,619] {scheduler_job.py:182} INFO - Started process (PID=3879) to work on /home/airflow/.local/lib/python3.6/site-packages/airflow/example_dags/example_kubernetes_executor.py
[2021-03-30 00:12:50,621] {scheduler_job.py:629} INFO - Processing file /home/airflow/.local/lib/python3.6/site-packages/airflow/example_dags/example_kubernetes_executor.py for tasks to queue
[2021-03-30 00:12:50,622] {logging_mixin.py:104} INFO - [2021-03-30 00:12:50,622] {dagbag.py:448} INFO - Filling up the DagBag from /home/airflow/.local/lib/python3.6/site-packages/airflow/example_dags/example_kubernetes_executor.py
[2021-03-30 00:12:50,634] {scheduler_job.py:639} INFO - DAG(s) dict_keys(['example_kubernetes_executor']) retrieved from /home/airflow/.local/lib/python3.6/site-packages/airflow/example_dags/example_kubernetes_executor.py
[2021-03-30 00:12:50,656] {logging_mixin.py:104} INFO - [2021-03-30 00:12:50,656] {dag.py:1818} INFO - Sync 1 DAGs
[2021-03-30 00:12:50,672] {logging_mixin.py:104} INFO - [2021-03-30 00:12:50,672] {dag.py:2273} INFO - Setting next_dagrun for example_kubernetes_executor to None
[2021-03-30 00:12:50,682] {scheduler_job.py:190} INFO - Processing /home/airflow/.local/lib/python3.6/site-packages/airflow/example_dags/example_kubernetes_executor.py took 0.066 seconds
[2021-03-30 00:13:20,810] {scheduler_job.py:182} INFO - Started process (PID=3905) to work on /home/airflow/.local/lib/python3.6/site-packages/airflow/example_dags/example_kubernetes_executor.py
[2021-03-30 00:13:20,812] {scheduler_job.py:629} INFO - Processing file /home/airflow/.local/lib/python3.6/site-packages/airflow/example_dags/example_kubernetes_executor.py for tasks to queue
[2021-03-30 00:13:20,814] {logging_mixin.py:104} INFO - [2021-03-30 00:13:20,814] {dagbag.py:448} INFO - Filling up the DagBag from /home/airflow/.local/lib/python3.6/site-packages/airflow/example_dags/example_kubernetes_executor.py
[2021-03-30 00:13:20,826] {scheduler_job.py:639} INFO - DAG(s) dict_keys(['example_kubernetes_executor']) retrieved from /home/airflow/.local/lib/python3.6/site-packages/airflow/example_dags/example_kubernetes_executor.py
[2021-03-30 00:13:20,854] {logging_mixin.py:104} INFO - [2021-03-30 00:13:20,853] {dag.py:1818} INFO - Sync 1 DAGs
[2021-03-30 00:13:20,870] {logging_mixin.py:104} INFO - [2021-03-30 00:13:20,870] {dag.py:2273} INFO - Setting next_dagrun for example_kubernetes_executor to None
[2021-03-30 00:13:20,905] {scheduler_job.py:190} INFO - Processing /home/airflow/.local/lib/python3.6/site-packages/airflow/example_dags/example_kubernetes_executor.py took 0.098 seconds
[2021-03-30 00:13:51,101] {scheduler_job.py:182} INFO - Started process (PID=3931) to work on /home/airflow/.local/lib/python3.6/site-packages/airflow/example_dags/example_kubernetes_executor.py
[2021-03-30 00:13:51,103] {scheduler_job.py:629} INFO - Processing file /home/airflow/.local/lib/python3.6/site-packages/airflow/example_dags/example_kubernetes_executor.py for tasks to queue
[2021-03-30 00:13:51,104] {logging_mixin.py:104} INFO - [2021-03-30 00:13:51,104] {dagbag.py:448} INFO - Filling up the DagBag from /home/airflow/.local/lib/python3.6/site-packages/airflow/example_dags/example_kubernetes_executor.py
[2021-03-30 00:13:51,117] {scheduler_job.py:639} INFO - DAG(s) dict_keys(['example_kubernetes_executor']) retrieved from /home/airflow/.local/lib/python3.6/site-packages/airflow/example_dags/example_kubernetes_executor.py
[2021-03-30 00:13:51,139] {logging_mixin.py:104} INFO - [2021-03-30 00:13:51,139] {dag.py:1818} INFO - Sync 1 DAGs
[2021-03-30 00:13:51,156] {logging_mixin.py:104} INFO - [2021-03-30 00:13:51,156] {dag.py:2273} INFO - Setting next_dagrun for example_kubernetes_executor to None
[2021-03-30 00:13:51,171] {scheduler_job.py:190} INFO - Processing /home/airflow/.local/lib/python3.6/site-packages/airflow/example_dags/example_kubernetes_executor.py took 0.073 seconds
[2021-03-30 00:14:21,750] {scheduler_job.py:182} INFO - Started process (PID=3957) to work on /home/airflow/.local/lib/python3.6/site-packages/airflow/example_dags/example_kubernetes_executor.py
[2021-03-30 00:14:21,752] {scheduler_job.py:629} INFO - Processing file /home/airflow/.local/lib/python3.6/site-packages/airflow/example_dags/example_kubernetes_executor.py for tasks to queue
[2021-03-30 00:14:21,753] {logging_mixin.py:104} INFO - [2021-03-30 00:14:21,753] {dagbag.py:448} INFO - Filling up the DagBag from /home/airflow/.local/lib/python3.6/site-packages/airflow/example_dags/example_kubernetes_executor.py
[2021-03-30 00:14:21,765] {scheduler_job.py:639} INFO - DAG(s) dict_keys(['example_kubernetes_executor']) retrieved from /home/airflow/.local/lib/python3.6/site-packages/airflow/example_dags/example_kubernetes_executor.py
[2021-03-30 00:14:21,785] {logging_mixin.py:104} INFO - [2021-03-30 00:14:21,785] {dag.py:1818} INFO - Sync 1 DAGs
[2021-03-30 00:14:21,800] {logging_mixin.py:104} INFO - [2021-03-30 00:14:21,800] {dag.py:2273} INFO - Setting next_dagrun for example_kubernetes_executor to None
[2021-03-30 00:14:21,811] {scheduler_job.py:190} INFO - Processing /home/airflow/.local/lib/python3.6/site-packages/airflow/example_dags/example_kubernetes_executor.py took 0.064 seconds
[2021-03-30 00:14:51,876] {scheduler_job.py:182} INFO - Started process (PID=3983) to work on /home/airflow/.local/lib/python3.6/site-packages/airflow/example_dags/example_kubernetes_executor.py
[2021-03-30 00:14:51,877] {scheduler_job.py:629} INFO - Processing file /home/airflow/.local/lib/python3.6/site-packages/airflow/example_dags/example_kubernetes_executor.py for tasks to queue
[2021-03-30 00:14:51,878] {logging_mixin.py:104} INFO - [2021-03-30 00:14:51,877] {dagbag.py:448} INFO - Filling up the DagBag from /home/airflow/.local/lib/python3.6/site-packages/airflow/example_dags/example_kubernetes_executor.py
[2021-03-30 00:14:51,889] {scheduler_job.py:639} INFO - DAG(s) dict_keys(['example_kubernetes_executor']) retrieved from /home/airflow/.local/lib/python3.6/site-packages/airflow/example_dags/example_kubernetes_executor.py
[2021-03-30 00:14:51,910] {logging_mixin.py:104} INFO - [2021-03-30 00:14:51,909] {dag.py:1818} INFO - Sync 1 DAGs
[2021-03-30 00:14:51,924] {logging_mixin.py:104} INFO - [2021-03-30 00:14:51,924] {dag.py:2273} INFO - Setting next_dagrun for example_kubernetes_executor to None
[2021-03-30 00:14:51,934] {scheduler_job.py:190} INFO - Processing /home/airflow/.local/lib/python3.6/site-packages/airflow/example_dags/example_kubernetes_executor.py took 0.061 seconds
[2021-03-30 00:15:22,270] {scheduler_job.py:182} INFO - Started process (PID=4009) to work on /home/airflow/.local/lib/python3.6/site-packages/airflow/example_dags/example_kubernetes_executor.py
[2021-03-30 00:15:22,273] {scheduler_job.py:629} INFO - Processing file /home/airflow/.local/lib/python3.6/site-packages/airflow/example_dags/example_kubernetes_executor.py for tasks to queue
[2021-03-30 00:15:22,274] {logging_mixin.py:104} INFO - [2021-03-30 00:15:22,274] {dagbag.py:448} INFO - Filling up the DagBag from /home/airflow/.local/lib/python3.6/site-packages/airflow/example_dags/example_kubernetes_executor.py
[2021-03-30 00:15:22,286] {scheduler_job.py:639} INFO - DAG(s) dict_keys(['example_kubernetes_executor']) retrieved from /home/airflow/.local/lib/python3.6/site-packages/airflow/example_dags/example_kubernetes_executor.py
[2021-03-30 00:15:22,307] {logging_mixin.py:104} INFO - [2021-03-30 00:15:22,307] {dag.py:1818} INFO - Sync 1 DAGs
[2021-03-30 00:15:22,323] {logging_mixin.py:104} INFO - [2021-03-30 00:15:22,323] {dag.py:2273} INFO - Setting next_dagrun for example_kubernetes_executor to None
[2021-03-30 00:15:22,553] {scheduler_job.py:190} INFO - Processing /home/airflow/.local/lib/python3.6/site-packages/airflow/example_dags/example_kubernetes_executor.py took 0.286 seconds
[2021-03-30 00:15:53,387] {scheduler_job.py:182} INFO - Started process (PID=4035) to work on /home/airflow/.local/lib/python3.6/site-packages/airflow/example_dags/example_kubernetes_executor.py
[2021-03-30 00:15:53,388] {scheduler_job.py:629} INFO - Processing file /home/airflow/.local/lib/python3.6/site-packages/airflow/example_dags/example_kubernetes_executor.py for tasks to queue
[2021-03-30 00:15:53,389] {logging_mixin.py:104} INFO - [2021-03-30 00:15:53,389] {dagbag.py:448} INFO - Filling up the DagBag from /home/airflow/.local/lib/python3.6/site-packages/airflow/example_dags/example_kubernetes_executor.py
[2021-03-30 00:15:53,400] {scheduler_job.py:639} INFO - DAG(s) dict_keys(['example_kubernetes_executor']) retrieved from /home/airflow/.local/lib/python3.6/site-packages/airflow/example_dags/example_kubernetes_executor.py
[2021-03-30 00:15:53,421] {logging_mixin.py:104} INFO - [2021-03-30 00:15:53,420] {dag.py:1818} INFO - Sync 1 DAGs
[2021-03-30 00:15:53,435] {logging_mixin.py:104} INFO - [2021-03-30 00:15:53,435] {dag.py:2273} INFO - Setting next_dagrun for example_kubernetes_executor to None
[2021-03-30 00:15:53,449] {scheduler_job.py:190} INFO - Processing /home/airflow/.local/lib/python3.6/site-packages/airflow/example_dags/example_kubernetes_executor.py took 0.065 seconds
