[2021-03-30 00:00:16,643] {scheduler_job.py:182} INFO - Started process (PID=3233) to work on /home/airflow/.local/lib/python3.6/site-packages/airflow/example_dags/example_python_operator.py
[2021-03-30 00:00:16,647] {scheduler_job.py:629} INFO - Processing file /home/airflow/.local/lib/python3.6/site-packages/airflow/example_dags/example_python_operator.py for tasks to queue
[2021-03-30 00:00:16,658] {logging_mixin.py:104} INFO - [2021-03-30 00:00:16,657] {dagbag.py:448} INFO - Filling up the DagBag from /home/airflow/.local/lib/python3.6/site-packages/airflow/example_dags/example_python_operator.py
[2021-03-30 00:00:16,705] {scheduler_job.py:639} INFO - DAG(s) dict_keys(['example_python_operator']) retrieved from /home/airflow/.local/lib/python3.6/site-packages/airflow/example_dags/example_python_operator.py
[2021-03-30 00:00:16,794] {logging_mixin.py:104} INFO - [2021-03-30 00:00:16,793] {dag.py:1818} INFO - Sync 1 DAGs
[2021-03-30 00:00:16,828] {logging_mixin.py:104} INFO - [2021-03-30 00:00:16,828] {dag.py:2273} INFO - Setting next_dagrun for example_python_operator to None
[2021-03-30 00:00:16,855] {scheduler_job.py:190} INFO - Processing /home/airflow/.local/lib/python3.6/site-packages/airflow/example_dags/example_python_operator.py took 0.219 seconds
[2021-03-30 00:00:46,986] {scheduler_job.py:182} INFO - Started process (PID=3259) to work on /home/airflow/.local/lib/python3.6/site-packages/airflow/example_dags/example_python_operator.py
[2021-03-30 00:00:46,988] {scheduler_job.py:629} INFO - Processing file /home/airflow/.local/lib/python3.6/site-packages/airflow/example_dags/example_python_operator.py for tasks to queue
[2021-03-30 00:00:46,989] {logging_mixin.py:104} INFO - [2021-03-30 00:00:46,989] {dagbag.py:448} INFO - Filling up the DagBag from /home/airflow/.local/lib/python3.6/site-packages/airflow/example_dags/example_python_operator.py
[2021-03-30 00:00:47,006] {scheduler_job.py:639} INFO - DAG(s) dict_keys(['example_python_operator']) retrieved from /home/airflow/.local/lib/python3.6/site-packages/airflow/example_dags/example_python_operator.py
[2021-03-30 00:00:47,034] {logging_mixin.py:104} INFO - [2021-03-30 00:00:47,034] {dag.py:1818} INFO - Sync 1 DAGs
[2021-03-30 00:00:47,053] {logging_mixin.py:104} INFO - [2021-03-30 00:00:47,053] {dag.py:2273} INFO - Setting next_dagrun for example_python_operator to None
[2021-03-30 00:00:47,064] {scheduler_job.py:190} INFO - Processing /home/airflow/.local/lib/python3.6/site-packages/airflow/example_dags/example_python_operator.py took 0.082 seconds
[2021-03-30 00:01:17,704] {scheduler_job.py:182} INFO - Started process (PID=3285) to work on /home/airflow/.local/lib/python3.6/site-packages/airflow/example_dags/example_python_operator.py
[2021-03-30 00:01:17,705] {scheduler_job.py:629} INFO - Processing file /home/airflow/.local/lib/python3.6/site-packages/airflow/example_dags/example_python_operator.py for tasks to queue
[2021-03-30 00:01:17,706] {logging_mixin.py:104} INFO - [2021-03-30 00:01:17,706] {dagbag.py:448} INFO - Filling up the DagBag from /home/airflow/.local/lib/python3.6/site-packages/airflow/example_dags/example_python_operator.py
[2021-03-30 00:01:17,721] {scheduler_job.py:639} INFO - DAG(s) dict_keys(['example_python_operator']) retrieved from /home/airflow/.local/lib/python3.6/site-packages/airflow/example_dags/example_python_operator.py
[2021-03-30 00:01:17,749] {logging_mixin.py:104} INFO - [2021-03-30 00:01:17,749] {dag.py:1818} INFO - Sync 1 DAGs
[2021-03-30 00:01:17,769] {logging_mixin.py:104} INFO - [2021-03-30 00:01:17,768] {dag.py:2273} INFO - Setting next_dagrun for example_python_operator to None
[2021-03-30 00:01:17,783] {scheduler_job.py:190} INFO - Processing /home/airflow/.local/lib/python3.6/site-packages/airflow/example_dags/example_python_operator.py took 0.083 seconds
[2021-03-30 00:01:48,488] {scheduler_job.py:182} INFO - Started process (PID=3311) to work on /home/airflow/.local/lib/python3.6/site-packages/airflow/example_dags/example_python_operator.py
[2021-03-30 00:01:48,490] {scheduler_job.py:629} INFO - Processing file /home/airflow/.local/lib/python3.6/site-packages/airflow/example_dags/example_python_operator.py for tasks to queue
[2021-03-30 00:01:48,492] {logging_mixin.py:104} INFO - [2021-03-30 00:01:48,492] {dagbag.py:448} INFO - Filling up the DagBag from /home/airflow/.local/lib/python3.6/site-packages/airflow/example_dags/example_python_operator.py
[2021-03-30 00:01:48,514] {scheduler_job.py:639} INFO - DAG(s) dict_keys(['example_python_operator']) retrieved from /home/airflow/.local/lib/python3.6/site-packages/airflow/example_dags/example_python_operator.py
[2021-03-30 00:01:48,548] {logging_mixin.py:104} INFO - [2021-03-30 00:01:48,548] {dag.py:1818} INFO - Sync 1 DAGs
[2021-03-30 00:01:48,570] {logging_mixin.py:104} INFO - [2021-03-30 00:01:48,570] {dag.py:2273} INFO - Setting next_dagrun for example_python_operator to None
[2021-03-30 00:01:48,587] {scheduler_job.py:190} INFO - Processing /home/airflow/.local/lib/python3.6/site-packages/airflow/example_dags/example_python_operator.py took 0.103 seconds
[2021-03-30 00:02:19,037] {scheduler_job.py:182} INFO - Started process (PID=3337) to work on /home/airflow/.local/lib/python3.6/site-packages/airflow/example_dags/example_python_operator.py
[2021-03-30 00:02:19,039] {scheduler_job.py:629} INFO - Processing file /home/airflow/.local/lib/python3.6/site-packages/airflow/example_dags/example_python_operator.py for tasks to queue
[2021-03-30 00:02:19,041] {logging_mixin.py:104} INFO - [2021-03-30 00:02:19,041] {dagbag.py:448} INFO - Filling up the DagBag from /home/airflow/.local/lib/python3.6/site-packages/airflow/example_dags/example_python_operator.py
[2021-03-30 00:02:19,064] {scheduler_job.py:639} INFO - DAG(s) dict_keys(['example_python_operator']) retrieved from /home/airflow/.local/lib/python3.6/site-packages/airflow/example_dags/example_python_operator.py
[2021-03-30 00:02:19,104] {logging_mixin.py:104} INFO - [2021-03-30 00:02:19,104] {dag.py:1818} INFO - Sync 1 DAGs
[2021-03-30 00:02:19,132] {logging_mixin.py:104} INFO - [2021-03-30 00:02:19,132] {dag.py:2273} INFO - Setting next_dagrun for example_python_operator to None
[2021-03-30 00:02:19,151] {scheduler_job.py:190} INFO - Processing /home/airflow/.local/lib/python3.6/site-packages/airflow/example_dags/example_python_operator.py took 0.120 seconds
[2021-03-30 00:02:50,060] {scheduler_job.py:182} INFO - Started process (PID=3363) to work on /home/airflow/.local/lib/python3.6/site-packages/airflow/example_dags/example_python_operator.py
[2021-03-30 00:02:50,062] {scheduler_job.py:629} INFO - Processing file /home/airflow/.local/lib/python3.6/site-packages/airflow/example_dags/example_python_operator.py for tasks to queue
[2021-03-30 00:02:50,064] {logging_mixin.py:104} INFO - [2021-03-30 00:02:50,063] {dagbag.py:448} INFO - Filling up the DagBag from /home/airflow/.local/lib/python3.6/site-packages/airflow/example_dags/example_python_operator.py
[2021-03-30 00:02:50,080] {scheduler_job.py:639} INFO - DAG(s) dict_keys(['example_python_operator']) retrieved from /home/airflow/.local/lib/python3.6/site-packages/airflow/example_dags/example_python_operator.py
[2021-03-30 00:02:50,107] {logging_mixin.py:104} INFO - [2021-03-30 00:02:50,107] {dag.py:1818} INFO - Sync 1 DAGs
[2021-03-30 00:02:50,126] {logging_mixin.py:104} INFO - [2021-03-30 00:02:50,126] {dag.py:2273} INFO - Setting next_dagrun for example_python_operator to None
[2021-03-30 00:02:50,139] {scheduler_job.py:190} INFO - Processing /home/airflow/.local/lib/python3.6/site-packages/airflow/example_dags/example_python_operator.py took 0.082 seconds
[2021-03-30 00:03:20,508] {scheduler_job.py:182} INFO - Started process (PID=3389) to work on /home/airflow/.local/lib/python3.6/site-packages/airflow/example_dags/example_python_operator.py
[2021-03-30 00:03:20,510] {scheduler_job.py:629} INFO - Processing file /home/airflow/.local/lib/python3.6/site-packages/airflow/example_dags/example_python_operator.py for tasks to queue
[2021-03-30 00:03:20,511] {logging_mixin.py:104} INFO - [2021-03-30 00:03:20,510] {dagbag.py:448} INFO - Filling up the DagBag from /home/airflow/.local/lib/python3.6/site-packages/airflow/example_dags/example_python_operator.py
[2021-03-30 00:03:20,524] {scheduler_job.py:639} INFO - DAG(s) dict_keys(['example_python_operator']) retrieved from /home/airflow/.local/lib/python3.6/site-packages/airflow/example_dags/example_python_operator.py
[2021-03-30 00:03:20,547] {logging_mixin.py:104} INFO - [2021-03-30 00:03:20,547] {dag.py:1818} INFO - Sync 1 DAGs
[2021-03-30 00:03:20,564] {logging_mixin.py:104} INFO - [2021-03-30 00:03:20,564] {dag.py:2273} INFO - Setting next_dagrun for example_python_operator to None
[2021-03-30 00:03:20,577] {scheduler_job.py:190} INFO - Processing /home/airflow/.local/lib/python3.6/site-packages/airflow/example_dags/example_python_operator.py took 0.071 seconds
[2021-03-30 00:03:50,806] {scheduler_job.py:182} INFO - Started process (PID=3415) to work on /home/airflow/.local/lib/python3.6/site-packages/airflow/example_dags/example_python_operator.py
[2021-03-30 00:03:50,807] {scheduler_job.py:629} INFO - Processing file /home/airflow/.local/lib/python3.6/site-packages/airflow/example_dags/example_python_operator.py for tasks to queue
[2021-03-30 00:03:50,808] {logging_mixin.py:104} INFO - [2021-03-30 00:03:50,808] {dagbag.py:448} INFO - Filling up the DagBag from /home/airflow/.local/lib/python3.6/site-packages/airflow/example_dags/example_python_operator.py
[2021-03-30 00:03:50,821] {scheduler_job.py:639} INFO - DAG(s) dict_keys(['example_python_operator']) retrieved from /home/airflow/.local/lib/python3.6/site-packages/airflow/example_dags/example_python_operator.py
[2021-03-30 00:03:50,845] {logging_mixin.py:104} INFO - [2021-03-30 00:03:50,844] {dag.py:1818} INFO - Sync 1 DAGs
[2021-03-30 00:03:50,864] {logging_mixin.py:104} INFO - [2021-03-30 00:03:50,863] {dag.py:2273} INFO - Setting next_dagrun for example_python_operator to None
[2021-03-30 00:03:50,877] {scheduler_job.py:190} INFO - Processing /home/airflow/.local/lib/python3.6/site-packages/airflow/example_dags/example_python_operator.py took 0.074 seconds
[2021-03-30 00:04:20,983] {scheduler_job.py:182} INFO - Started process (PID=3441) to work on /home/airflow/.local/lib/python3.6/site-packages/airflow/example_dags/example_python_operator.py
[2021-03-30 00:04:20,984] {scheduler_job.py:629} INFO - Processing file /home/airflow/.local/lib/python3.6/site-packages/airflow/example_dags/example_python_operator.py for tasks to queue
[2021-03-30 00:04:20,985] {logging_mixin.py:104} INFO - [2021-03-30 00:04:20,985] {dagbag.py:448} INFO - Filling up the DagBag from /home/airflow/.local/lib/python3.6/site-packages/airflow/example_dags/example_python_operator.py
[2021-03-30 00:04:20,997] {scheduler_job.py:639} INFO - DAG(s) dict_keys(['example_python_operator']) retrieved from /home/airflow/.local/lib/python3.6/site-packages/airflow/example_dags/example_python_operator.py
[2021-03-30 00:04:21,018] {logging_mixin.py:104} INFO - [2021-03-30 00:04:21,018] {dag.py:1818} INFO - Sync 1 DAGs
[2021-03-30 00:04:21,033] {logging_mixin.py:104} INFO - [2021-03-30 00:04:21,033] {dag.py:2273} INFO - Setting next_dagrun for example_python_operator to None
[2021-03-30 00:04:21,045] {scheduler_job.py:190} INFO - Processing /home/airflow/.local/lib/python3.6/site-packages/airflow/example_dags/example_python_operator.py took 0.065 seconds
[2021-03-30 00:04:51,151] {scheduler_job.py:182} INFO - Started process (PID=3467) to work on /home/airflow/.local/lib/python3.6/site-packages/airflow/example_dags/example_python_operator.py
[2021-03-30 00:04:51,152] {scheduler_job.py:629} INFO - Processing file /home/airflow/.local/lib/python3.6/site-packages/airflow/example_dags/example_python_operator.py for tasks to queue
[2021-03-30 00:04:51,153] {logging_mixin.py:104} INFO - [2021-03-30 00:04:51,153] {dagbag.py:448} INFO - Filling up the DagBag from /home/airflow/.local/lib/python3.6/site-packages/airflow/example_dags/example_python_operator.py
[2021-03-30 00:04:51,165] {scheduler_job.py:639} INFO - DAG(s) dict_keys(['example_python_operator']) retrieved from /home/airflow/.local/lib/python3.6/site-packages/airflow/example_dags/example_python_operator.py
[2021-03-30 00:04:51,185] {logging_mixin.py:104} INFO - [2021-03-30 00:04:51,184] {dag.py:1818} INFO - Sync 1 DAGs
[2021-03-30 00:04:51,200] {logging_mixin.py:104} INFO - [2021-03-30 00:04:51,200] {dag.py:2273} INFO - Setting next_dagrun for example_python_operator to None
[2021-03-30 00:04:51,214] {scheduler_job.py:190} INFO - Processing /home/airflow/.local/lib/python3.6/site-packages/airflow/example_dags/example_python_operator.py took 0.066 seconds
[2021-03-30 00:05:21,291] {scheduler_job.py:182} INFO - Started process (PID=3493) to work on /home/airflow/.local/lib/python3.6/site-packages/airflow/example_dags/example_python_operator.py
[2021-03-30 00:05:21,293] {scheduler_job.py:629} INFO - Processing file /home/airflow/.local/lib/python3.6/site-packages/airflow/example_dags/example_python_operator.py for tasks to queue
[2021-03-30 00:05:21,294] {logging_mixin.py:104} INFO - [2021-03-30 00:05:21,294] {dagbag.py:448} INFO - Filling up the DagBag from /home/airflow/.local/lib/python3.6/site-packages/airflow/example_dags/example_python_operator.py
[2021-03-30 00:05:21,308] {scheduler_job.py:639} INFO - DAG(s) dict_keys(['example_python_operator']) retrieved from /home/airflow/.local/lib/python3.6/site-packages/airflow/example_dags/example_python_operator.py
[2021-03-30 00:05:21,331] {logging_mixin.py:104} INFO - [2021-03-30 00:05:21,330] {dag.py:1818} INFO - Sync 1 DAGs
[2021-03-30 00:05:21,347] {logging_mixin.py:104} INFO - [2021-03-30 00:05:21,347] {dag.py:2273} INFO - Setting next_dagrun for example_python_operator to None
[2021-03-30 00:05:21,358] {scheduler_job.py:190} INFO - Processing /home/airflow/.local/lib/python3.6/site-packages/airflow/example_dags/example_python_operator.py took 0.069 seconds
[2021-03-30 00:05:51,996] {scheduler_job.py:182} INFO - Started process (PID=3519) to work on /home/airflow/.local/lib/python3.6/site-packages/airflow/example_dags/example_python_operator.py
[2021-03-30 00:05:51,997] {scheduler_job.py:629} INFO - Processing file /home/airflow/.local/lib/python3.6/site-packages/airflow/example_dags/example_python_operator.py for tasks to queue
[2021-03-30 00:05:51,999] {logging_mixin.py:104} INFO - [2021-03-30 00:05:51,998] {dagbag.py:448} INFO - Filling up the DagBag from /home/airflow/.local/lib/python3.6/site-packages/airflow/example_dags/example_python_operator.py
[2021-03-30 00:05:52,017] {scheduler_job.py:639} INFO - DAG(s) dict_keys(['example_python_operator']) retrieved from /home/airflow/.local/lib/python3.6/site-packages/airflow/example_dags/example_python_operator.py
[2021-03-30 00:05:52,044] {logging_mixin.py:104} INFO - [2021-03-30 00:05:52,044] {dag.py:1818} INFO - Sync 1 DAGs
[2021-03-30 00:05:52,065] {logging_mixin.py:104} INFO - [2021-03-30 00:05:52,065] {dag.py:2273} INFO - Setting next_dagrun for example_python_operator to None
[2021-03-30 00:05:52,078] {scheduler_job.py:190} INFO - Processing /home/airflow/.local/lib/python3.6/site-packages/airflow/example_dags/example_python_operator.py took 0.087 seconds
[2021-03-30 00:06:22,222] {scheduler_job.py:182} INFO - Started process (PID=3545) to work on /home/airflow/.local/lib/python3.6/site-packages/airflow/example_dags/example_python_operator.py
[2021-03-30 00:06:22,223] {scheduler_job.py:629} INFO - Processing file /home/airflow/.local/lib/python3.6/site-packages/airflow/example_dags/example_python_operator.py for tasks to queue
[2021-03-30 00:06:22,224] {logging_mixin.py:104} INFO - [2021-03-30 00:06:22,224] {dagbag.py:448} INFO - Filling up the DagBag from /home/airflow/.local/lib/python3.6/site-packages/airflow/example_dags/example_python_operator.py
[2021-03-30 00:06:22,237] {scheduler_job.py:639} INFO - DAG(s) dict_keys(['example_python_operator']) retrieved from /home/airflow/.local/lib/python3.6/site-packages/airflow/example_dags/example_python_operator.py
[2021-03-30 00:06:22,259] {logging_mixin.py:104} INFO - [2021-03-30 00:06:22,258] {dag.py:1818} INFO - Sync 1 DAGs
[2021-03-30 00:06:22,274] {logging_mixin.py:104} INFO - [2021-03-30 00:06:22,273] {dag.py:2273} INFO - Setting next_dagrun for example_python_operator to None
[2021-03-30 00:06:22,285] {scheduler_job.py:190} INFO - Processing /home/airflow/.local/lib/python3.6/site-packages/airflow/example_dags/example_python_operator.py took 0.067 seconds
[2021-03-30 00:06:52,448] {scheduler_job.py:182} INFO - Started process (PID=3571) to work on /home/airflow/.local/lib/python3.6/site-packages/airflow/example_dags/example_python_operator.py
[2021-03-30 00:06:52,450] {scheduler_job.py:629} INFO - Processing file /home/airflow/.local/lib/python3.6/site-packages/airflow/example_dags/example_python_operator.py for tasks to queue
[2021-03-30 00:06:52,451] {logging_mixin.py:104} INFO - [2021-03-30 00:06:52,451] {dagbag.py:448} INFO - Filling up the DagBag from /home/airflow/.local/lib/python3.6/site-packages/airflow/example_dags/example_python_operator.py
[2021-03-30 00:06:52,468] {scheduler_job.py:639} INFO - DAG(s) dict_keys(['example_python_operator']) retrieved from /home/airflow/.local/lib/python3.6/site-packages/airflow/example_dags/example_python_operator.py
[2021-03-30 00:06:52,498] {logging_mixin.py:104} INFO - [2021-03-30 00:06:52,498] {dag.py:1818} INFO - Sync 1 DAGs
[2021-03-30 00:06:52,516] {logging_mixin.py:104} INFO - [2021-03-30 00:06:52,516] {dag.py:2273} INFO - Setting next_dagrun for example_python_operator to None
[2021-03-30 00:06:52,564] {scheduler_job.py:190} INFO - Processing /home/airflow/.local/lib/python3.6/site-packages/airflow/example_dags/example_python_operator.py took 0.120 seconds
[2021-03-30 00:07:22,935] {scheduler_job.py:182} INFO - Started process (PID=3597) to work on /home/airflow/.local/lib/python3.6/site-packages/airflow/example_dags/example_python_operator.py
[2021-03-30 00:07:22,936] {scheduler_job.py:629} INFO - Processing file /home/airflow/.local/lib/python3.6/site-packages/airflow/example_dags/example_python_operator.py for tasks to queue
[2021-03-30 00:07:22,937] {logging_mixin.py:104} INFO - [2021-03-30 00:07:22,937] {dagbag.py:448} INFO - Filling up the DagBag from /home/airflow/.local/lib/python3.6/site-packages/airflow/example_dags/example_python_operator.py
[2021-03-30 00:07:22,958] {scheduler_job.py:639} INFO - DAG(s) dict_keys(['example_python_operator']) retrieved from /home/airflow/.local/lib/python3.6/site-packages/airflow/example_dags/example_python_operator.py
[2021-03-30 00:07:22,986] {logging_mixin.py:104} INFO - [2021-03-30 00:07:22,986] {dag.py:1818} INFO - Sync 1 DAGs
[2021-03-30 00:07:23,006] {logging_mixin.py:104} INFO - [2021-03-30 00:07:23,006] {dag.py:2273} INFO - Setting next_dagrun for example_python_operator to None
[2021-03-30 00:07:23,017] {scheduler_job.py:190} INFO - Processing /home/airflow/.local/lib/python3.6/site-packages/airflow/example_dags/example_python_operator.py took 0.087 seconds
[2021-03-30 00:07:53,411] {scheduler_job.py:182} INFO - Started process (PID=3623) to work on /home/airflow/.local/lib/python3.6/site-packages/airflow/example_dags/example_python_operator.py
[2021-03-30 00:07:53,412] {scheduler_job.py:629} INFO - Processing file /home/airflow/.local/lib/python3.6/site-packages/airflow/example_dags/example_python_operator.py for tasks to queue
[2021-03-30 00:07:53,413] {logging_mixin.py:104} INFO - [2021-03-30 00:07:53,413] {dagbag.py:448} INFO - Filling up the DagBag from /home/airflow/.local/lib/python3.6/site-packages/airflow/example_dags/example_python_operator.py
[2021-03-30 00:07:53,431] {scheduler_job.py:639} INFO - DAG(s) dict_keys(['example_python_operator']) retrieved from /home/airflow/.local/lib/python3.6/site-packages/airflow/example_dags/example_python_operator.py
[2021-03-30 00:07:53,458] {logging_mixin.py:104} INFO - [2021-03-30 00:07:53,458] {dag.py:1818} INFO - Sync 1 DAGs
[2021-03-30 00:07:53,476] {logging_mixin.py:104} INFO - [2021-03-30 00:07:53,475] {dag.py:2273} INFO - Setting next_dagrun for example_python_operator to None
[2021-03-30 00:07:53,486] {scheduler_job.py:190} INFO - Processing /home/airflow/.local/lib/python3.6/site-packages/airflow/example_dags/example_python_operator.py took 0.078 seconds
[2021-03-30 00:08:23,607] {scheduler_job.py:182} INFO - Started process (PID=3649) to work on /home/airflow/.local/lib/python3.6/site-packages/airflow/example_dags/example_python_operator.py
[2021-03-30 00:08:23,609] {scheduler_job.py:629} INFO - Processing file /home/airflow/.local/lib/python3.6/site-packages/airflow/example_dags/example_python_operator.py for tasks to queue
[2021-03-30 00:08:23,610] {logging_mixin.py:104} INFO - [2021-03-30 00:08:23,610] {dagbag.py:448} INFO - Filling up the DagBag from /home/airflow/.local/lib/python3.6/site-packages/airflow/example_dags/example_python_operator.py
[2021-03-30 00:08:23,622] {scheduler_job.py:639} INFO - DAG(s) dict_keys(['example_python_operator']) retrieved from /home/airflow/.local/lib/python3.6/site-packages/airflow/example_dags/example_python_operator.py
[2021-03-30 00:08:23,647] {logging_mixin.py:104} INFO - [2021-03-30 00:08:23,647] {dag.py:1818} INFO - Sync 1 DAGs
[2021-03-30 00:08:23,666] {logging_mixin.py:104} INFO - [2021-03-30 00:08:23,665] {dag.py:2273} INFO - Setting next_dagrun for example_python_operator to None
[2021-03-30 00:08:23,681] {scheduler_job.py:190} INFO - Processing /home/airflow/.local/lib/python3.6/site-packages/airflow/example_dags/example_python_operator.py took 0.077 seconds
[2021-03-30 00:08:53,788] {scheduler_job.py:182} INFO - Started process (PID=3675) to work on /home/airflow/.local/lib/python3.6/site-packages/airflow/example_dags/example_python_operator.py
[2021-03-30 00:08:53,789] {scheduler_job.py:629} INFO - Processing file /home/airflow/.local/lib/python3.6/site-packages/airflow/example_dags/example_python_operator.py for tasks to queue
[2021-03-30 00:08:53,790] {logging_mixin.py:104} INFO - [2021-03-30 00:08:53,790] {dagbag.py:448} INFO - Filling up the DagBag from /home/airflow/.local/lib/python3.6/site-packages/airflow/example_dags/example_python_operator.py
[2021-03-30 00:08:53,803] {scheduler_job.py:639} INFO - DAG(s) dict_keys(['example_python_operator']) retrieved from /home/airflow/.local/lib/python3.6/site-packages/airflow/example_dags/example_python_operator.py
[2021-03-30 00:08:53,827] {logging_mixin.py:104} INFO - [2021-03-30 00:08:53,826] {dag.py:1818} INFO - Sync 1 DAGs
[2021-03-30 00:08:53,842] {logging_mixin.py:104} INFO - [2021-03-30 00:08:53,842] {dag.py:2273} INFO - Setting next_dagrun for example_python_operator to None
[2021-03-30 00:08:53,855] {scheduler_job.py:190} INFO - Processing /home/airflow/.local/lib/python3.6/site-packages/airflow/example_dags/example_python_operator.py took 0.070 seconds
[2021-03-30 00:09:24,111] {scheduler_job.py:182} INFO - Started process (PID=3701) to work on /home/airflow/.local/lib/python3.6/site-packages/airflow/example_dags/example_python_operator.py
[2021-03-30 00:09:24,113] {scheduler_job.py:629} INFO - Processing file /home/airflow/.local/lib/python3.6/site-packages/airflow/example_dags/example_python_operator.py for tasks to queue
[2021-03-30 00:09:24,114] {logging_mixin.py:104} INFO - [2021-03-30 00:09:24,114] {dagbag.py:448} INFO - Filling up the DagBag from /home/airflow/.local/lib/python3.6/site-packages/airflow/example_dags/example_python_operator.py
[2021-03-30 00:09:24,129] {scheduler_job.py:639} INFO - DAG(s) dict_keys(['example_python_operator']) retrieved from /home/airflow/.local/lib/python3.6/site-packages/airflow/example_dags/example_python_operator.py
[2021-03-30 00:09:24,158] {logging_mixin.py:104} INFO - [2021-03-30 00:09:24,158] {dag.py:1818} INFO - Sync 1 DAGs
[2021-03-30 00:09:24,185] {logging_mixin.py:104} INFO - [2021-03-30 00:09:24,185] {dag.py:2273} INFO - Setting next_dagrun for example_python_operator to None
[2021-03-30 00:09:24,197] {scheduler_job.py:190} INFO - Processing /home/airflow/.local/lib/python3.6/site-packages/airflow/example_dags/example_python_operator.py took 0.089 seconds
[2021-03-30 00:09:54,279] {scheduler_job.py:182} INFO - Started process (PID=3727) to work on /home/airflow/.local/lib/python3.6/site-packages/airflow/example_dags/example_python_operator.py
[2021-03-30 00:09:54,281] {scheduler_job.py:629} INFO - Processing file /home/airflow/.local/lib/python3.6/site-packages/airflow/example_dags/example_python_operator.py for tasks to queue
[2021-03-30 00:09:54,282] {logging_mixin.py:104} INFO - [2021-03-30 00:09:54,282] {dagbag.py:448} INFO - Filling up the DagBag from /home/airflow/.local/lib/python3.6/site-packages/airflow/example_dags/example_python_operator.py
[2021-03-30 00:09:54,298] {scheduler_job.py:639} INFO - DAG(s) dict_keys(['example_python_operator']) retrieved from /home/airflow/.local/lib/python3.6/site-packages/airflow/example_dags/example_python_operator.py
[2021-03-30 00:09:54,321] {logging_mixin.py:104} INFO - [2021-03-30 00:09:54,320] {dag.py:1818} INFO - Sync 1 DAGs
[2021-03-30 00:09:54,339] {logging_mixin.py:104} INFO - [2021-03-30 00:09:54,339] {dag.py:2273} INFO - Setting next_dagrun for example_python_operator to None
[2021-03-30 00:09:54,350] {scheduler_job.py:190} INFO - Processing /home/airflow/.local/lib/python3.6/site-packages/airflow/example_dags/example_python_operator.py took 0.075 seconds
[2021-03-30 00:10:24,463] {scheduler_job.py:182} INFO - Started process (PID=3753) to work on /home/airflow/.local/lib/python3.6/site-packages/airflow/example_dags/example_python_operator.py
[2021-03-30 00:10:24,465] {scheduler_job.py:629} INFO - Processing file /home/airflow/.local/lib/python3.6/site-packages/airflow/example_dags/example_python_operator.py for tasks to queue
[2021-03-30 00:10:24,466] {logging_mixin.py:104} INFO - [2021-03-30 00:10:24,466] {dagbag.py:448} INFO - Filling up the DagBag from /home/airflow/.local/lib/python3.6/site-packages/airflow/example_dags/example_python_operator.py
[2021-03-30 00:10:24,479] {scheduler_job.py:639} INFO - DAG(s) dict_keys(['example_python_operator']) retrieved from /home/airflow/.local/lib/python3.6/site-packages/airflow/example_dags/example_python_operator.py
[2021-03-30 00:10:24,500] {logging_mixin.py:104} INFO - [2021-03-30 00:10:24,500] {dag.py:1818} INFO - Sync 1 DAGs
[2021-03-30 00:10:24,515] {logging_mixin.py:104} INFO - [2021-03-30 00:10:24,514] {dag.py:2273} INFO - Setting next_dagrun for example_python_operator to None
[2021-03-30 00:10:24,526] {scheduler_job.py:190} INFO - Processing /home/airflow/.local/lib/python3.6/site-packages/airflow/example_dags/example_python_operator.py took 0.067 seconds
[2021-03-30 00:10:54,655] {scheduler_job.py:182} INFO - Started process (PID=3779) to work on /home/airflow/.local/lib/python3.6/site-packages/airflow/example_dags/example_python_operator.py
[2021-03-30 00:10:54,656] {scheduler_job.py:629} INFO - Processing file /home/airflow/.local/lib/python3.6/site-packages/airflow/example_dags/example_python_operator.py for tasks to queue
[2021-03-30 00:10:54,657] {logging_mixin.py:104} INFO - [2021-03-30 00:10:54,657] {dagbag.py:448} INFO - Filling up the DagBag from /home/airflow/.local/lib/python3.6/site-packages/airflow/example_dags/example_python_operator.py
[2021-03-30 00:10:54,670] {scheduler_job.py:639} INFO - DAG(s) dict_keys(['example_python_operator']) retrieved from /home/airflow/.local/lib/python3.6/site-packages/airflow/example_dags/example_python_operator.py
[2021-03-30 00:10:54,693] {logging_mixin.py:104} INFO - [2021-03-30 00:10:54,693] {dag.py:1818} INFO - Sync 1 DAGs
[2021-03-30 00:10:54,711] {logging_mixin.py:104} INFO - [2021-03-30 00:10:54,711] {dag.py:2273} INFO - Setting next_dagrun for example_python_operator to None
[2021-03-30 00:10:54,723] {scheduler_job.py:190} INFO - Processing /home/airflow/.local/lib/python3.6/site-packages/airflow/example_dags/example_python_operator.py took 0.071 seconds
[2021-03-30 00:11:25,027] {scheduler_job.py:182} INFO - Started process (PID=3805) to work on /home/airflow/.local/lib/python3.6/site-packages/airflow/example_dags/example_python_operator.py
[2021-03-30 00:11:25,029] {scheduler_job.py:629} INFO - Processing file /home/airflow/.local/lib/python3.6/site-packages/airflow/example_dags/example_python_operator.py for tasks to queue
[2021-03-30 00:11:25,030] {logging_mixin.py:104} INFO - [2021-03-30 00:11:25,030] {dagbag.py:448} INFO - Filling up the DagBag from /home/airflow/.local/lib/python3.6/site-packages/airflow/example_dags/example_python_operator.py
[2021-03-30 00:11:25,049] {scheduler_job.py:639} INFO - DAG(s) dict_keys(['example_python_operator']) retrieved from /home/airflow/.local/lib/python3.6/site-packages/airflow/example_dags/example_python_operator.py
[2021-03-30 00:11:25,077] {logging_mixin.py:104} INFO - [2021-03-30 00:11:25,077] {dag.py:1818} INFO - Sync 1 DAGs
[2021-03-30 00:11:25,091] {logging_mixin.py:104} INFO - [2021-03-30 00:11:25,091] {dag.py:2273} INFO - Setting next_dagrun for example_python_operator to None
[2021-03-30 00:11:25,101] {scheduler_job.py:190} INFO - Processing /home/airflow/.local/lib/python3.6/site-packages/airflow/example_dags/example_python_operator.py took 0.077 seconds
[2021-03-30 00:11:55,394] {scheduler_job.py:182} INFO - Started process (PID=3831) to work on /home/airflow/.local/lib/python3.6/site-packages/airflow/example_dags/example_python_operator.py
[2021-03-30 00:11:55,395] {scheduler_job.py:629} INFO - Processing file /home/airflow/.local/lib/python3.6/site-packages/airflow/example_dags/example_python_operator.py for tasks to queue
[2021-03-30 00:11:55,397] {logging_mixin.py:104} INFO - [2021-03-30 00:11:55,397] {dagbag.py:448} INFO - Filling up the DagBag from /home/airflow/.local/lib/python3.6/site-packages/airflow/example_dags/example_python_operator.py
[2021-03-30 00:11:55,409] {scheduler_job.py:639} INFO - DAG(s) dict_keys(['example_python_operator']) retrieved from /home/airflow/.local/lib/python3.6/site-packages/airflow/example_dags/example_python_operator.py
[2021-03-30 00:11:55,430] {logging_mixin.py:104} INFO - [2021-03-30 00:11:55,430] {dag.py:1818} INFO - Sync 1 DAGs
[2021-03-30 00:11:55,444] {logging_mixin.py:104} INFO - [2021-03-30 00:11:55,444] {dag.py:2273} INFO - Setting next_dagrun for example_python_operator to None
[2021-03-30 00:11:55,459] {scheduler_job.py:190} INFO - Processing /home/airflow/.local/lib/python3.6/site-packages/airflow/example_dags/example_python_operator.py took 0.069 seconds
[2021-03-30 00:12:25,499] {scheduler_job.py:182} INFO - Started process (PID=3857) to work on /home/airflow/.local/lib/python3.6/site-packages/airflow/example_dags/example_python_operator.py
[2021-03-30 00:12:25,500] {scheduler_job.py:629} INFO - Processing file /home/airflow/.local/lib/python3.6/site-packages/airflow/example_dags/example_python_operator.py for tasks to queue
[2021-03-30 00:12:25,502] {logging_mixin.py:104} INFO - [2021-03-30 00:12:25,501] {dagbag.py:448} INFO - Filling up the DagBag from /home/airflow/.local/lib/python3.6/site-packages/airflow/example_dags/example_python_operator.py
[2021-03-30 00:12:25,517] {scheduler_job.py:639} INFO - DAG(s) dict_keys(['example_python_operator']) retrieved from /home/airflow/.local/lib/python3.6/site-packages/airflow/example_dags/example_python_operator.py
[2021-03-30 00:12:25,540] {logging_mixin.py:104} INFO - [2021-03-30 00:12:25,540] {dag.py:1818} INFO - Sync 1 DAGs
[2021-03-30 00:12:25,559] {logging_mixin.py:104} INFO - [2021-03-30 00:12:25,559] {dag.py:2273} INFO - Setting next_dagrun for example_python_operator to None
[2021-03-30 00:12:25,611] {scheduler_job.py:190} INFO - Processing /home/airflow/.local/lib/python3.6/site-packages/airflow/example_dags/example_python_operator.py took 0.115 seconds
[2021-03-30 00:12:55,731] {scheduler_job.py:182} INFO - Started process (PID=3883) to work on /home/airflow/.local/lib/python3.6/site-packages/airflow/example_dags/example_python_operator.py
[2021-03-30 00:12:55,733] {scheduler_job.py:629} INFO - Processing file /home/airflow/.local/lib/python3.6/site-packages/airflow/example_dags/example_python_operator.py for tasks to queue
[2021-03-30 00:12:55,734] {logging_mixin.py:104} INFO - [2021-03-30 00:12:55,734] {dagbag.py:448} INFO - Filling up the DagBag from /home/airflow/.local/lib/python3.6/site-packages/airflow/example_dags/example_python_operator.py
[2021-03-30 00:12:55,746] {scheduler_job.py:639} INFO - DAG(s) dict_keys(['example_python_operator']) retrieved from /home/airflow/.local/lib/python3.6/site-packages/airflow/example_dags/example_python_operator.py
[2021-03-30 00:12:55,767] {logging_mixin.py:104} INFO - [2021-03-30 00:12:55,767] {dag.py:1818} INFO - Sync 1 DAGs
[2021-03-30 00:12:55,782] {logging_mixin.py:104} INFO - [2021-03-30 00:12:55,782] {dag.py:2273} INFO - Setting next_dagrun for example_python_operator to None
[2021-03-30 00:12:55,792] {scheduler_job.py:190} INFO - Processing /home/airflow/.local/lib/python3.6/site-packages/airflow/example_dags/example_python_operator.py took 0.064 seconds
[2021-03-30 00:13:25,843] {scheduler_job.py:182} INFO - Started process (PID=3909) to work on /home/airflow/.local/lib/python3.6/site-packages/airflow/example_dags/example_python_operator.py
[2021-03-30 00:13:25,845] {scheduler_job.py:629} INFO - Processing file /home/airflow/.local/lib/python3.6/site-packages/airflow/example_dags/example_python_operator.py for tasks to queue
[2021-03-30 00:13:25,845] {logging_mixin.py:104} INFO - [2021-03-30 00:13:25,845] {dagbag.py:448} INFO - Filling up the DagBag from /home/airflow/.local/lib/python3.6/site-packages/airflow/example_dags/example_python_operator.py
[2021-03-30 00:13:25,857] {scheduler_job.py:639} INFO - DAG(s) dict_keys(['example_python_operator']) retrieved from /home/airflow/.local/lib/python3.6/site-packages/airflow/example_dags/example_python_operator.py
[2021-03-30 00:13:25,877] {logging_mixin.py:104} INFO - [2021-03-30 00:13:25,877] {dag.py:1818} INFO - Sync 1 DAGs
[2021-03-30 00:13:25,891] {logging_mixin.py:104} INFO - [2021-03-30 00:13:25,891] {dag.py:2273} INFO - Setting next_dagrun for example_python_operator to None
[2021-03-30 00:13:25,901] {scheduler_job.py:190} INFO - Processing /home/airflow/.local/lib/python3.6/site-packages/airflow/example_dags/example_python_operator.py took 0.061 seconds
[2021-03-30 00:13:56,223] {scheduler_job.py:182} INFO - Started process (PID=3935) to work on /home/airflow/.local/lib/python3.6/site-packages/airflow/example_dags/example_python_operator.py
[2021-03-30 00:13:56,225] {scheduler_job.py:629} INFO - Processing file /home/airflow/.local/lib/python3.6/site-packages/airflow/example_dags/example_python_operator.py for tasks to queue
[2021-03-30 00:13:56,226] {logging_mixin.py:104} INFO - [2021-03-30 00:13:56,226] {dagbag.py:448} INFO - Filling up the DagBag from /home/airflow/.local/lib/python3.6/site-packages/airflow/example_dags/example_python_operator.py
[2021-03-30 00:13:56,242] {scheduler_job.py:639} INFO - DAG(s) dict_keys(['example_python_operator']) retrieved from /home/airflow/.local/lib/python3.6/site-packages/airflow/example_dags/example_python_operator.py
[2021-03-30 00:13:56,266] {logging_mixin.py:104} INFO - [2021-03-30 00:13:56,266] {dag.py:1818} INFO - Sync 1 DAGs
[2021-03-30 00:13:56,284] {logging_mixin.py:104} INFO - [2021-03-30 00:13:56,284] {dag.py:2273} INFO - Setting next_dagrun for example_python_operator to None
[2021-03-30 00:13:56,299] {scheduler_job.py:190} INFO - Processing /home/airflow/.local/lib/python3.6/site-packages/airflow/example_dags/example_python_operator.py took 0.079 seconds
[2021-03-30 00:14:26,935] {scheduler_job.py:182} INFO - Started process (PID=3961) to work on /home/airflow/.local/lib/python3.6/site-packages/airflow/example_dags/example_python_operator.py
[2021-03-30 00:14:26,936] {scheduler_job.py:629} INFO - Processing file /home/airflow/.local/lib/python3.6/site-packages/airflow/example_dags/example_python_operator.py for tasks to queue
[2021-03-30 00:14:26,937] {logging_mixin.py:104} INFO - [2021-03-30 00:14:26,937] {dagbag.py:448} INFO - Filling up the DagBag from /home/airflow/.local/lib/python3.6/site-packages/airflow/example_dags/example_python_operator.py
[2021-03-30 00:14:26,948] {scheduler_job.py:639} INFO - DAG(s) dict_keys(['example_python_operator']) retrieved from /home/airflow/.local/lib/python3.6/site-packages/airflow/example_dags/example_python_operator.py
[2021-03-30 00:14:26,968] {logging_mixin.py:104} INFO - [2021-03-30 00:14:26,968] {dag.py:1818} INFO - Sync 1 DAGs
[2021-03-30 00:14:26,983] {logging_mixin.py:104} INFO - [2021-03-30 00:14:26,983] {dag.py:2273} INFO - Setting next_dagrun for example_python_operator to None
[2021-03-30 00:14:29,036] {scheduler_job.py:190} INFO - Processing /home/airflow/.local/lib/python3.6/site-packages/airflow/example_dags/example_python_operator.py took 2.104 seconds
[2021-03-30 00:14:59,148] {scheduler_job.py:182} INFO - Started process (PID=3988) to work on /home/airflow/.local/lib/python3.6/site-packages/airflow/example_dags/example_python_operator.py
[2021-03-30 00:14:59,149] {scheduler_job.py:629} INFO - Processing file /home/airflow/.local/lib/python3.6/site-packages/airflow/example_dags/example_python_operator.py for tasks to queue
[2021-03-30 00:14:59,150] {logging_mixin.py:104} INFO - [2021-03-30 00:14:59,150] {dagbag.py:448} INFO - Filling up the DagBag from /home/airflow/.local/lib/python3.6/site-packages/airflow/example_dags/example_python_operator.py
[2021-03-30 00:14:59,161] {scheduler_job.py:639} INFO - DAG(s) dict_keys(['example_python_operator']) retrieved from /home/airflow/.local/lib/python3.6/site-packages/airflow/example_dags/example_python_operator.py
[2021-03-30 00:14:59,182] {logging_mixin.py:104} INFO - [2021-03-30 00:14:59,182] {dag.py:1818} INFO - Sync 1 DAGs
[2021-03-30 00:14:59,196] {logging_mixin.py:104} INFO - [2021-03-30 00:14:59,196] {dag.py:2273} INFO - Setting next_dagrun for example_python_operator to None
[2021-03-30 00:14:59,206] {scheduler_job.py:190} INFO - Processing /home/airflow/.local/lib/python3.6/site-packages/airflow/example_dags/example_python_operator.py took 0.061 seconds
[2021-03-30 00:15:29,514] {scheduler_job.py:182} INFO - Started process (PID=4014) to work on /home/airflow/.local/lib/python3.6/site-packages/airflow/example_dags/example_python_operator.py
[2021-03-30 00:15:29,515] {scheduler_job.py:629} INFO - Processing file /home/airflow/.local/lib/python3.6/site-packages/airflow/example_dags/example_python_operator.py for tasks to queue
[2021-03-30 00:15:29,516] {logging_mixin.py:104} INFO - [2021-03-30 00:15:29,516] {dagbag.py:448} INFO - Filling up the DagBag from /home/airflow/.local/lib/python3.6/site-packages/airflow/example_dags/example_python_operator.py
[2021-03-30 00:15:29,527] {scheduler_job.py:639} INFO - DAG(s) dict_keys(['example_python_operator']) retrieved from /home/airflow/.local/lib/python3.6/site-packages/airflow/example_dags/example_python_operator.py
[2021-03-30 00:15:29,547] {logging_mixin.py:104} INFO - [2021-03-30 00:15:29,547] {dag.py:1818} INFO - Sync 1 DAGs
[2021-03-30 00:15:29,560] {logging_mixin.py:104} INFO - [2021-03-30 00:15:29,560] {dag.py:2273} INFO - Setting next_dagrun for example_python_operator to None
[2021-03-30 00:15:29,572] {scheduler_job.py:190} INFO - Processing /home/airflow/.local/lib/python3.6/site-packages/airflow/example_dags/example_python_operator.py took 0.060 seconds
[2021-03-30 00:15:59,657] {scheduler_job.py:182} INFO - Started process (PID=4040) to work on /home/airflow/.local/lib/python3.6/site-packages/airflow/example_dags/example_python_operator.py
[2021-03-30 00:15:59,659] {scheduler_job.py:629} INFO - Processing file /home/airflow/.local/lib/python3.6/site-packages/airflow/example_dags/example_python_operator.py for tasks to queue
[2021-03-30 00:15:59,660] {logging_mixin.py:104} INFO - [2021-03-30 00:15:59,660] {dagbag.py:448} INFO - Filling up the DagBag from /home/airflow/.local/lib/python3.6/site-packages/airflow/example_dags/example_python_operator.py
[2021-03-30 00:15:59,672] {scheduler_job.py:639} INFO - DAG(s) dict_keys(['example_python_operator']) retrieved from /home/airflow/.local/lib/python3.6/site-packages/airflow/example_dags/example_python_operator.py
[2021-03-30 00:15:59,693] {logging_mixin.py:104} INFO - [2021-03-30 00:15:59,693] {dag.py:1818} INFO - Sync 1 DAGs
[2021-03-30 00:15:59,707] {logging_mixin.py:104} INFO - [2021-03-30 00:15:59,707] {dag.py:2273} INFO - Setting next_dagrun for example_python_operator to None
[2021-03-30 00:15:59,717] {scheduler_job.py:190} INFO - Processing /home/airflow/.local/lib/python3.6/site-packages/airflow/example_dags/example_python_operator.py took 0.062 seconds
