[2021-03-30 00:00:18,055] {scheduler_job.py:182} INFO - Started process (PID=3237) to work on /home/airflow/.local/lib/python3.6/site-packages/airflow/example_dags/example_nested_branch_dag.py
[2021-03-30 00:00:18,058] {scheduler_job.py:629} INFO - Processing file /home/airflow/.local/lib/python3.6/site-packages/airflow/example_dags/example_nested_branch_dag.py for tasks to queue
[2021-03-30 00:00:18,059] {logging_mixin.py:104} INFO - [2021-03-30 00:00:18,059] {dagbag.py:448} INFO - Filling up the DagBag from /home/airflow/.local/lib/python3.6/site-packages/airflow/example_dags/example_nested_branch_dag.py
[2021-03-30 00:00:18,118] {scheduler_job.py:639} INFO - DAG(s) dict_keys(['example_nested_branch_dag']) retrieved from /home/airflow/.local/lib/python3.6/site-packages/airflow/example_dags/example_nested_branch_dag.py
[2021-03-30 00:00:18,189] {logging_mixin.py:104} INFO - [2021-03-30 00:00:18,189] {dag.py:1818} INFO - Sync 1 DAGs
[2021-03-30 00:00:18,241] {logging_mixin.py:104} INFO - [2021-03-30 00:00:18,240] {dag.py:2273} INFO - Setting next_dagrun for example_nested_branch_dag to 2021-03-28 00:00:00+00:00
[2021-03-30 00:00:18,265] {scheduler_job.py:190} INFO - Processing /home/airflow/.local/lib/python3.6/site-packages/airflow/example_dags/example_nested_branch_dag.py took 0.216 seconds
[2021-03-30 00:00:48,320] {scheduler_job.py:182} INFO - Started process (PID=3263) to work on /home/airflow/.local/lib/python3.6/site-packages/airflow/example_dags/example_nested_branch_dag.py
[2021-03-30 00:00:48,322] {scheduler_job.py:629} INFO - Processing file /home/airflow/.local/lib/python3.6/site-packages/airflow/example_dags/example_nested_branch_dag.py for tasks to queue
[2021-03-30 00:00:48,323] {logging_mixin.py:104} INFO - [2021-03-30 00:00:48,323] {dagbag.py:448} INFO - Filling up the DagBag from /home/airflow/.local/lib/python3.6/site-packages/airflow/example_dags/example_nested_branch_dag.py
[2021-03-30 00:00:48,341] {scheduler_job.py:639} INFO - DAG(s) dict_keys(['example_nested_branch_dag']) retrieved from /home/airflow/.local/lib/python3.6/site-packages/airflow/example_dags/example_nested_branch_dag.py
[2021-03-30 00:00:48,366] {logging_mixin.py:104} INFO - [2021-03-30 00:00:48,366] {dag.py:1818} INFO - Sync 1 DAGs
[2021-03-30 00:00:48,391] {logging_mixin.py:104} INFO - [2021-03-30 00:00:48,391] {dag.py:2273} INFO - Setting next_dagrun for example_nested_branch_dag to 2021-03-28 00:00:00+00:00
[2021-03-30 00:00:48,402] {scheduler_job.py:190} INFO - Processing /home/airflow/.local/lib/python3.6/site-packages/airflow/example_dags/example_nested_branch_dag.py took 0.086 seconds
[2021-03-30 00:01:18,990] {scheduler_job.py:182} INFO - Started process (PID=3290) to work on /home/airflow/.local/lib/python3.6/site-packages/airflow/example_dags/example_nested_branch_dag.py
[2021-03-30 00:01:18,996] {scheduler_job.py:629} INFO - Processing file /home/airflow/.local/lib/python3.6/site-packages/airflow/example_dags/example_nested_branch_dag.py for tasks to queue
[2021-03-30 00:01:18,997] {logging_mixin.py:104} INFO - [2021-03-30 00:01:18,997] {dagbag.py:448} INFO - Filling up the DagBag from /home/airflow/.local/lib/python3.6/site-packages/airflow/example_dags/example_nested_branch_dag.py
[2021-03-30 00:01:19,030] {scheduler_job.py:639} INFO - DAG(s) dict_keys(['example_nested_branch_dag']) retrieved from /home/airflow/.local/lib/python3.6/site-packages/airflow/example_dags/example_nested_branch_dag.py
[2021-03-30 00:01:19,073] {logging_mixin.py:104} INFO - [2021-03-30 00:01:19,073] {dag.py:1818} INFO - Sync 1 DAGs
[2021-03-30 00:01:19,133] {logging_mixin.py:104} INFO - [2021-03-30 00:01:19,133] {dag.py:2273} INFO - Setting next_dagrun for example_nested_branch_dag to 2021-03-28 00:00:00+00:00
[2021-03-30 00:01:19,152] {scheduler_job.py:190} INFO - Processing /home/airflow/.local/lib/python3.6/site-packages/airflow/example_dags/example_nested_branch_dag.py took 0.167 seconds
[2021-03-30 00:01:49,729] {scheduler_job.py:182} INFO - Started process (PID=3316) to work on /home/airflow/.local/lib/python3.6/site-packages/airflow/example_dags/example_nested_branch_dag.py
[2021-03-30 00:01:49,730] {scheduler_job.py:629} INFO - Processing file /home/airflow/.local/lib/python3.6/site-packages/airflow/example_dags/example_nested_branch_dag.py for tasks to queue
[2021-03-30 00:01:49,732] {logging_mixin.py:104} INFO - [2021-03-30 00:01:49,731] {dagbag.py:448} INFO - Filling up the DagBag from /home/airflow/.local/lib/python3.6/site-packages/airflow/example_dags/example_nested_branch_dag.py
[2021-03-30 00:01:49,751] {scheduler_job.py:639} INFO - DAG(s) dict_keys(['example_nested_branch_dag']) retrieved from /home/airflow/.local/lib/python3.6/site-packages/airflow/example_dags/example_nested_branch_dag.py
[2021-03-30 00:01:49,776] {logging_mixin.py:104} INFO - [2021-03-30 00:01:49,776] {dag.py:1818} INFO - Sync 1 DAGs
[2021-03-30 00:01:49,810] {logging_mixin.py:104} INFO - [2021-03-30 00:01:49,810] {dag.py:2273} INFO - Setting next_dagrun for example_nested_branch_dag to 2021-03-28 00:00:00+00:00
[2021-03-30 00:01:49,821] {scheduler_job.py:190} INFO - Processing /home/airflow/.local/lib/python3.6/site-packages/airflow/example_dags/example_nested_branch_dag.py took 0.097 seconds
[2021-03-30 00:02:20,556] {scheduler_job.py:182} INFO - Started process (PID=3342) to work on /home/airflow/.local/lib/python3.6/site-packages/airflow/example_dags/example_nested_branch_dag.py
[2021-03-30 00:02:20,561] {scheduler_job.py:629} INFO - Processing file /home/airflow/.local/lib/python3.6/site-packages/airflow/example_dags/example_nested_branch_dag.py for tasks to queue
[2021-03-30 00:02:20,564] {logging_mixin.py:104} INFO - [2021-03-30 00:02:20,563] {dagbag.py:448} INFO - Filling up the DagBag from /home/airflow/.local/lib/python3.6/site-packages/airflow/example_dags/example_nested_branch_dag.py
[2021-03-30 00:02:20,599] {scheduler_job.py:639} INFO - DAG(s) dict_keys(['example_nested_branch_dag']) retrieved from /home/airflow/.local/lib/python3.6/site-packages/airflow/example_dags/example_nested_branch_dag.py
[2021-03-30 00:02:20,652] {logging_mixin.py:104} INFO - [2021-03-30 00:02:20,652] {dag.py:1818} INFO - Sync 1 DAGs
[2021-03-30 00:02:20,698] {logging_mixin.py:104} INFO - [2021-03-30 00:02:20,698] {dag.py:2273} INFO - Setting next_dagrun for example_nested_branch_dag to 2021-03-28 00:00:00+00:00
[2021-03-30 00:02:20,717] {scheduler_job.py:190} INFO - Processing /home/airflow/.local/lib/python3.6/site-packages/airflow/example_dags/example_nested_branch_dag.py took 0.169 seconds
[2021-03-30 00:02:51,406] {scheduler_job.py:182} INFO - Started process (PID=3368) to work on /home/airflow/.local/lib/python3.6/site-packages/airflow/example_dags/example_nested_branch_dag.py
[2021-03-30 00:02:51,407] {scheduler_job.py:629} INFO - Processing file /home/airflow/.local/lib/python3.6/site-packages/airflow/example_dags/example_nested_branch_dag.py for tasks to queue
[2021-03-30 00:02:51,408] {logging_mixin.py:104} INFO - [2021-03-30 00:02:51,408] {dagbag.py:448} INFO - Filling up the DagBag from /home/airflow/.local/lib/python3.6/site-packages/airflow/example_dags/example_nested_branch_dag.py
[2021-03-30 00:02:51,427] {scheduler_job.py:639} INFO - DAG(s) dict_keys(['example_nested_branch_dag']) retrieved from /home/airflow/.local/lib/python3.6/site-packages/airflow/example_dags/example_nested_branch_dag.py
[2021-03-30 00:02:51,454] {logging_mixin.py:104} INFO - [2021-03-30 00:02:51,454] {dag.py:1818} INFO - Sync 1 DAGs
[2021-03-30 00:02:51,482] {logging_mixin.py:104} INFO - [2021-03-30 00:02:51,482] {dag.py:2273} INFO - Setting next_dagrun for example_nested_branch_dag to 2021-03-28 00:00:00+00:00
[2021-03-30 00:02:51,496] {scheduler_job.py:190} INFO - Processing /home/airflow/.local/lib/python3.6/site-packages/airflow/example_dags/example_nested_branch_dag.py took 0.095 seconds
[2021-03-30 00:03:21,710] {scheduler_job.py:182} INFO - Started process (PID=3394) to work on /home/airflow/.local/lib/python3.6/site-packages/airflow/example_dags/example_nested_branch_dag.py
[2021-03-30 00:03:21,712] {scheduler_job.py:629} INFO - Processing file /home/airflow/.local/lib/python3.6/site-packages/airflow/example_dags/example_nested_branch_dag.py for tasks to queue
[2021-03-30 00:03:21,713] {logging_mixin.py:104} INFO - [2021-03-30 00:03:21,713] {dagbag.py:448} INFO - Filling up the DagBag from /home/airflow/.local/lib/python3.6/site-packages/airflow/example_dags/example_nested_branch_dag.py
[2021-03-30 00:03:21,733] {scheduler_job.py:639} INFO - DAG(s) dict_keys(['example_nested_branch_dag']) retrieved from /home/airflow/.local/lib/python3.6/site-packages/airflow/example_dags/example_nested_branch_dag.py
[2021-03-30 00:03:21,756] {logging_mixin.py:104} INFO - [2021-03-30 00:03:21,756] {dag.py:1818} INFO - Sync 1 DAGs
[2021-03-30 00:03:21,782] {logging_mixin.py:104} INFO - [2021-03-30 00:03:21,782] {dag.py:2273} INFO - Setting next_dagrun for example_nested_branch_dag to 2021-03-28 00:00:00+00:00
[2021-03-30 00:03:21,793] {scheduler_job.py:190} INFO - Processing /home/airflow/.local/lib/python3.6/site-packages/airflow/example_dags/example_nested_branch_dag.py took 0.087 seconds
[2021-03-30 00:03:51,932] {scheduler_job.py:182} INFO - Started process (PID=3419) to work on /home/airflow/.local/lib/python3.6/site-packages/airflow/example_dags/example_nested_branch_dag.py
[2021-03-30 00:03:51,935] {scheduler_job.py:629} INFO - Processing file /home/airflow/.local/lib/python3.6/site-packages/airflow/example_dags/example_nested_branch_dag.py for tasks to queue
[2021-03-30 00:03:51,936] {logging_mixin.py:104} INFO - [2021-03-30 00:03:51,936] {dagbag.py:448} INFO - Filling up the DagBag from /home/airflow/.local/lib/python3.6/site-packages/airflow/example_dags/example_nested_branch_dag.py
[2021-03-30 00:03:51,965] {scheduler_job.py:639} INFO - DAG(s) dict_keys(['example_nested_branch_dag']) retrieved from /home/airflow/.local/lib/python3.6/site-packages/airflow/example_dags/example_nested_branch_dag.py
[2021-03-30 00:03:51,999] {logging_mixin.py:104} INFO - [2021-03-30 00:03:51,999] {dag.py:1818} INFO - Sync 1 DAGs
[2021-03-30 00:03:52,028] {logging_mixin.py:104} INFO - [2021-03-30 00:03:52,028] {dag.py:2273} INFO - Setting next_dagrun for example_nested_branch_dag to 2021-03-28 00:00:00+00:00
[2021-03-30 00:03:52,041] {scheduler_job.py:190} INFO - Processing /home/airflow/.local/lib/python3.6/site-packages/airflow/example_dags/example_nested_branch_dag.py took 0.114 seconds
[2021-03-30 00:04:22,070] {scheduler_job.py:182} INFO - Started process (PID=3445) to work on /home/airflow/.local/lib/python3.6/site-packages/airflow/example_dags/example_nested_branch_dag.py
[2021-03-30 00:04:22,072] {scheduler_job.py:629} INFO - Processing file /home/airflow/.local/lib/python3.6/site-packages/airflow/example_dags/example_nested_branch_dag.py for tasks to queue
[2021-03-30 00:04:22,072] {logging_mixin.py:104} INFO - [2021-03-30 00:04:22,072] {dagbag.py:448} INFO - Filling up the DagBag from /home/airflow/.local/lib/python3.6/site-packages/airflow/example_dags/example_nested_branch_dag.py
[2021-03-30 00:04:22,089] {scheduler_job.py:639} INFO - DAG(s) dict_keys(['example_nested_branch_dag']) retrieved from /home/airflow/.local/lib/python3.6/site-packages/airflow/example_dags/example_nested_branch_dag.py
[2021-03-30 00:04:22,110] {logging_mixin.py:104} INFO - [2021-03-30 00:04:22,110] {dag.py:1818} INFO - Sync 1 DAGs
[2021-03-30 00:04:22,130] {logging_mixin.py:104} INFO - [2021-03-30 00:04:22,130] {dag.py:2273} INFO - Setting next_dagrun for example_nested_branch_dag to 2021-03-28 00:00:00+00:00
[2021-03-30 00:04:22,140] {scheduler_job.py:190} INFO - Processing /home/airflow/.local/lib/python3.6/site-packages/airflow/example_dags/example_nested_branch_dag.py took 0.073 seconds
[2021-03-30 00:04:52,319] {scheduler_job.py:182} INFO - Started process (PID=3471) to work on /home/airflow/.local/lib/python3.6/site-packages/airflow/example_dags/example_nested_branch_dag.py
[2021-03-30 00:04:52,320] {scheduler_job.py:629} INFO - Processing file /home/airflow/.local/lib/python3.6/site-packages/airflow/example_dags/example_nested_branch_dag.py for tasks to queue
[2021-03-30 00:04:52,321] {logging_mixin.py:104} INFO - [2021-03-30 00:04:52,321] {dagbag.py:448} INFO - Filling up the DagBag from /home/airflow/.local/lib/python3.6/site-packages/airflow/example_dags/example_nested_branch_dag.py
[2021-03-30 00:04:52,339] {scheduler_job.py:639} INFO - DAG(s) dict_keys(['example_nested_branch_dag']) retrieved from /home/airflow/.local/lib/python3.6/site-packages/airflow/example_dags/example_nested_branch_dag.py
[2021-03-30 00:04:52,360] {logging_mixin.py:104} INFO - [2021-03-30 00:04:52,360] {dag.py:1818} INFO - Sync 1 DAGs
[2021-03-30 00:04:52,381] {logging_mixin.py:104} INFO - [2021-03-30 00:04:52,381] {dag.py:2273} INFO - Setting next_dagrun for example_nested_branch_dag to 2021-03-28 00:00:00+00:00
[2021-03-30 00:04:52,390] {scheduler_job.py:190} INFO - Processing /home/airflow/.local/lib/python3.6/site-packages/airflow/example_dags/example_nested_branch_dag.py took 0.075 seconds
[2021-03-30 00:05:22,474] {scheduler_job.py:182} INFO - Started process (PID=3498) to work on /home/airflow/.local/lib/python3.6/site-packages/airflow/example_dags/example_nested_branch_dag.py
[2021-03-30 00:05:22,476] {scheduler_job.py:629} INFO - Processing file /home/airflow/.local/lib/python3.6/site-packages/airflow/example_dags/example_nested_branch_dag.py for tasks to queue
[2021-03-30 00:05:22,477] {logging_mixin.py:104} INFO - [2021-03-30 00:05:22,477] {dagbag.py:448} INFO - Filling up the DagBag from /home/airflow/.local/lib/python3.6/site-packages/airflow/example_dags/example_nested_branch_dag.py
[2021-03-30 00:05:22,490] {scheduler_job.py:639} INFO - DAG(s) dict_keys(['example_nested_branch_dag']) retrieved from /home/airflow/.local/lib/python3.6/site-packages/airflow/example_dags/example_nested_branch_dag.py
[2021-03-30 00:05:22,509] {logging_mixin.py:104} INFO - [2021-03-30 00:05:22,509] {dag.py:1818} INFO - Sync 1 DAGs
[2021-03-30 00:05:22,531] {logging_mixin.py:104} INFO - [2021-03-30 00:05:22,531] {dag.py:2273} INFO - Setting next_dagrun for example_nested_branch_dag to 2021-03-28 00:00:00+00:00
[2021-03-30 00:05:22,541] {scheduler_job.py:190} INFO - Processing /home/airflow/.local/lib/python3.6/site-packages/airflow/example_dags/example_nested_branch_dag.py took 0.069 seconds
[2021-03-30 00:05:53,199] {scheduler_job.py:182} INFO - Started process (PID=3524) to work on /home/airflow/.local/lib/python3.6/site-packages/airflow/example_dags/example_nested_branch_dag.py
[2021-03-30 00:05:53,200] {scheduler_job.py:629} INFO - Processing file /home/airflow/.local/lib/python3.6/site-packages/airflow/example_dags/example_nested_branch_dag.py for tasks to queue
[2021-03-30 00:05:53,201] {logging_mixin.py:104} INFO - [2021-03-30 00:05:53,201] {dagbag.py:448} INFO - Filling up the DagBag from /home/airflow/.local/lib/python3.6/site-packages/airflow/example_dags/example_nested_branch_dag.py
[2021-03-30 00:05:53,214] {scheduler_job.py:639} INFO - DAG(s) dict_keys(['example_nested_branch_dag']) retrieved from /home/airflow/.local/lib/python3.6/site-packages/airflow/example_dags/example_nested_branch_dag.py
[2021-03-30 00:05:53,235] {logging_mixin.py:104} INFO - [2021-03-30 00:05:53,235] {dag.py:1818} INFO - Sync 1 DAGs
[2021-03-30 00:05:53,260] {logging_mixin.py:104} INFO - [2021-03-30 00:05:53,260] {dag.py:2273} INFO - Setting next_dagrun for example_nested_branch_dag to 2021-03-28 00:00:00+00:00
[2021-03-30 00:05:53,270] {scheduler_job.py:190} INFO - Processing /home/airflow/.local/lib/python3.6/site-packages/airflow/example_dags/example_nested_branch_dag.py took 0.074 seconds
[2021-03-30 00:06:23,387] {scheduler_job.py:182} INFO - Started process (PID=3549) to work on /home/airflow/.local/lib/python3.6/site-packages/airflow/example_dags/example_nested_branch_dag.py
[2021-03-30 00:06:23,388] {scheduler_job.py:629} INFO - Processing file /home/airflow/.local/lib/python3.6/site-packages/airflow/example_dags/example_nested_branch_dag.py for tasks to queue
[2021-03-30 00:06:23,389] {logging_mixin.py:104} INFO - [2021-03-30 00:06:23,389] {dagbag.py:448} INFO - Filling up the DagBag from /home/airflow/.local/lib/python3.6/site-packages/airflow/example_dags/example_nested_branch_dag.py
[2021-03-30 00:06:23,407] {scheduler_job.py:639} INFO - DAG(s) dict_keys(['example_nested_branch_dag']) retrieved from /home/airflow/.local/lib/python3.6/site-packages/airflow/example_dags/example_nested_branch_dag.py
[2021-03-30 00:06:23,430] {logging_mixin.py:104} INFO - [2021-03-30 00:06:23,430] {dag.py:1818} INFO - Sync 1 DAGs
[2021-03-30 00:06:23,452] {logging_mixin.py:104} INFO - [2021-03-30 00:06:23,452] {dag.py:2273} INFO - Setting next_dagrun for example_nested_branch_dag to 2021-03-28 00:00:00+00:00
[2021-03-30 00:06:23,460] {scheduler_job.py:190} INFO - Processing /home/airflow/.local/lib/python3.6/site-packages/airflow/example_dags/example_nested_branch_dag.py took 0.077 seconds
[2021-03-30 00:06:53,638] {scheduler_job.py:182} INFO - Started process (PID=3575) to work on /home/airflow/.local/lib/python3.6/site-packages/airflow/example_dags/example_nested_branch_dag.py
[2021-03-30 00:06:53,640] {scheduler_job.py:629} INFO - Processing file /home/airflow/.local/lib/python3.6/site-packages/airflow/example_dags/example_nested_branch_dag.py for tasks to queue
[2021-03-30 00:06:53,641] {logging_mixin.py:104} INFO - [2021-03-30 00:06:53,641] {dagbag.py:448} INFO - Filling up the DagBag from /home/airflow/.local/lib/python3.6/site-packages/airflow/example_dags/example_nested_branch_dag.py
[2021-03-30 00:06:53,666] {scheduler_job.py:639} INFO - DAG(s) dict_keys(['example_nested_branch_dag']) retrieved from /home/airflow/.local/lib/python3.6/site-packages/airflow/example_dags/example_nested_branch_dag.py
[2021-03-30 00:06:53,698] {logging_mixin.py:104} INFO - [2021-03-30 00:06:53,698] {dag.py:1818} INFO - Sync 1 DAGs
[2021-03-30 00:06:53,728] {logging_mixin.py:104} INFO - [2021-03-30 00:06:53,728] {dag.py:2273} INFO - Setting next_dagrun for example_nested_branch_dag to 2021-03-28 00:00:00+00:00
[2021-03-30 00:06:53,742] {scheduler_job.py:190} INFO - Processing /home/airflow/.local/lib/python3.6/site-packages/airflow/example_dags/example_nested_branch_dag.py took 0.109 seconds
[2021-03-30 00:07:24,186] {scheduler_job.py:182} INFO - Started process (PID=3602) to work on /home/airflow/.local/lib/python3.6/site-packages/airflow/example_dags/example_nested_branch_dag.py
[2021-03-30 00:07:24,188] {scheduler_job.py:629} INFO - Processing file /home/airflow/.local/lib/python3.6/site-packages/airflow/example_dags/example_nested_branch_dag.py for tasks to queue
[2021-03-30 00:07:24,190] {logging_mixin.py:104} INFO - [2021-03-30 00:07:24,189] {dagbag.py:448} INFO - Filling up the DagBag from /home/airflow/.local/lib/python3.6/site-packages/airflow/example_dags/example_nested_branch_dag.py
[2021-03-30 00:07:24,208] {scheduler_job.py:639} INFO - DAG(s) dict_keys(['example_nested_branch_dag']) retrieved from /home/airflow/.local/lib/python3.6/site-packages/airflow/example_dags/example_nested_branch_dag.py
[2021-03-30 00:07:24,233] {logging_mixin.py:104} INFO - [2021-03-30 00:07:24,233] {dag.py:1818} INFO - Sync 1 DAGs
[2021-03-30 00:07:24,257] {logging_mixin.py:104} INFO - [2021-03-30 00:07:24,257] {dag.py:2273} INFO - Setting next_dagrun for example_nested_branch_dag to 2021-03-28 00:00:00+00:00
[2021-03-30 00:07:24,266] {scheduler_job.py:190} INFO - Processing /home/airflow/.local/lib/python3.6/site-packages/airflow/example_dags/example_nested_branch_dag.py took 0.090 seconds
[2021-03-30 00:07:54,696] {scheduler_job.py:182} INFO - Started process (PID=3628) to work on /home/airflow/.local/lib/python3.6/site-packages/airflow/example_dags/example_nested_branch_dag.py
[2021-03-30 00:07:54,698] {scheduler_job.py:629} INFO - Processing file /home/airflow/.local/lib/python3.6/site-packages/airflow/example_dags/example_nested_branch_dag.py for tasks to queue
[2021-03-30 00:07:54,699] {logging_mixin.py:104} INFO - [2021-03-30 00:07:54,699] {dagbag.py:448} INFO - Filling up the DagBag from /home/airflow/.local/lib/python3.6/site-packages/airflow/example_dags/example_nested_branch_dag.py
[2021-03-30 00:07:54,716] {scheduler_job.py:639} INFO - DAG(s) dict_keys(['example_nested_branch_dag']) retrieved from /home/airflow/.local/lib/python3.6/site-packages/airflow/example_dags/example_nested_branch_dag.py
[2021-03-30 00:07:54,740] {logging_mixin.py:104} INFO - [2021-03-30 00:07:54,740] {dag.py:1818} INFO - Sync 1 DAGs
[2021-03-30 00:07:54,761] {logging_mixin.py:104} INFO - [2021-03-30 00:07:54,761] {dag.py:2273} INFO - Setting next_dagrun for example_nested_branch_dag to 2021-03-28 00:00:00+00:00
[2021-03-30 00:07:54,771] {scheduler_job.py:190} INFO - Processing /home/airflow/.local/lib/python3.6/site-packages/airflow/example_dags/example_nested_branch_dag.py took 0.078 seconds
[2021-03-30 00:08:24,799] {scheduler_job.py:182} INFO - Started process (PID=3654) to work on /home/airflow/.local/lib/python3.6/site-packages/airflow/example_dags/example_nested_branch_dag.py
[2021-03-30 00:08:24,800] {scheduler_job.py:629} INFO - Processing file /home/airflow/.local/lib/python3.6/site-packages/airflow/example_dags/example_nested_branch_dag.py for tasks to queue
[2021-03-30 00:08:24,802] {logging_mixin.py:104} INFO - [2021-03-30 00:08:24,802] {dagbag.py:448} INFO - Filling up the DagBag from /home/airflow/.local/lib/python3.6/site-packages/airflow/example_dags/example_nested_branch_dag.py
[2021-03-30 00:08:24,817] {scheduler_job.py:639} INFO - DAG(s) dict_keys(['example_nested_branch_dag']) retrieved from /home/airflow/.local/lib/python3.6/site-packages/airflow/example_dags/example_nested_branch_dag.py
[2021-03-30 00:08:24,840] {logging_mixin.py:104} INFO - [2021-03-30 00:08:24,840] {dag.py:1818} INFO - Sync 1 DAGs
[2021-03-30 00:08:24,863] {logging_mixin.py:104} INFO - [2021-03-30 00:08:24,862] {dag.py:2273} INFO - Setting next_dagrun for example_nested_branch_dag to 2021-03-28 00:00:00+00:00
[2021-03-30 00:08:24,874] {scheduler_job.py:190} INFO - Processing /home/airflow/.local/lib/python3.6/site-packages/airflow/example_dags/example_nested_branch_dag.py took 0.079 seconds
[2021-03-30 00:08:55,056] {scheduler_job.py:182} INFO - Started process (PID=3680) to work on /home/airflow/.local/lib/python3.6/site-packages/airflow/example_dags/example_nested_branch_dag.py
[2021-03-30 00:08:55,058] {scheduler_job.py:629} INFO - Processing file /home/airflow/.local/lib/python3.6/site-packages/airflow/example_dags/example_nested_branch_dag.py for tasks to queue
[2021-03-30 00:08:55,059] {logging_mixin.py:104} INFO - [2021-03-30 00:08:55,059] {dagbag.py:448} INFO - Filling up the DagBag from /home/airflow/.local/lib/python3.6/site-packages/airflow/example_dags/example_nested_branch_dag.py
[2021-03-30 00:08:55,075] {scheduler_job.py:639} INFO - DAG(s) dict_keys(['example_nested_branch_dag']) retrieved from /home/airflow/.local/lib/python3.6/site-packages/airflow/example_dags/example_nested_branch_dag.py
[2021-03-30 00:08:55,096] {logging_mixin.py:104} INFO - [2021-03-30 00:08:55,095] {dag.py:1818} INFO - Sync 1 DAGs
[2021-03-30 00:08:55,119] {logging_mixin.py:104} INFO - [2021-03-30 00:08:55,119] {dag.py:2273} INFO - Setting next_dagrun for example_nested_branch_dag to 2021-03-28 00:00:00+00:00
[2021-03-30 00:08:55,128] {scheduler_job.py:190} INFO - Processing /home/airflow/.local/lib/python3.6/site-packages/airflow/example_dags/example_nested_branch_dag.py took 0.076 seconds
[2021-03-30 00:09:25,284] {scheduler_job.py:182} INFO - Started process (PID=3706) to work on /home/airflow/.local/lib/python3.6/site-packages/airflow/example_dags/example_nested_branch_dag.py
[2021-03-30 00:09:25,285] {scheduler_job.py:629} INFO - Processing file /home/airflow/.local/lib/python3.6/site-packages/airflow/example_dags/example_nested_branch_dag.py for tasks to queue
[2021-03-30 00:09:25,286] {logging_mixin.py:104} INFO - [2021-03-30 00:09:25,286] {dagbag.py:448} INFO - Filling up the DagBag from /home/airflow/.local/lib/python3.6/site-packages/airflow/example_dags/example_nested_branch_dag.py
[2021-03-30 00:09:25,302] {scheduler_job.py:639} INFO - DAG(s) dict_keys(['example_nested_branch_dag']) retrieved from /home/airflow/.local/lib/python3.6/site-packages/airflow/example_dags/example_nested_branch_dag.py
[2021-03-30 00:09:25,323] {logging_mixin.py:104} INFO - [2021-03-30 00:09:25,323] {dag.py:1818} INFO - Sync 1 DAGs
[2021-03-30 00:09:25,346] {logging_mixin.py:104} INFO - [2021-03-30 00:09:25,346] {dag.py:2273} INFO - Setting next_dagrun for example_nested_branch_dag to 2021-03-28 00:00:00+00:00
[2021-03-30 00:09:25,356] {scheduler_job.py:190} INFO - Processing /home/airflow/.local/lib/python3.6/site-packages/airflow/example_dags/example_nested_branch_dag.py took 0.076 seconds
[2021-03-30 00:09:55,472] {scheduler_job.py:182} INFO - Started process (PID=3732) to work on /home/airflow/.local/lib/python3.6/site-packages/airflow/example_dags/example_nested_branch_dag.py
[2021-03-30 00:09:55,473] {scheduler_job.py:629} INFO - Processing file /home/airflow/.local/lib/python3.6/site-packages/airflow/example_dags/example_nested_branch_dag.py for tasks to queue
[2021-03-30 00:09:55,474] {logging_mixin.py:104} INFO - [2021-03-30 00:09:55,474] {dagbag.py:448} INFO - Filling up the DagBag from /home/airflow/.local/lib/python3.6/site-packages/airflow/example_dags/example_nested_branch_dag.py
[2021-03-30 00:09:55,488] {scheduler_job.py:639} INFO - DAG(s) dict_keys(['example_nested_branch_dag']) retrieved from /home/airflow/.local/lib/python3.6/site-packages/airflow/example_dags/example_nested_branch_dag.py
[2021-03-30 00:09:55,509] {logging_mixin.py:104} INFO - [2021-03-30 00:09:55,509] {dag.py:1818} INFO - Sync 1 DAGs
[2021-03-30 00:09:55,533] {logging_mixin.py:104} INFO - [2021-03-30 00:09:55,532] {dag.py:2273} INFO - Setting next_dagrun for example_nested_branch_dag to 2021-03-28 00:00:00+00:00
[2021-03-30 00:09:55,543] {scheduler_job.py:190} INFO - Processing /home/airflow/.local/lib/python3.6/site-packages/airflow/example_dags/example_nested_branch_dag.py took 0.075 seconds
[2021-03-30 00:10:25,742] {scheduler_job.py:182} INFO - Started process (PID=3758) to work on /home/airflow/.local/lib/python3.6/site-packages/airflow/example_dags/example_nested_branch_dag.py
[2021-03-30 00:10:25,745] {scheduler_job.py:629} INFO - Processing file /home/airflow/.local/lib/python3.6/site-packages/airflow/example_dags/example_nested_branch_dag.py for tasks to queue
[2021-03-30 00:10:25,746] {logging_mixin.py:104} INFO - [2021-03-30 00:10:25,746] {dagbag.py:448} INFO - Filling up the DagBag from /home/airflow/.local/lib/python3.6/site-packages/airflow/example_dags/example_nested_branch_dag.py
[2021-03-30 00:10:25,764] {scheduler_job.py:639} INFO - DAG(s) dict_keys(['example_nested_branch_dag']) retrieved from /home/airflow/.local/lib/python3.6/site-packages/airflow/example_dags/example_nested_branch_dag.py
[2021-03-30 00:10:25,787] {logging_mixin.py:104} INFO - [2021-03-30 00:10:25,787] {dag.py:1818} INFO - Sync 1 DAGs
[2021-03-30 00:10:25,811] {logging_mixin.py:104} INFO - [2021-03-30 00:10:25,811] {dag.py:2273} INFO - Setting next_dagrun for example_nested_branch_dag to 2021-03-28 00:00:00+00:00
[2021-03-30 00:10:25,822] {scheduler_job.py:190} INFO - Processing /home/airflow/.local/lib/python3.6/site-packages/airflow/example_dags/example_nested_branch_dag.py took 0.085 seconds
[2021-03-30 00:10:55,861] {scheduler_job.py:182} INFO - Started process (PID=3784) to work on /home/airflow/.local/lib/python3.6/site-packages/airflow/example_dags/example_nested_branch_dag.py
[2021-03-30 00:10:55,862] {scheduler_job.py:629} INFO - Processing file /home/airflow/.local/lib/python3.6/site-packages/airflow/example_dags/example_nested_branch_dag.py for tasks to queue
[2021-03-30 00:10:55,863] {logging_mixin.py:104} INFO - [2021-03-30 00:10:55,863] {dagbag.py:448} INFO - Filling up the DagBag from /home/airflow/.local/lib/python3.6/site-packages/airflow/example_dags/example_nested_branch_dag.py
[2021-03-30 00:10:55,880] {scheduler_job.py:639} INFO - DAG(s) dict_keys(['example_nested_branch_dag']) retrieved from /home/airflow/.local/lib/python3.6/site-packages/airflow/example_dags/example_nested_branch_dag.py
[2021-03-30 00:10:55,907] {logging_mixin.py:104} INFO - [2021-03-30 00:10:55,907] {dag.py:1818} INFO - Sync 1 DAGs
[2021-03-30 00:10:55,929] {logging_mixin.py:104} INFO - [2021-03-30 00:10:55,929] {dag.py:2273} INFO - Setting next_dagrun for example_nested_branch_dag to 2021-03-28 00:00:00+00:00
[2021-03-30 00:10:55,943] {scheduler_job.py:190} INFO - Processing /home/airflow/.local/lib/python3.6/site-packages/airflow/example_dags/example_nested_branch_dag.py took 0.085 seconds
[2021-03-30 00:11:26,308] {scheduler_job.py:182} INFO - Started process (PID=3810) to work on /home/airflow/.local/lib/python3.6/site-packages/airflow/example_dags/example_nested_branch_dag.py
[2021-03-30 00:11:26,309] {scheduler_job.py:629} INFO - Processing file /home/airflow/.local/lib/python3.6/site-packages/airflow/example_dags/example_nested_branch_dag.py for tasks to queue
[2021-03-30 00:11:26,310] {logging_mixin.py:104} INFO - [2021-03-30 00:11:26,310] {dagbag.py:448} INFO - Filling up the DagBag from /home/airflow/.local/lib/python3.6/site-packages/airflow/example_dags/example_nested_branch_dag.py
[2021-03-30 00:11:26,325] {scheduler_job.py:639} INFO - DAG(s) dict_keys(['example_nested_branch_dag']) retrieved from /home/airflow/.local/lib/python3.6/site-packages/airflow/example_dags/example_nested_branch_dag.py
[2021-03-30 00:11:26,345] {logging_mixin.py:104} INFO - [2021-03-30 00:11:26,345] {dag.py:1818} INFO - Sync 1 DAGs
[2021-03-30 00:11:26,367] {logging_mixin.py:104} INFO - [2021-03-30 00:11:26,367] {dag.py:2273} INFO - Setting next_dagrun for example_nested_branch_dag to 2021-03-28 00:00:00+00:00
[2021-03-30 00:11:26,377] {scheduler_job.py:190} INFO - Processing /home/airflow/.local/lib/python3.6/site-packages/airflow/example_dags/example_nested_branch_dag.py took 0.072 seconds
[2021-03-30 00:11:56,614] {scheduler_job.py:182} INFO - Started process (PID=3836) to work on /home/airflow/.local/lib/python3.6/site-packages/airflow/example_dags/example_nested_branch_dag.py
[2021-03-30 00:11:56,616] {scheduler_job.py:629} INFO - Processing file /home/airflow/.local/lib/python3.6/site-packages/airflow/example_dags/example_nested_branch_dag.py for tasks to queue
[2021-03-30 00:11:56,617] {logging_mixin.py:104} INFO - [2021-03-30 00:11:56,617] {dagbag.py:448} INFO - Filling up the DagBag from /home/airflow/.local/lib/python3.6/site-packages/airflow/example_dags/example_nested_branch_dag.py
[2021-03-30 00:11:56,635] {scheduler_job.py:639} INFO - DAG(s) dict_keys(['example_nested_branch_dag']) retrieved from /home/airflow/.local/lib/python3.6/site-packages/airflow/example_dags/example_nested_branch_dag.py
[2021-03-30 00:11:56,658] {logging_mixin.py:104} INFO - [2021-03-30 00:11:56,658] {dag.py:1818} INFO - Sync 1 DAGs
[2021-03-30 00:11:56,683] {logging_mixin.py:104} INFO - [2021-03-30 00:11:56,683] {dag.py:2273} INFO - Setting next_dagrun for example_nested_branch_dag to 2021-03-28 00:00:00+00:00
[2021-03-30 00:11:56,698] {scheduler_job.py:190} INFO - Processing /home/airflow/.local/lib/python3.6/site-packages/airflow/example_dags/example_nested_branch_dag.py took 0.088 seconds
[2021-03-30 00:12:26,772] {scheduler_job.py:182} INFO - Started process (PID=3862) to work on /home/airflow/.local/lib/python3.6/site-packages/airflow/example_dags/example_nested_branch_dag.py
[2021-03-30 00:12:26,773] {scheduler_job.py:629} INFO - Processing file /home/airflow/.local/lib/python3.6/site-packages/airflow/example_dags/example_nested_branch_dag.py for tasks to queue
[2021-03-30 00:12:26,774] {logging_mixin.py:104} INFO - [2021-03-30 00:12:26,774] {dagbag.py:448} INFO - Filling up the DagBag from /home/airflow/.local/lib/python3.6/site-packages/airflow/example_dags/example_nested_branch_dag.py
[2021-03-30 00:12:26,789] {scheduler_job.py:639} INFO - DAG(s) dict_keys(['example_nested_branch_dag']) retrieved from /home/airflow/.local/lib/python3.6/site-packages/airflow/example_dags/example_nested_branch_dag.py
[2021-03-30 00:12:26,811] {logging_mixin.py:104} INFO - [2021-03-30 00:12:26,811] {dag.py:1818} INFO - Sync 1 DAGs
[2021-03-30 00:12:26,832] {logging_mixin.py:104} INFO - [2021-03-30 00:12:26,832] {dag.py:2273} INFO - Setting next_dagrun for example_nested_branch_dag to 2021-03-28 00:00:00+00:00
[2021-03-30 00:12:26,843] {scheduler_job.py:190} INFO - Processing /home/airflow/.local/lib/python3.6/site-packages/airflow/example_dags/example_nested_branch_dag.py took 0.075 seconds
[2021-03-30 00:12:56,911] {scheduler_job.py:182} INFO - Started process (PID=3888) to work on /home/airflow/.local/lib/python3.6/site-packages/airflow/example_dags/example_nested_branch_dag.py
[2021-03-30 00:12:56,912] {scheduler_job.py:629} INFO - Processing file /home/airflow/.local/lib/python3.6/site-packages/airflow/example_dags/example_nested_branch_dag.py for tasks to queue
[2021-03-30 00:12:56,913] {logging_mixin.py:104} INFO - [2021-03-30 00:12:56,913] {dagbag.py:448} INFO - Filling up the DagBag from /home/airflow/.local/lib/python3.6/site-packages/airflow/example_dags/example_nested_branch_dag.py
[2021-03-30 00:12:56,927] {scheduler_job.py:639} INFO - DAG(s) dict_keys(['example_nested_branch_dag']) retrieved from /home/airflow/.local/lib/python3.6/site-packages/airflow/example_dags/example_nested_branch_dag.py
[2021-03-30 00:12:56,948] {logging_mixin.py:104} INFO - [2021-03-30 00:12:56,948] {dag.py:1818} INFO - Sync 1 DAGs
[2021-03-30 00:12:56,969] {logging_mixin.py:104} INFO - [2021-03-30 00:12:56,969] {dag.py:2273} INFO - Setting next_dagrun for example_nested_branch_dag to 2021-03-28 00:00:00+00:00
[2021-03-30 00:12:56,979] {scheduler_job.py:190} INFO - Processing /home/airflow/.local/lib/python3.6/site-packages/airflow/example_dags/example_nested_branch_dag.py took 0.072 seconds
[2021-03-30 00:13:27,139] {scheduler_job.py:182} INFO - Started process (PID=3914) to work on /home/airflow/.local/lib/python3.6/site-packages/airflow/example_dags/example_nested_branch_dag.py
[2021-03-30 00:13:27,141] {scheduler_job.py:629} INFO - Processing file /home/airflow/.local/lib/python3.6/site-packages/airflow/example_dags/example_nested_branch_dag.py for tasks to queue
[2021-03-30 00:13:27,142] {logging_mixin.py:104} INFO - [2021-03-30 00:13:27,142] {dagbag.py:448} INFO - Filling up the DagBag from /home/airflow/.local/lib/python3.6/site-packages/airflow/example_dags/example_nested_branch_dag.py
[2021-03-30 00:13:27,156] {scheduler_job.py:639} INFO - DAG(s) dict_keys(['example_nested_branch_dag']) retrieved from /home/airflow/.local/lib/python3.6/site-packages/airflow/example_dags/example_nested_branch_dag.py
[2021-03-30 00:13:27,175] {logging_mixin.py:104} INFO - [2021-03-30 00:13:27,175] {dag.py:1818} INFO - Sync 1 DAGs
[2021-03-30 00:13:27,195] {logging_mixin.py:104} INFO - [2021-03-30 00:13:27,195] {dag.py:2273} INFO - Setting next_dagrun for example_nested_branch_dag to 2021-03-28 00:00:00+00:00
[2021-03-30 00:13:27,204] {scheduler_job.py:190} INFO - Processing /home/airflow/.local/lib/python3.6/site-packages/airflow/example_dags/example_nested_branch_dag.py took 0.068 seconds
[2021-03-30 00:13:57,953] {scheduler_job.py:182} INFO - Started process (PID=3940) to work on /home/airflow/.local/lib/python3.6/site-packages/airflow/example_dags/example_nested_branch_dag.py
[2021-03-30 00:13:57,955] {scheduler_job.py:629} INFO - Processing file /home/airflow/.local/lib/python3.6/site-packages/airflow/example_dags/example_nested_branch_dag.py for tasks to queue
[2021-03-30 00:13:57,955] {logging_mixin.py:104} INFO - [2021-03-30 00:13:57,955] {dagbag.py:448} INFO - Filling up the DagBag from /home/airflow/.local/lib/python3.6/site-packages/airflow/example_dags/example_nested_branch_dag.py
[2021-03-30 00:13:57,972] {scheduler_job.py:639} INFO - DAG(s) dict_keys(['example_nested_branch_dag']) retrieved from /home/airflow/.local/lib/python3.6/site-packages/airflow/example_dags/example_nested_branch_dag.py
[2021-03-30 00:13:57,996] {logging_mixin.py:104} INFO - [2021-03-30 00:13:57,996] {dag.py:1818} INFO - Sync 1 DAGs
[2021-03-30 00:13:58,047] {logging_mixin.py:104} INFO - [2021-03-30 00:13:58,047] {dag.py:2273} INFO - Setting next_dagrun for example_nested_branch_dag to 2021-03-28 00:00:00+00:00
[2021-03-30 00:13:58,060] {scheduler_job.py:190} INFO - Processing /home/airflow/.local/lib/python3.6/site-packages/airflow/example_dags/example_nested_branch_dag.py took 0.111 seconds
[2021-03-30 00:14:29,167] {scheduler_job.py:182} INFO - Started process (PID=3966) to work on /home/airflow/.local/lib/python3.6/site-packages/airflow/example_dags/example_nested_branch_dag.py
[2021-03-30 00:14:29,168] {scheduler_job.py:629} INFO - Processing file /home/airflow/.local/lib/python3.6/site-packages/airflow/example_dags/example_nested_branch_dag.py for tasks to queue
[2021-03-30 00:14:29,169] {logging_mixin.py:104} INFO - [2021-03-30 00:14:29,169] {dagbag.py:448} INFO - Filling up the DagBag from /home/airflow/.local/lib/python3.6/site-packages/airflow/example_dags/example_nested_branch_dag.py
[2021-03-30 00:14:29,191] {scheduler_job.py:639} INFO - DAG(s) dict_keys(['example_nested_branch_dag']) retrieved from /home/airflow/.local/lib/python3.6/site-packages/airflow/example_dags/example_nested_branch_dag.py
[2021-03-30 00:14:29,220] {logging_mixin.py:104} INFO - [2021-03-30 00:14:29,219] {dag.py:1818} INFO - Sync 1 DAGs
[2021-03-30 00:14:29,247] {logging_mixin.py:104} INFO - [2021-03-30 00:14:29,247] {dag.py:2273} INFO - Setting next_dagrun for example_nested_branch_dag to 2021-03-28 00:00:00+00:00
[2021-03-30 00:14:29,260] {scheduler_job.py:190} INFO - Processing /home/airflow/.local/lib/python3.6/site-packages/airflow/example_dags/example_nested_branch_dag.py took 0.097 seconds
[2021-03-30 00:14:59,303] {scheduler_job.py:182} INFO - Started process (PID=3992) to work on /home/airflow/.local/lib/python3.6/site-packages/airflow/example_dags/example_nested_branch_dag.py
[2021-03-30 00:14:59,304] {scheduler_job.py:629} INFO - Processing file /home/airflow/.local/lib/python3.6/site-packages/airflow/example_dags/example_nested_branch_dag.py for tasks to queue
[2021-03-30 00:14:59,306] {logging_mixin.py:104} INFO - [2021-03-30 00:14:59,306] {dagbag.py:448} INFO - Filling up the DagBag from /home/airflow/.local/lib/python3.6/site-packages/airflow/example_dags/example_nested_branch_dag.py
[2021-03-30 00:14:59,320] {scheduler_job.py:639} INFO - DAG(s) dict_keys(['example_nested_branch_dag']) retrieved from /home/airflow/.local/lib/python3.6/site-packages/airflow/example_dags/example_nested_branch_dag.py
[2021-03-30 00:14:59,339] {logging_mixin.py:104} INFO - [2021-03-30 00:14:59,339] {dag.py:1818} INFO - Sync 1 DAGs
[2021-03-30 00:14:59,359] {logging_mixin.py:104} INFO - [2021-03-30 00:14:59,359] {dag.py:2273} INFO - Setting next_dagrun for example_nested_branch_dag to 2021-03-28 00:00:00+00:00
[2021-03-30 00:14:59,369] {scheduler_job.py:190} INFO - Processing /home/airflow/.local/lib/python3.6/site-packages/airflow/example_dags/example_nested_branch_dag.py took 0.069 seconds
[2021-03-30 00:15:29,679] {scheduler_job.py:182} INFO - Started process (PID=4018) to work on /home/airflow/.local/lib/python3.6/site-packages/airflow/example_dags/example_nested_branch_dag.py
[2021-03-30 00:15:29,680] {scheduler_job.py:629} INFO - Processing file /home/airflow/.local/lib/python3.6/site-packages/airflow/example_dags/example_nested_branch_dag.py for tasks to queue
[2021-03-30 00:15:29,681] {logging_mixin.py:104} INFO - [2021-03-30 00:15:29,681] {dagbag.py:448} INFO - Filling up the DagBag from /home/airflow/.local/lib/python3.6/site-packages/airflow/example_dags/example_nested_branch_dag.py
[2021-03-30 00:15:29,695] {scheduler_job.py:639} INFO - DAG(s) dict_keys(['example_nested_branch_dag']) retrieved from /home/airflow/.local/lib/python3.6/site-packages/airflow/example_dags/example_nested_branch_dag.py
[2021-03-30 00:15:29,712] {logging_mixin.py:104} INFO - [2021-03-30 00:15:29,712] {dag.py:1818} INFO - Sync 1 DAGs
[2021-03-30 00:15:29,730] {logging_mixin.py:104} INFO - [2021-03-30 00:15:29,729] {dag.py:2273} INFO - Setting next_dagrun for example_nested_branch_dag to 2021-03-28 00:00:00+00:00
[2021-03-30 00:15:29,739] {scheduler_job.py:190} INFO - Processing /home/airflow/.local/lib/python3.6/site-packages/airflow/example_dags/example_nested_branch_dag.py took 0.063 seconds
[2021-03-30 00:15:59,823] {scheduler_job.py:182} INFO - Started process (PID=4044) to work on /home/airflow/.local/lib/python3.6/site-packages/airflow/example_dags/example_nested_branch_dag.py
[2021-03-30 00:15:59,824] {scheduler_job.py:629} INFO - Processing file /home/airflow/.local/lib/python3.6/site-packages/airflow/example_dags/example_nested_branch_dag.py for tasks to queue
[2021-03-30 00:15:59,826] {logging_mixin.py:104} INFO - [2021-03-30 00:15:59,825] {dagbag.py:448} INFO - Filling up the DagBag from /home/airflow/.local/lib/python3.6/site-packages/airflow/example_dags/example_nested_branch_dag.py
[2021-03-30 00:15:59,843] {scheduler_job.py:639} INFO - DAG(s) dict_keys(['example_nested_branch_dag']) retrieved from /home/airflow/.local/lib/python3.6/site-packages/airflow/example_dags/example_nested_branch_dag.py
[2021-03-30 00:15:59,865] {logging_mixin.py:104} INFO - [2021-03-30 00:15:59,865] {dag.py:1818} INFO - Sync 1 DAGs
[2021-03-30 00:15:59,890] {logging_mixin.py:104} INFO - [2021-03-30 00:15:59,890] {dag.py:2273} INFO - Setting next_dagrun for example_nested_branch_dag to 2021-03-28 00:00:00+00:00
[2021-03-30 00:15:59,901] {scheduler_job.py:190} INFO - Processing /home/airflow/.local/lib/python3.6/site-packages/airflow/example_dags/example_nested_branch_dag.py took 0.081 seconds
