[2021-03-30 00:00:20,940] {scheduler_job.py:182} INFO - Started process (PID=3246) to work on /home/airflow/.local/lib/python3.6/site-packages/airflow/example_dags/example_latest_only.py
[2021-03-30 00:00:20,944] {scheduler_job.py:629} INFO - Processing file /home/airflow/.local/lib/python3.6/site-packages/airflow/example_dags/example_latest_only.py for tasks to queue
[2021-03-30 00:00:20,946] {logging_mixin.py:104} INFO - [2021-03-30 00:00:20,945] {dagbag.py:448} INFO - Filling up the DagBag from /home/airflow/.local/lib/python3.6/site-packages/airflow/example_dags/example_latest_only.py
[2021-03-30 00:00:20,966] {scheduler_job.py:639} INFO - DAG(s) dict_keys(['latest_only']) retrieved from /home/airflow/.local/lib/python3.6/site-packages/airflow/example_dags/example_latest_only.py
[2021-03-30 00:00:21,023] {logging_mixin.py:104} INFO - [2021-03-30 00:00:21,023] {dag.py:1818} INFO - Sync 1 DAGs
[2021-03-30 00:00:21,056] {logging_mixin.py:104} INFO - [2021-03-30 00:00:21,056] {dag.py:2273} INFO - Setting next_dagrun for latest_only to 2021-03-28 00:00:00+00:00
[2021-03-30 00:00:21,118] {scheduler_job.py:190} INFO - Processing /home/airflow/.local/lib/python3.6/site-packages/airflow/example_dags/example_latest_only.py took 0.185 seconds
[2021-03-30 00:00:51,898] {scheduler_job.py:182} INFO - Started process (PID=3272) to work on /home/airflow/.local/lib/python3.6/site-packages/airflow/example_dags/example_latest_only.py
[2021-03-30 00:00:51,899] {scheduler_job.py:629} INFO - Processing file /home/airflow/.local/lib/python3.6/site-packages/airflow/example_dags/example_latest_only.py for tasks to queue
[2021-03-30 00:00:51,900] {logging_mixin.py:104} INFO - [2021-03-30 00:00:51,900] {dagbag.py:448} INFO - Filling up the DagBag from /home/airflow/.local/lib/python3.6/site-packages/airflow/example_dags/example_latest_only.py
[2021-03-30 00:00:51,910] {scheduler_job.py:639} INFO - DAG(s) dict_keys(['latest_only']) retrieved from /home/airflow/.local/lib/python3.6/site-packages/airflow/example_dags/example_latest_only.py
[2021-03-30 00:00:51,930] {logging_mixin.py:104} INFO - [2021-03-30 00:00:51,930] {dag.py:1818} INFO - Sync 1 DAGs
[2021-03-30 00:00:51,945] {logging_mixin.py:104} INFO - [2021-03-30 00:00:51,945] {dag.py:2273} INFO - Setting next_dagrun for latest_only to 2021-03-28 00:00:00+00:00
[2021-03-30 00:00:51,958] {scheduler_job.py:190} INFO - Processing /home/airflow/.local/lib/python3.6/site-packages/airflow/example_dags/example_latest_only.py took 0.064 seconds
[2021-03-30 00:01:22,604] {scheduler_job.py:182} INFO - Started process (PID=3298) to work on /home/airflow/.local/lib/python3.6/site-packages/airflow/example_dags/example_latest_only.py
[2021-03-30 00:01:22,606] {scheduler_job.py:629} INFO - Processing file /home/airflow/.local/lib/python3.6/site-packages/airflow/example_dags/example_latest_only.py for tasks to queue
[2021-03-30 00:01:22,607] {logging_mixin.py:104} INFO - [2021-03-30 00:01:22,607] {dagbag.py:448} INFO - Filling up the DagBag from /home/airflow/.local/lib/python3.6/site-packages/airflow/example_dags/example_latest_only.py
[2021-03-30 00:01:22,623] {scheduler_job.py:639} INFO - DAG(s) dict_keys(['latest_only']) retrieved from /home/airflow/.local/lib/python3.6/site-packages/airflow/example_dags/example_latest_only.py
[2021-03-30 00:01:22,655] {logging_mixin.py:104} INFO - [2021-03-30 00:01:22,655] {dag.py:1818} INFO - Sync 1 DAGs
[2021-03-30 00:01:22,678] {logging_mixin.py:104} INFO - [2021-03-30 00:01:22,678] {dag.py:2273} INFO - Setting next_dagrun for latest_only to 2021-03-28 00:00:00+00:00
[2021-03-30 00:01:22,692] {scheduler_job.py:190} INFO - Processing /home/airflow/.local/lib/python3.6/site-packages/airflow/example_dags/example_latest_only.py took 0.092 seconds
[2021-03-30 00:01:53,224] {scheduler_job.py:182} INFO - Started process (PID=3324) to work on /home/airflow/.local/lib/python3.6/site-packages/airflow/example_dags/example_latest_only.py
[2021-03-30 00:01:53,227] {scheduler_job.py:629} INFO - Processing file /home/airflow/.local/lib/python3.6/site-packages/airflow/example_dags/example_latest_only.py for tasks to queue
[2021-03-30 00:01:53,228] {logging_mixin.py:104} INFO - [2021-03-30 00:01:53,228] {dagbag.py:448} INFO - Filling up the DagBag from /home/airflow/.local/lib/python3.6/site-packages/airflow/example_dags/example_latest_only.py
[2021-03-30 00:01:53,246] {scheduler_job.py:639} INFO - DAG(s) dict_keys(['latest_only']) retrieved from /home/airflow/.local/lib/python3.6/site-packages/airflow/example_dags/example_latest_only.py
[2021-03-30 00:01:53,280] {logging_mixin.py:104} INFO - [2021-03-30 00:01:53,279] {dag.py:1818} INFO - Sync 1 DAGs
[2021-03-30 00:01:53,305] {logging_mixin.py:104} INFO - [2021-03-30 00:01:53,305] {dag.py:2273} INFO - Setting next_dagrun for latest_only to 2021-03-28 00:00:00+00:00
[2021-03-30 00:01:53,318] {scheduler_job.py:190} INFO - Processing /home/airflow/.local/lib/python3.6/site-packages/airflow/example_dags/example_latest_only.py took 0.098 seconds
[2021-03-30 00:02:24,070] {scheduler_job.py:182} INFO - Started process (PID=3350) to work on /home/airflow/.local/lib/python3.6/site-packages/airflow/example_dags/example_latest_only.py
[2021-03-30 00:02:24,073] {scheduler_job.py:629} INFO - Processing file /home/airflow/.local/lib/python3.6/site-packages/airflow/example_dags/example_latest_only.py for tasks to queue
[2021-03-30 00:02:24,074] {logging_mixin.py:104} INFO - [2021-03-30 00:02:24,074] {dagbag.py:448} INFO - Filling up the DagBag from /home/airflow/.local/lib/python3.6/site-packages/airflow/example_dags/example_latest_only.py
[2021-03-30 00:02:24,102] {scheduler_job.py:639} INFO - DAG(s) dict_keys(['latest_only']) retrieved from /home/airflow/.local/lib/python3.6/site-packages/airflow/example_dags/example_latest_only.py
[2021-03-30 00:02:24,144] {logging_mixin.py:104} INFO - [2021-03-30 00:02:24,144] {dag.py:1818} INFO - Sync 1 DAGs
[2021-03-30 00:02:24,174] {logging_mixin.py:104} INFO - [2021-03-30 00:02:24,174] {dag.py:2273} INFO - Setting next_dagrun for latest_only to 2021-03-28 00:00:00+00:00
[2021-03-30 00:02:24,191] {scheduler_job.py:190} INFO - Processing /home/airflow/.local/lib/python3.6/site-packages/airflow/example_dags/example_latest_only.py took 0.126 seconds
[2021-03-30 00:02:54,809] {scheduler_job.py:182} INFO - Started process (PID=3376) to work on /home/airflow/.local/lib/python3.6/site-packages/airflow/example_dags/example_latest_only.py
[2021-03-30 00:02:54,811] {scheduler_job.py:629} INFO - Processing file /home/airflow/.local/lib/python3.6/site-packages/airflow/example_dags/example_latest_only.py for tasks to queue
[2021-03-30 00:02:54,812] {logging_mixin.py:104} INFO - [2021-03-30 00:02:54,812] {dagbag.py:448} INFO - Filling up the DagBag from /home/airflow/.local/lib/python3.6/site-packages/airflow/example_dags/example_latest_only.py
[2021-03-30 00:02:54,826] {scheduler_job.py:639} INFO - DAG(s) dict_keys(['latest_only']) retrieved from /home/airflow/.local/lib/python3.6/site-packages/airflow/example_dags/example_latest_only.py
[2021-03-30 00:02:54,851] {logging_mixin.py:104} INFO - [2021-03-30 00:02:54,851] {dag.py:1818} INFO - Sync 1 DAGs
[2021-03-30 00:02:54,868] {logging_mixin.py:104} INFO - [2021-03-30 00:02:54,868] {dag.py:2273} INFO - Setting next_dagrun for latest_only to 2021-03-28 00:00:00+00:00
[2021-03-30 00:02:54,882] {scheduler_job.py:190} INFO - Processing /home/airflow/.local/lib/python3.6/site-packages/airflow/example_dags/example_latest_only.py took 0.078 seconds
[2021-03-30 00:03:25,082] {scheduler_job.py:182} INFO - Started process (PID=3402) to work on /home/airflow/.local/lib/python3.6/site-packages/airflow/example_dags/example_latest_only.py
[2021-03-30 00:03:25,083] {scheduler_job.py:629} INFO - Processing file /home/airflow/.local/lib/python3.6/site-packages/airflow/example_dags/example_latest_only.py for tasks to queue
[2021-03-30 00:03:25,084] {logging_mixin.py:104} INFO - [2021-03-30 00:03:25,084] {dagbag.py:448} INFO - Filling up the DagBag from /home/airflow/.local/lib/python3.6/site-packages/airflow/example_dags/example_latest_only.py
[2021-03-30 00:03:25,094] {scheduler_job.py:639} INFO - DAG(s) dict_keys(['latest_only']) retrieved from /home/airflow/.local/lib/python3.6/site-packages/airflow/example_dags/example_latest_only.py
[2021-03-30 00:03:25,116] {logging_mixin.py:104} INFO - [2021-03-30 00:03:25,116] {dag.py:1818} INFO - Sync 1 DAGs
[2021-03-30 00:03:25,132] {logging_mixin.py:104} INFO - [2021-03-30 00:03:25,132] {dag.py:2273} INFO - Setting next_dagrun for latest_only to 2021-03-28 00:00:00+00:00
[2021-03-30 00:03:25,144] {scheduler_job.py:190} INFO - Processing /home/airflow/.local/lib/python3.6/site-packages/airflow/example_dags/example_latest_only.py took 0.065 seconds
[2021-03-30 00:03:55,342] {scheduler_job.py:182} INFO - Started process (PID=3427) to work on /home/airflow/.local/lib/python3.6/site-packages/airflow/example_dags/example_latest_only.py
[2021-03-30 00:03:55,344] {scheduler_job.py:629} INFO - Processing file /home/airflow/.local/lib/python3.6/site-packages/airflow/example_dags/example_latest_only.py for tasks to queue
[2021-03-30 00:03:55,345] {logging_mixin.py:104} INFO - [2021-03-30 00:03:55,345] {dagbag.py:448} INFO - Filling up the DagBag from /home/airflow/.local/lib/python3.6/site-packages/airflow/example_dags/example_latest_only.py
[2021-03-30 00:03:55,358] {scheduler_job.py:639} INFO - DAG(s) dict_keys(['latest_only']) retrieved from /home/airflow/.local/lib/python3.6/site-packages/airflow/example_dags/example_latest_only.py
[2021-03-30 00:03:55,385] {logging_mixin.py:104} INFO - [2021-03-30 00:03:55,385] {dag.py:1818} INFO - Sync 1 DAGs
[2021-03-30 00:03:55,404] {logging_mixin.py:104} INFO - [2021-03-30 00:03:55,404] {dag.py:2273} INFO - Setting next_dagrun for latest_only to 2021-03-28 00:00:00+00:00
[2021-03-30 00:03:55,416] {scheduler_job.py:190} INFO - Processing /home/airflow/.local/lib/python3.6/site-packages/airflow/example_dags/example_latest_only.py took 0.079 seconds
[2021-03-30 00:04:25,491] {scheduler_job.py:182} INFO - Started process (PID=3452) to work on /home/airflow/.local/lib/python3.6/site-packages/airflow/example_dags/example_latest_only.py
[2021-03-30 00:04:25,492] {scheduler_job.py:629} INFO - Processing file /home/airflow/.local/lib/python3.6/site-packages/airflow/example_dags/example_latest_only.py for tasks to queue
[2021-03-30 00:04:25,493] {logging_mixin.py:104} INFO - [2021-03-30 00:04:25,493] {dagbag.py:448} INFO - Filling up the DagBag from /home/airflow/.local/lib/python3.6/site-packages/airflow/example_dags/example_latest_only.py
[2021-03-30 00:04:25,506] {scheduler_job.py:639} INFO - DAG(s) dict_keys(['latest_only']) retrieved from /home/airflow/.local/lib/python3.6/site-packages/airflow/example_dags/example_latest_only.py
[2021-03-30 00:04:25,527] {logging_mixin.py:104} INFO - [2021-03-30 00:04:25,527] {dag.py:1818} INFO - Sync 1 DAGs
[2021-03-30 00:04:25,544] {logging_mixin.py:104} INFO - [2021-03-30 00:04:25,544] {dag.py:2273} INFO - Setting next_dagrun for latest_only to 2021-03-28 00:00:00+00:00
[2021-03-30 00:04:25,554] {scheduler_job.py:190} INFO - Processing /home/airflow/.local/lib/python3.6/site-packages/airflow/example_dags/example_latest_only.py took 0.067 seconds
[2021-03-30 00:04:55,598] {scheduler_job.py:182} INFO - Started process (PID=3478) to work on /home/airflow/.local/lib/python3.6/site-packages/airflow/example_dags/example_latest_only.py
[2021-03-30 00:04:55,599] {scheduler_job.py:629} INFO - Processing file /home/airflow/.local/lib/python3.6/site-packages/airflow/example_dags/example_latest_only.py for tasks to queue
[2021-03-30 00:04:55,600] {logging_mixin.py:104} INFO - [2021-03-30 00:04:55,600] {dagbag.py:448} INFO - Filling up the DagBag from /home/airflow/.local/lib/python3.6/site-packages/airflow/example_dags/example_latest_only.py
[2021-03-30 00:04:55,610] {scheduler_job.py:639} INFO - DAG(s) dict_keys(['latest_only']) retrieved from /home/airflow/.local/lib/python3.6/site-packages/airflow/example_dags/example_latest_only.py
[2021-03-30 00:04:55,631] {logging_mixin.py:104} INFO - [2021-03-30 00:04:55,630] {dag.py:1818} INFO - Sync 1 DAGs
[2021-03-30 00:04:55,647] {logging_mixin.py:104} INFO - [2021-03-30 00:04:55,647] {dag.py:2273} INFO - Setting next_dagrun for latest_only to 2021-03-28 00:00:00+00:00
[2021-03-30 00:04:55,658] {scheduler_job.py:190} INFO - Processing /home/airflow/.local/lib/python3.6/site-packages/airflow/example_dags/example_latest_only.py took 0.063 seconds
[2021-03-30 00:05:25,781] {scheduler_job.py:182} INFO - Started process (PID=3504) to work on /home/airflow/.local/lib/python3.6/site-packages/airflow/example_dags/example_latest_only.py
[2021-03-30 00:05:25,783] {scheduler_job.py:629} INFO - Processing file /home/airflow/.local/lib/python3.6/site-packages/airflow/example_dags/example_latest_only.py for tasks to queue
[2021-03-30 00:05:25,784] {logging_mixin.py:104} INFO - [2021-03-30 00:05:25,784] {dagbag.py:448} INFO - Filling up the DagBag from /home/airflow/.local/lib/python3.6/site-packages/airflow/example_dags/example_latest_only.py
[2021-03-30 00:05:25,795] {scheduler_job.py:639} INFO - DAG(s) dict_keys(['latest_only']) retrieved from /home/airflow/.local/lib/python3.6/site-packages/airflow/example_dags/example_latest_only.py
[2021-03-30 00:05:25,816] {logging_mixin.py:104} INFO - [2021-03-30 00:05:25,816] {dag.py:1818} INFO - Sync 1 DAGs
[2021-03-30 00:05:25,832] {logging_mixin.py:104} INFO - [2021-03-30 00:05:25,832] {dag.py:2273} INFO - Setting next_dagrun for latest_only to 2021-03-28 00:00:00+00:00
[2021-03-30 00:05:25,844] {scheduler_job.py:190} INFO - Processing /home/airflow/.local/lib/python3.6/site-packages/airflow/example_dags/example_latest_only.py took 0.066 seconds
[2021-03-30 00:05:56,588] {scheduler_job.py:182} INFO - Started process (PID=3532) to work on /home/airflow/.local/lib/python3.6/site-packages/airflow/example_dags/example_latest_only.py
[2021-03-30 00:05:56,589] {scheduler_job.py:629} INFO - Processing file /home/airflow/.local/lib/python3.6/site-packages/airflow/example_dags/example_latest_only.py for tasks to queue
[2021-03-30 00:05:56,590] {logging_mixin.py:104} INFO - [2021-03-30 00:05:56,590] {dagbag.py:448} INFO - Filling up the DagBag from /home/airflow/.local/lib/python3.6/site-packages/airflow/example_dags/example_latest_only.py
[2021-03-30 00:05:56,599] {scheduler_job.py:639} INFO - DAG(s) dict_keys(['latest_only']) retrieved from /home/airflow/.local/lib/python3.6/site-packages/airflow/example_dags/example_latest_only.py
[2021-03-30 00:05:56,621] {logging_mixin.py:104} INFO - [2021-03-30 00:05:56,621] {dag.py:1818} INFO - Sync 1 DAGs
[2021-03-30 00:05:56,638] {logging_mixin.py:104} INFO - [2021-03-30 00:05:56,638] {dag.py:2273} INFO - Setting next_dagrun for latest_only to 2021-03-28 00:00:00+00:00
[2021-03-30 00:05:56,649] {scheduler_job.py:190} INFO - Processing /home/airflow/.local/lib/python3.6/site-packages/airflow/example_dags/example_latest_only.py took 0.064 seconds
[2021-03-30 00:06:26,797] {scheduler_job.py:182} INFO - Started process (PID=3558) to work on /home/airflow/.local/lib/python3.6/site-packages/airflow/example_dags/example_latest_only.py
[2021-03-30 00:06:26,798] {scheduler_job.py:629} INFO - Processing file /home/airflow/.local/lib/python3.6/site-packages/airflow/example_dags/example_latest_only.py for tasks to queue
[2021-03-30 00:06:26,799] {logging_mixin.py:104} INFO - [2021-03-30 00:06:26,799] {dagbag.py:448} INFO - Filling up the DagBag from /home/airflow/.local/lib/python3.6/site-packages/airflow/example_dags/example_latest_only.py
[2021-03-30 00:06:26,809] {scheduler_job.py:639} INFO - DAG(s) dict_keys(['latest_only']) retrieved from /home/airflow/.local/lib/python3.6/site-packages/airflow/example_dags/example_latest_only.py
[2021-03-30 00:06:26,830] {logging_mixin.py:104} INFO - [2021-03-30 00:06:26,830] {dag.py:1818} INFO - Sync 1 DAGs
[2021-03-30 00:06:26,847] {logging_mixin.py:104} INFO - [2021-03-30 00:06:26,847] {dag.py:2273} INFO - Setting next_dagrun for latest_only to 2021-03-28 00:00:00+00:00
[2021-03-30 00:06:26,857] {scheduler_job.py:190} INFO - Processing /home/airflow/.local/lib/python3.6/site-packages/airflow/example_dags/example_latest_only.py took 0.063 seconds
[2021-03-30 00:06:57,076] {scheduler_job.py:182} INFO - Started process (PID=3583) to work on /home/airflow/.local/lib/python3.6/site-packages/airflow/example_dags/example_latest_only.py
[2021-03-30 00:06:57,078] {scheduler_job.py:629} INFO - Processing file /home/airflow/.local/lib/python3.6/site-packages/airflow/example_dags/example_latest_only.py for tasks to queue
[2021-03-30 00:06:57,080] {logging_mixin.py:104} INFO - [2021-03-30 00:06:57,080] {dagbag.py:448} INFO - Filling up the DagBag from /home/airflow/.local/lib/python3.6/site-packages/airflow/example_dags/example_latest_only.py
[2021-03-30 00:06:57,098] {scheduler_job.py:639} INFO - DAG(s) dict_keys(['latest_only']) retrieved from /home/airflow/.local/lib/python3.6/site-packages/airflow/example_dags/example_latest_only.py
[2021-03-30 00:06:57,127] {logging_mixin.py:104} INFO - [2021-03-30 00:06:57,127] {dag.py:1818} INFO - Sync 1 DAGs
[2021-03-30 00:06:57,157] {logging_mixin.py:104} INFO - [2021-03-30 00:06:57,157] {dag.py:2273} INFO - Setting next_dagrun for latest_only to 2021-03-28 00:00:00+00:00
[2021-03-30 00:06:57,173] {scheduler_job.py:190} INFO - Processing /home/airflow/.local/lib/python3.6/site-packages/airflow/example_dags/example_latest_only.py took 0.102 seconds
[2021-03-30 00:07:27,707] {scheduler_job.py:182} INFO - Started process (PID=3610) to work on /home/airflow/.local/lib/python3.6/site-packages/airflow/example_dags/example_latest_only.py
[2021-03-30 00:07:27,709] {scheduler_job.py:629} INFO - Processing file /home/airflow/.local/lib/python3.6/site-packages/airflow/example_dags/example_latest_only.py for tasks to queue
[2021-03-30 00:07:27,710] {logging_mixin.py:104} INFO - [2021-03-30 00:07:27,710] {dagbag.py:448} INFO - Filling up the DagBag from /home/airflow/.local/lib/python3.6/site-packages/airflow/example_dags/example_latest_only.py
[2021-03-30 00:07:27,724] {scheduler_job.py:639} INFO - DAG(s) dict_keys(['latest_only']) retrieved from /home/airflow/.local/lib/python3.6/site-packages/airflow/example_dags/example_latest_only.py
[2021-03-30 00:07:27,756] {logging_mixin.py:104} INFO - [2021-03-30 00:07:27,756] {dag.py:1818} INFO - Sync 1 DAGs
[2021-03-30 00:07:27,782] {logging_mixin.py:104} INFO - [2021-03-30 00:07:27,781] {dag.py:2273} INFO - Setting next_dagrun for latest_only to 2021-03-28 00:00:00+00:00
[2021-03-30 00:07:27,796] {scheduler_job.py:190} INFO - Processing /home/airflow/.local/lib/python3.6/site-packages/airflow/example_dags/example_latest_only.py took 0.093 seconds
[2021-03-30 00:07:58,000] {scheduler_job.py:182} INFO - Started process (PID=3636) to work on /home/airflow/.local/lib/python3.6/site-packages/airflow/example_dags/example_latest_only.py
[2021-03-30 00:07:58,002] {scheduler_job.py:629} INFO - Processing file /home/airflow/.local/lib/python3.6/site-packages/airflow/example_dags/example_latest_only.py for tasks to queue
[2021-03-30 00:07:58,003] {logging_mixin.py:104} INFO - [2021-03-30 00:07:58,003] {dagbag.py:448} INFO - Filling up the DagBag from /home/airflow/.local/lib/python3.6/site-packages/airflow/example_dags/example_latest_only.py
[2021-03-30 00:07:58,013] {scheduler_job.py:639} INFO - DAG(s) dict_keys(['latest_only']) retrieved from /home/airflow/.local/lib/python3.6/site-packages/airflow/example_dags/example_latest_only.py
[2021-03-30 00:07:58,032] {logging_mixin.py:104} INFO - [2021-03-30 00:07:58,032] {dag.py:1818} INFO - Sync 1 DAGs
[2021-03-30 00:07:58,047] {logging_mixin.py:104} INFO - [2021-03-30 00:07:58,047] {dag.py:2273} INFO - Setting next_dagrun for latest_only to 2021-03-28 00:00:00+00:00
[2021-03-30 00:07:58,057] {scheduler_job.py:190} INFO - Processing /home/airflow/.local/lib/python3.6/site-packages/airflow/example_dags/example_latest_only.py took 0.060 seconds
[2021-03-30 00:08:28,081] {scheduler_job.py:182} INFO - Started process (PID=3660) to work on /home/airflow/.local/lib/python3.6/site-packages/airflow/example_dags/example_latest_only.py
[2021-03-30 00:08:28,082] {scheduler_job.py:629} INFO - Processing file /home/airflow/.local/lib/python3.6/site-packages/airflow/example_dags/example_latest_only.py for tasks to queue
[2021-03-30 00:08:28,084] {logging_mixin.py:104} INFO - [2021-03-30 00:08:28,083] {dagbag.py:448} INFO - Filling up the DagBag from /home/airflow/.local/lib/python3.6/site-packages/airflow/example_dags/example_latest_only.py
[2021-03-30 00:08:28,099] {scheduler_job.py:639} INFO - DAG(s) dict_keys(['latest_only']) retrieved from /home/airflow/.local/lib/python3.6/site-packages/airflow/example_dags/example_latest_only.py
[2021-03-30 00:08:28,127] {logging_mixin.py:104} INFO - [2021-03-30 00:08:28,126] {dag.py:1818} INFO - Sync 1 DAGs
[2021-03-30 00:08:28,148] {logging_mixin.py:104} INFO - [2021-03-30 00:08:28,148] {dag.py:2273} INFO - Setting next_dagrun for latest_only to 2021-03-28 00:00:00+00:00
[2021-03-30 00:08:28,160] {scheduler_job.py:190} INFO - Processing /home/airflow/.local/lib/python3.6/site-packages/airflow/example_dags/example_latest_only.py took 0.083 seconds
[2021-03-30 00:08:58,319] {scheduler_job.py:182} INFO - Started process (PID=3686) to work on /home/airflow/.local/lib/python3.6/site-packages/airflow/example_dags/example_latest_only.py
[2021-03-30 00:08:58,321] {scheduler_job.py:629} INFO - Processing file /home/airflow/.local/lib/python3.6/site-packages/airflow/example_dags/example_latest_only.py for tasks to queue
[2021-03-30 00:08:58,323] {logging_mixin.py:104} INFO - [2021-03-30 00:08:58,322] {dagbag.py:448} INFO - Filling up the DagBag from /home/airflow/.local/lib/python3.6/site-packages/airflow/example_dags/example_latest_only.py
[2021-03-30 00:08:58,339] {scheduler_job.py:639} INFO - DAG(s) dict_keys(['latest_only']) retrieved from /home/airflow/.local/lib/python3.6/site-packages/airflow/example_dags/example_latest_only.py
[2021-03-30 00:08:58,373] {logging_mixin.py:104} INFO - [2021-03-30 00:08:58,372] {dag.py:1818} INFO - Sync 1 DAGs
[2021-03-30 00:08:58,398] {logging_mixin.py:104} INFO - [2021-03-30 00:08:58,398] {dag.py:2273} INFO - Setting next_dagrun for latest_only to 2021-03-28 00:00:00+00:00
[2021-03-30 00:08:58,410] {scheduler_job.py:190} INFO - Processing /home/airflow/.local/lib/python3.6/site-packages/airflow/example_dags/example_latest_only.py took 0.095 seconds
[2021-03-30 00:09:28,465] {scheduler_job.py:182} INFO - Started process (PID=3709) to work on /home/airflow/.local/lib/python3.6/site-packages/airflow/example_dags/example_latest_only.py
[2021-03-30 00:09:28,466] {scheduler_job.py:629} INFO - Processing file /home/airflow/.local/lib/python3.6/site-packages/airflow/example_dags/example_latest_only.py for tasks to queue
[2021-03-30 00:09:28,467] {logging_mixin.py:104} INFO - [2021-03-30 00:09:28,467] {dagbag.py:448} INFO - Filling up the DagBag from /home/airflow/.local/lib/python3.6/site-packages/airflow/example_dags/example_latest_only.py
[2021-03-30 00:09:28,478] {scheduler_job.py:639} INFO - DAG(s) dict_keys(['latest_only']) retrieved from /home/airflow/.local/lib/python3.6/site-packages/airflow/example_dags/example_latest_only.py
[2021-03-30 00:09:28,503] {logging_mixin.py:104} INFO - [2021-03-30 00:09:28,503] {dag.py:1818} INFO - Sync 1 DAGs
[2021-03-30 00:09:28,523] {logging_mixin.py:104} INFO - [2021-03-30 00:09:28,523] {dag.py:2273} INFO - Setting next_dagrun for latest_only to 2021-03-28 00:00:00+00:00
[2021-03-30 00:09:28,534] {scheduler_job.py:190} INFO - Processing /home/airflow/.local/lib/python3.6/site-packages/airflow/example_dags/example_latest_only.py took 0.072 seconds
[2021-03-30 00:09:58,643] {scheduler_job.py:182} INFO - Started process (PID=3735) to work on /home/airflow/.local/lib/python3.6/site-packages/airflow/example_dags/example_latest_only.py
[2021-03-30 00:09:58,645] {scheduler_job.py:629} INFO - Processing file /home/airflow/.local/lib/python3.6/site-packages/airflow/example_dags/example_latest_only.py for tasks to queue
[2021-03-30 00:09:58,646] {logging_mixin.py:104} INFO - [2021-03-30 00:09:58,646] {dagbag.py:448} INFO - Filling up the DagBag from /home/airflow/.local/lib/python3.6/site-packages/airflow/example_dags/example_latest_only.py
[2021-03-30 00:09:58,659] {scheduler_job.py:639} INFO - DAG(s) dict_keys(['latest_only']) retrieved from /home/airflow/.local/lib/python3.6/site-packages/airflow/example_dags/example_latest_only.py
[2021-03-30 00:09:58,681] {logging_mixin.py:104} INFO - [2021-03-30 00:09:58,681] {dag.py:1818} INFO - Sync 1 DAGs
[2021-03-30 00:09:58,697] {logging_mixin.py:104} INFO - [2021-03-30 00:09:58,697] {dag.py:2273} INFO - Setting next_dagrun for latest_only to 2021-03-28 00:00:00+00:00
[2021-03-30 00:09:58,712] {scheduler_job.py:190} INFO - Processing /home/airflow/.local/lib/python3.6/site-packages/airflow/example_dags/example_latest_only.py took 0.073 seconds
[2021-03-30 00:10:28,853] {scheduler_job.py:182} INFO - Started process (PID=3761) to work on /home/airflow/.local/lib/python3.6/site-packages/airflow/example_dags/example_latest_only.py
[2021-03-30 00:10:28,855] {scheduler_job.py:629} INFO - Processing file /home/airflow/.local/lib/python3.6/site-packages/airflow/example_dags/example_latest_only.py for tasks to queue
[2021-03-30 00:10:28,856] {logging_mixin.py:104} INFO - [2021-03-30 00:10:28,856] {dagbag.py:448} INFO - Filling up the DagBag from /home/airflow/.local/lib/python3.6/site-packages/airflow/example_dags/example_latest_only.py
[2021-03-30 00:10:28,869] {scheduler_job.py:639} INFO - DAG(s) dict_keys(['latest_only']) retrieved from /home/airflow/.local/lib/python3.6/site-packages/airflow/example_dags/example_latest_only.py
[2021-03-30 00:10:28,892] {logging_mixin.py:104} INFO - [2021-03-30 00:10:28,892] {dag.py:1818} INFO - Sync 1 DAGs
[2021-03-30 00:10:28,909] {logging_mixin.py:104} INFO - [2021-03-30 00:10:28,909] {dag.py:2273} INFO - Setting next_dagrun for latest_only to 2021-03-28 00:00:00+00:00
[2021-03-30 00:10:28,920] {scheduler_job.py:190} INFO - Processing /home/airflow/.local/lib/python3.6/site-packages/airflow/example_dags/example_latest_only.py took 0.070 seconds
[2021-03-30 00:10:59,061] {scheduler_job.py:182} INFO - Started process (PID=3787) to work on /home/airflow/.local/lib/python3.6/site-packages/airflow/example_dags/example_latest_only.py
[2021-03-30 00:10:59,064] {scheduler_job.py:629} INFO - Processing file /home/airflow/.local/lib/python3.6/site-packages/airflow/example_dags/example_latest_only.py for tasks to queue
[2021-03-30 00:10:59,065] {logging_mixin.py:104} INFO - [2021-03-30 00:10:59,065] {dagbag.py:448} INFO - Filling up the DagBag from /home/airflow/.local/lib/python3.6/site-packages/airflow/example_dags/example_latest_only.py
[2021-03-30 00:10:59,081] {scheduler_job.py:639} INFO - DAG(s) dict_keys(['latest_only']) retrieved from /home/airflow/.local/lib/python3.6/site-packages/airflow/example_dags/example_latest_only.py
[2021-03-30 00:10:59,115] {logging_mixin.py:104} INFO - [2021-03-30 00:10:59,115] {dag.py:1818} INFO - Sync 1 DAGs
[2021-03-30 00:10:59,141] {logging_mixin.py:104} INFO - [2021-03-30 00:10:59,141] {dag.py:2273} INFO - Setting next_dagrun for latest_only to 2021-03-28 00:00:00+00:00
[2021-03-30 00:10:59,153] {scheduler_job.py:190} INFO - Processing /home/airflow/.local/lib/python3.6/site-packages/airflow/example_dags/example_latest_only.py took 0.099 seconds
[2021-03-30 00:11:29,408] {scheduler_job.py:182} INFO - Started process (PID=3813) to work on /home/airflow/.local/lib/python3.6/site-packages/airflow/example_dags/example_latest_only.py
[2021-03-30 00:11:29,409] {scheduler_job.py:629} INFO - Processing file /home/airflow/.local/lib/python3.6/site-packages/airflow/example_dags/example_latest_only.py for tasks to queue
[2021-03-30 00:11:29,410] {logging_mixin.py:104} INFO - [2021-03-30 00:11:29,410] {dagbag.py:448} INFO - Filling up the DagBag from /home/airflow/.local/lib/python3.6/site-packages/airflow/example_dags/example_latest_only.py
[2021-03-30 00:11:29,423] {scheduler_job.py:639} INFO - DAG(s) dict_keys(['latest_only']) retrieved from /home/airflow/.local/lib/python3.6/site-packages/airflow/example_dags/example_latest_only.py
[2021-03-30 00:11:29,446] {logging_mixin.py:104} INFO - [2021-03-30 00:11:29,446] {dag.py:1818} INFO - Sync 1 DAGs
[2021-03-30 00:11:29,462] {logging_mixin.py:104} INFO - [2021-03-30 00:11:29,462] {dag.py:2273} INFO - Setting next_dagrun for latest_only to 2021-03-28 00:00:00+00:00
[2021-03-30 00:11:29,473] {scheduler_job.py:190} INFO - Processing /home/airflow/.local/lib/python3.6/site-packages/airflow/example_dags/example_latest_only.py took 0.068 seconds
[2021-03-30 00:11:59,853] {scheduler_job.py:182} INFO - Started process (PID=3842) to work on /home/airflow/.local/lib/python3.6/site-packages/airflow/example_dags/example_latest_only.py
[2021-03-30 00:11:59,855] {scheduler_job.py:629} INFO - Processing file /home/airflow/.local/lib/python3.6/site-packages/airflow/example_dags/example_latest_only.py for tasks to queue
[2021-03-30 00:11:59,856] {logging_mixin.py:104} INFO - [2021-03-30 00:11:59,856] {dagbag.py:448} INFO - Filling up the DagBag from /home/airflow/.local/lib/python3.6/site-packages/airflow/example_dags/example_latest_only.py
[2021-03-30 00:11:59,873] {scheduler_job.py:639} INFO - DAG(s) dict_keys(['latest_only']) retrieved from /home/airflow/.local/lib/python3.6/site-packages/airflow/example_dags/example_latest_only.py
[2021-03-30 00:11:59,901] {logging_mixin.py:104} INFO - [2021-03-30 00:11:59,901] {dag.py:1818} INFO - Sync 1 DAGs
[2021-03-30 00:11:59,924] {logging_mixin.py:104} INFO - [2021-03-30 00:11:59,924] {dag.py:2273} INFO - Setting next_dagrun for latest_only to 2021-03-28 00:00:00+00:00
[2021-03-30 00:11:59,937] {scheduler_job.py:190} INFO - Processing /home/airflow/.local/lib/python3.6/site-packages/airflow/example_dags/example_latest_only.py took 0.089 seconds
[2021-03-30 00:12:29,985] {scheduler_job.py:182} INFO - Started process (PID=3868) to work on /home/airflow/.local/lib/python3.6/site-packages/airflow/example_dags/example_latest_only.py
[2021-03-30 00:12:29,986] {scheduler_job.py:629} INFO - Processing file /home/airflow/.local/lib/python3.6/site-packages/airflow/example_dags/example_latest_only.py for tasks to queue
[2021-03-30 00:12:29,987] {logging_mixin.py:104} INFO - [2021-03-30 00:12:29,987] {dagbag.py:448} INFO - Filling up the DagBag from /home/airflow/.local/lib/python3.6/site-packages/airflow/example_dags/example_latest_only.py
[2021-03-30 00:12:29,998] {scheduler_job.py:639} INFO - DAG(s) dict_keys(['latest_only']) retrieved from /home/airflow/.local/lib/python3.6/site-packages/airflow/example_dags/example_latest_only.py
[2021-03-30 00:12:30,025] {logging_mixin.py:104} INFO - [2021-03-30 00:12:30,025] {dag.py:1818} INFO - Sync 1 DAGs
[2021-03-30 00:12:30,046] {logging_mixin.py:104} INFO - [2021-03-30 00:12:30,046] {dag.py:2273} INFO - Setting next_dagrun for latest_only to 2021-03-28 00:00:00+00:00
[2021-03-30 00:12:30,058] {scheduler_job.py:190} INFO - Processing /home/airflow/.local/lib/python3.6/site-packages/airflow/example_dags/example_latest_only.py took 0.077 seconds
[2021-03-30 00:13:00,183] {scheduler_job.py:182} INFO - Started process (PID=3894) to work on /home/airflow/.local/lib/python3.6/site-packages/airflow/example_dags/example_latest_only.py
[2021-03-30 00:13:00,185] {scheduler_job.py:629} INFO - Processing file /home/airflow/.local/lib/python3.6/site-packages/airflow/example_dags/example_latest_only.py for tasks to queue
[2021-03-30 00:13:00,186] {logging_mixin.py:104} INFO - [2021-03-30 00:13:00,186] {dagbag.py:448} INFO - Filling up the DagBag from /home/airflow/.local/lib/python3.6/site-packages/airflow/example_dags/example_latest_only.py
[2021-03-30 00:13:00,197] {scheduler_job.py:639} INFO - DAG(s) dict_keys(['latest_only']) retrieved from /home/airflow/.local/lib/python3.6/site-packages/airflow/example_dags/example_latest_only.py
[2021-03-30 00:13:00,220] {logging_mixin.py:104} INFO - [2021-03-30 00:13:00,219] {dag.py:1818} INFO - Sync 1 DAGs
[2021-03-30 00:13:00,238] {logging_mixin.py:104} INFO - [2021-03-30 00:13:00,238] {dag.py:2273} INFO - Setting next_dagrun for latest_only to 2021-03-28 00:00:00+00:00
[2021-03-30 00:13:00,263] {scheduler_job.py:190} INFO - Processing /home/airflow/.local/lib/python3.6/site-packages/airflow/example_dags/example_latest_only.py took 0.082 seconds
[2021-03-30 00:13:30,318] {scheduler_job.py:182} INFO - Started process (PID=3917) to work on /home/airflow/.local/lib/python3.6/site-packages/airflow/example_dags/example_latest_only.py
[2021-03-30 00:13:30,320] {scheduler_job.py:629} INFO - Processing file /home/airflow/.local/lib/python3.6/site-packages/airflow/example_dags/example_latest_only.py for tasks to queue
[2021-03-30 00:13:30,322] {logging_mixin.py:104} INFO - [2021-03-30 00:13:30,321] {dagbag.py:448} INFO - Filling up the DagBag from /home/airflow/.local/lib/python3.6/site-packages/airflow/example_dags/example_latest_only.py
[2021-03-30 00:13:30,333] {scheduler_job.py:639} INFO - DAG(s) dict_keys(['latest_only']) retrieved from /home/airflow/.local/lib/python3.6/site-packages/airflow/example_dags/example_latest_only.py
[2021-03-30 00:13:30,358] {logging_mixin.py:104} INFO - [2021-03-30 00:13:30,358] {dag.py:1818} INFO - Sync 1 DAGs
[2021-03-30 00:13:30,375] {logging_mixin.py:104} INFO - [2021-03-30 00:13:30,374] {dag.py:2273} INFO - Setting next_dagrun for latest_only to 2021-03-28 00:00:00+00:00
[2021-03-30 00:13:30,388] {scheduler_job.py:190} INFO - Processing /home/airflow/.local/lib/python3.6/site-packages/airflow/example_dags/example_latest_only.py took 0.074 seconds
[2021-03-30 00:14:01,301] {scheduler_job.py:182} INFO - Started process (PID=3948) to work on /home/airflow/.local/lib/python3.6/site-packages/airflow/example_dags/example_latest_only.py
[2021-03-30 00:14:01,303] {scheduler_job.py:629} INFO - Processing file /home/airflow/.local/lib/python3.6/site-packages/airflow/example_dags/example_latest_only.py for tasks to queue
[2021-03-30 00:14:01,304] {logging_mixin.py:104} INFO - [2021-03-30 00:14:01,304] {dagbag.py:448} INFO - Filling up the DagBag from /home/airflow/.local/lib/python3.6/site-packages/airflow/example_dags/example_latest_only.py
[2021-03-30 00:14:01,316] {scheduler_job.py:639} INFO - DAG(s) dict_keys(['latest_only']) retrieved from /home/airflow/.local/lib/python3.6/site-packages/airflow/example_dags/example_latest_only.py
[2021-03-30 00:14:01,341] {logging_mixin.py:104} INFO - [2021-03-30 00:14:01,341] {dag.py:1818} INFO - Sync 1 DAGs
[2021-03-30 00:14:01,357] {logging_mixin.py:104} INFO - [2021-03-30 00:14:01,356] {dag.py:2273} INFO - Setting next_dagrun for latest_only to 2021-03-28 00:00:00+00:00
[2021-03-30 00:14:01,367] {scheduler_job.py:190} INFO - Processing /home/airflow/.local/lib/python3.6/site-packages/airflow/example_dags/example_latest_only.py took 0.069 seconds
[2021-03-30 00:14:31,493] {scheduler_job.py:182} INFO - Started process (PID=3974) to work on /home/airflow/.local/lib/python3.6/site-packages/airflow/example_dags/example_latest_only.py
[2021-03-30 00:14:31,494] {scheduler_job.py:629} INFO - Processing file /home/airflow/.local/lib/python3.6/site-packages/airflow/example_dags/example_latest_only.py for tasks to queue
[2021-03-30 00:14:31,495] {logging_mixin.py:104} INFO - [2021-03-30 00:14:31,495] {dagbag.py:448} INFO - Filling up the DagBag from /home/airflow/.local/lib/python3.6/site-packages/airflow/example_dags/example_latest_only.py
[2021-03-30 00:14:31,507] {scheduler_job.py:639} INFO - DAG(s) dict_keys(['latest_only']) retrieved from /home/airflow/.local/lib/python3.6/site-packages/airflow/example_dags/example_latest_only.py
[2021-03-30 00:14:31,529] {logging_mixin.py:104} INFO - [2021-03-30 00:14:31,529] {dag.py:1818} INFO - Sync 1 DAGs
[2021-03-30 00:14:31,547] {logging_mixin.py:104} INFO - [2021-03-30 00:14:31,547] {dag.py:2273} INFO - Setting next_dagrun for latest_only to 2021-03-28 00:00:00+00:00
[2021-03-30 00:14:31,560] {scheduler_job.py:190} INFO - Processing /home/airflow/.local/lib/python3.6/site-packages/airflow/example_dags/example_latest_only.py took 0.071 seconds
[2021-03-30 00:15:01,765] {scheduler_job.py:182} INFO - Started process (PID=4000) to work on /home/airflow/.local/lib/python3.6/site-packages/airflow/example_dags/example_latest_only.py
[2021-03-30 00:15:01,767] {scheduler_job.py:629} INFO - Processing file /home/airflow/.local/lib/python3.6/site-packages/airflow/example_dags/example_latest_only.py for tasks to queue
[2021-03-30 00:15:01,768] {logging_mixin.py:104} INFO - [2021-03-30 00:15:01,768] {dagbag.py:448} INFO - Filling up the DagBag from /home/airflow/.local/lib/python3.6/site-packages/airflow/example_dags/example_latest_only.py
[2021-03-30 00:15:01,780] {scheduler_job.py:639} INFO - DAG(s) dict_keys(['latest_only']) retrieved from /home/airflow/.local/lib/python3.6/site-packages/airflow/example_dags/example_latest_only.py
[2021-03-30 00:15:01,804] {logging_mixin.py:104} INFO - [2021-03-30 00:15:01,804] {dag.py:1818} INFO - Sync 1 DAGs
[2021-03-30 00:15:01,822] {logging_mixin.py:104} INFO - [2021-03-30 00:15:01,822] {dag.py:2273} INFO - Setting next_dagrun for latest_only to 2021-03-28 00:00:00+00:00
[2021-03-30 00:15:01,832] {scheduler_job.py:190} INFO - Processing /home/airflow/.local/lib/python3.6/site-packages/airflow/example_dags/example_latest_only.py took 0.070 seconds
[2021-03-30 00:15:32,020] {scheduler_job.py:182} INFO - Started process (PID=4026) to work on /home/airflow/.local/lib/python3.6/site-packages/airflow/example_dags/example_latest_only.py
[2021-03-30 00:15:32,022] {scheduler_job.py:629} INFO - Processing file /home/airflow/.local/lib/python3.6/site-packages/airflow/example_dags/example_latest_only.py for tasks to queue
[2021-03-30 00:15:32,022] {logging_mixin.py:104} INFO - [2021-03-30 00:15:32,022] {dagbag.py:448} INFO - Filling up the DagBag from /home/airflow/.local/lib/python3.6/site-packages/airflow/example_dags/example_latest_only.py
[2021-03-30 00:15:32,035] {scheduler_job.py:639} INFO - DAG(s) dict_keys(['latest_only']) retrieved from /home/airflow/.local/lib/python3.6/site-packages/airflow/example_dags/example_latest_only.py
[2021-03-30 00:15:32,060] {logging_mixin.py:104} INFO - [2021-03-30 00:15:32,060] {dag.py:1818} INFO - Sync 1 DAGs
[2021-03-30 00:15:32,077] {logging_mixin.py:104} INFO - [2021-03-30 00:15:32,077] {dag.py:2273} INFO - Setting next_dagrun for latest_only to 2021-03-28 00:00:00+00:00
[2021-03-30 00:15:32,085] {scheduler_job.py:190} INFO - Processing /home/airflow/.local/lib/python3.6/site-packages/airflow/example_dags/example_latest_only.py took 0.069 seconds
[2021-03-30 00:16:02,103] {scheduler_job.py:182} INFO - Started process (PID=4050) to work on /home/airflow/.local/lib/python3.6/site-packages/airflow/example_dags/example_latest_only.py
[2021-03-30 00:16:02,105] {scheduler_job.py:629} INFO - Processing file /home/airflow/.local/lib/python3.6/site-packages/airflow/example_dags/example_latest_only.py for tasks to queue
[2021-03-30 00:16:02,106] {logging_mixin.py:104} INFO - [2021-03-30 00:16:02,106] {dagbag.py:448} INFO - Filling up the DagBag from /home/airflow/.local/lib/python3.6/site-packages/airflow/example_dags/example_latest_only.py
[2021-03-30 00:16:02,116] {scheduler_job.py:639} INFO - DAG(s) dict_keys(['latest_only']) retrieved from /home/airflow/.local/lib/python3.6/site-packages/airflow/example_dags/example_latest_only.py
[2021-03-30 00:16:02,134] {logging_mixin.py:104} INFO - [2021-03-30 00:16:02,134] {dag.py:1818} INFO - Sync 1 DAGs
[2021-03-30 00:16:02,148] {logging_mixin.py:104} INFO - [2021-03-30 00:16:02,148] {dag.py:2273} INFO - Setting next_dagrun for latest_only to 2021-03-28 00:00:00+00:00
[2021-03-30 00:16:02,157] {scheduler_job.py:190} INFO - Processing /home/airflow/.local/lib/python3.6/site-packages/airflow/example_dags/example_latest_only.py took 0.057 seconds
