[2021-03-30 00:00:12,624] {scheduler_job.py:182} INFO - Started process (PID=3232) to work on /home/airflow/.local/lib/python3.6/site-packages/airflow/example_dags/example_latest_only_with_trigger.py
[2021-03-30 00:00:12,627] {scheduler_job.py:629} INFO - Processing file /home/airflow/.local/lib/python3.6/site-packages/airflow/example_dags/example_latest_only_with_trigger.py for tasks to queue
[2021-03-30 00:00:12,628] {logging_mixin.py:104} INFO - [2021-03-30 00:00:12,628] {dagbag.py:448} INFO - Filling up the DagBag from /home/airflow/.local/lib/python3.6/site-packages/airflow/example_dags/example_latest_only_with_trigger.py
[2021-03-30 00:00:12,650] {scheduler_job.py:639} INFO - DAG(s) dict_keys(['latest_only_with_trigger']) retrieved from /home/airflow/.local/lib/python3.6/site-packages/airflow/example_dags/example_latest_only_with_trigger.py
[2021-03-30 00:00:12,686] {logging_mixin.py:104} INFO - [2021-03-30 00:00:12,686] {dag.py:1818} INFO - Sync 1 DAGs
[2021-03-30 00:00:12,707] {logging_mixin.py:104} INFO - [2021-03-30 00:00:12,707] {dag.py:2273} INFO - Setting next_dagrun for latest_only_with_trigger to 2021-03-28 00:00:00+00:00
[2021-03-30 00:00:12,725] {scheduler_job.py:190} INFO - Processing /home/airflow/.local/lib/python3.6/site-packages/airflow/example_dags/example_latest_only_with_trigger.py took 0.106 seconds
[2021-03-30 00:00:42,832] {scheduler_job.py:182} INFO - Started process (PID=3257) to work on /home/airflow/.local/lib/python3.6/site-packages/airflow/example_dags/example_latest_only_with_trigger.py
[2021-03-30 00:00:42,834] {scheduler_job.py:629} INFO - Processing file /home/airflow/.local/lib/python3.6/site-packages/airflow/example_dags/example_latest_only_with_trigger.py for tasks to queue
[2021-03-30 00:00:42,836] {logging_mixin.py:104} INFO - [2021-03-30 00:00:42,835] {dagbag.py:448} INFO - Filling up the DagBag from /home/airflow/.local/lib/python3.6/site-packages/airflow/example_dags/example_latest_only_with_trigger.py
[2021-03-30 00:00:42,871] {scheduler_job.py:639} INFO - DAG(s) dict_keys(['latest_only_with_trigger']) retrieved from /home/airflow/.local/lib/python3.6/site-packages/airflow/example_dags/example_latest_only_with_trigger.py
[2021-03-30 00:00:42,914] {logging_mixin.py:104} INFO - [2021-03-30 00:00:42,914] {dag.py:1818} INFO - Sync 1 DAGs
[2021-03-30 00:00:42,942] {logging_mixin.py:104} INFO - [2021-03-30 00:00:42,942] {dag.py:2273} INFO - Setting next_dagrun for latest_only_with_trigger to 2021-03-28 00:00:00+00:00
[2021-03-30 00:00:42,955] {scheduler_job.py:190} INFO - Processing /home/airflow/.local/lib/python3.6/site-packages/airflow/example_dags/example_latest_only_with_trigger.py took 0.127 seconds
[2021-03-30 00:01:13,576] {scheduler_job.py:182} INFO - Started process (PID=3283) to work on /home/airflow/.local/lib/python3.6/site-packages/airflow/example_dags/example_latest_only_with_trigger.py
[2021-03-30 00:01:13,578] {scheduler_job.py:629} INFO - Processing file /home/airflow/.local/lib/python3.6/site-packages/airflow/example_dags/example_latest_only_with_trigger.py for tasks to queue
[2021-03-30 00:01:13,579] {logging_mixin.py:104} INFO - [2021-03-30 00:01:13,579] {dagbag.py:448} INFO - Filling up the DagBag from /home/airflow/.local/lib/python3.6/site-packages/airflow/example_dags/example_latest_only_with_trigger.py
[2021-03-30 00:01:13,593] {scheduler_job.py:639} INFO - DAG(s) dict_keys(['latest_only_with_trigger']) retrieved from /home/airflow/.local/lib/python3.6/site-packages/airflow/example_dags/example_latest_only_with_trigger.py
[2021-03-30 00:01:13,625] {logging_mixin.py:104} INFO - [2021-03-30 00:01:13,625] {dag.py:1818} INFO - Sync 1 DAGs
[2021-03-30 00:01:13,646] {logging_mixin.py:104} INFO - [2021-03-30 00:01:13,646] {dag.py:2273} INFO - Setting next_dagrun for latest_only_with_trigger to 2021-03-28 00:00:00+00:00
[2021-03-30 00:01:13,669] {scheduler_job.py:190} INFO - Processing /home/airflow/.local/lib/python3.6/site-packages/airflow/example_dags/example_latest_only_with_trigger.py took 0.096 seconds
[2021-03-30 00:01:44,471] {scheduler_job.py:182} INFO - Started process (PID=3309) to work on /home/airflow/.local/lib/python3.6/site-packages/airflow/example_dags/example_latest_only_with_trigger.py
[2021-03-30 00:01:44,474] {scheduler_job.py:629} INFO - Processing file /home/airflow/.local/lib/python3.6/site-packages/airflow/example_dags/example_latest_only_with_trigger.py for tasks to queue
[2021-03-30 00:01:44,476] {logging_mixin.py:104} INFO - [2021-03-30 00:01:44,476] {dagbag.py:448} INFO - Filling up the DagBag from /home/airflow/.local/lib/python3.6/site-packages/airflow/example_dags/example_latest_only_with_trigger.py
[2021-03-30 00:01:44,501] {scheduler_job.py:639} INFO - DAG(s) dict_keys(['latest_only_with_trigger']) retrieved from /home/airflow/.local/lib/python3.6/site-packages/airflow/example_dags/example_latest_only_with_trigger.py
[2021-03-30 00:01:44,529] {logging_mixin.py:104} INFO - [2021-03-30 00:01:44,529] {dag.py:1818} INFO - Sync 1 DAGs
[2021-03-30 00:01:44,552] {logging_mixin.py:104} INFO - [2021-03-30 00:01:44,552] {dag.py:2273} INFO - Setting next_dagrun for latest_only_with_trigger to 2021-03-28 00:00:00+00:00
[2021-03-30 00:01:44,565] {scheduler_job.py:190} INFO - Processing /home/airflow/.local/lib/python3.6/site-packages/airflow/example_dags/example_latest_only_with_trigger.py took 0.098 seconds
[2021-03-30 00:02:14,897] {scheduler_job.py:182} INFO - Started process (PID=3335) to work on /home/airflow/.local/lib/python3.6/site-packages/airflow/example_dags/example_latest_only_with_trigger.py
[2021-03-30 00:02:14,898] {scheduler_job.py:629} INFO - Processing file /home/airflow/.local/lib/python3.6/site-packages/airflow/example_dags/example_latest_only_with_trigger.py for tasks to queue
[2021-03-30 00:02:14,900] {logging_mixin.py:104} INFO - [2021-03-30 00:02:14,900] {dagbag.py:448} INFO - Filling up the DagBag from /home/airflow/.local/lib/python3.6/site-packages/airflow/example_dags/example_latest_only_with_trigger.py
[2021-03-30 00:02:14,914] {scheduler_job.py:639} INFO - DAG(s) dict_keys(['latest_only_with_trigger']) retrieved from /home/airflow/.local/lib/python3.6/site-packages/airflow/example_dags/example_latest_only_with_trigger.py
[2021-03-30 00:02:14,950] {logging_mixin.py:104} INFO - [2021-03-30 00:02:14,950] {dag.py:1818} INFO - Sync 1 DAGs
[2021-03-30 00:02:14,979] {logging_mixin.py:104} INFO - [2021-03-30 00:02:14,979] {dag.py:2273} INFO - Setting next_dagrun for latest_only_with_trigger to 2021-03-28 00:00:00+00:00
[2021-03-30 00:02:14,995] {scheduler_job.py:190} INFO - Processing /home/airflow/.local/lib/python3.6/site-packages/airflow/example_dags/example_latest_only_with_trigger.py took 0.103 seconds
[2021-03-30 00:02:45,933] {scheduler_job.py:182} INFO - Started process (PID=3361) to work on /home/airflow/.local/lib/python3.6/site-packages/airflow/example_dags/example_latest_only_with_trigger.py
[2021-03-30 00:02:45,935] {scheduler_job.py:629} INFO - Processing file /home/airflow/.local/lib/python3.6/site-packages/airflow/example_dags/example_latest_only_with_trigger.py for tasks to queue
[2021-03-30 00:02:45,936] {logging_mixin.py:104} INFO - [2021-03-30 00:02:45,936] {dagbag.py:448} INFO - Filling up the DagBag from /home/airflow/.local/lib/python3.6/site-packages/airflow/example_dags/example_latest_only_with_trigger.py
[2021-03-30 00:02:45,955] {scheduler_job.py:639} INFO - DAG(s) dict_keys(['latest_only_with_trigger']) retrieved from /home/airflow/.local/lib/python3.6/site-packages/airflow/example_dags/example_latest_only_with_trigger.py
[2021-03-30 00:02:45,987] {logging_mixin.py:104} INFO - [2021-03-30 00:02:45,987] {dag.py:1818} INFO - Sync 1 DAGs
[2021-03-30 00:02:46,011] {logging_mixin.py:104} INFO - [2021-03-30 00:02:46,011] {dag.py:2273} INFO - Setting next_dagrun for latest_only_with_trigger to 2021-03-28 00:00:00+00:00
[2021-03-30 00:02:46,026] {scheduler_job.py:190} INFO - Processing /home/airflow/.local/lib/python3.6/site-packages/airflow/example_dags/example_latest_only_with_trigger.py took 0.097 seconds
[2021-03-30 00:03:16,488] {scheduler_job.py:182} INFO - Started process (PID=3387) to work on /home/airflow/.local/lib/python3.6/site-packages/airflow/example_dags/example_latest_only_with_trigger.py
[2021-03-30 00:03:16,489] {scheduler_job.py:629} INFO - Processing file /home/airflow/.local/lib/python3.6/site-packages/airflow/example_dags/example_latest_only_with_trigger.py for tasks to queue
[2021-03-30 00:03:16,490] {logging_mixin.py:104} INFO - [2021-03-30 00:03:16,490] {dagbag.py:448} INFO - Filling up the DagBag from /home/airflow/.local/lib/python3.6/site-packages/airflow/example_dags/example_latest_only_with_trigger.py
[2021-03-30 00:03:16,501] {scheduler_job.py:639} INFO - DAG(s) dict_keys(['latest_only_with_trigger']) retrieved from /home/airflow/.local/lib/python3.6/site-packages/airflow/example_dags/example_latest_only_with_trigger.py
[2021-03-30 00:03:16,522] {logging_mixin.py:104} INFO - [2021-03-30 00:03:16,521] {dag.py:1818} INFO - Sync 1 DAGs
[2021-03-30 00:03:16,537] {logging_mixin.py:104} INFO - [2021-03-30 00:03:16,537] {dag.py:2273} INFO - Setting next_dagrun for latest_only_with_trigger to 2021-03-28 00:00:00+00:00
[2021-03-30 00:03:16,551] {scheduler_job.py:190} INFO - Processing /home/airflow/.local/lib/python3.6/site-packages/airflow/example_dags/example_latest_only_with_trigger.py took 0.066 seconds
[2021-03-30 00:03:46,650] {scheduler_job.py:182} INFO - Started process (PID=3413) to work on /home/airflow/.local/lib/python3.6/site-packages/airflow/example_dags/example_latest_only_with_trigger.py
[2021-03-30 00:03:46,656] {scheduler_job.py:629} INFO - Processing file /home/airflow/.local/lib/python3.6/site-packages/airflow/example_dags/example_latest_only_with_trigger.py for tasks to queue
[2021-03-30 00:03:46,658] {logging_mixin.py:104} INFO - [2021-03-30 00:03:46,658] {dagbag.py:448} INFO - Filling up the DagBag from /home/airflow/.local/lib/python3.6/site-packages/airflow/example_dags/example_latest_only_with_trigger.py
[2021-03-30 00:03:46,692] {scheduler_job.py:639} INFO - DAG(s) dict_keys(['latest_only_with_trigger']) retrieved from /home/airflow/.local/lib/python3.6/site-packages/airflow/example_dags/example_latest_only_with_trigger.py
[2021-03-30 00:03:46,732] {logging_mixin.py:104} INFO - [2021-03-30 00:03:46,732] {dag.py:1818} INFO - Sync 1 DAGs
[2021-03-30 00:03:46,756] {logging_mixin.py:104} INFO - [2021-03-30 00:03:46,756] {dag.py:2273} INFO - Setting next_dagrun for latest_only_with_trigger to 2021-03-28 00:00:00+00:00
[2021-03-30 00:03:46,771] {scheduler_job.py:190} INFO - Processing /home/airflow/.local/lib/python3.6/site-packages/airflow/example_dags/example_latest_only_with_trigger.py took 0.137 seconds
[2021-03-30 00:04:16,967] {scheduler_job.py:182} INFO - Started process (PID=3439) to work on /home/airflow/.local/lib/python3.6/site-packages/airflow/example_dags/example_latest_only_with_trigger.py
[2021-03-30 00:04:16,968] {scheduler_job.py:629} INFO - Processing file /home/airflow/.local/lib/python3.6/site-packages/airflow/example_dags/example_latest_only_with_trigger.py for tasks to queue
[2021-03-30 00:04:16,969] {logging_mixin.py:104} INFO - [2021-03-30 00:04:16,969] {dagbag.py:448} INFO - Filling up the DagBag from /home/airflow/.local/lib/python3.6/site-packages/airflow/example_dags/example_latest_only_with_trigger.py
[2021-03-30 00:04:16,983] {scheduler_job.py:639} INFO - DAG(s) dict_keys(['latest_only_with_trigger']) retrieved from /home/airflow/.local/lib/python3.6/site-packages/airflow/example_dags/example_latest_only_with_trigger.py
[2021-03-30 00:04:17,011] {logging_mixin.py:104} INFO - [2021-03-30 00:04:17,011] {dag.py:1818} INFO - Sync 1 DAGs
[2021-03-30 00:04:17,032] {logging_mixin.py:104} INFO - [2021-03-30 00:04:17,032] {dag.py:2273} INFO - Setting next_dagrun for latest_only_with_trigger to 2021-03-28 00:00:00+00:00
[2021-03-30 00:04:17,043] {scheduler_job.py:190} INFO - Processing /home/airflow/.local/lib/python3.6/site-packages/airflow/example_dags/example_latest_only_with_trigger.py took 0.080 seconds
[2021-03-30 00:04:47,138] {scheduler_job.py:182} INFO - Started process (PID=3465) to work on /home/airflow/.local/lib/python3.6/site-packages/airflow/example_dags/example_latest_only_with_trigger.py
[2021-03-30 00:04:47,140] {scheduler_job.py:629} INFO - Processing file /home/airflow/.local/lib/python3.6/site-packages/airflow/example_dags/example_latest_only_with_trigger.py for tasks to queue
[2021-03-30 00:04:47,141] {logging_mixin.py:104} INFO - [2021-03-30 00:04:47,141] {dagbag.py:448} INFO - Filling up the DagBag from /home/airflow/.local/lib/python3.6/site-packages/airflow/example_dags/example_latest_only_with_trigger.py
[2021-03-30 00:04:47,152] {scheduler_job.py:639} INFO - DAG(s) dict_keys(['latest_only_with_trigger']) retrieved from /home/airflow/.local/lib/python3.6/site-packages/airflow/example_dags/example_latest_only_with_trigger.py
[2021-03-30 00:04:47,175] {logging_mixin.py:104} INFO - [2021-03-30 00:04:47,175] {dag.py:1818} INFO - Sync 1 DAGs
[2021-03-30 00:04:47,190] {logging_mixin.py:104} INFO - [2021-03-30 00:04:47,190] {dag.py:2273} INFO - Setting next_dagrun for latest_only_with_trigger to 2021-03-28 00:00:00+00:00
[2021-03-30 00:04:47,200] {scheduler_job.py:190} INFO - Processing /home/airflow/.local/lib/python3.6/site-packages/airflow/example_dags/example_latest_only_with_trigger.py took 0.066 seconds
[2021-03-30 00:05:17,272] {scheduler_job.py:182} INFO - Started process (PID=3491) to work on /home/airflow/.local/lib/python3.6/site-packages/airflow/example_dags/example_latest_only_with_trigger.py
[2021-03-30 00:05:17,274] {scheduler_job.py:629} INFO - Processing file /home/airflow/.local/lib/python3.6/site-packages/airflow/example_dags/example_latest_only_with_trigger.py for tasks to queue
[2021-03-30 00:05:17,275] {logging_mixin.py:104} INFO - [2021-03-30 00:05:17,275] {dagbag.py:448} INFO - Filling up the DagBag from /home/airflow/.local/lib/python3.6/site-packages/airflow/example_dags/example_latest_only_with_trigger.py
[2021-03-30 00:05:17,286] {scheduler_job.py:639} INFO - DAG(s) dict_keys(['latest_only_with_trigger']) retrieved from /home/airflow/.local/lib/python3.6/site-packages/airflow/example_dags/example_latest_only_with_trigger.py
[2021-03-30 00:05:17,310] {logging_mixin.py:104} INFO - [2021-03-30 00:05:17,310] {dag.py:1818} INFO - Sync 1 DAGs
[2021-03-30 00:05:17,329] {logging_mixin.py:104} INFO - [2021-03-30 00:05:17,329] {dag.py:2273} INFO - Setting next_dagrun for latest_only_with_trigger to 2021-03-28 00:00:00+00:00
[2021-03-30 00:05:17,348] {scheduler_job.py:190} INFO - Processing /home/airflow/.local/lib/python3.6/site-packages/airflow/example_dags/example_latest_only_with_trigger.py took 0.080 seconds
[2021-03-30 00:05:47,999] {scheduler_job.py:182} INFO - Started process (PID=3517) to work on /home/airflow/.local/lib/python3.6/site-packages/airflow/example_dags/example_latest_only_with_trigger.py
[2021-03-30 00:05:48,000] {scheduler_job.py:629} INFO - Processing file /home/airflow/.local/lib/python3.6/site-packages/airflow/example_dags/example_latest_only_with_trigger.py for tasks to queue
[2021-03-30 00:05:48,002] {logging_mixin.py:104} INFO - [2021-03-30 00:05:48,001] {dagbag.py:448} INFO - Filling up the DagBag from /home/airflow/.local/lib/python3.6/site-packages/airflow/example_dags/example_latest_only_with_trigger.py
[2021-03-30 00:05:48,012] {scheduler_job.py:639} INFO - DAG(s) dict_keys(['latest_only_with_trigger']) retrieved from /home/airflow/.local/lib/python3.6/site-packages/airflow/example_dags/example_latest_only_with_trigger.py
[2021-03-30 00:05:48,032] {logging_mixin.py:104} INFO - [2021-03-30 00:05:48,032] {dag.py:1818} INFO - Sync 1 DAGs
[2021-03-30 00:05:48,047] {logging_mixin.py:104} INFO - [2021-03-30 00:05:48,047] {dag.py:2273} INFO - Setting next_dagrun for latest_only_with_trigger to 2021-03-28 00:00:00+00:00
[2021-03-30 00:05:48,057] {scheduler_job.py:190} INFO - Processing /home/airflow/.local/lib/python3.6/site-packages/airflow/example_dags/example_latest_only_with_trigger.py took 0.063 seconds
[2021-03-30 00:06:18,199] {scheduler_job.py:182} INFO - Started process (PID=3543) to work on /home/airflow/.local/lib/python3.6/site-packages/airflow/example_dags/example_latest_only_with_trigger.py
[2021-03-30 00:06:18,200] {scheduler_job.py:629} INFO - Processing file /home/airflow/.local/lib/python3.6/site-packages/airflow/example_dags/example_latest_only_with_trigger.py for tasks to queue
[2021-03-30 00:06:18,201] {logging_mixin.py:104} INFO - [2021-03-30 00:06:18,201] {dagbag.py:448} INFO - Filling up the DagBag from /home/airflow/.local/lib/python3.6/site-packages/airflow/example_dags/example_latest_only_with_trigger.py
[2021-03-30 00:06:18,211] {scheduler_job.py:639} INFO - DAG(s) dict_keys(['latest_only_with_trigger']) retrieved from /home/airflow/.local/lib/python3.6/site-packages/airflow/example_dags/example_latest_only_with_trigger.py
[2021-03-30 00:06:18,231] {logging_mixin.py:104} INFO - [2021-03-30 00:06:18,231] {dag.py:1818} INFO - Sync 1 DAGs
[2021-03-30 00:06:18,250] {logging_mixin.py:104} INFO - [2021-03-30 00:06:18,250] {dag.py:2273} INFO - Setting next_dagrun for latest_only_with_trigger to 2021-03-28 00:00:00+00:00
[2021-03-30 00:06:18,265] {scheduler_job.py:190} INFO - Processing /home/airflow/.local/lib/python3.6/site-packages/airflow/example_dags/example_latest_only_with_trigger.py took 0.069 seconds
[2021-03-30 00:06:48,416] {scheduler_job.py:182} INFO - Started process (PID=3569) to work on /home/airflow/.local/lib/python3.6/site-packages/airflow/example_dags/example_latest_only_with_trigger.py
[2021-03-30 00:06:48,418] {scheduler_job.py:629} INFO - Processing file /home/airflow/.local/lib/python3.6/site-packages/airflow/example_dags/example_latest_only_with_trigger.py for tasks to queue
[2021-03-30 00:06:48,419] {logging_mixin.py:104} INFO - [2021-03-30 00:06:48,418] {dagbag.py:448} INFO - Filling up the DagBag from /home/airflow/.local/lib/python3.6/site-packages/airflow/example_dags/example_latest_only_with_trigger.py
[2021-03-30 00:06:48,429] {scheduler_job.py:639} INFO - DAG(s) dict_keys(['latest_only_with_trigger']) retrieved from /home/airflow/.local/lib/python3.6/site-packages/airflow/example_dags/example_latest_only_with_trigger.py
[2021-03-30 00:06:48,453] {logging_mixin.py:104} INFO - [2021-03-30 00:06:48,453] {dag.py:1818} INFO - Sync 1 DAGs
[2021-03-30 00:06:48,469] {logging_mixin.py:104} INFO - [2021-03-30 00:06:48,469] {dag.py:2273} INFO - Setting next_dagrun for latest_only_with_trigger to 2021-03-28 00:00:00+00:00
[2021-03-30 00:06:48,484] {scheduler_job.py:190} INFO - Processing /home/airflow/.local/lib/python3.6/site-packages/airflow/example_dags/example_latest_only_with_trigger.py took 0.070 seconds
[2021-03-30 00:07:18,862] {scheduler_job.py:182} INFO - Started process (PID=3595) to work on /home/airflow/.local/lib/python3.6/site-packages/airflow/example_dags/example_latest_only_with_trigger.py
[2021-03-30 00:07:18,864] {scheduler_job.py:629} INFO - Processing file /home/airflow/.local/lib/python3.6/site-packages/airflow/example_dags/example_latest_only_with_trigger.py for tasks to queue
[2021-03-30 00:07:18,865] {logging_mixin.py:104} INFO - [2021-03-30 00:07:18,865] {dagbag.py:448} INFO - Filling up the DagBag from /home/airflow/.local/lib/python3.6/site-packages/airflow/example_dags/example_latest_only_with_trigger.py
[2021-03-30 00:07:18,877] {scheduler_job.py:639} INFO - DAG(s) dict_keys(['latest_only_with_trigger']) retrieved from /home/airflow/.local/lib/python3.6/site-packages/airflow/example_dags/example_latest_only_with_trigger.py
[2021-03-30 00:07:18,899] {logging_mixin.py:104} INFO - [2021-03-30 00:07:18,899] {dag.py:1818} INFO - Sync 1 DAGs
[2021-03-30 00:07:18,915] {logging_mixin.py:104} INFO - [2021-03-30 00:07:18,914] {dag.py:2273} INFO - Setting next_dagrun for latest_only_with_trigger to 2021-03-28 00:00:00+00:00
[2021-03-30 00:07:18,925] {scheduler_job.py:190} INFO - Processing /home/airflow/.local/lib/python3.6/site-packages/airflow/example_dags/example_latest_only_with_trigger.py took 0.067 seconds
[2021-03-30 00:07:49,385] {scheduler_job.py:182} INFO - Started process (PID=3621) to work on /home/airflow/.local/lib/python3.6/site-packages/airflow/example_dags/example_latest_only_with_trigger.py
[2021-03-30 00:07:49,387] {scheduler_job.py:629} INFO - Processing file /home/airflow/.local/lib/python3.6/site-packages/airflow/example_dags/example_latest_only_with_trigger.py for tasks to queue
[2021-03-30 00:07:49,387] {logging_mixin.py:104} INFO - [2021-03-30 00:07:49,387] {dagbag.py:448} INFO - Filling up the DagBag from /home/airflow/.local/lib/python3.6/site-packages/airflow/example_dags/example_latest_only_with_trigger.py
[2021-03-30 00:07:49,398] {scheduler_job.py:639} INFO - DAG(s) dict_keys(['latest_only_with_trigger']) retrieved from /home/airflow/.local/lib/python3.6/site-packages/airflow/example_dags/example_latest_only_with_trigger.py
[2021-03-30 00:07:49,420] {logging_mixin.py:104} INFO - [2021-03-30 00:07:49,419] {dag.py:1818} INFO - Sync 1 DAGs
[2021-03-30 00:07:49,435] {logging_mixin.py:104} INFO - [2021-03-30 00:07:49,434] {dag.py:2273} INFO - Setting next_dagrun for latest_only_with_trigger to 2021-03-28 00:00:00+00:00
[2021-03-30 00:07:49,445] {scheduler_job.py:190} INFO - Processing /home/airflow/.local/lib/python3.6/site-packages/airflow/example_dags/example_latest_only_with_trigger.py took 0.063 seconds
[2021-03-30 00:08:19,590] {scheduler_job.py:182} INFO - Started process (PID=3647) to work on /home/airflow/.local/lib/python3.6/site-packages/airflow/example_dags/example_latest_only_with_trigger.py
[2021-03-30 00:08:19,591] {scheduler_job.py:629} INFO - Processing file /home/airflow/.local/lib/python3.6/site-packages/airflow/example_dags/example_latest_only_with_trigger.py for tasks to queue
[2021-03-30 00:08:19,593] {logging_mixin.py:104} INFO - [2021-03-30 00:08:19,592] {dagbag.py:448} INFO - Filling up the DagBag from /home/airflow/.local/lib/python3.6/site-packages/airflow/example_dags/example_latest_only_with_trigger.py
[2021-03-30 00:08:19,603] {scheduler_job.py:639} INFO - DAG(s) dict_keys(['latest_only_with_trigger']) retrieved from /home/airflow/.local/lib/python3.6/site-packages/airflow/example_dags/example_latest_only_with_trigger.py
[2021-03-30 00:08:19,625] {logging_mixin.py:104} INFO - [2021-03-30 00:08:19,624] {dag.py:1818} INFO - Sync 1 DAGs
[2021-03-30 00:08:19,640] {logging_mixin.py:104} INFO - [2021-03-30 00:08:19,640] {dag.py:2273} INFO - Setting next_dagrun for latest_only_with_trigger to 2021-03-28 00:00:00+00:00
[2021-03-30 00:08:19,650] {scheduler_job.py:190} INFO - Processing /home/airflow/.local/lib/python3.6/site-packages/airflow/example_dags/example_latest_only_with_trigger.py took 0.062 seconds
[2021-03-30 00:08:49,773] {scheduler_job.py:182} INFO - Started process (PID=3673) to work on /home/airflow/.local/lib/python3.6/site-packages/airflow/example_dags/example_latest_only_with_trigger.py
[2021-03-30 00:08:49,774] {scheduler_job.py:629} INFO - Processing file /home/airflow/.local/lib/python3.6/site-packages/airflow/example_dags/example_latest_only_with_trigger.py for tasks to queue
[2021-03-30 00:08:49,775] {logging_mixin.py:104} INFO - [2021-03-30 00:08:49,775] {dagbag.py:448} INFO - Filling up the DagBag from /home/airflow/.local/lib/python3.6/site-packages/airflow/example_dags/example_latest_only_with_trigger.py
[2021-03-30 00:08:49,785] {scheduler_job.py:639} INFO - DAG(s) dict_keys(['latest_only_with_trigger']) retrieved from /home/airflow/.local/lib/python3.6/site-packages/airflow/example_dags/example_latest_only_with_trigger.py
[2021-03-30 00:08:49,807] {logging_mixin.py:104} INFO - [2021-03-30 00:08:49,807] {dag.py:1818} INFO - Sync 1 DAGs
[2021-03-30 00:08:49,822] {logging_mixin.py:104} INFO - [2021-03-30 00:08:49,822] {dag.py:2273} INFO - Setting next_dagrun for latest_only_with_trigger to 2021-03-28 00:00:00+00:00
[2021-03-30 00:08:49,833] {scheduler_job.py:190} INFO - Processing /home/airflow/.local/lib/python3.6/site-packages/airflow/example_dags/example_latest_only_with_trigger.py took 0.063 seconds
[2021-03-30 00:09:20,094] {scheduler_job.py:182} INFO - Started process (PID=3699) to work on /home/airflow/.local/lib/python3.6/site-packages/airflow/example_dags/example_latest_only_with_trigger.py
[2021-03-30 00:09:20,095] {scheduler_job.py:629} INFO - Processing file /home/airflow/.local/lib/python3.6/site-packages/airflow/example_dags/example_latest_only_with_trigger.py for tasks to queue
[2021-03-30 00:09:20,096] {logging_mixin.py:104} INFO - [2021-03-30 00:09:20,096] {dagbag.py:448} INFO - Filling up the DagBag from /home/airflow/.local/lib/python3.6/site-packages/airflow/example_dags/example_latest_only_with_trigger.py
[2021-03-30 00:09:20,107] {scheduler_job.py:639} INFO - DAG(s) dict_keys(['latest_only_with_trigger']) retrieved from /home/airflow/.local/lib/python3.6/site-packages/airflow/example_dags/example_latest_only_with_trigger.py
[2021-03-30 00:09:20,127] {logging_mixin.py:104} INFO - [2021-03-30 00:09:20,127] {dag.py:1818} INFO - Sync 1 DAGs
[2021-03-30 00:09:20,141] {logging_mixin.py:104} INFO - [2021-03-30 00:09:20,141] {dag.py:2273} INFO - Setting next_dagrun for latest_only_with_trigger to 2021-03-28 00:00:00+00:00
[2021-03-30 00:09:20,151] {scheduler_job.py:190} INFO - Processing /home/airflow/.local/lib/python3.6/site-packages/airflow/example_dags/example_latest_only_with_trigger.py took 0.060 seconds
[2021-03-30 00:09:50,264] {scheduler_job.py:182} INFO - Started process (PID=3725) to work on /home/airflow/.local/lib/python3.6/site-packages/airflow/example_dags/example_latest_only_with_trigger.py
[2021-03-30 00:09:50,265] {scheduler_job.py:629} INFO - Processing file /home/airflow/.local/lib/python3.6/site-packages/airflow/example_dags/example_latest_only_with_trigger.py for tasks to queue
[2021-03-30 00:09:50,266] {logging_mixin.py:104} INFO - [2021-03-30 00:09:50,266] {dagbag.py:448} INFO - Filling up the DagBag from /home/airflow/.local/lib/python3.6/site-packages/airflow/example_dags/example_latest_only_with_trigger.py
[2021-03-30 00:09:50,277] {scheduler_job.py:639} INFO - DAG(s) dict_keys(['latest_only_with_trigger']) retrieved from /home/airflow/.local/lib/python3.6/site-packages/airflow/example_dags/example_latest_only_with_trigger.py
[2021-03-30 00:09:50,300] {logging_mixin.py:104} INFO - [2021-03-30 00:09:50,300] {dag.py:1818} INFO - Sync 1 DAGs
[2021-03-30 00:09:50,315] {logging_mixin.py:104} INFO - [2021-03-30 00:09:50,315] {dag.py:2273} INFO - Setting next_dagrun for latest_only_with_trigger to 2021-03-28 00:00:00+00:00
[2021-03-30 00:09:50,329] {scheduler_job.py:190} INFO - Processing /home/airflow/.local/lib/python3.6/site-packages/airflow/example_dags/example_latest_only_with_trigger.py took 0.068 seconds
[2021-03-30 00:10:20,447] {scheduler_job.py:182} INFO - Started process (PID=3751) to work on /home/airflow/.local/lib/python3.6/site-packages/airflow/example_dags/example_latest_only_with_trigger.py
[2021-03-30 00:10:20,449] {scheduler_job.py:629} INFO - Processing file /home/airflow/.local/lib/python3.6/site-packages/airflow/example_dags/example_latest_only_with_trigger.py for tasks to queue
[2021-03-30 00:10:20,450] {logging_mixin.py:104} INFO - [2021-03-30 00:10:20,450] {dagbag.py:448} INFO - Filling up the DagBag from /home/airflow/.local/lib/python3.6/site-packages/airflow/example_dags/example_latest_only_with_trigger.py
[2021-03-30 00:10:20,460] {scheduler_job.py:639} INFO - DAG(s) dict_keys(['latest_only_with_trigger']) retrieved from /home/airflow/.local/lib/python3.6/site-packages/airflow/example_dags/example_latest_only_with_trigger.py
[2021-03-30 00:10:20,481] {logging_mixin.py:104} INFO - [2021-03-30 00:10:20,481] {dag.py:1818} INFO - Sync 1 DAGs
[2021-03-30 00:10:20,496] {logging_mixin.py:104} INFO - [2021-03-30 00:10:20,496] {dag.py:2273} INFO - Setting next_dagrun for latest_only_with_trigger to 2021-03-28 00:00:00+00:00
[2021-03-30 00:10:20,506] {scheduler_job.py:190} INFO - Processing /home/airflow/.local/lib/python3.6/site-packages/airflow/example_dags/example_latest_only_with_trigger.py took 0.062 seconds
[2021-03-30 00:10:50,642] {scheduler_job.py:182} INFO - Started process (PID=3777) to work on /home/airflow/.local/lib/python3.6/site-packages/airflow/example_dags/example_latest_only_with_trigger.py
[2021-03-30 00:10:50,643] {scheduler_job.py:629} INFO - Processing file /home/airflow/.local/lib/python3.6/site-packages/airflow/example_dags/example_latest_only_with_trigger.py for tasks to queue
[2021-03-30 00:10:50,645] {logging_mixin.py:104} INFO - [2021-03-30 00:10:50,644] {dagbag.py:448} INFO - Filling up the DagBag from /home/airflow/.local/lib/python3.6/site-packages/airflow/example_dags/example_latest_only_with_trigger.py
[2021-03-30 00:10:50,656] {scheduler_job.py:639} INFO - DAG(s) dict_keys(['latest_only_with_trigger']) retrieved from /home/airflow/.local/lib/python3.6/site-packages/airflow/example_dags/example_latest_only_with_trigger.py
[2021-03-30 00:10:50,678] {logging_mixin.py:104} INFO - [2021-03-30 00:10:50,678] {dag.py:1818} INFO - Sync 1 DAGs
[2021-03-30 00:10:50,693] {logging_mixin.py:104} INFO - [2021-03-30 00:10:50,693] {dag.py:2273} INFO - Setting next_dagrun for latest_only_with_trigger to 2021-03-28 00:00:00+00:00
[2021-03-30 00:10:50,704] {scheduler_job.py:190} INFO - Processing /home/airflow/.local/lib/python3.6/site-packages/airflow/example_dags/example_latest_only_with_trigger.py took 0.065 seconds
[2021-03-30 00:11:21,013] {scheduler_job.py:182} INFO - Started process (PID=3803) to work on /home/airflow/.local/lib/python3.6/site-packages/airflow/example_dags/example_latest_only_with_trigger.py
[2021-03-30 00:11:21,014] {scheduler_job.py:629} INFO - Processing file /home/airflow/.local/lib/python3.6/site-packages/airflow/example_dags/example_latest_only_with_trigger.py for tasks to queue
[2021-03-30 00:11:21,015] {logging_mixin.py:104} INFO - [2021-03-30 00:11:21,015] {dagbag.py:448} INFO - Filling up the DagBag from /home/airflow/.local/lib/python3.6/site-packages/airflow/example_dags/example_latest_only_with_trigger.py
[2021-03-30 00:11:21,025] {scheduler_job.py:639} INFO - DAG(s) dict_keys(['latest_only_with_trigger']) retrieved from /home/airflow/.local/lib/python3.6/site-packages/airflow/example_dags/example_latest_only_with_trigger.py
[2021-03-30 00:11:21,047] {logging_mixin.py:104} INFO - [2021-03-30 00:11:21,047] {dag.py:1818} INFO - Sync 1 DAGs
[2021-03-30 00:11:21,066] {logging_mixin.py:104} INFO - [2021-03-30 00:11:21,066] {dag.py:2273} INFO - Setting next_dagrun for latest_only_with_trigger to 2021-03-28 00:00:00+00:00
[2021-03-30 00:11:21,080] {scheduler_job.py:190} INFO - Processing /home/airflow/.local/lib/python3.6/site-packages/airflow/example_dags/example_latest_only_with_trigger.py took 0.070 seconds
[2021-03-30 00:11:51,248] {scheduler_job.py:182} INFO - Started process (PID=3829) to work on /home/airflow/.local/lib/python3.6/site-packages/airflow/example_dags/example_latest_only_with_trigger.py
[2021-03-30 00:11:51,249] {scheduler_job.py:629} INFO - Processing file /home/airflow/.local/lib/python3.6/site-packages/airflow/example_dags/example_latest_only_with_trigger.py for tasks to queue
[2021-03-30 00:11:51,250] {logging_mixin.py:104} INFO - [2021-03-30 00:11:51,250] {dagbag.py:448} INFO - Filling up the DagBag from /home/airflow/.local/lib/python3.6/site-packages/airflow/example_dags/example_latest_only_with_trigger.py
[2021-03-30 00:11:51,265] {scheduler_job.py:639} INFO - DAG(s) dict_keys(['latest_only_with_trigger']) retrieved from /home/airflow/.local/lib/python3.6/site-packages/airflow/example_dags/example_latest_only_with_trigger.py
[2021-03-30 00:11:51,289] {logging_mixin.py:104} INFO - [2021-03-30 00:11:51,289] {dag.py:1818} INFO - Sync 1 DAGs
[2021-03-30 00:11:51,321] {logging_mixin.py:104} INFO - [2021-03-30 00:11:51,321] {dag.py:2273} INFO - Setting next_dagrun for latest_only_with_trigger to 2021-03-28 00:00:00+00:00
[2021-03-30 00:11:51,350] {scheduler_job.py:190} INFO - Processing /home/airflow/.local/lib/python3.6/site-packages/airflow/example_dags/example_latest_only_with_trigger.py took 0.105 seconds
[2021-03-30 00:12:21,476] {scheduler_job.py:182} INFO - Started process (PID=3855) to work on /home/airflow/.local/lib/python3.6/site-packages/airflow/example_dags/example_latest_only_with_trigger.py
[2021-03-30 00:12:21,477] {scheduler_job.py:629} INFO - Processing file /home/airflow/.local/lib/python3.6/site-packages/airflow/example_dags/example_latest_only_with_trigger.py for tasks to queue
[2021-03-30 00:12:21,478] {logging_mixin.py:104} INFO - [2021-03-30 00:12:21,478] {dagbag.py:448} INFO - Filling up the DagBag from /home/airflow/.local/lib/python3.6/site-packages/airflow/example_dags/example_latest_only_with_trigger.py
[2021-03-30 00:12:21,489] {scheduler_job.py:639} INFO - DAG(s) dict_keys(['latest_only_with_trigger']) retrieved from /home/airflow/.local/lib/python3.6/site-packages/airflow/example_dags/example_latest_only_with_trigger.py
[2021-03-30 00:12:21,509] {logging_mixin.py:104} INFO - [2021-03-30 00:12:21,509] {dag.py:1818} INFO - Sync 1 DAGs
[2021-03-30 00:12:21,524] {logging_mixin.py:104} INFO - [2021-03-30 00:12:21,524] {dag.py:2273} INFO - Setting next_dagrun for latest_only_with_trigger to 2021-03-28 00:00:00+00:00
[2021-03-30 00:12:21,533] {scheduler_job.py:190} INFO - Processing /home/airflow/.local/lib/python3.6/site-packages/airflow/example_dags/example_latest_only_with_trigger.py took 0.060 seconds
[2021-03-30 00:12:51,708] {scheduler_job.py:182} INFO - Started process (PID=3881) to work on /home/airflow/.local/lib/python3.6/site-packages/airflow/example_dags/example_latest_only_with_trigger.py
[2021-03-30 00:12:51,709] {scheduler_job.py:629} INFO - Processing file /home/airflow/.local/lib/python3.6/site-packages/airflow/example_dags/example_latest_only_with_trigger.py for tasks to queue
[2021-03-30 00:12:51,710] {logging_mixin.py:104} INFO - [2021-03-30 00:12:51,710] {dagbag.py:448} INFO - Filling up the DagBag from /home/airflow/.local/lib/python3.6/site-packages/airflow/example_dags/example_latest_only_with_trigger.py
[2021-03-30 00:12:51,721] {scheduler_job.py:639} INFO - DAG(s) dict_keys(['latest_only_with_trigger']) retrieved from /home/airflow/.local/lib/python3.6/site-packages/airflow/example_dags/example_latest_only_with_trigger.py
[2021-03-30 00:12:51,742] {logging_mixin.py:104} INFO - [2021-03-30 00:12:51,742] {dag.py:1818} INFO - Sync 1 DAGs
[2021-03-30 00:12:51,761] {logging_mixin.py:104} INFO - [2021-03-30 00:12:51,761] {dag.py:2273} INFO - Setting next_dagrun for latest_only_with_trigger to 2021-03-28 00:00:00+00:00
[2021-03-30 00:12:51,772] {scheduler_job.py:190} INFO - Processing /home/airflow/.local/lib/python3.6/site-packages/airflow/example_dags/example_latest_only_with_trigger.py took 0.067 seconds
[2021-03-30 00:13:21,818] {scheduler_job.py:182} INFO - Started process (PID=3907) to work on /home/airflow/.local/lib/python3.6/site-packages/airflow/example_dags/example_latest_only_with_trigger.py
[2021-03-30 00:13:21,820] {scheduler_job.py:629} INFO - Processing file /home/airflow/.local/lib/python3.6/site-packages/airflow/example_dags/example_latest_only_with_trigger.py for tasks to queue
[2021-03-30 00:13:21,821] {logging_mixin.py:104} INFO - [2021-03-30 00:13:21,820] {dagbag.py:448} INFO - Filling up the DagBag from /home/airflow/.local/lib/python3.6/site-packages/airflow/example_dags/example_latest_only_with_trigger.py
[2021-03-30 00:13:21,832] {scheduler_job.py:639} INFO - DAG(s) dict_keys(['latest_only_with_trigger']) retrieved from /home/airflow/.local/lib/python3.6/site-packages/airflow/example_dags/example_latest_only_with_trigger.py
[2021-03-30 00:13:21,854] {logging_mixin.py:104} INFO - [2021-03-30 00:13:21,854] {dag.py:1818} INFO - Sync 1 DAGs
[2021-03-30 00:13:21,869] {logging_mixin.py:104} INFO - [2021-03-30 00:13:21,869] {dag.py:2273} INFO - Setting next_dagrun for latest_only_with_trigger to 2021-03-28 00:00:00+00:00
[2021-03-30 00:13:21,880] {scheduler_job.py:190} INFO - Processing /home/airflow/.local/lib/python3.6/site-packages/airflow/example_dags/example_latest_only_with_trigger.py took 0.065 seconds
[2021-03-30 00:13:52,195] {scheduler_job.py:182} INFO - Started process (PID=3933) to work on /home/airflow/.local/lib/python3.6/site-packages/airflow/example_dags/example_latest_only_with_trigger.py
[2021-03-30 00:13:52,197] {scheduler_job.py:629} INFO - Processing file /home/airflow/.local/lib/python3.6/site-packages/airflow/example_dags/example_latest_only_with_trigger.py for tasks to queue
[2021-03-30 00:13:52,198] {logging_mixin.py:104} INFO - [2021-03-30 00:13:52,198] {dagbag.py:448} INFO - Filling up the DagBag from /home/airflow/.local/lib/python3.6/site-packages/airflow/example_dags/example_latest_only_with_trigger.py
[2021-03-30 00:13:52,210] {scheduler_job.py:639} INFO - DAG(s) dict_keys(['latest_only_with_trigger']) retrieved from /home/airflow/.local/lib/python3.6/site-packages/airflow/example_dags/example_latest_only_with_trigger.py
[2021-03-30 00:13:52,231] {logging_mixin.py:104} INFO - [2021-03-30 00:13:52,231] {dag.py:1818} INFO - Sync 1 DAGs
[2021-03-30 00:13:52,247] {logging_mixin.py:104} INFO - [2021-03-30 00:13:52,247] {dag.py:2273} INFO - Setting next_dagrun for latest_only_with_trigger to 2021-03-28 00:00:00+00:00
[2021-03-30 00:13:52,261] {scheduler_job.py:190} INFO - Processing /home/airflow/.local/lib/python3.6/site-packages/airflow/example_dags/example_latest_only_with_trigger.py took 0.069 seconds
[2021-03-30 00:14:22,839] {scheduler_job.py:182} INFO - Started process (PID=3959) to work on /home/airflow/.local/lib/python3.6/site-packages/airflow/example_dags/example_latest_only_with_trigger.py
[2021-03-30 00:14:22,841] {scheduler_job.py:629} INFO - Processing file /home/airflow/.local/lib/python3.6/site-packages/airflow/example_dags/example_latest_only_with_trigger.py for tasks to queue
[2021-03-30 00:14:22,842] {logging_mixin.py:104} INFO - [2021-03-30 00:14:22,842] {dagbag.py:448} INFO - Filling up the DagBag from /home/airflow/.local/lib/python3.6/site-packages/airflow/example_dags/example_latest_only_with_trigger.py
[2021-03-30 00:14:22,852] {scheduler_job.py:639} INFO - DAG(s) dict_keys(['latest_only_with_trigger']) retrieved from /home/airflow/.local/lib/python3.6/site-packages/airflow/example_dags/example_latest_only_with_trigger.py
[2021-03-30 00:14:22,873] {logging_mixin.py:104} INFO - [2021-03-30 00:14:22,872] {dag.py:1818} INFO - Sync 1 DAGs
[2021-03-30 00:14:22,887] {logging_mixin.py:104} INFO - [2021-03-30 00:14:22,887] {dag.py:2273} INFO - Setting next_dagrun for latest_only_with_trigger to 2021-03-28 00:00:00+00:00
[2021-03-30 00:14:22,897] {scheduler_job.py:190} INFO - Processing /home/airflow/.local/lib/python3.6/site-packages/airflow/example_dags/example_latest_only_with_trigger.py took 0.062 seconds
[2021-03-30 00:14:52,959] {scheduler_job.py:182} INFO - Started process (PID=3985) to work on /home/airflow/.local/lib/python3.6/site-packages/airflow/example_dags/example_latest_only_with_trigger.py
[2021-03-30 00:14:52,961] {scheduler_job.py:629} INFO - Processing file /home/airflow/.local/lib/python3.6/site-packages/airflow/example_dags/example_latest_only_with_trigger.py for tasks to queue
[2021-03-30 00:14:52,962] {logging_mixin.py:104} INFO - [2021-03-30 00:14:52,962] {dagbag.py:448} INFO - Filling up the DagBag from /home/airflow/.local/lib/python3.6/site-packages/airflow/example_dags/example_latest_only_with_trigger.py
[2021-03-30 00:14:52,975] {scheduler_job.py:639} INFO - DAG(s) dict_keys(['latest_only_with_trigger']) retrieved from /home/airflow/.local/lib/python3.6/site-packages/airflow/example_dags/example_latest_only_with_trigger.py
[2021-03-30 00:14:52,997] {logging_mixin.py:104} INFO - [2021-03-30 00:14:52,997] {dag.py:1818} INFO - Sync 1 DAGs
[2021-03-30 00:14:53,014] {logging_mixin.py:104} INFO - [2021-03-30 00:14:53,014] {dag.py:2273} INFO - Setting next_dagrun for latest_only_with_trigger to 2021-03-28 00:00:00+00:00
[2021-03-30 00:14:53,025] {scheduler_job.py:190} INFO - Processing /home/airflow/.local/lib/python3.6/site-packages/airflow/example_dags/example_latest_only_with_trigger.py took 0.069 seconds
[2021-03-30 00:15:23,350] {scheduler_job.py:182} INFO - Started process (PID=4011) to work on /home/airflow/.local/lib/python3.6/site-packages/airflow/example_dags/example_latest_only_with_trigger.py
[2021-03-30 00:15:23,353] {scheduler_job.py:629} INFO - Processing file /home/airflow/.local/lib/python3.6/site-packages/airflow/example_dags/example_latest_only_with_trigger.py for tasks to queue
[2021-03-30 00:15:23,354] {logging_mixin.py:104} INFO - [2021-03-30 00:15:23,354] {dagbag.py:448} INFO - Filling up the DagBag from /home/airflow/.local/lib/python3.6/site-packages/airflow/example_dags/example_latest_only_with_trigger.py
[2021-03-30 00:15:23,363] {scheduler_job.py:639} INFO - DAG(s) dict_keys(['latest_only_with_trigger']) retrieved from /home/airflow/.local/lib/python3.6/site-packages/airflow/example_dags/example_latest_only_with_trigger.py
[2021-03-30 00:15:23,382] {logging_mixin.py:104} INFO - [2021-03-30 00:15:23,382] {dag.py:1818} INFO - Sync 1 DAGs
[2021-03-30 00:15:23,395] {logging_mixin.py:104} INFO - [2021-03-30 00:15:23,395] {dag.py:2273} INFO - Setting next_dagrun for latest_only_with_trigger to 2021-03-28 00:00:00+00:00
[2021-03-30 00:15:23,405] {scheduler_job.py:190} INFO - Processing /home/airflow/.local/lib/python3.6/site-packages/airflow/example_dags/example_latest_only_with_trigger.py took 0.057 seconds
[2021-03-30 00:15:53,479] {scheduler_job.py:182} INFO - Started process (PID=4037) to work on /home/airflow/.local/lib/python3.6/site-packages/airflow/example_dags/example_latest_only_with_trigger.py
[2021-03-30 00:15:53,481] {scheduler_job.py:629} INFO - Processing file /home/airflow/.local/lib/python3.6/site-packages/airflow/example_dags/example_latest_only_with_trigger.py for tasks to queue
[2021-03-30 00:15:53,482] {logging_mixin.py:104} INFO - [2021-03-30 00:15:53,482] {dagbag.py:448} INFO - Filling up the DagBag from /home/airflow/.local/lib/python3.6/site-packages/airflow/example_dags/example_latest_only_with_trigger.py
[2021-03-30 00:15:53,492] {scheduler_job.py:639} INFO - DAG(s) dict_keys(['latest_only_with_trigger']) retrieved from /home/airflow/.local/lib/python3.6/site-packages/airflow/example_dags/example_latest_only_with_trigger.py
[2021-03-30 00:15:53,513] {logging_mixin.py:104} INFO - [2021-03-30 00:15:53,512] {dag.py:1818} INFO - Sync 1 DAGs
[2021-03-30 00:15:53,528] {logging_mixin.py:104} INFO - [2021-03-30 00:15:53,528] {dag.py:2273} INFO - Setting next_dagrun for latest_only_with_trigger to 2021-03-28 00:00:00+00:00
[2021-03-30 00:15:53,538] {scheduler_job.py:190} INFO - Processing /home/airflow/.local/lib/python3.6/site-packages/airflow/example_dags/example_latest_only_with_trigger.py took 0.063 seconds
