[2021-03-30 00:00:16,643] {scheduler_job.py:182} INFO - Started process (PID=3234) to work on /home/airflow/.local/lib/python3.6/site-packages/airflow/example_dags/example_skip_dag.py
[2021-03-30 00:00:16,646] {scheduler_job.py:629} INFO - Processing file /home/airflow/.local/lib/python3.6/site-packages/airflow/example_dags/example_skip_dag.py for tasks to queue
[2021-03-30 00:00:16,654] {logging_mixin.py:104} INFO - [2021-03-30 00:00:16,653] {dagbag.py:448} INFO - Filling up the DagBag from /home/airflow/.local/lib/python3.6/site-packages/airflow/example_dags/example_skip_dag.py
[2021-03-30 00:00:16,698] {scheduler_job.py:639} INFO - DAG(s) dict_keys(['example_skip_dag']) retrieved from /home/airflow/.local/lib/python3.6/site-packages/airflow/example_dags/example_skip_dag.py
[2021-03-30 00:00:16,781] {logging_mixin.py:104} INFO - [2021-03-30 00:00:16,781] {dag.py:1818} INFO - Sync 1 DAGs
[2021-03-30 00:00:16,818] {logging_mixin.py:104} INFO - [2021-03-30 00:00:16,817] {dag.py:2273} INFO - Setting next_dagrun for example_skip_dag to 2021-03-28 00:00:00+00:00
[2021-03-30 00:00:16,850] {scheduler_job.py:190} INFO - Processing /home/airflow/.local/lib/python3.6/site-packages/airflow/example_dags/example_skip_dag.py took 0.214 seconds
[2021-03-30 00:00:46,986] {scheduler_job.py:182} INFO - Started process (PID=3260) to work on /home/airflow/.local/lib/python3.6/site-packages/airflow/example_dags/example_skip_dag.py
[2021-03-30 00:00:46,988] {scheduler_job.py:629} INFO - Processing file /home/airflow/.local/lib/python3.6/site-packages/airflow/example_dags/example_skip_dag.py for tasks to queue
[2021-03-30 00:00:46,989] {logging_mixin.py:104} INFO - [2021-03-30 00:00:46,989] {dagbag.py:448} INFO - Filling up the DagBag from /home/airflow/.local/lib/python3.6/site-packages/airflow/example_dags/example_skip_dag.py
[2021-03-30 00:00:47,002] {scheduler_job.py:639} INFO - DAG(s) dict_keys(['example_skip_dag']) retrieved from /home/airflow/.local/lib/python3.6/site-packages/airflow/example_dags/example_skip_dag.py
[2021-03-30 00:00:47,029] {logging_mixin.py:104} INFO - [2021-03-30 00:00:47,029] {dag.py:1818} INFO - Sync 1 DAGs
[2021-03-30 00:00:47,048] {logging_mixin.py:104} INFO - [2021-03-30 00:00:47,048] {dag.py:2273} INFO - Setting next_dagrun for example_skip_dag to 2021-03-28 00:00:00+00:00
[2021-03-30 00:00:47,063] {scheduler_job.py:190} INFO - Processing /home/airflow/.local/lib/python3.6/site-packages/airflow/example_dags/example_skip_dag.py took 0.080 seconds
[2021-03-30 00:01:17,703] {scheduler_job.py:182} INFO - Started process (PID=3286) to work on /home/airflow/.local/lib/python3.6/site-packages/airflow/example_dags/example_skip_dag.py
[2021-03-30 00:01:17,705] {scheduler_job.py:629} INFO - Processing file /home/airflow/.local/lib/python3.6/site-packages/airflow/example_dags/example_skip_dag.py for tasks to queue
[2021-03-30 00:01:17,706] {logging_mixin.py:104} INFO - [2021-03-30 00:01:17,706] {dagbag.py:448} INFO - Filling up the DagBag from /home/airflow/.local/lib/python3.6/site-packages/airflow/example_dags/example_skip_dag.py
[2021-03-30 00:01:17,719] {scheduler_job.py:639} INFO - DAG(s) dict_keys(['example_skip_dag']) retrieved from /home/airflow/.local/lib/python3.6/site-packages/airflow/example_dags/example_skip_dag.py
[2021-03-30 00:01:17,745] {logging_mixin.py:104} INFO - [2021-03-30 00:01:17,745] {dag.py:1818} INFO - Sync 1 DAGs
[2021-03-30 00:01:17,766] {logging_mixin.py:104} INFO - [2021-03-30 00:01:17,766] {dag.py:2273} INFO - Setting next_dagrun for example_skip_dag to 2021-03-28 00:00:00+00:00
[2021-03-30 00:01:17,780] {scheduler_job.py:190} INFO - Processing /home/airflow/.local/lib/python3.6/site-packages/airflow/example_dags/example_skip_dag.py took 0.081 seconds
[2021-03-30 00:01:48,488] {scheduler_job.py:182} INFO - Started process (PID=3312) to work on /home/airflow/.local/lib/python3.6/site-packages/airflow/example_dags/example_skip_dag.py
[2021-03-30 00:01:48,490] {scheduler_job.py:629} INFO - Processing file /home/airflow/.local/lib/python3.6/site-packages/airflow/example_dags/example_skip_dag.py for tasks to queue
[2021-03-30 00:01:48,492] {logging_mixin.py:104} INFO - [2021-03-30 00:01:48,491] {dagbag.py:448} INFO - Filling up the DagBag from /home/airflow/.local/lib/python3.6/site-packages/airflow/example_dags/example_skip_dag.py
[2021-03-30 00:01:48,509] {scheduler_job.py:639} INFO - DAG(s) dict_keys(['example_skip_dag']) retrieved from /home/airflow/.local/lib/python3.6/site-packages/airflow/example_dags/example_skip_dag.py
[2021-03-30 00:01:48,546] {logging_mixin.py:104} INFO - [2021-03-30 00:01:48,545] {dag.py:1818} INFO - Sync 1 DAGs
[2021-03-30 00:01:48,570] {logging_mixin.py:104} INFO - [2021-03-30 00:01:48,570] {dag.py:2273} INFO - Setting next_dagrun for example_skip_dag to 2021-03-28 00:00:00+00:00
[2021-03-30 00:01:48,587] {scheduler_job.py:190} INFO - Processing /home/airflow/.local/lib/python3.6/site-packages/airflow/example_dags/example_skip_dag.py took 0.103 seconds
[2021-03-30 00:02:19,039] {scheduler_job.py:182} INFO - Started process (PID=3338) to work on /home/airflow/.local/lib/python3.6/site-packages/airflow/example_dags/example_skip_dag.py
[2021-03-30 00:02:19,041] {scheduler_job.py:629} INFO - Processing file /home/airflow/.local/lib/python3.6/site-packages/airflow/example_dags/example_skip_dag.py for tasks to queue
[2021-03-30 00:02:19,043] {logging_mixin.py:104} INFO - [2021-03-30 00:02:19,043] {dagbag.py:448} INFO - Filling up the DagBag from /home/airflow/.local/lib/python3.6/site-packages/airflow/example_dags/example_skip_dag.py
[2021-03-30 00:02:19,059] {scheduler_job.py:639} INFO - DAG(s) dict_keys(['example_skip_dag']) retrieved from /home/airflow/.local/lib/python3.6/site-packages/airflow/example_dags/example_skip_dag.py
[2021-03-30 00:02:19,097] {logging_mixin.py:104} INFO - [2021-03-30 00:02:19,096] {dag.py:1818} INFO - Sync 1 DAGs
[2021-03-30 00:02:19,127] {logging_mixin.py:104} INFO - [2021-03-30 00:02:19,127] {dag.py:2273} INFO - Setting next_dagrun for example_skip_dag to 2021-03-28 00:00:00+00:00
[2021-03-30 00:02:19,144] {scheduler_job.py:190} INFO - Processing /home/airflow/.local/lib/python3.6/site-packages/airflow/example_dags/example_skip_dag.py took 0.113 seconds
[2021-03-30 00:02:50,060] {scheduler_job.py:182} INFO - Started process (PID=3364) to work on /home/airflow/.local/lib/python3.6/site-packages/airflow/example_dags/example_skip_dag.py
[2021-03-30 00:02:50,062] {scheduler_job.py:629} INFO - Processing file /home/airflow/.local/lib/python3.6/site-packages/airflow/example_dags/example_skip_dag.py for tasks to queue
[2021-03-30 00:02:50,063] {logging_mixin.py:104} INFO - [2021-03-30 00:02:50,063] {dagbag.py:448} INFO - Filling up the DagBag from /home/airflow/.local/lib/python3.6/site-packages/airflow/example_dags/example_skip_dag.py
[2021-03-30 00:02:50,077] {scheduler_job.py:639} INFO - DAG(s) dict_keys(['example_skip_dag']) retrieved from /home/airflow/.local/lib/python3.6/site-packages/airflow/example_dags/example_skip_dag.py
[2021-03-30 00:02:50,102] {logging_mixin.py:104} INFO - [2021-03-30 00:02:50,102] {dag.py:1818} INFO - Sync 1 DAGs
[2021-03-30 00:02:50,121] {logging_mixin.py:104} INFO - [2021-03-30 00:02:50,121] {dag.py:2273} INFO - Setting next_dagrun for example_skip_dag to 2021-03-28 00:00:00+00:00
[2021-03-30 00:02:50,135] {scheduler_job.py:190} INFO - Processing /home/airflow/.local/lib/python3.6/site-packages/airflow/example_dags/example_skip_dag.py took 0.078 seconds
[2021-03-30 00:03:20,509] {scheduler_job.py:182} INFO - Started process (PID=3390) to work on /home/airflow/.local/lib/python3.6/site-packages/airflow/example_dags/example_skip_dag.py
[2021-03-30 00:03:20,510] {scheduler_job.py:629} INFO - Processing file /home/airflow/.local/lib/python3.6/site-packages/airflow/example_dags/example_skip_dag.py for tasks to queue
[2021-03-30 00:03:20,511] {logging_mixin.py:104} INFO - [2021-03-30 00:03:20,511] {dagbag.py:448} INFO - Filling up the DagBag from /home/airflow/.local/lib/python3.6/site-packages/airflow/example_dags/example_skip_dag.py
[2021-03-30 00:03:20,523] {scheduler_job.py:639} INFO - DAG(s) dict_keys(['example_skip_dag']) retrieved from /home/airflow/.local/lib/python3.6/site-packages/airflow/example_dags/example_skip_dag.py
[2021-03-30 00:03:20,547] {logging_mixin.py:104} INFO - [2021-03-30 00:03:20,547] {dag.py:1818} INFO - Sync 1 DAGs
[2021-03-30 00:03:20,563] {logging_mixin.py:104} INFO - [2021-03-30 00:03:20,562] {dag.py:2273} INFO - Setting next_dagrun for example_skip_dag to 2021-03-28 00:00:00+00:00
[2021-03-30 00:03:20,576] {scheduler_job.py:190} INFO - Processing /home/airflow/.local/lib/python3.6/site-packages/airflow/example_dags/example_skip_dag.py took 0.071 seconds
[2021-03-30 00:03:50,806] {scheduler_job.py:182} INFO - Started process (PID=3416) to work on /home/airflow/.local/lib/python3.6/site-packages/airflow/example_dags/example_skip_dag.py
[2021-03-30 00:03:50,807] {scheduler_job.py:629} INFO - Processing file /home/airflow/.local/lib/python3.6/site-packages/airflow/example_dags/example_skip_dag.py for tasks to queue
[2021-03-30 00:03:50,808] {logging_mixin.py:104} INFO - [2021-03-30 00:03:50,808] {dagbag.py:448} INFO - Filling up the DagBag from /home/airflow/.local/lib/python3.6/site-packages/airflow/example_dags/example_skip_dag.py
[2021-03-30 00:03:50,822] {scheduler_job.py:639} INFO - DAG(s) dict_keys(['example_skip_dag']) retrieved from /home/airflow/.local/lib/python3.6/site-packages/airflow/example_dags/example_skip_dag.py
[2021-03-30 00:03:50,846] {logging_mixin.py:104} INFO - [2021-03-30 00:03:50,846] {dag.py:1818} INFO - Sync 1 DAGs
[2021-03-30 00:03:50,864] {logging_mixin.py:104} INFO - [2021-03-30 00:03:50,864] {dag.py:2273} INFO - Setting next_dagrun for example_skip_dag to 2021-03-28 00:00:00+00:00
[2021-03-30 00:03:50,875] {scheduler_job.py:190} INFO - Processing /home/airflow/.local/lib/python3.6/site-packages/airflow/example_dags/example_skip_dag.py took 0.072 seconds
[2021-03-30 00:04:20,983] {scheduler_job.py:182} INFO - Started process (PID=3442) to work on /home/airflow/.local/lib/python3.6/site-packages/airflow/example_dags/example_skip_dag.py
[2021-03-30 00:04:20,984] {scheduler_job.py:629} INFO - Processing file /home/airflow/.local/lib/python3.6/site-packages/airflow/example_dags/example_skip_dag.py for tasks to queue
[2021-03-30 00:04:20,985] {logging_mixin.py:104} INFO - [2021-03-30 00:04:20,985] {dagbag.py:448} INFO - Filling up the DagBag from /home/airflow/.local/lib/python3.6/site-packages/airflow/example_dags/example_skip_dag.py
[2021-03-30 00:04:20,996] {scheduler_job.py:639} INFO - DAG(s) dict_keys(['example_skip_dag']) retrieved from /home/airflow/.local/lib/python3.6/site-packages/airflow/example_dags/example_skip_dag.py
[2021-03-30 00:04:21,016] {logging_mixin.py:104} INFO - [2021-03-30 00:04:21,016] {dag.py:1818} INFO - Sync 1 DAGs
[2021-03-30 00:04:21,032] {logging_mixin.py:104} INFO - [2021-03-30 00:04:21,032] {dag.py:2273} INFO - Setting next_dagrun for example_skip_dag to 2021-03-28 00:00:00+00:00
[2021-03-30 00:04:21,043] {scheduler_job.py:190} INFO - Processing /home/airflow/.local/lib/python3.6/site-packages/airflow/example_dags/example_skip_dag.py took 0.064 seconds
[2021-03-30 00:04:51,151] {scheduler_job.py:182} INFO - Started process (PID=3468) to work on /home/airflow/.local/lib/python3.6/site-packages/airflow/example_dags/example_skip_dag.py
[2021-03-30 00:04:51,152] {scheduler_job.py:629} INFO - Processing file /home/airflow/.local/lib/python3.6/site-packages/airflow/example_dags/example_skip_dag.py for tasks to queue
[2021-03-30 00:04:51,153] {logging_mixin.py:104} INFO - [2021-03-30 00:04:51,153] {dagbag.py:448} INFO - Filling up the DagBag from /home/airflow/.local/lib/python3.6/site-packages/airflow/example_dags/example_skip_dag.py
[2021-03-30 00:04:51,163] {scheduler_job.py:639} INFO - DAG(s) dict_keys(['example_skip_dag']) retrieved from /home/airflow/.local/lib/python3.6/site-packages/airflow/example_dags/example_skip_dag.py
[2021-03-30 00:04:51,182] {logging_mixin.py:104} INFO - [2021-03-30 00:04:51,182] {dag.py:1818} INFO - Sync 1 DAGs
[2021-03-30 00:04:51,198] {logging_mixin.py:104} INFO - [2021-03-30 00:04:51,198] {dag.py:2273} INFO - Setting next_dagrun for example_skip_dag to 2021-03-28 00:00:00+00:00
[2021-03-30 00:04:51,213] {scheduler_job.py:190} INFO - Processing /home/airflow/.local/lib/python3.6/site-packages/airflow/example_dags/example_skip_dag.py took 0.064 seconds
[2021-03-30 00:05:21,291] {scheduler_job.py:182} INFO - Started process (PID=3494) to work on /home/airflow/.local/lib/python3.6/site-packages/airflow/example_dags/example_skip_dag.py
[2021-03-30 00:05:21,293] {scheduler_job.py:629} INFO - Processing file /home/airflow/.local/lib/python3.6/site-packages/airflow/example_dags/example_skip_dag.py for tasks to queue
[2021-03-30 00:05:21,294] {logging_mixin.py:104} INFO - [2021-03-30 00:05:21,294] {dagbag.py:448} INFO - Filling up the DagBag from /home/airflow/.local/lib/python3.6/site-packages/airflow/example_dags/example_skip_dag.py
[2021-03-30 00:05:21,305] {scheduler_job.py:639} INFO - DAG(s) dict_keys(['example_skip_dag']) retrieved from /home/airflow/.local/lib/python3.6/site-packages/airflow/example_dags/example_skip_dag.py
[2021-03-30 00:05:21,327] {logging_mixin.py:104} INFO - [2021-03-30 00:05:21,327] {dag.py:1818} INFO - Sync 1 DAGs
[2021-03-30 00:05:21,343] {logging_mixin.py:104} INFO - [2021-03-30 00:05:21,343] {dag.py:2273} INFO - Setting next_dagrun for example_skip_dag to 2021-03-28 00:00:00+00:00
[2021-03-30 00:05:21,356] {scheduler_job.py:190} INFO - Processing /home/airflow/.local/lib/python3.6/site-packages/airflow/example_dags/example_skip_dag.py took 0.067 seconds
[2021-03-30 00:05:51,996] {scheduler_job.py:182} INFO - Started process (PID=3520) to work on /home/airflow/.local/lib/python3.6/site-packages/airflow/example_dags/example_skip_dag.py
[2021-03-30 00:05:51,998] {scheduler_job.py:629} INFO - Processing file /home/airflow/.local/lib/python3.6/site-packages/airflow/example_dags/example_skip_dag.py for tasks to queue
[2021-03-30 00:05:51,999] {logging_mixin.py:104} INFO - [2021-03-30 00:05:51,999] {dagbag.py:448} INFO - Filling up the DagBag from /home/airflow/.local/lib/python3.6/site-packages/airflow/example_dags/example_skip_dag.py
[2021-03-30 00:05:52,014] {scheduler_job.py:639} INFO - DAG(s) dict_keys(['example_skip_dag']) retrieved from /home/airflow/.local/lib/python3.6/site-packages/airflow/example_dags/example_skip_dag.py
[2021-03-30 00:05:52,041] {logging_mixin.py:104} INFO - [2021-03-30 00:05:52,040] {dag.py:1818} INFO - Sync 1 DAGs
[2021-03-30 00:05:52,059] {logging_mixin.py:104} INFO - [2021-03-30 00:05:52,059] {dag.py:2273} INFO - Setting next_dagrun for example_skip_dag to 2021-03-28 00:00:00+00:00
[2021-03-30 00:05:52,073] {scheduler_job.py:190} INFO - Processing /home/airflow/.local/lib/python3.6/site-packages/airflow/example_dags/example_skip_dag.py took 0.081 seconds
[2021-03-30 00:06:22,222] {scheduler_job.py:182} INFO - Started process (PID=3546) to work on /home/airflow/.local/lib/python3.6/site-packages/airflow/example_dags/example_skip_dag.py
[2021-03-30 00:06:22,223] {scheduler_job.py:629} INFO - Processing file /home/airflow/.local/lib/python3.6/site-packages/airflow/example_dags/example_skip_dag.py for tasks to queue
[2021-03-30 00:06:22,224] {logging_mixin.py:104} INFO - [2021-03-30 00:06:22,224] {dagbag.py:448} INFO - Filling up the DagBag from /home/airflow/.local/lib/python3.6/site-packages/airflow/example_dags/example_skip_dag.py
[2021-03-30 00:06:22,235] {scheduler_job.py:639} INFO - DAG(s) dict_keys(['example_skip_dag']) retrieved from /home/airflow/.local/lib/python3.6/site-packages/airflow/example_dags/example_skip_dag.py
[2021-03-30 00:06:22,258] {logging_mixin.py:104} INFO - [2021-03-30 00:06:22,258] {dag.py:1818} INFO - Sync 1 DAGs
[2021-03-30 00:06:22,274] {logging_mixin.py:104} INFO - [2021-03-30 00:06:22,274] {dag.py:2273} INFO - Setting next_dagrun for example_skip_dag to 2021-03-28 00:00:00+00:00
[2021-03-30 00:06:22,284] {scheduler_job.py:190} INFO - Processing /home/airflow/.local/lib/python3.6/site-packages/airflow/example_dags/example_skip_dag.py took 0.066 seconds
[2021-03-30 00:06:52,448] {scheduler_job.py:182} INFO - Started process (PID=3572) to work on /home/airflow/.local/lib/python3.6/site-packages/airflow/example_dags/example_skip_dag.py
[2021-03-30 00:06:52,450] {scheduler_job.py:629} INFO - Processing file /home/airflow/.local/lib/python3.6/site-packages/airflow/example_dags/example_skip_dag.py for tasks to queue
[2021-03-30 00:06:52,451] {logging_mixin.py:104} INFO - [2021-03-30 00:06:52,451] {dagbag.py:448} INFO - Filling up the DagBag from /home/airflow/.local/lib/python3.6/site-packages/airflow/example_dags/example_skip_dag.py
[2021-03-30 00:06:52,466] {scheduler_job.py:639} INFO - DAG(s) dict_keys(['example_skip_dag']) retrieved from /home/airflow/.local/lib/python3.6/site-packages/airflow/example_dags/example_skip_dag.py
[2021-03-30 00:06:52,495] {logging_mixin.py:104} INFO - [2021-03-30 00:06:52,494] {dag.py:1818} INFO - Sync 1 DAGs
[2021-03-30 00:06:52,514] {logging_mixin.py:104} INFO - [2021-03-30 00:06:52,514] {dag.py:2273} INFO - Setting next_dagrun for example_skip_dag to 2021-03-28 00:00:00+00:00
[2021-03-30 00:06:52,563] {scheduler_job.py:190} INFO - Processing /home/airflow/.local/lib/python3.6/site-packages/airflow/example_dags/example_skip_dag.py took 0.120 seconds
[2021-03-30 00:07:22,934] {scheduler_job.py:182} INFO - Started process (PID=3598) to work on /home/airflow/.local/lib/python3.6/site-packages/airflow/example_dags/example_skip_dag.py
[2021-03-30 00:07:22,936] {scheduler_job.py:629} INFO - Processing file /home/airflow/.local/lib/python3.6/site-packages/airflow/example_dags/example_skip_dag.py for tasks to queue
[2021-03-30 00:07:22,937] {logging_mixin.py:104} INFO - [2021-03-30 00:07:22,937] {dagbag.py:448} INFO - Filling up the DagBag from /home/airflow/.local/lib/python3.6/site-packages/airflow/example_dags/example_skip_dag.py
[2021-03-30 00:07:22,951] {scheduler_job.py:639} INFO - DAG(s) dict_keys(['example_skip_dag']) retrieved from /home/airflow/.local/lib/python3.6/site-packages/airflow/example_dags/example_skip_dag.py
[2021-03-30 00:07:22,980] {logging_mixin.py:104} INFO - [2021-03-30 00:07:22,979] {dag.py:1818} INFO - Sync 1 DAGs
[2021-03-30 00:07:22,999] {logging_mixin.py:104} INFO - [2021-03-30 00:07:22,999] {dag.py:2273} INFO - Setting next_dagrun for example_skip_dag to 2021-03-28 00:00:00+00:00
[2021-03-30 00:07:23,016] {scheduler_job.py:190} INFO - Processing /home/airflow/.local/lib/python3.6/site-packages/airflow/example_dags/example_skip_dag.py took 0.086 seconds
[2021-03-30 00:07:53,412] {scheduler_job.py:182} INFO - Started process (PID=3624) to work on /home/airflow/.local/lib/python3.6/site-packages/airflow/example_dags/example_skip_dag.py
[2021-03-30 00:07:53,413] {scheduler_job.py:629} INFO - Processing file /home/airflow/.local/lib/python3.6/site-packages/airflow/example_dags/example_skip_dag.py for tasks to queue
[2021-03-30 00:07:53,415] {logging_mixin.py:104} INFO - [2021-03-30 00:07:53,414] {dagbag.py:448} INFO - Filling up the DagBag from /home/airflow/.local/lib/python3.6/site-packages/airflow/example_dags/example_skip_dag.py
[2021-03-30 00:07:53,427] {scheduler_job.py:639} INFO - DAG(s) dict_keys(['example_skip_dag']) retrieved from /home/airflow/.local/lib/python3.6/site-packages/airflow/example_dags/example_skip_dag.py
[2021-03-30 00:07:53,453] {logging_mixin.py:104} INFO - [2021-03-30 00:07:53,453] {dag.py:1818} INFO - Sync 1 DAGs
[2021-03-30 00:07:53,472] {logging_mixin.py:104} INFO - [2021-03-30 00:07:53,472] {dag.py:2273} INFO - Setting next_dagrun for example_skip_dag to 2021-03-28 00:00:00+00:00
[2021-03-30 00:07:53,484] {scheduler_job.py:190} INFO - Processing /home/airflow/.local/lib/python3.6/site-packages/airflow/example_dags/example_skip_dag.py took 0.076 seconds
[2021-03-30 00:08:23,607] {scheduler_job.py:182} INFO - Started process (PID=3650) to work on /home/airflow/.local/lib/python3.6/site-packages/airflow/example_dags/example_skip_dag.py
[2021-03-30 00:08:23,609] {scheduler_job.py:629} INFO - Processing file /home/airflow/.local/lib/python3.6/site-packages/airflow/example_dags/example_skip_dag.py for tasks to queue
[2021-03-30 00:08:23,610] {logging_mixin.py:104} INFO - [2021-03-30 00:08:23,610] {dagbag.py:448} INFO - Filling up the DagBag from /home/airflow/.local/lib/python3.6/site-packages/airflow/example_dags/example_skip_dag.py
[2021-03-30 00:08:23,622] {scheduler_job.py:639} INFO - DAG(s) dict_keys(['example_skip_dag']) retrieved from /home/airflow/.local/lib/python3.6/site-packages/airflow/example_dags/example_skip_dag.py
[2021-03-30 00:08:23,647] {logging_mixin.py:104} INFO - [2021-03-30 00:08:23,647] {dag.py:1818} INFO - Sync 1 DAGs
[2021-03-30 00:08:23,666] {logging_mixin.py:104} INFO - [2021-03-30 00:08:23,666] {dag.py:2273} INFO - Setting next_dagrun for example_skip_dag to 2021-03-28 00:00:00+00:00
[2021-03-30 00:08:23,682] {scheduler_job.py:190} INFO - Processing /home/airflow/.local/lib/python3.6/site-packages/airflow/example_dags/example_skip_dag.py took 0.079 seconds
[2021-03-30 00:08:53,788] {scheduler_job.py:182} INFO - Started process (PID=3676) to work on /home/airflow/.local/lib/python3.6/site-packages/airflow/example_dags/example_skip_dag.py
[2021-03-30 00:08:53,789] {scheduler_job.py:629} INFO - Processing file /home/airflow/.local/lib/python3.6/site-packages/airflow/example_dags/example_skip_dag.py for tasks to queue
[2021-03-30 00:08:53,790] {logging_mixin.py:104} INFO - [2021-03-30 00:08:53,790] {dagbag.py:448} INFO - Filling up the DagBag from /home/airflow/.local/lib/python3.6/site-packages/airflow/example_dags/example_skip_dag.py
[2021-03-30 00:08:53,801] {scheduler_job.py:639} INFO - DAG(s) dict_keys(['example_skip_dag']) retrieved from /home/airflow/.local/lib/python3.6/site-packages/airflow/example_dags/example_skip_dag.py
[2021-03-30 00:08:53,824] {logging_mixin.py:104} INFO - [2021-03-30 00:08:53,823] {dag.py:1818} INFO - Sync 1 DAGs
[2021-03-30 00:08:53,840] {logging_mixin.py:104} INFO - [2021-03-30 00:08:53,840] {dag.py:2273} INFO - Setting next_dagrun for example_skip_dag to 2021-03-28 00:00:00+00:00
[2021-03-30 00:08:53,854] {scheduler_job.py:190} INFO - Processing /home/airflow/.local/lib/python3.6/site-packages/airflow/example_dags/example_skip_dag.py took 0.069 seconds
[2021-03-30 00:09:24,111] {scheduler_job.py:182} INFO - Started process (PID=3702) to work on /home/airflow/.local/lib/python3.6/site-packages/airflow/example_dags/example_skip_dag.py
[2021-03-30 00:09:24,113] {scheduler_job.py:629} INFO - Processing file /home/airflow/.local/lib/python3.6/site-packages/airflow/example_dags/example_skip_dag.py for tasks to queue
[2021-03-30 00:09:24,114] {logging_mixin.py:104} INFO - [2021-03-30 00:09:24,114] {dagbag.py:448} INFO - Filling up the DagBag from /home/airflow/.local/lib/python3.6/site-packages/airflow/example_dags/example_skip_dag.py
[2021-03-30 00:09:24,126] {scheduler_job.py:639} INFO - DAG(s) dict_keys(['example_skip_dag']) retrieved from /home/airflow/.local/lib/python3.6/site-packages/airflow/example_dags/example_skip_dag.py
[2021-03-30 00:09:24,152] {logging_mixin.py:104} INFO - [2021-03-30 00:09:24,151] {dag.py:1818} INFO - Sync 1 DAGs
[2021-03-30 00:09:24,178] {logging_mixin.py:104} INFO - [2021-03-30 00:09:24,178] {dag.py:2273} INFO - Setting next_dagrun for example_skip_dag to 2021-03-28 00:00:00+00:00
[2021-03-30 00:09:24,196] {scheduler_job.py:190} INFO - Processing /home/airflow/.local/lib/python3.6/site-packages/airflow/example_dags/example_skip_dag.py took 0.089 seconds
[2021-03-30 00:09:54,279] {scheduler_job.py:182} INFO - Started process (PID=3728) to work on /home/airflow/.local/lib/python3.6/site-packages/airflow/example_dags/example_skip_dag.py
[2021-03-30 00:09:54,281] {scheduler_job.py:629} INFO - Processing file /home/airflow/.local/lib/python3.6/site-packages/airflow/example_dags/example_skip_dag.py for tasks to queue
[2021-03-30 00:09:54,282] {logging_mixin.py:104} INFO - [2021-03-30 00:09:54,282] {dagbag.py:448} INFO - Filling up the DagBag from /home/airflow/.local/lib/python3.6/site-packages/airflow/example_dags/example_skip_dag.py
[2021-03-30 00:09:54,295] {scheduler_job.py:639} INFO - DAG(s) dict_keys(['example_skip_dag']) retrieved from /home/airflow/.local/lib/python3.6/site-packages/airflow/example_dags/example_skip_dag.py
[2021-03-30 00:09:54,318] {logging_mixin.py:104} INFO - [2021-03-30 00:09:54,318] {dag.py:1818} INFO - Sync 1 DAGs
[2021-03-30 00:09:54,335] {logging_mixin.py:104} INFO - [2021-03-30 00:09:54,335] {dag.py:2273} INFO - Setting next_dagrun for example_skip_dag to 2021-03-28 00:00:00+00:00
[2021-03-30 00:09:54,349] {scheduler_job.py:190} INFO - Processing /home/airflow/.local/lib/python3.6/site-packages/airflow/example_dags/example_skip_dag.py took 0.074 seconds
[2021-03-30 00:10:24,463] {scheduler_job.py:182} INFO - Started process (PID=3754) to work on /home/airflow/.local/lib/python3.6/site-packages/airflow/example_dags/example_skip_dag.py
[2021-03-30 00:10:24,465] {scheduler_job.py:629} INFO - Processing file /home/airflow/.local/lib/python3.6/site-packages/airflow/example_dags/example_skip_dag.py for tasks to queue
[2021-03-30 00:10:24,466] {logging_mixin.py:104} INFO - [2021-03-30 00:10:24,466] {dagbag.py:448} INFO - Filling up the DagBag from /home/airflow/.local/lib/python3.6/site-packages/airflow/example_dags/example_skip_dag.py
[2021-03-30 00:10:24,477] {scheduler_job.py:639} INFO - DAG(s) dict_keys(['example_skip_dag']) retrieved from /home/airflow/.local/lib/python3.6/site-packages/airflow/example_dags/example_skip_dag.py
[2021-03-30 00:10:24,499] {logging_mixin.py:104} INFO - [2021-03-30 00:10:24,499] {dag.py:1818} INFO - Sync 1 DAGs
[2021-03-30 00:10:24,514] {logging_mixin.py:104} INFO - [2021-03-30 00:10:24,514] {dag.py:2273} INFO - Setting next_dagrun for example_skip_dag to 2021-03-28 00:00:00+00:00
[2021-03-30 00:10:24,526] {scheduler_job.py:190} INFO - Processing /home/airflow/.local/lib/python3.6/site-packages/airflow/example_dags/example_skip_dag.py took 0.066 seconds
[2021-03-30 00:10:54,655] {scheduler_job.py:182} INFO - Started process (PID=3780) to work on /home/airflow/.local/lib/python3.6/site-packages/airflow/example_dags/example_skip_dag.py
[2021-03-30 00:10:54,656] {scheduler_job.py:629} INFO - Processing file /home/airflow/.local/lib/python3.6/site-packages/airflow/example_dags/example_skip_dag.py for tasks to queue
[2021-03-30 00:10:54,657] {logging_mixin.py:104} INFO - [2021-03-30 00:10:54,657] {dagbag.py:448} INFO - Filling up the DagBag from /home/airflow/.local/lib/python3.6/site-packages/airflow/example_dags/example_skip_dag.py
[2021-03-30 00:10:54,668] {scheduler_job.py:639} INFO - DAG(s) dict_keys(['example_skip_dag']) retrieved from /home/airflow/.local/lib/python3.6/site-packages/airflow/example_dags/example_skip_dag.py
[2021-03-30 00:10:54,690] {logging_mixin.py:104} INFO - [2021-03-30 00:10:54,690] {dag.py:1818} INFO - Sync 1 DAGs
[2021-03-30 00:10:54,708] {logging_mixin.py:104} INFO - [2021-03-30 00:10:54,707] {dag.py:2273} INFO - Setting next_dagrun for example_skip_dag to 2021-03-28 00:00:00+00:00
[2021-03-30 00:10:54,719] {scheduler_job.py:190} INFO - Processing /home/airflow/.local/lib/python3.6/site-packages/airflow/example_dags/example_skip_dag.py took 0.067 seconds
[2021-03-30 00:11:25,027] {scheduler_job.py:182} INFO - Started process (PID=3806) to work on /home/airflow/.local/lib/python3.6/site-packages/airflow/example_dags/example_skip_dag.py
[2021-03-30 00:11:25,029] {scheduler_job.py:629} INFO - Processing file /home/airflow/.local/lib/python3.6/site-packages/airflow/example_dags/example_skip_dag.py for tasks to queue
[2021-03-30 00:11:25,030] {logging_mixin.py:104} INFO - [2021-03-30 00:11:25,030] {dagbag.py:448} INFO - Filling up the DagBag from /home/airflow/.local/lib/python3.6/site-packages/airflow/example_dags/example_skip_dag.py
[2021-03-30 00:11:25,047] {scheduler_job.py:639} INFO - DAG(s) dict_keys(['example_skip_dag']) retrieved from /home/airflow/.local/lib/python3.6/site-packages/airflow/example_dags/example_skip_dag.py
[2021-03-30 00:11:25,075] {logging_mixin.py:104} INFO - [2021-03-30 00:11:25,075] {dag.py:1818} INFO - Sync 1 DAGs
[2021-03-30 00:11:25,091] {logging_mixin.py:104} INFO - [2021-03-30 00:11:25,090] {dag.py:2273} INFO - Setting next_dagrun for example_skip_dag to 2021-03-28 00:00:00+00:00
[2021-03-30 00:11:25,102] {scheduler_job.py:190} INFO - Processing /home/airflow/.local/lib/python3.6/site-packages/airflow/example_dags/example_skip_dag.py took 0.078 seconds
[2021-03-30 00:11:55,394] {scheduler_job.py:182} INFO - Started process (PID=3832) to work on /home/airflow/.local/lib/python3.6/site-packages/airflow/example_dags/example_skip_dag.py
[2021-03-30 00:11:55,395] {scheduler_job.py:629} INFO - Processing file /home/airflow/.local/lib/python3.6/site-packages/airflow/example_dags/example_skip_dag.py for tasks to queue
[2021-03-30 00:11:55,397] {logging_mixin.py:104} INFO - [2021-03-30 00:11:55,397] {dagbag.py:448} INFO - Filling up the DagBag from /home/airflow/.local/lib/python3.6/site-packages/airflow/example_dags/example_skip_dag.py
[2021-03-30 00:11:55,407] {scheduler_job.py:639} INFO - DAG(s) dict_keys(['example_skip_dag']) retrieved from /home/airflow/.local/lib/python3.6/site-packages/airflow/example_dags/example_skip_dag.py
[2021-03-30 00:11:55,429] {logging_mixin.py:104} INFO - [2021-03-30 00:11:55,429] {dag.py:1818} INFO - Sync 1 DAGs
[2021-03-30 00:11:55,444] {logging_mixin.py:104} INFO - [2021-03-30 00:11:55,444] {dag.py:2273} INFO - Setting next_dagrun for example_skip_dag to 2021-03-28 00:00:00+00:00
[2021-03-30 00:11:55,458] {scheduler_job.py:190} INFO - Processing /home/airflow/.local/lib/python3.6/site-packages/airflow/example_dags/example_skip_dag.py took 0.068 seconds
[2021-03-30 00:12:25,499] {scheduler_job.py:182} INFO - Started process (PID=3858) to work on /home/airflow/.local/lib/python3.6/site-packages/airflow/example_dags/example_skip_dag.py
[2021-03-30 00:12:25,501] {scheduler_job.py:629} INFO - Processing file /home/airflow/.local/lib/python3.6/site-packages/airflow/example_dags/example_skip_dag.py for tasks to queue
[2021-03-30 00:12:25,502] {logging_mixin.py:104} INFO - [2021-03-30 00:12:25,501] {dagbag.py:448} INFO - Filling up the DagBag from /home/airflow/.local/lib/python3.6/site-packages/airflow/example_dags/example_skip_dag.py
[2021-03-30 00:12:25,515] {scheduler_job.py:639} INFO - DAG(s) dict_keys(['example_skip_dag']) retrieved from /home/airflow/.local/lib/python3.6/site-packages/airflow/example_dags/example_skip_dag.py
[2021-03-30 00:12:25,541] {logging_mixin.py:104} INFO - [2021-03-30 00:12:25,541] {dag.py:1818} INFO - Sync 1 DAGs
[2021-03-30 00:12:25,560] {logging_mixin.py:104} INFO - [2021-03-30 00:12:25,559] {dag.py:2273} INFO - Setting next_dagrun for example_skip_dag to 2021-03-28 00:00:00+00:00
[2021-03-30 00:12:25,614] {scheduler_job.py:190} INFO - Processing /home/airflow/.local/lib/python3.6/site-packages/airflow/example_dags/example_skip_dag.py took 0.118 seconds
[2021-03-30 00:12:55,731] {scheduler_job.py:182} INFO - Started process (PID=3884) to work on /home/airflow/.local/lib/python3.6/site-packages/airflow/example_dags/example_skip_dag.py
[2021-03-30 00:12:55,733] {scheduler_job.py:629} INFO - Processing file /home/airflow/.local/lib/python3.6/site-packages/airflow/example_dags/example_skip_dag.py for tasks to queue
[2021-03-30 00:12:55,734] {logging_mixin.py:104} INFO - [2021-03-30 00:12:55,734] {dagbag.py:448} INFO - Filling up the DagBag from /home/airflow/.local/lib/python3.6/site-packages/airflow/example_dags/example_skip_dag.py
[2021-03-30 00:12:55,744] {scheduler_job.py:639} INFO - DAG(s) dict_keys(['example_skip_dag']) retrieved from /home/airflow/.local/lib/python3.6/site-packages/airflow/example_dags/example_skip_dag.py
[2021-03-30 00:12:55,765] {logging_mixin.py:104} INFO - [2021-03-30 00:12:55,765] {dag.py:1818} INFO - Sync 1 DAGs
[2021-03-30 00:12:55,781] {logging_mixin.py:104} INFO - [2021-03-30 00:12:55,781] {dag.py:2273} INFO - Setting next_dagrun for example_skip_dag to 2021-03-28 00:00:00+00:00
[2021-03-30 00:12:55,793] {scheduler_job.py:190} INFO - Processing /home/airflow/.local/lib/python3.6/site-packages/airflow/example_dags/example_skip_dag.py took 0.065 seconds
[2021-03-30 00:13:25,843] {scheduler_job.py:182} INFO - Started process (PID=3910) to work on /home/airflow/.local/lib/python3.6/site-packages/airflow/example_dags/example_skip_dag.py
[2021-03-30 00:13:25,845] {scheduler_job.py:629} INFO - Processing file /home/airflow/.local/lib/python3.6/site-packages/airflow/example_dags/example_skip_dag.py for tasks to queue
[2021-03-30 00:13:25,845] {logging_mixin.py:104} INFO - [2021-03-30 00:13:25,845] {dagbag.py:448} INFO - Filling up the DagBag from /home/airflow/.local/lib/python3.6/site-packages/airflow/example_dags/example_skip_dag.py
[2021-03-30 00:13:25,855] {scheduler_job.py:639} INFO - DAG(s) dict_keys(['example_skip_dag']) retrieved from /home/airflow/.local/lib/python3.6/site-packages/airflow/example_dags/example_skip_dag.py
[2021-03-30 00:13:25,875] {logging_mixin.py:104} INFO - [2021-03-30 00:13:25,875] {dag.py:1818} INFO - Sync 1 DAGs
[2021-03-30 00:13:25,889] {logging_mixin.py:104} INFO - [2021-03-30 00:13:25,889] {dag.py:2273} INFO - Setting next_dagrun for example_skip_dag to 2021-03-28 00:00:00+00:00
[2021-03-30 00:13:25,898] {scheduler_job.py:190} INFO - Processing /home/airflow/.local/lib/python3.6/site-packages/airflow/example_dags/example_skip_dag.py took 0.058 seconds
[2021-03-30 00:13:56,223] {scheduler_job.py:182} INFO - Started process (PID=3936) to work on /home/airflow/.local/lib/python3.6/site-packages/airflow/example_dags/example_skip_dag.py
[2021-03-30 00:13:56,225] {scheduler_job.py:629} INFO - Processing file /home/airflow/.local/lib/python3.6/site-packages/airflow/example_dags/example_skip_dag.py for tasks to queue
[2021-03-30 00:13:56,226] {logging_mixin.py:104} INFO - [2021-03-30 00:13:56,226] {dagbag.py:448} INFO - Filling up the DagBag from /home/airflow/.local/lib/python3.6/site-packages/airflow/example_dags/example_skip_dag.py
[2021-03-30 00:13:56,239] {scheduler_job.py:639} INFO - DAG(s) dict_keys(['example_skip_dag']) retrieved from /home/airflow/.local/lib/python3.6/site-packages/airflow/example_dags/example_skip_dag.py
[2021-03-30 00:13:56,264] {logging_mixin.py:104} INFO - [2021-03-30 00:13:56,264] {dag.py:1818} INFO - Sync 1 DAGs
[2021-03-30 00:13:56,281] {logging_mixin.py:104} INFO - [2021-03-30 00:13:56,281] {dag.py:2273} INFO - Setting next_dagrun for example_skip_dag to 2021-03-28 00:00:00+00:00
[2021-03-30 00:13:56,297] {scheduler_job.py:190} INFO - Processing /home/airflow/.local/lib/python3.6/site-packages/airflow/example_dags/example_skip_dag.py took 0.076 seconds
[2021-03-30 00:14:26,935] {scheduler_job.py:182} INFO - Started process (PID=3962) to work on /home/airflow/.local/lib/python3.6/site-packages/airflow/example_dags/example_skip_dag.py
[2021-03-30 00:14:26,936] {scheduler_job.py:629} INFO - Processing file /home/airflow/.local/lib/python3.6/site-packages/airflow/example_dags/example_skip_dag.py for tasks to queue
[2021-03-30 00:14:26,937] {logging_mixin.py:104} INFO - [2021-03-30 00:14:26,937] {dagbag.py:448} INFO - Filling up the DagBag from /home/airflow/.local/lib/python3.6/site-packages/airflow/example_dags/example_skip_dag.py
[2021-03-30 00:14:26,947] {scheduler_job.py:639} INFO - DAG(s) dict_keys(['example_skip_dag']) retrieved from /home/airflow/.local/lib/python3.6/site-packages/airflow/example_dags/example_skip_dag.py
[2021-03-30 00:14:26,966] {logging_mixin.py:104} INFO - [2021-03-30 00:14:26,966] {dag.py:1818} INFO - Sync 1 DAGs
[2021-03-30 00:14:26,981] {logging_mixin.py:104} INFO - [2021-03-30 00:14:26,981] {dag.py:2273} INFO - Setting next_dagrun for example_skip_dag to 2021-03-28 00:00:00+00:00
[2021-03-30 00:14:27,768] {scheduler_job.py:190} INFO - Processing /home/airflow/.local/lib/python3.6/site-packages/airflow/example_dags/example_skip_dag.py took 0.836 seconds
[2021-03-30 00:14:58,085] {scheduler_job.py:182} INFO - Started process (PID=3987) to work on /home/airflow/.local/lib/python3.6/site-packages/airflow/example_dags/example_skip_dag.py
[2021-03-30 00:14:58,086] {scheduler_job.py:629} INFO - Processing file /home/airflow/.local/lib/python3.6/site-packages/airflow/example_dags/example_skip_dag.py for tasks to queue
[2021-03-30 00:14:58,087] {logging_mixin.py:104} INFO - [2021-03-30 00:14:58,087] {dagbag.py:448} INFO - Filling up the DagBag from /home/airflow/.local/lib/python3.6/site-packages/airflow/example_dags/example_skip_dag.py
[2021-03-30 00:14:58,097] {scheduler_job.py:639} INFO - DAG(s) dict_keys(['example_skip_dag']) retrieved from /home/airflow/.local/lib/python3.6/site-packages/airflow/example_dags/example_skip_dag.py
[2021-03-30 00:14:58,115] {logging_mixin.py:104} INFO - [2021-03-30 00:14:58,115] {dag.py:1818} INFO - Sync 1 DAGs
[2021-03-30 00:14:58,131] {logging_mixin.py:104} INFO - [2021-03-30 00:14:58,130] {dag.py:2273} INFO - Setting next_dagrun for example_skip_dag to 2021-03-28 00:00:00+00:00
[2021-03-30 00:14:58,139] {scheduler_job.py:190} INFO - Processing /home/airflow/.local/lib/python3.6/site-packages/airflow/example_dags/example_skip_dag.py took 0.057 seconds
[2021-03-30 00:15:28,459] {scheduler_job.py:182} INFO - Started process (PID=4013) to work on /home/airflow/.local/lib/python3.6/site-packages/airflow/example_dags/example_skip_dag.py
[2021-03-30 00:15:28,461] {scheduler_job.py:629} INFO - Processing file /home/airflow/.local/lib/python3.6/site-packages/airflow/example_dags/example_skip_dag.py for tasks to queue
[2021-03-30 00:15:28,462] {logging_mixin.py:104} INFO - [2021-03-30 00:15:28,462] {dagbag.py:448} INFO - Filling up the DagBag from /home/airflow/.local/lib/python3.6/site-packages/airflow/example_dags/example_skip_dag.py
[2021-03-30 00:15:28,470] {scheduler_job.py:639} INFO - DAG(s) dict_keys(['example_skip_dag']) retrieved from /home/airflow/.local/lib/python3.6/site-packages/airflow/example_dags/example_skip_dag.py
[2021-03-30 00:15:28,488] {logging_mixin.py:104} INFO - [2021-03-30 00:15:28,488] {dag.py:1818} INFO - Sync 1 DAGs
[2021-03-30 00:15:28,500] {logging_mixin.py:104} INFO - [2021-03-30 00:15:28,500] {dag.py:2273} INFO - Setting next_dagrun for example_skip_dag to 2021-03-28 00:00:00+00:00
[2021-03-30 00:15:28,510] {scheduler_job.py:190} INFO - Processing /home/airflow/.local/lib/python3.6/site-packages/airflow/example_dags/example_skip_dag.py took 0.053 seconds
[2021-03-30 00:15:58,581] {scheduler_job.py:182} INFO - Started process (PID=4039) to work on /home/airflow/.local/lib/python3.6/site-packages/airflow/example_dags/example_skip_dag.py
[2021-03-30 00:15:58,583] {scheduler_job.py:629} INFO - Processing file /home/airflow/.local/lib/python3.6/site-packages/airflow/example_dags/example_skip_dag.py for tasks to queue
[2021-03-30 00:15:58,583] {logging_mixin.py:104} INFO - [2021-03-30 00:15:58,583] {dagbag.py:448} INFO - Filling up the DagBag from /home/airflow/.local/lib/python3.6/site-packages/airflow/example_dags/example_skip_dag.py
[2021-03-30 00:15:58,594] {scheduler_job.py:639} INFO - DAG(s) dict_keys(['example_skip_dag']) retrieved from /home/airflow/.local/lib/python3.6/site-packages/airflow/example_dags/example_skip_dag.py
[2021-03-30 00:15:58,617] {logging_mixin.py:104} INFO - [2021-03-30 00:15:58,616] {dag.py:1818} INFO - Sync 1 DAGs
[2021-03-30 00:15:58,636] {logging_mixin.py:104} INFO - [2021-03-30 00:15:58,636] {dag.py:2273} INFO - Setting next_dagrun for example_skip_dag to 2021-03-28 00:00:00+00:00
[2021-03-30 00:15:58,647] {scheduler_job.py:190} INFO - Processing /home/airflow/.local/lib/python3.6/site-packages/airflow/example_dags/example_skip_dag.py took 0.069 seconds
