[2021-03-30 00:00:20,495] {scheduler_job.py:182} INFO - Started process (PID=3241) to work on /home/airflow/.local/lib/python3.6/site-packages/airflow/example_dags/example_dag_decorator.py
[2021-03-30 00:00:20,501] {scheduler_job.py:629} INFO - Processing file /home/airflow/.local/lib/python3.6/site-packages/airflow/example_dags/example_dag_decorator.py for tasks to queue
[2021-03-30 00:00:20,504] {logging_mixin.py:104} INFO - [2021-03-30 00:00:20,504] {dagbag.py:448} INFO - Filling up the DagBag from /home/airflow/.local/lib/python3.6/site-packages/airflow/example_dags/example_dag_decorator.py
[2021-03-30 00:00:20,542] {scheduler_job.py:639} INFO - DAG(s) dict_keys(['example_dag_decorator']) retrieved from /home/airflow/.local/lib/python3.6/site-packages/airflow/example_dags/example_dag_decorator.py
[2021-03-30 00:00:20,599] {logging_mixin.py:104} INFO - [2021-03-30 00:00:20,599] {dag.py:1818} INFO - Sync 1 DAGs
[2021-03-30 00:00:20,629] {logging_mixin.py:104} INFO - [2021-03-30 00:00:20,629] {dag.py:2273} INFO - Setting next_dagrun for example_dag_decorator to None
[2021-03-30 00:00:20,656] {scheduler_job.py:190} INFO - Processing /home/airflow/.local/lib/python3.6/site-packages/airflow/example_dags/example_dag_decorator.py took 0.167 seconds
[2021-03-30 00:00:51,658] {scheduler_job.py:182} INFO - Started process (PID=3268) to work on /home/airflow/.local/lib/python3.6/site-packages/airflow/example_dags/example_dag_decorator.py
[2021-03-30 00:00:51,660] {scheduler_job.py:629} INFO - Processing file /home/airflow/.local/lib/python3.6/site-packages/airflow/example_dags/example_dag_decorator.py for tasks to queue
[2021-03-30 00:00:51,663] {logging_mixin.py:104} INFO - [2021-03-30 00:00:51,663] {dagbag.py:448} INFO - Filling up the DagBag from /home/airflow/.local/lib/python3.6/site-packages/airflow/example_dags/example_dag_decorator.py
[2021-03-30 00:00:51,680] {scheduler_job.py:639} INFO - DAG(s) dict_keys(['example_dag_decorator']) retrieved from /home/airflow/.local/lib/python3.6/site-packages/airflow/example_dags/example_dag_decorator.py
[2021-03-30 00:00:51,702] {logging_mixin.py:104} INFO - [2021-03-30 00:00:51,702] {dag.py:1818} INFO - Sync 1 DAGs
[2021-03-30 00:00:51,717] {logging_mixin.py:104} INFO - [2021-03-30 00:00:51,717] {dag.py:2273} INFO - Setting next_dagrun for example_dag_decorator to None
[2021-03-30 00:00:51,730] {scheduler_job.py:190} INFO - Processing /home/airflow/.local/lib/python3.6/site-packages/airflow/example_dags/example_dag_decorator.py took 0.075 seconds
[2021-03-30 00:01:22,305] {scheduler_job.py:182} INFO - Started process (PID=3294) to work on /home/airflow/.local/lib/python3.6/site-packages/airflow/example_dags/example_dag_decorator.py
[2021-03-30 00:01:22,308] {scheduler_job.py:629} INFO - Processing file /home/airflow/.local/lib/python3.6/site-packages/airflow/example_dags/example_dag_decorator.py for tasks to queue
[2021-03-30 00:01:22,309] {logging_mixin.py:104} INFO - [2021-03-30 00:01:22,309] {dagbag.py:448} INFO - Filling up the DagBag from /home/airflow/.local/lib/python3.6/site-packages/airflow/example_dags/example_dag_decorator.py
[2021-03-30 00:01:22,339] {scheduler_job.py:639} INFO - DAG(s) dict_keys(['example_dag_decorator']) retrieved from /home/airflow/.local/lib/python3.6/site-packages/airflow/example_dags/example_dag_decorator.py
[2021-03-30 00:01:22,372] {logging_mixin.py:104} INFO - [2021-03-30 00:01:22,372] {dag.py:1818} INFO - Sync 1 DAGs
[2021-03-30 00:01:22,395] {logging_mixin.py:104} INFO - [2021-03-30 00:01:22,395] {dag.py:2273} INFO - Setting next_dagrun for example_dag_decorator to None
[2021-03-30 00:01:22,412] {scheduler_job.py:190} INFO - Processing /home/airflow/.local/lib/python3.6/site-packages/airflow/example_dags/example_dag_decorator.py took 0.113 seconds
[2021-03-30 00:01:52,924] {scheduler_job.py:182} INFO - Started process (PID=3320) to work on /home/airflow/.local/lib/python3.6/site-packages/airflow/example_dags/example_dag_decorator.py
[2021-03-30 00:01:52,925] {scheduler_job.py:629} INFO - Processing file /home/airflow/.local/lib/python3.6/site-packages/airflow/example_dags/example_dag_decorator.py for tasks to queue
[2021-03-30 00:01:52,927] {logging_mixin.py:104} INFO - [2021-03-30 00:01:52,927] {dagbag.py:448} INFO - Filling up the DagBag from /home/airflow/.local/lib/python3.6/site-packages/airflow/example_dags/example_dag_decorator.py
[2021-03-30 00:01:52,949] {scheduler_job.py:639} INFO - DAG(s) dict_keys(['example_dag_decorator']) retrieved from /home/airflow/.local/lib/python3.6/site-packages/airflow/example_dags/example_dag_decorator.py
[2021-03-30 00:01:52,986] {logging_mixin.py:104} INFO - [2021-03-30 00:01:52,985] {dag.py:1818} INFO - Sync 1 DAGs
[2021-03-30 00:01:53,019] {logging_mixin.py:104} INFO - [2021-03-30 00:01:53,019] {dag.py:2273} INFO - Setting next_dagrun for example_dag_decorator to None
[2021-03-30 00:01:53,054] {scheduler_job.py:190} INFO - Processing /home/airflow/.local/lib/python3.6/site-packages/airflow/example_dags/example_dag_decorator.py took 0.134 seconds
[2021-03-30 00:02:23,757] {scheduler_job.py:182} INFO - Started process (PID=3346) to work on /home/airflow/.local/lib/python3.6/site-packages/airflow/example_dags/example_dag_decorator.py
[2021-03-30 00:02:23,759] {scheduler_job.py:629} INFO - Processing file /home/airflow/.local/lib/python3.6/site-packages/airflow/example_dags/example_dag_decorator.py for tasks to queue
[2021-03-30 00:02:23,760] {logging_mixin.py:104} INFO - [2021-03-30 00:02:23,760] {dagbag.py:448} INFO - Filling up the DagBag from /home/airflow/.local/lib/python3.6/site-packages/airflow/example_dags/example_dag_decorator.py
[2021-03-30 00:02:23,790] {scheduler_job.py:639} INFO - DAG(s) dict_keys(['example_dag_decorator']) retrieved from /home/airflow/.local/lib/python3.6/site-packages/airflow/example_dags/example_dag_decorator.py
[2021-03-30 00:02:23,822] {logging_mixin.py:104} INFO - [2021-03-30 00:02:23,822] {dag.py:1818} INFO - Sync 1 DAGs
[2021-03-30 00:02:23,844] {logging_mixin.py:104} INFO - [2021-03-30 00:02:23,844] {dag.py:2273} INFO - Setting next_dagrun for example_dag_decorator to None
[2021-03-30 00:02:23,858] {scheduler_job.py:190} INFO - Processing /home/airflow/.local/lib/python3.6/site-packages/airflow/example_dags/example_dag_decorator.py took 0.105 seconds
[2021-03-30 00:02:54,547] {scheduler_job.py:182} INFO - Started process (PID=3372) to work on /home/airflow/.local/lib/python3.6/site-packages/airflow/example_dags/example_dag_decorator.py
[2021-03-30 00:02:54,549] {scheduler_job.py:629} INFO - Processing file /home/airflow/.local/lib/python3.6/site-packages/airflow/example_dags/example_dag_decorator.py for tasks to queue
[2021-03-30 00:02:54,550] {logging_mixin.py:104} INFO - [2021-03-30 00:02:54,550] {dagbag.py:448} INFO - Filling up the DagBag from /home/airflow/.local/lib/python3.6/site-packages/airflow/example_dags/example_dag_decorator.py
[2021-03-30 00:02:54,575] {scheduler_job.py:639} INFO - DAG(s) dict_keys(['example_dag_decorator']) retrieved from /home/airflow/.local/lib/python3.6/site-packages/airflow/example_dags/example_dag_decorator.py
[2021-03-30 00:02:54,603] {logging_mixin.py:104} INFO - [2021-03-30 00:02:54,603] {dag.py:1818} INFO - Sync 1 DAGs
[2021-03-30 00:02:54,625] {logging_mixin.py:104} INFO - [2021-03-30 00:02:54,625] {dag.py:2273} INFO - Setting next_dagrun for example_dag_decorator to None
[2021-03-30 00:02:54,644] {scheduler_job.py:190} INFO - Processing /home/airflow/.local/lib/python3.6/site-packages/airflow/example_dags/example_dag_decorator.py took 0.103 seconds
[2021-03-30 00:03:24,888] {scheduler_job.py:182} INFO - Started process (PID=3397) to work on /home/airflow/.local/lib/python3.6/site-packages/airflow/example_dags/example_dag_decorator.py
[2021-03-30 00:03:24,889] {scheduler_job.py:629} INFO - Processing file /home/airflow/.local/lib/python3.6/site-packages/airflow/example_dags/example_dag_decorator.py for tasks to queue
[2021-03-30 00:03:24,890] {logging_mixin.py:104} INFO - [2021-03-30 00:03:24,890] {dagbag.py:448} INFO - Filling up the DagBag from /home/airflow/.local/lib/python3.6/site-packages/airflow/example_dags/example_dag_decorator.py
[2021-03-30 00:03:24,906] {scheduler_job.py:639} INFO - DAG(s) dict_keys(['example_dag_decorator']) retrieved from /home/airflow/.local/lib/python3.6/site-packages/airflow/example_dags/example_dag_decorator.py
[2021-03-30 00:03:24,928] {logging_mixin.py:104} INFO - [2021-03-30 00:03:24,928] {dag.py:1818} INFO - Sync 1 DAGs
[2021-03-30 00:03:24,944] {logging_mixin.py:104} INFO - [2021-03-30 00:03:24,944] {dag.py:2273} INFO - Setting next_dagrun for example_dag_decorator to None
[2021-03-30 00:03:24,957] {scheduler_job.py:190} INFO - Processing /home/airflow/.local/lib/python3.6/site-packages/airflow/example_dags/example_dag_decorator.py took 0.072 seconds
[2021-03-30 00:03:55,189] {scheduler_job.py:182} INFO - Started process (PID=3423) to work on /home/airflow/.local/lib/python3.6/site-packages/airflow/example_dags/example_dag_decorator.py
[2021-03-30 00:03:55,190] {scheduler_job.py:629} INFO - Processing file /home/airflow/.local/lib/python3.6/site-packages/airflow/example_dags/example_dag_decorator.py for tasks to queue
[2021-03-30 00:03:55,191] {logging_mixin.py:104} INFO - [2021-03-30 00:03:55,191] {dagbag.py:448} INFO - Filling up the DagBag from /home/airflow/.local/lib/python3.6/site-packages/airflow/example_dags/example_dag_decorator.py
[2021-03-30 00:03:55,206] {scheduler_job.py:639} INFO - DAG(s) dict_keys(['example_dag_decorator']) retrieved from /home/airflow/.local/lib/python3.6/site-packages/airflow/example_dags/example_dag_decorator.py
[2021-03-30 00:03:55,233] {logging_mixin.py:104} INFO - [2021-03-30 00:03:55,233] {dag.py:1818} INFO - Sync 1 DAGs
[2021-03-30 00:03:55,248] {logging_mixin.py:104} INFO - [2021-03-30 00:03:55,248] {dag.py:2273} INFO - Setting next_dagrun for example_dag_decorator to None
[2021-03-30 00:03:55,261] {scheduler_job.py:190} INFO - Processing /home/airflow/.local/lib/python3.6/site-packages/airflow/example_dags/example_dag_decorator.py took 0.075 seconds
[2021-03-30 00:04:25,349] {scheduler_job.py:182} INFO - Started process (PID=3449) to work on /home/airflow/.local/lib/python3.6/site-packages/airflow/example_dags/example_dag_decorator.py
[2021-03-30 00:04:25,351] {scheduler_job.py:629} INFO - Processing file /home/airflow/.local/lib/python3.6/site-packages/airflow/example_dags/example_dag_decorator.py for tasks to queue
[2021-03-30 00:04:25,352] {logging_mixin.py:104} INFO - [2021-03-30 00:04:25,352] {dagbag.py:448} INFO - Filling up the DagBag from /home/airflow/.local/lib/python3.6/site-packages/airflow/example_dags/example_dag_decorator.py
[2021-03-30 00:04:25,368] {scheduler_job.py:639} INFO - DAG(s) dict_keys(['example_dag_decorator']) retrieved from /home/airflow/.local/lib/python3.6/site-packages/airflow/example_dags/example_dag_decorator.py
[2021-03-30 00:04:25,393] {logging_mixin.py:104} INFO - [2021-03-30 00:04:25,393] {dag.py:1818} INFO - Sync 1 DAGs
[2021-03-30 00:04:25,411] {logging_mixin.py:104} INFO - [2021-03-30 00:04:25,411] {dag.py:2273} INFO - Setting next_dagrun for example_dag_decorator to None
[2021-03-30 00:04:25,427] {scheduler_job.py:190} INFO - Processing /home/airflow/.local/lib/python3.6/site-packages/airflow/example_dags/example_dag_decorator.py took 0.081 seconds
[2021-03-30 00:04:55,503] {scheduler_job.py:182} INFO - Started process (PID=3475) to work on /home/airflow/.local/lib/python3.6/site-packages/airflow/example_dags/example_dag_decorator.py
[2021-03-30 00:04:55,505] {scheduler_job.py:629} INFO - Processing file /home/airflow/.local/lib/python3.6/site-packages/airflow/example_dags/example_dag_decorator.py for tasks to queue
[2021-03-30 00:04:55,505] {logging_mixin.py:104} INFO - [2021-03-30 00:04:55,505] {dagbag.py:448} INFO - Filling up the DagBag from /home/airflow/.local/lib/python3.6/site-packages/airflow/example_dags/example_dag_decorator.py
[2021-03-30 00:04:55,521] {scheduler_job.py:639} INFO - DAG(s) dict_keys(['example_dag_decorator']) retrieved from /home/airflow/.local/lib/python3.6/site-packages/airflow/example_dags/example_dag_decorator.py
[2021-03-30 00:04:55,546] {logging_mixin.py:104} INFO - [2021-03-30 00:04:55,545] {dag.py:1818} INFO - Sync 1 DAGs
[2021-03-30 00:04:55,561] {logging_mixin.py:104} INFO - [2021-03-30 00:04:55,561] {dag.py:2273} INFO - Setting next_dagrun for example_dag_decorator to None
[2021-03-30 00:04:55,573] {scheduler_job.py:190} INFO - Processing /home/airflow/.local/lib/python3.6/site-packages/airflow/example_dags/example_dag_decorator.py took 0.073 seconds
[2021-03-30 00:05:25,636] {scheduler_job.py:182} INFO - Started process (PID=3501) to work on /home/airflow/.local/lib/python3.6/site-packages/airflow/example_dags/example_dag_decorator.py
[2021-03-30 00:05:25,639] {scheduler_job.py:629} INFO - Processing file /home/airflow/.local/lib/python3.6/site-packages/airflow/example_dags/example_dag_decorator.py for tasks to queue
[2021-03-30 00:05:25,640] {logging_mixin.py:104} INFO - [2021-03-30 00:05:25,640] {dagbag.py:448} INFO - Filling up the DagBag from /home/airflow/.local/lib/python3.6/site-packages/airflow/example_dags/example_dag_decorator.py
[2021-03-30 00:05:25,656] {scheduler_job.py:639} INFO - DAG(s) dict_keys(['example_dag_decorator']) retrieved from /home/airflow/.local/lib/python3.6/site-packages/airflow/example_dags/example_dag_decorator.py
[2021-03-30 00:05:25,680] {logging_mixin.py:104} INFO - [2021-03-30 00:05:25,680] {dag.py:1818} INFO - Sync 1 DAGs
[2021-03-30 00:05:25,696] {logging_mixin.py:104} INFO - [2021-03-30 00:05:25,696] {dag.py:2273} INFO - Setting next_dagrun for example_dag_decorator to None
[2021-03-30 00:05:25,711] {scheduler_job.py:190} INFO - Processing /home/airflow/.local/lib/python3.6/site-packages/airflow/example_dags/example_dag_decorator.py took 0.078 seconds
[2021-03-30 00:05:56,363] {scheduler_job.py:182} INFO - Started process (PID=3528) to work on /home/airflow/.local/lib/python3.6/site-packages/airflow/example_dags/example_dag_decorator.py
[2021-03-30 00:05:56,364] {scheduler_job.py:629} INFO - Processing file /home/airflow/.local/lib/python3.6/site-packages/airflow/example_dags/example_dag_decorator.py for tasks to queue
[2021-03-30 00:05:56,365] {logging_mixin.py:104} INFO - [2021-03-30 00:05:56,365] {dagbag.py:448} INFO - Filling up the DagBag from /home/airflow/.local/lib/python3.6/site-packages/airflow/example_dags/example_dag_decorator.py
[2021-03-30 00:05:56,380] {scheduler_job.py:639} INFO - DAG(s) dict_keys(['example_dag_decorator']) retrieved from /home/airflow/.local/lib/python3.6/site-packages/airflow/example_dags/example_dag_decorator.py
[2021-03-30 00:05:56,405] {logging_mixin.py:104} INFO - [2021-03-30 00:05:56,405] {dag.py:1818} INFO - Sync 1 DAGs
[2021-03-30 00:05:56,420] {logging_mixin.py:104} INFO - [2021-03-30 00:05:56,420] {dag.py:2273} INFO - Setting next_dagrun for example_dag_decorator to None
[2021-03-30 00:05:56,433] {scheduler_job.py:190} INFO - Processing /home/airflow/.local/lib/python3.6/site-packages/airflow/example_dags/example_dag_decorator.py took 0.073 seconds
[2021-03-30 00:06:26,569] {scheduler_job.py:182} INFO - Started process (PID=3553) to work on /home/airflow/.local/lib/python3.6/site-packages/airflow/example_dags/example_dag_decorator.py
[2021-03-30 00:06:26,571] {scheduler_job.py:629} INFO - Processing file /home/airflow/.local/lib/python3.6/site-packages/airflow/example_dags/example_dag_decorator.py for tasks to queue
[2021-03-30 00:06:26,572] {logging_mixin.py:104} INFO - [2021-03-30 00:06:26,572] {dagbag.py:448} INFO - Filling up the DagBag from /home/airflow/.local/lib/python3.6/site-packages/airflow/example_dags/example_dag_decorator.py
[2021-03-30 00:06:26,587] {scheduler_job.py:639} INFO - DAG(s) dict_keys(['example_dag_decorator']) retrieved from /home/airflow/.local/lib/python3.6/site-packages/airflow/example_dags/example_dag_decorator.py
[2021-03-30 00:06:26,613] {logging_mixin.py:104} INFO - [2021-03-30 00:06:26,612] {dag.py:1818} INFO - Sync 1 DAGs
[2021-03-30 00:06:26,629] {logging_mixin.py:104} INFO - [2021-03-30 00:06:26,628] {dag.py:2273} INFO - Setting next_dagrun for example_dag_decorator to None
[2021-03-30 00:06:26,646] {scheduler_job.py:190} INFO - Processing /home/airflow/.local/lib/python3.6/site-packages/airflow/example_dags/example_dag_decorator.py took 0.080 seconds
[2021-03-30 00:06:56,901] {scheduler_job.py:182} INFO - Started process (PID=3579) to work on /home/airflow/.local/lib/python3.6/site-packages/airflow/example_dags/example_dag_decorator.py
[2021-03-30 00:06:56,903] {scheduler_job.py:629} INFO - Processing file /home/airflow/.local/lib/python3.6/site-packages/airflow/example_dags/example_dag_decorator.py for tasks to queue
[2021-03-30 00:06:56,904] {logging_mixin.py:104} INFO - [2021-03-30 00:06:56,904] {dagbag.py:448} INFO - Filling up the DagBag from /home/airflow/.local/lib/python3.6/site-packages/airflow/example_dags/example_dag_decorator.py
[2021-03-30 00:06:56,922] {scheduler_job.py:639} INFO - DAG(s) dict_keys(['example_dag_decorator']) retrieved from /home/airflow/.local/lib/python3.6/site-packages/airflow/example_dags/example_dag_decorator.py
[2021-03-30 00:06:56,948] {logging_mixin.py:104} INFO - [2021-03-30 00:06:56,948] {dag.py:1818} INFO - Sync 1 DAGs
[2021-03-30 00:06:56,966] {logging_mixin.py:104} INFO - [2021-03-30 00:06:56,966] {dag.py:2273} INFO - Setting next_dagrun for example_dag_decorator to None
[2021-03-30 00:06:56,982] {scheduler_job.py:190} INFO - Processing /home/airflow/.local/lib/python3.6/site-packages/airflow/example_dags/example_dag_decorator.py took 0.084 seconds
[2021-03-30 00:07:27,357] {scheduler_job.py:182} INFO - Started process (PID=3605) to work on /home/airflow/.local/lib/python3.6/site-packages/airflow/example_dags/example_dag_decorator.py
[2021-03-30 00:07:27,358] {scheduler_job.py:629} INFO - Processing file /home/airflow/.local/lib/python3.6/site-packages/airflow/example_dags/example_dag_decorator.py for tasks to queue
[2021-03-30 00:07:27,360] {logging_mixin.py:104} INFO - [2021-03-30 00:07:27,359] {dagbag.py:448} INFO - Filling up the DagBag from /home/airflow/.local/lib/python3.6/site-packages/airflow/example_dags/example_dag_decorator.py
[2021-03-30 00:07:27,380] {scheduler_job.py:639} INFO - DAG(s) dict_keys(['example_dag_decorator']) retrieved from /home/airflow/.local/lib/python3.6/site-packages/airflow/example_dags/example_dag_decorator.py
[2021-03-30 00:07:27,412] {logging_mixin.py:104} INFO - [2021-03-30 00:07:27,411] {dag.py:1818} INFO - Sync 1 DAGs
[2021-03-30 00:07:27,432] {logging_mixin.py:104} INFO - [2021-03-30 00:07:27,432] {dag.py:2273} INFO - Setting next_dagrun for example_dag_decorator to None
[2021-03-30 00:07:27,479] {scheduler_job.py:190} INFO - Processing /home/airflow/.local/lib/python3.6/site-packages/airflow/example_dags/example_dag_decorator.py took 0.126 seconds
[2021-03-30 00:07:57,808] {scheduler_job.py:182} INFO - Started process (PID=3631) to work on /home/airflow/.local/lib/python3.6/site-packages/airflow/example_dags/example_dag_decorator.py
[2021-03-30 00:07:57,810] {scheduler_job.py:629} INFO - Processing file /home/airflow/.local/lib/python3.6/site-packages/airflow/example_dags/example_dag_decorator.py for tasks to queue
[2021-03-30 00:07:57,811] {logging_mixin.py:104} INFO - [2021-03-30 00:07:57,810] {dagbag.py:448} INFO - Filling up the DagBag from /home/airflow/.local/lib/python3.6/site-packages/airflow/example_dags/example_dag_decorator.py
[2021-03-30 00:07:57,824] {scheduler_job.py:639} INFO - DAG(s) dict_keys(['example_dag_decorator']) retrieved from /home/airflow/.local/lib/python3.6/site-packages/airflow/example_dags/example_dag_decorator.py
[2021-03-30 00:07:57,847] {logging_mixin.py:104} INFO - [2021-03-30 00:07:57,847] {dag.py:1818} INFO - Sync 1 DAGs
[2021-03-30 00:07:57,863] {logging_mixin.py:104} INFO - [2021-03-30 00:07:57,863] {dag.py:2273} INFO - Setting next_dagrun for example_dag_decorator to None
[2021-03-30 00:07:57,878] {scheduler_job.py:190} INFO - Processing /home/airflow/.local/lib/python3.6/site-packages/airflow/example_dags/example_dag_decorator.py took 0.073 seconds
[2021-03-30 00:08:27,968] {scheduler_job.py:182} INFO - Started process (PID=3657) to work on /home/airflow/.local/lib/python3.6/site-packages/airflow/example_dags/example_dag_decorator.py
[2021-03-30 00:08:27,970] {scheduler_job.py:629} INFO - Processing file /home/airflow/.local/lib/python3.6/site-packages/airflow/example_dags/example_dag_decorator.py for tasks to queue
[2021-03-30 00:08:27,972] {logging_mixin.py:104} INFO - [2021-03-30 00:08:27,972] {dagbag.py:448} INFO - Filling up the DagBag from /home/airflow/.local/lib/python3.6/site-packages/airflow/example_dags/example_dag_decorator.py
[2021-03-30 00:08:27,990] {scheduler_job.py:639} INFO - DAG(s) dict_keys(['example_dag_decorator']) retrieved from /home/airflow/.local/lib/python3.6/site-packages/airflow/example_dags/example_dag_decorator.py
[2021-03-30 00:08:28,015] {logging_mixin.py:104} INFO - [2021-03-30 00:08:28,015] {dag.py:1818} INFO - Sync 1 DAGs
[2021-03-30 00:08:28,030] {logging_mixin.py:104} INFO - [2021-03-30 00:08:28,030] {dag.py:2273} INFO - Setting next_dagrun for example_dag_decorator to None
[2021-03-30 00:08:28,042] {scheduler_job.py:190} INFO - Processing /home/airflow/.local/lib/python3.6/site-packages/airflow/example_dags/example_dag_decorator.py took 0.077 seconds
[2021-03-30 00:08:58,170] {scheduler_job.py:182} INFO - Started process (PID=3683) to work on /home/airflow/.local/lib/python3.6/site-packages/airflow/example_dags/example_dag_decorator.py
[2021-03-30 00:08:58,172] {scheduler_job.py:629} INFO - Processing file /home/airflow/.local/lib/python3.6/site-packages/airflow/example_dags/example_dag_decorator.py for tasks to queue
[2021-03-30 00:08:58,173] {logging_mixin.py:104} INFO - [2021-03-30 00:08:58,173] {dagbag.py:448} INFO - Filling up the DagBag from /home/airflow/.local/lib/python3.6/site-packages/airflow/example_dags/example_dag_decorator.py
[2021-03-30 00:08:58,194] {scheduler_job.py:639} INFO - DAG(s) dict_keys(['example_dag_decorator']) retrieved from /home/airflow/.local/lib/python3.6/site-packages/airflow/example_dags/example_dag_decorator.py
[2021-03-30 00:08:58,225] {logging_mixin.py:104} INFO - [2021-03-30 00:08:58,225] {dag.py:1818} INFO - Sync 1 DAGs
[2021-03-30 00:08:58,263] {logging_mixin.py:104} INFO - [2021-03-30 00:08:58,263] {dag.py:2273} INFO - Setting next_dagrun for example_dag_decorator to None
[2021-03-30 00:08:58,280] {scheduler_job.py:190} INFO - Processing /home/airflow/.local/lib/python3.6/site-packages/airflow/example_dags/example_dag_decorator.py took 0.114 seconds
[2021-03-30 00:09:28,465] {scheduler_job.py:182} INFO - Started process (PID=3710) to work on /home/airflow/.local/lib/python3.6/site-packages/airflow/example_dags/example_dag_decorator.py
[2021-03-30 00:09:28,467] {scheduler_job.py:629} INFO - Processing file /home/airflow/.local/lib/python3.6/site-packages/airflow/example_dags/example_dag_decorator.py for tasks to queue
[2021-03-30 00:09:28,467] {logging_mixin.py:104} INFO - [2021-03-30 00:09:28,467] {dagbag.py:448} INFO - Filling up the DagBag from /home/airflow/.local/lib/python3.6/site-packages/airflow/example_dags/example_dag_decorator.py
[2021-03-30 00:09:28,485] {scheduler_job.py:639} INFO - DAG(s) dict_keys(['example_dag_decorator']) retrieved from /home/airflow/.local/lib/python3.6/site-packages/airflow/example_dags/example_dag_decorator.py
[2021-03-30 00:09:28,512] {logging_mixin.py:104} INFO - [2021-03-30 00:09:28,512] {dag.py:1818} INFO - Sync 1 DAGs
[2021-03-30 00:09:28,529] {logging_mixin.py:104} INFO - [2021-03-30 00:09:28,529] {dag.py:2273} INFO - Setting next_dagrun for example_dag_decorator to None
[2021-03-30 00:09:28,548] {scheduler_job.py:190} INFO - Processing /home/airflow/.local/lib/python3.6/site-packages/airflow/example_dags/example_dag_decorator.py took 0.086 seconds
[2021-03-30 00:09:58,644] {scheduler_job.py:182} INFO - Started process (PID=3736) to work on /home/airflow/.local/lib/python3.6/site-packages/airflow/example_dags/example_dag_decorator.py
[2021-03-30 00:09:58,646] {scheduler_job.py:629} INFO - Processing file /home/airflow/.local/lib/python3.6/site-packages/airflow/example_dags/example_dag_decorator.py for tasks to queue
[2021-03-30 00:09:58,647] {logging_mixin.py:104} INFO - [2021-03-30 00:09:58,647] {dagbag.py:448} INFO - Filling up the DagBag from /home/airflow/.local/lib/python3.6/site-packages/airflow/example_dags/example_dag_decorator.py
[2021-03-30 00:09:58,665] {scheduler_job.py:639} INFO - DAG(s) dict_keys(['example_dag_decorator']) retrieved from /home/airflow/.local/lib/python3.6/site-packages/airflow/example_dags/example_dag_decorator.py
[2021-03-30 00:09:58,689] {logging_mixin.py:104} INFO - [2021-03-30 00:09:58,689] {dag.py:1818} INFO - Sync 1 DAGs
[2021-03-30 00:09:58,705] {logging_mixin.py:104} INFO - [2021-03-30 00:09:58,704] {dag.py:2273} INFO - Setting next_dagrun for example_dag_decorator to None
[2021-03-30 00:09:58,716] {scheduler_job.py:190} INFO - Processing /home/airflow/.local/lib/python3.6/site-packages/airflow/example_dags/example_dag_decorator.py took 0.078 seconds
[2021-03-30 00:10:28,953] {scheduler_job.py:182} INFO - Started process (PID=3764) to work on /home/airflow/.local/lib/python3.6/site-packages/airflow/example_dags/example_dag_decorator.py
[2021-03-30 00:10:28,955] {scheduler_job.py:629} INFO - Processing file /home/airflow/.local/lib/python3.6/site-packages/airflow/example_dags/example_dag_decorator.py for tasks to queue
[2021-03-30 00:10:28,956] {logging_mixin.py:104} INFO - [2021-03-30 00:10:28,956] {dagbag.py:448} INFO - Filling up the DagBag from /home/airflow/.local/lib/python3.6/site-packages/airflow/example_dags/example_dag_decorator.py
[2021-03-30 00:10:28,973] {scheduler_job.py:639} INFO - DAG(s) dict_keys(['example_dag_decorator']) retrieved from /home/airflow/.local/lib/python3.6/site-packages/airflow/example_dags/example_dag_decorator.py
[2021-03-30 00:10:28,997] {logging_mixin.py:104} INFO - [2021-03-30 00:10:28,997] {dag.py:1818} INFO - Sync 1 DAGs
[2021-03-30 00:10:29,013] {logging_mixin.py:104} INFO - [2021-03-30 00:10:29,013] {dag.py:2273} INFO - Setting next_dagrun for example_dag_decorator to None
[2021-03-30 00:10:29,022] {scheduler_job.py:190} INFO - Processing /home/airflow/.local/lib/python3.6/site-packages/airflow/example_dags/example_dag_decorator.py took 0.072 seconds
[2021-03-30 00:10:59,253] {scheduler_job.py:182} INFO - Started process (PID=3790) to work on /home/airflow/.local/lib/python3.6/site-packages/airflow/example_dags/example_dag_decorator.py
[2021-03-30 00:10:59,255] {scheduler_job.py:629} INFO - Processing file /home/airflow/.local/lib/python3.6/site-packages/airflow/example_dags/example_dag_decorator.py for tasks to queue
[2021-03-30 00:10:59,257] {logging_mixin.py:104} INFO - [2021-03-30 00:10:59,256] {dagbag.py:448} INFO - Filling up the DagBag from /home/airflow/.local/lib/python3.6/site-packages/airflow/example_dags/example_dag_decorator.py
[2021-03-30 00:10:59,282] {scheduler_job.py:639} INFO - DAG(s) dict_keys(['example_dag_decorator']) retrieved from /home/airflow/.local/lib/python3.6/site-packages/airflow/example_dags/example_dag_decorator.py
[2021-03-30 00:10:59,314] {logging_mixin.py:104} INFO - [2021-03-30 00:10:59,314] {dag.py:1818} INFO - Sync 1 DAGs
[2021-03-30 00:10:59,336] {logging_mixin.py:104} INFO - [2021-03-30 00:10:59,335] {dag.py:2273} INFO - Setting next_dagrun for example_dag_decorator to None
[2021-03-30 00:10:59,353] {scheduler_job.py:190} INFO - Processing /home/airflow/.local/lib/python3.6/site-packages/airflow/example_dags/example_dag_decorator.py took 0.104 seconds
[2021-03-30 00:11:29,505] {scheduler_job.py:182} INFO - Started process (PID=3816) to work on /home/airflow/.local/lib/python3.6/site-packages/airflow/example_dags/example_dag_decorator.py
[2021-03-30 00:11:29,507] {scheduler_job.py:629} INFO - Processing file /home/airflow/.local/lib/python3.6/site-packages/airflow/example_dags/example_dag_decorator.py for tasks to queue
[2021-03-30 00:11:29,508] {logging_mixin.py:104} INFO - [2021-03-30 00:11:29,508] {dagbag.py:448} INFO - Filling up the DagBag from /home/airflow/.local/lib/python3.6/site-packages/airflow/example_dags/example_dag_decorator.py
[2021-03-30 00:11:29,534] {scheduler_job.py:639} INFO - DAG(s) dict_keys(['example_dag_decorator']) retrieved from /home/airflow/.local/lib/python3.6/site-packages/airflow/example_dags/example_dag_decorator.py
[2021-03-30 00:11:29,570] {logging_mixin.py:104} INFO - [2021-03-30 00:11:29,570] {dag.py:1818} INFO - Sync 1 DAGs
[2021-03-30 00:11:29,593] {logging_mixin.py:104} INFO - [2021-03-30 00:11:29,593] {dag.py:2273} INFO - Setting next_dagrun for example_dag_decorator to None
[2021-03-30 00:11:29,611] {scheduler_job.py:190} INFO - Processing /home/airflow/.local/lib/python3.6/site-packages/airflow/example_dags/example_dag_decorator.py took 0.109 seconds
[2021-03-30 00:11:59,734] {scheduler_job.py:182} INFO - Started process (PID=3839) to work on /home/airflow/.local/lib/python3.6/site-packages/airflow/example_dags/example_dag_decorator.py
[2021-03-30 00:11:59,735] {scheduler_job.py:629} INFO - Processing file /home/airflow/.local/lib/python3.6/site-packages/airflow/example_dags/example_dag_decorator.py for tasks to queue
[2021-03-30 00:11:59,736] {logging_mixin.py:104} INFO - [2021-03-30 00:11:59,736] {dagbag.py:448} INFO - Filling up the DagBag from /home/airflow/.local/lib/python3.6/site-packages/airflow/example_dags/example_dag_decorator.py
[2021-03-30 00:11:59,753] {scheduler_job.py:639} INFO - DAG(s) dict_keys(['example_dag_decorator']) retrieved from /home/airflow/.local/lib/python3.6/site-packages/airflow/example_dags/example_dag_decorator.py
[2021-03-30 00:11:59,780] {logging_mixin.py:104} INFO - [2021-03-30 00:11:59,780] {dag.py:1818} INFO - Sync 1 DAGs
[2021-03-30 00:11:59,801] {logging_mixin.py:104} INFO - [2021-03-30 00:11:59,801] {dag.py:2273} INFO - Setting next_dagrun for example_dag_decorator to None
[2021-03-30 00:11:59,816] {scheduler_job.py:190} INFO - Processing /home/airflow/.local/lib/python3.6/site-packages/airflow/example_dags/example_dag_decorator.py took 0.086 seconds
[2021-03-30 00:12:29,876] {scheduler_job.py:182} INFO - Started process (PID=3865) to work on /home/airflow/.local/lib/python3.6/site-packages/airflow/example_dags/example_dag_decorator.py
[2021-03-30 00:12:29,877] {scheduler_job.py:629} INFO - Processing file /home/airflow/.local/lib/python3.6/site-packages/airflow/example_dags/example_dag_decorator.py for tasks to queue
[2021-03-30 00:12:29,878] {logging_mixin.py:104} INFO - [2021-03-30 00:12:29,878] {dagbag.py:448} INFO - Filling up the DagBag from /home/airflow/.local/lib/python3.6/site-packages/airflow/example_dags/example_dag_decorator.py
[2021-03-30 00:12:29,897] {scheduler_job.py:639} INFO - DAG(s) dict_keys(['example_dag_decorator']) retrieved from /home/airflow/.local/lib/python3.6/site-packages/airflow/example_dags/example_dag_decorator.py
[2021-03-30 00:12:29,924] {logging_mixin.py:104} INFO - [2021-03-30 00:12:29,923] {dag.py:1818} INFO - Sync 1 DAGs
[2021-03-30 00:12:29,941] {logging_mixin.py:104} INFO - [2021-03-30 00:12:29,941] {dag.py:2273} INFO - Setting next_dagrun for example_dag_decorator to None
[2021-03-30 00:12:29,954] {scheduler_job.py:190} INFO - Processing /home/airflow/.local/lib/python3.6/site-packages/airflow/example_dags/example_dag_decorator.py took 0.082 seconds
[2021-03-30 00:13:00,074] {scheduler_job.py:182} INFO - Started process (PID=3891) to work on /home/airflow/.local/lib/python3.6/site-packages/airflow/example_dags/example_dag_decorator.py
[2021-03-30 00:13:00,076] {scheduler_job.py:629} INFO - Processing file /home/airflow/.local/lib/python3.6/site-packages/airflow/example_dags/example_dag_decorator.py for tasks to queue
[2021-03-30 00:13:00,078] {logging_mixin.py:104} INFO - [2021-03-30 00:13:00,077] {dagbag.py:448} INFO - Filling up the DagBag from /home/airflow/.local/lib/python3.6/site-packages/airflow/example_dags/example_dag_decorator.py
[2021-03-30 00:13:00,095] {scheduler_job.py:639} INFO - DAG(s) dict_keys(['example_dag_decorator']) retrieved from /home/airflow/.local/lib/python3.6/site-packages/airflow/example_dags/example_dag_decorator.py
[2021-03-30 00:13:00,119] {logging_mixin.py:104} INFO - [2021-03-30 00:13:00,119] {dag.py:1818} INFO - Sync 1 DAGs
[2021-03-30 00:13:00,136] {logging_mixin.py:104} INFO - [2021-03-30 00:13:00,136] {dag.py:2273} INFO - Setting next_dagrun for example_dag_decorator to None
[2021-03-30 00:13:00,150] {scheduler_job.py:190} INFO - Processing /home/airflow/.local/lib/python3.6/site-packages/airflow/example_dags/example_dag_decorator.py took 0.079 seconds
[2021-03-30 00:13:30,318] {scheduler_job.py:182} INFO - Started process (PID=3918) to work on /home/airflow/.local/lib/python3.6/site-packages/airflow/example_dags/example_dag_decorator.py
[2021-03-30 00:13:30,321] {scheduler_job.py:629} INFO - Processing file /home/airflow/.local/lib/python3.6/site-packages/airflow/example_dags/example_dag_decorator.py for tasks to queue
[2021-03-30 00:13:30,322] {logging_mixin.py:104} INFO - [2021-03-30 00:13:30,321] {dagbag.py:448} INFO - Filling up the DagBag from /home/airflow/.local/lib/python3.6/site-packages/airflow/example_dags/example_dag_decorator.py
[2021-03-30 00:13:30,339] {scheduler_job.py:639} INFO - DAG(s) dict_keys(['example_dag_decorator']) retrieved from /home/airflow/.local/lib/python3.6/site-packages/airflow/example_dags/example_dag_decorator.py
[2021-03-30 00:13:30,364] {logging_mixin.py:104} INFO - [2021-03-30 00:13:30,364] {dag.py:1818} INFO - Sync 1 DAGs
[2021-03-30 00:13:30,379] {logging_mixin.py:104} INFO - [2021-03-30 00:13:30,379] {dag.py:2273} INFO - Setting next_dagrun for example_dag_decorator to None
[2021-03-30 00:13:30,390] {scheduler_job.py:190} INFO - Processing /home/airflow/.local/lib/python3.6/site-packages/airflow/example_dags/example_dag_decorator.py took 0.076 seconds
[2021-03-30 00:14:01,101] {scheduler_job.py:182} INFO - Started process (PID=3944) to work on /home/airflow/.local/lib/python3.6/site-packages/airflow/example_dags/example_dag_decorator.py
[2021-03-30 00:14:01,102] {scheduler_job.py:629} INFO - Processing file /home/airflow/.local/lib/python3.6/site-packages/airflow/example_dags/example_dag_decorator.py for tasks to queue
[2021-03-30 00:14:01,104] {logging_mixin.py:104} INFO - [2021-03-30 00:14:01,103] {dagbag.py:448} INFO - Filling up the DagBag from /home/airflow/.local/lib/python3.6/site-packages/airflow/example_dags/example_dag_decorator.py
[2021-03-30 00:14:01,118] {scheduler_job.py:639} INFO - DAG(s) dict_keys(['example_dag_decorator']) retrieved from /home/airflow/.local/lib/python3.6/site-packages/airflow/example_dags/example_dag_decorator.py
[2021-03-30 00:14:01,141] {logging_mixin.py:104} INFO - [2021-03-30 00:14:01,141] {dag.py:1818} INFO - Sync 1 DAGs
[2021-03-30 00:14:01,155] {logging_mixin.py:104} INFO - [2021-03-30 00:14:01,155] {dag.py:2273} INFO - Setting next_dagrun for example_dag_decorator to None
[2021-03-30 00:14:01,167] {scheduler_job.py:190} INFO - Processing /home/airflow/.local/lib/python3.6/site-packages/airflow/example_dags/example_dag_decorator.py took 0.069 seconds
[2021-03-30 00:14:31,291] {scheduler_job.py:182} INFO - Started process (PID=3969) to work on /home/airflow/.local/lib/python3.6/site-packages/airflow/example_dags/example_dag_decorator.py
[2021-03-30 00:14:31,293] {scheduler_job.py:629} INFO - Processing file /home/airflow/.local/lib/python3.6/site-packages/airflow/example_dags/example_dag_decorator.py for tasks to queue
[2021-03-30 00:14:31,294] {logging_mixin.py:104} INFO - [2021-03-30 00:14:31,293] {dagbag.py:448} INFO - Filling up the DagBag from /home/airflow/.local/lib/python3.6/site-packages/airflow/example_dags/example_dag_decorator.py
[2021-03-30 00:14:31,310] {scheduler_job.py:639} INFO - DAG(s) dict_keys(['example_dag_decorator']) retrieved from /home/airflow/.local/lib/python3.6/site-packages/airflow/example_dags/example_dag_decorator.py
[2021-03-30 00:14:31,337] {logging_mixin.py:104} INFO - [2021-03-30 00:14:31,337] {dag.py:1818} INFO - Sync 1 DAGs
[2021-03-30 00:14:31,353] {logging_mixin.py:104} INFO - [2021-03-30 00:14:31,353] {dag.py:2273} INFO - Setting next_dagrun for example_dag_decorator to None
[2021-03-30 00:14:31,367] {scheduler_job.py:190} INFO - Processing /home/airflow/.local/lib/python3.6/site-packages/airflow/example_dags/example_dag_decorator.py took 0.079 seconds
[2021-03-30 00:15:01,448] {scheduler_job.py:182} INFO - Started process (PID=3995) to work on /home/airflow/.local/lib/python3.6/site-packages/airflow/example_dags/example_dag_decorator.py
[2021-03-30 00:15:01,450] {scheduler_job.py:629} INFO - Processing file /home/airflow/.local/lib/python3.6/site-packages/airflow/example_dags/example_dag_decorator.py for tasks to queue
[2021-03-30 00:15:01,452] {logging_mixin.py:104} INFO - [2021-03-30 00:15:01,452] {dagbag.py:448} INFO - Filling up the DagBag from /home/airflow/.local/lib/python3.6/site-packages/airflow/example_dags/example_dag_decorator.py
[2021-03-30 00:15:01,474] {scheduler_job.py:639} INFO - DAG(s) dict_keys(['example_dag_decorator']) retrieved from /home/airflow/.local/lib/python3.6/site-packages/airflow/example_dags/example_dag_decorator.py
[2021-03-30 00:15:01,501] {logging_mixin.py:104} INFO - [2021-03-30 00:15:01,501] {dag.py:1818} INFO - Sync 1 DAGs
[2021-03-30 00:15:01,519] {logging_mixin.py:104} INFO - [2021-03-30 00:15:01,519] {dag.py:2273} INFO - Setting next_dagrun for example_dag_decorator to None
[2021-03-30 00:15:01,535] {scheduler_job.py:190} INFO - Processing /home/airflow/.local/lib/python3.6/site-packages/airflow/example_dags/example_dag_decorator.py took 0.092 seconds
[2021-03-30 00:15:31,838] {scheduler_job.py:182} INFO - Started process (PID=4021) to work on /home/airflow/.local/lib/python3.6/site-packages/airflow/example_dags/example_dag_decorator.py
[2021-03-30 00:15:31,840] {scheduler_job.py:629} INFO - Processing file /home/airflow/.local/lib/python3.6/site-packages/airflow/example_dags/example_dag_decorator.py for tasks to queue
[2021-03-30 00:15:31,841] {logging_mixin.py:104} INFO - [2021-03-30 00:15:31,840] {dagbag.py:448} INFO - Filling up the DagBag from /home/airflow/.local/lib/python3.6/site-packages/airflow/example_dags/example_dag_decorator.py
[2021-03-30 00:15:31,854] {scheduler_job.py:639} INFO - DAG(s) dict_keys(['example_dag_decorator']) retrieved from /home/airflow/.local/lib/python3.6/site-packages/airflow/example_dags/example_dag_decorator.py
[2021-03-30 00:15:31,874] {logging_mixin.py:104} INFO - [2021-03-30 00:15:31,874] {dag.py:1818} INFO - Sync 1 DAGs
[2021-03-30 00:15:31,887] {logging_mixin.py:104} INFO - [2021-03-30 00:15:31,887] {dag.py:2273} INFO - Setting next_dagrun for example_dag_decorator to None
[2021-03-30 00:15:31,898] {scheduler_job.py:190} INFO - Processing /home/airflow/.local/lib/python3.6/site-packages/airflow/example_dags/example_dag_decorator.py took 0.062 seconds
[2021-03-30 00:16:01,994] {scheduler_job.py:182} INFO - Started process (PID=4047) to work on /home/airflow/.local/lib/python3.6/site-packages/airflow/example_dags/example_dag_decorator.py
[2021-03-30 00:16:01,996] {scheduler_job.py:629} INFO - Processing file /home/airflow/.local/lib/python3.6/site-packages/airflow/example_dags/example_dag_decorator.py for tasks to queue
[2021-03-30 00:16:01,997] {logging_mixin.py:104} INFO - [2021-03-30 00:16:01,997] {dagbag.py:448} INFO - Filling up the DagBag from /home/airflow/.local/lib/python3.6/site-packages/airflow/example_dags/example_dag_decorator.py
[2021-03-30 00:16:02,015] {scheduler_job.py:639} INFO - DAG(s) dict_keys(['example_dag_decorator']) retrieved from /home/airflow/.local/lib/python3.6/site-packages/airflow/example_dags/example_dag_decorator.py
[2021-03-30 00:16:02,042] {logging_mixin.py:104} INFO - [2021-03-30 00:16:02,042] {dag.py:1818} INFO - Sync 1 DAGs
[2021-03-30 00:16:02,059] {logging_mixin.py:104} INFO - [2021-03-30 00:16:02,059] {dag.py:2273} INFO - Setting next_dagrun for example_dag_decorator to None
[2021-03-30 00:16:02,075] {scheduler_job.py:190} INFO - Processing /home/airflow/.local/lib/python3.6/site-packages/airflow/example_dags/example_dag_decorator.py took 0.084 seconds
