[2021-03-30 00:00:11,470] {scheduler_job.py:182} INFO - Started process (PID=3230) to work on /home/airflow/.local/lib/python3.6/site-packages/airflow/example_dags/example_external_task_marker_dag.py
[2021-03-30 00:00:11,474] {scheduler_job.py:629} INFO - Processing file /home/airflow/.local/lib/python3.6/site-packages/airflow/example_dags/example_external_task_marker_dag.py for tasks to queue
[2021-03-30 00:00:11,476] {logging_mixin.py:104} INFO - [2021-03-30 00:00:11,476] {dagbag.py:448} INFO - Filling up the DagBag from /home/airflow/.local/lib/python3.6/site-packages/airflow/example_dags/example_external_task_marker_dag.py
[2021-03-30 00:00:11,498] {scheduler_job.py:639} INFO - DAG(s) dict_keys(['example_external_task_marker_parent', 'example_external_task_marker_child']) retrieved from /home/airflow/.local/lib/python3.6/site-packages/airflow/example_dags/example_external_task_marker_dag.py
[2021-03-30 00:00:11,548] {logging_mixin.py:104} INFO - [2021-03-30 00:00:11,547] {dag.py:1818} INFO - Sync 2 DAGs
[2021-03-30 00:00:11,574] {logging_mixin.py:104} INFO - [2021-03-30 00:00:11,574] {dag.py:2273} INFO - Setting next_dagrun for example_external_task_marker_child to None
[2021-03-30 00:00:11,576] {logging_mixin.py:104} INFO - [2021-03-30 00:00:11,576] {dag.py:2273} INFO - Setting next_dagrun for example_external_task_marker_parent to None
[2021-03-30 00:00:11,596] {scheduler_job.py:190} INFO - Processing /home/airflow/.local/lib/python3.6/site-packages/airflow/example_dags/example_external_task_marker_dag.py took 0.132 seconds
[2021-03-30 00:00:41,689] {scheduler_job.py:182} INFO - Started process (PID=3256) to work on /home/airflow/.local/lib/python3.6/site-packages/airflow/example_dags/example_external_task_marker_dag.py
[2021-03-30 00:00:41,691] {scheduler_job.py:629} INFO - Processing file /home/airflow/.local/lib/python3.6/site-packages/airflow/example_dags/example_external_task_marker_dag.py for tasks to queue
[2021-03-30 00:00:41,692] {logging_mixin.py:104} INFO - [2021-03-30 00:00:41,692] {dagbag.py:448} INFO - Filling up the DagBag from /home/airflow/.local/lib/python3.6/site-packages/airflow/example_dags/example_external_task_marker_dag.py
[2021-03-30 00:00:41,714] {scheduler_job.py:639} INFO - DAG(s) dict_keys(['example_external_task_marker_parent', 'example_external_task_marker_child']) retrieved from /home/airflow/.local/lib/python3.6/site-packages/airflow/example_dags/example_external_task_marker_dag.py
[2021-03-30 00:00:41,751] {logging_mixin.py:104} INFO - [2021-03-30 00:00:41,751] {dag.py:1818} INFO - Sync 2 DAGs
[2021-03-30 00:00:41,780] {logging_mixin.py:104} INFO - [2021-03-30 00:00:41,780] {dag.py:2273} INFO - Setting next_dagrun for example_external_task_marker_child to None
[2021-03-30 00:00:41,782] {logging_mixin.py:104} INFO - [2021-03-30 00:00:41,782] {dag.py:2273} INFO - Setting next_dagrun for example_external_task_marker_parent to None
[2021-03-30 00:00:41,801] {scheduler_job.py:190} INFO - Processing /home/airflow/.local/lib/python3.6/site-packages/airflow/example_dags/example_external_task_marker_dag.py took 0.117 seconds
[2021-03-30 00:01:12,443] {scheduler_job.py:182} INFO - Started process (PID=3282) to work on /home/airflow/.local/lib/python3.6/site-packages/airflow/example_dags/example_external_task_marker_dag.py
[2021-03-30 00:01:12,445] {scheduler_job.py:629} INFO - Processing file /home/airflow/.local/lib/python3.6/site-packages/airflow/example_dags/example_external_task_marker_dag.py for tasks to queue
[2021-03-30 00:01:12,446] {logging_mixin.py:104} INFO - [2021-03-30 00:01:12,446] {dagbag.py:448} INFO - Filling up the DagBag from /home/airflow/.local/lib/python3.6/site-packages/airflow/example_dags/example_external_task_marker_dag.py
[2021-03-30 00:01:12,462] {scheduler_job.py:639} INFO - DAG(s) dict_keys(['example_external_task_marker_parent', 'example_external_task_marker_child']) retrieved from /home/airflow/.local/lib/python3.6/site-packages/airflow/example_dags/example_external_task_marker_dag.py
[2021-03-30 00:01:12,494] {logging_mixin.py:104} INFO - [2021-03-30 00:01:12,494] {dag.py:1818} INFO - Sync 2 DAGs
[2021-03-30 00:01:12,517] {logging_mixin.py:104} INFO - [2021-03-30 00:01:12,517] {dag.py:2273} INFO - Setting next_dagrun for example_external_task_marker_child to None
[2021-03-30 00:01:12,519] {logging_mixin.py:104} INFO - [2021-03-30 00:01:12,519] {dag.py:2273} INFO - Setting next_dagrun for example_external_task_marker_parent to None
[2021-03-30 00:01:12,541] {scheduler_job.py:190} INFO - Processing /home/airflow/.local/lib/python3.6/site-packages/airflow/example_dags/example_external_task_marker_dag.py took 0.101 seconds
[2021-03-30 00:01:43,323] {scheduler_job.py:182} INFO - Started process (PID=3308) to work on /home/airflow/.local/lib/python3.6/site-packages/airflow/example_dags/example_external_task_marker_dag.py
[2021-03-30 00:01:43,325] {scheduler_job.py:629} INFO - Processing file /home/airflow/.local/lib/python3.6/site-packages/airflow/example_dags/example_external_task_marker_dag.py for tasks to queue
[2021-03-30 00:01:43,327] {logging_mixin.py:104} INFO - [2021-03-30 00:01:43,327] {dagbag.py:448} INFO - Filling up the DagBag from /home/airflow/.local/lib/python3.6/site-packages/airflow/example_dags/example_external_task_marker_dag.py
[2021-03-30 00:01:43,353] {scheduler_job.py:639} INFO - DAG(s) dict_keys(['example_external_task_marker_parent', 'example_external_task_marker_child']) retrieved from /home/airflow/.local/lib/python3.6/site-packages/airflow/example_dags/example_external_task_marker_dag.py
[2021-03-30 00:01:43,397] {logging_mixin.py:104} INFO - [2021-03-30 00:01:43,396] {dag.py:1818} INFO - Sync 2 DAGs
[2021-03-30 00:01:43,426] {logging_mixin.py:104} INFO - [2021-03-30 00:01:43,426] {dag.py:2273} INFO - Setting next_dagrun for example_external_task_marker_child to None
[2021-03-30 00:01:43,428] {logging_mixin.py:104} INFO - [2021-03-30 00:01:43,428] {dag.py:2273} INFO - Setting next_dagrun for example_external_task_marker_parent to None
[2021-03-30 00:01:43,447] {scheduler_job.py:190} INFO - Processing /home/airflow/.local/lib/python3.6/site-packages/airflow/example_dags/example_external_task_marker_dag.py took 0.131 seconds
[2021-03-30 00:02:13,793] {scheduler_job.py:182} INFO - Started process (PID=3334) to work on /home/airflow/.local/lib/python3.6/site-packages/airflow/example_dags/example_external_task_marker_dag.py
[2021-03-30 00:02:13,795] {scheduler_job.py:629} INFO - Processing file /home/airflow/.local/lib/python3.6/site-packages/airflow/example_dags/example_external_task_marker_dag.py for tasks to queue
[2021-03-30 00:02:13,796] {logging_mixin.py:104} INFO - [2021-03-30 00:02:13,796] {dagbag.py:448} INFO - Filling up the DagBag from /home/airflow/.local/lib/python3.6/site-packages/airflow/example_dags/example_external_task_marker_dag.py
[2021-03-30 00:02:13,809] {scheduler_job.py:639} INFO - DAG(s) dict_keys(['example_external_task_marker_parent', 'example_external_task_marker_child']) retrieved from /home/airflow/.local/lib/python3.6/site-packages/airflow/example_dags/example_external_task_marker_dag.py
[2021-03-30 00:02:13,839] {logging_mixin.py:104} INFO - [2021-03-30 00:02:13,839] {dag.py:1818} INFO - Sync 2 DAGs
[2021-03-30 00:02:13,860] {logging_mixin.py:104} INFO - [2021-03-30 00:02:13,860] {dag.py:2273} INFO - Setting next_dagrun for example_external_task_marker_child to None
[2021-03-30 00:02:13,863] {logging_mixin.py:104} INFO - [2021-03-30 00:02:13,862] {dag.py:2273} INFO - Setting next_dagrun for example_external_task_marker_parent to None
[2021-03-30 00:02:13,883] {scheduler_job.py:190} INFO - Processing /home/airflow/.local/lib/python3.6/site-packages/airflow/example_dags/example_external_task_marker_dag.py took 0.092 seconds
[2021-03-30 00:02:44,766] {scheduler_job.py:182} INFO - Started process (PID=3360) to work on /home/airflow/.local/lib/python3.6/site-packages/airflow/example_dags/example_external_task_marker_dag.py
[2021-03-30 00:02:44,777] {scheduler_job.py:629} INFO - Processing file /home/airflow/.local/lib/python3.6/site-packages/airflow/example_dags/example_external_task_marker_dag.py for tasks to queue
[2021-03-30 00:02:44,782] {logging_mixin.py:104} INFO - [2021-03-30 00:02:44,781] {dagbag.py:448} INFO - Filling up the DagBag from /home/airflow/.local/lib/python3.6/site-packages/airflow/example_dags/example_external_task_marker_dag.py
[2021-03-30 00:02:44,803] {scheduler_job.py:639} INFO - DAG(s) dict_keys(['example_external_task_marker_parent', 'example_external_task_marker_child']) retrieved from /home/airflow/.local/lib/python3.6/site-packages/airflow/example_dags/example_external_task_marker_dag.py
[2021-03-30 00:02:44,859] {logging_mixin.py:104} INFO - [2021-03-30 00:02:44,859] {dag.py:1818} INFO - Sync 2 DAGs
[2021-03-30 00:02:44,887] {logging_mixin.py:104} INFO - [2021-03-30 00:02:44,886] {dag.py:2273} INFO - Setting next_dagrun for example_external_task_marker_child to None
[2021-03-30 00:02:44,889] {logging_mixin.py:104} INFO - [2021-03-30 00:02:44,889] {dag.py:2273} INFO - Setting next_dagrun for example_external_task_marker_parent to None
[2021-03-30 00:02:44,908] {scheduler_job.py:190} INFO - Processing /home/airflow/.local/lib/python3.6/site-packages/airflow/example_dags/example_external_task_marker_dag.py took 0.147 seconds
[2021-03-30 00:03:15,390] {scheduler_job.py:182} INFO - Started process (PID=3386) to work on /home/airflow/.local/lib/python3.6/site-packages/airflow/example_dags/example_external_task_marker_dag.py
[2021-03-30 00:03:15,399] {scheduler_job.py:629} INFO - Processing file /home/airflow/.local/lib/python3.6/site-packages/airflow/example_dags/example_external_task_marker_dag.py for tasks to queue
[2021-03-30 00:03:15,402] {logging_mixin.py:104} INFO - [2021-03-30 00:03:15,401] {dagbag.py:448} INFO - Filling up the DagBag from /home/airflow/.local/lib/python3.6/site-packages/airflow/example_dags/example_external_task_marker_dag.py
[2021-03-30 00:03:15,414] {scheduler_job.py:639} INFO - DAG(s) dict_keys(['example_external_task_marker_parent', 'example_external_task_marker_child']) retrieved from /home/airflow/.local/lib/python3.6/site-packages/airflow/example_dags/example_external_task_marker_dag.py
[2021-03-30 00:03:15,439] {logging_mixin.py:104} INFO - [2021-03-30 00:03:15,439] {dag.py:1818} INFO - Sync 2 DAGs
[2021-03-30 00:03:15,455] {logging_mixin.py:104} INFO - [2021-03-30 00:03:15,455] {dag.py:2273} INFO - Setting next_dagrun for example_external_task_marker_child to None
[2021-03-30 00:03:15,456] {logging_mixin.py:104} INFO - [2021-03-30 00:03:15,456] {dag.py:2273} INFO - Setting next_dagrun for example_external_task_marker_parent to None
[2021-03-30 00:03:15,466] {scheduler_job.py:190} INFO - Processing /home/airflow/.local/lib/python3.6/site-packages/airflow/example_dags/example_external_task_marker_dag.py took 0.079 seconds
[2021-03-30 00:03:45,518] {scheduler_job.py:182} INFO - Started process (PID=3412) to work on /home/airflow/.local/lib/python3.6/site-packages/airflow/example_dags/example_external_task_marker_dag.py
[2021-03-30 00:03:45,520] {scheduler_job.py:629} INFO - Processing file /home/airflow/.local/lib/python3.6/site-packages/airflow/example_dags/example_external_task_marker_dag.py for tasks to queue
[2021-03-30 00:03:45,521] {logging_mixin.py:104} INFO - [2021-03-30 00:03:45,521] {dagbag.py:448} INFO - Filling up the DagBag from /home/airflow/.local/lib/python3.6/site-packages/airflow/example_dags/example_external_task_marker_dag.py
[2021-03-30 00:03:45,533] {scheduler_job.py:639} INFO - DAG(s) dict_keys(['example_external_task_marker_parent', 'example_external_task_marker_child']) retrieved from /home/airflow/.local/lib/python3.6/site-packages/airflow/example_dags/example_external_task_marker_dag.py
[2021-03-30 00:03:45,556] {logging_mixin.py:104} INFO - [2021-03-30 00:03:45,556] {dag.py:1818} INFO - Sync 2 DAGs
[2021-03-30 00:03:45,571] {logging_mixin.py:104} INFO - [2021-03-30 00:03:45,571] {dag.py:2273} INFO - Setting next_dagrun for example_external_task_marker_child to None
[2021-03-30 00:03:45,572] {logging_mixin.py:104} INFO - [2021-03-30 00:03:45,572] {dag.py:2273} INFO - Setting next_dagrun for example_external_task_marker_parent to None
[2021-03-30 00:03:45,583] {scheduler_job.py:190} INFO - Processing /home/airflow/.local/lib/python3.6/site-packages/airflow/example_dags/example_external_task_marker_dag.py took 0.067 seconds
[2021-03-30 00:04:15,870] {scheduler_job.py:182} INFO - Started process (PID=3438) to work on /home/airflow/.local/lib/python3.6/site-packages/airflow/example_dags/example_external_task_marker_dag.py
[2021-03-30 00:04:15,872] {scheduler_job.py:629} INFO - Processing file /home/airflow/.local/lib/python3.6/site-packages/airflow/example_dags/example_external_task_marker_dag.py for tasks to queue
[2021-03-30 00:04:15,873] {logging_mixin.py:104} INFO - [2021-03-30 00:04:15,873] {dagbag.py:448} INFO - Filling up the DagBag from /home/airflow/.local/lib/python3.6/site-packages/airflow/example_dags/example_external_task_marker_dag.py
[2021-03-30 00:04:15,887] {scheduler_job.py:639} INFO - DAG(s) dict_keys(['example_external_task_marker_parent', 'example_external_task_marker_child']) retrieved from /home/airflow/.local/lib/python3.6/site-packages/airflow/example_dags/example_external_task_marker_dag.py
[2021-03-30 00:04:15,913] {logging_mixin.py:104} INFO - [2021-03-30 00:04:15,912] {dag.py:1818} INFO - Sync 2 DAGs
[2021-03-30 00:04:15,929] {logging_mixin.py:104} INFO - [2021-03-30 00:04:15,929] {dag.py:2273} INFO - Setting next_dagrun for example_external_task_marker_child to None
[2021-03-30 00:04:15,930] {logging_mixin.py:104} INFO - [2021-03-30 00:04:15,930] {dag.py:2273} INFO - Setting next_dagrun for example_external_task_marker_parent to None
[2021-03-30 00:04:15,943] {scheduler_job.py:190} INFO - Processing /home/airflow/.local/lib/python3.6/site-packages/airflow/example_dags/example_external_task_marker_dag.py took 0.077 seconds
[2021-03-30 00:04:46,023] {scheduler_job.py:182} INFO - Started process (PID=3464) to work on /home/airflow/.local/lib/python3.6/site-packages/airflow/example_dags/example_external_task_marker_dag.py
[2021-03-30 00:04:46,025] {scheduler_job.py:629} INFO - Processing file /home/airflow/.local/lib/python3.6/site-packages/airflow/example_dags/example_external_task_marker_dag.py for tasks to queue
[2021-03-30 00:04:46,026] {logging_mixin.py:104} INFO - [2021-03-30 00:04:46,025] {dagbag.py:448} INFO - Filling up the DagBag from /home/airflow/.local/lib/python3.6/site-packages/airflow/example_dags/example_external_task_marker_dag.py
[2021-03-30 00:04:46,037] {scheduler_job.py:639} INFO - DAG(s) dict_keys(['example_external_task_marker_parent', 'example_external_task_marker_child']) retrieved from /home/airflow/.local/lib/python3.6/site-packages/airflow/example_dags/example_external_task_marker_dag.py
[2021-03-30 00:04:46,064] {logging_mixin.py:104} INFO - [2021-03-30 00:04:46,064] {dag.py:1818} INFO - Sync 2 DAGs
[2021-03-30 00:04:46,079] {logging_mixin.py:104} INFO - [2021-03-30 00:04:46,079] {dag.py:2273} INFO - Setting next_dagrun for example_external_task_marker_child to None
[2021-03-30 00:04:46,080] {logging_mixin.py:104} INFO - [2021-03-30 00:04:46,080] {dag.py:2273} INFO - Setting next_dagrun for example_external_task_marker_parent to None
[2021-03-30 00:04:46,092] {scheduler_job.py:190} INFO - Processing /home/airflow/.local/lib/python3.6/site-packages/airflow/example_dags/example_external_task_marker_dag.py took 0.072 seconds
[2021-03-30 00:05:16,181] {scheduler_job.py:182} INFO - Started process (PID=3490) to work on /home/airflow/.local/lib/python3.6/site-packages/airflow/example_dags/example_external_task_marker_dag.py
[2021-03-30 00:05:16,183] {scheduler_job.py:629} INFO - Processing file /home/airflow/.local/lib/python3.6/site-packages/airflow/example_dags/example_external_task_marker_dag.py for tasks to queue
[2021-03-30 00:05:16,184] {logging_mixin.py:104} INFO - [2021-03-30 00:05:16,184] {dagbag.py:448} INFO - Filling up the DagBag from /home/airflow/.local/lib/python3.6/site-packages/airflow/example_dags/example_external_task_marker_dag.py
[2021-03-30 00:05:16,194] {scheduler_job.py:639} INFO - DAG(s) dict_keys(['example_external_task_marker_parent', 'example_external_task_marker_child']) retrieved from /home/airflow/.local/lib/python3.6/site-packages/airflow/example_dags/example_external_task_marker_dag.py
[2021-03-30 00:05:16,220] {logging_mixin.py:104} INFO - [2021-03-30 00:05:16,220] {dag.py:1818} INFO - Sync 2 DAGs
[2021-03-30 00:05:16,236] {logging_mixin.py:104} INFO - [2021-03-30 00:05:16,236] {dag.py:2273} INFO - Setting next_dagrun for example_external_task_marker_child to None
[2021-03-30 00:05:16,238] {logging_mixin.py:104} INFO - [2021-03-30 00:05:16,238] {dag.py:2273} INFO - Setting next_dagrun for example_external_task_marker_parent to None
[2021-03-30 00:05:16,250] {scheduler_job.py:190} INFO - Processing /home/airflow/.local/lib/python3.6/site-packages/airflow/example_dags/example_external_task_marker_dag.py took 0.072 seconds
[2021-03-30 00:05:46,870] {scheduler_job.py:182} INFO - Started process (PID=3516) to work on /home/airflow/.local/lib/python3.6/site-packages/airflow/example_dags/example_external_task_marker_dag.py
[2021-03-30 00:05:46,871] {scheduler_job.py:629} INFO - Processing file /home/airflow/.local/lib/python3.6/site-packages/airflow/example_dags/example_external_task_marker_dag.py for tasks to queue
[2021-03-30 00:05:46,873] {logging_mixin.py:104} INFO - [2021-03-30 00:05:46,873] {dagbag.py:448} INFO - Filling up the DagBag from /home/airflow/.local/lib/python3.6/site-packages/airflow/example_dags/example_external_task_marker_dag.py
[2021-03-30 00:05:46,890] {scheduler_job.py:639} INFO - DAG(s) dict_keys(['example_external_task_marker_parent', 'example_external_task_marker_child']) retrieved from /home/airflow/.local/lib/python3.6/site-packages/airflow/example_dags/example_external_task_marker_dag.py
[2021-03-30 00:05:46,924] {logging_mixin.py:104} INFO - [2021-03-30 00:05:46,923] {dag.py:1818} INFO - Sync 2 DAGs
[2021-03-30 00:05:46,941] {logging_mixin.py:104} INFO - [2021-03-30 00:05:46,941] {dag.py:2273} INFO - Setting next_dagrun for example_external_task_marker_child to None
[2021-03-30 00:05:46,943] {logging_mixin.py:104} INFO - [2021-03-30 00:05:46,943] {dag.py:2273} INFO - Setting next_dagrun for example_external_task_marker_parent to None
[2021-03-30 00:05:46,954] {scheduler_job.py:190} INFO - Processing /home/airflow/.local/lib/python3.6/site-packages/airflow/example_dags/example_external_task_marker_dag.py took 0.087 seconds
[2021-03-30 00:06:17,107] {scheduler_job.py:182} INFO - Started process (PID=3542) to work on /home/airflow/.local/lib/python3.6/site-packages/airflow/example_dags/example_external_task_marker_dag.py
[2021-03-30 00:06:17,109] {scheduler_job.py:629} INFO - Processing file /home/airflow/.local/lib/python3.6/site-packages/airflow/example_dags/example_external_task_marker_dag.py for tasks to queue
[2021-03-30 00:06:17,110] {logging_mixin.py:104} INFO - [2021-03-30 00:06:17,110] {dagbag.py:448} INFO - Filling up the DagBag from /home/airflow/.local/lib/python3.6/site-packages/airflow/example_dags/example_external_task_marker_dag.py
[2021-03-30 00:06:17,123] {scheduler_job.py:639} INFO - DAG(s) dict_keys(['example_external_task_marker_parent', 'example_external_task_marker_child']) retrieved from /home/airflow/.local/lib/python3.6/site-packages/airflow/example_dags/example_external_task_marker_dag.py
[2021-03-30 00:06:17,149] {logging_mixin.py:104} INFO - [2021-03-30 00:06:17,149] {dag.py:1818} INFO - Sync 2 DAGs
[2021-03-30 00:06:17,165] {logging_mixin.py:104} INFO - [2021-03-30 00:06:17,165] {dag.py:2273} INFO - Setting next_dagrun for example_external_task_marker_child to None
[2021-03-30 00:06:17,166] {logging_mixin.py:104} INFO - [2021-03-30 00:06:17,166] {dag.py:2273} INFO - Setting next_dagrun for example_external_task_marker_parent to None
[2021-03-30 00:06:17,180] {scheduler_job.py:190} INFO - Processing /home/airflow/.local/lib/python3.6/site-packages/airflow/example_dags/example_external_task_marker_dag.py took 0.075 seconds
[2021-03-30 00:06:47,323] {scheduler_job.py:182} INFO - Started process (PID=3568) to work on /home/airflow/.local/lib/python3.6/site-packages/airflow/example_dags/example_external_task_marker_dag.py
[2021-03-30 00:06:47,325] {scheduler_job.py:629} INFO - Processing file /home/airflow/.local/lib/python3.6/site-packages/airflow/example_dags/example_external_task_marker_dag.py for tasks to queue
[2021-03-30 00:06:47,326] {logging_mixin.py:104} INFO - [2021-03-30 00:06:47,326] {dagbag.py:448} INFO - Filling up the DagBag from /home/airflow/.local/lib/python3.6/site-packages/airflow/example_dags/example_external_task_marker_dag.py
[2021-03-30 00:06:47,337] {scheduler_job.py:639} INFO - DAG(s) dict_keys(['example_external_task_marker_parent', 'example_external_task_marker_child']) retrieved from /home/airflow/.local/lib/python3.6/site-packages/airflow/example_dags/example_external_task_marker_dag.py
[2021-03-30 00:06:47,364] {logging_mixin.py:104} INFO - [2021-03-30 00:06:47,364] {dag.py:1818} INFO - Sync 2 DAGs
[2021-03-30 00:06:47,380] {logging_mixin.py:104} INFO - [2021-03-30 00:06:47,380] {dag.py:2273} INFO - Setting next_dagrun for example_external_task_marker_child to None
[2021-03-30 00:06:47,381] {logging_mixin.py:104} INFO - [2021-03-30 00:06:47,381] {dag.py:2273} INFO - Setting next_dagrun for example_external_task_marker_parent to None
[2021-03-30 00:06:47,394] {scheduler_job.py:190} INFO - Processing /home/airflow/.local/lib/python3.6/site-packages/airflow/example_dags/example_external_task_marker_dag.py took 0.073 seconds
[2021-03-30 00:07:17,779] {scheduler_job.py:182} INFO - Started process (PID=3594) to work on /home/airflow/.local/lib/python3.6/site-packages/airflow/example_dags/example_external_task_marker_dag.py
[2021-03-30 00:07:17,780] {scheduler_job.py:629} INFO - Processing file /home/airflow/.local/lib/python3.6/site-packages/airflow/example_dags/example_external_task_marker_dag.py for tasks to queue
[2021-03-30 00:07:17,781] {logging_mixin.py:104} INFO - [2021-03-30 00:07:17,781] {dagbag.py:448} INFO - Filling up the DagBag from /home/airflow/.local/lib/python3.6/site-packages/airflow/example_dags/example_external_task_marker_dag.py
[2021-03-30 00:07:17,792] {scheduler_job.py:639} INFO - DAG(s) dict_keys(['example_external_task_marker_parent', 'example_external_task_marker_child']) retrieved from /home/airflow/.local/lib/python3.6/site-packages/airflow/example_dags/example_external_task_marker_dag.py
[2021-03-30 00:07:17,815] {logging_mixin.py:104} INFO - [2021-03-30 00:07:17,815] {dag.py:1818} INFO - Sync 2 DAGs
[2021-03-30 00:07:17,829] {logging_mixin.py:104} INFO - [2021-03-30 00:07:17,829] {dag.py:2273} INFO - Setting next_dagrun for example_external_task_marker_child to None
[2021-03-30 00:07:17,830] {logging_mixin.py:104} INFO - [2021-03-30 00:07:17,830] {dag.py:2273} INFO - Setting next_dagrun for example_external_task_marker_parent to None
[2021-03-30 00:07:17,878] {scheduler_job.py:190} INFO - Processing /home/airflow/.local/lib/python3.6/site-packages/airflow/example_dags/example_external_task_marker_dag.py took 0.102 seconds
[2021-03-30 00:07:48,301] {scheduler_job.py:182} INFO - Started process (PID=3620) to work on /home/airflow/.local/lib/python3.6/site-packages/airflow/example_dags/example_external_task_marker_dag.py
[2021-03-30 00:07:48,302] {scheduler_job.py:629} INFO - Processing file /home/airflow/.local/lib/python3.6/site-packages/airflow/example_dags/example_external_task_marker_dag.py for tasks to queue
[2021-03-30 00:07:48,303] {logging_mixin.py:104} INFO - [2021-03-30 00:07:48,303] {dagbag.py:448} INFO - Filling up the DagBag from /home/airflow/.local/lib/python3.6/site-packages/airflow/example_dags/example_external_task_marker_dag.py
[2021-03-30 00:07:48,314] {scheduler_job.py:639} INFO - DAG(s) dict_keys(['example_external_task_marker_parent', 'example_external_task_marker_child']) retrieved from /home/airflow/.local/lib/python3.6/site-packages/airflow/example_dags/example_external_task_marker_dag.py
[2021-03-30 00:07:48,341] {logging_mixin.py:104} INFO - [2021-03-30 00:07:48,340] {dag.py:1818} INFO - Sync 2 DAGs
[2021-03-30 00:07:48,355] {logging_mixin.py:104} INFO - [2021-03-30 00:07:48,355] {dag.py:2273} INFO - Setting next_dagrun for example_external_task_marker_child to None
[2021-03-30 00:07:48,357] {logging_mixin.py:104} INFO - [2021-03-30 00:07:48,357] {dag.py:2273} INFO - Setting next_dagrun for example_external_task_marker_parent to None
[2021-03-30 00:07:48,368] {scheduler_job.py:190} INFO - Processing /home/airflow/.local/lib/python3.6/site-packages/airflow/example_dags/example_external_task_marker_dag.py took 0.071 seconds
[2021-03-30 00:08:18,501] {scheduler_job.py:182} INFO - Started process (PID=3646) to work on /home/airflow/.local/lib/python3.6/site-packages/airflow/example_dags/example_external_task_marker_dag.py
[2021-03-30 00:08:18,502] {scheduler_job.py:629} INFO - Processing file /home/airflow/.local/lib/python3.6/site-packages/airflow/example_dags/example_external_task_marker_dag.py for tasks to queue
[2021-03-30 00:08:18,503] {logging_mixin.py:104} INFO - [2021-03-30 00:08:18,503] {dagbag.py:448} INFO - Filling up the DagBag from /home/airflow/.local/lib/python3.6/site-packages/airflow/example_dags/example_external_task_marker_dag.py
[2021-03-30 00:08:18,514] {scheduler_job.py:639} INFO - DAG(s) dict_keys(['example_external_task_marker_parent', 'example_external_task_marker_child']) retrieved from /home/airflow/.local/lib/python3.6/site-packages/airflow/example_dags/example_external_task_marker_dag.py
[2021-03-30 00:08:18,540] {logging_mixin.py:104} INFO - [2021-03-30 00:08:18,540] {dag.py:1818} INFO - Sync 2 DAGs
[2021-03-30 00:08:18,556] {logging_mixin.py:104} INFO - [2021-03-30 00:08:18,556] {dag.py:2273} INFO - Setting next_dagrun for example_external_task_marker_child to None
[2021-03-30 00:08:18,557] {logging_mixin.py:104} INFO - [2021-03-30 00:08:18,557] {dag.py:2273} INFO - Setting next_dagrun for example_external_task_marker_parent to None
[2021-03-30 00:08:18,571] {scheduler_job.py:190} INFO - Processing /home/airflow/.local/lib/python3.6/site-packages/airflow/example_dags/example_external_task_marker_dag.py took 0.073 seconds
[2021-03-30 00:08:48,671] {scheduler_job.py:182} INFO - Started process (PID=3672) to work on /home/airflow/.local/lib/python3.6/site-packages/airflow/example_dags/example_external_task_marker_dag.py
[2021-03-30 00:08:48,672] {scheduler_job.py:629} INFO - Processing file /home/airflow/.local/lib/python3.6/site-packages/airflow/example_dags/example_external_task_marker_dag.py for tasks to queue
[2021-03-30 00:08:48,674] {logging_mixin.py:104} INFO - [2021-03-30 00:08:48,673] {dagbag.py:448} INFO - Filling up the DagBag from /home/airflow/.local/lib/python3.6/site-packages/airflow/example_dags/example_external_task_marker_dag.py
[2021-03-30 00:08:48,686] {scheduler_job.py:639} INFO - DAG(s) dict_keys(['example_external_task_marker_parent', 'example_external_task_marker_child']) retrieved from /home/airflow/.local/lib/python3.6/site-packages/airflow/example_dags/example_external_task_marker_dag.py
[2021-03-30 00:08:48,719] {logging_mixin.py:104} INFO - [2021-03-30 00:08:48,718] {dag.py:1818} INFO - Sync 2 DAGs
[2021-03-30 00:08:48,739] {logging_mixin.py:104} INFO - [2021-03-30 00:08:48,739] {dag.py:2273} INFO - Setting next_dagrun for example_external_task_marker_child to None
[2021-03-30 00:08:48,741] {logging_mixin.py:104} INFO - [2021-03-30 00:08:48,741] {dag.py:2273} INFO - Setting next_dagrun for example_external_task_marker_parent to None
[2021-03-30 00:08:48,754] {scheduler_job.py:190} INFO - Processing /home/airflow/.local/lib/python3.6/site-packages/airflow/example_dags/example_external_task_marker_dag.py took 0.087 seconds
[2021-03-30 00:09:18,991] {scheduler_job.py:182} INFO - Started process (PID=3698) to work on /home/airflow/.local/lib/python3.6/site-packages/airflow/example_dags/example_external_task_marker_dag.py
[2021-03-30 00:09:18,993] {scheduler_job.py:629} INFO - Processing file /home/airflow/.local/lib/python3.6/site-packages/airflow/example_dags/example_external_task_marker_dag.py for tasks to queue
[2021-03-30 00:09:18,994] {logging_mixin.py:104} INFO - [2021-03-30 00:09:18,994] {dagbag.py:448} INFO - Filling up the DagBag from /home/airflow/.local/lib/python3.6/site-packages/airflow/example_dags/example_external_task_marker_dag.py
[2021-03-30 00:09:19,005] {scheduler_job.py:639} INFO - DAG(s) dict_keys(['example_external_task_marker_parent', 'example_external_task_marker_child']) retrieved from /home/airflow/.local/lib/python3.6/site-packages/airflow/example_dags/example_external_task_marker_dag.py
[2021-03-30 00:09:19,033] {logging_mixin.py:104} INFO - [2021-03-30 00:09:19,033] {dag.py:1818} INFO - Sync 2 DAGs
[2021-03-30 00:09:19,050] {logging_mixin.py:104} INFO - [2021-03-30 00:09:19,050] {dag.py:2273} INFO - Setting next_dagrun for example_external_task_marker_child to None
[2021-03-30 00:09:19,051] {logging_mixin.py:104} INFO - [2021-03-30 00:09:19,051] {dag.py:2273} INFO - Setting next_dagrun for example_external_task_marker_parent to None
[2021-03-30 00:09:19,065] {scheduler_job.py:190} INFO - Processing /home/airflow/.local/lib/python3.6/site-packages/airflow/example_dags/example_external_task_marker_dag.py took 0.076 seconds
[2021-03-30 00:09:49,173] {scheduler_job.py:182} INFO - Started process (PID=3724) to work on /home/airflow/.local/lib/python3.6/site-packages/airflow/example_dags/example_external_task_marker_dag.py
[2021-03-30 00:09:49,174] {scheduler_job.py:629} INFO - Processing file /home/airflow/.local/lib/python3.6/site-packages/airflow/example_dags/example_external_task_marker_dag.py for tasks to queue
[2021-03-30 00:09:49,175] {logging_mixin.py:104} INFO - [2021-03-30 00:09:49,175] {dagbag.py:448} INFO - Filling up the DagBag from /home/airflow/.local/lib/python3.6/site-packages/airflow/example_dags/example_external_task_marker_dag.py
[2021-03-30 00:09:49,186] {scheduler_job.py:639} INFO - DAG(s) dict_keys(['example_external_task_marker_parent', 'example_external_task_marker_child']) retrieved from /home/airflow/.local/lib/python3.6/site-packages/airflow/example_dags/example_external_task_marker_dag.py
[2021-03-30 00:09:49,210] {logging_mixin.py:104} INFO - [2021-03-30 00:09:49,210] {dag.py:1818} INFO - Sync 2 DAGs
[2021-03-30 00:09:49,228] {logging_mixin.py:104} INFO - [2021-03-30 00:09:49,228] {dag.py:2273} INFO - Setting next_dagrun for example_external_task_marker_child to None
[2021-03-30 00:09:49,229] {logging_mixin.py:104} INFO - [2021-03-30 00:09:49,229] {dag.py:2273} INFO - Setting next_dagrun for example_external_task_marker_parent to None
[2021-03-30 00:09:49,241] {scheduler_job.py:190} INFO - Processing /home/airflow/.local/lib/python3.6/site-packages/airflow/example_dags/example_external_task_marker_dag.py took 0.071 seconds
[2021-03-30 00:10:19,354] {scheduler_job.py:182} INFO - Started process (PID=3750) to work on /home/airflow/.local/lib/python3.6/site-packages/airflow/example_dags/example_external_task_marker_dag.py
[2021-03-30 00:10:19,356] {scheduler_job.py:629} INFO - Processing file /home/airflow/.local/lib/python3.6/site-packages/airflow/example_dags/example_external_task_marker_dag.py for tasks to queue
[2021-03-30 00:10:19,357] {logging_mixin.py:104} INFO - [2021-03-30 00:10:19,357] {dagbag.py:448} INFO - Filling up the DagBag from /home/airflow/.local/lib/python3.6/site-packages/airflow/example_dags/example_external_task_marker_dag.py
[2021-03-30 00:10:19,369] {scheduler_job.py:639} INFO - DAG(s) dict_keys(['example_external_task_marker_parent', 'example_external_task_marker_child']) retrieved from /home/airflow/.local/lib/python3.6/site-packages/airflow/example_dags/example_external_task_marker_dag.py
[2021-03-30 00:10:19,397] {logging_mixin.py:104} INFO - [2021-03-30 00:10:19,397] {dag.py:1818} INFO - Sync 2 DAGs
[2021-03-30 00:10:19,412] {logging_mixin.py:104} INFO - [2021-03-30 00:10:19,412] {dag.py:2273} INFO - Setting next_dagrun for example_external_task_marker_child to None
[2021-03-30 00:10:19,413] {logging_mixin.py:104} INFO - [2021-03-30 00:10:19,413] {dag.py:2273} INFO - Setting next_dagrun for example_external_task_marker_parent to None
[2021-03-30 00:10:19,426] {scheduler_job.py:190} INFO - Processing /home/airflow/.local/lib/python3.6/site-packages/airflow/example_dags/example_external_task_marker_dag.py took 0.074 seconds
[2021-03-30 00:10:49,526] {scheduler_job.py:182} INFO - Started process (PID=3776) to work on /home/airflow/.local/lib/python3.6/site-packages/airflow/example_dags/example_external_task_marker_dag.py
[2021-03-30 00:10:49,527] {scheduler_job.py:629} INFO - Processing file /home/airflow/.local/lib/python3.6/site-packages/airflow/example_dags/example_external_task_marker_dag.py for tasks to queue
[2021-03-30 00:10:49,528] {logging_mixin.py:104} INFO - [2021-03-30 00:10:49,528] {dagbag.py:448} INFO - Filling up the DagBag from /home/airflow/.local/lib/python3.6/site-packages/airflow/example_dags/example_external_task_marker_dag.py
[2021-03-30 00:10:49,541] {scheduler_job.py:639} INFO - DAG(s) dict_keys(['example_external_task_marker_parent', 'example_external_task_marker_child']) retrieved from /home/airflow/.local/lib/python3.6/site-packages/airflow/example_dags/example_external_task_marker_dag.py
[2021-03-30 00:10:49,570] {logging_mixin.py:104} INFO - [2021-03-30 00:10:49,569] {dag.py:1818} INFO - Sync 2 DAGs
[2021-03-30 00:10:49,587] {logging_mixin.py:104} INFO - [2021-03-30 00:10:49,586] {dag.py:2273} INFO - Setting next_dagrun for example_external_task_marker_child to None
[2021-03-30 00:10:49,588] {logging_mixin.py:104} INFO - [2021-03-30 00:10:49,588] {dag.py:2273} INFO - Setting next_dagrun for example_external_task_marker_parent to None
[2021-03-30 00:10:49,601] {scheduler_job.py:190} INFO - Processing /home/airflow/.local/lib/python3.6/site-packages/airflow/example_dags/example_external_task_marker_dag.py took 0.078 seconds
[2021-03-30 00:11:19,921] {scheduler_job.py:182} INFO - Started process (PID=3802) to work on /home/airflow/.local/lib/python3.6/site-packages/airflow/example_dags/example_external_task_marker_dag.py
[2021-03-30 00:11:19,922] {scheduler_job.py:629} INFO - Processing file /home/airflow/.local/lib/python3.6/site-packages/airflow/example_dags/example_external_task_marker_dag.py for tasks to queue
[2021-03-30 00:11:19,923] {logging_mixin.py:104} INFO - [2021-03-30 00:11:19,923] {dagbag.py:448} INFO - Filling up the DagBag from /home/airflow/.local/lib/python3.6/site-packages/airflow/example_dags/example_external_task_marker_dag.py
[2021-03-30 00:11:19,934] {scheduler_job.py:639} INFO - DAG(s) dict_keys(['example_external_task_marker_parent', 'example_external_task_marker_child']) retrieved from /home/airflow/.local/lib/python3.6/site-packages/airflow/example_dags/example_external_task_marker_dag.py
[2021-03-30 00:11:19,957] {logging_mixin.py:104} INFO - [2021-03-30 00:11:19,957] {dag.py:1818} INFO - Sync 2 DAGs
[2021-03-30 00:11:19,972] {logging_mixin.py:104} INFO - [2021-03-30 00:11:19,972] {dag.py:2273} INFO - Setting next_dagrun for example_external_task_marker_child to None
[2021-03-30 00:11:19,974] {logging_mixin.py:104} INFO - [2021-03-30 00:11:19,974] {dag.py:2273} INFO - Setting next_dagrun for example_external_task_marker_parent to None
[2021-03-30 00:11:19,984] {scheduler_job.py:190} INFO - Processing /home/airflow/.local/lib/python3.6/site-packages/airflow/example_dags/example_external_task_marker_dag.py took 0.065 seconds
[2021-03-30 00:11:50,144] {scheduler_job.py:182} INFO - Started process (PID=3828) to work on /home/airflow/.local/lib/python3.6/site-packages/airflow/example_dags/example_external_task_marker_dag.py
[2021-03-30 00:11:50,147] {scheduler_job.py:629} INFO - Processing file /home/airflow/.local/lib/python3.6/site-packages/airflow/example_dags/example_external_task_marker_dag.py for tasks to queue
[2021-03-30 00:11:50,149] {logging_mixin.py:104} INFO - [2021-03-30 00:11:50,149] {dagbag.py:448} INFO - Filling up the DagBag from /home/airflow/.local/lib/python3.6/site-packages/airflow/example_dags/example_external_task_marker_dag.py
[2021-03-30 00:11:50,167] {scheduler_job.py:639} INFO - DAG(s) dict_keys(['example_external_task_marker_parent', 'example_external_task_marker_child']) retrieved from /home/airflow/.local/lib/python3.6/site-packages/airflow/example_dags/example_external_task_marker_dag.py
[2021-03-30 00:11:50,203] {logging_mixin.py:104} INFO - [2021-03-30 00:11:50,203] {dag.py:1818} INFO - Sync 2 DAGs
[2021-03-30 00:11:50,222] {logging_mixin.py:104} INFO - [2021-03-30 00:11:50,222] {dag.py:2273} INFO - Setting next_dagrun for example_external_task_marker_child to None
[2021-03-30 00:11:50,223] {logging_mixin.py:104} INFO - [2021-03-30 00:11:50,223] {dag.py:2273} INFO - Setting next_dagrun for example_external_task_marker_parent to None
[2021-03-30 00:11:50,237] {scheduler_job.py:190} INFO - Processing /home/airflow/.local/lib/python3.6/site-packages/airflow/example_dags/example_external_task_marker_dag.py took 0.098 seconds
[2021-03-30 00:12:20,385] {scheduler_job.py:182} INFO - Started process (PID=3854) to work on /home/airflow/.local/lib/python3.6/site-packages/airflow/example_dags/example_external_task_marker_dag.py
[2021-03-30 00:12:20,386] {scheduler_job.py:629} INFO - Processing file /home/airflow/.local/lib/python3.6/site-packages/airflow/example_dags/example_external_task_marker_dag.py for tasks to queue
[2021-03-30 00:12:20,387] {logging_mixin.py:104} INFO - [2021-03-30 00:12:20,387] {dagbag.py:448} INFO - Filling up the DagBag from /home/airflow/.local/lib/python3.6/site-packages/airflow/example_dags/example_external_task_marker_dag.py
[2021-03-30 00:12:20,397] {scheduler_job.py:639} INFO - DAG(s) dict_keys(['example_external_task_marker_parent', 'example_external_task_marker_child']) retrieved from /home/airflow/.local/lib/python3.6/site-packages/airflow/example_dags/example_external_task_marker_dag.py
[2021-03-30 00:12:20,424] {logging_mixin.py:104} INFO - [2021-03-30 00:12:20,424] {dag.py:1818} INFO - Sync 2 DAGs
[2021-03-30 00:12:20,439] {logging_mixin.py:104} INFO - [2021-03-30 00:12:20,439] {dag.py:2273} INFO - Setting next_dagrun for example_external_task_marker_child to None
[2021-03-30 00:12:20,440] {logging_mixin.py:104} INFO - [2021-03-30 00:12:20,440] {dag.py:2273} INFO - Setting next_dagrun for example_external_task_marker_parent to None
[2021-03-30 00:12:20,452] {scheduler_job.py:190} INFO - Processing /home/airflow/.local/lib/python3.6/site-packages/airflow/example_dags/example_external_task_marker_dag.py took 0.070 seconds
[2021-03-30 00:12:50,619] {scheduler_job.py:182} INFO - Started process (PID=3880) to work on /home/airflow/.local/lib/python3.6/site-packages/airflow/example_dags/example_external_task_marker_dag.py
[2021-03-30 00:12:50,621] {scheduler_job.py:629} INFO - Processing file /home/airflow/.local/lib/python3.6/site-packages/airflow/example_dags/example_external_task_marker_dag.py for tasks to queue
[2021-03-30 00:12:50,622] {logging_mixin.py:104} INFO - [2021-03-30 00:12:50,622] {dagbag.py:448} INFO - Filling up the DagBag from /home/airflow/.local/lib/python3.6/site-packages/airflow/example_dags/example_external_task_marker_dag.py
[2021-03-30 00:12:50,633] {scheduler_job.py:639} INFO - DAG(s) dict_keys(['example_external_task_marker_parent', 'example_external_task_marker_child']) retrieved from /home/airflow/.local/lib/python3.6/site-packages/airflow/example_dags/example_external_task_marker_dag.py
[2021-03-30 00:12:50,662] {logging_mixin.py:104} INFO - [2021-03-30 00:12:50,662] {dag.py:1818} INFO - Sync 2 DAGs
[2021-03-30 00:12:50,677] {logging_mixin.py:104} INFO - [2021-03-30 00:12:50,677] {dag.py:2273} INFO - Setting next_dagrun for example_external_task_marker_child to None
[2021-03-30 00:12:50,678] {logging_mixin.py:104} INFO - [2021-03-30 00:12:50,678] {dag.py:2273} INFO - Setting next_dagrun for example_external_task_marker_parent to None
[2021-03-30 00:12:50,690] {scheduler_job.py:190} INFO - Processing /home/airflow/.local/lib/python3.6/site-packages/airflow/example_dags/example_external_task_marker_dag.py took 0.074 seconds
[2021-03-30 00:13:20,810] {scheduler_job.py:182} INFO - Started process (PID=3906) to work on /home/airflow/.local/lib/python3.6/site-packages/airflow/example_dags/example_external_task_marker_dag.py
[2021-03-30 00:13:20,812] {scheduler_job.py:629} INFO - Processing file /home/airflow/.local/lib/python3.6/site-packages/airflow/example_dags/example_external_task_marker_dag.py for tasks to queue
[2021-03-30 00:13:20,814] {logging_mixin.py:104} INFO - [2021-03-30 00:13:20,814] {dagbag.py:448} INFO - Filling up the DagBag from /home/airflow/.local/lib/python3.6/site-packages/airflow/example_dags/example_external_task_marker_dag.py
[2021-03-30 00:13:20,826] {scheduler_job.py:639} INFO - DAG(s) dict_keys(['example_external_task_marker_parent', 'example_external_task_marker_child']) retrieved from /home/airflow/.local/lib/python3.6/site-packages/airflow/example_dags/example_external_task_marker_dag.py
[2021-03-30 00:13:20,859] {logging_mixin.py:104} INFO - [2021-03-30 00:13:20,858] {dag.py:1818} INFO - Sync 2 DAGs
[2021-03-30 00:13:20,876] {logging_mixin.py:104} INFO - [2021-03-30 00:13:20,876] {dag.py:2273} INFO - Setting next_dagrun for example_external_task_marker_child to None
[2021-03-30 00:13:20,878] {logging_mixin.py:104} INFO - [2021-03-30 00:13:20,878] {dag.py:2273} INFO - Setting next_dagrun for example_external_task_marker_parent to None
[2021-03-30 00:13:20,905] {scheduler_job.py:190} INFO - Processing /home/airflow/.local/lib/python3.6/site-packages/airflow/example_dags/example_external_task_marker_dag.py took 0.097 seconds
[2021-03-30 00:13:51,101] {scheduler_job.py:182} INFO - Started process (PID=3932) to work on /home/airflow/.local/lib/python3.6/site-packages/airflow/example_dags/example_external_task_marker_dag.py
[2021-03-30 00:13:51,103] {scheduler_job.py:629} INFO - Processing file /home/airflow/.local/lib/python3.6/site-packages/airflow/example_dags/example_external_task_marker_dag.py for tasks to queue
[2021-03-30 00:13:51,104] {logging_mixin.py:104} INFO - [2021-03-30 00:13:51,104] {dagbag.py:448} INFO - Filling up the DagBag from /home/airflow/.local/lib/python3.6/site-packages/airflow/example_dags/example_external_task_marker_dag.py
[2021-03-30 00:13:51,117] {scheduler_job.py:639} INFO - DAG(s) dict_keys(['example_external_task_marker_parent', 'example_external_task_marker_child']) retrieved from /home/airflow/.local/lib/python3.6/site-packages/airflow/example_dags/example_external_task_marker_dag.py
[2021-03-30 00:13:51,146] {logging_mixin.py:104} INFO - [2021-03-30 00:13:51,146] {dag.py:1818} INFO - Sync 2 DAGs
[2021-03-30 00:13:51,165] {logging_mixin.py:104} INFO - [2021-03-30 00:13:51,164] {dag.py:2273} INFO - Setting next_dagrun for example_external_task_marker_child to None
[2021-03-30 00:13:51,166] {logging_mixin.py:104} INFO - [2021-03-30 00:13:51,166] {dag.py:2273} INFO - Setting next_dagrun for example_external_task_marker_parent to None
[2021-03-30 00:13:51,178] {scheduler_job.py:190} INFO - Processing /home/airflow/.local/lib/python3.6/site-packages/airflow/example_dags/example_external_task_marker_dag.py took 0.080 seconds
[2021-03-30 00:14:21,750] {scheduler_job.py:182} INFO - Started process (PID=3958) to work on /home/airflow/.local/lib/python3.6/site-packages/airflow/example_dags/example_external_task_marker_dag.py
[2021-03-30 00:14:21,752] {scheduler_job.py:629} INFO - Processing file /home/airflow/.local/lib/python3.6/site-packages/airflow/example_dags/example_external_task_marker_dag.py for tasks to queue
[2021-03-30 00:14:21,752] {logging_mixin.py:104} INFO - [2021-03-30 00:14:21,752] {dagbag.py:448} INFO - Filling up the DagBag from /home/airflow/.local/lib/python3.6/site-packages/airflow/example_dags/example_external_task_marker_dag.py
[2021-03-30 00:14:21,764] {scheduler_job.py:639} INFO - DAG(s) dict_keys(['example_external_task_marker_parent', 'example_external_task_marker_child']) retrieved from /home/airflow/.local/lib/python3.6/site-packages/airflow/example_dags/example_external_task_marker_dag.py
[2021-03-30 00:14:21,792] {logging_mixin.py:104} INFO - [2021-03-30 00:14:21,792] {dag.py:1818} INFO - Sync 2 DAGs
[2021-03-30 00:14:21,810] {logging_mixin.py:104} INFO - [2021-03-30 00:14:21,810] {dag.py:2273} INFO - Setting next_dagrun for example_external_task_marker_child to None
[2021-03-30 00:14:21,811] {logging_mixin.py:104} INFO - [2021-03-30 00:14:21,811] {dag.py:2273} INFO - Setting next_dagrun for example_external_task_marker_parent to None
[2021-03-30 00:14:21,823] {scheduler_job.py:190} INFO - Processing /home/airflow/.local/lib/python3.6/site-packages/airflow/example_dags/example_external_task_marker_dag.py took 0.076 seconds
[2021-03-30 00:14:52,959] {scheduler_job.py:182} INFO - Started process (PID=3984) to work on /home/airflow/.local/lib/python3.6/site-packages/airflow/example_dags/example_external_task_marker_dag.py
[2021-03-30 00:14:52,961] {scheduler_job.py:629} INFO - Processing file /home/airflow/.local/lib/python3.6/site-packages/airflow/example_dags/example_external_task_marker_dag.py for tasks to queue
[2021-03-30 00:14:52,962] {logging_mixin.py:104} INFO - [2021-03-30 00:14:52,962] {dagbag.py:448} INFO - Filling up the DagBag from /home/airflow/.local/lib/python3.6/site-packages/airflow/example_dags/example_external_task_marker_dag.py
[2021-03-30 00:14:52,975] {scheduler_job.py:639} INFO - DAG(s) dict_keys(['example_external_task_marker_parent', 'example_external_task_marker_child']) retrieved from /home/airflow/.local/lib/python3.6/site-packages/airflow/example_dags/example_external_task_marker_dag.py
[2021-03-30 00:14:53,005] {logging_mixin.py:104} INFO - [2021-03-30 00:14:53,004] {dag.py:1818} INFO - Sync 2 DAGs
[2021-03-30 00:14:53,022] {logging_mixin.py:104} INFO - [2021-03-30 00:14:53,022] {dag.py:2273} INFO - Setting next_dagrun for example_external_task_marker_child to None
[2021-03-30 00:14:53,024] {logging_mixin.py:104} INFO - [2021-03-30 00:14:53,024] {dag.py:2273} INFO - Setting next_dagrun for example_external_task_marker_parent to None
[2021-03-30 00:14:53,042] {scheduler_job.py:190} INFO - Processing /home/airflow/.local/lib/python3.6/site-packages/airflow/example_dags/example_external_task_marker_dag.py took 0.085 seconds
[2021-03-30 00:15:23,350] {scheduler_job.py:182} INFO - Started process (PID=4010) to work on /home/airflow/.local/lib/python3.6/site-packages/airflow/example_dags/example_external_task_marker_dag.py
[2021-03-30 00:15:23,353] {scheduler_job.py:629} INFO - Processing file /home/airflow/.local/lib/python3.6/site-packages/airflow/example_dags/example_external_task_marker_dag.py for tasks to queue
[2021-03-30 00:15:23,354] {logging_mixin.py:104} INFO - [2021-03-30 00:15:23,354] {dagbag.py:448} INFO - Filling up the DagBag from /home/airflow/.local/lib/python3.6/site-packages/airflow/example_dags/example_external_task_marker_dag.py
[2021-03-30 00:15:23,363] {scheduler_job.py:639} INFO - DAG(s) dict_keys(['example_external_task_marker_parent', 'example_external_task_marker_child']) retrieved from /home/airflow/.local/lib/python3.6/site-packages/airflow/example_dags/example_external_task_marker_dag.py
[2021-03-30 00:15:23,387] {logging_mixin.py:104} INFO - [2021-03-30 00:15:23,387] {dag.py:1818} INFO - Sync 2 DAGs
[2021-03-30 00:15:23,400] {logging_mixin.py:104} INFO - [2021-03-30 00:15:23,400] {dag.py:2273} INFO - Setting next_dagrun for example_external_task_marker_child to None
[2021-03-30 00:15:23,402] {logging_mixin.py:104} INFO - [2021-03-30 00:15:23,402] {dag.py:2273} INFO - Setting next_dagrun for example_external_task_marker_parent to None
[2021-03-30 00:15:23,413] {scheduler_job.py:190} INFO - Processing /home/airflow/.local/lib/python3.6/site-packages/airflow/example_dags/example_external_task_marker_dag.py took 0.065 seconds
[2021-03-30 00:15:53,468] {scheduler_job.py:182} INFO - Started process (PID=4036) to work on /home/airflow/.local/lib/python3.6/site-packages/airflow/example_dags/example_external_task_marker_dag.py
[2021-03-30 00:15:53,470] {scheduler_job.py:629} INFO - Processing file /home/airflow/.local/lib/python3.6/site-packages/airflow/example_dags/example_external_task_marker_dag.py for tasks to queue
[2021-03-30 00:15:53,471] {logging_mixin.py:104} INFO - [2021-03-30 00:15:53,471] {dagbag.py:448} INFO - Filling up the DagBag from /home/airflow/.local/lib/python3.6/site-packages/airflow/example_dags/example_external_task_marker_dag.py
[2021-03-30 00:15:53,482] {scheduler_job.py:639} INFO - DAG(s) dict_keys(['example_external_task_marker_parent', 'example_external_task_marker_child']) retrieved from /home/airflow/.local/lib/python3.6/site-packages/airflow/example_dags/example_external_task_marker_dag.py
[2021-03-30 00:15:53,508] {logging_mixin.py:104} INFO - [2021-03-30 00:15:53,508] {dag.py:1818} INFO - Sync 2 DAGs
[2021-03-30 00:15:53,523] {logging_mixin.py:104} INFO - [2021-03-30 00:15:53,523] {dag.py:2273} INFO - Setting next_dagrun for example_external_task_marker_child to None
[2021-03-30 00:15:53,524] {logging_mixin.py:104} INFO - [2021-03-30 00:15:53,524] {dag.py:2273} INFO - Setting next_dagrun for example_external_task_marker_parent to None
[2021-03-30 00:15:53,535] {scheduler_job.py:190} INFO - Processing /home/airflow/.local/lib/python3.6/site-packages/airflow/example_dags/example_external_task_marker_dag.py took 0.070 seconds
