[2021-03-30 00:00:21,381] {scheduler_job.py:182} INFO - Started process (PID=3250) to work on /home/airflow/.local/lib/python3.6/site-packages/airflow/example_dags/example_xcom.py
[2021-03-30 00:00:21,388] {scheduler_job.py:629} INFO - Processing file /home/airflow/.local/lib/python3.6/site-packages/airflow/example_dags/example_xcom.py for tasks to queue
[2021-03-30 00:00:21,392] {logging_mixin.py:104} INFO - [2021-03-30 00:00:21,391] {dagbag.py:448} INFO - Filling up the DagBag from /home/airflow/.local/lib/python3.6/site-packages/airflow/example_dags/example_xcom.py
[2021-03-30 00:00:21,422] {scheduler_job.py:639} INFO - DAG(s) dict_keys(['example_xcom']) retrieved from /home/airflow/.local/lib/python3.6/site-packages/airflow/example_dags/example_xcom.py
[2021-03-30 00:00:21,472] {logging_mixin.py:104} INFO - [2021-03-30 00:00:21,472] {dag.py:1818} INFO - Sync 1 DAGs
[2021-03-30 00:00:21,508] {logging_mixin.py:104} INFO - [2021-03-30 00:00:21,508] {dag.py:2273} INFO - Setting next_dagrun for example_xcom to 2021-03-28 00:00:00+00:00
[2021-03-30 00:00:21,536] {scheduler_job.py:190} INFO - Processing /home/airflow/.local/lib/python3.6/site-packages/airflow/example_dags/example_xcom.py took 0.162 seconds
[2021-03-30 00:00:52,066] {scheduler_job.py:182} INFO - Started process (PID=3276) to work on /home/airflow/.local/lib/python3.6/site-packages/airflow/example_dags/example_xcom.py
[2021-03-30 00:00:52,067] {scheduler_job.py:629} INFO - Processing file /home/airflow/.local/lib/python3.6/site-packages/airflow/example_dags/example_xcom.py for tasks to queue
[2021-03-30 00:00:52,068] {logging_mixin.py:104} INFO - [2021-03-30 00:00:52,068] {dagbag.py:448} INFO - Filling up the DagBag from /home/airflow/.local/lib/python3.6/site-packages/airflow/example_dags/example_xcom.py
[2021-03-30 00:00:52,078] {scheduler_job.py:639} INFO - DAG(s) dict_keys(['example_xcom']) retrieved from /home/airflow/.local/lib/python3.6/site-packages/airflow/example_dags/example_xcom.py
[2021-03-30 00:00:52,099] {logging_mixin.py:104} INFO - [2021-03-30 00:00:52,098] {dag.py:1818} INFO - Sync 1 DAGs
[2021-03-30 00:00:52,114] {logging_mixin.py:104} INFO - [2021-03-30 00:00:52,114] {dag.py:2273} INFO - Setting next_dagrun for example_xcom to 2021-03-28 00:00:00+00:00
[2021-03-30 00:00:52,124] {scheduler_job.py:190} INFO - Processing /home/airflow/.local/lib/python3.6/site-packages/airflow/example_dags/example_xcom.py took 0.061 seconds
[2021-03-30 00:01:22,889] {scheduler_job.py:182} INFO - Started process (PID=3302) to work on /home/airflow/.local/lib/python3.6/site-packages/airflow/example_dags/example_xcom.py
[2021-03-30 00:01:22,892] {scheduler_job.py:629} INFO - Processing file /home/airflow/.local/lib/python3.6/site-packages/airflow/example_dags/example_xcom.py for tasks to queue
[2021-03-30 00:01:22,894] {logging_mixin.py:104} INFO - [2021-03-30 00:01:22,894] {dagbag.py:448} INFO - Filling up the DagBag from /home/airflow/.local/lib/python3.6/site-packages/airflow/example_dags/example_xcom.py
[2021-03-30 00:01:22,929] {scheduler_job.py:639} INFO - DAG(s) dict_keys(['example_xcom']) retrieved from /home/airflow/.local/lib/python3.6/site-packages/airflow/example_dags/example_xcom.py
[2021-03-30 00:01:22,969] {logging_mixin.py:104} INFO - [2021-03-30 00:01:22,969] {dag.py:1818} INFO - Sync 1 DAGs
[2021-03-30 00:01:22,995] {logging_mixin.py:104} INFO - [2021-03-30 00:01:22,995] {dag.py:2273} INFO - Setting next_dagrun for example_xcom to 2021-03-28 00:00:00+00:00
[2021-03-30 00:01:23,010] {scheduler_job.py:190} INFO - Processing /home/airflow/.local/lib/python3.6/site-packages/airflow/example_dags/example_xcom.py took 0.130 seconds
[2021-03-30 00:01:53,460] {scheduler_job.py:182} INFO - Started process (PID=3328) to work on /home/airflow/.local/lib/python3.6/site-packages/airflow/example_dags/example_xcom.py
[2021-03-30 00:01:53,462] {scheduler_job.py:629} INFO - Processing file /home/airflow/.local/lib/python3.6/site-packages/airflow/example_dags/example_xcom.py for tasks to queue
[2021-03-30 00:01:53,464] {logging_mixin.py:104} INFO - [2021-03-30 00:01:53,463] {dagbag.py:448} INFO - Filling up the DagBag from /home/airflow/.local/lib/python3.6/site-packages/airflow/example_dags/example_xcom.py
[2021-03-30 00:01:53,478] {scheduler_job.py:639} INFO - DAG(s) dict_keys(['example_xcom']) retrieved from /home/airflow/.local/lib/python3.6/site-packages/airflow/example_dags/example_xcom.py
[2021-03-30 00:01:53,503] {logging_mixin.py:104} INFO - [2021-03-30 00:01:53,502] {dag.py:1818} INFO - Sync 1 DAGs
[2021-03-30 00:01:53,520] {logging_mixin.py:104} INFO - [2021-03-30 00:01:53,520] {dag.py:2273} INFO - Setting next_dagrun for example_xcom to 2021-03-28 00:00:00+00:00
[2021-03-30 00:01:53,530] {scheduler_job.py:190} INFO - Processing /home/airflow/.local/lib/python3.6/site-packages/airflow/example_dags/example_xcom.py took 0.074 seconds
[2021-03-30 00:02:24,360] {scheduler_job.py:182} INFO - Started process (PID=3354) to work on /home/airflow/.local/lib/python3.6/site-packages/airflow/example_dags/example_xcom.py
[2021-03-30 00:02:24,363] {scheduler_job.py:629} INFO - Processing file /home/airflow/.local/lib/python3.6/site-packages/airflow/example_dags/example_xcom.py for tasks to queue
[2021-03-30 00:02:24,364] {logging_mixin.py:104} INFO - [2021-03-30 00:02:24,364] {dagbag.py:448} INFO - Filling up the DagBag from /home/airflow/.local/lib/python3.6/site-packages/airflow/example_dags/example_xcom.py
[2021-03-30 00:02:24,381] {scheduler_job.py:639} INFO - DAG(s) dict_keys(['example_xcom']) retrieved from /home/airflow/.local/lib/python3.6/site-packages/airflow/example_dags/example_xcom.py
[2021-03-30 00:02:24,409] {logging_mixin.py:104} INFO - [2021-03-30 00:02:24,409] {dag.py:1818} INFO - Sync 1 DAGs
[2021-03-30 00:02:24,429] {logging_mixin.py:104} INFO - [2021-03-30 00:02:24,429] {dag.py:2273} INFO - Setting next_dagrun for example_xcom to 2021-03-28 00:00:00+00:00
[2021-03-30 00:02:24,445] {scheduler_job.py:190} INFO - Processing /home/airflow/.local/lib/python3.6/site-packages/airflow/example_dags/example_xcom.py took 0.089 seconds
[2021-03-30 00:02:55,002] {scheduler_job.py:182} INFO - Started process (PID=3380) to work on /home/airflow/.local/lib/python3.6/site-packages/airflow/example_dags/example_xcom.py
[2021-03-30 00:02:55,004] {scheduler_job.py:629} INFO - Processing file /home/airflow/.local/lib/python3.6/site-packages/airflow/example_dags/example_xcom.py for tasks to queue
[2021-03-30 00:02:55,005] {logging_mixin.py:104} INFO - [2021-03-30 00:02:55,005] {dagbag.py:448} INFO - Filling up the DagBag from /home/airflow/.local/lib/python3.6/site-packages/airflow/example_dags/example_xcom.py
[2021-03-30 00:02:55,018] {scheduler_job.py:639} INFO - DAG(s) dict_keys(['example_xcom']) retrieved from /home/airflow/.local/lib/python3.6/site-packages/airflow/example_dags/example_xcom.py
[2021-03-30 00:02:55,045] {logging_mixin.py:104} INFO - [2021-03-30 00:02:55,045] {dag.py:1818} INFO - Sync 1 DAGs
[2021-03-30 00:02:55,063] {logging_mixin.py:104} INFO - [2021-03-30 00:02:55,063] {dag.py:2273} INFO - Setting next_dagrun for example_xcom to 2021-03-28 00:00:00+00:00
[2021-03-30 00:02:55,075] {scheduler_job.py:190} INFO - Processing /home/airflow/.local/lib/python3.6/site-packages/airflow/example_dags/example_xcom.py took 0.076 seconds
[2021-03-30 00:03:25,244] {scheduler_job.py:182} INFO - Started process (PID=3406) to work on /home/airflow/.local/lib/python3.6/site-packages/airflow/example_dags/example_xcom.py
[2021-03-30 00:03:25,246] {scheduler_job.py:629} INFO - Processing file /home/airflow/.local/lib/python3.6/site-packages/airflow/example_dags/example_xcom.py for tasks to queue
[2021-03-30 00:03:25,246] {logging_mixin.py:104} INFO - [2021-03-30 00:03:25,246] {dagbag.py:448} INFO - Filling up the DagBag from /home/airflow/.local/lib/python3.6/site-packages/airflow/example_dags/example_xcom.py
[2021-03-30 00:03:25,258] {scheduler_job.py:639} INFO - DAG(s) dict_keys(['example_xcom']) retrieved from /home/airflow/.local/lib/python3.6/site-packages/airflow/example_dags/example_xcom.py
[2021-03-30 00:03:25,278] {logging_mixin.py:104} INFO - [2021-03-30 00:03:25,278] {dag.py:1818} INFO - Sync 1 DAGs
[2021-03-30 00:03:25,292] {logging_mixin.py:104} INFO - [2021-03-30 00:03:25,291] {dag.py:2273} INFO - Setting next_dagrun for example_xcom to 2021-03-28 00:00:00+00:00
[2021-03-30 00:03:25,303] {scheduler_job.py:190} INFO - Processing /home/airflow/.local/lib/python3.6/site-packages/airflow/example_dags/example_xcom.py took 0.062 seconds
[2021-03-30 00:03:55,574] {scheduler_job.py:182} INFO - Started process (PID=3432) to work on /home/airflow/.local/lib/python3.6/site-packages/airflow/example_dags/example_xcom.py
[2021-03-30 00:03:55,575] {scheduler_job.py:629} INFO - Processing file /home/airflow/.local/lib/python3.6/site-packages/airflow/example_dags/example_xcom.py for tasks to queue
[2021-03-30 00:03:55,576] {logging_mixin.py:104} INFO - [2021-03-30 00:03:55,576] {dagbag.py:448} INFO - Filling up the DagBag from /home/airflow/.local/lib/python3.6/site-packages/airflow/example_dags/example_xcom.py
[2021-03-30 00:03:55,587] {scheduler_job.py:639} INFO - DAG(s) dict_keys(['example_xcom']) retrieved from /home/airflow/.local/lib/python3.6/site-packages/airflow/example_dags/example_xcom.py
[2021-03-30 00:03:55,608] {logging_mixin.py:104} INFO - [2021-03-30 00:03:55,608] {dag.py:1818} INFO - Sync 1 DAGs
[2021-03-30 00:03:55,622] {logging_mixin.py:104} INFO - [2021-03-30 00:03:55,622] {dag.py:2273} INFO - Setting next_dagrun for example_xcom to 2021-03-28 00:00:00+00:00
[2021-03-30 00:03:55,632] {scheduler_job.py:190} INFO - Processing /home/airflow/.local/lib/python3.6/site-packages/airflow/example_dags/example_xcom.py took 0.062 seconds
[2021-03-30 00:04:25,731] {scheduler_job.py:182} INFO - Started process (PID=3458) to work on /home/airflow/.local/lib/python3.6/site-packages/airflow/example_dags/example_xcom.py
[2021-03-30 00:04:25,733] {scheduler_job.py:629} INFO - Processing file /home/airflow/.local/lib/python3.6/site-packages/airflow/example_dags/example_xcom.py for tasks to queue
[2021-03-30 00:04:25,733] {logging_mixin.py:104} INFO - [2021-03-30 00:04:25,733] {dagbag.py:448} INFO - Filling up the DagBag from /home/airflow/.local/lib/python3.6/site-packages/airflow/example_dags/example_xcom.py
[2021-03-30 00:04:25,746] {scheduler_job.py:639} INFO - DAG(s) dict_keys(['example_xcom']) retrieved from /home/airflow/.local/lib/python3.6/site-packages/airflow/example_dags/example_xcom.py
[2021-03-30 00:04:25,766] {logging_mixin.py:104} INFO - [2021-03-30 00:04:25,766] {dag.py:1818} INFO - Sync 1 DAGs
[2021-03-30 00:04:25,780] {logging_mixin.py:104} INFO - [2021-03-30 00:04:25,780] {dag.py:2273} INFO - Setting next_dagrun for example_xcom to 2021-03-28 00:00:00+00:00
[2021-03-30 00:04:25,790] {scheduler_job.py:190} INFO - Processing /home/airflow/.local/lib/python3.6/site-packages/airflow/example_dags/example_xcom.py took 0.061 seconds
[2021-03-30 00:04:55,850] {scheduler_job.py:182} INFO - Started process (PID=3484) to work on /home/airflow/.local/lib/python3.6/site-packages/airflow/example_dags/example_xcom.py
[2021-03-30 00:04:55,851] {scheduler_job.py:629} INFO - Processing file /home/airflow/.local/lib/python3.6/site-packages/airflow/example_dags/example_xcom.py for tasks to queue
[2021-03-30 00:04:55,852] {logging_mixin.py:104} INFO - [2021-03-30 00:04:55,852] {dagbag.py:448} INFO - Filling up the DagBag from /home/airflow/.local/lib/python3.6/site-packages/airflow/example_dags/example_xcom.py
[2021-03-30 00:04:55,863] {scheduler_job.py:639} INFO - DAG(s) dict_keys(['example_xcom']) retrieved from /home/airflow/.local/lib/python3.6/site-packages/airflow/example_dags/example_xcom.py
[2021-03-30 00:04:55,886] {logging_mixin.py:104} INFO - [2021-03-30 00:04:55,886] {dag.py:1818} INFO - Sync 1 DAGs
[2021-03-30 00:04:55,902] {logging_mixin.py:104} INFO - [2021-03-30 00:04:55,902] {dag.py:2273} INFO - Setting next_dagrun for example_xcom to 2021-03-28 00:00:00+00:00
[2021-03-30 00:04:55,912] {scheduler_job.py:190} INFO - Processing /home/airflow/.local/lib/python3.6/site-packages/airflow/example_dags/example_xcom.py took 0.065 seconds
[2021-03-30 00:05:26,043] {scheduler_job.py:182} INFO - Started process (PID=3510) to work on /home/airflow/.local/lib/python3.6/site-packages/airflow/example_dags/example_xcom.py
[2021-03-30 00:05:26,045] {scheduler_job.py:629} INFO - Processing file /home/airflow/.local/lib/python3.6/site-packages/airflow/example_dags/example_xcom.py for tasks to queue
[2021-03-30 00:05:26,046] {logging_mixin.py:104} INFO - [2021-03-30 00:05:26,046] {dagbag.py:448} INFO - Filling up the DagBag from /home/airflow/.local/lib/python3.6/site-packages/airflow/example_dags/example_xcom.py
[2021-03-30 00:05:26,058] {scheduler_job.py:639} INFO - DAG(s) dict_keys(['example_xcom']) retrieved from /home/airflow/.local/lib/python3.6/site-packages/airflow/example_dags/example_xcom.py
[2021-03-30 00:05:26,079] {logging_mixin.py:104} INFO - [2021-03-30 00:05:26,079] {dag.py:1818} INFO - Sync 1 DAGs
[2021-03-30 00:05:26,097] {logging_mixin.py:104} INFO - [2021-03-30 00:05:26,096] {dag.py:2273} INFO - Setting next_dagrun for example_xcom to 2021-03-28 00:00:00+00:00
[2021-03-30 00:05:26,107] {scheduler_job.py:190} INFO - Processing /home/airflow/.local/lib/python3.6/site-packages/airflow/example_dags/example_xcom.py took 0.068 seconds
[2021-03-30 00:05:56,752] {scheduler_job.py:182} INFO - Started process (PID=3536) to work on /home/airflow/.local/lib/python3.6/site-packages/airflow/example_dags/example_xcom.py
[2021-03-30 00:05:56,754] {scheduler_job.py:629} INFO - Processing file /home/airflow/.local/lib/python3.6/site-packages/airflow/example_dags/example_xcom.py for tasks to queue
[2021-03-30 00:05:56,755] {logging_mixin.py:104} INFO - [2021-03-30 00:05:56,754] {dagbag.py:448} INFO - Filling up the DagBag from /home/airflow/.local/lib/python3.6/site-packages/airflow/example_dags/example_xcom.py
[2021-03-30 00:05:56,786] {scheduler_job.py:639} INFO - DAG(s) dict_keys(['example_xcom']) retrieved from /home/airflow/.local/lib/python3.6/site-packages/airflow/example_dags/example_xcom.py
[2021-03-30 00:05:56,816] {logging_mixin.py:104} INFO - [2021-03-30 00:05:56,816] {dag.py:1818} INFO - Sync 1 DAGs
[2021-03-30 00:05:56,837] {logging_mixin.py:104} INFO - [2021-03-30 00:05:56,837] {dag.py:2273} INFO - Setting next_dagrun for example_xcom to 2021-03-28 00:00:00+00:00
[2021-03-30 00:05:56,848] {scheduler_job.py:190} INFO - Processing /home/airflow/.local/lib/python3.6/site-packages/airflow/example_dags/example_xcom.py took 0.099 seconds
[2021-03-30 00:06:26,961] {scheduler_job.py:182} INFO - Started process (PID=3562) to work on /home/airflow/.local/lib/python3.6/site-packages/airflow/example_dags/example_xcom.py
[2021-03-30 00:06:26,962] {scheduler_job.py:629} INFO - Processing file /home/airflow/.local/lib/python3.6/site-packages/airflow/example_dags/example_xcom.py for tasks to queue
[2021-03-30 00:06:26,964] {logging_mixin.py:104} INFO - [2021-03-30 00:06:26,963] {dagbag.py:448} INFO - Filling up the DagBag from /home/airflow/.local/lib/python3.6/site-packages/airflow/example_dags/example_xcom.py
[2021-03-30 00:06:26,976] {scheduler_job.py:639} INFO - DAG(s) dict_keys(['example_xcom']) retrieved from /home/airflow/.local/lib/python3.6/site-packages/airflow/example_dags/example_xcom.py
[2021-03-30 00:06:27,000] {logging_mixin.py:104} INFO - [2021-03-30 00:06:27,000] {dag.py:1818} INFO - Sync 1 DAGs
[2021-03-30 00:06:27,022] {logging_mixin.py:104} INFO - [2021-03-30 00:06:27,022] {dag.py:2273} INFO - Setting next_dagrun for example_xcom to 2021-03-28 00:00:00+00:00
[2021-03-30 00:06:27,039] {scheduler_job.py:190} INFO - Processing /home/airflow/.local/lib/python3.6/site-packages/airflow/example_dags/example_xcom.py took 0.081 seconds
[2021-03-30 00:06:57,439] {scheduler_job.py:182} INFO - Started process (PID=3588) to work on /home/airflow/.local/lib/python3.6/site-packages/airflow/example_dags/example_xcom.py
[2021-03-30 00:06:57,441] {scheduler_job.py:629} INFO - Processing file /home/airflow/.local/lib/python3.6/site-packages/airflow/example_dags/example_xcom.py for tasks to queue
[2021-03-30 00:06:57,442] {logging_mixin.py:104} INFO - [2021-03-30 00:06:57,442] {dagbag.py:448} INFO - Filling up the DagBag from /home/airflow/.local/lib/python3.6/site-packages/airflow/example_dags/example_xcom.py
[2021-03-30 00:06:57,459] {scheduler_job.py:639} INFO - DAG(s) dict_keys(['example_xcom']) retrieved from /home/airflow/.local/lib/python3.6/site-packages/airflow/example_dags/example_xcom.py
[2021-03-30 00:06:57,486] {logging_mixin.py:104} INFO - [2021-03-30 00:06:57,485] {dag.py:1818} INFO - Sync 1 DAGs
[2021-03-30 00:06:57,506] {logging_mixin.py:104} INFO - [2021-03-30 00:06:57,505] {dag.py:2273} INFO - Setting next_dagrun for example_xcom to 2021-03-28 00:00:00+00:00
[2021-03-30 00:06:57,518] {scheduler_job.py:190} INFO - Processing /home/airflow/.local/lib/python3.6/site-packages/airflow/example_dags/example_xcom.py took 0.083 seconds
[2021-03-30 00:07:27,937] {scheduler_job.py:182} INFO - Started process (PID=3614) to work on /home/airflow/.local/lib/python3.6/site-packages/airflow/example_dags/example_xcom.py
[2021-03-30 00:07:27,940] {scheduler_job.py:629} INFO - Processing file /home/airflow/.local/lib/python3.6/site-packages/airflow/example_dags/example_xcom.py for tasks to queue
[2021-03-30 00:07:27,941] {logging_mixin.py:104} INFO - [2021-03-30 00:07:27,941] {dagbag.py:448} INFO - Filling up the DagBag from /home/airflow/.local/lib/python3.6/site-packages/airflow/example_dags/example_xcom.py
[2021-03-30 00:07:27,961] {scheduler_job.py:639} INFO - DAG(s) dict_keys(['example_xcom']) retrieved from /home/airflow/.local/lib/python3.6/site-packages/airflow/example_dags/example_xcom.py
[2021-03-30 00:07:27,989] {logging_mixin.py:104} INFO - [2021-03-30 00:07:27,989] {dag.py:1818} INFO - Sync 1 DAGs
[2021-03-30 00:07:28,013] {logging_mixin.py:104} INFO - [2021-03-30 00:07:28,012] {dag.py:2273} INFO - Setting next_dagrun for example_xcom to 2021-03-28 00:00:00+00:00
[2021-03-30 00:07:28,025] {scheduler_job.py:190} INFO - Processing /home/airflow/.local/lib/python3.6/site-packages/airflow/example_dags/example_xcom.py took 0.093 seconds
[2021-03-30 00:07:58,186] {scheduler_job.py:182} INFO - Started process (PID=3640) to work on /home/airflow/.local/lib/python3.6/site-packages/airflow/example_dags/example_xcom.py
[2021-03-30 00:07:58,188] {scheduler_job.py:629} INFO - Processing file /home/airflow/.local/lib/python3.6/site-packages/airflow/example_dags/example_xcom.py for tasks to queue
[2021-03-30 00:07:58,190] {logging_mixin.py:104} INFO - [2021-03-30 00:07:58,190] {dagbag.py:448} INFO - Filling up the DagBag from /home/airflow/.local/lib/python3.6/site-packages/airflow/example_dags/example_xcom.py
[2021-03-30 00:07:58,210] {scheduler_job.py:639} INFO - DAG(s) dict_keys(['example_xcom']) retrieved from /home/airflow/.local/lib/python3.6/site-packages/airflow/example_dags/example_xcom.py
[2021-03-30 00:07:58,247] {logging_mixin.py:104} INFO - [2021-03-30 00:07:58,247] {dag.py:1818} INFO - Sync 1 DAGs
[2021-03-30 00:07:58,267] {logging_mixin.py:104} INFO - [2021-03-30 00:07:58,267] {dag.py:2273} INFO - Setting next_dagrun for example_xcom to 2021-03-28 00:00:00+00:00
[2021-03-30 00:07:58,276] {scheduler_job.py:190} INFO - Processing /home/airflow/.local/lib/python3.6/site-packages/airflow/example_dags/example_xcom.py took 0.095 seconds
[2021-03-30 00:08:28,374] {scheduler_job.py:182} INFO - Started process (PID=3666) to work on /home/airflow/.local/lib/python3.6/site-packages/airflow/example_dags/example_xcom.py
[2021-03-30 00:08:28,375] {scheduler_job.py:629} INFO - Processing file /home/airflow/.local/lib/python3.6/site-packages/airflow/example_dags/example_xcom.py for tasks to queue
[2021-03-30 00:08:28,376] {logging_mixin.py:104} INFO - [2021-03-30 00:08:28,376] {dagbag.py:448} INFO - Filling up the DagBag from /home/airflow/.local/lib/python3.6/site-packages/airflow/example_dags/example_xcom.py
[2021-03-30 00:08:28,387] {scheduler_job.py:639} INFO - DAG(s) dict_keys(['example_xcom']) retrieved from /home/airflow/.local/lib/python3.6/site-packages/airflow/example_dags/example_xcom.py
[2021-03-30 00:08:28,405] {logging_mixin.py:104} INFO - [2021-03-30 00:08:28,405] {dag.py:1818} INFO - Sync 1 DAGs
[2021-03-30 00:08:28,418] {logging_mixin.py:104} INFO - [2021-03-30 00:08:28,418] {dag.py:2273} INFO - Setting next_dagrun for example_xcom to 2021-03-28 00:00:00+00:00
[2021-03-30 00:08:28,428] {scheduler_job.py:190} INFO - Processing /home/airflow/.local/lib/python3.6/site-packages/airflow/example_dags/example_xcom.py took 0.057 seconds
[2021-03-30 00:08:58,677] {scheduler_job.py:182} INFO - Started process (PID=3692) to work on /home/airflow/.local/lib/python3.6/site-packages/airflow/example_dags/example_xcom.py
[2021-03-30 00:08:58,679] {scheduler_job.py:629} INFO - Processing file /home/airflow/.local/lib/python3.6/site-packages/airflow/example_dags/example_xcom.py for tasks to queue
[2021-03-30 00:08:58,685] {logging_mixin.py:104} INFO - [2021-03-30 00:08:58,684] {dagbag.py:448} INFO - Filling up the DagBag from /home/airflow/.local/lib/python3.6/site-packages/airflow/example_dags/example_xcom.py
[2021-03-30 00:08:58,714] {scheduler_job.py:639} INFO - DAG(s) dict_keys(['example_xcom']) retrieved from /home/airflow/.local/lib/python3.6/site-packages/airflow/example_dags/example_xcom.py
[2021-03-30 00:08:58,761] {logging_mixin.py:104} INFO - [2021-03-30 00:08:58,761] {dag.py:1818} INFO - Sync 1 DAGs
[2021-03-30 00:08:58,778] {logging_mixin.py:104} INFO - [2021-03-30 00:08:58,778] {dag.py:2273} INFO - Setting next_dagrun for example_xcom to 2021-03-28 00:00:00+00:00
[2021-03-30 00:08:58,789] {scheduler_job.py:190} INFO - Processing /home/airflow/.local/lib/python3.6/site-packages/airflow/example_dags/example_xcom.py took 0.118 seconds
[2021-03-30 00:09:28,862] {scheduler_job.py:182} INFO - Started process (PID=3718) to work on /home/airflow/.local/lib/python3.6/site-packages/airflow/example_dags/example_xcom.py
[2021-03-30 00:09:28,864] {scheduler_job.py:629} INFO - Processing file /home/airflow/.local/lib/python3.6/site-packages/airflow/example_dags/example_xcom.py for tasks to queue
[2021-03-30 00:09:28,865] {logging_mixin.py:104} INFO - [2021-03-30 00:09:28,865] {dagbag.py:448} INFO - Filling up the DagBag from /home/airflow/.local/lib/python3.6/site-packages/airflow/example_dags/example_xcom.py
[2021-03-30 00:09:28,880] {scheduler_job.py:639} INFO - DAG(s) dict_keys(['example_xcom']) retrieved from /home/airflow/.local/lib/python3.6/site-packages/airflow/example_dags/example_xcom.py
[2021-03-30 00:09:28,902] {logging_mixin.py:104} INFO - [2021-03-30 00:09:28,902] {dag.py:1818} INFO - Sync 1 DAGs
[2021-03-30 00:09:28,917] {logging_mixin.py:104} INFO - [2021-03-30 00:09:28,917] {dag.py:2273} INFO - Setting next_dagrun for example_xcom to 2021-03-28 00:00:00+00:00
[2021-03-30 00:09:28,926] {scheduler_job.py:190} INFO - Processing /home/airflow/.local/lib/python3.6/site-packages/airflow/example_dags/example_xcom.py took 0.067 seconds
[2021-03-30 00:09:59,022] {scheduler_job.py:182} INFO - Started process (PID=3744) to work on /home/airflow/.local/lib/python3.6/site-packages/airflow/example_dags/example_xcom.py
[2021-03-30 00:09:59,023] {scheduler_job.py:629} INFO - Processing file /home/airflow/.local/lib/python3.6/site-packages/airflow/example_dags/example_xcom.py for tasks to queue
[2021-03-30 00:09:59,024] {logging_mixin.py:104} INFO - [2021-03-30 00:09:59,023] {dagbag.py:448} INFO - Filling up the DagBag from /home/airflow/.local/lib/python3.6/site-packages/airflow/example_dags/example_xcom.py
[2021-03-30 00:09:59,036] {scheduler_job.py:639} INFO - DAG(s) dict_keys(['example_xcom']) retrieved from /home/airflow/.local/lib/python3.6/site-packages/airflow/example_dags/example_xcom.py
[2021-03-30 00:09:59,057] {logging_mixin.py:104} INFO - [2021-03-30 00:09:59,057] {dag.py:1818} INFO - Sync 1 DAGs
[2021-03-30 00:09:59,073] {logging_mixin.py:104} INFO - [2021-03-30 00:09:59,073] {dag.py:2273} INFO - Setting next_dagrun for example_xcom to 2021-03-28 00:00:00+00:00
[2021-03-30 00:09:59,083] {scheduler_job.py:190} INFO - Processing /home/airflow/.local/lib/python3.6/site-packages/airflow/example_dags/example_xcom.py took 0.065 seconds
[2021-03-30 00:10:29,263] {scheduler_job.py:182} INFO - Started process (PID=3770) to work on /home/airflow/.local/lib/python3.6/site-packages/airflow/example_dags/example_xcom.py
[2021-03-30 00:10:29,265] {scheduler_job.py:629} INFO - Processing file /home/airflow/.local/lib/python3.6/site-packages/airflow/example_dags/example_xcom.py for tasks to queue
[2021-03-30 00:10:29,266] {logging_mixin.py:104} INFO - [2021-03-30 00:10:29,266] {dagbag.py:448} INFO - Filling up the DagBag from /home/airflow/.local/lib/python3.6/site-packages/airflow/example_dags/example_xcom.py
[2021-03-30 00:10:29,277] {scheduler_job.py:639} INFO - DAG(s) dict_keys(['example_xcom']) retrieved from /home/airflow/.local/lib/python3.6/site-packages/airflow/example_dags/example_xcom.py
[2021-03-30 00:10:29,296] {logging_mixin.py:104} INFO - [2021-03-30 00:10:29,295] {dag.py:1818} INFO - Sync 1 DAGs
[2021-03-30 00:10:29,310] {logging_mixin.py:104} INFO - [2021-03-30 00:10:29,310] {dag.py:2273} INFO - Setting next_dagrun for example_xcom to 2021-03-28 00:00:00+00:00
[2021-03-30 00:10:29,319] {scheduler_job.py:190} INFO - Processing /home/airflow/.local/lib/python3.6/site-packages/airflow/example_dags/example_xcom.py took 0.059 seconds
[2021-03-30 00:10:59,591] {scheduler_job.py:182} INFO - Started process (PID=3796) to work on /home/airflow/.local/lib/python3.6/site-packages/airflow/example_dags/example_xcom.py
[2021-03-30 00:10:59,593] {scheduler_job.py:629} INFO - Processing file /home/airflow/.local/lib/python3.6/site-packages/airflow/example_dags/example_xcom.py for tasks to queue
[2021-03-30 00:10:59,594] {logging_mixin.py:104} INFO - [2021-03-30 00:10:59,593] {dagbag.py:448} INFO - Filling up the DagBag from /home/airflow/.local/lib/python3.6/site-packages/airflow/example_dags/example_xcom.py
[2021-03-30 00:10:59,606] {scheduler_job.py:639} INFO - DAG(s) dict_keys(['example_xcom']) retrieved from /home/airflow/.local/lib/python3.6/site-packages/airflow/example_dags/example_xcom.py
[2021-03-30 00:10:59,627] {logging_mixin.py:104} INFO - [2021-03-30 00:10:59,627] {dag.py:1818} INFO - Sync 1 DAGs
[2021-03-30 00:10:59,648] {logging_mixin.py:104} INFO - [2021-03-30 00:10:59,648] {dag.py:2273} INFO - Setting next_dagrun for example_xcom to 2021-03-28 00:00:00+00:00
[2021-03-30 00:10:59,659] {scheduler_job.py:190} INFO - Processing /home/airflow/.local/lib/python3.6/site-packages/airflow/example_dags/example_xcom.py took 0.071 seconds
[2021-03-30 00:11:29,856] {scheduler_job.py:182} INFO - Started process (PID=3822) to work on /home/airflow/.local/lib/python3.6/site-packages/airflow/example_dags/example_xcom.py
[2021-03-30 00:11:29,857] {scheduler_job.py:629} INFO - Processing file /home/airflow/.local/lib/python3.6/site-packages/airflow/example_dags/example_xcom.py for tasks to queue
[2021-03-30 00:11:29,858] {logging_mixin.py:104} INFO - [2021-03-30 00:11:29,858] {dagbag.py:448} INFO - Filling up the DagBag from /home/airflow/.local/lib/python3.6/site-packages/airflow/example_dags/example_xcom.py
[2021-03-30 00:11:29,872] {scheduler_job.py:639} INFO - DAG(s) dict_keys(['example_xcom']) retrieved from /home/airflow/.local/lib/python3.6/site-packages/airflow/example_dags/example_xcom.py
[2021-03-30 00:11:29,892] {logging_mixin.py:104} INFO - [2021-03-30 00:11:29,892] {dag.py:1818} INFO - Sync 1 DAGs
[2021-03-30 00:11:29,906] {logging_mixin.py:104} INFO - [2021-03-30 00:11:29,906] {dag.py:2273} INFO - Setting next_dagrun for example_xcom to 2021-03-28 00:00:00+00:00
[2021-03-30 00:11:29,915] {scheduler_job.py:190} INFO - Processing /home/airflow/.local/lib/python3.6/site-packages/airflow/example_dags/example_xcom.py took 0.062 seconds
[2021-03-30 00:12:00,141] {scheduler_job.py:182} INFO - Started process (PID=3848) to work on /home/airflow/.local/lib/python3.6/site-packages/airflow/example_dags/example_xcom.py
[2021-03-30 00:12:00,142] {scheduler_job.py:629} INFO - Processing file /home/airflow/.local/lib/python3.6/site-packages/airflow/example_dags/example_xcom.py for tasks to queue
[2021-03-30 00:12:00,143] {logging_mixin.py:104} INFO - [2021-03-30 00:12:00,143] {dagbag.py:448} INFO - Filling up the DagBag from /home/airflow/.local/lib/python3.6/site-packages/airflow/example_dags/example_xcom.py
[2021-03-30 00:12:00,154] {scheduler_job.py:639} INFO - DAG(s) dict_keys(['example_xcom']) retrieved from /home/airflow/.local/lib/python3.6/site-packages/airflow/example_dags/example_xcom.py
[2021-03-30 00:12:00,173] {logging_mixin.py:104} INFO - [2021-03-30 00:12:00,173] {dag.py:1818} INFO - Sync 1 DAGs
[2021-03-30 00:12:00,188] {logging_mixin.py:104} INFO - [2021-03-30 00:12:00,187] {dag.py:2273} INFO - Setting next_dagrun for example_xcom to 2021-03-28 00:00:00+00:00
[2021-03-30 00:12:00,197] {scheduler_job.py:190} INFO - Processing /home/airflow/.local/lib/python3.6/site-packages/airflow/example_dags/example_xcom.py took 0.059 seconds
[2021-03-30 00:12:30,272] {scheduler_job.py:182} INFO - Started process (PID=3874) to work on /home/airflow/.local/lib/python3.6/site-packages/airflow/example_dags/example_xcom.py
[2021-03-30 00:12:30,273] {scheduler_job.py:629} INFO - Processing file /home/airflow/.local/lib/python3.6/site-packages/airflow/example_dags/example_xcom.py for tasks to queue
[2021-03-30 00:12:30,274] {logging_mixin.py:104} INFO - [2021-03-30 00:12:30,274] {dagbag.py:448} INFO - Filling up the DagBag from /home/airflow/.local/lib/python3.6/site-packages/airflow/example_dags/example_xcom.py
[2021-03-30 00:12:30,289] {scheduler_job.py:639} INFO - DAG(s) dict_keys(['example_xcom']) retrieved from /home/airflow/.local/lib/python3.6/site-packages/airflow/example_dags/example_xcom.py
[2021-03-30 00:12:30,322] {logging_mixin.py:104} INFO - [2021-03-30 00:12:30,321] {dag.py:1818} INFO - Sync 1 DAGs
[2021-03-30 00:12:30,345] {logging_mixin.py:104} INFO - [2021-03-30 00:12:30,344] {dag.py:2273} INFO - Setting next_dagrun for example_xcom to 2021-03-28 00:00:00+00:00
[2021-03-30 00:12:30,357] {scheduler_job.py:190} INFO - Processing /home/airflow/.local/lib/python3.6/site-packages/airflow/example_dags/example_xcom.py took 0.089 seconds
[2021-03-30 00:13:00,510] {scheduler_job.py:182} INFO - Started process (PID=3900) to work on /home/airflow/.local/lib/python3.6/site-packages/airflow/example_dags/example_xcom.py
[2021-03-30 00:13:00,511] {scheduler_job.py:629} INFO - Processing file /home/airflow/.local/lib/python3.6/site-packages/airflow/example_dags/example_xcom.py for tasks to queue
[2021-03-30 00:13:00,512] {logging_mixin.py:104} INFO - [2021-03-30 00:13:00,512] {dagbag.py:448} INFO - Filling up the DagBag from /home/airflow/.local/lib/python3.6/site-packages/airflow/example_dags/example_xcom.py
[2021-03-30 00:13:00,525] {scheduler_job.py:639} INFO - DAG(s) dict_keys(['example_xcom']) retrieved from /home/airflow/.local/lib/python3.6/site-packages/airflow/example_dags/example_xcom.py
[2021-03-30 00:13:00,548] {logging_mixin.py:104} INFO - [2021-03-30 00:13:00,548] {dag.py:1818} INFO - Sync 1 DAGs
[2021-03-30 00:13:00,564] {logging_mixin.py:104} INFO - [2021-03-30 00:13:00,563] {dag.py:2273} INFO - Setting next_dagrun for example_xcom to 2021-03-28 00:00:00+00:00
[2021-03-30 00:13:00,573] {scheduler_job.py:190} INFO - Processing /home/airflow/.local/lib/python3.6/site-packages/airflow/example_dags/example_xcom.py took 0.067 seconds
[2021-03-30 00:13:30,782] {scheduler_job.py:182} INFO - Started process (PID=3926) to work on /home/airflow/.local/lib/python3.6/site-packages/airflow/example_dags/example_xcom.py
[2021-03-30 00:13:30,783] {scheduler_job.py:629} INFO - Processing file /home/airflow/.local/lib/python3.6/site-packages/airflow/example_dags/example_xcom.py for tasks to queue
[2021-03-30 00:13:30,784] {logging_mixin.py:104} INFO - [2021-03-30 00:13:30,784] {dagbag.py:448} INFO - Filling up the DagBag from /home/airflow/.local/lib/python3.6/site-packages/airflow/example_dags/example_xcom.py
[2021-03-30 00:13:30,796] {scheduler_job.py:639} INFO - DAG(s) dict_keys(['example_xcom']) retrieved from /home/airflow/.local/lib/python3.6/site-packages/airflow/example_dags/example_xcom.py
[2021-03-30 00:13:30,815] {logging_mixin.py:104} INFO - [2021-03-30 00:13:30,815] {dag.py:1818} INFO - Sync 1 DAGs
[2021-03-30 00:13:30,831] {logging_mixin.py:104} INFO - [2021-03-30 00:13:30,830] {dag.py:2273} INFO - Setting next_dagrun for example_xcom to 2021-03-28 00:00:00+00:00
[2021-03-30 00:13:30,841] {scheduler_job.py:190} INFO - Processing /home/airflow/.local/lib/python3.6/site-packages/airflow/example_dags/example_xcom.py took 0.063 seconds
[2021-03-30 00:14:01,465] {scheduler_job.py:182} INFO - Started process (PID=3952) to work on /home/airflow/.local/lib/python3.6/site-packages/airflow/example_dags/example_xcom.py
[2021-03-30 00:14:01,466] {scheduler_job.py:629} INFO - Processing file /home/airflow/.local/lib/python3.6/site-packages/airflow/example_dags/example_xcom.py for tasks to queue
[2021-03-30 00:14:01,467] {logging_mixin.py:104} INFO - [2021-03-30 00:14:01,467] {dagbag.py:448} INFO - Filling up the DagBag from /home/airflow/.local/lib/python3.6/site-packages/airflow/example_dags/example_xcom.py
[2021-03-30 00:14:01,479] {scheduler_job.py:639} INFO - DAG(s) dict_keys(['example_xcom']) retrieved from /home/airflow/.local/lib/python3.6/site-packages/airflow/example_dags/example_xcom.py
[2021-03-30 00:14:01,501] {logging_mixin.py:104} INFO - [2021-03-30 00:14:01,501] {dag.py:1818} INFO - Sync 1 DAGs
[2021-03-30 00:14:01,516] {logging_mixin.py:104} INFO - [2021-03-30 00:14:01,516] {dag.py:2273} INFO - Setting next_dagrun for example_xcom to 2021-03-28 00:00:00+00:00
[2021-03-30 00:14:01,525] {scheduler_job.py:190} INFO - Processing /home/airflow/.local/lib/python3.6/site-packages/airflow/example_dags/example_xcom.py took 0.063 seconds
[2021-03-30 00:14:31,675] {scheduler_job.py:182} INFO - Started process (PID=3978) to work on /home/airflow/.local/lib/python3.6/site-packages/airflow/example_dags/example_xcom.py
[2021-03-30 00:14:31,676] {scheduler_job.py:629} INFO - Processing file /home/airflow/.local/lib/python3.6/site-packages/airflow/example_dags/example_xcom.py for tasks to queue
[2021-03-30 00:14:31,677] {logging_mixin.py:104} INFO - [2021-03-30 00:14:31,677] {dagbag.py:448} INFO - Filling up the DagBag from /home/airflow/.local/lib/python3.6/site-packages/airflow/example_dags/example_xcom.py
[2021-03-30 00:14:31,691] {scheduler_job.py:639} INFO - DAG(s) dict_keys(['example_xcom']) retrieved from /home/airflow/.local/lib/python3.6/site-packages/airflow/example_dags/example_xcom.py
[2021-03-30 00:14:31,712] {logging_mixin.py:104} INFO - [2021-03-30 00:14:31,712] {dag.py:1818} INFO - Sync 1 DAGs
[2021-03-30 00:14:31,728] {logging_mixin.py:104} INFO - [2021-03-30 00:14:31,728] {dag.py:2273} INFO - Setting next_dagrun for example_xcom to 2021-03-28 00:00:00+00:00
[2021-03-30 00:14:31,739] {scheduler_job.py:190} INFO - Processing /home/airflow/.local/lib/python3.6/site-packages/airflow/example_dags/example_xcom.py took 0.068 seconds
[2021-03-30 00:15:01,942] {scheduler_job.py:182} INFO - Started process (PID=4004) to work on /home/airflow/.local/lib/python3.6/site-packages/airflow/example_dags/example_xcom.py
[2021-03-30 00:15:01,944] {scheduler_job.py:629} INFO - Processing file /home/airflow/.local/lib/python3.6/site-packages/airflow/example_dags/example_xcom.py for tasks to queue
[2021-03-30 00:15:01,945] {logging_mixin.py:104} INFO - [2021-03-30 00:15:01,945] {dagbag.py:448} INFO - Filling up the DagBag from /home/airflow/.local/lib/python3.6/site-packages/airflow/example_dags/example_xcom.py
[2021-03-30 00:15:01,965] {scheduler_job.py:639} INFO - DAG(s) dict_keys(['example_xcom']) retrieved from /home/airflow/.local/lib/python3.6/site-packages/airflow/example_dags/example_xcom.py
[2021-03-30 00:15:01,988] {logging_mixin.py:104} INFO - [2021-03-30 00:15:01,988] {dag.py:1818} INFO - Sync 1 DAGs
[2021-03-30 00:15:02,003] {logging_mixin.py:104} INFO - [2021-03-30 00:15:02,003] {dag.py:2273} INFO - Setting next_dagrun for example_xcom to 2021-03-28 00:00:00+00:00
[2021-03-30 00:15:02,011] {scheduler_job.py:190} INFO - Processing /home/airflow/.local/lib/python3.6/site-packages/airflow/example_dags/example_xcom.py took 0.072 seconds
[2021-03-30 00:15:32,172] {scheduler_job.py:182} INFO - Started process (PID=4030) to work on /home/airflow/.local/lib/python3.6/site-packages/airflow/example_dags/example_xcom.py
[2021-03-30 00:15:32,174] {scheduler_job.py:629} INFO - Processing file /home/airflow/.local/lib/python3.6/site-packages/airflow/example_dags/example_xcom.py for tasks to queue
[2021-03-30 00:15:32,175] {logging_mixin.py:104} INFO - [2021-03-30 00:15:32,174] {dagbag.py:448} INFO - Filling up the DagBag from /home/airflow/.local/lib/python3.6/site-packages/airflow/example_dags/example_xcom.py
[2021-03-30 00:15:32,185] {scheduler_job.py:639} INFO - DAG(s) dict_keys(['example_xcom']) retrieved from /home/airflow/.local/lib/python3.6/site-packages/airflow/example_dags/example_xcom.py
[2021-03-30 00:15:32,204] {logging_mixin.py:104} INFO - [2021-03-30 00:15:32,204] {dag.py:1818} INFO - Sync 1 DAGs
[2021-03-30 00:15:32,217] {logging_mixin.py:104} INFO - [2021-03-30 00:15:32,216] {dag.py:2273} INFO - Setting next_dagrun for example_xcom to 2021-03-28 00:00:00+00:00
[2021-03-30 00:15:32,225] {scheduler_job.py:190} INFO - Processing /home/airflow/.local/lib/python3.6/site-packages/airflow/example_dags/example_xcom.py took 0.056 seconds
[2021-03-30 00:16:02,351] {scheduler_job.py:182} INFO - Started process (PID=4056) to work on /home/airflow/.local/lib/python3.6/site-packages/airflow/example_dags/example_xcom.py
[2021-03-30 00:16:02,352] {scheduler_job.py:629} INFO - Processing file /home/airflow/.local/lib/python3.6/site-packages/airflow/example_dags/example_xcom.py for tasks to queue
[2021-03-30 00:16:02,353] {logging_mixin.py:104} INFO - [2021-03-30 00:16:02,353] {dagbag.py:448} INFO - Filling up the DagBag from /home/airflow/.local/lib/python3.6/site-packages/airflow/example_dags/example_xcom.py
[2021-03-30 00:16:02,365] {scheduler_job.py:639} INFO - DAG(s) dict_keys(['example_xcom']) retrieved from /home/airflow/.local/lib/python3.6/site-packages/airflow/example_dags/example_xcom.py
[2021-03-30 00:16:02,384] {logging_mixin.py:104} INFO - [2021-03-30 00:16:02,383] {dag.py:1818} INFO - Sync 1 DAGs
[2021-03-30 00:16:02,396] {logging_mixin.py:104} INFO - [2021-03-30 00:16:02,396] {dag.py:2273} INFO - Setting next_dagrun for example_xcom to 2021-03-28 00:00:00+00:00
[2021-03-30 00:16:02,406] {scheduler_job.py:190} INFO - Processing /home/airflow/.local/lib/python3.6/site-packages/airflow/example_dags/example_xcom.py took 0.059 seconds
