[2021-03-30 00:00:21,001] {scheduler_job.py:182} INFO - Started process (PID=3247) to work on /home/airflow/.local/lib/python3.6/site-packages/airflow/example_dags/tutorial_taskflow_api_etl.py
[2021-03-30 00:00:21,010] {scheduler_job.py:629} INFO - Processing file /home/airflow/.local/lib/python3.6/site-packages/airflow/example_dags/tutorial_taskflow_api_etl.py for tasks to queue
[2021-03-30 00:00:21,013] {logging_mixin.py:104} INFO - [2021-03-30 00:00:21,012] {dagbag.py:448} INFO - Filling up the DagBag from /home/airflow/.local/lib/python3.6/site-packages/airflow/example_dags/tutorial_taskflow_api_etl.py
[2021-03-30 00:00:21,040] {scheduler_job.py:639} INFO - DAG(s) dict_keys(['tutorial_taskflow_api_etl']) retrieved from /home/airflow/.local/lib/python3.6/site-packages/airflow/example_dags/tutorial_taskflow_api_etl.py
[2021-03-30 00:00:21,084] {logging_mixin.py:104} INFO - [2021-03-30 00:00:21,084] {dag.py:1818} INFO - Sync 1 DAGs
[2021-03-30 00:00:21,113] {logging_mixin.py:104} INFO - [2021-03-30 00:00:21,113] {dag.py:2273} INFO - Setting next_dagrun for tutorial_taskflow_api_etl to None
[2021-03-30 00:00:21,140] {scheduler_job.py:190} INFO - Processing /home/airflow/.local/lib/python3.6/site-packages/airflow/example_dags/tutorial_taskflow_api_etl.py took 0.150 seconds
[2021-03-30 00:00:51,978] {scheduler_job.py:182} INFO - Started process (PID=3273) to work on /home/airflow/.local/lib/python3.6/site-packages/airflow/example_dags/tutorial_taskflow_api_etl.py
[2021-03-30 00:00:51,979] {scheduler_job.py:629} INFO - Processing file /home/airflow/.local/lib/python3.6/site-packages/airflow/example_dags/tutorial_taskflow_api_etl.py for tasks to queue
[2021-03-30 00:00:51,980] {logging_mixin.py:104} INFO - [2021-03-30 00:00:51,980] {dagbag.py:448} INFO - Filling up the DagBag from /home/airflow/.local/lib/python3.6/site-packages/airflow/example_dags/tutorial_taskflow_api_etl.py
[2021-03-30 00:00:51,992] {scheduler_job.py:639} INFO - DAG(s) dict_keys(['tutorial_taskflow_api_etl']) retrieved from /home/airflow/.local/lib/python3.6/site-packages/airflow/example_dags/tutorial_taskflow_api_etl.py
[2021-03-30 00:00:52,015] {logging_mixin.py:104} INFO - [2021-03-30 00:00:52,015] {dag.py:1818} INFO - Sync 1 DAGs
[2021-03-30 00:00:52,029] {logging_mixin.py:104} INFO - [2021-03-30 00:00:52,029] {dag.py:2273} INFO - Setting next_dagrun for tutorial_taskflow_api_etl to None
[2021-03-30 00:00:52,041] {scheduler_job.py:190} INFO - Processing /home/airflow/.local/lib/python3.6/site-packages/airflow/example_dags/tutorial_taskflow_api_etl.py took 0.066 seconds
[2021-03-30 00:01:22,657] {scheduler_job.py:182} INFO - Started process (PID=3299) to work on /home/airflow/.local/lib/python3.6/site-packages/airflow/example_dags/tutorial_taskflow_api_etl.py
[2021-03-30 00:01:22,658] {scheduler_job.py:629} INFO - Processing file /home/airflow/.local/lib/python3.6/site-packages/airflow/example_dags/tutorial_taskflow_api_etl.py for tasks to queue
[2021-03-30 00:01:22,659] {logging_mixin.py:104} INFO - [2021-03-30 00:01:22,659] {dagbag.py:448} INFO - Filling up the DagBag from /home/airflow/.local/lib/python3.6/site-packages/airflow/example_dags/tutorial_taskflow_api_etl.py
[2021-03-30 00:01:22,678] {scheduler_job.py:639} INFO - DAG(s) dict_keys(['tutorial_taskflow_api_etl']) retrieved from /home/airflow/.local/lib/python3.6/site-packages/airflow/example_dags/tutorial_taskflow_api_etl.py
[2021-03-30 00:01:22,715] {logging_mixin.py:104} INFO - [2021-03-30 00:01:22,715] {dag.py:1818} INFO - Sync 1 DAGs
[2021-03-30 00:01:22,742] {logging_mixin.py:104} INFO - [2021-03-30 00:01:22,742] {dag.py:2273} INFO - Setting next_dagrun for tutorial_taskflow_api_etl to None
[2021-03-30 00:01:22,768] {scheduler_job.py:190} INFO - Processing /home/airflow/.local/lib/python3.6/site-packages/airflow/example_dags/tutorial_taskflow_api_etl.py took 0.117 seconds
[2021-03-30 00:01:53,273] {scheduler_job.py:182} INFO - Started process (PID=3325) to work on /home/airflow/.local/lib/python3.6/site-packages/airflow/example_dags/tutorial_taskflow_api_etl.py
[2021-03-30 00:01:53,275] {scheduler_job.py:629} INFO - Processing file /home/airflow/.local/lib/python3.6/site-packages/airflow/example_dags/tutorial_taskflow_api_etl.py for tasks to queue
[2021-03-30 00:01:53,277] {logging_mixin.py:104} INFO - [2021-03-30 00:01:53,276] {dagbag.py:448} INFO - Filling up the DagBag from /home/airflow/.local/lib/python3.6/site-packages/airflow/example_dags/tutorial_taskflow_api_etl.py
[2021-03-30 00:01:53,298] {scheduler_job.py:639} INFO - DAG(s) dict_keys(['tutorial_taskflow_api_etl']) retrieved from /home/airflow/.local/lib/python3.6/site-packages/airflow/example_dags/tutorial_taskflow_api_etl.py
[2021-03-30 00:01:53,331] {logging_mixin.py:104} INFO - [2021-03-30 00:01:53,331] {dag.py:1818} INFO - Sync 1 DAGs
[2021-03-30 00:01:53,354] {logging_mixin.py:104} INFO - [2021-03-30 00:01:53,354] {dag.py:2273} INFO - Setting next_dagrun for tutorial_taskflow_api_etl to None
[2021-03-30 00:01:53,370] {scheduler_job.py:190} INFO - Processing /home/airflow/.local/lib/python3.6/site-packages/airflow/example_dags/tutorial_taskflow_api_etl.py took 0.101 seconds
[2021-03-30 00:02:24,122] {scheduler_job.py:182} INFO - Started process (PID=3351) to work on /home/airflow/.local/lib/python3.6/site-packages/airflow/example_dags/tutorial_taskflow_api_etl.py
[2021-03-30 00:02:24,124] {scheduler_job.py:629} INFO - Processing file /home/airflow/.local/lib/python3.6/site-packages/airflow/example_dags/tutorial_taskflow_api_etl.py for tasks to queue
[2021-03-30 00:02:24,126] {logging_mixin.py:104} INFO - [2021-03-30 00:02:24,126] {dagbag.py:448} INFO - Filling up the DagBag from /home/airflow/.local/lib/python3.6/site-packages/airflow/example_dags/tutorial_taskflow_api_etl.py
[2021-03-30 00:02:24,155] {scheduler_job.py:639} INFO - DAG(s) dict_keys(['tutorial_taskflow_api_etl']) retrieved from /home/airflow/.local/lib/python3.6/site-packages/airflow/example_dags/tutorial_taskflow_api_etl.py
[2021-03-30 00:02:24,194] {logging_mixin.py:104} INFO - [2021-03-30 00:02:24,194] {dag.py:1818} INFO - Sync 1 DAGs
[2021-03-30 00:02:24,229] {logging_mixin.py:104} INFO - [2021-03-30 00:02:24,229] {dag.py:2273} INFO - Setting next_dagrun for tutorial_taskflow_api_etl to None
[2021-03-30 00:02:24,253] {scheduler_job.py:190} INFO - Processing /home/airflow/.local/lib/python3.6/site-packages/airflow/example_dags/tutorial_taskflow_api_etl.py took 0.137 seconds
[2021-03-30 00:02:54,842] {scheduler_job.py:182} INFO - Started process (PID=3377) to work on /home/airflow/.local/lib/python3.6/site-packages/airflow/example_dags/tutorial_taskflow_api_etl.py
[2021-03-30 00:02:54,844] {scheduler_job.py:629} INFO - Processing file /home/airflow/.local/lib/python3.6/site-packages/airflow/example_dags/tutorial_taskflow_api_etl.py for tasks to queue
[2021-03-30 00:02:54,845] {logging_mixin.py:104} INFO - [2021-03-30 00:02:54,845] {dagbag.py:448} INFO - Filling up the DagBag from /home/airflow/.local/lib/python3.6/site-packages/airflow/example_dags/tutorial_taskflow_api_etl.py
[2021-03-30 00:02:54,860] {scheduler_job.py:639} INFO - DAG(s) dict_keys(['tutorial_taskflow_api_etl']) retrieved from /home/airflow/.local/lib/python3.6/site-packages/airflow/example_dags/tutorial_taskflow_api_etl.py
[2021-03-30 00:02:54,889] {logging_mixin.py:104} INFO - [2021-03-30 00:02:54,889] {dag.py:1818} INFO - Sync 1 DAGs
[2021-03-30 00:02:54,909] {logging_mixin.py:104} INFO - [2021-03-30 00:02:54,908] {dag.py:2273} INFO - Setting next_dagrun for tutorial_taskflow_api_etl to None
[2021-03-30 00:02:54,924] {scheduler_job.py:190} INFO - Processing /home/airflow/.local/lib/python3.6/site-packages/airflow/example_dags/tutorial_taskflow_api_etl.py took 0.086 seconds
[2021-03-30 00:03:25,109] {scheduler_job.py:182} INFO - Started process (PID=3403) to work on /home/airflow/.local/lib/python3.6/site-packages/airflow/example_dags/tutorial_taskflow_api_etl.py
[2021-03-30 00:03:25,111] {scheduler_job.py:629} INFO - Processing file /home/airflow/.local/lib/python3.6/site-packages/airflow/example_dags/tutorial_taskflow_api_etl.py for tasks to queue
[2021-03-30 00:03:25,112] {logging_mixin.py:104} INFO - [2021-03-30 00:03:25,112] {dagbag.py:448} INFO - Filling up the DagBag from /home/airflow/.local/lib/python3.6/site-packages/airflow/example_dags/tutorial_taskflow_api_etl.py
[2021-03-30 00:03:25,125] {scheduler_job.py:639} INFO - DAG(s) dict_keys(['tutorial_taskflow_api_etl']) retrieved from /home/airflow/.local/lib/python3.6/site-packages/airflow/example_dags/tutorial_taskflow_api_etl.py
[2021-03-30 00:03:25,150] {logging_mixin.py:104} INFO - [2021-03-30 00:03:25,150] {dag.py:1818} INFO - Sync 1 DAGs
[2021-03-30 00:03:25,166] {logging_mixin.py:104} INFO - [2021-03-30 00:03:25,165] {dag.py:2273} INFO - Setting next_dagrun for tutorial_taskflow_api_etl to None
[2021-03-30 00:03:25,178] {scheduler_job.py:190} INFO - Processing /home/airflow/.local/lib/python3.6/site-packages/airflow/example_dags/tutorial_taskflow_api_etl.py took 0.071 seconds
[2021-03-30 00:03:55,434] {scheduler_job.py:182} INFO - Started process (PID=3429) to work on /home/airflow/.local/lib/python3.6/site-packages/airflow/example_dags/tutorial_taskflow_api_etl.py
[2021-03-30 00:03:55,436] {scheduler_job.py:629} INFO - Processing file /home/airflow/.local/lib/python3.6/site-packages/airflow/example_dags/tutorial_taskflow_api_etl.py for tasks to queue
[2021-03-30 00:03:55,437] {logging_mixin.py:104} INFO - [2021-03-30 00:03:55,437] {dagbag.py:448} INFO - Filling up the DagBag from /home/airflow/.local/lib/python3.6/site-packages/airflow/example_dags/tutorial_taskflow_api_etl.py
[2021-03-30 00:03:55,451] {scheduler_job.py:639} INFO - DAG(s) dict_keys(['tutorial_taskflow_api_etl']) retrieved from /home/airflow/.local/lib/python3.6/site-packages/airflow/example_dags/tutorial_taskflow_api_etl.py
[2021-03-30 00:03:55,473] {logging_mixin.py:104} INFO - [2021-03-30 00:03:55,473] {dag.py:1818} INFO - Sync 1 DAGs
[2021-03-30 00:03:55,490] {logging_mixin.py:104} INFO - [2021-03-30 00:03:55,490] {dag.py:2273} INFO - Setting next_dagrun for tutorial_taskflow_api_etl to None
[2021-03-30 00:03:55,502] {scheduler_job.py:190} INFO - Processing /home/airflow/.local/lib/python3.6/site-packages/airflow/example_dags/tutorial_taskflow_api_etl.py took 0.071 seconds
[2021-03-30 00:04:25,574] {scheduler_job.py:182} INFO - Started process (PID=3454) to work on /home/airflow/.local/lib/python3.6/site-packages/airflow/example_dags/tutorial_taskflow_api_etl.py
[2021-03-30 00:04:25,576] {scheduler_job.py:629} INFO - Processing file /home/airflow/.local/lib/python3.6/site-packages/airflow/example_dags/tutorial_taskflow_api_etl.py for tasks to queue
[2021-03-30 00:04:25,576] {logging_mixin.py:104} INFO - [2021-03-30 00:04:25,576] {dagbag.py:448} INFO - Filling up the DagBag from /home/airflow/.local/lib/python3.6/site-packages/airflow/example_dags/tutorial_taskflow_api_etl.py
[2021-03-30 00:04:25,589] {scheduler_job.py:639} INFO - DAG(s) dict_keys(['tutorial_taskflow_api_etl']) retrieved from /home/airflow/.local/lib/python3.6/site-packages/airflow/example_dags/tutorial_taskflow_api_etl.py
[2021-03-30 00:04:25,612] {logging_mixin.py:104} INFO - [2021-03-30 00:04:25,612] {dag.py:1818} INFO - Sync 1 DAGs
[2021-03-30 00:04:25,627] {logging_mixin.py:104} INFO - [2021-03-30 00:04:25,627] {dag.py:2273} INFO - Setting next_dagrun for tutorial_taskflow_api_etl to None
[2021-03-30 00:04:25,639] {scheduler_job.py:190} INFO - Processing /home/airflow/.local/lib/python3.6/site-packages/airflow/example_dags/tutorial_taskflow_api_etl.py took 0.069 seconds
[2021-03-30 00:04:55,679] {scheduler_job.py:182} INFO - Started process (PID=3480) to work on /home/airflow/.local/lib/python3.6/site-packages/airflow/example_dags/tutorial_taskflow_api_etl.py
[2021-03-30 00:04:55,680] {scheduler_job.py:629} INFO - Processing file /home/airflow/.local/lib/python3.6/site-packages/airflow/example_dags/tutorial_taskflow_api_etl.py for tasks to queue
[2021-03-30 00:04:55,681] {logging_mixin.py:104} INFO - [2021-03-30 00:04:55,681] {dagbag.py:448} INFO - Filling up the DagBag from /home/airflow/.local/lib/python3.6/site-packages/airflow/example_dags/tutorial_taskflow_api_etl.py
[2021-03-30 00:04:55,694] {scheduler_job.py:639} INFO - DAG(s) dict_keys(['tutorial_taskflow_api_etl']) retrieved from /home/airflow/.local/lib/python3.6/site-packages/airflow/example_dags/tutorial_taskflow_api_etl.py
[2021-03-30 00:04:55,717] {logging_mixin.py:104} INFO - [2021-03-30 00:04:55,717] {dag.py:1818} INFO - Sync 1 DAGs
[2021-03-30 00:04:55,734] {logging_mixin.py:104} INFO - [2021-03-30 00:04:55,734] {dag.py:2273} INFO - Setting next_dagrun for tutorial_taskflow_api_etl to None
[2021-03-30 00:04:55,747] {scheduler_job.py:190} INFO - Processing /home/airflow/.local/lib/python3.6/site-packages/airflow/example_dags/tutorial_taskflow_api_etl.py took 0.071 seconds
[2021-03-30 00:05:25,781] {scheduler_job.py:182} INFO - Started process (PID=3505) to work on /home/airflow/.local/lib/python3.6/site-packages/airflow/example_dags/tutorial_taskflow_api_etl.py
[2021-03-30 00:05:25,783] {scheduler_job.py:629} INFO - Processing file /home/airflow/.local/lib/python3.6/site-packages/airflow/example_dags/tutorial_taskflow_api_etl.py for tasks to queue
[2021-03-30 00:05:25,784] {logging_mixin.py:104} INFO - [2021-03-30 00:05:25,784] {dagbag.py:448} INFO - Filling up the DagBag from /home/airflow/.local/lib/python3.6/site-packages/airflow/example_dags/tutorial_taskflow_api_etl.py
[2021-03-30 00:05:25,798] {scheduler_job.py:639} INFO - DAG(s) dict_keys(['tutorial_taskflow_api_etl']) retrieved from /home/airflow/.local/lib/python3.6/site-packages/airflow/example_dags/tutorial_taskflow_api_etl.py
[2021-03-30 00:05:25,821] {logging_mixin.py:104} INFO - [2021-03-30 00:05:25,820] {dag.py:1818} INFO - Sync 1 DAGs
[2021-03-30 00:05:25,836] {logging_mixin.py:104} INFO - [2021-03-30 00:05:25,836] {dag.py:2273} INFO - Setting next_dagrun for tutorial_taskflow_api_etl to None
[2021-03-30 00:05:25,849] {scheduler_job.py:190} INFO - Processing /home/airflow/.local/lib/python3.6/site-packages/airflow/example_dags/tutorial_taskflow_api_etl.py took 0.072 seconds
[2021-03-30 00:05:56,653] {scheduler_job.py:182} INFO - Started process (PID=3533) to work on /home/airflow/.local/lib/python3.6/site-packages/airflow/example_dags/tutorial_taskflow_api_etl.py
[2021-03-30 00:05:56,654] {scheduler_job.py:629} INFO - Processing file /home/airflow/.local/lib/python3.6/site-packages/airflow/example_dags/tutorial_taskflow_api_etl.py for tasks to queue
[2021-03-30 00:05:56,655] {logging_mixin.py:104} INFO - [2021-03-30 00:05:56,655] {dagbag.py:448} INFO - Filling up the DagBag from /home/airflow/.local/lib/python3.6/site-packages/airflow/example_dags/tutorial_taskflow_api_etl.py
[2021-03-30 00:05:56,669] {scheduler_job.py:639} INFO - DAG(s) dict_keys(['tutorial_taskflow_api_etl']) retrieved from /home/airflow/.local/lib/python3.6/site-packages/airflow/example_dags/tutorial_taskflow_api_etl.py
[2021-03-30 00:05:56,692] {logging_mixin.py:104} INFO - [2021-03-30 00:05:56,692] {dag.py:1818} INFO - Sync 1 DAGs
[2021-03-30 00:05:56,707] {logging_mixin.py:104} INFO - [2021-03-30 00:05:56,707] {dag.py:2273} INFO - Setting next_dagrun for tutorial_taskflow_api_etl to None
[2021-03-30 00:05:56,718] {scheduler_job.py:190} INFO - Processing /home/airflow/.local/lib/python3.6/site-packages/airflow/example_dags/tutorial_taskflow_api_etl.py took 0.070 seconds
[2021-03-30 00:06:26,859] {scheduler_job.py:182} INFO - Started process (PID=3559) to work on /home/airflow/.local/lib/python3.6/site-packages/airflow/example_dags/tutorial_taskflow_api_etl.py
[2021-03-30 00:06:26,860] {scheduler_job.py:629} INFO - Processing file /home/airflow/.local/lib/python3.6/site-packages/airflow/example_dags/tutorial_taskflow_api_etl.py for tasks to queue
[2021-03-30 00:06:26,861] {logging_mixin.py:104} INFO - [2021-03-30 00:06:26,861] {dagbag.py:448} INFO - Filling up the DagBag from /home/airflow/.local/lib/python3.6/site-packages/airflow/example_dags/tutorial_taskflow_api_etl.py
[2021-03-30 00:06:26,873] {scheduler_job.py:639} INFO - DAG(s) dict_keys(['tutorial_taskflow_api_etl']) retrieved from /home/airflow/.local/lib/python3.6/site-packages/airflow/example_dags/tutorial_taskflow_api_etl.py
[2021-03-30 00:06:26,896] {logging_mixin.py:104} INFO - [2021-03-30 00:06:26,896] {dag.py:1818} INFO - Sync 1 DAGs
[2021-03-30 00:06:26,911] {logging_mixin.py:104} INFO - [2021-03-30 00:06:26,911] {dag.py:2273} INFO - Setting next_dagrun for tutorial_taskflow_api_etl to None
[2021-03-30 00:06:26,923] {scheduler_job.py:190} INFO - Processing /home/airflow/.local/lib/python3.6/site-packages/airflow/example_dags/tutorial_taskflow_api_etl.py took 0.068 seconds
[2021-03-30 00:06:57,199] {scheduler_job.py:182} INFO - Started process (PID=3585) to work on /home/airflow/.local/lib/python3.6/site-packages/airflow/example_dags/tutorial_taskflow_api_etl.py
[2021-03-30 00:06:57,201] {scheduler_job.py:629} INFO - Processing file /home/airflow/.local/lib/python3.6/site-packages/airflow/example_dags/tutorial_taskflow_api_etl.py for tasks to queue
[2021-03-30 00:06:57,203] {logging_mixin.py:104} INFO - [2021-03-30 00:06:57,202] {dagbag.py:448} INFO - Filling up the DagBag from /home/airflow/.local/lib/python3.6/site-packages/airflow/example_dags/tutorial_taskflow_api_etl.py
[2021-03-30 00:06:57,223] {scheduler_job.py:639} INFO - DAG(s) dict_keys(['tutorial_taskflow_api_etl']) retrieved from /home/airflow/.local/lib/python3.6/site-packages/airflow/example_dags/tutorial_taskflow_api_etl.py
[2021-03-30 00:06:57,265] {logging_mixin.py:104} INFO - [2021-03-30 00:06:57,265] {dag.py:1818} INFO - Sync 1 DAGs
[2021-03-30 00:06:57,298] {logging_mixin.py:104} INFO - [2021-03-30 00:06:57,298] {dag.py:2273} INFO - Setting next_dagrun for tutorial_taskflow_api_etl to None
[2021-03-30 00:06:57,317] {scheduler_job.py:190} INFO - Processing /home/airflow/.local/lib/python3.6/site-packages/airflow/example_dags/tutorial_taskflow_api_etl.py took 0.123 seconds
[2021-03-30 00:07:27,650] {scheduler_job.py:182} INFO - Started process (PID=3609) to work on /home/airflow/.local/lib/python3.6/site-packages/airflow/example_dags/tutorial_taskflow_api_etl.py
[2021-03-30 00:07:27,652] {scheduler_job.py:629} INFO - Processing file /home/airflow/.local/lib/python3.6/site-packages/airflow/example_dags/tutorial_taskflow_api_etl.py for tasks to queue
[2021-03-30 00:07:27,654] {logging_mixin.py:104} INFO - [2021-03-30 00:07:27,653] {dagbag.py:448} INFO - Filling up the DagBag from /home/airflow/.local/lib/python3.6/site-packages/airflow/example_dags/tutorial_taskflow_api_etl.py
[2021-03-30 00:07:27,675] {scheduler_job.py:639} INFO - DAG(s) dict_keys(['tutorial_taskflow_api_etl']) retrieved from /home/airflow/.local/lib/python3.6/site-packages/airflow/example_dags/tutorial_taskflow_api_etl.py
[2021-03-30 00:07:27,709] {logging_mixin.py:104} INFO - [2021-03-30 00:07:27,709] {dag.py:1818} INFO - Sync 1 DAGs
[2021-03-30 00:07:27,730] {logging_mixin.py:104} INFO - [2021-03-30 00:07:27,729] {dag.py:2273} INFO - Setting next_dagrun for tutorial_taskflow_api_etl to None
[2021-03-30 00:07:27,749] {scheduler_job.py:190} INFO - Processing /home/airflow/.local/lib/python3.6/site-packages/airflow/example_dags/tutorial_taskflow_api_etl.py took 0.104 seconds
[2021-03-30 00:07:57,949] {scheduler_job.py:182} INFO - Started process (PID=3635) to work on /home/airflow/.local/lib/python3.6/site-packages/airflow/example_dags/tutorial_taskflow_api_etl.py
[2021-03-30 00:07:57,950] {scheduler_job.py:629} INFO - Processing file /home/airflow/.local/lib/python3.6/site-packages/airflow/example_dags/tutorial_taskflow_api_etl.py for tasks to queue
[2021-03-30 00:07:57,951] {logging_mixin.py:104} INFO - [2021-03-30 00:07:57,951] {dagbag.py:448} INFO - Filling up the DagBag from /home/airflow/.local/lib/python3.6/site-packages/airflow/example_dags/tutorial_taskflow_api_etl.py
[2021-03-30 00:07:57,963] {scheduler_job.py:639} INFO - DAG(s) dict_keys(['tutorial_taskflow_api_etl']) retrieved from /home/airflow/.local/lib/python3.6/site-packages/airflow/example_dags/tutorial_taskflow_api_etl.py
[2021-03-30 00:07:57,984] {logging_mixin.py:104} INFO - [2021-03-30 00:07:57,984] {dag.py:1818} INFO - Sync 1 DAGs
[2021-03-30 00:07:57,998] {logging_mixin.py:104} INFO - [2021-03-30 00:07:57,998] {dag.py:2273} INFO - Setting next_dagrun for tutorial_taskflow_api_etl to None
[2021-03-30 00:07:58,010] {scheduler_job.py:190} INFO - Processing /home/airflow/.local/lib/python3.6/site-packages/airflow/example_dags/tutorial_taskflow_api_etl.py took 0.064 seconds
[2021-03-30 00:08:28,118] {scheduler_job.py:182} INFO - Started process (PID=3661) to work on /home/airflow/.local/lib/python3.6/site-packages/airflow/example_dags/tutorial_taskflow_api_etl.py
[2021-03-30 00:08:28,120] {scheduler_job.py:629} INFO - Processing file /home/airflow/.local/lib/python3.6/site-packages/airflow/example_dags/tutorial_taskflow_api_etl.py for tasks to queue
[2021-03-30 00:08:28,121] {logging_mixin.py:104} INFO - [2021-03-30 00:08:28,121] {dagbag.py:448} INFO - Filling up the DagBag from /home/airflow/.local/lib/python3.6/site-packages/airflow/example_dags/tutorial_taskflow_api_etl.py
[2021-03-30 00:08:28,137] {scheduler_job.py:639} INFO - DAG(s) dict_keys(['tutorial_taskflow_api_etl']) retrieved from /home/airflow/.local/lib/python3.6/site-packages/airflow/example_dags/tutorial_taskflow_api_etl.py
[2021-03-30 00:08:28,167] {logging_mixin.py:104} INFO - [2021-03-30 00:08:28,167] {dag.py:1818} INFO - Sync 1 DAGs
[2021-03-30 00:08:28,186] {logging_mixin.py:104} INFO - [2021-03-30 00:08:28,186] {dag.py:2273} INFO - Setting next_dagrun for tutorial_taskflow_api_etl to None
[2021-03-30 00:08:28,199] {scheduler_job.py:190} INFO - Processing /home/airflow/.local/lib/python3.6/site-packages/airflow/example_dags/tutorial_taskflow_api_etl.py took 0.084 seconds
[2021-03-30 00:08:58,372] {scheduler_job.py:182} INFO - Started process (PID=3687) to work on /home/airflow/.local/lib/python3.6/site-packages/airflow/example_dags/tutorial_taskflow_api_etl.py
[2021-03-30 00:08:58,373] {scheduler_job.py:629} INFO - Processing file /home/airflow/.local/lib/python3.6/site-packages/airflow/example_dags/tutorial_taskflow_api_etl.py for tasks to queue
[2021-03-30 00:08:58,375] {logging_mixin.py:104} INFO - [2021-03-30 00:08:58,375] {dagbag.py:448} INFO - Filling up the DagBag from /home/airflow/.local/lib/python3.6/site-packages/airflow/example_dags/tutorial_taskflow_api_etl.py
[2021-03-30 00:08:58,398] {scheduler_job.py:639} INFO - DAG(s) dict_keys(['tutorial_taskflow_api_etl']) retrieved from /home/airflow/.local/lib/python3.6/site-packages/airflow/example_dags/tutorial_taskflow_api_etl.py
[2021-03-30 00:08:58,426] {logging_mixin.py:104} INFO - [2021-03-30 00:08:58,426] {dag.py:1818} INFO - Sync 1 DAGs
[2021-03-30 00:08:58,444] {logging_mixin.py:104} INFO - [2021-03-30 00:08:58,444] {dag.py:2273} INFO - Setting next_dagrun for tutorial_taskflow_api_etl to None
[2021-03-30 00:08:58,457] {scheduler_job.py:190} INFO - Processing /home/airflow/.local/lib/python3.6/site-packages/airflow/example_dags/tutorial_taskflow_api_etl.py took 0.090 seconds
[2021-03-30 00:09:28,627] {scheduler_job.py:182} INFO - Started process (PID=3713) to work on /home/airflow/.local/lib/python3.6/site-packages/airflow/example_dags/tutorial_taskflow_api_etl.py
[2021-03-30 00:09:28,628] {scheduler_job.py:629} INFO - Processing file /home/airflow/.local/lib/python3.6/site-packages/airflow/example_dags/tutorial_taskflow_api_etl.py for tasks to queue
[2021-03-30 00:09:28,629] {logging_mixin.py:104} INFO - [2021-03-30 00:09:28,629] {dagbag.py:448} INFO - Filling up the DagBag from /home/airflow/.local/lib/python3.6/site-packages/airflow/example_dags/tutorial_taskflow_api_etl.py
[2021-03-30 00:09:28,644] {scheduler_job.py:639} INFO - DAG(s) dict_keys(['tutorial_taskflow_api_etl']) retrieved from /home/airflow/.local/lib/python3.6/site-packages/airflow/example_dags/tutorial_taskflow_api_etl.py
[2021-03-30 00:09:28,668] {logging_mixin.py:104} INFO - [2021-03-30 00:09:28,668] {dag.py:1818} INFO - Sync 1 DAGs
[2021-03-30 00:09:28,685] {logging_mixin.py:104} INFO - [2021-03-30 00:09:28,685] {dag.py:2273} INFO - Setting next_dagrun for tutorial_taskflow_api_etl to None
[2021-03-30 00:09:28,697] {scheduler_job.py:190} INFO - Processing /home/airflow/.local/lib/python3.6/site-packages/airflow/example_dags/tutorial_taskflow_api_etl.py took 0.073 seconds
[2021-03-30 00:09:58,738] {scheduler_job.py:182} INFO - Started process (PID=3738) to work on /home/airflow/.local/lib/python3.6/site-packages/airflow/example_dags/tutorial_taskflow_api_etl.py
[2021-03-30 00:09:58,739] {scheduler_job.py:629} INFO - Processing file /home/airflow/.local/lib/python3.6/site-packages/airflow/example_dags/tutorial_taskflow_api_etl.py for tasks to queue
[2021-03-30 00:09:58,739] {logging_mixin.py:104} INFO - [2021-03-30 00:09:58,739] {dagbag.py:448} INFO - Filling up the DagBag from /home/airflow/.local/lib/python3.6/site-packages/airflow/example_dags/tutorial_taskflow_api_etl.py
[2021-03-30 00:09:58,754] {scheduler_job.py:639} INFO - DAG(s) dict_keys(['tutorial_taskflow_api_etl']) retrieved from /home/airflow/.local/lib/python3.6/site-packages/airflow/example_dags/tutorial_taskflow_api_etl.py
[2021-03-30 00:09:58,784] {logging_mixin.py:104} INFO - [2021-03-30 00:09:58,784] {dag.py:1818} INFO - Sync 1 DAGs
[2021-03-30 00:09:58,806] {logging_mixin.py:104} INFO - [2021-03-30 00:09:58,806] {dag.py:2273} INFO - Setting next_dagrun for tutorial_taskflow_api_etl to None
[2021-03-30 00:09:58,824] {scheduler_job.py:190} INFO - Processing /home/airflow/.local/lib/python3.6/site-packages/airflow/example_dags/tutorial_taskflow_api_etl.py took 0.091 seconds
[2021-03-30 00:10:28,854] {scheduler_job.py:182} INFO - Started process (PID=3762) to work on /home/airflow/.local/lib/python3.6/site-packages/airflow/example_dags/tutorial_taskflow_api_etl.py
[2021-03-30 00:10:28,857] {scheduler_job.py:629} INFO - Processing file /home/airflow/.local/lib/python3.6/site-packages/airflow/example_dags/tutorial_taskflow_api_etl.py for tasks to queue
[2021-03-30 00:10:28,857] {logging_mixin.py:104} INFO - [2021-03-30 00:10:28,857] {dagbag.py:448} INFO - Filling up the DagBag from /home/airflow/.local/lib/python3.6/site-packages/airflow/example_dags/tutorial_taskflow_api_etl.py
[2021-03-30 00:10:28,873] {scheduler_job.py:639} INFO - DAG(s) dict_keys(['tutorial_taskflow_api_etl']) retrieved from /home/airflow/.local/lib/python3.6/site-packages/airflow/example_dags/tutorial_taskflow_api_etl.py
[2021-03-30 00:10:28,900] {logging_mixin.py:104} INFO - [2021-03-30 00:10:28,900] {dag.py:1818} INFO - Sync 1 DAGs
[2021-03-30 00:10:28,917] {logging_mixin.py:104} INFO - [2021-03-30 00:10:28,917] {dag.py:2273} INFO - Setting next_dagrun for tutorial_taskflow_api_etl to None
[2021-03-30 00:10:28,931] {scheduler_job.py:190} INFO - Processing /home/airflow/.local/lib/python3.6/site-packages/airflow/example_dags/tutorial_taskflow_api_etl.py took 0.081 seconds
[2021-03-30 00:10:59,060] {scheduler_job.py:182} INFO - Started process (PID=3788) to work on /home/airflow/.local/lib/python3.6/site-packages/airflow/example_dags/tutorial_taskflow_api_etl.py
[2021-03-30 00:10:59,064] {scheduler_job.py:629} INFO - Processing file /home/airflow/.local/lib/python3.6/site-packages/airflow/example_dags/tutorial_taskflow_api_etl.py for tasks to queue
[2021-03-30 00:10:59,065] {logging_mixin.py:104} INFO - [2021-03-30 00:10:59,065] {dagbag.py:448} INFO - Filling up the DagBag from /home/airflow/.local/lib/python3.6/site-packages/airflow/example_dags/tutorial_taskflow_api_etl.py
[2021-03-30 00:10:59,083] {scheduler_job.py:639} INFO - DAG(s) dict_keys(['tutorial_taskflow_api_etl']) retrieved from /home/airflow/.local/lib/python3.6/site-packages/airflow/example_dags/tutorial_taskflow_api_etl.py
[2021-03-30 00:10:59,119] {logging_mixin.py:104} INFO - [2021-03-30 00:10:59,119] {dag.py:1818} INFO - Sync 1 DAGs
[2021-03-30 00:10:59,143] {logging_mixin.py:104} INFO - [2021-03-30 00:10:59,143] {dag.py:2273} INFO - Setting next_dagrun for tutorial_taskflow_api_etl to None
[2021-03-30 00:10:59,157] {scheduler_job.py:190} INFO - Processing /home/airflow/.local/lib/python3.6/site-packages/airflow/example_dags/tutorial_taskflow_api_etl.py took 0.103 seconds
[2021-03-30 00:11:29,409] {scheduler_job.py:182} INFO - Started process (PID=3814) to work on /home/airflow/.local/lib/python3.6/site-packages/airflow/example_dags/tutorial_taskflow_api_etl.py
[2021-03-30 00:11:29,410] {scheduler_job.py:629} INFO - Processing file /home/airflow/.local/lib/python3.6/site-packages/airflow/example_dags/tutorial_taskflow_api_etl.py for tasks to queue
[2021-03-30 00:11:29,411] {logging_mixin.py:104} INFO - [2021-03-30 00:11:29,411] {dagbag.py:448} INFO - Filling up the DagBag from /home/airflow/.local/lib/python3.6/site-packages/airflow/example_dags/tutorial_taskflow_api_etl.py
[2021-03-30 00:11:29,426] {scheduler_job.py:639} INFO - DAG(s) dict_keys(['tutorial_taskflow_api_etl']) retrieved from /home/airflow/.local/lib/python3.6/site-packages/airflow/example_dags/tutorial_taskflow_api_etl.py
[2021-03-30 00:11:29,451] {logging_mixin.py:104} INFO - [2021-03-30 00:11:29,451] {dag.py:1818} INFO - Sync 1 DAGs
[2021-03-30 00:11:29,466] {logging_mixin.py:104} INFO - [2021-03-30 00:11:29,466] {dag.py:2273} INFO - Setting next_dagrun for tutorial_taskflow_api_etl to None
[2021-03-30 00:11:29,478] {scheduler_job.py:190} INFO - Processing /home/airflow/.local/lib/python3.6/site-packages/airflow/example_dags/tutorial_taskflow_api_etl.py took 0.073 seconds
[2021-03-30 00:11:59,896] {scheduler_job.py:182} INFO - Started process (PID=3843) to work on /home/airflow/.local/lib/python3.6/site-packages/airflow/example_dags/tutorial_taskflow_api_etl.py
[2021-03-30 00:11:59,898] {scheduler_job.py:629} INFO - Processing file /home/airflow/.local/lib/python3.6/site-packages/airflow/example_dags/tutorial_taskflow_api_etl.py for tasks to queue
[2021-03-30 00:11:59,899] {logging_mixin.py:104} INFO - [2021-03-30 00:11:59,898] {dagbag.py:448} INFO - Filling up the DagBag from /home/airflow/.local/lib/python3.6/site-packages/airflow/example_dags/tutorial_taskflow_api_etl.py
[2021-03-30 00:11:59,914] {scheduler_job.py:639} INFO - DAG(s) dict_keys(['tutorial_taskflow_api_etl']) retrieved from /home/airflow/.local/lib/python3.6/site-packages/airflow/example_dags/tutorial_taskflow_api_etl.py
[2021-03-30 00:11:59,943] {logging_mixin.py:104} INFO - [2021-03-30 00:11:59,942] {dag.py:1818} INFO - Sync 1 DAGs
[2021-03-30 00:11:59,959] {logging_mixin.py:104} INFO - [2021-03-30 00:11:59,959] {dag.py:2273} INFO - Setting next_dagrun for tutorial_taskflow_api_etl to None
[2021-03-30 00:11:59,973] {scheduler_job.py:190} INFO - Processing /home/airflow/.local/lib/python3.6/site-packages/airflow/example_dags/tutorial_taskflow_api_etl.py took 0.081 seconds
[2021-03-30 00:12:30,022] {scheduler_job.py:182} INFO - Started process (PID=3869) to work on /home/airflow/.local/lib/python3.6/site-packages/airflow/example_dags/tutorial_taskflow_api_etl.py
[2021-03-30 00:12:30,024] {scheduler_job.py:629} INFO - Processing file /home/airflow/.local/lib/python3.6/site-packages/airflow/example_dags/tutorial_taskflow_api_etl.py for tasks to queue
[2021-03-30 00:12:30,025] {logging_mixin.py:104} INFO - [2021-03-30 00:12:30,025] {dagbag.py:448} INFO - Filling up the DagBag from /home/airflow/.local/lib/python3.6/site-packages/airflow/example_dags/tutorial_taskflow_api_etl.py
[2021-03-30 00:12:30,041] {scheduler_job.py:639} INFO - DAG(s) dict_keys(['tutorial_taskflow_api_etl']) retrieved from /home/airflow/.local/lib/python3.6/site-packages/airflow/example_dags/tutorial_taskflow_api_etl.py
[2021-03-30 00:12:30,073] {logging_mixin.py:104} INFO - [2021-03-30 00:12:30,073] {dag.py:1818} INFO - Sync 1 DAGs
[2021-03-30 00:12:30,091] {logging_mixin.py:104} INFO - [2021-03-30 00:12:30,091] {dag.py:2273} INFO - Setting next_dagrun for tutorial_taskflow_api_etl to None
[2021-03-30 00:12:30,104] {scheduler_job.py:190} INFO - Processing /home/airflow/.local/lib/python3.6/site-packages/airflow/example_dags/tutorial_taskflow_api_etl.py took 0.086 seconds
[2021-03-30 00:13:00,212] {scheduler_job.py:182} INFO - Started process (PID=3895) to work on /home/airflow/.local/lib/python3.6/site-packages/airflow/example_dags/tutorial_taskflow_api_etl.py
[2021-03-30 00:13:00,214] {scheduler_job.py:629} INFO - Processing file /home/airflow/.local/lib/python3.6/site-packages/airflow/example_dags/tutorial_taskflow_api_etl.py for tasks to queue
[2021-03-30 00:13:00,215] {logging_mixin.py:104} INFO - [2021-03-30 00:13:00,215] {dagbag.py:448} INFO - Filling up the DagBag from /home/airflow/.local/lib/python3.6/site-packages/airflow/example_dags/tutorial_taskflow_api_etl.py
[2021-03-30 00:13:00,229] {scheduler_job.py:639} INFO - DAG(s) dict_keys(['tutorial_taskflow_api_etl']) retrieved from /home/airflow/.local/lib/python3.6/site-packages/airflow/example_dags/tutorial_taskflow_api_etl.py
[2021-03-30 00:13:00,277] {logging_mixin.py:104} INFO - [2021-03-30 00:13:00,276] {dag.py:1818} INFO - Sync 1 DAGs
[2021-03-30 00:13:00,303] {logging_mixin.py:104} INFO - [2021-03-30 00:13:00,303] {dag.py:2273} INFO - Setting next_dagrun for tutorial_taskflow_api_etl to None
[2021-03-30 00:13:00,319] {scheduler_job.py:190} INFO - Processing /home/airflow/.local/lib/python3.6/site-packages/airflow/example_dags/tutorial_taskflow_api_etl.py took 0.109 seconds
[2021-03-30 00:13:30,563] {scheduler_job.py:182} INFO - Started process (PID=3922) to work on /home/airflow/.local/lib/python3.6/site-packages/airflow/example_dags/tutorial_taskflow_api_etl.py
[2021-03-30 00:13:30,564] {scheduler_job.py:629} INFO - Processing file /home/airflow/.local/lib/python3.6/site-packages/airflow/example_dags/tutorial_taskflow_api_etl.py for tasks to queue
[2021-03-30 00:13:30,565] {logging_mixin.py:104} INFO - [2021-03-30 00:13:30,565] {dagbag.py:448} INFO - Filling up the DagBag from /home/airflow/.local/lib/python3.6/site-packages/airflow/example_dags/tutorial_taskflow_api_etl.py
[2021-03-30 00:13:30,582] {scheduler_job.py:639} INFO - DAG(s) dict_keys(['tutorial_taskflow_api_etl']) retrieved from /home/airflow/.local/lib/python3.6/site-packages/airflow/example_dags/tutorial_taskflow_api_etl.py
[2021-03-30 00:13:30,610] {logging_mixin.py:104} INFO - [2021-03-30 00:13:30,610] {dag.py:1818} INFO - Sync 1 DAGs
[2021-03-30 00:13:30,631] {logging_mixin.py:104} INFO - [2021-03-30 00:13:30,631] {dag.py:2273} INFO - Setting next_dagrun for tutorial_taskflow_api_etl to None
[2021-03-30 00:13:30,646] {scheduler_job.py:190} INFO - Processing /home/airflow/.local/lib/python3.6/site-packages/airflow/example_dags/tutorial_taskflow_api_etl.py took 0.091 seconds
[2021-03-30 00:14:01,343] {scheduler_job.py:182} INFO - Started process (PID=3949) to work on /home/airflow/.local/lib/python3.6/site-packages/airflow/example_dags/tutorial_taskflow_api_etl.py
[2021-03-30 00:14:01,344] {scheduler_job.py:629} INFO - Processing file /home/airflow/.local/lib/python3.6/site-packages/airflow/example_dags/tutorial_taskflow_api_etl.py for tasks to queue
[2021-03-30 00:14:01,345] {logging_mixin.py:104} INFO - [2021-03-30 00:14:01,345] {dagbag.py:448} INFO - Filling up the DagBag from /home/airflow/.local/lib/python3.6/site-packages/airflow/example_dags/tutorial_taskflow_api_etl.py
[2021-03-30 00:14:01,359] {scheduler_job.py:639} INFO - DAG(s) dict_keys(['tutorial_taskflow_api_etl']) retrieved from /home/airflow/.local/lib/python3.6/site-packages/airflow/example_dags/tutorial_taskflow_api_etl.py
[2021-03-30 00:14:01,385] {logging_mixin.py:104} INFO - [2021-03-30 00:14:01,385] {dag.py:1818} INFO - Sync 1 DAGs
[2021-03-30 00:14:01,398] {logging_mixin.py:104} INFO - [2021-03-30 00:14:01,398] {dag.py:2273} INFO - Setting next_dagrun for tutorial_taskflow_api_etl to None
[2021-03-30 00:14:01,409] {scheduler_job.py:190} INFO - Processing /home/airflow/.local/lib/python3.6/site-packages/airflow/example_dags/tutorial_taskflow_api_etl.py took 0.070 seconds
[2021-03-30 00:14:31,521] {scheduler_job.py:182} INFO - Started process (PID=3975) to work on /home/airflow/.local/lib/python3.6/site-packages/airflow/example_dags/tutorial_taskflow_api_etl.py
[2021-03-30 00:14:31,522] {scheduler_job.py:629} INFO - Processing file /home/airflow/.local/lib/python3.6/site-packages/airflow/example_dags/tutorial_taskflow_api_etl.py for tasks to queue
[2021-03-30 00:14:31,523] {logging_mixin.py:104} INFO - [2021-03-30 00:14:31,523] {dagbag.py:448} INFO - Filling up the DagBag from /home/airflow/.local/lib/python3.6/site-packages/airflow/example_dags/tutorial_taskflow_api_etl.py
[2021-03-30 00:14:31,537] {scheduler_job.py:639} INFO - DAG(s) dict_keys(['tutorial_taskflow_api_etl']) retrieved from /home/airflow/.local/lib/python3.6/site-packages/airflow/example_dags/tutorial_taskflow_api_etl.py
[2021-03-30 00:14:31,562] {logging_mixin.py:104} INFO - [2021-03-30 00:14:31,562] {dag.py:1818} INFO - Sync 1 DAGs
[2021-03-30 00:14:31,578] {logging_mixin.py:104} INFO - [2021-03-30 00:14:31,578] {dag.py:2273} INFO - Setting next_dagrun for tutorial_taskflow_api_etl to None
[2021-03-30 00:14:31,591] {scheduler_job.py:190} INFO - Processing /home/airflow/.local/lib/python3.6/site-packages/airflow/example_dags/tutorial_taskflow_api_etl.py took 0.074 seconds
[2021-03-30 00:15:01,778] {scheduler_job.py:182} INFO - Started process (PID=4001) to work on /home/airflow/.local/lib/python3.6/site-packages/airflow/example_dags/tutorial_taskflow_api_etl.py
[2021-03-30 00:15:01,780] {scheduler_job.py:629} INFO - Processing file /home/airflow/.local/lib/python3.6/site-packages/airflow/example_dags/tutorial_taskflow_api_etl.py for tasks to queue
[2021-03-30 00:15:01,781] {logging_mixin.py:104} INFO - [2021-03-30 00:15:01,781] {dagbag.py:448} INFO - Filling up the DagBag from /home/airflow/.local/lib/python3.6/site-packages/airflow/example_dags/tutorial_taskflow_api_etl.py
[2021-03-30 00:15:01,796] {scheduler_job.py:639} INFO - DAG(s) dict_keys(['tutorial_taskflow_api_etl']) retrieved from /home/airflow/.local/lib/python3.6/site-packages/airflow/example_dags/tutorial_taskflow_api_etl.py
[2021-03-30 00:15:01,819] {logging_mixin.py:104} INFO - [2021-03-30 00:15:01,819] {dag.py:1818} INFO - Sync 1 DAGs
[2021-03-30 00:15:01,835] {logging_mixin.py:104} INFO - [2021-03-30 00:15:01,834] {dag.py:2273} INFO - Setting next_dagrun for tutorial_taskflow_api_etl to None
[2021-03-30 00:15:01,847] {scheduler_job.py:190} INFO - Processing /home/airflow/.local/lib/python3.6/site-packages/airflow/example_dags/tutorial_taskflow_api_etl.py took 0.075 seconds
[2021-03-30 00:15:32,050] {scheduler_job.py:182} INFO - Started process (PID=4027) to work on /home/airflow/.local/lib/python3.6/site-packages/airflow/example_dags/tutorial_taskflow_api_etl.py
[2021-03-30 00:15:32,052] {scheduler_job.py:629} INFO - Processing file /home/airflow/.local/lib/python3.6/site-packages/airflow/example_dags/tutorial_taskflow_api_etl.py for tasks to queue
[2021-03-30 00:15:32,053] {logging_mixin.py:104} INFO - [2021-03-30 00:15:32,053] {dagbag.py:448} INFO - Filling up the DagBag from /home/airflow/.local/lib/python3.6/site-packages/airflow/example_dags/tutorial_taskflow_api_etl.py
[2021-03-30 00:15:32,067] {scheduler_job.py:639} INFO - DAG(s) dict_keys(['tutorial_taskflow_api_etl']) retrieved from /home/airflow/.local/lib/python3.6/site-packages/airflow/example_dags/tutorial_taskflow_api_etl.py
[2021-03-30 00:15:32,088] {logging_mixin.py:104} INFO - [2021-03-30 00:15:32,087] {dag.py:1818} INFO - Sync 1 DAGs
[2021-03-30 00:15:32,101] {logging_mixin.py:104} INFO - [2021-03-30 00:15:32,101] {dag.py:2273} INFO - Setting next_dagrun for tutorial_taskflow_api_etl to None
[2021-03-30 00:15:32,111] {scheduler_job.py:190} INFO - Processing /home/airflow/.local/lib/python3.6/site-packages/airflow/example_dags/tutorial_taskflow_api_etl.py took 0.065 seconds
[2021-03-30 00:16:02,211] {scheduler_job.py:182} INFO - Started process (PID=4053) to work on /home/airflow/.local/lib/python3.6/site-packages/airflow/example_dags/tutorial_taskflow_api_etl.py
[2021-03-30 00:16:02,212] {scheduler_job.py:629} INFO - Processing file /home/airflow/.local/lib/python3.6/site-packages/airflow/example_dags/tutorial_taskflow_api_etl.py for tasks to queue
[2021-03-30 00:16:02,213] {logging_mixin.py:104} INFO - [2021-03-30 00:16:02,213] {dagbag.py:448} INFO - Filling up the DagBag from /home/airflow/.local/lib/python3.6/site-packages/airflow/example_dags/tutorial_taskflow_api_etl.py
[2021-03-30 00:16:02,226] {scheduler_job.py:639} INFO - DAG(s) dict_keys(['tutorial_taskflow_api_etl']) retrieved from /home/airflow/.local/lib/python3.6/site-packages/airflow/example_dags/tutorial_taskflow_api_etl.py
[2021-03-30 00:16:02,248] {logging_mixin.py:104} INFO - [2021-03-30 00:16:02,248] {dag.py:1818} INFO - Sync 1 DAGs
[2021-03-30 00:16:02,267] {logging_mixin.py:104} INFO - [2021-03-30 00:16:02,267] {dag.py:2273} INFO - Setting next_dagrun for tutorial_taskflow_api_etl to None
[2021-03-30 00:16:02,279] {scheduler_job.py:190} INFO - Processing /home/airflow/.local/lib/python3.6/site-packages/airflow/example_dags/tutorial_taskflow_api_etl.py took 0.072 seconds
