[2021-03-30 00:00:10,148] {scheduler_job.py:182} INFO - Started process (PID=3227) to work on /home/airflow/.local/lib/python3.6/site-packages/airflow/example_dags/tutorial.py
[2021-03-30 00:00:10,150] {scheduler_job.py:629} INFO - Processing file /home/airflow/.local/lib/python3.6/site-packages/airflow/example_dags/tutorial.py for tasks to queue
[2021-03-30 00:00:10,151] {logging_mixin.py:104} INFO - [2021-03-30 00:00:10,150] {dagbag.py:448} INFO - Filling up the DagBag from /home/airflow/.local/lib/python3.6/site-packages/airflow/example_dags/tutorial.py
[2021-03-30 00:00:10,171] {scheduler_job.py:639} INFO - DAG(s) dict_keys(['tutorial']) retrieved from /home/airflow/.local/lib/python3.6/site-packages/airflow/example_dags/tutorial.py
[2021-03-30 00:00:10,208] {logging_mixin.py:104} INFO - [2021-03-30 00:00:10,207] {dag.py:1818} INFO - Sync 1 DAGs
[2021-03-30 00:00:10,232] {logging_mixin.py:104} INFO - [2021-03-30 00:00:10,232] {dag.py:2273} INFO - Setting next_dagrun for tutorial to 2021-03-28 00:00:00+00:00
[2021-03-30 00:00:10,281] {scheduler_job.py:190} INFO - Processing /home/airflow/.local/lib/python3.6/site-packages/airflow/example_dags/tutorial.py took 0.136 seconds
[2021-03-30 00:00:40,548] {scheduler_job.py:182} INFO - Started process (PID=3253) to work on /home/airflow/.local/lib/python3.6/site-packages/airflow/example_dags/tutorial.py
[2021-03-30 00:00:40,549] {scheduler_job.py:629} INFO - Processing file /home/airflow/.local/lib/python3.6/site-packages/airflow/example_dags/tutorial.py for tasks to queue
[2021-03-30 00:00:40,550] {logging_mixin.py:104} INFO - [2021-03-30 00:00:40,550] {dagbag.py:448} INFO - Filling up the DagBag from /home/airflow/.local/lib/python3.6/site-packages/airflow/example_dags/tutorial.py
[2021-03-30 00:00:40,563] {scheduler_job.py:639} INFO - DAG(s) dict_keys(['tutorial']) retrieved from /home/airflow/.local/lib/python3.6/site-packages/airflow/example_dags/tutorial.py
[2021-03-30 00:00:40,592] {logging_mixin.py:104} INFO - [2021-03-30 00:00:40,592] {dag.py:1818} INFO - Sync 1 DAGs
[2021-03-30 00:00:40,615] {logging_mixin.py:104} INFO - [2021-03-30 00:00:40,615] {dag.py:2273} INFO - Setting next_dagrun for tutorial to 2021-03-28 00:00:00+00:00
[2021-03-30 00:00:40,645] {scheduler_job.py:190} INFO - Processing /home/airflow/.local/lib/python3.6/site-packages/airflow/example_dags/tutorial.py took 0.101 seconds
[2021-03-30 00:01:11,341] {scheduler_job.py:182} INFO - Started process (PID=3279) to work on /home/airflow/.local/lib/python3.6/site-packages/airflow/example_dags/tutorial.py
[2021-03-30 00:01:11,342] {scheduler_job.py:629} INFO - Processing file /home/airflow/.local/lib/python3.6/site-packages/airflow/example_dags/tutorial.py for tasks to queue
[2021-03-30 00:01:11,343] {logging_mixin.py:104} INFO - [2021-03-30 00:01:11,343] {dagbag.py:448} INFO - Filling up the DagBag from /home/airflow/.local/lib/python3.6/site-packages/airflow/example_dags/tutorial.py
[2021-03-30 00:01:11,353] {scheduler_job.py:639} INFO - DAG(s) dict_keys(['tutorial']) retrieved from /home/airflow/.local/lib/python3.6/site-packages/airflow/example_dags/tutorial.py
[2021-03-30 00:01:11,376] {logging_mixin.py:104} INFO - [2021-03-30 00:01:11,376] {dag.py:1818} INFO - Sync 1 DAGs
[2021-03-30 00:01:11,392] {logging_mixin.py:104} INFO - [2021-03-30 00:01:11,392] {dag.py:2273} INFO - Setting next_dagrun for tutorial to 2021-03-28 00:00:00+00:00
[2021-03-30 00:01:11,403] {scheduler_job.py:190} INFO - Processing /home/airflow/.local/lib/python3.6/site-packages/airflow/example_dags/tutorial.py took 0.066 seconds
[2021-03-30 00:01:42,184] {scheduler_job.py:182} INFO - Started process (PID=3305) to work on /home/airflow/.local/lib/python3.6/site-packages/airflow/example_dags/tutorial.py
[2021-03-30 00:01:42,186] {scheduler_job.py:629} INFO - Processing file /home/airflow/.local/lib/python3.6/site-packages/airflow/example_dags/tutorial.py for tasks to queue
[2021-03-30 00:01:42,187] {logging_mixin.py:104} INFO - [2021-03-30 00:01:42,187] {dagbag.py:448} INFO - Filling up the DagBag from /home/airflow/.local/lib/python3.6/site-packages/airflow/example_dags/tutorial.py
[2021-03-30 00:01:42,201] {scheduler_job.py:639} INFO - DAG(s) dict_keys(['tutorial']) retrieved from /home/airflow/.local/lib/python3.6/site-packages/airflow/example_dags/tutorial.py
[2021-03-30 00:01:42,227] {logging_mixin.py:104} INFO - [2021-03-30 00:01:42,227] {dag.py:1818} INFO - Sync 1 DAGs
[2021-03-30 00:01:42,255] {logging_mixin.py:104} INFO - [2021-03-30 00:01:42,255] {dag.py:2273} INFO - Setting next_dagrun for tutorial to 2021-03-28 00:00:00+00:00
[2021-03-30 00:01:42,268] {scheduler_job.py:190} INFO - Processing /home/airflow/.local/lib/python3.6/site-packages/airflow/example_dags/tutorial.py took 0.088 seconds
[2021-03-30 00:02:12,693] {scheduler_job.py:182} INFO - Started process (PID=3331) to work on /home/airflow/.local/lib/python3.6/site-packages/airflow/example_dags/tutorial.py
[2021-03-30 00:02:12,694] {scheduler_job.py:629} INFO - Processing file /home/airflow/.local/lib/python3.6/site-packages/airflow/example_dags/tutorial.py for tasks to queue
[2021-03-30 00:02:12,695] {logging_mixin.py:104} INFO - [2021-03-30 00:02:12,695] {dagbag.py:448} INFO - Filling up the DagBag from /home/airflow/.local/lib/python3.6/site-packages/airflow/example_dags/tutorial.py
[2021-03-30 00:02:12,706] {scheduler_job.py:639} INFO - DAG(s) dict_keys(['tutorial']) retrieved from /home/airflow/.local/lib/python3.6/site-packages/airflow/example_dags/tutorial.py
[2021-03-30 00:02:12,729] {logging_mixin.py:104} INFO - [2021-03-30 00:02:12,729] {dag.py:1818} INFO - Sync 1 DAGs
[2021-03-30 00:02:12,745] {logging_mixin.py:104} INFO - [2021-03-30 00:02:12,745] {dag.py:2273} INFO - Setting next_dagrun for tutorial to 2021-03-28 00:00:00+00:00
[2021-03-30 00:02:12,757] {scheduler_job.py:190} INFO - Processing /home/airflow/.local/lib/python3.6/site-packages/airflow/example_dags/tutorial.py took 0.067 seconds
[2021-03-30 00:02:43,638] {scheduler_job.py:182} INFO - Started process (PID=3357) to work on /home/airflow/.local/lib/python3.6/site-packages/airflow/example_dags/tutorial.py
[2021-03-30 00:02:43,640] {scheduler_job.py:629} INFO - Processing file /home/airflow/.local/lib/python3.6/site-packages/airflow/example_dags/tutorial.py for tasks to queue
[2021-03-30 00:02:43,640] {logging_mixin.py:104} INFO - [2021-03-30 00:02:43,640] {dagbag.py:448} INFO - Filling up the DagBag from /home/airflow/.local/lib/python3.6/site-packages/airflow/example_dags/tutorial.py
[2021-03-30 00:02:43,652] {scheduler_job.py:639} INFO - DAG(s) dict_keys(['tutorial']) retrieved from /home/airflow/.local/lib/python3.6/site-packages/airflow/example_dags/tutorial.py
[2021-03-30 00:02:43,673] {logging_mixin.py:104} INFO - [2021-03-30 00:02:43,673] {dag.py:1818} INFO - Sync 1 DAGs
[2021-03-30 00:02:43,694] {logging_mixin.py:104} INFO - [2021-03-30 00:02:43,693] {dag.py:2273} INFO - Setting next_dagrun for tutorial to 2021-03-28 00:00:00+00:00
[2021-03-30 00:02:43,705] {scheduler_job.py:190} INFO - Processing /home/airflow/.local/lib/python3.6/site-packages/airflow/example_dags/tutorial.py took 0.071 seconds
[2021-03-30 00:03:14,229] {scheduler_job.py:182} INFO - Started process (PID=3383) to work on /home/airflow/.local/lib/python3.6/site-packages/airflow/example_dags/tutorial.py
[2021-03-30 00:03:14,231] {scheduler_job.py:629} INFO - Processing file /home/airflow/.local/lib/python3.6/site-packages/airflow/example_dags/tutorial.py for tasks to queue
[2021-03-30 00:03:14,232] {logging_mixin.py:104} INFO - [2021-03-30 00:03:14,232] {dagbag.py:448} INFO - Filling up the DagBag from /home/airflow/.local/lib/python3.6/site-packages/airflow/example_dags/tutorial.py
[2021-03-30 00:03:14,241] {scheduler_job.py:639} INFO - DAG(s) dict_keys(['tutorial']) retrieved from /home/airflow/.local/lib/python3.6/site-packages/airflow/example_dags/tutorial.py
[2021-03-30 00:03:14,263] {logging_mixin.py:104} INFO - [2021-03-30 00:03:14,262] {dag.py:1818} INFO - Sync 1 DAGs
[2021-03-30 00:03:14,278] {logging_mixin.py:104} INFO - [2021-03-30 00:03:14,278] {dag.py:2273} INFO - Setting next_dagrun for tutorial to 2021-03-28 00:00:00+00:00
[2021-03-30 00:03:14,288] {scheduler_job.py:190} INFO - Processing /home/airflow/.local/lib/python3.6/site-packages/airflow/example_dags/tutorial.py took 0.062 seconds
[2021-03-30 00:03:44,423] {scheduler_job.py:182} INFO - Started process (PID=3409) to work on /home/airflow/.local/lib/python3.6/site-packages/airflow/example_dags/tutorial.py
[2021-03-30 00:03:44,424] {scheduler_job.py:629} INFO - Processing file /home/airflow/.local/lib/python3.6/site-packages/airflow/example_dags/tutorial.py for tasks to queue
[2021-03-30 00:03:44,425] {logging_mixin.py:104} INFO - [2021-03-30 00:03:44,425] {dagbag.py:448} INFO - Filling up the DagBag from /home/airflow/.local/lib/python3.6/site-packages/airflow/example_dags/tutorial.py
[2021-03-30 00:03:44,435] {scheduler_job.py:639} INFO - DAG(s) dict_keys(['tutorial']) retrieved from /home/airflow/.local/lib/python3.6/site-packages/airflow/example_dags/tutorial.py
[2021-03-30 00:03:44,456] {logging_mixin.py:104} INFO - [2021-03-30 00:03:44,456] {dag.py:1818} INFO - Sync 1 DAGs
[2021-03-30 00:03:44,472] {logging_mixin.py:104} INFO - [2021-03-30 00:03:44,471] {dag.py:2273} INFO - Setting next_dagrun for tutorial to 2021-03-28 00:00:00+00:00
[2021-03-30 00:03:44,482] {scheduler_job.py:190} INFO - Processing /home/airflow/.local/lib/python3.6/site-packages/airflow/example_dags/tutorial.py took 0.063 seconds
[2021-03-30 00:04:14,771] {scheduler_job.py:182} INFO - Started process (PID=3435) to work on /home/airflow/.local/lib/python3.6/site-packages/airflow/example_dags/tutorial.py
[2021-03-30 00:04:14,772] {scheduler_job.py:629} INFO - Processing file /home/airflow/.local/lib/python3.6/site-packages/airflow/example_dags/tutorial.py for tasks to queue
[2021-03-30 00:04:14,773] {logging_mixin.py:104} INFO - [2021-03-30 00:04:14,773] {dagbag.py:448} INFO - Filling up the DagBag from /home/airflow/.local/lib/python3.6/site-packages/airflow/example_dags/tutorial.py
[2021-03-30 00:04:14,782] {scheduler_job.py:639} INFO - DAG(s) dict_keys(['tutorial']) retrieved from /home/airflow/.local/lib/python3.6/site-packages/airflow/example_dags/tutorial.py
[2021-03-30 00:04:14,802] {logging_mixin.py:104} INFO - [2021-03-30 00:04:14,802] {dag.py:1818} INFO - Sync 1 DAGs
[2021-03-30 00:04:14,817] {logging_mixin.py:104} INFO - [2021-03-30 00:04:14,817] {dag.py:2273} INFO - Setting next_dagrun for tutorial to 2021-03-28 00:00:00+00:00
[2021-03-30 00:04:14,828] {scheduler_job.py:190} INFO - Processing /home/airflow/.local/lib/python3.6/site-packages/airflow/example_dags/tutorial.py took 0.060 seconds
[2021-03-30 00:04:44,934] {scheduler_job.py:182} INFO - Started process (PID=3461) to work on /home/airflow/.local/lib/python3.6/site-packages/airflow/example_dags/tutorial.py
[2021-03-30 00:04:44,935] {scheduler_job.py:629} INFO - Processing file /home/airflow/.local/lib/python3.6/site-packages/airflow/example_dags/tutorial.py for tasks to queue
[2021-03-30 00:04:44,936] {logging_mixin.py:104} INFO - [2021-03-30 00:04:44,936] {dagbag.py:448} INFO - Filling up the DagBag from /home/airflow/.local/lib/python3.6/site-packages/airflow/example_dags/tutorial.py
[2021-03-30 00:04:44,946] {scheduler_job.py:639} INFO - DAG(s) dict_keys(['tutorial']) retrieved from /home/airflow/.local/lib/python3.6/site-packages/airflow/example_dags/tutorial.py
[2021-03-30 00:04:44,968] {logging_mixin.py:104} INFO - [2021-03-30 00:04:44,968] {dag.py:1818} INFO - Sync 1 DAGs
[2021-03-30 00:04:44,983] {logging_mixin.py:104} INFO - [2021-03-30 00:04:44,983] {dag.py:2273} INFO - Setting next_dagrun for tutorial to 2021-03-28 00:00:00+00:00
[2021-03-30 00:04:44,994] {scheduler_job.py:190} INFO - Processing /home/airflow/.local/lib/python3.6/site-packages/airflow/example_dags/tutorial.py took 0.063 seconds
[2021-03-30 00:05:15,089] {scheduler_job.py:182} INFO - Started process (PID=3487) to work on /home/airflow/.local/lib/python3.6/site-packages/airflow/example_dags/tutorial.py
[2021-03-30 00:05:15,090] {scheduler_job.py:629} INFO - Processing file /home/airflow/.local/lib/python3.6/site-packages/airflow/example_dags/tutorial.py for tasks to queue
[2021-03-30 00:05:15,091] {logging_mixin.py:104} INFO - [2021-03-30 00:05:15,091] {dagbag.py:448} INFO - Filling up the DagBag from /home/airflow/.local/lib/python3.6/site-packages/airflow/example_dags/tutorial.py
[2021-03-30 00:05:15,101] {scheduler_job.py:639} INFO - DAG(s) dict_keys(['tutorial']) retrieved from /home/airflow/.local/lib/python3.6/site-packages/airflow/example_dags/tutorial.py
[2021-03-30 00:05:15,123] {logging_mixin.py:104} INFO - [2021-03-30 00:05:15,123] {dag.py:1818} INFO - Sync 1 DAGs
[2021-03-30 00:05:15,141] {logging_mixin.py:104} INFO - [2021-03-30 00:05:15,141] {dag.py:2273} INFO - Setting next_dagrun for tutorial to 2021-03-28 00:00:00+00:00
[2021-03-30 00:05:15,152] {scheduler_job.py:190} INFO - Processing /home/airflow/.local/lib/python3.6/site-packages/airflow/example_dags/tutorial.py took 0.067 seconds
[2021-03-30 00:05:45,862] {scheduler_job.py:182} INFO - Started process (PID=3514) to work on /home/airflow/.local/lib/python3.6/site-packages/airflow/example_dags/tutorial.py
[2021-03-30 00:05:45,864] {scheduler_job.py:629} INFO - Processing file /home/airflow/.local/lib/python3.6/site-packages/airflow/example_dags/tutorial.py for tasks to queue
[2021-03-30 00:05:45,865] {logging_mixin.py:104} INFO - [2021-03-30 00:05:45,865] {dagbag.py:448} INFO - Filling up the DagBag from /home/airflow/.local/lib/python3.6/site-packages/airflow/example_dags/tutorial.py
[2021-03-30 00:05:45,875] {scheduler_job.py:639} INFO - DAG(s) dict_keys(['tutorial']) retrieved from /home/airflow/.local/lib/python3.6/site-packages/airflow/example_dags/tutorial.py
[2021-03-30 00:05:45,896] {logging_mixin.py:104} INFO - [2021-03-30 00:05:45,896] {dag.py:1818} INFO - Sync 1 DAGs
[2021-03-30 00:05:45,912] {logging_mixin.py:104} INFO - [2021-03-30 00:05:45,912] {dag.py:2273} INFO - Setting next_dagrun for tutorial to 2021-03-28 00:00:00+00:00
[2021-03-30 00:05:45,922] {scheduler_job.py:190} INFO - Processing /home/airflow/.local/lib/python3.6/site-packages/airflow/example_dags/tutorial.py took 0.063 seconds
[2021-03-30 00:06:16,105] {scheduler_job.py:182} INFO - Started process (PID=3540) to work on /home/airflow/.local/lib/python3.6/site-packages/airflow/example_dags/tutorial.py
[2021-03-30 00:06:16,106] {scheduler_job.py:629} INFO - Processing file /home/airflow/.local/lib/python3.6/site-packages/airflow/example_dags/tutorial.py for tasks to queue
[2021-03-30 00:06:16,107] {logging_mixin.py:104} INFO - [2021-03-30 00:06:16,107] {dagbag.py:448} INFO - Filling up the DagBag from /home/airflow/.local/lib/python3.6/site-packages/airflow/example_dags/tutorial.py
[2021-03-30 00:06:16,117] {scheduler_job.py:639} INFO - DAG(s) dict_keys(['tutorial']) retrieved from /home/airflow/.local/lib/python3.6/site-packages/airflow/example_dags/tutorial.py
[2021-03-30 00:06:16,138] {logging_mixin.py:104} INFO - [2021-03-30 00:06:16,138] {dag.py:1818} INFO - Sync 1 DAGs
[2021-03-30 00:06:16,153] {logging_mixin.py:104} INFO - [2021-03-30 00:06:16,153] {dag.py:2273} INFO - Setting next_dagrun for tutorial to 2021-03-28 00:00:00+00:00
[2021-03-30 00:06:16,163] {scheduler_job.py:190} INFO - Processing /home/airflow/.local/lib/python3.6/site-packages/airflow/example_dags/tutorial.py took 0.061 seconds
[2021-03-30 00:06:46,310] {scheduler_job.py:182} INFO - Started process (PID=3566) to work on /home/airflow/.local/lib/python3.6/site-packages/airflow/example_dags/tutorial.py
[2021-03-30 00:06:46,311] {scheduler_job.py:629} INFO - Processing file /home/airflow/.local/lib/python3.6/site-packages/airflow/example_dags/tutorial.py for tasks to queue
[2021-03-30 00:06:46,312] {logging_mixin.py:104} INFO - [2021-03-30 00:06:46,312] {dagbag.py:448} INFO - Filling up the DagBag from /home/airflow/.local/lib/python3.6/site-packages/airflow/example_dags/tutorial.py
[2021-03-30 00:06:46,322] {scheduler_job.py:639} INFO - DAG(s) dict_keys(['tutorial']) retrieved from /home/airflow/.local/lib/python3.6/site-packages/airflow/example_dags/tutorial.py
[2021-03-30 00:06:46,343] {logging_mixin.py:104} INFO - [2021-03-30 00:06:46,343] {dag.py:1818} INFO - Sync 1 DAGs
[2021-03-30 00:06:46,358] {logging_mixin.py:104} INFO - [2021-03-30 00:06:46,358] {dag.py:2273} INFO - Setting next_dagrun for tutorial to 2021-03-28 00:00:00+00:00
[2021-03-30 00:06:46,368] {scheduler_job.py:190} INFO - Processing /home/airflow/.local/lib/python3.6/site-packages/airflow/example_dags/tutorial.py took 0.061 seconds
[2021-03-30 00:07:16,693] {scheduler_job.py:182} INFO - Started process (PID=3591) to work on /home/airflow/.local/lib/python3.6/site-packages/airflow/example_dags/tutorial.py
[2021-03-30 00:07:16,695] {scheduler_job.py:629} INFO - Processing file /home/airflow/.local/lib/python3.6/site-packages/airflow/example_dags/tutorial.py for tasks to queue
[2021-03-30 00:07:16,695] {logging_mixin.py:104} INFO - [2021-03-30 00:07:16,695] {dagbag.py:448} INFO - Filling up the DagBag from /home/airflow/.local/lib/python3.6/site-packages/airflow/example_dags/tutorial.py
[2021-03-30 00:07:16,705] {scheduler_job.py:639} INFO - DAG(s) dict_keys(['tutorial']) retrieved from /home/airflow/.local/lib/python3.6/site-packages/airflow/example_dags/tutorial.py
[2021-03-30 00:07:16,727] {logging_mixin.py:104} INFO - [2021-03-30 00:07:16,727] {dag.py:1818} INFO - Sync 1 DAGs
[2021-03-30 00:07:16,745] {logging_mixin.py:104} INFO - [2021-03-30 00:07:16,745] {dag.py:2273} INFO - Setting next_dagrun for tutorial to 2021-03-28 00:00:00+00:00
[2021-03-30 00:07:16,756] {scheduler_job.py:190} INFO - Processing /home/airflow/.local/lib/python3.6/site-packages/airflow/example_dags/tutorial.py took 0.065 seconds
[2021-03-30 00:07:47,205] {scheduler_job.py:182} INFO - Started process (PID=3617) to work on /home/airflow/.local/lib/python3.6/site-packages/airflow/example_dags/tutorial.py
[2021-03-30 00:07:47,207] {scheduler_job.py:629} INFO - Processing file /home/airflow/.local/lib/python3.6/site-packages/airflow/example_dags/tutorial.py for tasks to queue
[2021-03-30 00:07:47,207] {logging_mixin.py:104} INFO - [2021-03-30 00:07:47,207] {dagbag.py:448} INFO - Filling up the DagBag from /home/airflow/.local/lib/python3.6/site-packages/airflow/example_dags/tutorial.py
[2021-03-30 00:07:47,218] {scheduler_job.py:639} INFO - DAG(s) dict_keys(['tutorial']) retrieved from /home/airflow/.local/lib/python3.6/site-packages/airflow/example_dags/tutorial.py
[2021-03-30 00:07:47,240] {logging_mixin.py:104} INFO - [2021-03-30 00:07:47,240] {dag.py:1818} INFO - Sync 1 DAGs
[2021-03-30 00:07:47,256] {logging_mixin.py:104} INFO - [2021-03-30 00:07:47,256] {dag.py:2273} INFO - Setting next_dagrun for tutorial to 2021-03-28 00:00:00+00:00
[2021-03-30 00:07:47,266] {scheduler_job.py:190} INFO - Processing /home/airflow/.local/lib/python3.6/site-packages/airflow/example_dags/tutorial.py took 0.064 seconds
[2021-03-30 00:08:17,418] {scheduler_job.py:182} INFO - Started process (PID=3643) to work on /home/airflow/.local/lib/python3.6/site-packages/airflow/example_dags/tutorial.py
[2021-03-30 00:08:17,419] {scheduler_job.py:629} INFO - Processing file /home/airflow/.local/lib/python3.6/site-packages/airflow/example_dags/tutorial.py for tasks to queue
[2021-03-30 00:08:17,420] {logging_mixin.py:104} INFO - [2021-03-30 00:08:17,420] {dagbag.py:448} INFO - Filling up the DagBag from /home/airflow/.local/lib/python3.6/site-packages/airflow/example_dags/tutorial.py
[2021-03-30 00:08:17,429] {scheduler_job.py:639} INFO - DAG(s) dict_keys(['tutorial']) retrieved from /home/airflow/.local/lib/python3.6/site-packages/airflow/example_dags/tutorial.py
[2021-03-30 00:08:17,448] {logging_mixin.py:104} INFO - [2021-03-30 00:08:17,448] {dag.py:1818} INFO - Sync 1 DAGs
[2021-03-30 00:08:17,463] {logging_mixin.py:104} INFO - [2021-03-30 00:08:17,462] {dag.py:2273} INFO - Setting next_dagrun for tutorial to 2021-03-28 00:00:00+00:00
[2021-03-30 00:08:17,473] {scheduler_job.py:190} INFO - Processing /home/airflow/.local/lib/python3.6/site-packages/airflow/example_dags/tutorial.py took 0.058 seconds
[2021-03-30 00:08:47,577] {scheduler_job.py:182} INFO - Started process (PID=3669) to work on /home/airflow/.local/lib/python3.6/site-packages/airflow/example_dags/tutorial.py
[2021-03-30 00:08:47,579] {scheduler_job.py:629} INFO - Processing file /home/airflow/.local/lib/python3.6/site-packages/airflow/example_dags/tutorial.py for tasks to queue
[2021-03-30 00:08:47,580] {logging_mixin.py:104} INFO - [2021-03-30 00:08:47,579] {dagbag.py:448} INFO - Filling up the DagBag from /home/airflow/.local/lib/python3.6/site-packages/airflow/example_dags/tutorial.py
[2021-03-30 00:08:47,591] {scheduler_job.py:639} INFO - DAG(s) dict_keys(['tutorial']) retrieved from /home/airflow/.local/lib/python3.6/site-packages/airflow/example_dags/tutorial.py
[2021-03-30 00:08:47,612] {logging_mixin.py:104} INFO - [2021-03-30 00:08:47,612] {dag.py:1818} INFO - Sync 1 DAGs
[2021-03-30 00:08:47,628] {logging_mixin.py:104} INFO - [2021-03-30 00:08:47,628] {dag.py:2273} INFO - Setting next_dagrun for tutorial to 2021-03-28 00:00:00+00:00
[2021-03-30 00:08:47,641] {scheduler_job.py:190} INFO - Processing /home/airflow/.local/lib/python3.6/site-packages/airflow/example_dags/tutorial.py took 0.068 seconds
[2021-03-30 00:09:17,905] {scheduler_job.py:182} INFO - Started process (PID=3695) to work on /home/airflow/.local/lib/python3.6/site-packages/airflow/example_dags/tutorial.py
[2021-03-30 00:09:17,907] {scheduler_job.py:629} INFO - Processing file /home/airflow/.local/lib/python3.6/site-packages/airflow/example_dags/tutorial.py for tasks to queue
[2021-03-30 00:09:17,908] {logging_mixin.py:104} INFO - [2021-03-30 00:09:17,907] {dagbag.py:448} INFO - Filling up the DagBag from /home/airflow/.local/lib/python3.6/site-packages/airflow/example_dags/tutorial.py
[2021-03-30 00:09:17,916] {scheduler_job.py:639} INFO - DAG(s) dict_keys(['tutorial']) retrieved from /home/airflow/.local/lib/python3.6/site-packages/airflow/example_dags/tutorial.py
[2021-03-30 00:09:17,939] {logging_mixin.py:104} INFO - [2021-03-30 00:09:17,939] {dag.py:1818} INFO - Sync 1 DAGs
[2021-03-30 00:09:17,955] {logging_mixin.py:104} INFO - [2021-03-30 00:09:17,954] {dag.py:2273} INFO - Setting next_dagrun for tutorial to 2021-03-28 00:00:00+00:00
[2021-03-30 00:09:17,965] {scheduler_job.py:190} INFO - Processing /home/airflow/.local/lib/python3.6/site-packages/airflow/example_dags/tutorial.py took 0.063 seconds
[2021-03-30 00:09:48,149] {scheduler_job.py:182} INFO - Started process (PID=3722) to work on /home/airflow/.local/lib/python3.6/site-packages/airflow/example_dags/tutorial.py
[2021-03-30 00:09:48,150] {scheduler_job.py:629} INFO - Processing file /home/airflow/.local/lib/python3.6/site-packages/airflow/example_dags/tutorial.py for tasks to queue
[2021-03-30 00:09:48,151] {logging_mixin.py:104} INFO - [2021-03-30 00:09:48,151] {dagbag.py:448} INFO - Filling up the DagBag from /home/airflow/.local/lib/python3.6/site-packages/airflow/example_dags/tutorial.py
[2021-03-30 00:09:48,160] {scheduler_job.py:639} INFO - DAG(s) dict_keys(['tutorial']) retrieved from /home/airflow/.local/lib/python3.6/site-packages/airflow/example_dags/tutorial.py
[2021-03-30 00:09:48,180] {logging_mixin.py:104} INFO - [2021-03-30 00:09:48,180] {dag.py:1818} INFO - Sync 1 DAGs
[2021-03-30 00:09:48,197] {logging_mixin.py:104} INFO - [2021-03-30 00:09:48,197] {dag.py:2273} INFO - Setting next_dagrun for tutorial to 2021-03-28 00:00:00+00:00
[2021-03-30 00:09:48,206] {scheduler_job.py:190} INFO - Processing /home/airflow/.local/lib/python3.6/site-packages/airflow/example_dags/tutorial.py took 0.060 seconds
[2021-03-30 00:10:18,344] {scheduler_job.py:182} INFO - Started process (PID=3748) to work on /home/airflow/.local/lib/python3.6/site-packages/airflow/example_dags/tutorial.py
[2021-03-30 00:10:18,346] {scheduler_job.py:629} INFO - Processing file /home/airflow/.local/lib/python3.6/site-packages/airflow/example_dags/tutorial.py for tasks to queue
[2021-03-30 00:10:18,348] {logging_mixin.py:104} INFO - [2021-03-30 00:10:18,347] {dagbag.py:448} INFO - Filling up the DagBag from /home/airflow/.local/lib/python3.6/site-packages/airflow/example_dags/tutorial.py
[2021-03-30 00:10:18,358] {scheduler_job.py:639} INFO - DAG(s) dict_keys(['tutorial']) retrieved from /home/airflow/.local/lib/python3.6/site-packages/airflow/example_dags/tutorial.py
[2021-03-30 00:10:18,387] {logging_mixin.py:104} INFO - [2021-03-30 00:10:18,387] {dag.py:1818} INFO - Sync 1 DAGs
[2021-03-30 00:10:18,403] {logging_mixin.py:104} INFO - [2021-03-30 00:10:18,403] {dag.py:2273} INFO - Setting next_dagrun for tutorial to 2021-03-28 00:00:00+00:00
[2021-03-30 00:10:18,415] {scheduler_job.py:190} INFO - Processing /home/airflow/.local/lib/python3.6/site-packages/airflow/example_dags/tutorial.py took 0.075 seconds
[2021-03-30 00:10:48,526] {scheduler_job.py:182} INFO - Started process (PID=3774) to work on /home/airflow/.local/lib/python3.6/site-packages/airflow/example_dags/tutorial.py
[2021-03-30 00:10:48,527] {scheduler_job.py:629} INFO - Processing file /home/airflow/.local/lib/python3.6/site-packages/airflow/example_dags/tutorial.py for tasks to queue
[2021-03-30 00:10:48,528] {logging_mixin.py:104} INFO - [2021-03-30 00:10:48,528] {dagbag.py:448} INFO - Filling up the DagBag from /home/airflow/.local/lib/python3.6/site-packages/airflow/example_dags/tutorial.py
[2021-03-30 00:10:48,538] {scheduler_job.py:639} INFO - DAG(s) dict_keys(['tutorial']) retrieved from /home/airflow/.local/lib/python3.6/site-packages/airflow/example_dags/tutorial.py
[2021-03-30 00:10:48,558] {logging_mixin.py:104} INFO - [2021-03-30 00:10:48,558] {dag.py:1818} INFO - Sync 1 DAGs
[2021-03-30 00:10:48,574] {logging_mixin.py:104} INFO - [2021-03-30 00:10:48,574] {dag.py:2273} INFO - Setting next_dagrun for tutorial to 2021-03-28 00:00:00+00:00
[2021-03-30 00:10:48,584] {scheduler_job.py:190} INFO - Processing /home/airflow/.local/lib/python3.6/site-packages/airflow/example_dags/tutorial.py took 0.062 seconds
[2021-03-30 00:11:18,831] {scheduler_job.py:182} INFO - Started process (PID=3799) to work on /home/airflow/.local/lib/python3.6/site-packages/airflow/example_dags/tutorial.py
[2021-03-30 00:11:18,832] {scheduler_job.py:629} INFO - Processing file /home/airflow/.local/lib/python3.6/site-packages/airflow/example_dags/tutorial.py for tasks to queue
[2021-03-30 00:11:18,833] {logging_mixin.py:104} INFO - [2021-03-30 00:11:18,833] {dagbag.py:448} INFO - Filling up the DagBag from /home/airflow/.local/lib/python3.6/site-packages/airflow/example_dags/tutorial.py
[2021-03-30 00:11:18,843] {scheduler_job.py:639} INFO - DAG(s) dict_keys(['tutorial']) retrieved from /home/airflow/.local/lib/python3.6/site-packages/airflow/example_dags/tutorial.py
[2021-03-30 00:11:18,864] {logging_mixin.py:104} INFO - [2021-03-30 00:11:18,864] {dag.py:1818} INFO - Sync 1 DAGs
[2021-03-30 00:11:18,879] {logging_mixin.py:104} INFO - [2021-03-30 00:11:18,879] {dag.py:2273} INFO - Setting next_dagrun for tutorial to 2021-03-28 00:00:00+00:00
[2021-03-30 00:11:18,889] {scheduler_job.py:190} INFO - Processing /home/airflow/.local/lib/python3.6/site-packages/airflow/example_dags/tutorial.py took 0.061 seconds
[2021-03-30 00:11:49,051] {scheduler_job.py:182} INFO - Started process (PID=3825) to work on /home/airflow/.local/lib/python3.6/site-packages/airflow/example_dags/tutorial.py
[2021-03-30 00:11:49,052] {scheduler_job.py:629} INFO - Processing file /home/airflow/.local/lib/python3.6/site-packages/airflow/example_dags/tutorial.py for tasks to queue
[2021-03-30 00:11:49,053] {logging_mixin.py:104} INFO - [2021-03-30 00:11:49,053] {dagbag.py:448} INFO - Filling up the DagBag from /home/airflow/.local/lib/python3.6/site-packages/airflow/example_dags/tutorial.py
[2021-03-30 00:11:49,063] {scheduler_job.py:639} INFO - DAG(s) dict_keys(['tutorial']) retrieved from /home/airflow/.local/lib/python3.6/site-packages/airflow/example_dags/tutorial.py
[2021-03-30 00:11:49,084] {logging_mixin.py:104} INFO - [2021-03-30 00:11:49,084] {dag.py:1818} INFO - Sync 1 DAGs
[2021-03-30 00:11:49,100] {logging_mixin.py:104} INFO - [2021-03-30 00:11:49,100] {dag.py:2273} INFO - Setting next_dagrun for tutorial to 2021-03-28 00:00:00+00:00
[2021-03-30 00:11:49,110] {scheduler_job.py:190} INFO - Processing /home/airflow/.local/lib/python3.6/site-packages/airflow/example_dags/tutorial.py took 0.063 seconds
[2021-03-30 00:12:19,301] {scheduler_job.py:182} INFO - Started process (PID=3851) to work on /home/airflow/.local/lib/python3.6/site-packages/airflow/example_dags/tutorial.py
[2021-03-30 00:12:19,302] {scheduler_job.py:629} INFO - Processing file /home/airflow/.local/lib/python3.6/site-packages/airflow/example_dags/tutorial.py for tasks to queue
[2021-03-30 00:12:19,303] {logging_mixin.py:104} INFO - [2021-03-30 00:12:19,303] {dagbag.py:448} INFO - Filling up the DagBag from /home/airflow/.local/lib/python3.6/site-packages/airflow/example_dags/tutorial.py
[2021-03-30 00:12:19,312] {scheduler_job.py:639} INFO - DAG(s) dict_keys(['tutorial']) retrieved from /home/airflow/.local/lib/python3.6/site-packages/airflow/example_dags/tutorial.py
[2021-03-30 00:12:19,332] {logging_mixin.py:104} INFO - [2021-03-30 00:12:19,331] {dag.py:1818} INFO - Sync 1 DAGs
[2021-03-30 00:12:19,346] {logging_mixin.py:104} INFO - [2021-03-30 00:12:19,345] {dag.py:2273} INFO - Setting next_dagrun for tutorial to 2021-03-28 00:00:00+00:00
[2021-03-30 00:12:19,355] {scheduler_job.py:190} INFO - Processing /home/airflow/.local/lib/python3.6/site-packages/airflow/example_dags/tutorial.py took 0.057 seconds
[2021-03-30 00:12:49,517] {scheduler_job.py:182} INFO - Started process (PID=3877) to work on /home/airflow/.local/lib/python3.6/site-packages/airflow/example_dags/tutorial.py
[2021-03-30 00:12:49,518] {scheduler_job.py:629} INFO - Processing file /home/airflow/.local/lib/python3.6/site-packages/airflow/example_dags/tutorial.py for tasks to queue
[2021-03-30 00:12:49,519] {logging_mixin.py:104} INFO - [2021-03-30 00:12:49,519] {dagbag.py:448} INFO - Filling up the DagBag from /home/airflow/.local/lib/python3.6/site-packages/airflow/example_dags/tutorial.py
[2021-03-30 00:12:49,528] {scheduler_job.py:639} INFO - DAG(s) dict_keys(['tutorial']) retrieved from /home/airflow/.local/lib/python3.6/site-packages/airflow/example_dags/tutorial.py
[2021-03-30 00:12:49,551] {logging_mixin.py:104} INFO - [2021-03-30 00:12:49,551] {dag.py:1818} INFO - Sync 1 DAGs
[2021-03-30 00:12:49,566] {logging_mixin.py:104} INFO - [2021-03-30 00:12:49,566] {dag.py:2273} INFO - Setting next_dagrun for tutorial to 2021-03-28 00:00:00+00:00
[2021-03-30 00:12:49,583] {scheduler_job.py:190} INFO - Processing /home/airflow/.local/lib/python3.6/site-packages/airflow/example_dags/tutorial.py took 0.070 seconds
[2021-03-30 00:13:19,721] {scheduler_job.py:182} INFO - Started process (PID=3903) to work on /home/airflow/.local/lib/python3.6/site-packages/airflow/example_dags/tutorial.py
[2021-03-30 00:13:19,722] {scheduler_job.py:629} INFO - Processing file /home/airflow/.local/lib/python3.6/site-packages/airflow/example_dags/tutorial.py for tasks to queue
[2021-03-30 00:13:19,723] {logging_mixin.py:104} INFO - [2021-03-30 00:13:19,723] {dagbag.py:448} INFO - Filling up the DagBag from /home/airflow/.local/lib/python3.6/site-packages/airflow/example_dags/tutorial.py
[2021-03-30 00:13:19,732] {scheduler_job.py:639} INFO - DAG(s) dict_keys(['tutorial']) retrieved from /home/airflow/.local/lib/python3.6/site-packages/airflow/example_dags/tutorial.py
[2021-03-30 00:13:19,752] {logging_mixin.py:104} INFO - [2021-03-30 00:13:19,752] {dag.py:1818} INFO - Sync 1 DAGs
[2021-03-30 00:13:19,767] {logging_mixin.py:104} INFO - [2021-03-30 00:13:19,767] {dag.py:2273} INFO - Setting next_dagrun for tutorial to 2021-03-28 00:00:00+00:00
[2021-03-30 00:13:19,780] {scheduler_job.py:190} INFO - Processing /home/airflow/.local/lib/python3.6/site-packages/airflow/example_dags/tutorial.py took 0.062 seconds
[2021-03-30 00:13:50,012] {scheduler_job.py:182} INFO - Started process (PID=3929) to work on /home/airflow/.local/lib/python3.6/site-packages/airflow/example_dags/tutorial.py
[2021-03-30 00:13:50,013] {scheduler_job.py:629} INFO - Processing file /home/airflow/.local/lib/python3.6/site-packages/airflow/example_dags/tutorial.py for tasks to queue
[2021-03-30 00:13:50,014] {logging_mixin.py:104} INFO - [2021-03-30 00:13:50,014] {dagbag.py:448} INFO - Filling up the DagBag from /home/airflow/.local/lib/python3.6/site-packages/airflow/example_dags/tutorial.py
[2021-03-30 00:13:50,022] {scheduler_job.py:639} INFO - DAG(s) dict_keys(['tutorial']) retrieved from /home/airflow/.local/lib/python3.6/site-packages/airflow/example_dags/tutorial.py
[2021-03-30 00:13:50,043] {logging_mixin.py:104} INFO - [2021-03-30 00:13:50,043] {dag.py:1818} INFO - Sync 1 DAGs
[2021-03-30 00:13:50,059] {logging_mixin.py:104} INFO - [2021-03-30 00:13:50,059] {dag.py:2273} INFO - Setting next_dagrun for tutorial to 2021-03-28 00:00:00+00:00
[2021-03-30 00:13:50,073] {scheduler_job.py:190} INFO - Processing /home/airflow/.local/lib/python3.6/site-packages/airflow/example_dags/tutorial.py took 0.065 seconds
[2021-03-30 00:14:20,666] {scheduler_job.py:182} INFO - Started process (PID=3955) to work on /home/airflow/.local/lib/python3.6/site-packages/airflow/example_dags/tutorial.py
[2021-03-30 00:14:20,667] {scheduler_job.py:629} INFO - Processing file /home/airflow/.local/lib/python3.6/site-packages/airflow/example_dags/tutorial.py for tasks to queue
[2021-03-30 00:14:20,668] {logging_mixin.py:104} INFO - [2021-03-30 00:14:20,668] {dagbag.py:448} INFO - Filling up the DagBag from /home/airflow/.local/lib/python3.6/site-packages/airflow/example_dags/tutorial.py
[2021-03-30 00:14:20,678] {scheduler_job.py:639} INFO - DAG(s) dict_keys(['tutorial']) retrieved from /home/airflow/.local/lib/python3.6/site-packages/airflow/example_dags/tutorial.py
[2021-03-30 00:14:20,697] {logging_mixin.py:104} INFO - [2021-03-30 00:14:20,697] {dag.py:1818} INFO - Sync 1 DAGs
[2021-03-30 00:14:20,711] {logging_mixin.py:104} INFO - [2021-03-30 00:14:20,711] {dag.py:2273} INFO - Setting next_dagrun for tutorial to 2021-03-28 00:00:00+00:00
[2021-03-30 00:14:20,721] {scheduler_job.py:190} INFO - Processing /home/airflow/.local/lib/python3.6/site-packages/airflow/example_dags/tutorial.py took 0.059 seconds
[2021-03-30 00:14:50,871] {scheduler_job.py:182} INFO - Started process (PID=3981) to work on /home/airflow/.local/lib/python3.6/site-packages/airflow/example_dags/tutorial.py
[2021-03-30 00:14:50,872] {scheduler_job.py:629} INFO - Processing file /home/airflow/.local/lib/python3.6/site-packages/airflow/example_dags/tutorial.py for tasks to queue
[2021-03-30 00:14:50,873] {logging_mixin.py:104} INFO - [2021-03-30 00:14:50,873] {dagbag.py:448} INFO - Filling up the DagBag from /home/airflow/.local/lib/python3.6/site-packages/airflow/example_dags/tutorial.py
[2021-03-30 00:14:50,882] {scheduler_job.py:639} INFO - DAG(s) dict_keys(['tutorial']) retrieved from /home/airflow/.local/lib/python3.6/site-packages/airflow/example_dags/tutorial.py
[2021-03-30 00:14:50,902] {logging_mixin.py:104} INFO - [2021-03-30 00:14:50,902] {dag.py:1818} INFO - Sync 1 DAGs
[2021-03-30 00:14:50,916] {logging_mixin.py:104} INFO - [2021-03-30 00:14:50,916] {dag.py:2273} INFO - Setting next_dagrun for tutorial to 2021-03-28 00:00:00+00:00
[2021-03-30 00:14:50,926] {scheduler_job.py:190} INFO - Processing /home/airflow/.local/lib/python3.6/site-packages/airflow/example_dags/tutorial.py took 0.057 seconds
[2021-03-30 00:15:21,265] {scheduler_job.py:182} INFO - Started process (PID=4007) to work on /home/airflow/.local/lib/python3.6/site-packages/airflow/example_dags/tutorial.py
[2021-03-30 00:15:21,267] {scheduler_job.py:629} INFO - Processing file /home/airflow/.local/lib/python3.6/site-packages/airflow/example_dags/tutorial.py for tasks to queue
[2021-03-30 00:15:21,268] {logging_mixin.py:104} INFO - [2021-03-30 00:15:21,268] {dagbag.py:448} INFO - Filling up the DagBag from /home/airflow/.local/lib/python3.6/site-packages/airflow/example_dags/tutorial.py
[2021-03-30 00:15:21,276] {scheduler_job.py:639} INFO - DAG(s) dict_keys(['tutorial']) retrieved from /home/airflow/.local/lib/python3.6/site-packages/airflow/example_dags/tutorial.py
[2021-03-30 00:15:21,294] {logging_mixin.py:104} INFO - [2021-03-30 00:15:21,294] {dag.py:1818} INFO - Sync 1 DAGs
[2021-03-30 00:15:21,307] {logging_mixin.py:104} INFO - [2021-03-30 00:15:21,307] {dag.py:2273} INFO - Setting next_dagrun for tutorial to 2021-03-28 00:00:00+00:00
[2021-03-30 00:15:21,317] {scheduler_job.py:190} INFO - Processing /home/airflow/.local/lib/python3.6/site-packages/airflow/example_dags/tutorial.py took 0.054 seconds
[2021-03-30 00:15:51,372] {scheduler_job.py:182} INFO - Started process (PID=4033) to work on /home/airflow/.local/lib/python3.6/site-packages/airflow/example_dags/tutorial.py
[2021-03-30 00:15:51,373] {scheduler_job.py:629} INFO - Processing file /home/airflow/.local/lib/python3.6/site-packages/airflow/example_dags/tutorial.py for tasks to queue
[2021-03-30 00:15:51,374] {logging_mixin.py:104} INFO - [2021-03-30 00:15:51,374] {dagbag.py:448} INFO - Filling up the DagBag from /home/airflow/.local/lib/python3.6/site-packages/airflow/example_dags/tutorial.py
[2021-03-30 00:15:51,384] {scheduler_job.py:639} INFO - DAG(s) dict_keys(['tutorial']) retrieved from /home/airflow/.local/lib/python3.6/site-packages/airflow/example_dags/tutorial.py
[2021-03-30 00:15:51,404] {logging_mixin.py:104} INFO - [2021-03-30 00:15:51,404] {dag.py:1818} INFO - Sync 1 DAGs
[2021-03-30 00:15:51,419] {logging_mixin.py:104} INFO - [2021-03-30 00:15:51,419] {dag.py:2273} INFO - Setting next_dagrun for tutorial to 2021-03-28 00:00:00+00:00
[2021-03-30 00:15:51,430] {scheduler_job.py:190} INFO - Processing /home/airflow/.local/lib/python3.6/site-packages/airflow/example_dags/tutorial.py took 0.061 seconds
